[2023-06-26 10:28:05] BrandAction.INFO: ======= Start Brand Action (VIEW)================  
[2023-06-26 10:28:05] BrandAction.INFO: method : POST  
[2023-06-26 10:28:05] BrandAction.INFO: contentType : application/json  
[2023-06-26 10:28:05] BrandAction.INFO: Input Data : {"decoded":{"sub":"1","id":"1","userName":"super admin","userGroup":"1","email":"superadmin@msense.in","hotelId":"4","brandId":"7","iat":1687754417,"exp":1687840817}}  
[2023-06-26 10:28:05] BrandModel.INFO: Query : call SP_AddandEditBrand('VIEW','','',0,0)  
[2023-06-26 10:28:05] BrandAction.INFO: ======= END Brand Action (VIEW)================  
[2023-06-26 10:28:17] BrandAction.INFO: ======= Start Brand Action (VIEW)================  
[2023-06-26 10:28:17] BrandAction.INFO: method : POST  
[2023-06-26 10:28:17] BrandAction.INFO: contentType : application/json  
[2023-06-26 10:28:17] BrandAction.INFO: Input Data : {"decoded":{"sub":"1","id":"1","userName":"super admin","userGroup":"1","email":"superadmin@msense.in","hotelId":"4","brandId":"7","iat":1687754417,"exp":1687840817}}  
[2023-06-26 10:28:17] BrandModel.INFO: Query : call SP_AddandEditBrand('VIEW','','',0,0)  
[2023-06-26 10:28:17] BrandAction.INFO: ======= END Brand Action (VIEW)================  
[2023-06-26 10:31:02] BrandAction.INFO: ======= Start Brand Action (VIEW)================  
[2023-06-26 10:31:02] BrandAction.INFO: method : POST  
[2023-06-26 10:31:02] BrandAction.INFO: contentType : application/json  
[2023-06-26 10:31:02] BrandAction.INFO: Input Data : {"decoded":{"sub":"1","id":"1","userName":"super admin","userGroup":"1","email":"superadmin@msense.in","hotelId":"4","brandId":"7","iat":1687754417,"exp":1687840817}}  
[2023-06-26 10:31:02] BrandModel.INFO: Query : call SP_AddandEditBrand('VIEW','','',0,0)  
[2023-06-26 10:31:02] BrandAction.INFO: ======= END Brand Action (VIEW)================  
[2023-06-26 10:55:55] BrandAction.INFO: ======= Start Brand Action (VIEW)================  
[2023-06-26 10:55:55] BrandAction.INFO: method : POST  
[2023-06-26 10:55:55] BrandAction.INFO: contentType : application/json  
[2023-06-26 10:55:55] BrandAction.INFO: Input Data : {"decoded":{"sub":"1","id":"1","userName":"super admin","userGroup":"1","email":"superadmin@msense.in","hotelId":"4","brandId":"7","iat":1687754417,"exp":1687840817}}  
[2023-06-26 10:55:55] BrandModel.INFO: Query : call SP_AddandEditBrand('VIEW','','',0,0)  
[2023-06-26 10:55:55] BrandAction.INFO: ======= END Brand Action (VIEW)================  
[2023-06-26 10:56:14] BrandAction.INFO: ======= Start Brand Action (VIEW)================  
[2023-06-26 10:56:14] BrandAction.INFO: method : POST  
[2023-06-26 10:56:14] BrandAction.INFO: contentType : application/json  
[2023-06-26 10:56:14] BrandAction.INFO: Input Data : {"decoded":{"sub":"1","id":"1","userName":"super admin","userGroup":"1","email":"superadmin@msense.in","hotelId":"4","brandId":"7","iat":1687754417,"exp":1687840817}}  
[2023-06-26 10:56:14] BrandModel.INFO: Query : call SP_AddandEditBrand('VIEW','','',0,0)  
[2023-06-26 10:56:14] BrandAction.INFO: ======= END Brand Action (VIEW)================  
[2023-06-26 10:56:28] BrandAction.INFO: ======= Start Brand Action (VIEW)================  
[2023-06-26 10:56:28] BrandAction.INFO: method : POST  
[2023-06-26 10:56:28] BrandAction.INFO: contentType : application/json  
[2023-06-26 10:56:28] BrandAction.INFO: Input Data : {"decoded":{"sub":"1","id":"1","userName":"super admin","userGroup":"1","email":"superadmin@msense.in","hotelId":"4","brandId":"7","iat":1687754417,"exp":1687840817}}  
[2023-06-26 10:56:28] BrandModel.INFO: Query : call SP_AddandEditBrand('VIEW','','',0,0)  
[2023-06-26 10:56:28] BrandAction.INFO: ======= END Brand Action (VIEW)================  
[2023-06-26 10:56:50] BrandAction.INFO: ======= Start Brand Action (VIEW)================  
[2023-06-26 10:56:50] BrandAction.INFO: method : POST  
[2023-06-26 10:56:50] BrandAction.INFO: contentType : application/json  
[2023-06-26 10:56:50] BrandAction.INFO: Input Data : {"decoded":{"sub":"1","id":"1","userName":"super admin","userGroup":"1","email":"superadmin@msense.in","hotelId":"4","brandId":"7","iat":1687754417,"exp":1687840817}}  
[2023-06-26 10:56:50] BrandModel.INFO: Query : call SP_AddandEditBrand('VIEW','','',0,0)  
[2023-06-26 10:56:50] BrandAction.INFO: ======= END Brand Action (VIEW)================  
[2023-06-26 10:57:58] BrandAction.INFO: ======= Start Brand Action (VIEW)================  
[2023-06-26 10:57:58] BrandAction.INFO: method : POST  
[2023-06-26 10:57:58] BrandAction.INFO: contentType : application/json  
[2023-06-26 10:57:58] BrandAction.INFO: Input Data : {"decoded":{"sub":"1","id":"1","userName":"super admin","userGroup":"1","email":"superadmin@msense.in","hotelId":"4","brandId":"7","iat":1687754417,"exp":1687840817}}  
[2023-06-26 10:57:58] BrandModel.INFO: Query : call SP_AddandEditBrand('VIEW','','',0,0)  
[2023-06-26 10:57:58] BrandAction.INFO: ======= END Brand Action (VIEW)================  
[2023-06-26 10:58:08] BrandAction.INFO: ======= Start Brand Action (VIEW)================  
[2023-06-26 10:58:08] BrandAction.INFO: method : POST  
[2023-06-26 10:58:08] BrandAction.INFO: contentType : application/json  
[2023-06-26 10:58:08] BrandAction.INFO: Input Data : {"decoded":{"sub":"1","id":"1","userName":"super admin","userGroup":"1","email":"superadmin@msense.in","hotelId":"4","brandId":"7","iat":1687754417,"exp":1687840817}}  
[2023-06-26 10:58:08] BrandModel.INFO: Query : call SP_AddandEditBrand('VIEW','','',0,0)  
[2023-06-26 10:58:08] BrandAction.INFO: ======= END Brand Action (VIEW)================  
[2023-06-26 10:59:08] BrandAction.INFO: ======= Start Brand Action (VIEW)================  
[2023-06-26 10:59:08] BrandAction.INFO: method : POST  
[2023-06-26 10:59:08] BrandAction.INFO: contentType : application/json  
[2023-06-26 10:59:08] BrandAction.INFO: Input Data : {"decoded":{"sub":"1","id":"1","userName":"super admin","userGroup":"1","email":"superadmin@msense.in","hotelId":"4","brandId":"7","iat":1687754417,"exp":1687840817}}  
[2023-06-26 10:59:08] BrandModel.INFO: Query : call SP_AddandEditBrand('VIEW','','',0,0)  
[2023-06-26 10:59:08] BrandAction.INFO: ======= END Brand Action (VIEW)================  
[2023-06-26 11:09:49] BrandAction.INFO: ======= Start Brand Action (VIEW)================  
[2023-06-26 11:09:49] BrandAction.INFO: method : POST  
[2023-06-26 11:09:49] BrandAction.INFO: contentType : application/json  
[2023-06-26 11:09:49] BrandAction.INFO: Input Data : {"decoded":{"sub":"1","id":"1","userName":"super admin","userGroup":"1","email":"superadmin@msense.in","hotelId":"4","brandId":"7","iat":1687754417,"exp":1687840817}}  
[2023-06-26 11:09:49] BrandModel.INFO: Query : call SP_AddandEditBrand('VIEW','','',0,0)  
[2023-06-26 11:09:49] BrandAction.INFO: ======= END Brand Action (VIEW)================  
[2023-06-26 11:12:05] BrandAction.INFO: ======= Start Brand Action (VIEW)================  
[2023-06-26 11:12:05] BrandAction.INFO: method : POST  
[2023-06-26 11:12:05] BrandAction.INFO: contentType : application/json  
[2023-06-26 11:12:05] BrandAction.INFO: Input Data : {"decoded":{"sub":"1","id":"1","userName":"super admin","userGroup":"1","email":"superadmin@msense.in","hotelId":"4","brandId":"7","iat":1687754417,"exp":1687840817}}  
[2023-06-26 11:12:05] BrandModel.INFO: Query : call SP_AddandEditBrand('VIEW','','',0,0)  
[2023-06-26 11:12:05] BrandAction.INFO: ======= END Brand Action (VIEW)================  
[2023-06-26 11:12:21] BrandAction.INFO: ======= Start Brand Action (VIEW)================  
[2023-06-26 11:12:21] BrandAction.INFO: method : POST  
[2023-06-26 11:12:21] BrandAction.INFO: contentType : application/json  
[2023-06-26 11:12:21] BrandAction.INFO: Input Data : {"decoded":{"sub":"1","id":"1","userName":"super admin","userGroup":"1","email":"superadmin@msense.in","hotelId":"4","brandId":"7","iat":1687754417,"exp":1687840817}}  
[2023-06-26 11:12:21] BrandModel.INFO: Query : call SP_AddandEditBrand('VIEW','','',0,0)  
[2023-06-26 11:12:21] BrandAction.INFO: ======= END Brand Action (VIEW)================  
[2023-06-26 11:12:24] BrandAction.INFO: ======= Start Brand Action (VIEW)================  
[2023-06-26 11:12:24] BrandAction.INFO: method : POST  
[2023-06-26 11:12:24] BrandAction.INFO: contentType : application/json  
[2023-06-26 11:12:24] BrandAction.INFO: Input Data : {"decoded":{"sub":"1","id":"1","userName":"super admin","userGroup":"1","email":"superadmin@msense.in","hotelId":"4","brandId":"7","iat":1687754417,"exp":1687840817}}  
[2023-06-26 11:12:24] BrandModel.INFO: Query : call SP_AddandEditBrand('VIEW','','',0,0)  
[2023-06-26 11:12:24] BrandAction.INFO: ======= END Brand Action (VIEW)================  
[2023-06-26 11:12:45] BrandAction.INFO: ======= Start Brand Action (VIEW)================  
[2023-06-26 11:12:45] BrandAction.INFO: method : POST  
[2023-06-26 11:12:45] BrandAction.INFO: contentType : application/json  
[2023-06-26 11:12:45] BrandAction.INFO: Input Data : {"decoded":{"sub":"1","id":"1","userName":"super admin","userGroup":"1","email":"superadmin@msense.in","hotelId":"4","brandId":"7","iat":1687777961,"exp":1687864361}}  
[2023-06-26 11:12:45] BrandModel.INFO: Query : call SP_AddandEditBrand('VIEW','','',0,0)  
[2023-06-26 11:12:45] BrandAction.INFO: ======= END Brand Action (VIEW)================  
[2023-06-26 11:13:55] BrandAction.INFO: ======= Start Brand Action (VIEW)================  
[2023-06-26 11:13:55] BrandAction.INFO: method : POST  
[2023-06-26 11:13:55] BrandAction.INFO: contentType : application/json  
[2023-06-26 11:13:55] BrandAction.INFO: Input Data : {"decoded":{"sub":"1","id":"1","userName":"super admin","userGroup":"1","email":"superadmin@msense.in","hotelId":"4","brandId":"7","iat":1687754417,"exp":1687840817}}  
[2023-06-26 11:13:55] BrandModel.INFO: Query : call SP_AddandEditBrand('VIEW','','',0,0)  
[2023-06-26 11:13:55] BrandAction.INFO: ======= END Brand Action (VIEW)================  
[2023-06-26 11:15:22] BrandAction.INFO: ======= Start Brand Action (VIEW)================  
[2023-06-26 11:15:22] BrandAction.INFO: method : POST  
[2023-06-26 11:15:22] BrandAction.INFO: contentType : application/json  
[2023-06-26 11:15:22] BrandAction.INFO: Input Data : {"decoded":{"sub":"1","id":"1","userName":"super admin","userGroup":"1","email":"superadmin@msense.in","hotelId":"4","brandId":"7","iat":1687754417,"exp":1687840817}}  
[2023-06-26 11:15:22] BrandModel.INFO: Query : call SP_AddandEditBrand('VIEW','','',0,0)  
[2023-06-26 11:15:22] BrandAction.INFO: ======= END Brand Action (VIEW)================  
[2023-06-26 11:15:51] BrandAction.INFO: ======= Start Brand Action (VIEW)================  
[2023-06-26 11:15:51] BrandAction.INFO: method : POST  
[2023-06-26 11:15:51] BrandAction.INFO: contentType : application/json  
[2023-06-26 11:15:51] BrandAction.INFO: Input Data : {"decoded":{"sub":"1","id":"1","userName":"super admin","userGroup":"1","email":"superadmin@msense.in","hotelId":"4","brandId":"7","iat":1687754417,"exp":1687840817}}  
[2023-06-26 11:15:51] BrandModel.INFO: Query : call SP_AddandEditBrand('VIEW','','',0,0)  
[2023-06-26 11:15:51] BrandAction.INFO: ======= END Brand Action (VIEW)================  
[2023-06-26 11:16:28] BrandAction.INFO: ======= Start Brand Action (VIEW)================  
[2023-06-26 11:16:28] BrandAction.INFO: method : POST  
[2023-06-26 11:16:28] BrandAction.INFO: contentType : application/json  
[2023-06-26 11:16:28] BrandAction.INFO: Input Data : {"decoded":{"sub":"1","id":"1","userName":"super admin","userGroup":"1","email":"superadmin@msense.in","hotelId":"4","brandId":"7","iat":1687754417,"exp":1687840817}}  
[2023-06-26 11:16:28] BrandModel.INFO: Query : call SP_AddandEditBrand('VIEW','','',0,0)  
[2023-06-26 11:16:28] BrandAction.INFO: ======= END Brand Action (VIEW)================  
[2023-06-26 11:16:33] BrandAction.INFO: ======= Start Brand Action (VIEW)================  
[2023-06-26 11:16:33] BrandAction.INFO: method : POST  
[2023-06-26 11:16:33] BrandAction.INFO: contentType : application/json  
[2023-06-26 11:16:33] BrandAction.INFO: Input Data : {"decoded":{"sub":"1","id":"1","userName":"super admin","userGroup":"1","email":"superadmin@msense.in","hotelId":"4","brandId":"7","iat":1687754417,"exp":1687840817}}  
[2023-06-26 11:16:33] BrandModel.INFO: Query : call SP_AddandEditBrand('VIEW','','',0,0)  
[2023-06-26 11:16:33] BrandAction.INFO: ======= END Brand Action (VIEW)================  
[2023-06-26 11:16:36] BrandAction.INFO: ======= Start Brand Action (VIEW)================  
[2023-06-26 11:16:36] BrandAction.INFO: method : POST  
[2023-06-26 11:16:36] BrandAction.INFO: contentType : application/json  
[2023-06-26 11:16:36] BrandAction.INFO: Input Data : {"decoded":{"sub":"1","id":"1","userName":"super admin","userGroup":"1","email":"superadmin@msense.in","hotelId":"4","brandId":"7","iat":1687754417,"exp":1687840817}}  
[2023-06-26 11:16:36] BrandModel.INFO: Query : call SP_AddandEditBrand('VIEW','','',0,0)  
[2023-06-26 11:16:36] BrandAction.INFO: ======= END Brand Action (VIEW)================  
[2023-06-26 11:16:40] BrandAction.INFO: ======= Start Brand Action (VIEW)================  
[2023-06-26 11:16:40] BrandAction.INFO: method : POST  
[2023-06-26 11:16:40] BrandAction.INFO: contentType : application/json  
[2023-06-26 11:16:40] BrandAction.INFO: Input Data : {"decoded":{"sub":"1","id":"1","userName":"super admin","userGroup":"1","email":"superadmin@msense.in","hotelId":"4","brandId":"7","iat":1687754417,"exp":1687840817}}  
[2023-06-26 11:16:40] BrandModel.INFO: Query : call SP_AddandEditBrand('VIEW','','',0,0)  
[2023-06-26 11:16:40] BrandAction.INFO: ======= END Brand Action (VIEW)================  
[2023-06-26 11:16:47] BrandAction.INFO: ======= Start Brand Action (VIEW)================  
[2023-06-26 11:16:47] BrandAction.INFO: method : POST  
[2023-06-26 11:16:47] BrandAction.INFO: contentType : application/json  
[2023-06-26 11:16:47] BrandAction.INFO: Input Data : {"decoded":{"sub":"1","id":"1","userName":"super admin","userGroup":"1","email":"superadmin@msense.in","hotelId":"4","brandId":"7","iat":1687754417,"exp":1687840817}}  
[2023-06-26 11:16:47] BrandModel.INFO: Query : call SP_AddandEditBrand('VIEW','','',0,0)  
[2023-06-26 11:16:47] BrandAction.INFO: ======= END Brand Action (VIEW)================  
[2023-06-26 11:16:55] BrandAction.INFO: ======= Start Brand Action (VIEW)================  
[2023-06-26 11:16:55] BrandAction.INFO: method : POST  
[2023-06-26 11:16:55] BrandAction.INFO: contentType : application/json  
[2023-06-26 11:16:55] BrandAction.INFO: Input Data : {"decoded":{"sub":"1","id":"1","userName":"super admin","userGroup":"1","email":"superadmin@msense.in","hotelId":"4","brandId":"7","iat":1687754417,"exp":1687840817}}  
[2023-06-26 11:16:55] BrandModel.INFO: Query : call SP_AddandEditBrand('VIEW','','',0,0)  
[2023-06-26 11:16:55] BrandAction.INFO: ======= END Brand Action (VIEW)================  
[2023-06-26 11:17:03] BrandAction.INFO: ======= Start Brand Action (VIEW)================  
[2023-06-26 11:17:03] BrandAction.INFO: method : POST  
[2023-06-26 11:17:03] BrandAction.INFO: contentType : application/json  
[2023-06-26 11:17:03] BrandAction.INFO: Input Data : {"decoded":{"sub":"1","id":"1","userName":"super admin","userGroup":"1","email":"superadmin@msense.in","hotelId":"4","brandId":"7","iat":1687754417,"exp":1687840817}}  
[2023-06-26 11:17:03] BrandModel.INFO: Query : call SP_AddandEditBrand('VIEW','','',0,0)  
[2023-06-26 11:17:03] BrandAction.INFO: ======= END Brand Action (VIEW)================  
[2023-06-26 11:17:06] BrandAction.INFO: ======= Start Brand Action (VIEW)================  
[2023-06-26 11:17:06] BrandAction.INFO: method : POST  
[2023-06-26 11:17:06] BrandAction.INFO: contentType : application/json  
[2023-06-26 11:17:06] BrandAction.INFO: Input Data : {"decoded":{"sub":"1","id":"1","userName":"super admin","userGroup":"1","email":"superadmin@msense.in","hotelId":"4","brandId":"7","iat":1687754417,"exp":1687840817}}  
[2023-06-26 11:17:06] BrandModel.INFO: Query : call SP_AddandEditBrand('VIEW','','',0,0)  
[2023-06-26 11:17:06] BrandAction.INFO: ======= END Brand Action (VIEW)================  
[2023-06-26 11:30:56] BrandAction.INFO: ======= Start Brand Action (VIEW)================  
[2023-06-26 11:30:56] BrandAction.INFO: method : POST  
[2023-06-26 11:30:56] BrandAction.INFO: contentType : application/json  
[2023-06-26 11:30:56] BrandAction.INFO: Input Data : {"decoded":{"sub":"1","id":"1","userName":"super admin","userGroup":"1","email":"superadmin@msense.in","hotelId":"4","brandId":"7","iat":1687754417,"exp":1687840817}}  
[2023-06-26 11:30:56] BrandModel.INFO: Query : call SP_AddandEditBrand('VIEW','','',0,0)  
[2023-06-26 11:30:56] BrandAction.INFO: ======= END Brand Action (VIEW)================  
[2023-06-26 11:32:52] BrandAction.INFO: ======= Start Brand Action (VIEW)================  
[2023-06-26 11:32:52] BrandAction.INFO: method : POST  
[2023-06-26 11:32:52] BrandAction.INFO: contentType : application/json  
[2023-06-26 11:32:52] BrandAction.INFO: Input Data : {"decoded":{"sub":"1","id":"1","userName":"super admin","userGroup":"1","email":"superadmin@msense.in","hotelId":"4","brandId":"7","iat":1687754417,"exp":1687840817}}  
[2023-06-26 11:32:52] BrandModel.INFO: Query : call SP_AddandEditBrand('VIEW','','',0,0)  
[2023-06-26 11:32:52] BrandAction.INFO: ======= END Brand Action (VIEW)================  
[2023-06-26 11:33:07] BrandAction.INFO: ======= Start Brand Action (VIEW)================  
[2023-06-26 11:33:07] BrandAction.INFO: method : POST  
[2023-06-26 11:33:07] BrandAction.INFO: contentType : application/json  
[2023-06-26 11:33:07] BrandAction.INFO: Input Data : {"decoded":{"sub":"1","id":"1","userName":"super admin","userGroup":"1","email":"superadmin@msense.in","hotelId":"4","brandId":"7","iat":1687754417,"exp":1687840817}}  
[2023-06-26 11:33:07] BrandModel.INFO: Query : call SP_AddandEditBrand('VIEW','','',0,0)  
[2023-06-26 11:33:07] BrandAction.INFO: ======= END Brand Action (VIEW)================  
[2023-06-26 11:34:04] BrandAction.INFO: ======= Start Brand Action (VIEW)================  
[2023-06-26 11:34:04] BrandAction.INFO: method : POST  
[2023-06-26 11:34:04] BrandAction.INFO: contentType : application/json  
[2023-06-26 11:34:04] BrandAction.INFO: Input Data : {"decoded":{"sub":"1","id":"1","userName":"super admin","userGroup":"1","email":"superadmin@msense.in","hotelId":"4","brandId":"7","iat":1687754417,"exp":1687840817}}  
[2023-06-26 11:34:04] BrandModel.INFO: Query : call SP_AddandEditBrand('VIEW','','',0,0)  
[2023-06-26 11:34:04] BrandAction.INFO: ======= END Brand Action (VIEW)================  
[2023-06-26 11:34:44] BrandAction.INFO: ======= Start Brand Action (VIEW)================  
[2023-06-26 11:34:44] BrandAction.INFO: method : POST  
[2023-06-26 11:34:44] BrandAction.INFO: contentType : application/json  
[2023-06-26 11:34:44] BrandAction.INFO: Input Data : {"decoded":{"sub":"1","id":"1","userName":"super admin","userGroup":"1","email":"superadmin@msense.in","hotelId":"4","brandId":"7","iat":1687754417,"exp":1687840817}}  
[2023-06-26 11:34:44] BrandModel.INFO: Query : call SP_AddandEditBrand('VIEW','','',0,0)  
[2023-06-26 11:34:44] BrandAction.INFO: ======= END Brand Action (VIEW)================  
[2023-06-26 11:36:52] BrandAction.INFO: ======= Start Brand Action (VIEW)================  
[2023-06-26 11:36:52] BrandAction.INFO: method : POST  
[2023-06-26 11:36:52] BrandAction.INFO: contentType : application/json  
[2023-06-26 11:36:52] BrandAction.INFO: Input Data : {"decoded":{"sub":"1","id":"1","userName":"super admin","userGroup":"1","email":"superadmin@msense.in","hotelId":"4","brandId":"7","iat":1687754417,"exp":1687840817}}  
[2023-06-26 11:36:52] BrandModel.INFO: Query : call SP_AddandEditBrand('VIEW','','',0,0)  
[2023-06-26 11:36:52] BrandAction.INFO: ======= END Brand Action (VIEW)================  
[2023-06-26 11:38:10] BrandAction.INFO: ======= Start Brand Action (VIEW)================  
[2023-06-26 11:38:10] BrandAction.INFO: method : POST  
[2023-06-26 11:38:10] BrandAction.INFO: contentType : application/json  
[2023-06-26 11:38:10] BrandAction.INFO: Input Data : {"decoded":{"sub":"1","id":"1","userName":"super admin","userGroup":"1","email":"superadmin@msense.in","hotelId":"4","brandId":"7","iat":1687754417,"exp":1687840817}}  
[2023-06-26 11:38:10] BrandModel.INFO: Query : call SP_AddandEditBrand('VIEW','','',0,0)  
[2023-06-26 11:38:10] BrandAction.INFO: ======= END Brand Action (VIEW)================  
[2023-06-26 11:38:32] BrandAction.INFO: ======= Start Brand Action (VIEW)================  
[2023-06-26 11:38:32] BrandAction.INFO: method : POST  
[2023-06-26 11:38:32] BrandAction.INFO: contentType : application/json  
[2023-06-26 11:38:32] BrandAction.INFO: Input Data : {"decoded":{"sub":"1","id":"1","userName":"super admin","userGroup":"1","email":"superadmin@msense.in","hotelId":"4","brandId":"7","iat":1687754417,"exp":1687840817}}  
[2023-06-26 11:38:32] BrandModel.INFO: Query : call SP_AddandEditBrand('VIEW','','',0,0)  
[2023-06-26 11:38:32] BrandAction.INFO: ======= END Brand Action (VIEW)================  
[2023-06-26 11:38:44] BrandAction.INFO: ======= Start Brand Action (VIEW)================  
[2023-06-26 11:38:44] BrandAction.INFO: method : POST  
[2023-06-26 11:38:44] BrandAction.INFO: contentType : application/json  
[2023-06-26 11:38:44] BrandAction.INFO: Input Data : {"decoded":{"sub":"1","id":"1","userName":"super admin","userGroup":"1","email":"superadmin@msense.in","hotelId":"4","brandId":"7","iat":1687754417,"exp":1687840817}}  
[2023-06-26 11:38:44] BrandModel.INFO: Query : call SP_AddandEditBrand('VIEW','','',0,0)  
[2023-06-26 11:38:44] BrandAction.INFO: ======= END Brand Action (VIEW)================  
[2023-06-26 11:39:00] BrandAction.INFO: ======= Start Brand Action (VIEW)================  
[2023-06-26 11:39:00] BrandAction.INFO: method : POST  
[2023-06-26 11:39:00] BrandAction.INFO: contentType : application/json  
[2023-06-26 11:39:00] BrandAction.INFO: Input Data : {"decoded":{"sub":"1","id":"1","userName":"super admin","userGroup":"1","email":"superadmin@msense.in","hotelId":"4","brandId":"7","iat":1687754417,"exp":1687840817}}  
[2023-06-26 11:39:00] BrandModel.INFO: Query : call SP_AddandEditBrand('VIEW','','',0,0)  
[2023-06-26 11:39:00] BrandAction.INFO: ======= END Brand Action (VIEW)================  
[2023-06-26 11:39:33] BrandAction.INFO: ======= Start Brand Action (VIEW)================  
[2023-06-26 11:39:33] BrandAction.INFO: method : POST  
[2023-06-26 11:39:33] BrandAction.INFO: contentType : application/json  
[2023-06-26 11:39:33] BrandAction.INFO: Input Data : {"decoded":{"sub":"1","id":"1","userName":"super admin","userGroup":"1","email":"superadmin@msense.in","hotelId":"4","brandId":"7","iat":1687754417,"exp":1687840817}}  
[2023-06-26 11:39:33] BrandModel.INFO: Query : call SP_AddandEditBrand('VIEW','','',0,0)  
[2023-06-26 11:39:33] BrandAction.INFO: ======= END Brand Action (VIEW)================  
[2023-06-26 11:47:27] BrandAction.INFO: ======= Start Brand Action (VIEW)================  
[2023-06-26 11:47:27] BrandAction.INFO: method : POST  
[2023-06-26 11:47:27] BrandAction.INFO: contentType : application/json  
[2023-06-26 11:47:27] BrandAction.INFO: Input Data : {"decoded":{"sub":"1","id":"1","userName":"super admin","userGroup":"1","email":"superadmin@msense.in","hotelId":"4","brandId":"7","iat":1687754417,"exp":1687840817}}  
[2023-06-26 11:47:27] BrandModel.INFO: Query : call SP_AddandEditBrand('VIEW','','',0,0)  
[2023-06-26 11:47:27] BrandAction.INFO: ======= END Brand Action (VIEW)================  
[2023-06-26 11:47:37] BrandAction.INFO: ======= Start Brand Action (VIEW)================  
[2023-06-26 11:47:37] BrandAction.INFO: method : POST  
[2023-06-26 11:47:37] BrandAction.INFO: contentType : application/json  
[2023-06-26 11:47:37] BrandAction.INFO: Input Data : {"decoded":{"sub":"1","id":"1","userName":"super admin","userGroup":"1","email":"superadmin@msense.in","hotelId":"4","brandId":"7","iat":1687754417,"exp":1687840817}}  
[2023-06-26 11:47:37] BrandModel.INFO: Query : call SP_AddandEditBrand('VIEW','','',0,0)  
[2023-06-26 11:47:37] BrandAction.INFO: ======= END Brand Action (VIEW)================  
[2023-06-26 11:47:40] BrandAction.INFO: ======= Start Brand Action (VIEW)================  
[2023-06-26 11:47:40] BrandAction.INFO: method : POST  
[2023-06-26 11:47:40] BrandAction.INFO: contentType : application/json  
[2023-06-26 11:47:40] BrandAction.INFO: Input Data : {"decoded":{"sub":"1","id":"1","userName":"super admin","userGroup":"1","email":"superadmin@msense.in","hotelId":"4","brandId":"7","iat":1687754417,"exp":1687840817}}  
[2023-06-26 11:47:40] BrandModel.INFO: Query : call SP_AddandEditBrand('VIEW','','',0,0)  
[2023-06-26 11:47:40] BrandAction.INFO: ======= END Brand Action (VIEW)================  
[2023-06-26 11:47:50] BrandAction.INFO: ======= Start Brand Action (VIEW)================  
[2023-06-26 11:47:50] BrandAction.INFO: method : POST  
[2023-06-26 11:47:50] BrandAction.INFO: contentType : application/json  
[2023-06-26 11:47:50] BrandAction.INFO: Input Data : {"decoded":{"sub":"1","id":"1","userName":"super admin","userGroup":"1","email":"superadmin@msense.in","hotelId":"4","brandId":"7","iat":1687754417,"exp":1687840817}}  
[2023-06-26 11:47:50] BrandModel.INFO: Query : call SP_AddandEditBrand('VIEW','','',0,0)  
[2023-06-26 11:47:50] BrandAction.INFO: ======= END Brand Action (VIEW)================  
