[2023-06-26 10:28:05] HotelAction.INFO: ======= Start Hotel Action (List) ================  
[2023-06-26 10:28:05] HotelAction.INFO: method : POST  
[2023-06-26 10:28:05] HotelAction.INFO: contentType : application/json  
[2023-06-26 10:28:05] HotelAction.INFO: Input Data : {"decoded":{"sub":"1","id":"1","userName":"super admin","userGroup":"1","email":"superadmin@msense.in","hotelId":"4","brandId":"7","iat":1687754417,"exp":1687840817}}  
[2023-06-26 10:28:05] HotelAction.INFO: ======= END Hotel Action (List) ================  
[2023-06-26 10:28:17] HotelAction.INFO: ======= Start Hotel Action (List) ================  
[2023-06-26 10:28:17] HotelAction.INFO: method : POST  
[2023-06-26 10:28:17] HotelAction.INFO: contentType : application/json  
[2023-06-26 10:28:17] HotelAction.INFO: Input Data : {"decoded":{"sub":"1","id":"1","userName":"super admin","userGroup":"1","email":"superadmin@msense.in","hotelId":"4","brandId":"7","iat":1687754417,"exp":1687840817}}  
[2023-06-26 10:28:17] HotelAction.INFO: ======= END Hotel Action (List) ================  
[2023-06-26 10:31:02] HotelAction.INFO: ======= Start Hotel Action (List) ================  
[2023-06-26 10:31:02] HotelAction.INFO: method : POST  
[2023-06-26 10:31:02] HotelAction.INFO: contentType : application/json  
[2023-06-26 10:31:02] HotelAction.INFO: Input Data : {"decoded":{"sub":"1","id":"1","userName":"super admin","userGroup":"1","email":"superadmin@msense.in","hotelId":"4","brandId":"7","iat":1687754417,"exp":1687840817}}  
[2023-06-26 10:31:02] HotelAction.INFO: ======= END Hotel Action (List) ================  
[2023-06-26 10:55:55] HotelAction.INFO: ======= Start Hotel Action (List) ================  
[2023-06-26 10:55:55] HotelAction.INFO: method : POST  
[2023-06-26 10:55:55] HotelAction.INFO: contentType : application/json  
[2023-06-26 10:55:55] HotelAction.INFO: Input Data : {"decoded":{"sub":"1","id":"1","userName":"super admin","userGroup":"1","email":"superadmin@msense.in","hotelId":"4","brandId":"7","iat":1687754417,"exp":1687840817}}  
[2023-06-26 10:55:55] HotelAction.INFO: ======= END Hotel Action (List) ================  
[2023-06-26 10:56:14] HotelAction.INFO: ======= Start Hotel Action (List) ================  
[2023-06-26 10:56:14] HotelAction.INFO: method : POST  
[2023-06-26 10:56:14] HotelAction.INFO: contentType : application/json  
[2023-06-26 10:56:14] HotelAction.INFO: Input Data : {"decoded":{"sub":"1","id":"1","userName":"super admin","userGroup":"1","email":"superadmin@msense.in","hotelId":"4","brandId":"7","iat":1687754417,"exp":1687840817}}  
[2023-06-26 10:56:14] HotelAction.INFO: ======= END Hotel Action (List) ================  
[2023-06-26 10:56:28] HotelAction.INFO: ======= Start Hotel Action (List) ================  
[2023-06-26 10:56:28] HotelAction.INFO: method : POST  
[2023-06-26 10:56:28] HotelAction.INFO: contentType : application/json  
[2023-06-26 10:56:28] HotelAction.INFO: Input Data : {"decoded":{"sub":"1","id":"1","userName":"super admin","userGroup":"1","email":"superadmin@msense.in","hotelId":"4","brandId":"7","iat":1687754417,"exp":1687840817}}  
[2023-06-26 10:56:28] HotelAction.INFO: ======= END Hotel Action (List) ================  
[2023-06-26 10:56:50] HotelAction.INFO: ======= Start Hotel Action (List) ================  
[2023-06-26 10:56:50] HotelAction.INFO: method : POST  
[2023-06-26 10:56:50] HotelAction.INFO: contentType : application/json  
[2023-06-26 10:56:50] HotelAction.INFO: Input Data : {"decoded":{"sub":"1","id":"1","userName":"super admin","userGroup":"1","email":"superadmin@msense.in","hotelId":"4","brandId":"7","iat":1687754417,"exp":1687840817}}  
[2023-06-26 10:56:50] HotelAction.INFO: ======= END Hotel Action (List) ================  
[2023-06-26 10:57:58] HotelAction.INFO: ======= Start Hotel Action (List) ================  
[2023-06-26 10:57:58] HotelAction.INFO: method : POST  
[2023-06-26 10:57:58] HotelAction.INFO: contentType : application/json  
[2023-06-26 10:57:58] HotelAction.INFO: Input Data : {"decoded":{"sub":"1","id":"1","userName":"super admin","userGroup":"1","email":"superadmin@msense.in","hotelId":"4","brandId":"7","iat":1687754417,"exp":1687840817}}  
[2023-06-26 10:57:58] HotelAction.INFO: ======= END Hotel Action (List) ================  
[2023-06-26 10:58:08] HotelAction.INFO: ======= Start Hotel Action (List) ================  
[2023-06-26 10:58:08] HotelAction.INFO: method : POST  
[2023-06-26 10:58:08] HotelAction.INFO: contentType : application/json  
[2023-06-26 10:58:08] HotelAction.INFO: Input Data : {"decoded":{"sub":"1","id":"1","userName":"super admin","userGroup":"1","email":"superadmin@msense.in","hotelId":"4","brandId":"7","iat":1687754417,"exp":1687840817}}  
[2023-06-26 10:58:08] HotelAction.INFO: ======= END Hotel Action (List) ================  
[2023-06-26 10:59:08] HotelAction.INFO: ======= Start Hotel Action (List) ================  
[2023-06-26 10:59:08] HotelAction.INFO: method : POST  
[2023-06-26 10:59:08] HotelAction.INFO: contentType : application/json  
[2023-06-26 10:59:08] HotelAction.INFO: Input Data : {"decoded":{"sub":"1","id":"1","userName":"super admin","userGroup":"1","email":"superadmin@msense.in","hotelId":"4","brandId":"7","iat":1687754417,"exp":1687840817}}  
[2023-06-26 10:59:08] HotelAction.INFO: ======= END Hotel Action (List) ================  
[2023-06-26 11:09:49] HotelAction.INFO: ======= Start Hotel Action (List) ================  
[2023-06-26 11:09:49] HotelAction.INFO: method : POST  
[2023-06-26 11:09:49] HotelAction.INFO: contentType : application/json  
[2023-06-26 11:09:49] HotelAction.INFO: Input Data : {"decoded":{"sub":"1","id":"1","userName":"super admin","userGroup":"1","email":"superadmin@msense.in","hotelId":"4","brandId":"7","iat":1687754417,"exp":1687840817}}  
[2023-06-26 11:09:49] HotelAction.INFO: ======= END Hotel Action (List) ================  
[2023-06-26 11:12:05] HotelAction.INFO: ======= Start Hotel Action (List) ================  
[2023-06-26 11:12:05] HotelAction.INFO: method : POST  
[2023-06-26 11:12:05] HotelAction.INFO: contentType : application/json  
[2023-06-26 11:12:05] HotelAction.INFO: Input Data : {"decoded":{"sub":"1","id":"1","userName":"super admin","userGroup":"1","email":"superadmin@msense.in","hotelId":"4","brandId":"7","iat":1687754417,"exp":1687840817}}  
[2023-06-26 11:12:05] HotelAction.INFO: ======= END Hotel Action (List) ================  
[2023-06-26 11:12:21] HotelAction.INFO: ======= Start Hotel Action (List) ================  
[2023-06-26 11:12:21] HotelAction.INFO: method : POST  
[2023-06-26 11:12:21] HotelAction.INFO: contentType : application/json  
[2023-06-26 11:12:21] HotelAction.INFO: Input Data : {"decoded":{"sub":"1","id":"1","userName":"super admin","userGroup":"1","email":"superadmin@msense.in","hotelId":"4","brandId":"7","iat":1687754417,"exp":1687840817}}  
[2023-06-26 11:12:21] HotelAction.INFO: ======= END Hotel Action (List) ================  
[2023-06-26 11:12:24] HotelAction.INFO: ======= Start Hotel Action (List) ================  
[2023-06-26 11:12:24] HotelAction.INFO: method : POST  
[2023-06-26 11:12:24] HotelAction.INFO: contentType : application/json  
[2023-06-26 11:12:24] HotelAction.INFO: Input Data : {"decoded":{"sub":"1","id":"1","userName":"super admin","userGroup":"1","email":"superadmin@msense.in","hotelId":"4","brandId":"7","iat":1687754417,"exp":1687840817}}  
[2023-06-26 11:12:24] HotelAction.INFO: ======= END Hotel Action (List) ================  
[2023-06-26 11:12:45] HotelAction.INFO: ======= Start Hotel Action (List) ================  
[2023-06-26 11:12:45] HotelAction.INFO: method : POST  
[2023-06-26 11:12:45] HotelAction.INFO: contentType : application/json  
[2023-06-26 11:12:45] HotelAction.INFO: Input Data : {"decoded":{"sub":"1","id":"1","userName":"super admin","userGroup":"1","email":"superadmin@msense.in","hotelId":"4","brandId":"7","iat":1687777961,"exp":1687864361}}  
[2023-06-26 11:12:45] HotelAction.INFO: ======= END Hotel Action (List) ================  
[2023-06-26 11:13:55] HotelAction.INFO: ======= Start Hotel Action (List) ================  
[2023-06-26 11:13:55] HotelAction.INFO: method : POST  
[2023-06-26 11:13:55] HotelAction.INFO: contentType : application/json  
[2023-06-26 11:13:55] HotelAction.INFO: Input Data : {"decoded":{"sub":"1","id":"1","userName":"super admin","userGroup":"1","email":"superadmin@msense.in","hotelId":"4","brandId":"7","iat":1687754417,"exp":1687840817}}  
[2023-06-26 11:13:55] HotelAction.INFO: ======= END Hotel Action (List) ================  
[2023-06-26 11:15:22] HotelAction.INFO: ======= Start Hotel Action (List) ================  
[2023-06-26 11:15:22] HotelAction.INFO: method : POST  
[2023-06-26 11:15:22] HotelAction.INFO: contentType : application/json  
[2023-06-26 11:15:22] HotelAction.INFO: Input Data : {"decoded":{"sub":"1","id":"1","userName":"super admin","userGroup":"1","email":"superadmin@msense.in","hotelId":"4","brandId":"7","iat":1687754417,"exp":1687840817}}  
[2023-06-26 11:15:22] HotelAction.INFO: ======= END Hotel Action (List) ================  
[2023-06-26 11:15:51] HotelAction.INFO: ======= Start Hotel Action (List) ================  
[2023-06-26 11:15:51] HotelAction.INFO: method : POST  
[2023-06-26 11:15:51] HotelAction.INFO: contentType : application/json  
[2023-06-26 11:15:51] HotelAction.INFO: Input Data : {"decoded":{"sub":"1","id":"1","userName":"super admin","userGroup":"1","email":"superadmin@msense.in","hotelId":"4","brandId":"7","iat":1687754417,"exp":1687840817}}  
[2023-06-26 11:15:51] HotelAction.INFO: ======= END Hotel Action (List) ================  
[2023-06-26 11:16:28] HotelAction.INFO: ======= Start Hotel Action (List) ================  
[2023-06-26 11:16:28] HotelAction.INFO: method : POST  
[2023-06-26 11:16:28] HotelAction.INFO: contentType : application/json  
[2023-06-26 11:16:28] HotelAction.INFO: Input Data : {"decoded":{"sub":"1","id":"1","userName":"super admin","userGroup":"1","email":"superadmin@msense.in","hotelId":"4","brandId":"7","iat":1687754417,"exp":1687840817}}  
[2023-06-26 11:16:28] HotelAction.INFO: ======= END Hotel Action (List) ================  
[2023-06-26 11:16:33] HotelAction.INFO: ======= Start Hotel Action (List) ================  
[2023-06-26 11:16:33] HotelAction.INFO: method : POST  
[2023-06-26 11:16:33] HotelAction.INFO: contentType : application/json  
[2023-06-26 11:16:33] HotelAction.INFO: Input Data : {"decoded":{"sub":"1","id":"1","userName":"super admin","userGroup":"1","email":"superadmin@msense.in","hotelId":"4","brandId":"7","iat":1687754417,"exp":1687840817}}  
[2023-06-26 11:16:33] HotelAction.INFO: ======= END Hotel Action (List) ================  
[2023-06-26 11:16:36] HotelAction.INFO: ======= Start Hotel Action (List) ================  
[2023-06-26 11:16:36] HotelAction.INFO: method : POST  
[2023-06-26 11:16:36] HotelAction.INFO: contentType : application/json  
[2023-06-26 11:16:36] HotelAction.INFO: Input Data : {"decoded":{"sub":"1","id":"1","userName":"super admin","userGroup":"1","email":"superadmin@msense.in","hotelId":"4","brandId":"7","iat":1687754417,"exp":1687840817}}  
[2023-06-26 11:16:36] HotelAction.INFO: ======= END Hotel Action (List) ================  
[2023-06-26 11:16:40] HotelAction.INFO: ======= Start Hotel Action (List) ================  
[2023-06-26 11:16:40] HotelAction.INFO: method : POST  
[2023-06-26 11:16:40] HotelAction.INFO: contentType : application/json  
[2023-06-26 11:16:40] HotelAction.INFO: Input Data : {"decoded":{"sub":"1","id":"1","userName":"super admin","userGroup":"1","email":"superadmin@msense.in","hotelId":"4","brandId":"7","iat":1687754417,"exp":1687840817}}  
[2023-06-26 11:16:40] HotelAction.INFO: ======= END Hotel Action (List) ================  
[2023-06-26 11:16:47] HotelAction.INFO: ======= Start Hotel Action (List) ================  
[2023-06-26 11:16:47] HotelAction.INFO: method : POST  
[2023-06-26 11:16:47] HotelAction.INFO: contentType : application/json  
[2023-06-26 11:16:47] HotelAction.INFO: Input Data : {"decoded":{"sub":"1","id":"1","userName":"super admin","userGroup":"1","email":"superadmin@msense.in","hotelId":"4","brandId":"7","iat":1687754417,"exp":1687840817}}  
[2023-06-26 11:16:47] HotelAction.INFO: ======= END Hotel Action (List) ================  
[2023-06-26 11:16:55] HotelAction.INFO: ======= Start Hotel Action (List) ================  
[2023-06-26 11:16:55] HotelAction.INFO: method : POST  
[2023-06-26 11:16:55] HotelAction.INFO: contentType : application/json  
[2023-06-26 11:16:55] HotelAction.INFO: Input Data : {"decoded":{"sub":"1","id":"1","userName":"super admin","userGroup":"1","email":"superadmin@msense.in","hotelId":"4","brandId":"7","iat":1687754417,"exp":1687840817}}  
[2023-06-26 11:16:55] HotelAction.INFO: ======= END Hotel Action (List) ================  
[2023-06-26 11:17:03] HotelAction.INFO: ======= Start Hotel Action (List) ================  
[2023-06-26 11:17:03] HotelAction.INFO: method : POST  
[2023-06-26 11:17:03] HotelAction.INFO: contentType : application/json  
[2023-06-26 11:17:03] HotelAction.INFO: Input Data : {"decoded":{"sub":"1","id":"1","userName":"super admin","userGroup":"1","email":"superadmin@msense.in","hotelId":"4","brandId":"7","iat":1687754417,"exp":1687840817}}  
[2023-06-26 11:17:03] HotelAction.INFO: ======= END Hotel Action (List) ================  
[2023-06-26 11:17:06] HotelAction.INFO: ======= Start Hotel Action (List) ================  
[2023-06-26 11:17:06] HotelAction.INFO: method : POST  
[2023-06-26 11:17:06] HotelAction.INFO: contentType : application/json  
[2023-06-26 11:17:06] HotelAction.INFO: Input Data : {"decoded":{"sub":"1","id":"1","userName":"super admin","userGroup":"1","email":"superadmin@msense.in","hotelId":"4","brandId":"7","iat":1687754417,"exp":1687840817}}  
[2023-06-26 11:17:06] HotelAction.INFO: ======= END Hotel Action (List) ================  
[2023-06-26 11:30:56] HotelAction.INFO: ======= Start Hotel Action (List) ================  
[2023-06-26 11:30:56] HotelAction.INFO: method : POST  
[2023-06-26 11:30:56] HotelAction.INFO: contentType : application/json  
[2023-06-26 11:30:56] HotelAction.INFO: Input Data : {"decoded":{"sub":"1","id":"1","userName":"super admin","userGroup":"1","email":"superadmin@msense.in","hotelId":"4","brandId":"7","iat":1687754417,"exp":1687840817}}  
[2023-06-26 11:30:56] HotelAction.INFO: ======= END Hotel Action (List) ================  
[2023-06-26 11:32:52] HotelAction.INFO: ======= Start Hotel Action (List) ================  
[2023-06-26 11:32:52] HotelAction.INFO: method : POST  
[2023-06-26 11:32:52] HotelAction.INFO: contentType : application/json  
[2023-06-26 11:32:52] HotelAction.INFO: Input Data : {"decoded":{"sub":"1","id":"1","userName":"super admin","userGroup":"1","email":"superadmin@msense.in","hotelId":"4","brandId":"7","iat":1687754417,"exp":1687840817}}  
[2023-06-26 11:32:52] HotelAction.INFO: ======= END Hotel Action (List) ================  
[2023-06-26 11:33:07] HotelAction.INFO: ======= Start Hotel Action (List) ================  
[2023-06-26 11:33:07] HotelAction.INFO: method : POST  
[2023-06-26 11:33:07] HotelAction.INFO: contentType : application/json  
[2023-06-26 11:33:07] HotelAction.INFO: Input Data : {"decoded":{"sub":"1","id":"1","userName":"super admin","userGroup":"1","email":"superadmin@msense.in","hotelId":"4","brandId":"7","iat":1687754417,"exp":1687840817}}  
[2023-06-26 11:33:07] HotelAction.INFO: ======= END Hotel Action (List) ================  
[2023-06-26 11:34:04] HotelAction.INFO: ======= Start Hotel Action (List) ================  
[2023-06-26 11:34:04] HotelAction.INFO: method : POST  
[2023-06-26 11:34:04] HotelAction.INFO: contentType : application/json  
[2023-06-26 11:34:04] HotelAction.INFO: Input Data : {"decoded":{"sub":"1","id":"1","userName":"super admin","userGroup":"1","email":"superadmin@msense.in","hotelId":"4","brandId":"7","iat":1687754417,"exp":1687840817}}  
[2023-06-26 11:34:04] HotelAction.INFO: ======= END Hotel Action (List) ================  
[2023-06-26 11:34:44] HotelAction.INFO: ======= Start Hotel Action (List) ================  
[2023-06-26 11:34:44] HotelAction.INFO: method : POST  
[2023-06-26 11:34:44] HotelAction.INFO: contentType : application/json  
[2023-06-26 11:34:44] HotelAction.INFO: Input Data : {"decoded":{"sub":"1","id":"1","userName":"super admin","userGroup":"1","email":"superadmin@msense.in","hotelId":"4","brandId":"7","iat":1687754417,"exp":1687840817}}  
[2023-06-26 11:34:44] HotelAction.INFO: ======= END Hotel Action (List) ================  
[2023-06-26 11:36:52] HotelAction.INFO: ======= Start Hotel Action (List) ================  
[2023-06-26 11:36:52] HotelAction.INFO: method : POST  
[2023-06-26 11:36:52] HotelAction.INFO: contentType : application/json  
[2023-06-26 11:36:52] HotelAction.INFO: Input Data : {"decoded":{"sub":"1","id":"1","userName":"super admin","userGroup":"1","email":"superadmin@msense.in","hotelId":"4","brandId":"7","iat":1687754417,"exp":1687840817}}  
[2023-06-26 11:36:52] HotelAction.INFO: ======= END Hotel Action (List) ================  
[2023-06-26 11:38:10] HotelAction.INFO: ======= Start Hotel Action (List) ================  
[2023-06-26 11:38:10] HotelAction.INFO: method : POST  
[2023-06-26 11:38:10] HotelAction.INFO: contentType : application/json  
[2023-06-26 11:38:10] HotelAction.INFO: Input Data : {"decoded":{"sub":"1","id":"1","userName":"super admin","userGroup":"1","email":"superadmin@msense.in","hotelId":"4","brandId":"7","iat":1687754417,"exp":1687840817}}  
[2023-06-26 11:38:10] HotelAction.INFO: ======= END Hotel Action (List) ================  
[2023-06-26 11:38:32] HotelAction.INFO: ======= Start Hotel Action (List) ================  
[2023-06-26 11:38:32] HotelAction.INFO: method : POST  
[2023-06-26 11:38:32] HotelAction.INFO: contentType : application/json  
[2023-06-26 11:38:32] HotelAction.INFO: Input Data : {"decoded":{"sub":"1","id":"1","userName":"super admin","userGroup":"1","email":"superadmin@msense.in","hotelId":"4","brandId":"7","iat":1687754417,"exp":1687840817}}  
[2023-06-26 11:38:32] HotelAction.INFO: ======= END Hotel Action (List) ================  
[2023-06-26 11:38:44] HotelAction.INFO: ======= Start Hotel Action (List) ================  
[2023-06-26 11:38:44] HotelAction.INFO: method : POST  
[2023-06-26 11:38:44] HotelAction.INFO: contentType : application/json  
[2023-06-26 11:38:44] HotelAction.INFO: Input Data : {"decoded":{"sub":"1","id":"1","userName":"super admin","userGroup":"1","email":"superadmin@msense.in","hotelId":"4","brandId":"7","iat":1687754417,"exp":1687840817}}  
[2023-06-26 11:38:44] HotelAction.INFO: ======= END Hotel Action (List) ================  
[2023-06-26 11:38:59] HotelAction.INFO: ======= Start Hotel Action (List) ================  
[2023-06-26 11:38:59] HotelAction.INFO: method : POST  
[2023-06-26 11:38:59] HotelAction.INFO: contentType : application/json  
[2023-06-26 11:38:59] HotelAction.INFO: Input Data : {"decoded":{"sub":"1","id":"1","userName":"super admin","userGroup":"1","email":"superadmin@msense.in","hotelId":"4","brandId":"7","iat":1687754417,"exp":1687840817}}  
[2023-06-26 11:38:59] HotelAction.INFO: ======= END Hotel Action (List) ================  
[2023-06-26 11:39:33] HotelAction.INFO: ======= Start Hotel Action (List) ================  
[2023-06-26 11:39:33] HotelAction.INFO: method : POST  
[2023-06-26 11:39:33] HotelAction.INFO: contentType : application/json  
[2023-06-26 11:39:33] HotelAction.INFO: Input Data : {"decoded":{"sub":"1","id":"1","userName":"super admin","userGroup":"1","email":"superadmin@msense.in","hotelId":"4","brandId":"7","iat":1687754417,"exp":1687840817}}  
[2023-06-26 11:39:33] HotelAction.INFO: ======= END Hotel Action (List) ================  
[2023-06-26 11:47:27] HotelAction.INFO: ======= Start Hotel Action (List) ================  
[2023-06-26 11:47:27] HotelAction.INFO: method : POST  
[2023-06-26 11:47:27] HotelAction.INFO: contentType : application/json  
[2023-06-26 11:47:27] HotelAction.INFO: Input Data : {"decoded":{"sub":"1","id":"1","userName":"super admin","userGroup":"1","email":"superadmin@msense.in","hotelId":"4","brandId":"7","iat":1687754417,"exp":1687840817}}  
[2023-06-26 11:47:27] HotelAction.INFO: ======= END Hotel Action (List) ================  
[2023-06-26 11:47:37] HotelAction.INFO: ======= Start Hotel Action (List) ================  
[2023-06-26 11:47:37] HotelAction.INFO: method : POST  
[2023-06-26 11:47:37] HotelAction.INFO: contentType : application/json  
[2023-06-26 11:47:37] HotelAction.INFO: Input Data : {"decoded":{"sub":"1","id":"1","userName":"super admin","userGroup":"1","email":"superadmin@msense.in","hotelId":"4","brandId":"7","iat":1687754417,"exp":1687840817}}  
[2023-06-26 11:47:37] HotelAction.INFO: ======= END Hotel Action (List) ================  
[2023-06-26 11:47:40] HotelAction.INFO: ======= Start Hotel Action (List) ================  
[2023-06-26 11:47:40] HotelAction.INFO: method : POST  
[2023-06-26 11:47:40] HotelAction.INFO: contentType : application/json  
[2023-06-26 11:47:40] HotelAction.INFO: Input Data : {"decoded":{"sub":"1","id":"1","userName":"super admin","userGroup":"1","email":"superadmin@msense.in","hotelId":"4","brandId":"7","iat":1687754417,"exp":1687840817}}  
[2023-06-26 11:47:40] HotelAction.INFO: ======= END Hotel Action (List) ================  
[2023-06-26 11:47:50] HotelAction.INFO: ======= Start Hotel Action (List) ================  
[2023-06-26 11:47:50] HotelAction.INFO: method : POST  
[2023-06-26 11:47:50] HotelAction.INFO: contentType : application/json  
[2023-06-26 11:47:50] HotelAction.INFO: Input Data : {"decoded":{"sub":"1","id":"1","userName":"super admin","userGroup":"1","email":"superadmin@msense.in","hotelId":"4","brandId":"7","iat":1687754417,"exp":1687840817}}  
[2023-06-26 11:47:50] HotelAction.INFO: ======= END Hotel Action (List) ================  
