[2023-06-26 09:36:15] CommonRepository.INFO: ======= Start Common Repository ================  
[2023-06-26 09:36:15] CommonModel.INFO: Query : CALL SP_OttLookUp(0, 1, 'SIDEBARMENUPARENTALL')  
[2023-06-26 09:36:15] CommonModel.INFO: getAllListDataZeroRecords (count) : 3  
[2023-06-26 09:36:15] CommonModel.INFO: Query : CALL SP_OttLookUp(1, 1, 'MENUACCESSDETAILS')  
[2023-06-26 09:36:15] CommonModel.INFO: getAllListDataZeroRecords (count) : 1  
[2023-06-26 09:36:15] CommonModel.INFO: Query : CALL SP_OttLookUp(1, 1, 'SIDEBARSUBMENUALL')  
[2023-06-26 09:36:15] CommonModel.INFO: Query : CALL SP_OttLookUp(2, 1, 'MENUACCESSDETAILS')  
[2023-06-26 09:36:15] CommonModel.INFO: getAllListDataZeroRecords (count) : 1  
[2023-06-26 09:36:15] CommonModel.INFO: Query : CALL SP_OttLookUp(2, 1, 'SIDEBARSUBMENUALL')  
[2023-06-26 09:36:15] CommonModel.INFO: Query : CALL SP_OttLookUp(3, 1, 'MENUACCESSDETAILS')  
[2023-06-26 09:36:15] CommonModel.INFO: getAllListDataZeroRecords (count) : 1  
[2023-06-26 09:36:15] CommonModel.INFO: Query : CALL SP_OttLookUp(3, 1, 'SIDEBARSUBMENUALL')  
[2023-06-26 09:36:15] CommonModel.INFO: getAllListDataZeroRecords (count) : 4  
[2023-06-26 09:36:15] CommonModel.INFO: Query : CALL SP_OttLookUp(4, 1, 'MENUACCESSDETAILS')  
[2023-06-26 09:36:15] CommonModel.INFO: getAllListDataZeroRecords (count) : 1  
[2023-06-26 09:36:15] CommonModel.INFO: Query : CALL SP_OttLookUp(5, 1, 'MENUACCESSDETAILS')  
[2023-06-26 09:36:15] CommonModel.INFO: getAllListDataZeroRecords (count) : 1  
[2023-06-26 09:36:15] CommonModel.INFO: Query : CALL SP_OttLookUp(6, 1, 'MENUACCESSDETAILS')  
[2023-06-26 09:36:15] CommonModel.INFO: getAllListDataZeroRecords (count) : 1  
[2023-06-26 09:36:15] CommonModel.INFO: Query : CALL SP_OttLookUp(7, 1, 'MENUACCESSDETAILS')  
[2023-06-26 09:36:15] CommonModel.INFO: getAllListDataZeroRecords (count) : 1  
[2023-06-26 09:36:15] CommonRepository.INFO: ======= End Common Repository ================  
[2023-06-26 09:41:11] CommonRepository.INFO: ======= Start Common Repository ================  
[2023-06-26 09:41:11] CommonModel.INFO: Query : CALL SP_OttLookUp(0, 1, 'SIDEBARMENUPARENTALL')  
[2023-06-26 09:41:11] CommonModel.INFO: getAllListDataZeroRecords (count) : 3  
[2023-06-26 09:41:11] CommonModel.INFO: Query : CALL SP_OttLookUp(1, 1, 'MENUACCESSDETAILS')  
[2023-06-26 09:41:11] CommonModel.INFO: getAllListDataZeroRecords (count) : 1  
[2023-06-26 09:41:11] CommonModel.INFO: Query : CALL SP_OttLookUp(1, 1, 'SIDEBARSUBMENUALL')  
[2023-06-26 09:41:11] CommonModel.INFO: Query : CALL SP_OttLookUp(2, 1, 'MENUACCESSDETAILS')  
[2023-06-26 09:41:11] CommonModel.INFO: getAllListDataZeroRecords (count) : 1  
[2023-06-26 09:41:11] CommonModel.INFO: Query : CALL SP_OttLookUp(2, 1, 'SIDEBARSUBMENUALL')  
[2023-06-26 09:41:11] CommonModel.INFO: Query : CALL SP_OttLookUp(3, 1, 'MENUACCESSDETAILS')  
[2023-06-26 09:41:11] CommonModel.INFO: getAllListDataZeroRecords (count) : 1  
[2023-06-26 09:41:11] CommonModel.INFO: Query : CALL SP_OttLookUp(3, 1, 'SIDEBARSUBMENUALL')  
[2023-06-26 09:41:11] CommonModel.INFO: getAllListDataZeroRecords (count) : 4  
[2023-06-26 09:41:11] CommonModel.INFO: Query : CALL SP_OttLookUp(4, 1, 'MENUACCESSDETAILS')  
[2023-06-26 09:41:11] CommonModel.INFO: getAllListDataZeroRecords (count) : 1  
[2023-06-26 09:41:11] CommonModel.INFO: Query : CALL SP_OttLookUp(5, 1, 'MENUACCESSDETAILS')  
[2023-06-26 09:41:11] CommonModel.INFO: getAllListDataZeroRecords (count) : 1  
[2023-06-26 09:41:11] CommonModel.INFO: Query : CALL SP_OttLookUp(6, 1, 'MENUACCESSDETAILS')  
[2023-06-26 09:41:11] CommonModel.INFO: getAllListDataZeroRecords (count) : 1  
[2023-06-26 09:41:11] CommonModel.INFO: Query : CALL SP_OttLookUp(7, 1, 'MENUACCESSDETAILS')  
[2023-06-26 09:41:11] CommonModel.INFO: getAllListDataZeroRecords (count) : 1  
[2023-06-26 09:41:11] CommonRepository.INFO: ======= End Common Repository ================  
[2023-06-26 09:47:15] CommonRepository.INFO: ======= Start Common Repository ================  
[2023-06-26 09:47:15] CommonModel.INFO: Query : CALL SP_OttLookUp(0, 1, 'SIDEBARMENUPARENTALL')  
[2023-06-26 09:47:15] CommonModel.INFO: getAllListDataZeroRecords (count) : 3  
[2023-06-26 09:47:15] CommonModel.INFO: Query : CALL SP_OttLookUp(1, 1, 'MENUACCESSDETAILS')  
[2023-06-26 09:47:15] CommonModel.INFO: getAllListDataZeroRecords (count) : 1  
[2023-06-26 09:47:15] CommonModel.INFO: Query : CALL SP_OttLookUp(1, 1, 'SIDEBARSUBMENUALL')  
[2023-06-26 09:47:15] CommonModel.INFO: Query : CALL SP_OttLookUp(2, 1, 'MENUACCESSDETAILS')  
[2023-06-26 09:47:15] CommonModel.INFO: getAllListDataZeroRecords (count) : 1  
[2023-06-26 09:47:15] CommonModel.INFO: Query : CALL SP_OttLookUp(2, 1, 'SIDEBARSUBMENUALL')  
[2023-06-26 09:47:15] CommonModel.INFO: Query : CALL SP_OttLookUp(3, 1, 'MENUACCESSDETAILS')  
[2023-06-26 09:47:15] CommonModel.INFO: getAllListDataZeroRecords (count) : 1  
[2023-06-26 09:47:15] CommonModel.INFO: Query : CALL SP_OttLookUp(3, 1, 'SIDEBARSUBMENUALL')  
[2023-06-26 09:47:15] CommonModel.INFO: getAllListDataZeroRecords (count) : 4  
[2023-06-26 09:47:15] CommonModel.INFO: Query : CALL SP_OttLookUp(4, 1, 'MENUACCESSDETAILS')  
[2023-06-26 09:47:15] CommonModel.INFO: getAllListDataZeroRecords (count) : 1  
[2023-06-26 09:47:15] CommonModel.INFO: Query : CALL SP_OttLookUp(5, 1, 'MENUACCESSDETAILS')  
[2023-06-26 09:47:15] CommonModel.INFO: getAllListDataZeroRecords (count) : 1  
[2023-06-26 09:47:15] CommonModel.INFO: Query : CALL SP_OttLookUp(6, 1, 'MENUACCESSDETAILS')  
[2023-06-26 09:47:15] CommonModel.INFO: getAllListDataZeroRecords (count) : 1  
[2023-06-26 09:47:15] CommonModel.INFO: Query : CALL SP_OttLookUp(7, 1, 'MENUACCESSDETAILS')  
[2023-06-26 09:47:15] CommonModel.INFO: getAllListDataZeroRecords (count) : 1  
[2023-06-26 09:47:15] CommonRepository.INFO: ======= End Common Repository ================  
[2023-06-26 09:56:52] CommonRepository.INFO: ======= Start Common Repository ================  
[2023-06-26 09:56:52] CommonModel.INFO: Query : CALL SP_OttLookUp(0, 1, 'SIDEBARMENUPARENTALL')  
[2023-06-26 09:56:52] CommonModel.INFO: getAllListDataZeroRecords (count) : 3  
[2023-06-26 09:56:52] CommonModel.INFO: Query : CALL SP_OttLookUp(1, 1, 'MENUACCESSDETAILS')  
[2023-06-26 09:56:52] CommonModel.INFO: getAllListDataZeroRecords (count) : 1  
[2023-06-26 09:56:52] CommonModel.INFO: Query : CALL SP_OttLookUp(1, 1, 'SIDEBARSUBMENUALL')  
[2023-06-26 09:56:52] CommonModel.INFO: Query : CALL SP_OttLookUp(2, 1, 'MENUACCESSDETAILS')  
[2023-06-26 09:56:52] CommonModel.INFO: getAllListDataZeroRecords (count) : 1  
[2023-06-26 09:56:52] CommonModel.INFO: Query : CALL SP_OttLookUp(2, 1, 'SIDEBARSUBMENUALL')  
[2023-06-26 09:56:52] CommonModel.INFO: Query : CALL SP_OttLookUp(3, 1, 'MENUACCESSDETAILS')  
[2023-06-26 09:56:52] CommonModel.INFO: getAllListDataZeroRecords (count) : 1  
[2023-06-26 09:56:52] CommonModel.INFO: Query : CALL SP_OttLookUp(3, 1, 'SIDEBARSUBMENUALL')  
[2023-06-26 09:56:52] CommonModel.INFO: getAllListDataZeroRecords (count) : 4  
[2023-06-26 09:56:52] CommonModel.INFO: Query : CALL SP_OttLookUp(4, 1, 'MENUACCESSDETAILS')  
[2023-06-26 09:56:52] CommonModel.INFO: getAllListDataZeroRecords (count) : 1  
[2023-06-26 09:56:52] CommonModel.INFO: Query : CALL SP_OttLookUp(5, 1, 'MENUACCESSDETAILS')  
[2023-06-26 09:56:52] CommonModel.INFO: getAllListDataZeroRecords (count) : 1  
[2023-06-26 09:56:52] CommonModel.INFO: Query : CALL SP_OttLookUp(6, 1, 'MENUACCESSDETAILS')  
[2023-06-26 09:56:52] CommonModel.INFO: getAllListDataZeroRecords (count) : 1  
[2023-06-26 09:56:52] CommonModel.INFO: Query : CALL SP_OttLookUp(7, 1, 'MENUACCESSDETAILS')  
[2023-06-26 09:56:52] CommonModel.INFO: getAllListDataZeroRecords (count) : 1  
[2023-06-26 09:56:52] CommonRepository.INFO: ======= End Common Repository ================  
[2023-06-26 09:57:29] CommonRepository.INFO: ======= Start Common Repository ================  
[2023-06-26 09:57:29] CommonModel.INFO: Query : CALL SP_OttLookUp(0, 1, 'SIDEBARMENUPARENTALL')  
[2023-06-26 09:57:29] CommonModel.INFO: getAllListDataZeroRecords (count) : 3  
[2023-06-26 09:57:29] CommonModel.INFO: Query : CALL SP_OttLookUp(1, 1, 'MENUACCESSDETAILS')  
[2023-06-26 09:57:29] CommonModel.INFO: getAllListDataZeroRecords (count) : 1  
[2023-06-26 09:57:29] CommonModel.INFO: Query : CALL SP_OttLookUp(1, 1, 'SIDEBARSUBMENUALL')  
[2023-06-26 09:57:29] CommonModel.INFO: Query : CALL SP_OttLookUp(2, 1, 'MENUACCESSDETAILS')  
[2023-06-26 09:57:29] CommonModel.INFO: getAllListDataZeroRecords (count) : 1  
[2023-06-26 09:57:29] CommonModel.INFO: Query : CALL SP_OttLookUp(2, 1, 'SIDEBARSUBMENUALL')  
[2023-06-26 09:57:29] CommonModel.INFO: Query : CALL SP_OttLookUp(3, 1, 'MENUACCESSDETAILS')  
[2023-06-26 09:57:29] CommonModel.INFO: getAllListDataZeroRecords (count) : 1  
[2023-06-26 09:57:29] CommonModel.INFO: Query : CALL SP_OttLookUp(3, 1, 'SIDEBARSUBMENUALL')  
[2023-06-26 09:57:29] CommonModel.INFO: getAllListDataZeroRecords (count) : 4  
[2023-06-26 09:57:29] CommonModel.INFO: Query : CALL SP_OttLookUp(4, 1, 'MENUACCESSDETAILS')  
[2023-06-26 09:57:29] CommonModel.INFO: getAllListDataZeroRecords (count) : 1  
[2023-06-26 09:57:29] CommonModel.INFO: Query : CALL SP_OttLookUp(5, 1, 'MENUACCESSDETAILS')  
[2023-06-26 09:57:29] CommonModel.INFO: getAllListDataZeroRecords (count) : 1  
[2023-06-26 09:57:29] CommonModel.INFO: Query : CALL SP_OttLookUp(6, 1, 'MENUACCESSDETAILS')  
[2023-06-26 09:57:29] CommonModel.INFO: getAllListDataZeroRecords (count) : 1  
[2023-06-26 09:57:29] CommonModel.INFO: Query : CALL SP_OttLookUp(7, 1, 'MENUACCESSDETAILS')  
[2023-06-26 09:57:29] CommonModel.INFO: getAllListDataZeroRecords (count) : 1  
[2023-06-26 09:57:29] CommonRepository.INFO: ======= End Common Repository ================  
[2023-06-26 09:57:31] CommonRepository.INFO: ======= Start Common Repository ================  
[2023-06-26 09:57:31] CommonModel.INFO: Query : CALL SP_OttLookUp(0, 1, 'SIDEBARMENUPARENTALL')  
[2023-06-26 09:57:31] CommonModel.INFO: getAllListDataZeroRecords (count) : 3  
[2023-06-26 09:57:31] CommonModel.INFO: Query : CALL SP_OttLookUp(1, 1, 'MENUACCESSDETAILS')  
[2023-06-26 09:57:31] CommonModel.INFO: getAllListDataZeroRecords (count) : 1  
[2023-06-26 09:57:31] CommonModel.INFO: Query : CALL SP_OttLookUp(1, 1, 'SIDEBARSUBMENUALL')  
[2023-06-26 09:57:31] CommonModel.INFO: Query : CALL SP_OttLookUp(2, 1, 'MENUACCESSDETAILS')  
[2023-06-26 09:57:31] CommonModel.INFO: getAllListDataZeroRecords (count) : 1  
[2023-06-26 09:57:31] CommonModel.INFO: Query : CALL SP_OttLookUp(2, 1, 'SIDEBARSUBMENUALL')  
[2023-06-26 09:57:31] CommonModel.INFO: Query : CALL SP_OttLookUp(3, 1, 'MENUACCESSDETAILS')  
[2023-06-26 09:57:31] CommonModel.INFO: getAllListDataZeroRecords (count) : 1  
[2023-06-26 09:57:31] CommonModel.INFO: Query : CALL SP_OttLookUp(3, 1, 'SIDEBARSUBMENUALL')  
[2023-06-26 09:57:31] CommonModel.INFO: getAllListDataZeroRecords (count) : 4  
[2023-06-26 09:57:31] CommonModel.INFO: Query : CALL SP_OttLookUp(4, 1, 'MENUACCESSDETAILS')  
[2023-06-26 09:57:31] CommonModel.INFO: getAllListDataZeroRecords (count) : 1  
[2023-06-26 09:57:31] CommonModel.INFO: Query : CALL SP_OttLookUp(5, 1, 'MENUACCESSDETAILS')  
[2023-06-26 09:57:31] CommonModel.INFO: getAllListDataZeroRecords (count) : 1  
[2023-06-26 09:57:31] CommonModel.INFO: Query : CALL SP_OttLookUp(6, 1, 'MENUACCESSDETAILS')  
[2023-06-26 09:57:31] CommonModel.INFO: getAllListDataZeroRecords (count) : 1  
[2023-06-26 09:57:31] CommonModel.INFO: Query : CALL SP_OttLookUp(7, 1, 'MENUACCESSDETAILS')  
[2023-06-26 09:57:31] CommonModel.INFO: getAllListDataZeroRecords (count) : 1  
[2023-06-26 09:57:31] CommonRepository.INFO: ======= End Common Repository ================  
[2023-06-26 10:01:32] CommonRepository.INFO: ======= Start Common Repository ================  
[2023-06-26 10:01:32] CommonModel.INFO: Query : CALL SP_OttLookUp(0, 1, 'SIDEBARMENUPARENTALL')  
[2023-06-26 10:01:32] CommonModel.INFO: getAllListDataZeroRecords (count) : 3  
[2023-06-26 10:01:32] CommonModel.INFO: Query : CALL SP_OttLookUp(1, 1, 'MENUACCESSDETAILS')  
[2023-06-26 10:01:32] CommonModel.INFO: getAllListDataZeroRecords (count) : 1  
[2023-06-26 10:01:32] CommonModel.INFO: Query : CALL SP_OttLookUp(1, 1, 'SIDEBARSUBMENUALL')  
[2023-06-26 10:01:32] CommonModel.INFO: Query : CALL SP_OttLookUp(2, 1, 'MENUACCESSDETAILS')  
[2023-06-26 10:01:32] CommonModel.INFO: getAllListDataZeroRecords (count) : 1  
[2023-06-26 10:01:32] CommonModel.INFO: Query : CALL SP_OttLookUp(2, 1, 'SIDEBARSUBMENUALL')  
[2023-06-26 10:01:32] CommonModel.INFO: Query : CALL SP_OttLookUp(3, 1, 'MENUACCESSDETAILS')  
[2023-06-26 10:01:32] CommonModel.INFO: getAllListDataZeroRecords (count) : 1  
[2023-06-26 10:01:32] CommonModel.INFO: Query : CALL SP_OttLookUp(3, 1, 'SIDEBARSUBMENUALL')  
[2023-06-26 10:01:32] CommonModel.INFO: getAllListDataZeroRecords (count) : 4  
[2023-06-26 10:01:32] CommonModel.INFO: Query : CALL SP_OttLookUp(4, 1, 'MENUACCESSDETAILS')  
[2023-06-26 10:01:32] CommonModel.INFO: getAllListDataZeroRecords (count) : 1  
[2023-06-26 10:01:32] CommonModel.INFO: Query : CALL SP_OttLookUp(5, 1, 'MENUACCESSDETAILS')  
[2023-06-26 10:01:32] CommonModel.INFO: getAllListDataZeroRecords (count) : 1  
[2023-06-26 10:01:32] CommonModel.INFO: Query : CALL SP_OttLookUp(6, 1, 'MENUACCESSDETAILS')  
[2023-06-26 10:01:32] CommonModel.INFO: getAllListDataZeroRecords (count) : 1  
[2023-06-26 10:01:32] CommonModel.INFO: Query : CALL SP_OttLookUp(7, 1, 'MENUACCESSDETAILS')  
[2023-06-26 10:01:32] CommonModel.INFO: getAllListDataZeroRecords (count) : 1  
[2023-06-26 10:01:32] CommonRepository.INFO: ======= End Common Repository ================  
[2023-06-26 10:06:12] CommonRepository.INFO: ======= Start Common Repository ================  
[2023-06-26 10:06:12] CommonModel.INFO: Query : CALL SP_OttLookUp(0, 1, 'SIDEBARMENUPARENTALL')  
[2023-06-26 10:06:12] CommonModel.INFO: getAllListDataZeroRecords (count) : 3  
[2023-06-26 10:06:12] CommonModel.INFO: Query : CALL SP_OttLookUp(1, 1, 'MENUACCESSDETAILS')  
[2023-06-26 10:06:12] CommonModel.INFO: getAllListDataZeroRecords (count) : 1  
[2023-06-26 10:06:12] CommonModel.INFO: Query : CALL SP_OttLookUp(1, 1, 'SIDEBARSUBMENUALL')  
[2023-06-26 10:06:12] CommonModel.INFO: Query : CALL SP_OttLookUp(2, 1, 'MENUACCESSDETAILS')  
[2023-06-26 10:06:12] CommonModel.INFO: getAllListDataZeroRecords (count) : 1  
[2023-06-26 10:06:12] CommonModel.INFO: Query : CALL SP_OttLookUp(2, 1, 'SIDEBARSUBMENUALL')  
[2023-06-26 10:06:12] CommonModel.INFO: Query : CALL SP_OttLookUp(3, 1, 'MENUACCESSDETAILS')  
[2023-06-26 10:06:12] CommonModel.INFO: getAllListDataZeroRecords (count) : 1  
[2023-06-26 10:06:12] CommonModel.INFO: Query : CALL SP_OttLookUp(3, 1, 'SIDEBARSUBMENUALL')  
[2023-06-26 10:06:12] CommonModel.INFO: getAllListDataZeroRecords (count) : 4  
[2023-06-26 10:06:12] CommonModel.INFO: Query : CALL SP_OttLookUp(4, 1, 'MENUACCESSDETAILS')  
[2023-06-26 10:06:12] CommonModel.INFO: getAllListDataZeroRecords (count) : 1  
[2023-06-26 10:06:12] CommonModel.INFO: Query : CALL SP_OttLookUp(5, 1, 'MENUACCESSDETAILS')  
[2023-06-26 10:06:12] CommonModel.INFO: getAllListDataZeroRecords (count) : 1  
[2023-06-26 10:06:12] CommonModel.INFO: Query : CALL SP_OttLookUp(6, 1, 'MENUACCESSDETAILS')  
[2023-06-26 10:06:12] CommonModel.INFO: getAllListDataZeroRecords (count) : 1  
[2023-06-26 10:06:12] CommonModel.INFO: Query : CALL SP_OttLookUp(7, 1, 'MENUACCESSDETAILS')  
[2023-06-26 10:06:12] CommonModel.INFO: getAllListDataZeroRecords (count) : 1  
[2023-06-26 10:06:12] CommonRepository.INFO: ======= End Common Repository ================  
[2023-06-26 10:17:02] CommonRepository.INFO: ======= Start Common Repository ================  
[2023-06-26 10:17:02] CommonModel.INFO: Query : CALL SP_OttLookUp(0, 1, 'SIDEBARMENUPARENTALL')  
[2023-06-26 10:17:02] CommonModel.INFO: getAllListDataZeroRecords (count) : 3  
[2023-06-26 10:17:02] CommonModel.INFO: Query : CALL SP_OttLookUp(1, 1, 'MENUACCESSDETAILS')  
[2023-06-26 10:17:02] CommonModel.INFO: getAllListDataZeroRecords (count) : 1  
[2023-06-26 10:17:02] CommonModel.INFO: Query : CALL SP_OttLookUp(1, 1, 'SIDEBARSUBMENUALL')  
[2023-06-26 10:17:02] CommonModel.INFO: Query : CALL SP_OttLookUp(2, 1, 'MENUACCESSDETAILS')  
[2023-06-26 10:17:02] CommonModel.INFO: getAllListDataZeroRecords (count) : 1  
[2023-06-26 10:17:02] CommonModel.INFO: Query : CALL SP_OttLookUp(2, 1, 'SIDEBARSUBMENUALL')  
[2023-06-26 10:17:02] CommonModel.INFO: Query : CALL SP_OttLookUp(3, 1, 'MENUACCESSDETAILS')  
[2023-06-26 10:17:02] CommonModel.INFO: getAllListDataZeroRecords (count) : 1  
[2023-06-26 10:17:02] CommonModel.INFO: Query : CALL SP_OttLookUp(3, 1, 'SIDEBARSUBMENUALL')  
[2023-06-26 10:17:02] CommonModel.INFO: getAllListDataZeroRecords (count) : 4  
[2023-06-26 10:17:02] CommonModel.INFO: Query : CALL SP_OttLookUp(4, 1, 'MENUACCESSDETAILS')  
[2023-06-26 10:17:02] CommonModel.INFO: getAllListDataZeroRecords (count) : 1  
[2023-06-26 10:17:02] CommonModel.INFO: Query : CALL SP_OttLookUp(5, 1, 'MENUACCESSDETAILS')  
[2023-06-26 10:17:02] CommonModel.INFO: getAllListDataZeroRecords (count) : 1  
[2023-06-26 10:17:02] CommonModel.INFO: Query : CALL SP_OttLookUp(6, 1, 'MENUACCESSDETAILS')  
[2023-06-26 10:17:02] CommonModel.INFO: getAllListDataZeroRecords (count) : 1  
[2023-06-26 10:17:02] CommonModel.INFO: Query : CALL SP_OttLookUp(7, 1, 'MENUACCESSDETAILS')  
[2023-06-26 10:17:02] CommonModel.INFO: getAllListDataZeroRecords (count) : 1  
[2023-06-26 10:17:02] CommonRepository.INFO: ======= End Common Repository ================  
[2023-06-26 10:18:54] CommonRepository.INFO: ======= Start Common Repository ================  
[2023-06-26 10:18:54] CommonModel.INFO: Query : CALL SP_OttLookUp(0, 1, 'SIDEBARMENUPARENTALL')  
[2023-06-26 10:18:54] CommonModel.INFO: getAllListDataZeroRecords (count) : 3  
[2023-06-26 10:18:54] CommonModel.INFO: Query : CALL SP_OttLookUp(1, 1, 'MENUACCESSDETAILS')  
[2023-06-26 10:18:54] CommonModel.INFO: getAllListDataZeroRecords (count) : 1  
[2023-06-26 10:18:54] CommonModel.INFO: Query : CALL SP_OttLookUp(1, 1, 'SIDEBARSUBMENUALL')  
[2023-06-26 10:18:54] CommonModel.INFO: Query : CALL SP_OttLookUp(2, 1, 'MENUACCESSDETAILS')  
[2023-06-26 10:18:54] CommonModel.INFO: getAllListDataZeroRecords (count) : 1  
[2023-06-26 10:18:54] CommonModel.INFO: Query : CALL SP_OttLookUp(2, 1, 'SIDEBARSUBMENUALL')  
[2023-06-26 10:18:54] CommonModel.INFO: Query : CALL SP_OttLookUp(3, 1, 'MENUACCESSDETAILS')  
[2023-06-26 10:18:54] CommonModel.INFO: getAllListDataZeroRecords (count) : 1  
[2023-06-26 10:18:54] CommonModel.INFO: Query : CALL SP_OttLookUp(3, 1, 'SIDEBARSUBMENUALL')  
[2023-06-26 10:18:54] CommonModel.INFO: getAllListDataZeroRecords (count) : 4  
[2023-06-26 10:18:54] CommonModel.INFO: Query : CALL SP_OttLookUp(4, 1, 'MENUACCESSDETAILS')  
[2023-06-26 10:18:54] CommonModel.INFO: getAllListDataZeroRecords (count) : 1  
[2023-06-26 10:18:54] CommonModel.INFO: Query : CALL SP_OttLookUp(5, 1, 'MENUACCESSDETAILS')  
[2023-06-26 10:18:54] CommonModel.INFO: getAllListDataZeroRecords (count) : 1  
[2023-06-26 10:18:54] CommonModel.INFO: Query : CALL SP_OttLookUp(6, 1, 'MENUACCESSDETAILS')  
[2023-06-26 10:18:54] CommonModel.INFO: getAllListDataZeroRecords (count) : 1  
[2023-06-26 10:18:54] CommonModel.INFO: Query : CALL SP_OttLookUp(7, 1, 'MENUACCESSDETAILS')  
[2023-06-26 10:18:54] CommonModel.INFO: getAllListDataZeroRecords (count) : 1  
[2023-06-26 10:18:54] CommonRepository.INFO: ======= End Common Repository ================  
[2023-06-26 10:19:57] CommonRepository.INFO: ======= Start Common Repository ================  
[2023-06-26 10:19:57] CommonModel.INFO: Query : CALL SP_OttLookUp(0, 1, 'SIDEBARMENUPARENTALL')  
[2023-06-26 10:19:57] CommonModel.INFO: getAllListDataZeroRecords (count) : 3  
[2023-06-26 10:19:57] CommonModel.INFO: Query : CALL SP_OttLookUp(1, 1, 'MENUACCESSDETAILS')  
[2023-06-26 10:19:57] CommonModel.INFO: getAllListDataZeroRecords (count) : 1  
[2023-06-26 10:19:57] CommonModel.INFO: Query : CALL SP_OttLookUp(1, 1, 'SIDEBARSUBMENUALL')  
[2023-06-26 10:19:57] CommonModel.INFO: Query : CALL SP_OttLookUp(2, 1, 'MENUACCESSDETAILS')  
[2023-06-26 10:19:57] CommonModel.INFO: getAllListDataZeroRecords (count) : 1  
[2023-06-26 10:19:57] CommonModel.INFO: Query : CALL SP_OttLookUp(2, 1, 'SIDEBARSUBMENUALL')  
[2023-06-26 10:19:57] CommonModel.INFO: Query : CALL SP_OttLookUp(3, 1, 'MENUACCESSDETAILS')  
[2023-06-26 10:19:57] CommonModel.INFO: getAllListDataZeroRecords (count) : 1  
[2023-06-26 10:19:57] CommonModel.INFO: Query : CALL SP_OttLookUp(3, 1, 'SIDEBARSUBMENUALL')  
[2023-06-26 10:19:57] CommonModel.INFO: getAllListDataZeroRecords (count) : 4  
[2023-06-26 10:19:57] CommonModel.INFO: Query : CALL SP_OttLookUp(4, 1, 'MENUACCESSDETAILS')  
[2023-06-26 10:19:57] CommonModel.INFO: getAllListDataZeroRecords (count) : 1  
[2023-06-26 10:19:57] CommonModel.INFO: Query : CALL SP_OttLookUp(5, 1, 'MENUACCESSDETAILS')  
[2023-06-26 10:19:57] CommonModel.INFO: getAllListDataZeroRecords (count) : 1  
[2023-06-26 10:19:57] CommonModel.INFO: Query : CALL SP_OttLookUp(6, 1, 'MENUACCESSDETAILS')  
[2023-06-26 10:19:57] CommonModel.INFO: getAllListDataZeroRecords (count) : 1  
[2023-06-26 10:19:57] CommonModel.INFO: Query : CALL SP_OttLookUp(7, 1, 'MENUACCESSDETAILS')  
[2023-06-26 10:19:57] CommonModel.INFO: getAllListDataZeroRecords (count) : 1  
[2023-06-26 10:19:57] CommonRepository.INFO: ======= End Common Repository ================  
[2023-06-26 10:23:05] CommonRepository.INFO: ======= Start Common Repository ================  
[2023-06-26 10:23:05] CommonModel.INFO: Query : CALL SP_OttLookUp(0, 1, 'SIDEBARMENUPARENTALL')  
[2023-06-26 10:23:05] CommonModel.INFO: getAllListDataZeroRecords (count) : 3  
[2023-06-26 10:23:05] CommonModel.INFO: Query : CALL SP_OttLookUp(1, 1, 'MENUACCESSDETAILS')  
[2023-06-26 10:23:05] CommonModel.INFO: getAllListDataZeroRecords (count) : 1  
[2023-06-26 10:23:05] CommonModel.INFO: Query : CALL SP_OttLookUp(1, 1, 'SIDEBARSUBMENUALL')  
[2023-06-26 10:23:05] CommonModel.INFO: Query : CALL SP_OttLookUp(2, 1, 'MENUACCESSDETAILS')  
[2023-06-26 10:23:05] CommonModel.INFO: getAllListDataZeroRecords (count) : 1  
[2023-06-26 10:23:05] CommonModel.INFO: Query : CALL SP_OttLookUp(2, 1, 'SIDEBARSUBMENUALL')  
[2023-06-26 10:23:05] CommonModel.INFO: Query : CALL SP_OttLookUp(3, 1, 'MENUACCESSDETAILS')  
[2023-06-26 10:23:05] CommonModel.INFO: getAllListDataZeroRecords (count) : 1  
[2023-06-26 10:23:05] CommonModel.INFO: Query : CALL SP_OttLookUp(3, 1, 'SIDEBARSUBMENUALL')  
[2023-06-26 10:23:05] CommonModel.INFO: getAllListDataZeroRecords (count) : 4  
[2023-06-26 10:23:05] CommonModel.INFO: Query : CALL SP_OttLookUp(4, 1, 'MENUACCESSDETAILS')  
[2023-06-26 10:23:05] CommonModel.INFO: getAllListDataZeroRecords (count) : 1  
[2023-06-26 10:23:05] CommonModel.INFO: Query : CALL SP_OttLookUp(5, 1, 'MENUACCESSDETAILS')  
[2023-06-26 10:23:05] CommonModel.INFO: getAllListDataZeroRecords (count) : 1  
[2023-06-26 10:23:05] CommonModel.INFO: Query : CALL SP_OttLookUp(6, 1, 'MENUACCESSDETAILS')  
[2023-06-26 10:23:05] CommonModel.INFO: getAllListDataZeroRecords (count) : 1  
[2023-06-26 10:23:05] CommonModel.INFO: Query : CALL SP_OttLookUp(7, 1, 'MENUACCESSDETAILS')  
[2023-06-26 10:23:05] CommonModel.INFO: getAllListDataZeroRecords (count) : 1  
[2023-06-26 10:23:05] CommonRepository.INFO: ======= End Common Repository ================  
[2023-06-26 10:25:34] CommonRepository.INFO: ======= Start Common Repository ================  
[2023-06-26 10:25:34] CommonModel.INFO: Query : CALL SP_OttLookUp(0, 1, 'SIDEBARMENUPARENTALL')  
[2023-06-26 10:25:34] CommonModel.INFO: getAllListDataZeroRecords (count) : 3  
[2023-06-26 10:25:34] CommonModel.INFO: Query : CALL SP_OttLookUp(1, 1, 'MENUACCESSDETAILS')  
[2023-06-26 10:25:34] CommonModel.INFO: getAllListDataZeroRecords (count) : 1  
[2023-06-26 10:25:34] CommonModel.INFO: Query : CALL SP_OttLookUp(1, 1, 'SIDEBARSUBMENUALL')  
[2023-06-26 10:25:34] CommonModel.INFO: Query : CALL SP_OttLookUp(2, 1, 'MENUACCESSDETAILS')  
[2023-06-26 10:25:34] CommonModel.INFO: getAllListDataZeroRecords (count) : 1  
[2023-06-26 10:25:34] CommonModel.INFO: Query : CALL SP_OttLookUp(2, 1, 'SIDEBARSUBMENUALL')  
[2023-06-26 10:25:34] CommonModel.INFO: Query : CALL SP_OttLookUp(3, 1, 'MENUACCESSDETAILS')  
[2023-06-26 10:25:34] CommonModel.INFO: getAllListDataZeroRecords (count) : 1  
[2023-06-26 10:25:34] CommonModel.INFO: Query : CALL SP_OttLookUp(3, 1, 'SIDEBARSUBMENUALL')  
[2023-06-26 10:25:34] CommonModel.INFO: getAllListDataZeroRecords (count) : 4  
[2023-06-26 10:25:34] CommonModel.INFO: Query : CALL SP_OttLookUp(4, 1, 'MENUACCESSDETAILS')  
[2023-06-26 10:25:34] CommonModel.INFO: getAllListDataZeroRecords (count) : 1  
[2023-06-26 10:25:34] CommonModel.INFO: Query : CALL SP_OttLookUp(5, 1, 'MENUACCESSDETAILS')  
[2023-06-26 10:25:34] CommonModel.INFO: getAllListDataZeroRecords (count) : 1  
[2023-06-26 10:25:34] CommonModel.INFO: Query : CALL SP_OttLookUp(6, 1, 'MENUACCESSDETAILS')  
[2023-06-26 10:25:34] CommonModel.INFO: getAllListDataZeroRecords (count) : 1  
[2023-06-26 10:25:34] CommonModel.INFO: Query : CALL SP_OttLookUp(7, 1, 'MENUACCESSDETAILS')  
[2023-06-26 10:25:34] CommonModel.INFO: getAllListDataZeroRecords (count) : 1  
[2023-06-26 10:25:34] CommonRepository.INFO: ======= End Common Repository ================  
[2023-06-26 10:26:44] CommonRepository.INFO: ======= Start Common Repository ================  
[2023-06-26 10:26:44] CommonModel.INFO: Query : CALL SP_OttLookUp(0, 1, 'SIDEBARMENUPARENTALL')  
[2023-06-26 10:26:44] CommonModel.INFO: getAllListDataZeroRecords (count) : 3  
[2023-06-26 10:26:44] CommonModel.INFO: Query : CALL SP_OttLookUp(1, 1, 'MENUACCESSDETAILS')  
[2023-06-26 10:26:44] CommonModel.INFO: getAllListDataZeroRecords (count) : 1  
[2023-06-26 10:26:44] CommonModel.INFO: Query : CALL SP_OttLookUp(1, 1, 'SIDEBARSUBMENUALL')  
[2023-06-26 10:26:44] CommonModel.INFO: Query : CALL SP_OttLookUp(2, 1, 'MENUACCESSDETAILS')  
[2023-06-26 10:26:44] CommonModel.INFO: getAllListDataZeroRecords (count) : 1  
[2023-06-26 10:26:44] CommonModel.INFO: Query : CALL SP_OttLookUp(2, 1, 'SIDEBARSUBMENUALL')  
[2023-06-26 10:26:45] CommonModel.INFO: Query : CALL SP_OttLookUp(3, 1, 'MENUACCESSDETAILS')  
[2023-06-26 10:26:45] CommonModel.INFO: getAllListDataZeroRecords (count) : 1  
[2023-06-26 10:26:45] CommonModel.INFO: Query : CALL SP_OttLookUp(3, 1, 'SIDEBARSUBMENUALL')  
[2023-06-26 10:26:45] CommonModel.INFO: getAllListDataZeroRecords (count) : 4  
[2023-06-26 10:26:45] CommonModel.INFO: Query : CALL SP_OttLookUp(4, 1, 'MENUACCESSDETAILS')  
[2023-06-26 10:26:45] CommonModel.INFO: getAllListDataZeroRecords (count) : 1  
[2023-06-26 10:26:45] CommonModel.INFO: Query : CALL SP_OttLookUp(5, 1, 'MENUACCESSDETAILS')  
[2023-06-26 10:26:45] CommonModel.INFO: getAllListDataZeroRecords (count) : 1  
[2023-06-26 10:26:45] CommonModel.INFO: Query : CALL SP_OttLookUp(6, 1, 'MENUACCESSDETAILS')  
[2023-06-26 10:26:45] CommonModel.INFO: getAllListDataZeroRecords (count) : 1  
[2023-06-26 10:26:45] CommonModel.INFO: Query : CALL SP_OttLookUp(7, 1, 'MENUACCESSDETAILS')  
[2023-06-26 10:26:45] CommonModel.INFO: getAllListDataZeroRecords (count) : 1  
[2023-06-26 10:26:45] CommonRepository.INFO: ======= End Common Repository ================  
[2023-06-26 10:28:05] CommonRepository.INFO: ======= Start Common Repository ================  
[2023-06-26 10:28:05] CommonModel.INFO: Query : CALL SP_OttLookUp(0, 1, 'SIDEBARMENUPARENTALL')  
[2023-06-26 10:28:05] CommonModel.INFO: getAllListDataZeroRecords (count) : 3  
[2023-06-26 10:28:05] CommonModel.INFO: Query : CALL SP_OttLookUp(1, 1, 'MENUACCESSDETAILS')  
[2023-06-26 10:28:05] CommonModel.INFO: getAllListDataZeroRecords (count) : 1  
[2023-06-26 10:28:05] CommonModel.INFO: Query : CALL SP_OttLookUp(1, 1, 'SIDEBARSUBMENUALL')  
[2023-06-26 10:28:05] CommonModel.INFO: Query : CALL SP_OttLookUp(2, 1, 'MENUACCESSDETAILS')  
[2023-06-26 10:28:05] CommonModel.INFO: getAllListDataZeroRecords (count) : 1  
[2023-06-26 10:28:05] CommonModel.INFO: Query : CALL SP_OttLookUp(2, 1, 'SIDEBARSUBMENUALL')  
[2023-06-26 10:28:05] CommonModel.INFO: Query : CALL SP_OttLookUp(3, 1, 'MENUACCESSDETAILS')  
[2023-06-26 10:28:05] CommonModel.INFO: getAllListDataZeroRecords (count) : 1  
[2023-06-26 10:28:05] CommonModel.INFO: Query : CALL SP_OttLookUp(3, 1, 'SIDEBARSUBMENUALL')  
[2023-06-26 10:28:05] CommonModel.INFO: getAllListDataZeroRecords (count) : 4  
[2023-06-26 10:28:05] CommonModel.INFO: Query : CALL SP_OttLookUp(4, 1, 'MENUACCESSDETAILS')  
[2023-06-26 10:28:05] CommonModel.INFO: getAllListDataZeroRecords (count) : 1  
[2023-06-26 10:28:05] CommonModel.INFO: Query : CALL SP_OttLookUp(5, 1, 'MENUACCESSDETAILS')  
[2023-06-26 10:28:05] CommonModel.INFO: getAllListDataZeroRecords (count) : 1  
[2023-06-26 10:28:05] CommonModel.INFO: Query : CALL SP_OttLookUp(6, 1, 'MENUACCESSDETAILS')  
[2023-06-26 10:28:05] CommonModel.INFO: getAllListDataZeroRecords (count) : 1  
[2023-06-26 10:28:05] CommonModel.INFO: Query : CALL SP_OttLookUp(7, 1, 'MENUACCESSDETAILS')  
[2023-06-26 10:28:05] CommonModel.INFO: getAllListDataZeroRecords (count) : 1  
[2023-06-26 10:28:05] CommonRepository.INFO: ======= End Common Repository ================  
[2023-06-26 10:28:17] CommonRepository.INFO: ======= Start Common Repository ================  
[2023-06-26 10:28:17] CommonModel.INFO: Query : CALL SP_OttLookUp(0, 1, 'SIDEBARMENUPARENTALL')  
[2023-06-26 10:28:17] CommonModel.INFO: getAllListDataZeroRecords (count) : 3  
[2023-06-26 10:28:17] CommonModel.INFO: Query : CALL SP_OttLookUp(1, 1, 'MENUACCESSDETAILS')  
[2023-06-26 10:28:17] CommonModel.INFO: getAllListDataZeroRecords (count) : 1  
[2023-06-26 10:28:17] CommonModel.INFO: Query : CALL SP_OttLookUp(1, 1, 'SIDEBARSUBMENUALL')  
[2023-06-26 10:28:17] CommonModel.INFO: Query : CALL SP_OttLookUp(2, 1, 'MENUACCESSDETAILS')  
[2023-06-26 10:28:17] CommonModel.INFO: getAllListDataZeroRecords (count) : 1  
[2023-06-26 10:28:17] CommonModel.INFO: Query : CALL SP_OttLookUp(2, 1, 'SIDEBARSUBMENUALL')  
[2023-06-26 10:28:17] CommonModel.INFO: Query : CALL SP_OttLookUp(3, 1, 'MENUACCESSDETAILS')  
[2023-06-26 10:28:17] CommonModel.INFO: getAllListDataZeroRecords (count) : 1  
[2023-06-26 10:28:17] CommonModel.INFO: Query : CALL SP_OttLookUp(3, 1, 'SIDEBARSUBMENUALL')  
[2023-06-26 10:28:17] CommonModel.INFO: getAllListDataZeroRecords (count) : 4  
[2023-06-26 10:28:17] CommonModel.INFO: Query : CALL SP_OttLookUp(4, 1, 'MENUACCESSDETAILS')  
[2023-06-26 10:28:17] CommonModel.INFO: getAllListDataZeroRecords (count) : 1  
[2023-06-26 10:28:17] CommonModel.INFO: Query : CALL SP_OttLookUp(5, 1, 'MENUACCESSDETAILS')  
[2023-06-26 10:28:17] CommonModel.INFO: getAllListDataZeroRecords (count) : 1  
[2023-06-26 10:28:17] CommonModel.INFO: Query : CALL SP_OttLookUp(6, 1, 'MENUACCESSDETAILS')  
[2023-06-26 10:28:17] CommonModel.INFO: getAllListDataZeroRecords (count) : 1  
[2023-06-26 10:28:17] CommonModel.INFO: Query : CALL SP_OttLookUp(7, 1, 'MENUACCESSDETAILS')  
[2023-06-26 10:28:17] CommonModel.INFO: getAllListDataZeroRecords (count) : 1  
[2023-06-26 10:28:17] CommonRepository.INFO: ======= End Common Repository ================  
[2023-06-26 10:30:59] CommonRepository.INFO: ======= Start Common Repository ================  
[2023-06-26 10:30:59] CommonModel.INFO: Query : CALL SP_OttLookUp(0, 1, 'SIDEBARMENUPARENTALL')  
[2023-06-26 10:30:59] CommonModel.INFO: getAllListDataZeroRecords (count) : 3  
[2023-06-26 10:30:59] CommonModel.INFO: Query : CALL SP_OttLookUp(1, 1, 'MENUACCESSDETAILS')  
[2023-06-26 10:30:59] CommonModel.INFO: getAllListDataZeroRecords (count) : 1  
[2023-06-26 10:30:59] CommonModel.INFO: Query : CALL SP_OttLookUp(1, 1, 'SIDEBARSUBMENUALL')  
[2023-06-26 10:30:59] CommonModel.INFO: Query : CALL SP_OttLookUp(2, 1, 'MENUACCESSDETAILS')  
[2023-06-26 10:30:59] CommonModel.INFO: getAllListDataZeroRecords (count) : 1  
[2023-06-26 10:30:59] CommonModel.INFO: Query : CALL SP_OttLookUp(2, 1, 'SIDEBARSUBMENUALL')  
[2023-06-26 10:30:59] CommonModel.INFO: Query : CALL SP_OttLookUp(3, 1, 'MENUACCESSDETAILS')  
[2023-06-26 10:30:59] CommonModel.INFO: getAllListDataZeroRecords (count) : 1  
[2023-06-26 10:30:59] CommonModel.INFO: Query : CALL SP_OttLookUp(3, 1, 'SIDEBARSUBMENUALL')  
[2023-06-26 10:30:59] CommonModel.INFO: getAllListDataZeroRecords (count) : 4  
[2023-06-26 10:30:59] CommonModel.INFO: Query : CALL SP_OttLookUp(4, 1, 'MENUACCESSDETAILS')  
[2023-06-26 10:30:59] CommonModel.INFO: getAllListDataZeroRecords (count) : 1  
[2023-06-26 10:30:59] CommonModel.INFO: Query : CALL SP_OttLookUp(5, 1, 'MENUACCESSDETAILS')  
[2023-06-26 10:30:59] CommonModel.INFO: getAllListDataZeroRecords (count) : 1  
[2023-06-26 10:30:59] CommonModel.INFO: Query : CALL SP_OttLookUp(6, 1, 'MENUACCESSDETAILS')  
[2023-06-26 10:30:59] CommonModel.INFO: getAllListDataZeroRecords (count) : 1  
[2023-06-26 10:30:59] CommonModel.INFO: Query : CALL SP_OttLookUp(7, 1, 'MENUACCESSDETAILS')  
[2023-06-26 10:30:59] CommonModel.INFO: getAllListDataZeroRecords (count) : 1  
[2023-06-26 10:30:59] CommonRepository.INFO: ======= End Common Repository ================  
[2023-06-26 10:57:58] CommonRepository.INFO: ======= Start Common Repository ================  
[2023-06-26 10:57:58] CommonModel.INFO: Query : CALL SP_OttLookUp(0, 1, 'SIDEBARMENUPARENTALL')  
[2023-06-26 10:57:58] CommonModel.INFO: getAllListDataZeroRecords (count) : 3  
[2023-06-26 10:57:58] CommonModel.INFO: Query : CALL SP_OttLookUp(1, 1, 'MENUACCESSDETAILS')  
[2023-06-26 10:57:58] CommonModel.INFO: getAllListDataZeroRecords (count) : 1  
[2023-06-26 10:57:58] CommonModel.INFO: Query : CALL SP_OttLookUp(1, 1, 'SIDEBARSUBMENUALL')  
[2023-06-26 10:57:58] CommonModel.INFO: Query : CALL SP_OttLookUp(2, 1, 'MENUACCESSDETAILS')  
[2023-06-26 10:57:58] CommonModel.INFO: getAllListDataZeroRecords (count) : 1  
[2023-06-26 10:57:58] CommonModel.INFO: Query : CALL SP_OttLookUp(2, 1, 'SIDEBARSUBMENUALL')  
[2023-06-26 10:57:58] CommonModel.INFO: Query : CALL SP_OttLookUp(3, 1, 'MENUACCESSDETAILS')  
[2023-06-26 10:57:58] CommonModel.INFO: getAllListDataZeroRecords (count) : 1  
[2023-06-26 10:57:58] CommonModel.INFO: Query : CALL SP_OttLookUp(3, 1, 'SIDEBARSUBMENUALL')  
[2023-06-26 10:57:58] CommonModel.INFO: getAllListDataZeroRecords (count) : 4  
[2023-06-26 10:57:58] CommonModel.INFO: Query : CALL SP_OttLookUp(4, 1, 'MENUACCESSDETAILS')  
[2023-06-26 10:57:58] CommonModel.INFO: getAllListDataZeroRecords (count) : 1  
[2023-06-26 10:57:58] CommonModel.INFO: Query : CALL SP_OttLookUp(5, 1, 'MENUACCESSDETAILS')  
[2023-06-26 10:57:58] CommonModel.INFO: getAllListDataZeroRecords (count) : 1  
[2023-06-26 10:57:58] CommonModel.INFO: Query : CALL SP_OttLookUp(6, 1, 'MENUACCESSDETAILS')  
[2023-06-26 10:57:58] CommonModel.INFO: getAllListDataZeroRecords (count) : 1  
[2023-06-26 10:57:58] CommonModel.INFO: Query : CALL SP_OttLookUp(7, 1, 'MENUACCESSDETAILS')  
[2023-06-26 10:57:58] CommonModel.INFO: getAllListDataZeroRecords (count) : 1  
[2023-06-26 10:57:58] CommonRepository.INFO: ======= End Common Repository ================  
[2023-06-26 10:59:03] CommonRepository.INFO: ======= Start Common Repository ================  
[2023-06-26 10:59:03] CommonModel.INFO: Query : CALL SP_OttLookUp(0, 1, 'SIDEBARMENUPARENTALL')  
[2023-06-26 10:59:03] CommonModel.INFO: getAllListDataZeroRecords (count) : 3  
[2023-06-26 10:59:03] CommonModel.INFO: Query : CALL SP_OttLookUp(1, 1, 'MENUACCESSDETAILS')  
[2023-06-26 10:59:03] CommonModel.INFO: getAllListDataZeroRecords (count) : 1  
[2023-06-26 10:59:03] CommonModel.INFO: Query : CALL SP_OttLookUp(1, 1, 'SIDEBARSUBMENUALL')  
[2023-06-26 10:59:03] CommonModel.INFO: Query : CALL SP_OttLookUp(2, 1, 'MENUACCESSDETAILS')  
[2023-06-26 10:59:03] CommonModel.INFO: getAllListDataZeroRecords (count) : 1  
[2023-06-26 10:59:03] CommonModel.INFO: Query : CALL SP_OttLookUp(2, 1, 'SIDEBARSUBMENUALL')  
[2023-06-26 10:59:03] CommonModel.INFO: Query : CALL SP_OttLookUp(3, 1, 'MENUACCESSDETAILS')  
[2023-06-26 10:59:03] CommonModel.INFO: getAllListDataZeroRecords (count) : 1  
[2023-06-26 10:59:03] CommonModel.INFO: Query : CALL SP_OttLookUp(3, 1, 'SIDEBARSUBMENUALL')  
[2023-06-26 10:59:03] CommonModel.INFO: getAllListDataZeroRecords (count) : 4  
[2023-06-26 10:59:03] CommonModel.INFO: Query : CALL SP_OttLookUp(4, 1, 'MENUACCESSDETAILS')  
[2023-06-26 10:59:03] CommonModel.INFO: getAllListDataZeroRecords (count) : 1  
[2023-06-26 10:59:03] CommonModel.INFO: Query : CALL SP_OttLookUp(5, 1, 'MENUACCESSDETAILS')  
[2023-06-26 10:59:03] CommonModel.INFO: getAllListDataZeroRecords (count) : 1  
[2023-06-26 10:59:03] CommonModel.INFO: Query : CALL SP_OttLookUp(6, 1, 'MENUACCESSDETAILS')  
[2023-06-26 10:59:03] CommonModel.INFO: getAllListDataZeroRecords (count) : 1  
[2023-06-26 10:59:03] CommonModel.INFO: Query : CALL SP_OttLookUp(7, 1, 'MENUACCESSDETAILS')  
[2023-06-26 10:59:03] CommonModel.INFO: getAllListDataZeroRecords (count) : 1  
[2023-06-26 10:59:03] CommonRepository.INFO: ======= End Common Repository ================  
[2023-06-26 11:00:46] CommonRepository.INFO: ======= Start Common Repository ================  
[2023-06-26 11:00:46] CommonModel.INFO: Query : CALL SP_OttLookUp(0, 1, 'SIDEBARMENUPARENTALL')  
[2023-06-26 11:00:46] CommonModel.INFO: getAllListDataZeroRecords (count) : 3  
[2023-06-26 11:00:46] CommonModel.INFO: Query : CALL SP_OttLookUp(1, 1, 'MENUACCESSDETAILS')  
[2023-06-26 11:00:46] CommonModel.INFO: getAllListDataZeroRecords (count) : 1  
[2023-06-26 11:00:46] CommonModel.INFO: Query : CALL SP_OttLookUp(1, 1, 'SIDEBARSUBMENUALL')  
[2023-06-26 11:00:46] CommonModel.INFO: Query : CALL SP_OttLookUp(2, 1, 'MENUACCESSDETAILS')  
[2023-06-26 11:00:46] CommonModel.INFO: getAllListDataZeroRecords (count) : 1  
[2023-06-26 11:00:46] CommonModel.INFO: Query : CALL SP_OttLookUp(2, 1, 'SIDEBARSUBMENUALL')  
[2023-06-26 11:00:46] CommonModel.INFO: Query : CALL SP_OttLookUp(3, 1, 'MENUACCESSDETAILS')  
[2023-06-26 11:00:46] CommonModel.INFO: getAllListDataZeroRecords (count) : 1  
[2023-06-26 11:00:46] CommonModel.INFO: Query : CALL SP_OttLookUp(3, 1, 'SIDEBARSUBMENUALL')  
[2023-06-26 11:00:46] CommonModel.INFO: getAllListDataZeroRecords (count) : 4  
[2023-06-26 11:00:46] CommonModel.INFO: Query : CALL SP_OttLookUp(4, 1, 'MENUACCESSDETAILS')  
[2023-06-26 11:00:46] CommonModel.INFO: getAllListDataZeroRecords (count) : 1  
[2023-06-26 11:00:46] CommonModel.INFO: Query : CALL SP_OttLookUp(5, 1, 'MENUACCESSDETAILS')  
[2023-06-26 11:00:46] CommonModel.INFO: getAllListDataZeroRecords (count) : 1  
[2023-06-26 11:00:46] CommonModel.INFO: Query : CALL SP_OttLookUp(6, 1, 'MENUACCESSDETAILS')  
[2023-06-26 11:00:46] CommonModel.INFO: getAllListDataZeroRecords (count) : 1  
[2023-06-26 11:00:46] CommonModel.INFO: Query : CALL SP_OttLookUp(7, 1, 'MENUACCESSDETAILS')  
[2023-06-26 11:00:46] CommonModel.INFO: getAllListDataZeroRecords (count) : 1  
[2023-06-26 11:00:46] CommonRepository.INFO: ======= End Common Repository ================  
[2023-06-26 11:09:42] CommonRepository.INFO: ======= Start Common Repository ================  
[2023-06-26 11:09:42] CommonModel.INFO: Query : CALL SP_OttLookUp(0, 1, 'SIDEBARMENUPARENTALL')  
[2023-06-26 11:09:42] CommonModel.INFO: getAllListDataZeroRecords (count) : 3  
[2023-06-26 11:09:42] CommonModel.INFO: Query : CALL SP_OttLookUp(1, 1, 'MENUACCESSDETAILS')  
[2023-06-26 11:09:42] CommonModel.INFO: getAllListDataZeroRecords (count) : 1  
[2023-06-26 11:09:42] CommonModel.INFO: Query : CALL SP_OttLookUp(1, 1, 'SIDEBARSUBMENUALL')  
[2023-06-26 11:09:42] CommonModel.INFO: Query : CALL SP_OttLookUp(2, 1, 'MENUACCESSDETAILS')  
[2023-06-26 11:09:42] CommonModel.INFO: getAllListDataZeroRecords (count) : 1  
[2023-06-26 11:09:42] CommonModel.INFO: Query : CALL SP_OttLookUp(2, 1, 'SIDEBARSUBMENUALL')  
[2023-06-26 11:09:42] CommonModel.INFO: Query : CALL SP_OttLookUp(3, 1, 'MENUACCESSDETAILS')  
[2023-06-26 11:09:42] CommonModel.INFO: getAllListDataZeroRecords (count) : 1  
[2023-06-26 11:09:42] CommonModel.INFO: Query : CALL SP_OttLookUp(3, 1, 'SIDEBARSUBMENUALL')  
[2023-06-26 11:09:42] CommonModel.INFO: getAllListDataZeroRecords (count) : 4  
[2023-06-26 11:09:42] CommonModel.INFO: Query : CALL SP_OttLookUp(4, 1, 'MENUACCESSDETAILS')  
[2023-06-26 11:09:42] CommonModel.INFO: getAllListDataZeroRecords (count) : 1  
[2023-06-26 11:09:42] CommonModel.INFO: Query : CALL SP_OttLookUp(5, 1, 'MENUACCESSDETAILS')  
[2023-06-26 11:09:42] CommonModel.INFO: getAllListDataZeroRecords (count) : 1  
[2023-06-26 11:09:42] CommonModel.INFO: Query : CALL SP_OttLookUp(6, 1, 'MENUACCESSDETAILS')  
[2023-06-26 11:09:42] CommonModel.INFO: getAllListDataZeroRecords (count) : 1  
[2023-06-26 11:09:42] CommonModel.INFO: Query : CALL SP_OttLookUp(7, 1, 'MENUACCESSDETAILS')  
[2023-06-26 11:09:42] CommonModel.INFO: getAllListDataZeroRecords (count) : 1  
[2023-06-26 11:09:42] CommonRepository.INFO: ======= End Common Repository ================  
[2023-06-26 11:11:55] CommonRepository.INFO: ======= Start Common Repository ================  
[2023-06-26 11:11:55] CommonModel.INFO: Query : CALL SP_OttLookUp(0, 1, 'SIDEBARMENUPARENTALL')  
[2023-06-26 11:11:55] CommonModel.INFO: getAllListDataZeroRecords (count) : 3  
[2023-06-26 11:11:55] CommonModel.INFO: Query : CALL SP_OttLookUp(1, 1, 'MENUACCESSDETAILS')  
[2023-06-26 11:11:55] CommonModel.INFO: getAllListDataZeroRecords (count) : 1  
[2023-06-26 11:11:55] CommonModel.INFO: Query : CALL SP_OttLookUp(1, 1, 'SIDEBARSUBMENUALL')  
[2023-06-26 11:11:55] CommonModel.INFO: Query : CALL SP_OttLookUp(2, 1, 'MENUACCESSDETAILS')  
[2023-06-26 11:11:55] CommonModel.INFO: getAllListDataZeroRecords (count) : 1  
[2023-06-26 11:11:55] CommonModel.INFO: Query : CALL SP_OttLookUp(2, 1, 'SIDEBARSUBMENUALL')  
[2023-06-26 11:11:55] CommonModel.INFO: Query : CALL SP_OttLookUp(3, 1, 'MENUACCESSDETAILS')  
[2023-06-26 11:11:55] CommonModel.INFO: getAllListDataZeroRecords (count) : 1  
[2023-06-26 11:11:55] CommonModel.INFO: Query : CALL SP_OttLookUp(3, 1, 'SIDEBARSUBMENUALL')  
[2023-06-26 11:11:55] CommonModel.INFO: getAllListDataZeroRecords (count) : 4  
[2023-06-26 11:11:55] CommonModel.INFO: Query : CALL SP_OttLookUp(4, 1, 'MENUACCESSDETAILS')  
[2023-06-26 11:11:55] CommonModel.INFO: getAllListDataZeroRecords (count) : 1  
[2023-06-26 11:11:55] CommonModel.INFO: Query : CALL SP_OttLookUp(5, 1, 'MENUACCESSDETAILS')  
[2023-06-26 11:11:55] CommonModel.INFO: getAllListDataZeroRecords (count) : 1  
[2023-06-26 11:11:55] CommonModel.INFO: Query : CALL SP_OttLookUp(6, 1, 'MENUACCESSDETAILS')  
[2023-06-26 11:11:55] CommonModel.INFO: getAllListDataZeroRecords (count) : 1  
[2023-06-26 11:11:55] CommonModel.INFO: Query : CALL SP_OttLookUp(7, 1, 'MENUACCESSDETAILS')  
[2023-06-26 11:11:55] CommonModel.INFO: getAllListDataZeroRecords (count) : 1  
[2023-06-26 11:11:55] CommonRepository.INFO: ======= End Common Repository ================  
[2023-06-26 11:12:19] CommonRepository.INFO: ======= Start Common Repository ================  
[2023-06-26 11:12:19] CommonModel.INFO: Query : CALL SP_OttLookUp(0, 1, 'SIDEBARMENUPARENTALL')  
[2023-06-26 11:12:19] CommonModel.INFO: getAllListDataZeroRecords (count) : 3  
[2023-06-26 11:12:19] CommonModel.INFO: Query : CALL SP_OttLookUp(1, 1, 'MENUACCESSDETAILS')  
[2023-06-26 11:12:19] CommonModel.INFO: getAllListDataZeroRecords (count) : 1  
[2023-06-26 11:12:19] CommonModel.INFO: Query : CALL SP_OttLookUp(1, 1, 'SIDEBARSUBMENUALL')  
[2023-06-26 11:12:19] CommonModel.INFO: Query : CALL SP_OttLookUp(2, 1, 'MENUACCESSDETAILS')  
[2023-06-26 11:12:19] CommonModel.INFO: getAllListDataZeroRecords (count) : 1  
[2023-06-26 11:12:19] CommonModel.INFO: Query : CALL SP_OttLookUp(2, 1, 'SIDEBARSUBMENUALL')  
[2023-06-26 11:12:19] CommonModel.INFO: Query : CALL SP_OttLookUp(3, 1, 'MENUACCESSDETAILS')  
[2023-06-26 11:12:19] CommonModel.INFO: getAllListDataZeroRecords (count) : 1  
[2023-06-26 11:12:19] CommonModel.INFO: Query : CALL SP_OttLookUp(3, 1, 'SIDEBARSUBMENUALL')  
[2023-06-26 11:12:19] CommonModel.INFO: getAllListDataZeroRecords (count) : 4  
[2023-06-26 11:12:19] CommonModel.INFO: Query : CALL SP_OttLookUp(4, 1, 'MENUACCESSDETAILS')  
[2023-06-26 11:12:19] CommonModel.INFO: getAllListDataZeroRecords (count) : 1  
[2023-06-26 11:12:19] CommonModel.INFO: Query : CALL SP_OttLookUp(5, 1, 'MENUACCESSDETAILS')  
[2023-06-26 11:12:19] CommonModel.INFO: getAllListDataZeroRecords (count) : 1  
[2023-06-26 11:12:19] CommonModel.INFO: Query : CALL SP_OttLookUp(6, 1, 'MENUACCESSDETAILS')  
[2023-06-26 11:12:19] CommonModel.INFO: getAllListDataZeroRecords (count) : 1  
[2023-06-26 11:12:19] CommonModel.INFO: Query : CALL SP_OttLookUp(7, 1, 'MENUACCESSDETAILS')  
[2023-06-26 11:12:19] CommonModel.INFO: getAllListDataZeroRecords (count) : 1  
[2023-06-26 11:12:19] CommonRepository.INFO: ======= End Common Repository ================  
[2023-06-26 11:12:24] CommonRepository.INFO: ======= Start Common Repository ================  
[2023-06-26 11:12:24] CommonModel.INFO: Query : CALL SP_OttLookUp(0, 1, 'SIDEBARMENUPARENTALL')  
[2023-06-26 11:12:24] CommonModel.INFO: getAllListDataZeroRecords (count) : 3  
[2023-06-26 11:12:24] CommonModel.INFO: Query : CALL SP_OttLookUp(1, 1, 'MENUACCESSDETAILS')  
[2023-06-26 11:12:24] CommonModel.INFO: getAllListDataZeroRecords (count) : 1  
[2023-06-26 11:12:24] CommonModel.INFO: Query : CALL SP_OttLookUp(1, 1, 'SIDEBARSUBMENUALL')  
[2023-06-26 11:12:24] CommonModel.INFO: Query : CALL SP_OttLookUp(2, 1, 'MENUACCESSDETAILS')  
[2023-06-26 11:12:24] CommonModel.INFO: getAllListDataZeroRecords (count) : 1  
[2023-06-26 11:12:24] CommonModel.INFO: Query : CALL SP_OttLookUp(2, 1, 'SIDEBARSUBMENUALL')  
[2023-06-26 11:12:24] CommonModel.INFO: Query : CALL SP_OttLookUp(3, 1, 'MENUACCESSDETAILS')  
[2023-06-26 11:12:24] CommonModel.INFO: getAllListDataZeroRecords (count) : 1  
[2023-06-26 11:12:24] CommonModel.INFO: Query : CALL SP_OttLookUp(3, 1, 'SIDEBARSUBMENUALL')  
[2023-06-26 11:12:24] CommonModel.INFO: getAllListDataZeroRecords (count) : 4  
[2023-06-26 11:12:24] CommonModel.INFO: Query : CALL SP_OttLookUp(4, 1, 'MENUACCESSDETAILS')  
[2023-06-26 11:12:24] CommonModel.INFO: getAllListDataZeroRecords (count) : 1  
[2023-06-26 11:12:24] CommonModel.INFO: Query : CALL SP_OttLookUp(5, 1, 'MENUACCESSDETAILS')  
[2023-06-26 11:12:24] CommonModel.INFO: getAllListDataZeroRecords (count) : 1  
[2023-06-26 11:12:24] CommonModel.INFO: Query : CALL SP_OttLookUp(6, 1, 'MENUACCESSDETAILS')  
[2023-06-26 11:12:24] CommonModel.INFO: getAllListDataZeroRecords (count) : 1  
[2023-06-26 11:12:24] CommonModel.INFO: Query : CALL SP_OttLookUp(7, 1, 'MENUACCESSDETAILS')  
[2023-06-26 11:12:24] CommonModel.INFO: getAllListDataZeroRecords (count) : 1  
[2023-06-26 11:12:24] CommonRepository.INFO: ======= End Common Repository ================  
[2023-06-26 11:12:42] CommonRepository.INFO: ======= Start Common Repository ================  
[2023-06-26 11:12:42] CommonModel.INFO: Query : CALL SP_OttLookUp(0, 1, 'SIDEBARMENUPARENTALL')  
[2023-06-26 11:12:42] CommonModel.INFO: getAllListDataZeroRecords (count) : 3  
[2023-06-26 11:12:42] CommonModel.INFO: Query : CALL SP_OttLookUp(1, 1, 'MENUACCESSDETAILS')  
[2023-06-26 11:12:42] CommonModel.INFO: getAllListDataZeroRecords (count) : 1  
[2023-06-26 11:12:42] CommonModel.INFO: Query : CALL SP_OttLookUp(1, 1, 'SIDEBARSUBMENUALL')  
[2023-06-26 11:12:42] CommonModel.INFO: Query : CALL SP_OttLookUp(2, 1, 'MENUACCESSDETAILS')  
[2023-06-26 11:12:42] CommonModel.INFO: getAllListDataZeroRecords (count) : 1  
[2023-06-26 11:12:42] CommonModel.INFO: Query : CALL SP_OttLookUp(2, 1, 'SIDEBARSUBMENUALL')  
[2023-06-26 11:12:42] CommonModel.INFO: Query : CALL SP_OttLookUp(3, 1, 'MENUACCESSDETAILS')  
[2023-06-26 11:12:42] CommonModel.INFO: getAllListDataZeroRecords (count) : 1  
[2023-06-26 11:12:42] CommonModel.INFO: Query : CALL SP_OttLookUp(3, 1, 'SIDEBARSUBMENUALL')  
[2023-06-26 11:12:42] CommonModel.INFO: getAllListDataZeroRecords (count) : 4  
[2023-06-26 11:12:42] CommonModel.INFO: Query : CALL SP_OttLookUp(4, 1, 'MENUACCESSDETAILS')  
[2023-06-26 11:12:42] CommonModel.INFO: getAllListDataZeroRecords (count) : 1  
[2023-06-26 11:12:42] CommonModel.INFO: Query : CALL SP_OttLookUp(5, 1, 'MENUACCESSDETAILS')  
[2023-06-26 11:12:42] CommonModel.INFO: getAllListDataZeroRecords (count) : 1  
[2023-06-26 11:12:42] CommonModel.INFO: Query : CALL SP_OttLookUp(6, 1, 'MENUACCESSDETAILS')  
[2023-06-26 11:12:42] CommonModel.INFO: getAllListDataZeroRecords (count) : 1  
[2023-06-26 11:12:42] CommonModel.INFO: Query : CALL SP_OttLookUp(7, 1, 'MENUACCESSDETAILS')  
[2023-06-26 11:12:42] CommonModel.INFO: getAllListDataZeroRecords (count) : 1  
[2023-06-26 11:12:42] CommonRepository.INFO: ======= End Common Repository ================  
[2023-06-26 11:13:51] CommonRepository.INFO: ======= Start Common Repository ================  
[2023-06-26 11:13:51] CommonModel.INFO: Query : CALL SP_OttLookUp(0, 1, 'SIDEBARMENUPARENTALL')  
[2023-06-26 11:13:51] CommonModel.INFO: getAllListDataZeroRecords (count) : 3  
[2023-06-26 11:13:51] CommonModel.INFO: Query : CALL SP_OttLookUp(1, 1, 'MENUACCESSDETAILS')  
[2023-06-26 11:13:51] CommonModel.INFO: getAllListDataZeroRecords (count) : 1  
[2023-06-26 11:13:51] CommonModel.INFO: Query : CALL SP_OttLookUp(1, 1, 'SIDEBARSUBMENUALL')  
[2023-06-26 11:13:51] CommonModel.INFO: Query : CALL SP_OttLookUp(2, 1, 'MENUACCESSDETAILS')  
[2023-06-26 11:13:51] CommonModel.INFO: getAllListDataZeroRecords (count) : 1  
[2023-06-26 11:13:51] CommonModel.INFO: Query : CALL SP_OttLookUp(2, 1, 'SIDEBARSUBMENUALL')  
[2023-06-26 11:13:51] CommonModel.INFO: Query : CALL SP_OttLookUp(3, 1, 'MENUACCESSDETAILS')  
[2023-06-26 11:13:51] CommonModel.INFO: getAllListDataZeroRecords (count) : 1  
[2023-06-26 11:13:51] CommonModel.INFO: Query : CALL SP_OttLookUp(3, 1, 'SIDEBARSUBMENUALL')  
[2023-06-26 11:13:51] CommonModel.INFO: getAllListDataZeroRecords (count) : 4  
[2023-06-26 11:13:51] CommonModel.INFO: Query : CALL SP_OttLookUp(4, 1, 'MENUACCESSDETAILS')  
[2023-06-26 11:13:51] CommonModel.INFO: getAllListDataZeroRecords (count) : 1  
[2023-06-26 11:13:51] CommonModel.INFO: Query : CALL SP_OttLookUp(5, 1, 'MENUACCESSDETAILS')  
[2023-06-26 11:13:51] CommonModel.INFO: getAllListDataZeroRecords (count) : 1  
[2023-06-26 11:13:51] CommonModel.INFO: Query : CALL SP_OttLookUp(6, 1, 'MENUACCESSDETAILS')  
[2023-06-26 11:13:51] CommonModel.INFO: getAllListDataZeroRecords (count) : 1  
[2023-06-26 11:13:51] CommonModel.INFO: Query : CALL SP_OttLookUp(7, 1, 'MENUACCESSDETAILS')  
[2023-06-26 11:13:51] CommonModel.INFO: getAllListDataZeroRecords (count) : 1  
[2023-06-26 11:13:51] CommonRepository.INFO: ======= End Common Repository ================  
[2023-06-26 11:13:51] CommonRepository.INFO: ======= Start Common Repository ================  
[2023-06-26 11:13:51] CommonModel.INFO: Query : CALL SP_OttLookUp(0, 1, 'SIDEBARMENUPARENTALL')  
[2023-06-26 11:13:51] CommonModel.INFO: getAllListDataZeroRecords (count) : 3  
[2023-06-26 11:13:51] CommonModel.INFO: Query : CALL SP_OttLookUp(1, 1, 'MENUACCESSDETAILS')  
[2023-06-26 11:13:51] CommonModel.INFO: getAllListDataZeroRecords (count) : 1  
[2023-06-26 11:13:51] CommonModel.INFO: Query : CALL SP_OttLookUp(1, 1, 'SIDEBARSUBMENUALL')  
[2023-06-26 11:13:51] CommonModel.INFO: Query : CALL SP_OttLookUp(2, 1, 'MENUACCESSDETAILS')  
[2023-06-26 11:13:51] CommonModel.INFO: getAllListDataZeroRecords (count) : 1  
[2023-06-26 11:13:51] CommonModel.INFO: Query : CALL SP_OttLookUp(2, 1, 'SIDEBARSUBMENUALL')  
[2023-06-26 11:13:51] CommonModel.INFO: Query : CALL SP_OttLookUp(3, 1, 'MENUACCESSDETAILS')  
[2023-06-26 11:13:51] CommonModel.INFO: getAllListDataZeroRecords (count) : 1  
[2023-06-26 11:13:51] CommonModel.INFO: Query : CALL SP_OttLookUp(3, 1, 'SIDEBARSUBMENUALL')  
[2023-06-26 11:13:51] CommonModel.INFO: getAllListDataZeroRecords (count) : 4  
[2023-06-26 11:13:51] CommonModel.INFO: Query : CALL SP_OttLookUp(4, 1, 'MENUACCESSDETAILS')  
[2023-06-26 11:13:51] CommonModel.INFO: getAllListDataZeroRecords (count) : 1  
[2023-06-26 11:13:51] CommonModel.INFO: Query : CALL SP_OttLookUp(5, 1, 'MENUACCESSDETAILS')  
[2023-06-26 11:13:51] CommonModel.INFO: getAllListDataZeroRecords (count) : 1  
[2023-06-26 11:13:51] CommonModel.INFO: Query : CALL SP_OttLookUp(6, 1, 'MENUACCESSDETAILS')  
[2023-06-26 11:13:51] CommonModel.INFO: getAllListDataZeroRecords (count) : 1  
[2023-06-26 11:13:51] CommonModel.INFO: Query : CALL SP_OttLookUp(7, 1, 'MENUACCESSDETAILS')  
[2023-06-26 11:13:51] CommonModel.INFO: getAllListDataZeroRecords (count) : 1  
[2023-06-26 11:13:51] CommonRepository.INFO: ======= End Common Repository ================  
[2023-06-26 11:22:43] CommonRepository.INFO: ======= Start Common Repository ================  
[2023-06-26 11:22:43] CommonModel.INFO: Query : CALL SP_OttLookUp(0, 1, 'SIDEBARMENUPARENTALL')  
[2023-06-26 11:22:43] CommonModel.INFO: getAllListDataZeroRecords (count) : 3  
[2023-06-26 11:22:43] CommonModel.INFO: Query : CALL SP_OttLookUp(1, 1, 'MENUACCESSDETAILS')  
[2023-06-26 11:22:43] CommonModel.INFO: getAllListDataZeroRecords (count) : 1  
[2023-06-26 11:22:43] CommonModel.INFO: Query : CALL SP_OttLookUp(1, 1, 'SIDEBARSUBMENUALL')  
[2023-06-26 11:22:43] CommonModel.INFO: Query : CALL SP_OttLookUp(2, 1, 'MENUACCESSDETAILS')  
[2023-06-26 11:22:43] CommonModel.INFO: getAllListDataZeroRecords (count) : 1  
[2023-06-26 11:22:43] CommonModel.INFO: Query : CALL SP_OttLookUp(2, 1, 'SIDEBARSUBMENUALL')  
[2023-06-26 11:22:43] CommonModel.INFO: Query : CALL SP_OttLookUp(3, 1, 'MENUACCESSDETAILS')  
[2023-06-26 11:22:43] CommonModel.INFO: getAllListDataZeroRecords (count) : 1  
[2023-06-26 11:22:43] CommonModel.INFO: Query : CALL SP_OttLookUp(3, 1, 'SIDEBARSUBMENUALL')  
[2023-06-26 11:22:43] CommonModel.INFO: getAllListDataZeroRecords (count) : 4  
[2023-06-26 11:22:43] CommonModel.INFO: Query : CALL SP_OttLookUp(4, 1, 'MENUACCESSDETAILS')  
[2023-06-26 11:22:43] CommonModel.INFO: getAllListDataZeroRecords (count) : 1  
[2023-06-26 11:22:43] CommonModel.INFO: Query : CALL SP_OttLookUp(5, 1, 'MENUACCESSDETAILS')  
[2023-06-26 11:22:43] CommonModel.INFO: getAllListDataZeroRecords (count) : 1  
[2023-06-26 11:22:43] CommonModel.INFO: Query : CALL SP_OttLookUp(6, 1, 'MENUACCESSDETAILS')  
[2023-06-26 11:22:43] CommonModel.INFO: getAllListDataZeroRecords (count) : 1  
[2023-06-26 11:22:43] CommonModel.INFO: Query : CALL SP_OttLookUp(7, 1, 'MENUACCESSDETAILS')  
[2023-06-26 11:22:43] CommonModel.INFO: getAllListDataZeroRecords (count) : 1  
[2023-06-26 11:22:43] CommonRepository.INFO: ======= End Common Repository ================  
[2023-06-26 11:23:44] CommonRepository.INFO: ======= Start Common Repository ================  
[2023-06-26 11:23:44] CommonModel.INFO: Query : CALL SP_OttLookUp(0, 1, 'SIDEBARMENUPARENTALL')  
[2023-06-26 11:23:44] CommonModel.INFO: getAllListDataZeroRecords (count) : 3  
[2023-06-26 11:23:44] CommonModel.INFO: Query : CALL SP_OttLookUp(1, 1, 'MENUACCESSDETAILS')  
[2023-06-26 11:23:44] CommonModel.INFO: getAllListDataZeroRecords (count) : 1  
[2023-06-26 11:23:44] CommonModel.INFO: Query : CALL SP_OttLookUp(1, 1, 'SIDEBARSUBMENUALL')  
[2023-06-26 11:23:44] CommonModel.INFO: Query : CALL SP_OttLookUp(2, 1, 'MENUACCESSDETAILS')  
[2023-06-26 11:23:44] CommonModel.INFO: getAllListDataZeroRecords (count) : 1  
[2023-06-26 11:23:44] CommonModel.INFO: Query : CALL SP_OttLookUp(2, 1, 'SIDEBARSUBMENUALL')  
[2023-06-26 11:23:44] CommonModel.INFO: Query : CALL SP_OttLookUp(3, 1, 'MENUACCESSDETAILS')  
[2023-06-26 11:23:44] CommonModel.INFO: getAllListDataZeroRecords (count) : 1  
[2023-06-26 11:23:44] CommonModel.INFO: Query : CALL SP_OttLookUp(3, 1, 'SIDEBARSUBMENUALL')  
[2023-06-26 11:23:44] CommonModel.INFO: getAllListDataZeroRecords (count) : 4  
[2023-06-26 11:23:44] CommonModel.INFO: Query : CALL SP_OttLookUp(4, 1, 'MENUACCESSDETAILS')  
[2023-06-26 11:23:44] CommonModel.INFO: getAllListDataZeroRecords (count) : 1  
[2023-06-26 11:23:44] CommonModel.INFO: Query : CALL SP_OttLookUp(5, 1, 'MENUACCESSDETAILS')  
[2023-06-26 11:23:44] CommonModel.INFO: getAllListDataZeroRecords (count) : 1  
[2023-06-26 11:23:44] CommonModel.INFO: Query : CALL SP_OttLookUp(6, 1, 'MENUACCESSDETAILS')  
[2023-06-26 11:23:44] CommonModel.INFO: getAllListDataZeroRecords (count) : 1  
[2023-06-26 11:23:44] CommonModel.INFO: Query : CALL SP_OttLookUp(7, 1, 'MENUACCESSDETAILS')  
[2023-06-26 11:23:44] CommonModel.INFO: getAllListDataZeroRecords (count) : 1  
[2023-06-26 11:23:44] CommonRepository.INFO: ======= End Common Repository ================  
[2023-06-26 11:23:58] CommonRepository.INFO: ======= Start Common Repository ================  
[2023-06-26 11:23:58] CommonModel.INFO: Query : CALL SP_OttLookUp(0, 1, 'SIDEBARMENUPARENTALL')  
[2023-06-26 11:23:58] CommonModel.INFO: getAllListDataZeroRecords (count) : 3  
[2023-06-26 11:23:58] CommonModel.INFO: Query : CALL SP_OttLookUp(1, 1, 'MENUACCESSDETAILS')  
[2023-06-26 11:23:58] CommonModel.INFO: getAllListDataZeroRecords (count) : 1  
[2023-06-26 11:23:58] CommonModel.INFO: Query : CALL SP_OttLookUp(1, 1, 'SIDEBARSUBMENUALL')  
[2023-06-26 11:23:58] CommonModel.INFO: Query : CALL SP_OttLookUp(2, 1, 'MENUACCESSDETAILS')  
[2023-06-26 11:23:58] CommonModel.INFO: getAllListDataZeroRecords (count) : 1  
[2023-06-26 11:23:58] CommonModel.INFO: Query : CALL SP_OttLookUp(2, 1, 'SIDEBARSUBMENUALL')  
[2023-06-26 11:23:58] CommonModel.INFO: Query : CALL SP_OttLookUp(3, 1, 'MENUACCESSDETAILS')  
[2023-06-26 11:23:58] CommonModel.INFO: getAllListDataZeroRecords (count) : 1  
[2023-06-26 11:23:58] CommonModel.INFO: Query : CALL SP_OttLookUp(3, 1, 'SIDEBARSUBMENUALL')  
[2023-06-26 11:23:58] CommonModel.INFO: getAllListDataZeroRecords (count) : 4  
[2023-06-26 11:23:58] CommonModel.INFO: Query : CALL SP_OttLookUp(4, 1, 'MENUACCESSDETAILS')  
[2023-06-26 11:23:58] CommonModel.INFO: getAllListDataZeroRecords (count) : 1  
[2023-06-26 11:23:58] CommonModel.INFO: Query : CALL SP_OttLookUp(5, 1, 'MENUACCESSDETAILS')  
[2023-06-26 11:23:58] CommonModel.INFO: getAllListDataZeroRecords (count) : 1  
[2023-06-26 11:23:58] CommonModel.INFO: Query : CALL SP_OttLookUp(6, 1, 'MENUACCESSDETAILS')  
[2023-06-26 11:23:58] CommonModel.INFO: getAllListDataZeroRecords (count) : 1  
[2023-06-26 11:23:58] CommonModel.INFO: Query : CALL SP_OttLookUp(7, 1, 'MENUACCESSDETAILS')  
[2023-06-26 11:23:58] CommonModel.INFO: getAllListDataZeroRecords (count) : 1  
[2023-06-26 11:23:58] CommonRepository.INFO: ======= End Common Repository ================  
[2023-06-26 11:24:01] CommonRepository.INFO: ======= Start Common Repository ================  
[2023-06-26 11:24:01] CommonModel.INFO: Query : CALL SP_OttLookUp(0, 1, 'SIDEBARMENUPARENTALL')  
[2023-06-26 11:24:01] CommonModel.INFO: getAllListDataZeroRecords (count) : 3  
[2023-06-26 11:24:01] CommonModel.INFO: Query : CALL SP_OttLookUp(1, 1, 'MENUACCESSDETAILS')  
[2023-06-26 11:24:01] CommonModel.INFO: getAllListDataZeroRecords (count) : 1  
[2023-06-26 11:24:01] CommonModel.INFO: Query : CALL SP_OttLookUp(1, 1, 'SIDEBARSUBMENUALL')  
[2023-06-26 11:24:01] CommonModel.INFO: Query : CALL SP_OttLookUp(2, 1, 'MENUACCESSDETAILS')  
[2023-06-26 11:24:01] CommonModel.INFO: getAllListDataZeroRecords (count) : 1  
[2023-06-26 11:24:01] CommonModel.INFO: Query : CALL SP_OttLookUp(2, 1, 'SIDEBARSUBMENUALL')  
[2023-06-26 11:24:01] CommonModel.INFO: Query : CALL SP_OttLookUp(3, 1, 'MENUACCESSDETAILS')  
[2023-06-26 11:24:01] CommonModel.INFO: getAllListDataZeroRecords (count) : 1  
[2023-06-26 11:24:01] CommonModel.INFO: Query : CALL SP_OttLookUp(3, 1, 'SIDEBARSUBMENUALL')  
[2023-06-26 11:24:01] CommonModel.INFO: getAllListDataZeroRecords (count) : 4  
[2023-06-26 11:24:01] CommonModel.INFO: Query : CALL SP_OttLookUp(4, 1, 'MENUACCESSDETAILS')  
[2023-06-26 11:24:01] CommonModel.INFO: getAllListDataZeroRecords (count) : 1  
[2023-06-26 11:24:01] CommonModel.INFO: Query : CALL SP_OttLookUp(5, 1, 'MENUACCESSDETAILS')  
[2023-06-26 11:24:01] CommonModel.INFO: getAllListDataZeroRecords (count) : 1  
[2023-06-26 11:24:01] CommonModel.INFO: Query : CALL SP_OttLookUp(6, 1, 'MENUACCESSDETAILS')  
[2023-06-26 11:24:01] CommonModel.INFO: getAllListDataZeroRecords (count) : 1  
[2023-06-26 11:24:01] CommonModel.INFO: Query : CALL SP_OttLookUp(7, 1, 'MENUACCESSDETAILS')  
[2023-06-26 11:24:01] CommonModel.INFO: getAllListDataZeroRecords (count) : 1  
[2023-06-26 11:24:01] CommonRepository.INFO: ======= End Common Repository ================  
[2023-06-26 11:24:12] CommonRepository.INFO: ======= Start Common Repository ================  
[2023-06-26 11:24:12] CommonModel.INFO: Query : CALL SP_OttLookUp(0, 1, 'SIDEBARMENUPARENTALL')  
[2023-06-26 11:24:12] CommonModel.INFO: getAllListDataZeroRecords (count) : 3  
[2023-06-26 11:24:12] CommonModel.INFO: Query : CALL SP_OttLookUp(1, 1, 'MENUACCESSDETAILS')  
[2023-06-26 11:24:12] CommonModel.INFO: getAllListDataZeroRecords (count) : 1  
[2023-06-26 11:24:12] CommonModel.INFO: Query : CALL SP_OttLookUp(1, 1, 'SIDEBARSUBMENUALL')  
[2023-06-26 11:24:12] CommonModel.INFO: Query : CALL SP_OttLookUp(2, 1, 'MENUACCESSDETAILS')  
[2023-06-26 11:24:12] CommonModel.INFO: getAllListDataZeroRecords (count) : 1  
[2023-06-26 11:24:12] CommonModel.INFO: Query : CALL SP_OttLookUp(2, 1, 'SIDEBARSUBMENUALL')  
[2023-06-26 11:24:12] CommonModel.INFO: Query : CALL SP_OttLookUp(3, 1, 'MENUACCESSDETAILS')  
[2023-06-26 11:24:12] CommonModel.INFO: getAllListDataZeroRecords (count) : 1  
[2023-06-26 11:24:12] CommonModel.INFO: Query : CALL SP_OttLookUp(3, 1, 'SIDEBARSUBMENUALL')  
[2023-06-26 11:24:12] CommonModel.INFO: getAllListDataZeroRecords (count) : 4  
[2023-06-26 11:24:12] CommonModel.INFO: Query : CALL SP_OttLookUp(4, 1, 'MENUACCESSDETAILS')  
[2023-06-26 11:24:12] CommonModel.INFO: getAllListDataZeroRecords (count) : 1  
[2023-06-26 11:24:12] CommonModel.INFO: Query : CALL SP_OttLookUp(5, 1, 'MENUACCESSDETAILS')  
[2023-06-26 11:24:12] CommonModel.INFO: getAllListDataZeroRecords (count) : 1  
[2023-06-26 11:24:12] CommonModel.INFO: Query : CALL SP_OttLookUp(6, 1, 'MENUACCESSDETAILS')  
[2023-06-26 11:24:12] CommonModel.INFO: getAllListDataZeroRecords (count) : 1  
[2023-06-26 11:24:12] CommonModel.INFO: Query : CALL SP_OttLookUp(7, 1, 'MENUACCESSDETAILS')  
[2023-06-26 11:24:12] CommonModel.INFO: getAllListDataZeroRecords (count) : 1  
[2023-06-26 11:24:12] CommonRepository.INFO: ======= End Common Repository ================  
[2023-06-26 11:25:47] CommonRepository.INFO: ======= Start Common Repository ================  
[2023-06-26 11:25:47] CommonModel.INFO: Query : CALL SP_OttLookUp(0, 1, 'SIDEBARMENUPARENTALL')  
[2023-06-26 11:25:47] CommonModel.INFO: getAllListDataZeroRecords (count) : 3  
[2023-06-26 11:25:47] CommonModel.INFO: Query : CALL SP_OttLookUp(1, 1, 'MENUACCESSDETAILS')  
[2023-06-26 11:25:47] CommonModel.INFO: getAllListDataZeroRecords (count) : 1  
[2023-06-26 11:25:47] CommonModel.INFO: Query : CALL SP_OttLookUp(1, 1, 'SIDEBARSUBMENUALL')  
[2023-06-26 11:25:47] CommonModel.INFO: Query : CALL SP_OttLookUp(2, 1, 'MENUACCESSDETAILS')  
[2023-06-26 11:25:47] CommonModel.INFO: getAllListDataZeroRecords (count) : 1  
[2023-06-26 11:25:47] CommonModel.INFO: Query : CALL SP_OttLookUp(2, 1, 'SIDEBARSUBMENUALL')  
[2023-06-26 11:25:47] CommonModel.INFO: Query : CALL SP_OttLookUp(3, 1, 'MENUACCESSDETAILS')  
[2023-06-26 11:25:47] CommonModel.INFO: getAllListDataZeroRecords (count) : 1  
[2023-06-26 11:25:47] CommonModel.INFO: Query : CALL SP_OttLookUp(3, 1, 'SIDEBARSUBMENUALL')  
[2023-06-26 11:25:47] CommonModel.INFO: getAllListDataZeroRecords (count) : 4  
[2023-06-26 11:25:47] CommonModel.INFO: Query : CALL SP_OttLookUp(4, 1, 'MENUACCESSDETAILS')  
[2023-06-26 11:25:47] CommonModel.INFO: getAllListDataZeroRecords (count) : 1  
[2023-06-26 11:25:47] CommonModel.INFO: Query : CALL SP_OttLookUp(5, 1, 'MENUACCESSDETAILS')  
[2023-06-26 11:25:47] CommonModel.INFO: getAllListDataZeroRecords (count) : 1  
[2023-06-26 11:25:47] CommonModel.INFO: Query : CALL SP_OttLookUp(6, 1, 'MENUACCESSDETAILS')  
[2023-06-26 11:25:47] CommonModel.INFO: getAllListDataZeroRecords (count) : 1  
[2023-06-26 11:25:47] CommonModel.INFO: Query : CALL SP_OttLookUp(7, 1, 'MENUACCESSDETAILS')  
[2023-06-26 11:25:47] CommonModel.INFO: getAllListDataZeroRecords (count) : 1  
[2023-06-26 11:25:47] CommonRepository.INFO: ======= End Common Repository ================  
[2023-06-26 11:27:49] CommonRepository.INFO: ======= Start Common Repository ================  
[2023-06-26 11:27:49] CommonModel.INFO: Query : CALL SP_OttLookUp(0, 1, 'SIDEBARMENUPARENTALL')  
[2023-06-26 11:27:49] CommonModel.INFO: getAllListDataZeroRecords (count) : 3  
[2023-06-26 11:27:49] CommonModel.INFO: Query : CALL SP_OttLookUp(1, 1, 'MENUACCESSDETAILS')  
[2023-06-26 11:27:49] CommonModel.INFO: getAllListDataZeroRecords (count) : 1  
[2023-06-26 11:27:49] CommonModel.INFO: Query : CALL SP_OttLookUp(1, 1, 'SIDEBARSUBMENUALL')  
[2023-06-26 11:27:49] CommonModel.INFO: Query : CALL SP_OttLookUp(2, 1, 'MENUACCESSDETAILS')  
[2023-06-26 11:27:49] CommonModel.INFO: getAllListDataZeroRecords (count) : 1  
[2023-06-26 11:27:49] CommonModel.INFO: Query : CALL SP_OttLookUp(2, 1, 'SIDEBARSUBMENUALL')  
[2023-06-26 11:27:49] CommonModel.INFO: Query : CALL SP_OttLookUp(3, 1, 'MENUACCESSDETAILS')  
[2023-06-26 11:27:49] CommonModel.INFO: getAllListDataZeroRecords (count) : 1  
[2023-06-26 11:27:49] CommonModel.INFO: Query : CALL SP_OttLookUp(3, 1, 'SIDEBARSUBMENUALL')  
[2023-06-26 11:27:49] CommonModel.INFO: getAllListDataZeroRecords (count) : 4  
[2023-06-26 11:27:49] CommonModel.INFO: Query : CALL SP_OttLookUp(4, 1, 'MENUACCESSDETAILS')  
[2023-06-26 11:27:49] CommonModel.INFO: getAllListDataZeroRecords (count) : 1  
[2023-06-26 11:27:49] CommonModel.INFO: Query : CALL SP_OttLookUp(5, 1, 'MENUACCESSDETAILS')  
[2023-06-26 11:27:49] CommonModel.INFO: getAllListDataZeroRecords (count) : 1  
[2023-06-26 11:27:49] CommonModel.INFO: Query : CALL SP_OttLookUp(6, 1, 'MENUACCESSDETAILS')  
[2023-06-26 11:27:49] CommonModel.INFO: getAllListDataZeroRecords (count) : 1  
[2023-06-26 11:27:49] CommonModel.INFO: Query : CALL SP_OttLookUp(7, 1, 'MENUACCESSDETAILS')  
[2023-06-26 11:27:49] CommonModel.INFO: getAllListDataZeroRecords (count) : 1  
[2023-06-26 11:27:49] CommonRepository.INFO: ======= End Common Repository ================  
[2023-06-26 11:32:50] CommonRepository.INFO: ======= Start Common Repository ================  
[2023-06-26 11:32:50] CommonModel.INFO: Query : CALL SP_OttLookUp(0, 1, 'SIDEBARMENUPARENTALL')  
[2023-06-26 11:32:50] CommonModel.INFO: getAllListDataZeroRecords (count) : 3  
[2023-06-26 11:32:50] CommonModel.INFO: Query : CALL SP_OttLookUp(1, 1, 'MENUACCESSDETAILS')  
[2023-06-26 11:32:50] CommonModel.INFO: getAllListDataZeroRecords (count) : 1  
[2023-06-26 11:32:50] CommonModel.INFO: Query : CALL SP_OttLookUp(1, 1, 'SIDEBARSUBMENUALL')  
[2023-06-26 11:32:50] CommonModel.INFO: Query : CALL SP_OttLookUp(2, 1, 'MENUACCESSDETAILS')  
[2023-06-26 11:32:50] CommonModel.INFO: getAllListDataZeroRecords (count) : 1  
[2023-06-26 11:32:50] CommonModel.INFO: Query : CALL SP_OttLookUp(2, 1, 'SIDEBARSUBMENUALL')  
[2023-06-26 11:32:50] CommonModel.INFO: Query : CALL SP_OttLookUp(3, 1, 'MENUACCESSDETAILS')  
[2023-06-26 11:32:50] CommonModel.INFO: getAllListDataZeroRecords (count) : 1  
[2023-06-26 11:32:50] CommonModel.INFO: Query : CALL SP_OttLookUp(3, 1, 'SIDEBARSUBMENUALL')  
[2023-06-26 11:32:50] CommonModel.INFO: getAllListDataZeroRecords (count) : 4  
[2023-06-26 11:32:50] CommonModel.INFO: Query : CALL SP_OttLookUp(4, 1, 'MENUACCESSDETAILS')  
[2023-06-26 11:32:50] CommonModel.INFO: getAllListDataZeroRecords (count) : 1  
[2023-06-26 11:32:50] CommonModel.INFO: Query : CALL SP_OttLookUp(5, 1, 'MENUACCESSDETAILS')  
[2023-06-26 11:32:50] CommonModel.INFO: getAllListDataZeroRecords (count) : 1  
[2023-06-26 11:32:50] CommonModel.INFO: Query : CALL SP_OttLookUp(6, 1, 'MENUACCESSDETAILS')  
[2023-06-26 11:32:50] CommonModel.INFO: getAllListDataZeroRecords (count) : 1  
[2023-06-26 11:32:50] CommonModel.INFO: Query : CALL SP_OttLookUp(7, 1, 'MENUACCESSDETAILS')  
[2023-06-26 11:32:50] CommonModel.INFO: getAllListDataZeroRecords (count) : 1  
[2023-06-26 11:32:50] CommonRepository.INFO: ======= End Common Repository ================  
[2023-06-26 11:33:30] CommonRepository.INFO: ======= Start Common Repository ================  
[2023-06-26 11:33:30] CommonModel.INFO: Query : CALL SP_OttLookUp(0, 1, 'SIDEBARMENUPARENTALL')  
[2023-06-26 11:33:30] CommonModel.INFO: getAllListDataZeroRecords (count) : 3  
[2023-06-26 11:33:30] CommonModel.INFO: Query : CALL SP_OttLookUp(1, 1, 'MENUACCESSDETAILS')  
[2023-06-26 11:33:30] CommonModel.INFO: getAllListDataZeroRecords (count) : 1  
[2023-06-26 11:33:30] CommonModel.INFO: Query : CALL SP_OttLookUp(1, 1, 'SIDEBARSUBMENUALL')  
[2023-06-26 11:33:30] CommonModel.INFO: Query : CALL SP_OttLookUp(2, 1, 'MENUACCESSDETAILS')  
[2023-06-26 11:33:30] CommonModel.INFO: getAllListDataZeroRecords (count) : 1  
[2023-06-26 11:33:30] CommonModel.INFO: Query : CALL SP_OttLookUp(2, 1, 'SIDEBARSUBMENUALL')  
[2023-06-26 11:33:30] CommonModel.INFO: Query : CALL SP_OttLookUp(3, 1, 'MENUACCESSDETAILS')  
[2023-06-26 11:33:30] CommonModel.INFO: getAllListDataZeroRecords (count) : 1  
[2023-06-26 11:33:30] CommonModel.INFO: Query : CALL SP_OttLookUp(3, 1, 'SIDEBARSUBMENUALL')  
[2023-06-26 11:33:30] CommonModel.INFO: getAllListDataZeroRecords (count) : 4  
[2023-06-26 11:33:30] CommonModel.INFO: Query : CALL SP_OttLookUp(4, 1, 'MENUACCESSDETAILS')  
[2023-06-26 11:33:30] CommonModel.INFO: getAllListDataZeroRecords (count) : 1  
[2023-06-26 11:33:30] CommonModel.INFO: Query : CALL SP_OttLookUp(5, 1, 'MENUACCESSDETAILS')  
[2023-06-26 11:33:30] CommonModel.INFO: getAllListDataZeroRecords (count) : 1  
[2023-06-26 11:33:30] CommonModel.INFO: Query : CALL SP_OttLookUp(6, 1, 'MENUACCESSDETAILS')  
[2023-06-26 11:33:30] CommonModel.INFO: getAllListDataZeroRecords (count) : 1  
[2023-06-26 11:33:30] CommonModel.INFO: Query : CALL SP_OttLookUp(7, 1, 'MENUACCESSDETAILS')  
[2023-06-26 11:33:30] CommonModel.INFO: getAllListDataZeroRecords (count) : 1  
[2023-06-26 11:33:30] CommonRepository.INFO: ======= End Common Repository ================  
[2023-06-26 11:36:52] CommonRepository.INFO: ======= Start Common Repository ================  
[2023-06-26 11:36:52] CommonModel.INFO: Query : CALL SP_OttLookUp(0, 1, 'SIDEBARMENUPARENTALL')  
[2023-06-26 11:36:52] CommonModel.INFO: getAllListDataZeroRecords (count) : 3  
[2023-06-26 11:36:52] CommonModel.INFO: Query : CALL SP_OttLookUp(1, 1, 'MENUACCESSDETAILS')  
[2023-06-26 11:36:52] CommonModel.INFO: getAllListDataZeroRecords (count) : 1  
[2023-06-26 11:36:52] CommonModel.INFO: Query : CALL SP_OttLookUp(1, 1, 'SIDEBARSUBMENUALL')  
[2023-06-26 11:36:52] CommonModel.INFO: Query : CALL SP_OttLookUp(2, 1, 'MENUACCESSDETAILS')  
[2023-06-26 11:36:52] CommonModel.INFO: getAllListDataZeroRecords (count) : 1  
[2023-06-26 11:36:52] CommonModel.INFO: Query : CALL SP_OttLookUp(2, 1, 'SIDEBARSUBMENUALL')  
[2023-06-26 11:36:52] CommonModel.INFO: Query : CALL SP_OttLookUp(3, 1, 'MENUACCESSDETAILS')  
[2023-06-26 11:36:52] CommonModel.INFO: getAllListDataZeroRecords (count) : 1  
[2023-06-26 11:36:52] CommonModel.INFO: Query : CALL SP_OttLookUp(3, 1, 'SIDEBARSUBMENUALL')  
[2023-06-26 11:36:52] CommonModel.INFO: getAllListDataZeroRecords (count) : 4  
[2023-06-26 11:36:52] CommonModel.INFO: Query : CALL SP_OttLookUp(4, 1, 'MENUACCESSDETAILS')  
[2023-06-26 11:36:52] CommonModel.INFO: getAllListDataZeroRecords (count) : 1  
[2023-06-26 11:36:52] CommonModel.INFO: Query : CALL SP_OttLookUp(5, 1, 'MENUACCESSDETAILS')  
[2023-06-26 11:36:52] CommonModel.INFO: getAllListDataZeroRecords (count) : 1  
[2023-06-26 11:36:52] CommonModel.INFO: Query : CALL SP_OttLookUp(6, 1, 'MENUACCESSDETAILS')  
[2023-06-26 11:36:52] CommonModel.INFO: getAllListDataZeroRecords (count) : 1  
[2023-06-26 11:36:52] CommonModel.INFO: Query : CALL SP_OttLookUp(7, 1, 'MENUACCESSDETAILS')  
[2023-06-26 11:36:52] CommonModel.INFO: getAllListDataZeroRecords (count) : 1  
[2023-06-26 11:36:52] CommonRepository.INFO: ======= End Common Repository ================  
[2023-06-26 11:38:10] CommonRepository.INFO: ======= Start Common Repository ================  
[2023-06-26 11:38:10] CommonModel.INFO: Query : CALL SP_OttLookUp(0, 1, 'SIDEBARMENUPARENTALL')  
[2023-06-26 11:38:10] CommonModel.INFO: getAllListDataZeroRecords (count) : 3  
[2023-06-26 11:38:10] CommonModel.INFO: Query : CALL SP_OttLookUp(1, 1, 'MENUACCESSDETAILS')  
[2023-06-26 11:38:10] CommonModel.INFO: getAllListDataZeroRecords (count) : 1  
[2023-06-26 11:38:10] CommonModel.INFO: Query : CALL SP_OttLookUp(1, 1, 'SIDEBARSUBMENUALL')  
[2023-06-26 11:38:10] CommonModel.INFO: Query : CALL SP_OttLookUp(2, 1, 'MENUACCESSDETAILS')  
[2023-06-26 11:38:10] CommonModel.INFO: getAllListDataZeroRecords (count) : 1  
[2023-06-26 11:38:10] CommonModel.INFO: Query : CALL SP_OttLookUp(2, 1, 'SIDEBARSUBMENUALL')  
[2023-06-26 11:38:10] CommonModel.INFO: Query : CALL SP_OttLookUp(3, 1, 'MENUACCESSDETAILS')  
[2023-06-26 11:38:10] CommonModel.INFO: getAllListDataZeroRecords (count) : 1  
[2023-06-26 11:38:10] CommonModel.INFO: Query : CALL SP_OttLookUp(3, 1, 'SIDEBARSUBMENUALL')  
[2023-06-26 11:38:10] CommonModel.INFO: getAllListDataZeroRecords (count) : 4  
[2023-06-26 11:38:10] CommonModel.INFO: Query : CALL SP_OttLookUp(4, 1, 'MENUACCESSDETAILS')  
[2023-06-26 11:38:10] CommonModel.INFO: getAllListDataZeroRecords (count) : 1  
[2023-06-26 11:38:10] CommonModel.INFO: Query : CALL SP_OttLookUp(5, 1, 'MENUACCESSDETAILS')  
[2023-06-26 11:38:10] CommonModel.INFO: getAllListDataZeroRecords (count) : 1  
[2023-06-26 11:38:10] CommonModel.INFO: Query : CALL SP_OttLookUp(6, 1, 'MENUACCESSDETAILS')  
[2023-06-26 11:38:10] CommonModel.INFO: getAllListDataZeroRecords (count) : 1  
[2023-06-26 11:38:10] CommonModel.INFO: Query : CALL SP_OttLookUp(7, 1, 'MENUACCESSDETAILS')  
[2023-06-26 11:38:10] CommonModel.INFO: getAllListDataZeroRecords (count) : 1  
[2023-06-26 11:38:10] CommonRepository.INFO: ======= End Common Repository ================  
[2023-06-26 11:39:33] CommonRepository.INFO: ======= Start Common Repository ================  
[2023-06-26 11:39:33] CommonModel.INFO: Query : CALL SP_OttLookUp(0, 1, 'SIDEBARMENUPARENTALL')  
[2023-06-26 11:39:33] CommonModel.INFO: getAllListDataZeroRecords (count) : 3  
[2023-06-26 11:39:33] CommonModel.INFO: Query : CALL SP_OttLookUp(1, 1, 'MENUACCESSDETAILS')  
[2023-06-26 11:39:33] CommonModel.INFO: getAllListDataZeroRecords (count) : 1  
[2023-06-26 11:39:33] CommonModel.INFO: Query : CALL SP_OttLookUp(1, 1, 'SIDEBARSUBMENUALL')  
[2023-06-26 11:39:33] CommonModel.INFO: Query : CALL SP_OttLookUp(2, 1, 'MENUACCESSDETAILS')  
[2023-06-26 11:39:33] CommonModel.INFO: getAllListDataZeroRecords (count) : 1  
[2023-06-26 11:39:33] CommonModel.INFO: Query : CALL SP_OttLookUp(2, 1, 'SIDEBARSUBMENUALL')  
[2023-06-26 11:39:33] CommonModel.INFO: Query : CALL SP_OttLookUp(3, 1, 'MENUACCESSDETAILS')  
[2023-06-26 11:39:33] CommonModel.INFO: getAllListDataZeroRecords (count) : 1  
[2023-06-26 11:39:33] CommonModel.INFO: Query : CALL SP_OttLookUp(3, 1, 'SIDEBARSUBMENUALL')  
[2023-06-26 11:39:33] CommonModel.INFO: getAllListDataZeroRecords (count) : 4  
[2023-06-26 11:39:33] CommonModel.INFO: Query : CALL SP_OttLookUp(4, 1, 'MENUACCESSDETAILS')  
[2023-06-26 11:39:33] CommonModel.INFO: getAllListDataZeroRecords (count) : 1  
[2023-06-26 11:39:33] CommonModel.INFO: Query : CALL SP_OttLookUp(5, 1, 'MENUACCESSDETAILS')  
[2023-06-26 11:39:33] CommonModel.INFO: getAllListDataZeroRecords (count) : 1  
[2023-06-26 11:39:33] CommonModel.INFO: Query : CALL SP_OttLookUp(6, 1, 'MENUACCESSDETAILS')  
[2023-06-26 11:39:33] CommonModel.INFO: getAllListDataZeroRecords (count) : 1  
[2023-06-26 11:39:33] CommonModel.INFO: Query : CALL SP_OttLookUp(7, 1, 'MENUACCESSDETAILS')  
[2023-06-26 11:39:33] CommonModel.INFO: getAllListDataZeroRecords (count) : 1  
[2023-06-26 11:39:33] CommonRepository.INFO: ======= End Common Repository ================  
[2023-06-26 11:42:37] CommonRepository.INFO: ======= Start Common Repository ================  
[2023-06-26 11:42:37] CommonModel.INFO: Query : CALL SP_OttLookUp(0, 1, 'SIDEBARMENUPARENTALL')  
[2023-06-26 11:42:37] CommonModel.INFO: getAllListDataZeroRecords (count) : 3  
[2023-06-26 11:42:37] CommonModel.INFO: Query : CALL SP_OttLookUp(1, 1, 'MENUACCESSDETAILS')  
[2023-06-26 11:42:37] CommonModel.INFO: getAllListDataZeroRecords (count) : 1  
[2023-06-26 11:42:37] CommonModel.INFO: Query : CALL SP_OttLookUp(1, 1, 'SIDEBARSUBMENUALL')  
[2023-06-26 11:42:37] CommonModel.INFO: Query : CALL SP_OttLookUp(2, 1, 'MENUACCESSDETAILS')  
[2023-06-26 11:42:37] CommonModel.INFO: getAllListDataZeroRecords (count) : 1  
[2023-06-26 11:42:37] CommonModel.INFO: Query : CALL SP_OttLookUp(2, 1, 'SIDEBARSUBMENUALL')  
[2023-06-26 11:42:37] CommonModel.INFO: Query : CALL SP_OttLookUp(3, 1, 'MENUACCESSDETAILS')  
[2023-06-26 11:42:37] CommonModel.INFO: getAllListDataZeroRecords (count) : 1  
[2023-06-26 11:42:37] CommonModel.INFO: Query : CALL SP_OttLookUp(3, 1, 'SIDEBARSUBMENUALL')  
[2023-06-26 11:42:37] CommonModel.INFO: getAllListDataZeroRecords (count) : 4  
[2023-06-26 11:42:37] CommonModel.INFO: Query : CALL SP_OttLookUp(4, 1, 'MENUACCESSDETAILS')  
[2023-06-26 11:42:37] CommonModel.INFO: getAllListDataZeroRecords (count) : 1  
[2023-06-26 11:42:37] CommonModel.INFO: Query : CALL SP_OttLookUp(5, 1, 'MENUACCESSDETAILS')  
[2023-06-26 11:42:37] CommonModel.INFO: getAllListDataZeroRecords (count) : 1  
[2023-06-26 11:42:37] CommonModel.INFO: Query : CALL SP_OttLookUp(6, 1, 'MENUACCESSDETAILS')  
[2023-06-26 11:42:37] CommonModel.INFO: getAllListDataZeroRecords (count) : 1  
[2023-06-26 11:42:37] CommonModel.INFO: Query : CALL SP_OttLookUp(7, 1, 'MENUACCESSDETAILS')  
[2023-06-26 11:42:37] CommonModel.INFO: getAllListDataZeroRecords (count) : 1  
[2023-06-26 11:42:37] CommonRepository.INFO: ======= End Common Repository ================  
[2023-06-26 11:44:13] CommonRepository.INFO: ======= Start Common Repository ================  
[2023-06-26 11:44:13] CommonModel.INFO: Query : CALL SP_OttLookUp(0, 1, 'SIDEBARMENUPARENTALL')  
[2023-06-26 11:44:13] CommonModel.INFO: getAllListDataZeroRecords (count) : 3  
[2023-06-26 11:44:13] CommonModel.INFO: Query : CALL SP_OttLookUp(1, 1, 'MENUACCESSDETAILS')  
[2023-06-26 11:44:13] CommonModel.INFO: getAllListDataZeroRecords (count) : 1  
[2023-06-26 11:44:13] CommonModel.INFO: Query : CALL SP_OttLookUp(1, 1, 'SIDEBARSUBMENUALL')  
[2023-06-26 11:44:13] CommonModel.INFO: Query : CALL SP_OttLookUp(2, 1, 'MENUACCESSDETAILS')  
[2023-06-26 11:44:13] CommonModel.INFO: getAllListDataZeroRecords (count) : 1  
[2023-06-26 11:44:13] CommonModel.INFO: Query : CALL SP_OttLookUp(2, 1, 'SIDEBARSUBMENUALL')  
[2023-06-26 11:44:13] CommonModel.INFO: Query : CALL SP_OttLookUp(3, 1, 'MENUACCESSDETAILS')  
[2023-06-26 11:44:13] CommonModel.INFO: getAllListDataZeroRecords (count) : 1  
[2023-06-26 11:44:13] CommonModel.INFO: Query : CALL SP_OttLookUp(3, 1, 'SIDEBARSUBMENUALL')  
[2023-06-26 11:44:13] CommonModel.INFO: getAllListDataZeroRecords (count) : 4  
[2023-06-26 11:44:13] CommonModel.INFO: Query : CALL SP_OttLookUp(4, 1, 'MENUACCESSDETAILS')  
[2023-06-26 11:44:13] CommonModel.INFO: getAllListDataZeroRecords (count) : 1  
[2023-06-26 11:44:13] CommonModel.INFO: Query : CALL SP_OttLookUp(5, 1, 'MENUACCESSDETAILS')  
[2023-06-26 11:44:13] CommonModel.INFO: getAllListDataZeroRecords (count) : 1  
[2023-06-26 11:44:13] CommonModel.INFO: Query : CALL SP_OttLookUp(6, 1, 'MENUACCESSDETAILS')  
[2023-06-26 11:44:13] CommonModel.INFO: getAllListDataZeroRecords (count) : 1  
[2023-06-26 11:44:13] CommonModel.INFO: Query : CALL SP_OttLookUp(7, 1, 'MENUACCESSDETAILS')  
[2023-06-26 11:44:13] CommonModel.INFO: getAllListDataZeroRecords (count) : 1  
[2023-06-26 11:44:13] CommonRepository.INFO: ======= End Common Repository ================  
[2023-06-26 11:46:18] CommonRepository.INFO: ======= Start Common Repository ================  
[2023-06-26 11:46:18] CommonModel.INFO: Query : CALL SP_OttLookUp(0, 1, 'SIDEBARMENUPARENTALL')  
[2023-06-26 11:46:18] CommonModel.INFO: getAllListDataZeroRecords (count) : 3  
[2023-06-26 11:46:18] CommonModel.INFO: Query : CALL SP_OttLookUp(1, 1, 'MENUACCESSDETAILS')  
[2023-06-26 11:46:18] CommonModel.INFO: getAllListDataZeroRecords (count) : 1  
[2023-06-26 11:46:18] CommonModel.INFO: Query : CALL SP_OttLookUp(1, 1, 'SIDEBARSUBMENUALL')  
[2023-06-26 11:46:18] CommonModel.INFO: Query : CALL SP_OttLookUp(2, 1, 'MENUACCESSDETAILS')  
[2023-06-26 11:46:18] CommonModel.INFO: getAllListDataZeroRecords (count) : 1  
[2023-06-26 11:46:18] CommonModel.INFO: Query : CALL SP_OttLookUp(2, 1, 'SIDEBARSUBMENUALL')  
[2023-06-26 11:46:18] CommonModel.INFO: Query : CALL SP_OttLookUp(3, 1, 'MENUACCESSDETAILS')  
[2023-06-26 11:46:18] CommonModel.INFO: getAllListDataZeroRecords (count) : 1  
[2023-06-26 11:46:18] CommonModel.INFO: Query : CALL SP_OttLookUp(3, 1, 'SIDEBARSUBMENUALL')  
[2023-06-26 11:46:18] CommonModel.INFO: getAllListDataZeroRecords (count) : 4  
[2023-06-26 11:46:18] CommonModel.INFO: Query : CALL SP_OttLookUp(4, 1, 'MENUACCESSDETAILS')  
[2023-06-26 11:46:18] CommonModel.INFO: getAllListDataZeroRecords (count) : 1  
[2023-06-26 11:46:18] CommonModel.INFO: Query : CALL SP_OttLookUp(5, 1, 'MENUACCESSDETAILS')  
[2023-06-26 11:46:18] CommonModel.INFO: getAllListDataZeroRecords (count) : 1  
[2023-06-26 11:46:18] CommonModel.INFO: Query : CALL SP_OttLookUp(6, 1, 'MENUACCESSDETAILS')  
[2023-06-26 11:46:18] CommonModel.INFO: getAllListDataZeroRecords (count) : 1  
[2023-06-26 11:46:18] CommonModel.INFO: Query : CALL SP_OttLookUp(7, 1, 'MENUACCESSDETAILS')  
[2023-06-26 11:46:18] CommonModel.INFO: getAllListDataZeroRecords (count) : 1  
[2023-06-26 11:46:18] CommonRepository.INFO: ======= End Common Repository ================  
[2023-06-26 11:47:15] CommonRepository.INFO: ======= Start Common Repository ================  
[2023-06-26 11:47:15] CommonModel.INFO: Query : CALL SP_OttLookUp(0, 1, 'SIDEBARMENUPARENTALL')  
[2023-06-26 11:47:15] CommonModel.INFO: getAllListDataZeroRecords (count) : 3  
[2023-06-26 11:47:15] CommonModel.INFO: Query : CALL SP_OttLookUp(1, 1, 'MENUACCESSDETAILS')  
[2023-06-26 11:47:15] CommonModel.INFO: getAllListDataZeroRecords (count) : 1  
[2023-06-26 11:47:15] CommonModel.INFO: Query : CALL SP_OttLookUp(1, 1, 'SIDEBARSUBMENUALL')  
[2023-06-26 11:47:15] CommonModel.INFO: Query : CALL SP_OttLookUp(2, 1, 'MENUACCESSDETAILS')  
[2023-06-26 11:47:15] CommonModel.INFO: getAllListDataZeroRecords (count) : 1  
[2023-06-26 11:47:15] CommonModel.INFO: Query : CALL SP_OttLookUp(2, 1, 'SIDEBARSUBMENUALL')  
[2023-06-26 11:47:15] CommonModel.INFO: Query : CALL SP_OttLookUp(3, 1, 'MENUACCESSDETAILS')  
[2023-06-26 11:47:15] CommonModel.INFO: getAllListDataZeroRecords (count) : 1  
[2023-06-26 11:47:15] CommonModel.INFO: Query : CALL SP_OttLookUp(3, 1, 'SIDEBARSUBMENUALL')  
[2023-06-26 11:47:15] CommonModel.INFO: getAllListDataZeroRecords (count) : 4  
[2023-06-26 11:47:15] CommonModel.INFO: Query : CALL SP_OttLookUp(4, 1, 'MENUACCESSDETAILS')  
[2023-06-26 11:47:15] CommonModel.INFO: getAllListDataZeroRecords (count) : 1  
[2023-06-26 11:47:15] CommonModel.INFO: Query : CALL SP_OttLookUp(5, 1, 'MENUACCESSDETAILS')  
[2023-06-26 11:47:15] CommonModel.INFO: getAllListDataZeroRecords (count) : 1  
[2023-06-26 11:47:15] CommonModel.INFO: Query : CALL SP_OttLookUp(6, 1, 'MENUACCESSDETAILS')  
[2023-06-26 11:47:15] CommonModel.INFO: getAllListDataZeroRecords (count) : 1  
[2023-06-26 11:47:15] CommonModel.INFO: Query : CALL SP_OttLookUp(7, 1, 'MENUACCESSDETAILS')  
[2023-06-26 11:47:15] CommonModel.INFO: getAllListDataZeroRecords (count) : 1  
[2023-06-26 11:47:15] CommonRepository.INFO: ======= End Common Repository ================  
[2023-06-26 11:47:40] CommonRepository.INFO: ======= Start Common Repository ================  
[2023-06-26 11:47:40] CommonModel.INFO: Query : CALL SP_OttLookUp(0, 1, 'SIDEBARMENUPARENTALL')  
[2023-06-26 11:47:40] CommonModel.INFO: getAllListDataZeroRecords (count) : 3  
[2023-06-26 11:47:40] CommonModel.INFO: Query : CALL SP_OttLookUp(1, 1, 'MENUACCESSDETAILS')  
[2023-06-26 11:47:40] CommonModel.INFO: getAllListDataZeroRecords (count) : 1  
[2023-06-26 11:47:40] CommonModel.INFO: Query : CALL SP_OttLookUp(1, 1, 'SIDEBARSUBMENUALL')  
[2023-06-26 11:47:40] CommonModel.INFO: Query : CALL SP_OttLookUp(2, 1, 'MENUACCESSDETAILS')  
[2023-06-26 11:47:40] CommonModel.INFO: getAllListDataZeroRecords (count) : 1  
[2023-06-26 11:47:40] CommonModel.INFO: Query : CALL SP_OttLookUp(2, 1, 'SIDEBARSUBMENUALL')  
[2023-06-26 11:47:40] CommonModel.INFO: Query : CALL SP_OttLookUp(3, 1, 'MENUACCESSDETAILS')  
[2023-06-26 11:47:40] CommonModel.INFO: getAllListDataZeroRecords (count) : 1  
[2023-06-26 11:47:40] CommonModel.INFO: Query : CALL SP_OttLookUp(3, 1, 'SIDEBARSUBMENUALL')  
[2023-06-26 11:47:40] CommonModel.INFO: getAllListDataZeroRecords (count) : 4  
[2023-06-26 11:47:40] CommonModel.INFO: Query : CALL SP_OttLookUp(4, 1, 'MENUACCESSDETAILS')  
[2023-06-26 11:47:40] CommonModel.INFO: getAllListDataZeroRecords (count) : 1  
[2023-06-26 11:47:40] CommonModel.INFO: Query : CALL SP_OttLookUp(5, 1, 'MENUACCESSDETAILS')  
[2023-06-26 11:47:40] CommonModel.INFO: getAllListDataZeroRecords (count) : 1  
[2023-06-26 11:47:40] CommonModel.INFO: Query : CALL SP_OttLookUp(6, 1, 'MENUACCESSDETAILS')  
[2023-06-26 11:47:40] CommonModel.INFO: getAllListDataZeroRecords (count) : 1  
[2023-06-26 11:47:40] CommonModel.INFO: Query : CALL SP_OttLookUp(7, 1, 'MENUACCESSDETAILS')  
[2023-06-26 11:47:40] CommonModel.INFO: getAllListDataZeroRecords (count) : 1  
[2023-06-26 11:47:40] CommonRepository.INFO: ======= End Common Repository ================  
[2023-06-26 11:51:05] CommonRepository.INFO: ======= Start Common Repository ================  
[2023-06-26 11:51:05] CommonModel.INFO: Query : CALL SP_OttLookUp(0, 1, 'SIDEBARMENUPARENTALL')  
[2023-06-26 11:51:05] CommonModel.INFO: getAllListDataZeroRecords (count) : 3  
[2023-06-26 11:51:05] CommonModel.INFO: Query : CALL SP_OttLookUp(1, 1, 'MENUACCESSDETAILS')  
[2023-06-26 11:51:05] CommonModel.INFO: getAllListDataZeroRecords (count) : 1  
[2023-06-26 11:51:05] CommonModel.INFO: Query : CALL SP_OttLookUp(1, 1, 'SIDEBARSUBMENUALL')  
[2023-06-26 11:51:05] CommonModel.INFO: Query : CALL SP_OttLookUp(2, 1, 'MENUACCESSDETAILS')  
[2023-06-26 11:51:05] CommonModel.INFO: getAllListDataZeroRecords (count) : 1  
[2023-06-26 11:51:05] CommonModel.INFO: Query : CALL SP_OttLookUp(2, 1, 'SIDEBARSUBMENUALL')  
[2023-06-26 11:51:05] CommonModel.INFO: Query : CALL SP_OttLookUp(3, 1, 'MENUACCESSDETAILS')  
[2023-06-26 11:51:05] CommonModel.INFO: getAllListDataZeroRecords (count) : 1  
[2023-06-26 11:51:05] CommonModel.INFO: Query : CALL SP_OttLookUp(3, 1, 'SIDEBARSUBMENUALL')  
[2023-06-26 11:51:05] CommonModel.INFO: getAllListDataZeroRecords (count) : 4  
[2023-06-26 11:51:05] CommonModel.INFO: Query : CALL SP_OttLookUp(4, 1, 'MENUACCESSDETAILS')  
[2023-06-26 11:51:05] CommonModel.INFO: getAllListDataZeroRecords (count) : 1  
[2023-06-26 11:51:05] CommonModel.INFO: Query : CALL SP_OttLookUp(5, 1, 'MENUACCESSDETAILS')  
[2023-06-26 11:51:05] CommonModel.INFO: getAllListDataZeroRecords (count) : 1  
[2023-06-26 11:51:05] CommonModel.INFO: Query : CALL SP_OttLookUp(6, 1, 'MENUACCESSDETAILS')  
[2023-06-26 11:51:05] CommonModel.INFO: getAllListDataZeroRecords (count) : 1  
[2023-06-26 11:51:05] CommonModel.INFO: Query : CALL SP_OttLookUp(7, 1, 'MENUACCESSDETAILS')  
[2023-06-26 11:51:05] CommonModel.INFO: getAllListDataZeroRecords (count) : 1  
[2023-06-26 11:51:05] CommonRepository.INFO: ======= End Common Repository ================  
[2023-06-26 11:53:02] CommonRepository.INFO: ======= Start Common Repository ================  
[2023-06-26 11:53:02] CommonModel.INFO: Query : CALL SP_OttLookUp(0, 1, 'SIDEBARMENUPARENTALL')  
[2023-06-26 11:53:02] CommonModel.INFO: getAllListDataZeroRecords (count) : 3  
[2023-06-26 11:53:02] CommonModel.INFO: Query : CALL SP_OttLookUp(1, 1, 'MENUACCESSDETAILS')  
[2023-06-26 11:53:02] CommonModel.INFO: getAllListDataZeroRecords (count) : 1  
[2023-06-26 11:53:02] CommonModel.INFO: Query : CALL SP_OttLookUp(1, 1, 'SIDEBARSUBMENUALL')  
[2023-06-26 11:53:02] CommonModel.INFO: Query : CALL SP_OttLookUp(2, 1, 'MENUACCESSDETAILS')  
[2023-06-26 11:53:02] CommonModel.INFO: getAllListDataZeroRecords (count) : 1  
[2023-06-26 11:53:02] CommonModel.INFO: Query : CALL SP_OttLookUp(2, 1, 'SIDEBARSUBMENUALL')  
[2023-06-26 11:53:02] CommonModel.INFO: Query : CALL SP_OttLookUp(3, 1, 'MENUACCESSDETAILS')  
[2023-06-26 11:53:02] CommonModel.INFO: getAllListDataZeroRecords (count) : 1  
[2023-06-26 11:53:02] CommonModel.INFO: Query : CALL SP_OttLookUp(3, 1, 'SIDEBARSUBMENUALL')  
[2023-06-26 11:53:02] CommonModel.INFO: getAllListDataZeroRecords (count) : 4  
[2023-06-26 11:53:02] CommonModel.INFO: Query : CALL SP_OttLookUp(4, 1, 'MENUACCESSDETAILS')  
[2023-06-26 11:53:02] CommonModel.INFO: getAllListDataZeroRecords (count) : 1  
[2023-06-26 11:53:02] CommonModel.INFO: Query : CALL SP_OttLookUp(5, 1, 'MENUACCESSDETAILS')  
[2023-06-26 11:53:02] CommonModel.INFO: getAllListDataZeroRecords (count) : 1  
[2023-06-26 11:53:02] CommonModel.INFO: Query : CALL SP_OttLookUp(6, 1, 'MENUACCESSDETAILS')  
[2023-06-26 11:53:02] CommonModel.INFO: getAllListDataZeroRecords (count) : 1  
[2023-06-26 11:53:02] CommonModel.INFO: Query : CALL SP_OttLookUp(7, 1, 'MENUACCESSDETAILS')  
[2023-06-26 11:53:02] CommonModel.INFO: getAllListDataZeroRecords (count) : 1  
[2023-06-26 11:53:02] CommonRepository.INFO: ======= End Common Repository ================  
[2023-06-26 11:55:36] CommonRepository.INFO: ======= Start Common Repository ================  
[2023-06-26 11:55:36] CommonModel.INFO: Query : CALL SP_OttLookUp(0, 1, 'SIDEBARMENUPARENTALL')  
[2023-06-26 11:55:36] CommonModel.INFO: getAllListDataZeroRecords (count) : 3  
[2023-06-26 11:55:36] CommonModel.INFO: Query : CALL SP_OttLookUp(1, 1, 'MENUACCESSDETAILS')  
[2023-06-26 11:55:36] CommonModel.INFO: getAllListDataZeroRecords (count) : 1  
[2023-06-26 11:55:36] CommonModel.INFO: Query : CALL SP_OttLookUp(1, 1, 'SIDEBARSUBMENUALL')  
[2023-06-26 11:55:36] CommonModel.INFO: Query : CALL SP_OttLookUp(2, 1, 'MENUACCESSDETAILS')  
[2023-06-26 11:55:36] CommonModel.INFO: getAllListDataZeroRecords (count) : 1  
[2023-06-26 11:55:36] CommonModel.INFO: Query : CALL SP_OttLookUp(2, 1, 'SIDEBARSUBMENUALL')  
[2023-06-26 11:55:36] CommonModel.INFO: Query : CALL SP_OttLookUp(3, 1, 'MENUACCESSDETAILS')  
[2023-06-26 11:55:36] CommonModel.INFO: getAllListDataZeroRecords (count) : 1  
[2023-06-26 11:55:36] CommonModel.INFO: Query : CALL SP_OttLookUp(3, 1, 'SIDEBARSUBMENUALL')  
[2023-06-26 11:55:36] CommonModel.INFO: getAllListDataZeroRecords (count) : 4  
[2023-06-26 11:55:36] CommonModel.INFO: Query : CALL SP_OttLookUp(4, 1, 'MENUACCESSDETAILS')  
[2023-06-26 11:55:36] CommonModel.INFO: getAllListDataZeroRecords (count) : 1  
[2023-06-26 11:55:36] CommonModel.INFO: Query : CALL SP_OttLookUp(5, 1, 'MENUACCESSDETAILS')  
[2023-06-26 11:55:36] CommonModel.INFO: getAllListDataZeroRecords (count) : 1  
[2023-06-26 11:55:36] CommonModel.INFO: Query : CALL SP_OttLookUp(6, 1, 'MENUACCESSDETAILS')  
[2023-06-26 11:55:36] CommonModel.INFO: getAllListDataZeroRecords (count) : 1  
[2023-06-26 11:55:36] CommonModel.INFO: Query : CALL SP_OttLookUp(7, 1, 'MENUACCESSDETAILS')  
[2023-06-26 11:55:36] CommonModel.INFO: getAllListDataZeroRecords (count) : 1  
[2023-06-26 11:55:36] CommonRepository.INFO: ======= End Common Repository ================  
