[2023-06-05 11:34:47] BrandAction.INFO: ======= Start Brand Action (DELETE)================  
[2023-06-05 11:34:47] BrandAction.INFO: method : DELETE  
[2023-06-05 11:34:47] BrandAction.INFO: contentType : application/json  
[2023-06-05 11:34:47] BrandAction.INFO: Input Data : {"decoded":{"sub":"1","id":"1","userName":"super admin","userGroup":"1","email":"superadmin@example.com","iat":1685941470,"exp":1686027870}}  
[2023-06-05 11:34:47] BrandModel.INFO: Query : call SP_AddandEditBrand('DELETE','','','0','undefined')  
[2023-06-05 11:35:12] BrandAction.INFO: ======= Start Brand Action (DELETE)================  
[2023-06-05 11:35:12] BrandAction.INFO: method : DELETE  
[2023-06-05 11:35:12] BrandAction.INFO: contentType : application/json  
[2023-06-05 11:35:12] BrandAction.INFO: Input Data : {"decoded":{"sub":"1","id":"1","userName":"super admin","userGroup":"1","email":"superadmin@example.com","iat":1685941470,"exp":1686027870}}  
[2023-06-05 11:35:12] BrandModel.INFO: Query : call SP_AddandEditBrand('DELETE','','','0','21')  
[2023-06-05 11:35:12] BrandAction.INFO: ======= END Brand Action (DELETE)================  
[2023-06-05 11:35:25] BrandAction.INFO: ======= Start Brand Action (DELETE)================  
[2023-06-05 11:35:25] BrandAction.INFO: method : DELETE  
[2023-06-05 11:35:25] BrandAction.INFO: contentType : application/json  
[2023-06-05 11:35:25] BrandAction.INFO: Input Data : {"decoded":{"sub":"1","id":"1","userName":"super admin","userGroup":"1","email":"superadmin@example.com","iat":1685941470,"exp":1686027870}}  
[2023-06-05 11:35:25] BrandModel.INFO: Query : call SP_AddandEditBrand('DELETE','','','0','21')  
[2023-06-05 11:35:25] BrandAction.INFO: ======= END Brand Action (DELETE)================  
[2023-06-05 11:36:04] BrandAction.INFO: ======= Start Brand Action (DELETE)================  
[2023-06-05 11:36:04] BrandAction.INFO: method : DELETE  
[2023-06-05 11:36:04] BrandAction.INFO: contentType : application/json  
[2023-06-05 11:36:04] BrandAction.INFO: Input Data : {"decoded":{"sub":"1","id":"1","userName":"super admin","userGroup":"1","email":"superadmin@example.com","iat":1685941470,"exp":1686027870}}  
[2023-06-05 11:36:04] BrandModel.INFO: Query : call SP_AddandEditBrand('DELETE','','','0','23')  
[2023-06-05 11:36:04] BrandAction.INFO: ======= END Brand Action (DELETE)================  
[2023-06-05 11:36:35] BrandAction.INFO: ======= Start Brand Action (DELETE)================  
[2023-06-05 11:36:35] BrandAction.INFO: method : DELETE  
[2023-06-05 11:36:35] BrandAction.INFO: contentType : application/json  
[2023-06-05 11:36:35] BrandAction.INFO: Input Data : {"decoded":{"sub":"1","id":"1","userName":"super admin","userGroup":"1","email":"superadmin@example.com","iat":1685941470,"exp":1686027870}}  
[2023-06-05 11:36:35] BrandModel.INFO: Query : call SP_AddandEditBrand('DELETE','','','0','21')  
[2023-06-05 11:36:35] BrandAction.INFO: ======= END Brand Action (DELETE)================  
[2023-06-05 11:41:07] BrandAction.INFO: ======= Start Brand Action (VIEW)================  
[2023-06-05 11:41:07] BrandAction.INFO: method : POST  
[2023-06-05 11:41:07] BrandAction.INFO: contentType : application/json  
[2023-06-05 11:41:07] BrandAction.INFO: Input Data : {"decoded":{"sub":"1","id":"1","userName":"super admin","userGroup":"1","email":"superadmin@example.com","iat":1685941470,"exp":1686027870}}  
[2023-06-05 11:41:07] BrandModel.INFO: Query : call SP_AddandEditBrand('VIEW','','','0','0')  
[2023-06-05 11:41:07] BrandAction.INFO: ======= END Brand Action (VIEW)================  
