[2023-06-05 11:30:39] ChannelModel.INFO: Query : call SP_AddandEditChannelInfo('ADD','Sun_tv12121233231412112','../uploads/Channels/Sun_tv12121233231412112.jpeg' ,0 ,1)  
[2023-06-05 11:30:40] ChannelModel.INFO: Query : call SP_AddandEditChannelInfo('ADD','Sun_tv12121233231412112','../uploads/Channels/Sun_tv12121233231412112.jpeg' ,0 ,1)  
[2023-06-05 11:30:42] ChannelModel.INFO: Query : call SP_AddandEditChannelInfo('ADD','Sun_tv12121233231412112','../uploads/Channels/Sun_tv12121233231412112.jpeg' ,0 ,1)  
[2023-06-05 11:31:54] ChannelModel.INFO: Query : call SP_AddandEditChannelInfo('UPDATE','Sun_tv1', '../uploads/Channels/Sun_tv1.jpeg', 1,1)  
[2023-06-05 11:32:23] ChannelModel.INFO: Query : call SP_AddandEditChannelInfo('GETONE','', '', undefined,1)  
[2023-06-05 11:32:25] ChannelModel.INFO: Query : call SP_AddandEditChannelInfo('GETONE','', '', undefined,1)  
[2023-06-05 11:33:03] ChannelModel.INFO: Query : call SP_AddandEditChannelInfo('GETONE','', '', 21,1)  
[2023-06-05 11:38:11] ChannelModel.INFO: Query : call SP_AddandEditChannelInfo('DELETE','', '', 21,1)  
[2023-06-05 11:38:22] ChannelModel.INFO: Query : call SP_AddandEditChannelInfo('GETONE','', '', 22,1)  
[2023-06-05 11:39:22] ChannelModel.INFO: Query : call SP_AddandEditChannelInfo('GETONE','', '', 22,1)  
[2023-06-05 11:43:10] ChannelModel.INFO: Query : call SP_AddandEditChannelInfo('GETONE','', '', 22,1)  
[2023-06-05 11:43:15] ChannelModel.INFO: Query : call SP_AddandEditChannelInfo('GETONE','', '', 23,1)  
[2023-06-05 11:43:25] ChannelModel.INFO: Query : call SP_AddandEditChannelInfo('GETONE','', '', 22,1)  
[2023-06-05 11:43:27] ChannelModel.INFO: Query : call SP_AddandEditChannelInfo('GETONE','', '', 26,1)  
[2023-06-05 11:43:49] ChannelModel.INFO: Query : call SP_AddandEditChannelInfo('DELETE','', '', 31,1)  
[2023-06-05 11:43:59] ChannelModel.INFO: Query : call SP_AddandEditChannelInfo('DELETE','', '', 32,1)  
[2023-06-05 11:44:06] ChannelModel.INFO: Query : call SP_AddandEditChannelInfo('DELETE','', '', 30,1)  
[2023-06-05 11:44:15] ChannelModel.INFO: Query : call SP_AddandEditChannelInfo('DELETE','', '', 30,1)  
[2023-06-05 11:44:18] ChannelModel.INFO: Query : call SP_AddandEditChannelInfo('DELETE','', '', 28,1)  
[2023-06-05 11:44:40] ChannelModel.INFO: Query : call SP_AddandEditChannelInfo('DELETE','', '', 29,1)  
[2023-06-05 11:44:46] ChannelModel.INFO: Query : call SP_AddandEditChannelInfo('DELETE','', '', 24,1)  
[2023-06-05 11:45:17] ChannelModel.INFO: Query : call SP_AddandEditChannelInfo('DELETE','', '', 27,1)  
[2023-06-05 11:45:26] ChannelModel.INFO: Query : call SP_AddandEditChannelInfo('DELETE','', '', 27,1)  
[2023-06-05 11:45:38] ChannelModel.INFO: Query : call SP_AddandEditChannelInfo('DELETE','', '', 26,1)  
[2023-06-05 11:45:53] ChannelModel.INFO: Query : call SP_AddandEditChannelInfo('DELETE','', '', 23,1)  
[2023-06-05 12:26:54] ChannelModel.INFO: Query : call SP_AddandEditChannelInfo('GETONE','', '', 22,1)  
[2023-06-05 12:27:02] ChannelModel.INFO: Query : call SP_AddandEditChannelInfo('GETONE','', '', 22,1)  
[2023-06-05 12:27:09] ChannelModel.INFO: Query : call SP_AddandEditChannelInfo('GETONE','', '', 25,1)  
[2023-06-05 12:31:22] ChannelModel.INFO: Query : call SP_AddandEditChannelInfo('ADD','wdwd','../uploads/Channels/wdwd.x-empty' ,0 ,1)  
[2023-06-05 12:37:08] ChannelModel.INFO: Query : call SP_AddandEditChannelInfo('GETONE','', '', 22,1)  
[2023-06-05 12:41:23] ChannelModel.INFO: Query : call SP_AddandEditChannelInfo('ADD','FEF','../uploads/Channels/FEF.x-empty' ,0 ,1)  
[2023-06-05 12:45:16] ChannelModel.INFO: Query : call SP_AddandEditChannelInfo('ADD','teswte','../uploads/Channels/teswte.x-empty' ,0 ,1)  
[2023-06-05 12:45:16] BrandRepository.ERROR: Error Code : 401Error Message : Channel Name required  
[2023-06-05 12:45:16] BrandRepository.ERROR: Error File : /var/www/projects/ottproduct/api/v1/src/Domain/Repository/Channel/ChannelRepository.phpError Line : 82  
[2023-06-05 12:45:16] BrandRepository.ERROR: Error Trace String : #0 /var/www/projects/ottproduct/api/v1/src/Application/Actions/Channel/ChannelAction.php(115): App\Domain\Repository\Channel\ChannelRepository->create()
#1 /var/www/projects/ottproduct/api/v1/vendor/slim/slim/Slim/Handlers/Strategies/RequestResponse.php(38): App\Application\Actions\Channel\ChannelAction->create()
#2 /var/www/projects/ottproduct/api/v1/vendor/slim/slim/Slim/Routing/Route.php(358): Slim\Handlers\Strategies\RequestResponse->__invoke()
#3 /var/www/projects/ottproduct/api/v1/src/Application/Middleware/AuthMiddleware.php(33): Slim\Routing\Route->handle()
#4 /var/www/projects/ottproduct/api/v1/vendor/slim/slim/Slim/MiddlewareDispatcher.php(121): App\Application\Middleware\AuthMiddleware->process()
#5 /var/www/projects/ottproduct/api/v1/vendor/slim/slim/Slim/MiddlewareDispatcher.php(65): Psr\Http\Server\RequestHandlerInterface@anonymous->handle()
#6 /var/www/projects/ottproduct/api/v1/vendor/slim/slim/Slim/MiddlewareDispatcher.php(65): Slim\MiddlewareDispatcher->handle()
#7 /var/www/projects/ottproduct/api/v1/vendor/slim/slim/Slim/Routing/Route.php(315): Slim\MiddlewareDispatcher->handle()
#8 /var/www/projects/ottproduct/api/v1/vendor/slim/slim/Slim/Routing/RouteRunner.php(68): Slim\Routing\Route->run()
#9 /var/www/projects/ottproduct/api/v1/src/Application/Middleware/SessionMiddleware.php(26): Slim\Routing\RouteRunner->handle()
#10 /var/www/projects/ottproduct/api/v1/vendor/slim/slim/Slim/MiddlewareDispatcher.php(168): App\Application\Middleware\SessionMiddleware->process()
#11 /var/www/projects/ottproduct/api/v1/vendor/slim/slim/Slim/Middleware/RoutingMiddleware.php(45): Psr\Http\Server\RequestHandlerInterface@anonymous->handle()
#12 /var/www/projects/ottproduct/api/v1/vendor/slim/slim/Slim/MiddlewareDispatcher.php(121): Slim\Middleware\RoutingMiddleware->process()
#13 /var/www/projects/ottproduct/api/v1/vendor/selective/basepath/src/BasePathMiddleware.php(52): Psr\Http\Server\RequestHandlerInterface@anonymous->handle()
#14 /var/www/projects/ottproduct/api/v1/vendor/slim/slim/Slim/MiddlewareDispatcher.php(121): Selective\BasePath\BasePathMiddleware->process()
#15 /var/www/projects/ottproduct/api/v1/vendor/slim/slim/Slim/Middleware/BodyParsingMiddleware.php(64): Psr\Http\Server\RequestHandlerInterface@anonymous->handle()
#16 /var/www/projects/ottproduct/api/v1/vendor/slim/slim/Slim/MiddlewareDispatcher.php(121): Slim\Middleware\BodyParsingMiddleware->process()
#17 /var/www/projects/ottproduct/api/v1/vendor/slim/slim/Slim/Middleware/ErrorMiddleware.php(76): Psr\Http\Server\RequestHandlerInterface@anonymous->handle()
#18 /var/www/projects/ottproduct/api/v1/vendor/slim/slim/Slim/MiddlewareDispatcher.php(121): Slim\Middleware\ErrorMiddleware->process()
#19 /var/www/projects/ottproduct/api/v1/vendor/tuupola/cors-middleware/src/CorsMiddleware.php(155): Psr\Http\Server\RequestHandlerInterface@anonymous->handle()
#20 /var/www/projects/ottproduct/api/v1/vendor/slim/slim/Slim/MiddlewareDispatcher.php(121): Tuupola\Middleware\CorsMiddleware->process()
#21 /var/www/projects/ottproduct/api/v1/vendor/slim/slim/Slim/MiddlewareDispatcher.php(65): Psr\Http\Server\RequestHandlerInterface@anonymous->handle()
#22 /var/www/projects/ottproduct/api/v1/vendor/slim/slim/Slim/App.php(199): Slim\MiddlewareDispatcher->handle()
#23 /var/www/projects/ottproduct/api/v1/public/index.php(93): Slim\App->handle()
#24 {main}  
[2023-06-05 12:51:31] BrandRepository.ERROR: Error Code : 401Error Message : Channel image required  
[2023-06-05 12:51:31] BrandRepository.ERROR: Error File : /var/www/projects/ottproduct/api/v1/src/Domain/Repository/Channel/ChannelRepository.phpError Line : 86  
[2023-06-05 12:51:31] BrandRepository.ERROR: Error Trace String : #0 /var/www/projects/ottproduct/api/v1/src/Application/Actions/Channel/ChannelAction.php(115): App\Domain\Repository\Channel\ChannelRepository->create()
#1 /var/www/projects/ottproduct/api/v1/vendor/slim/slim/Slim/Handlers/Strategies/RequestResponse.php(38): App\Application\Actions\Channel\ChannelAction->create()
#2 /var/www/projects/ottproduct/api/v1/vendor/slim/slim/Slim/Routing/Route.php(358): Slim\Handlers\Strategies\RequestResponse->__invoke()
#3 /var/www/projects/ottproduct/api/v1/src/Application/Middleware/AuthMiddleware.php(33): Slim\Routing\Route->handle()
#4 /var/www/projects/ottproduct/api/v1/vendor/slim/slim/Slim/MiddlewareDispatcher.php(121): App\Application\Middleware\AuthMiddleware->process()
#5 /var/www/projects/ottproduct/api/v1/vendor/slim/slim/Slim/MiddlewareDispatcher.php(65): Psr\Http\Server\RequestHandlerInterface@anonymous->handle()
#6 /var/www/projects/ottproduct/api/v1/vendor/slim/slim/Slim/MiddlewareDispatcher.php(65): Slim\MiddlewareDispatcher->handle()
#7 /var/www/projects/ottproduct/api/v1/vendor/slim/slim/Slim/Routing/Route.php(315): Slim\MiddlewareDispatcher->handle()
#8 /var/www/projects/ottproduct/api/v1/vendor/slim/slim/Slim/Routing/RouteRunner.php(68): Slim\Routing\Route->run()
#9 /var/www/projects/ottproduct/api/v1/src/Application/Middleware/SessionMiddleware.php(26): Slim\Routing\RouteRunner->handle()
#10 /var/www/projects/ottproduct/api/v1/vendor/slim/slim/Slim/MiddlewareDispatcher.php(168): App\Application\Middleware\SessionMiddleware->process()
#11 /var/www/projects/ottproduct/api/v1/vendor/slim/slim/Slim/Middleware/RoutingMiddleware.php(45): Psr\Http\Server\RequestHandlerInterface@anonymous->handle()
#12 /var/www/projects/ottproduct/api/v1/vendor/slim/slim/Slim/MiddlewareDispatcher.php(121): Slim\Middleware\RoutingMiddleware->process()
#13 /var/www/projects/ottproduct/api/v1/vendor/selective/basepath/src/BasePathMiddleware.php(52): Psr\Http\Server\RequestHandlerInterface@anonymous->handle()
#14 /var/www/projects/ottproduct/api/v1/vendor/slim/slim/Slim/MiddlewareDispatcher.php(121): Selective\BasePath\BasePathMiddleware->process()
#15 /var/www/projects/ottproduct/api/v1/vendor/slim/slim/Slim/Middleware/BodyParsingMiddleware.php(64): Psr\Http\Server\RequestHandlerInterface@anonymous->handle()
#16 /var/www/projects/ottproduct/api/v1/vendor/slim/slim/Slim/MiddlewareDispatcher.php(121): Slim\Middleware\BodyParsingMiddleware->process()
#17 /var/www/projects/ottproduct/api/v1/vendor/slim/slim/Slim/Middleware/ErrorMiddleware.php(76): Psr\Http\Server\RequestHandlerInterface@anonymous->handle()
#18 /var/www/projects/ottproduct/api/v1/vendor/slim/slim/Slim/MiddlewareDispatcher.php(121): Slim\Middleware\ErrorMiddleware->process()
#19 /var/www/projects/ottproduct/api/v1/vendor/tuupola/cors-middleware/src/CorsMiddleware.php(155): Psr\Http\Server\RequestHandlerInterface@anonymous->handle()
#20 /var/www/projects/ottproduct/api/v1/vendor/slim/slim/Slim/MiddlewareDispatcher.php(121): Tuupola\Middleware\CorsMiddleware->process()
#21 /var/www/projects/ottproduct/api/v1/vendor/slim/slim/Slim/MiddlewareDispatcher.php(65): Psr\Http\Server\RequestHandlerInterface@anonymous->handle()
#22 /var/www/projects/ottproduct/api/v1/vendor/slim/slim/Slim/App.php(199): Slim\MiddlewareDispatcher->handle()
#23 /var/www/projects/ottproduct/api/v1/public/index.php(93): Slim\App->handle()
#24 {main}  
