[2023-06-05 11:30:06] ChannelAction.INFO: ======= Start Channel Action (List) ================  
[2023-06-05 11:30:06] ChannelAction.INFO: method : POST  
[2023-06-05 11:30:06] ChannelAction.INFO: contentType : application/json  
[2023-06-05 11:30:06] ChannelAction.INFO: Input Data : {"decoded":{"sub":"1","id":"1","userName":"super admin","userGroup":"1","email":"superadmin@example.com","iat":1685941470,"exp":1686027870}}  
[2023-06-05 11:30:06] ChannelAction.INFO: ======= END Channel Action (List) ================  
[2023-06-05 11:30:22] ChannelAction.INFO: ======= Start Channel Action (List) ================  
[2023-06-05 11:30:22] ChannelAction.INFO: method : POST  
[2023-06-05 11:30:22] ChannelAction.INFO: contentType : application/json  
[2023-06-05 11:30:22] ChannelAction.INFO: Input Data : {"decoded":{"sub":"1","id":"1","userName":"super admin","userGroup":"1","email":"superadmin@example.com","iat":1685941470,"exp":1686027870}}  
[2023-06-05 11:30:22] ChannelAction.INFO: ======= END Channel Action (List) ================  
[2023-06-05 11:30:39] ChannelAction.INFO: ======= Start Channel Action (CREATE) ================  
[2023-06-05 11:30:39] ChannelAction.INFO: method : POST  
[2023-06-05 11:30:39] ChannelAction.INFO: contentType : application/json  
[2023-06-05 11:30:39] ChannelAction.INFO: Input Data : {"channelid":"1","channelname":"Sun_tv12121233231412112","channelimg":"\/9j\/4AAQSkZJRgABAQAAAQABAAD\/2wBDAAkGBwgHBgkIBwgKCgkLDRYPDQwMDRsUFRAWIB0iIiAdHx8kKDQsJCYxJx8fLT0tMTU3Ojo6Iys\/RD84QzQ5Ojf\/2wBDAQoKCg0MDRoPDxo3JR8lNzc3Nzc3Nzc3Nzc3Nzc3Nzc3Nzc3Nzc3Nzc3Nzc3Nzc3Nzc3Nzc3Nzc3Nzc3Nzc3Nzf\/wAARCAA8AEYDAREAAhEBAxEB\/8QAGgAAAgMBAQAAAAAAAAAAAAAABAUBAwYCB\/\/EADEQAAIBAwMDAgUCBgMAAAAAAAECAwAEEQUSIRMiUTFBBhQyYXEjQhUkUoGRoZLR4f\/EABsBAAIDAQEBAAAAAAAAAAAAAAMEAQIFBgAH\/8QAMBEAAgIBAwIFAgUEAwAAAAAAAQIAAxEEITESQQUTUWFxIjIUI4HR8JGhseEGYvH\/2gAMAwEAAhEDEQA\/APFe5WGfNVxB8xlZW7K8zyDACZFEVTjMGT2kxsTCYsdxORVORieaFXgjS0jIwH\/dS7MS+JV+whWnyP8APXMQPY6gkf2qaPtkUbIIpe3a41BYsYG7GKMo33lwcTmWAxzMGwAntVWG8qx7S62tjNaGSNCWhbqMwHAFSWAABPMsT0xbqEpku5HxjJ9K8q4EIm65hj2zTRyOi9sYyTRs5G0EjYMbHD6VHIv1SYU14thZV9t5FjYtdMFGAsbgO+cYH2q9NLWH2HM0fD9BZrHPTwMZPp\/ua+x+F4JIPmJYwxUqyGQZV15BB\/GP90fy9LU2OT7\/ALTohotBpWCles77n9uDLb3QLOEy3PTjVd6rFICQcbQ2ePsQMfeiJ5DgDo+cbS9dGi1KqhqAON8be0zaaYF1Rb5OLfOdrHuH\/lCu0vT+an2+\/MyfE\/Bzpgb6\/syNid4jkspbrULh1DdEEndik8TG6DjOIZZyXFj10jVTHPFsYHxS9qhsH0idlo4i+70\/quJIyORzUrcO89VqAow0ZaLe25068tGA3TDIJoyfbiHAxLdJgke0CPG2A3bx60RQSIb8PZZjCnfiMpHiiAgtkIcDcyjGfyw961W6EQJWN+T6\/rO+0qU6epaqRg439f19ZA+ILmOMQwyMIgcyREcEe\/rx7Z5pCwrYwbG49otbbW7ZA37\/ALj4gGo\/Ekl72yTSLHkkNsyGPA7R+AKpWRWCFzg\/zaJLrK0HSpx745+JOnCVJEnlVBE2e+c4kIx4zwPxTlFZ5YDHqef\/ACNV1Gxeq0DpPduf58S6fUoIZpIVB2A7RtrNsbpJUesBXr9GieUwBxt8yL+zeTT0vD+lFjafJpOxiHwBOQ8S8ttQXpXYxMQSimANt8+asqZ5iI5PVO9G0tHUz3EhSJDliPFO01gtluJtaCldRqBW\/HJms026srVHLfqLwE57VH3o2oDkotDYXue87f8ALrRa6uBEuoyxuzIlxCxmU7Vk9Fx4PtTl\/S\/0qwOR39vfaL6m1fsDg5Hf94qf5QQRSMEMsY2MiglZMccYGP8AdKdKABu\/+ZlsaOhWIHUNsDOD\/PnaTayiU4soZbeJSRJ0e5ifuDVkbJ\/LBA743\/tIosFhxSpRRzjc\/qDLbaBuo8y2qNC7AIJeWA8g5x7VdU3Lhcj35hK6ypNoTK9s7nHsYJexzK8kjRmMvKWUfas6x1ssLCctZqU1FzWL33mjnYTQabbNMzCQgSJ\/TQwuXglBZhg7QD4mQ6de\/L2J3R+oxVioBkNUgY5nAdrMz20qEwvkKfNMnKjEPpnUWdZJ\/SL\/AObis2aPtQnaQfWhdeNgZsLq7kqLcCFQQn+ExmVEd2JIJ9QPA+\/ijV3p5fQRvmRp\/EqmqNbj6s\/59P8AcoE88KFLO12wE8dQZbPuQaMHIyqLt78xtb7EylCYX0PPz+s6s7Y6lepZ6fDLC21ie7lj4NDeytf+oi12ooQ75RRyfc\/EsFm9lcywYYOO3Gfp8\/5oL3Kv2GI36+mperTvkEfz4MJSR0mit5cMfqVm5waRtXILic+yqQba4yh6k+opO6L1Sc5AwKFQzHYHaW09hJ3OBB9XSSS6KyJsYe\/mmGUkz1l3U3OYymuojcKvSRliIwT70zqclQom94DUjWM1kW6rq1u5dDCETOMAUtVR0d8zZ12urFRqxJ021WfTCvoQSFaovu8kZxkGcXbY1f1do2tIljhSORY22KN5ZR\/y\/wAUmNczP6Zme+o1BcujEHjk8QbRWtrS8kmVRkzuquB+zPFE1WosKgHtG9Xqr7cVufpAH9ZntbuJ9R1+6S0BPf8At8UxQq+WGaHqWuukO8Mn017NIXuSxZh2Empdtj0wC3eYpKcRjZXKi1XI748nJ9TQaCC3SIlajMwUd4t1JrmbbIQ5yT6inH22mxXorwgBrP8ASLL2\/kiLKjnmmbCDtPaZWG4MugF01t1ja9YP7ihAgGS2or6+lmjHTrmYqbdoXiYjeARQ2KlSG4lGtqCHJ2jLULqRoFhhQI0i4kb\/AKrGXShX6s7DiZysmOqANuiEir5OKM69TZhHwWz7Sz4c0qeS+kniGB6u5pgdTAKO0cXTnUqFOyid6y0st2nzTh0P0bfap6Sog79J+H+08wizMMadTje64UYztFa3h2nrANjc9p2f\/F\/Dqlo8+wAsf7Qe3vLKQMs8kglDey5BFJ3X6oWkVqGWbx1gL9OJhp5Gc9xopnAooXiar4Vmka02FsqGxQHOGmL4kih8iP74bYty8MF9RQWmanMFsoxPLEZSW480Eb5mvpKEsbDTvoo9vcFhnbIwFQRgwWpUJacdpXNdS6dYRx2jbVkXLZ5NHrY4mwrmvTriLrVz8pJu7jvBBbkj8VDncTKtdnbBl10TJbR5O0FcELxWtSM0CfQPDN9Gg9oBOFTsUcISo5PpXn+nYRlwB9IHG0\/\/2Q==","decoded":{"sub":"1","id":"1","userName":"super admin","userGroup":"1","email":"superadmin@example.com","iat":1685955936,"exp":1686042336}}  
[2023-06-05 11:30:39] ChannelAction.INFO: Insert Status : {"msg":"Channel Added SuccessFully","status":"Success"}  
[2023-06-05 11:30:39] ChannelAction.INFO: ======= END Channel Action (CREATE) ================  
[2023-06-05 11:30:40] ChannelAction.INFO: ======= Start Channel Action (CREATE) ================  
[2023-06-05 11:30:40] ChannelAction.INFO: method : POST  
[2023-06-05 11:30:40] ChannelAction.INFO: contentType : application/json  
[2023-06-05 11:30:40] ChannelAction.INFO: Input Data : {"channelid":"1","channelname":"Sun_tv12121233231412112","channelimg":"\/9j\/4AAQSkZJRgABAQAAAQABAAD\/2wBDAAkGBwgHBgkIBwgKCgkLDRYPDQwMDRsUFRAWIB0iIiAdHx8kKDQsJCYxJx8fLT0tMTU3Ojo6Iys\/RD84QzQ5Ojf\/2wBDAQoKCg0MDRoPDxo3JR8lNzc3Nzc3Nzc3Nzc3Nzc3Nzc3Nzc3Nzc3Nzc3Nzc3Nzc3Nzc3Nzc3Nzc3Nzc3Nzc3Nzf\/wAARCAA8AEYDAREAAhEBAxEB\/8QAGgAAAgMBAQAAAAAAAAAAAAAABAUBAwYCB\/\/EADEQAAIBAwMDAgUCBgMAAAAAAAECAwAEEQUSIRMiUTFBBhQyYXEjQhUkUoGRoZLR4f\/EABsBAAIDAQEBAAAAAAAAAAAAAAMEAQIFBgAH\/8QAMBEAAgIBAwIFAgUEAwAAAAAAAQIAAxEEITESQQUTUWFxIjIUI4HR8JGhseEGYvH\/2gAMAwEAAhEDEQA\/APFe5WGfNVxB8xlZW7K8zyDACZFEVTjMGT2kxsTCYsdxORVORieaFXgjS0jIwH\/dS7MS+JV+whWnyP8APXMQPY6gkf2qaPtkUbIIpe3a41BYsYG7GKMo33lwcTmWAxzMGwAntVWG8qx7S62tjNaGSNCWhbqMwHAFSWAABPMsT0xbqEpku5HxjJ9K8q4EIm65hj2zTRyOi9sYyTRs5G0EjYMbHD6VHIv1SYU14thZV9t5FjYtdMFGAsbgO+cYH2q9NLWH2HM0fD9BZrHPTwMZPp\/ua+x+F4JIPmJYwxUqyGQZV15BB\/GP90fy9LU2OT7\/ALTohotBpWCles77n9uDLb3QLOEy3PTjVd6rFICQcbQ2ePsQMfeiJ5DgDo+cbS9dGi1KqhqAON8be0zaaYF1Rb5OLfOdrHuH\/lCu0vT+an2+\/MyfE\/Bzpgb6\/syNid4jkspbrULh1DdEEndik8TG6DjOIZZyXFj10jVTHPFsYHxS9qhsH0idlo4i+70\/quJIyORzUrcO89VqAow0ZaLe25068tGA3TDIJoyfbiHAxLdJgke0CPG2A3bx60RQSIb8PZZjCnfiMpHiiAgtkIcDcyjGfyw961W6EQJWN+T6\/rO+0qU6epaqRg439f19ZA+ILmOMQwyMIgcyREcEe\/rx7Z5pCwrYwbG49otbbW7ZA37\/ALj4gGo\/Ekl72yTSLHkkNsyGPA7R+AKpWRWCFzg\/zaJLrK0HSpx745+JOnCVJEnlVBE2e+c4kIx4zwPxTlFZ5YDHqef\/ACNV1Gxeq0DpPduf58S6fUoIZpIVB2A7RtrNsbpJUesBXr9GieUwBxt8yL+zeTT0vD+lFjafJpOxiHwBOQ8S8ttQXpXYxMQSimANt8+asqZ5iI5PVO9G0tHUz3EhSJDliPFO01gtluJtaCldRqBW\/HJms026srVHLfqLwE57VH3o2oDkotDYXue87f8ALrRa6uBEuoyxuzIlxCxmU7Vk9Fx4PtTl\/S\/0qwOR39vfaL6m1fsDg5Hf94qf5QQRSMEMsY2MiglZMccYGP8AdKdKABu\/+ZlsaOhWIHUNsDOD\/PnaTayiU4soZbeJSRJ0e5ifuDVkbJ\/LBA743\/tIosFhxSpRRzjc\/qDLbaBuo8y2qNC7AIJeWA8g5x7VdU3Lhcj35hK6ypNoTK9s7nHsYJexzK8kjRmMvKWUfas6x1ssLCctZqU1FzWL33mjnYTQabbNMzCQgSJ\/TQwuXglBZhg7QD4mQ6de\/L2J3R+oxVioBkNUgY5nAdrMz20qEwvkKfNMnKjEPpnUWdZJ\/SL\/AObis2aPtQnaQfWhdeNgZsLq7kqLcCFQQn+ExmVEd2JIJ9QPA+\/ijV3p5fQRvmRp\/EqmqNbj6s\/59P8AcoE88KFLO12wE8dQZbPuQaMHIyqLt78xtb7EylCYX0PPz+s6s7Y6lepZ6fDLC21ie7lj4NDeytf+oi12ooQ75RRyfc\/EsFm9lcywYYOO3Gfp8\/5oL3Kv2GI36+mperTvkEfz4MJSR0mit5cMfqVm5waRtXILic+yqQba4yh6k+opO6L1Sc5AwKFQzHYHaW09hJ3OBB9XSSS6KyJsYe\/mmGUkz1l3U3OYymuojcKvSRliIwT70zqclQom94DUjWM1kW6rq1u5dDCETOMAUtVR0d8zZ12urFRqxJ021WfTCvoQSFaovu8kZxkGcXbY1f1do2tIljhSORY22KN5ZR\/y\/wAUmNczP6Zme+o1BcujEHjk8QbRWtrS8kmVRkzuquB+zPFE1WosKgHtG9Xqr7cVufpAH9ZntbuJ9R1+6S0BPf8At8UxQq+WGaHqWuukO8Mn017NIXuSxZh2Empdtj0wC3eYpKcRjZXKi1XI748nJ9TQaCC3SIlajMwUd4t1JrmbbIQ5yT6inH22mxXorwgBrP8ASLL2\/kiLKjnmmbCDtPaZWG4MugF01t1ja9YP7ihAgGS2or6+lmjHTrmYqbdoXiYjeARQ2KlSG4lGtqCHJ2jLULqRoFhhQI0i4kb\/AKrGXShX6s7DiZysmOqANuiEir5OKM69TZhHwWz7Sz4c0qeS+kniGB6u5pgdTAKO0cXTnUqFOyid6y0st2nzTh0P0bfap6Sog79J+H+08wizMMadTje64UYztFa3h2nrANjc9p2f\/F\/Dqlo8+wAsf7Qe3vLKQMs8kglDey5BFJ3X6oWkVqGWbx1gL9OJhp5Gc9xopnAooXiar4Vmka02FsqGxQHOGmL4kih8iP74bYty8MF9RQWmanMFsoxPLEZSW480Eb5mvpKEsbDTvoo9vcFhnbIwFQRgwWpUJacdpXNdS6dYRx2jbVkXLZ5NHrY4mwrmvTriLrVz8pJu7jvBBbkj8VDncTKtdnbBl10TJbR5O0FcELxWtSM0CfQPDN9Gg9oBOFTsUcISo5PpXn+nYRlwB9IHG0\/\/2Q==","decoded":{"sub":"1","id":"1","userName":"super admin","userGroup":"1","email":"superadmin@example.com","iat":1685955936,"exp":1686042336}}  
[2023-06-05 11:30:40] ChannelAction.INFO: Insert Status : {"msg":"Channel Name Already Available","status":"FAILURE"}  
[2023-06-05 11:30:40] ChannelAction.INFO: ======= END Channel Action (CREATE) ================  
[2023-06-05 11:30:42] ChannelAction.INFO: ======= Start Channel Action (CREATE) ================  
[2023-06-05 11:30:42] ChannelAction.INFO: method : POST  
[2023-06-05 11:30:42] ChannelAction.INFO: contentType : application/json  
[2023-06-05 11:30:42] ChannelAction.INFO: Input Data : {"channelid":"1","channelname":"Sun_tv12121233231412112","channelimg":"\/9j\/4AAQSkZJRgABAQAAAQABAAD\/2wBDAAkGBwgHBgkIBwgKCgkLDRYPDQwMDRsUFRAWIB0iIiAdHx8kKDQsJCYxJx8fLT0tMTU3Ojo6Iys\/RD84QzQ5Ojf\/2wBDAQoKCg0MDRoPDxo3JR8lNzc3Nzc3Nzc3Nzc3Nzc3Nzc3Nzc3Nzc3Nzc3Nzc3Nzc3Nzc3Nzc3Nzc3Nzc3Nzc3Nzf\/wAARCAA8AEYDAREAAhEBAxEB\/8QAGgAAAgMBAQAAAAAAAAAAAAAABAUBAwYCB\/\/EADEQAAIBAwMDAgUCBgMAAAAAAAECAwAEEQUSIRMiUTFBBhQyYXEjQhUkUoGRoZLR4f\/EABsBAAIDAQEBAAAAAAAAAAAAAAMEAQIFBgAH\/8QAMBEAAgIBAwIFAgUEAwAAAAAAAQIAAxEEITESQQUTUWFxIjIUI4HR8JGhseEGYvH\/2gAMAwEAAhEDEQA\/APFe5WGfNVxB8xlZW7K8zyDACZFEVTjMGT2kxsTCYsdxORVORieaFXgjS0jIwH\/dS7MS+JV+whWnyP8APXMQPY6gkf2qaPtkUbIIpe3a41BYsYG7GKMo33lwcTmWAxzMGwAntVWG8qx7S62tjNaGSNCWhbqMwHAFSWAABPMsT0xbqEpku5HxjJ9K8q4EIm65hj2zTRyOi9sYyTRs5G0EjYMbHD6VHIv1SYU14thZV9t5FjYtdMFGAsbgO+cYH2q9NLWH2HM0fD9BZrHPTwMZPp\/ua+x+F4JIPmJYwxUqyGQZV15BB\/GP90fy9LU2OT7\/ALTohotBpWCles77n9uDLb3QLOEy3PTjVd6rFICQcbQ2ePsQMfeiJ5DgDo+cbS9dGi1KqhqAON8be0zaaYF1Rb5OLfOdrHuH\/lCu0vT+an2+\/MyfE\/Bzpgb6\/syNid4jkspbrULh1DdEEndik8TG6DjOIZZyXFj10jVTHPFsYHxS9qhsH0idlo4i+70\/quJIyORzUrcO89VqAow0ZaLe25068tGA3TDIJoyfbiHAxLdJgke0CPG2A3bx60RQSIb8PZZjCnfiMpHiiAgtkIcDcyjGfyw961W6EQJWN+T6\/rO+0qU6epaqRg439f19ZA+ILmOMQwyMIgcyREcEe\/rx7Z5pCwrYwbG49otbbW7ZA37\/ALj4gGo\/Ekl72yTSLHkkNsyGPA7R+AKpWRWCFzg\/zaJLrK0HSpx745+JOnCVJEnlVBE2e+c4kIx4zwPxTlFZ5YDHqef\/ACNV1Gxeq0DpPduf58S6fUoIZpIVB2A7RtrNsbpJUesBXr9GieUwBxt8yL+zeTT0vD+lFjafJpOxiHwBOQ8S8ttQXpXYxMQSimANt8+asqZ5iI5PVO9G0tHUz3EhSJDliPFO01gtluJtaCldRqBW\/HJms026srVHLfqLwE57VH3o2oDkotDYXue87f8ALrRa6uBEuoyxuzIlxCxmU7Vk9Fx4PtTl\/S\/0qwOR39vfaL6m1fsDg5Hf94qf5QQRSMEMsY2MiglZMccYGP8AdKdKABu\/+ZlsaOhWIHUNsDOD\/PnaTayiU4soZbeJSRJ0e5ifuDVkbJ\/LBA743\/tIosFhxSpRRzjc\/qDLbaBuo8y2qNC7AIJeWA8g5x7VdU3Lhcj35hK6ypNoTK9s7nHsYJexzK8kjRmMvKWUfas6x1ssLCctZqU1FzWL33mjnYTQabbNMzCQgSJ\/TQwuXglBZhg7QD4mQ6de\/L2J3R+oxVioBkNUgY5nAdrMz20qEwvkKfNMnKjEPpnUWdZJ\/SL\/AObis2aPtQnaQfWhdeNgZsLq7kqLcCFQQn+ExmVEd2JIJ9QPA+\/ijV3p5fQRvmRp\/EqmqNbj6s\/59P8AcoE88KFLO12wE8dQZbPuQaMHIyqLt78xtb7EylCYX0PPz+s6s7Y6lepZ6fDLC21ie7lj4NDeytf+oi12ooQ75RRyfc\/EsFm9lcywYYOO3Gfp8\/5oL3Kv2GI36+mperTvkEfz4MJSR0mit5cMfqVm5waRtXILic+yqQba4yh6k+opO6L1Sc5AwKFQzHYHaW09hJ3OBB9XSSS6KyJsYe\/mmGUkz1l3U3OYymuojcKvSRliIwT70zqclQom94DUjWM1kW6rq1u5dDCETOMAUtVR0d8zZ12urFRqxJ021WfTCvoQSFaovu8kZxkGcXbY1f1do2tIljhSORY22KN5ZR\/y\/wAUmNczP6Zme+o1BcujEHjk8QbRWtrS8kmVRkzuquB+zPFE1WosKgHtG9Xqr7cVufpAH9ZntbuJ9R1+6S0BPf8At8UxQq+WGaHqWuukO8Mn017NIXuSxZh2Empdtj0wC3eYpKcRjZXKi1XI748nJ9TQaCC3SIlajMwUd4t1JrmbbIQ5yT6inH22mxXorwgBrP8ASLL2\/kiLKjnmmbCDtPaZWG4MugF01t1ja9YP7ihAgGS2or6+lmjHTrmYqbdoXiYjeARQ2KlSG4lGtqCHJ2jLULqRoFhhQI0i4kb\/AKrGXShX6s7DiZysmOqANuiEir5OKM69TZhHwWz7Sz4c0qeS+kniGB6u5pgdTAKO0cXTnUqFOyid6y0st2nzTh0P0bfap6Sog79J+H+08wizMMadTje64UYztFa3h2nrANjc9p2f\/F\/Dqlo8+wAsf7Qe3vLKQMs8kglDey5BFJ3X6oWkVqGWbx1gL9OJhp5Gc9xopnAooXiar4Vmka02FsqGxQHOGmL4kih8iP74bYty8MF9RQWmanMFsoxPLEZSW480Eb5mvpKEsbDTvoo9vcFhnbIwFQRgwWpUJacdpXNdS6dYRx2jbVkXLZ5NHrY4mwrmvTriLrVz8pJu7jvBBbkj8VDncTKtdnbBl10TJbR5O0FcELxWtSM0CfQPDN9Gg9oBOFTsUcISo5PpXn+nYRlwB9IHG0\/\/2Q==","decoded":{"sub":"1","id":"1","userName":"super admin","userGroup":"1","email":"superadmin@example.com","iat":1685955936,"exp":1686042336}}  
[2023-06-05 11:30:42] ChannelAction.INFO: Insert Status : {"msg":"Channel Name Already Available","status":"FAILURE"}  
[2023-06-05 11:30:42] ChannelAction.INFO: ======= END Channel Action (CREATE) ================  
[2023-06-05 11:30:47] ChannelAction.INFO: ======= Start Channel Action (List) ================  
[2023-06-05 11:30:47] ChannelAction.INFO: method : POST  
[2023-06-05 11:30:47] ChannelAction.INFO: contentType : application/json  
[2023-06-05 11:30:47] ChannelAction.INFO: Input Data : {"decoded":{"sub":"1","id":"1","userName":"super admin","userGroup":"1","email":"superadmin@example.com","iat":1685941470,"exp":1686027870}}  
[2023-06-05 11:30:47] ChannelAction.INFO: ======= END Channel Action (List) ================  
[2023-06-05 11:30:53] ChannelAction.INFO: ======= Start Channel Action (List) ================  
[2023-06-05 11:30:53] ChannelAction.INFO: method : POST  
[2023-06-05 11:30:53] ChannelAction.INFO: contentType : application/json  
[2023-06-05 11:30:53] ChannelAction.INFO: Input Data : {"decoded":{"sub":"1","id":"1","userName":"super admin","userGroup":"1","email":"superadmin@example.com","iat":1685941470,"exp":1686027870}}  
[2023-06-05 11:30:53] ChannelAction.INFO: ======= END Channel Action (List) ================  
[2023-06-05 11:31:54] ChannelAction.INFO: ======= Start Channel Action (UPDATE) ================  
[2023-06-05 11:31:54] ChannelAction.INFO: method : PUT  
[2023-06-05 11:31:54] ChannelAction.INFO: contentType : application/json  
[2023-06-05 11:31:54] ChannelAction.INFO: Input Data : {"channelid":"1","channelname":"Sun_tv1","channelimg":"\/9j\/4AAQSkZJRgABAQAAAQABAAD\/2wBDAAkGBwgHBgkIBwgKCgkLDRYPDQwMDRsUFRAWIB0iIiAdHx8kKDQsJCYxJx8fLT0tMTU3Ojo6Iys\/RD84QzQ5Ojf\/2wBDAQoKCg0MDRoPDxo3JR8lNzc3Nzc3Nzc3Nzc3Nzc3Nzc3Nzc3Nzc3Nzc3Nzc3Nzc3Nzc3Nzc3Nzc3Nzc3Nzc3Nzf\/wAARCAA8AEYDAREAAhEBAxEB\/8QAGgAAAgMBAQAAAAAAAAAAAAAABAUBAwYCB\/\/EADEQAAIBAwMDAgUCBgMAAAAAAAECAwAEEQUSIRMiUTFBBhQyYXEjQhUkUoGRoZLR4f\/EABsBAAIDAQEBAAAAAAAAAAAAAAMEAQIFBgAH\/8QAMBEAAgIBAwIFAgUEAwAAAAAAAQIAAxEEITESQQUTUWFxIjIUI4HR8JGhseEGYvH\/2gAMAwEAAhEDEQA\/APFe5WGfNVxB8xlZW7K8zyDACZFEVTjMGT2kxsTCYsdxORVORieaFXgjS0jIwH\/dS7MS+JV+whWnyP8APXMQPY6gkf2qaPtkUbIIpe3a41BYsYG7GKMo33lwcTmWAxzMGwAntVWG8qx7S62tjNaGSNCWhbqMwHAFSWAABPMsT0xbqEpku5HxjJ9K8q4EIm65hj2zTRyOi9sYyTRs5G0EjYMbHD6VHIv1SYU14thZV9t5FjYtdMFGAsbgO+cYH2q9NLWH2HM0fD9BZrHPTwMZPp\/ua+x+F4JIPmJYwxUqyGQZV15BB\/GP90fy9LU2OT7\/ALTohotBpWCles77n9uDLb3QLOEy3PTjVd6rFICQcbQ2ePsQMfeiJ5DgDo+cbS9dGi1KqhqAON8be0zaaYF1Rb5OLfOdrHuH\/lCu0vT+an2+\/MyfE\/Bzpgb6\/syNid4jkspbrULh1DdEEndik8TG6DjOIZZyXFj10jVTHPFsYHxS9qhsH0idlo4i+70\/quJIyORzUrcO89VqAow0ZaLe25068tGA3TDIJoyfbiHAxLdJgke0CPG2A3bx60RQSIb8PZZjCnfiMpHiiAgtkIcDcyjGfyw961W6EQJWN+T6\/rO+0qU6epaqRg439f19ZA+ILmOMQwyMIgcyREcEe\/rx7Z5pCwrYwbG49otbbW7ZA37\/ALj4gGo\/Ekl72yTSLHkkNsyGPA7R+AKpWRWCFzg\/zaJLrK0HSpx745+JOnCVJEnlVBE2e+c4kIx4zwPxTlFZ5YDHqef\/ACNV1Gxeq0DpPduf58S6fUoIZpIVB2A7RtrNsbpJUesBXr9GieUwBxt8yL+zeTT0vD+lFjafJpOxiHwBOQ8S8ttQXpXYxMQSimANt8+asqZ5iI5PVO9G0tHUz3EhSJDliPFO01gtluJtaCldRqBW\/HJms026srVHLfqLwE57VH3o2oDkotDYXue87f8ALrRa6uBEuoyxuzIlxCxmU7Vk9Fx4PtTl\/S\/0qwOR39vfaL6m1fsDg5Hf94qf5QQRSMEMsY2MiglZMccYGP8AdKdKABu\/+ZlsaOhWIHUNsDOD\/PnaTayiU4soZbeJSRJ0e5ifuDVkbJ\/LBA743\/tIosFhxSpRRzjc\/qDLbaBuo8y2qNC7AIJeWA8g5x7VdU3Lhcj35hK6ypNoTK9s7nHsYJexzK8kjRmMvKWUfas6x1ssLCctZqU1FzWL33mjnYTQabbNMzCQgSJ\/TQwuXglBZhg7QD4mQ6de\/L2J3R+oxVioBkNUgY5nAdrMz20qEwvkKfNMnKjEPpnUWdZJ\/SL\/AObis2aPtQnaQfWhdeNgZsLq7kqLcCFQQn+ExmVEd2JIJ9QPA+\/ijV3p5fQRvmRp\/EqmqNbj6s\/59P8AcoE88KFLO12wE8dQZbPuQaMHIyqLt78xtb7EylCYX0PPz+s6s7Y6lepZ6fDLC21ie7lj4NDeytf+oi12ooQ75RRyfc\/EsFm9lcywYYOO3Gfp8\/5oL3Kv2GI36+mperTvkEfz4MJSR0mit5cMfqVm5waRtXILic+yqQba4yh6k+opO6L1Sc5AwKFQzHYHaW09hJ3OBB9XSSS6KyJsYe\/mmGUkz1l3U3OYymuojcKvSRliIwT70zqclQom94DUjWM1kW6rq1u5dDCETOMAUtVR0d8zZ12urFRqxJ021WfTCvoQSFaovu8kZxkGcXbY1f1do2tIljhSORY22KN5ZR\/y\/wAUmNczP6Zme+o1BcujEHjk8QbRWtrS8kmVRkzuquB+zPFE1WosKgHtG9Xqr7cVufpAH9ZntbuJ9R1+6S0BPf8At8UxQq+WGaHqWuukO8Mn017NIXuSxZh2Empdtj0wC3eYpKcRjZXKi1XI748nJ9TQaCC3SIlajMwUd4t1JrmbbIQ5yT6inH22mxXorwgBrP8ASLL2\/kiLKjnmmbCDtPaZWG4MugF01t1ja9YP7ihAgGS2or6+lmjHTrmYqbdoXiYjeARQ2KlSG4lGtqCHJ2jLULqRoFhhQI0i4kb\/AKrGXShX6s7DiZysmOqANuiEir5OKM69TZhHwWz7Sz4c0qeS+kniGB6u5pgdTAKO0cXTnUqFOyid6y0st2nzTh0P0bfap6Sog79J+H+08wizMMadTje64UYztFa3h2nrANjc9p2f\/F\/Dqlo8+wAsf7Qe3vLKQMs8kglDey5BFJ3X6oWkVqGWbx1gL9OJhp5Gc9xopnAooXiar4Vmka02FsqGxQHOGmL4kih8iP74bYty8MF9RQWmanMFsoxPLEZSW480Eb5mvpKEsbDTvoo9vcFhnbIwFQRgwWpUJacdpXNdS6dYRx2jbVkXLZ5NHrY4mwrmvTriLrVz8pJu7jvBBbkj8VDncTKtdnbBl10TJbR5O0FcELxWtSM0CfQPDN9Gg9oBOFTsUcISo5PpXn+nYRlwB9IHG0\/\/2Q==","decoded":{"sub":"1","id":"1","userName":"super admin","userGroup":"1","email":"superadmin@example.com","iat":1685954934,"exp":1686041334}}  
[2023-06-05 11:31:54] ChannelAction.INFO: Channel id : 1  
[2023-06-05 11:31:54] ChannelAction.INFO: Insert Status : {"msg":"Channel Updated SuccessFully","status":"Success"}  
[2023-06-05 11:31:54] ChannelAction.INFO: ======= END Channel Action (UPDATE) ================  
[2023-06-05 11:32:21] ChannelAction.INFO: ======= Start Channel Action (List) ================  
[2023-06-05 11:32:21] ChannelAction.INFO: method : POST  
[2023-06-05 11:32:21] ChannelAction.INFO: contentType : application/json  
[2023-06-05 11:32:21] ChannelAction.INFO: Input Data : {"decoded":{"sub":"1","id":"1","userName":"super admin","userGroup":"1","email":"superadmin@example.com","iat":1685941470,"exp":1686027870}}  
[2023-06-05 11:32:21] ChannelAction.INFO: ======= END Channel Action (List) ================  
[2023-06-05 11:32:23] ChannelAction.INFO: ======= Start Channel Action (Single One) ================  
[2023-06-05 11:32:23] ChannelAction.INFO: Input Type : string  
[2023-06-05 11:32:23] ChannelAction.INFO: method : GET  
[2023-06-05 11:32:23] ChannelAction.INFO: contentType : application/json  
[2023-06-05 11:32:23] ChannelAction.INFO: Input Data : {"decoded":{"sub":"1","id":"1","userName":"super admin","userGroup":"1","email":"superadmin@example.com","iat":1685941470,"exp":1686027870}}  
[2023-06-05 11:32:23] ChannelAction.INFO: group id : undefined  
[2023-06-05 11:32:25] ChannelAction.INFO: ======= Start Channel Action (Single One) ================  
[2023-06-05 11:32:25] ChannelAction.INFO: Input Type : string  
[2023-06-05 11:32:25] ChannelAction.INFO: method : GET  
[2023-06-05 11:32:25] ChannelAction.INFO: contentType : application/json  
[2023-06-05 11:32:25] ChannelAction.INFO: Input Data : {"decoded":{"sub":"1","id":"1","userName":"super admin","userGroup":"1","email":"superadmin@example.com","iat":1685941470,"exp":1686027870}}  
[2023-06-05 11:32:25] ChannelAction.INFO: group id : undefined  
[2023-06-05 11:33:01] ChannelAction.INFO: ======= Start Channel Action (List) ================  
[2023-06-05 11:33:01] ChannelAction.INFO: method : POST  
[2023-06-05 11:33:01] ChannelAction.INFO: contentType : application/json  
[2023-06-05 11:33:01] ChannelAction.INFO: Input Data : {"decoded":{"sub":"1","id":"1","userName":"super admin","userGroup":"1","email":"superadmin@example.com","iat":1685941470,"exp":1686027870}}  
[2023-06-05 11:33:01] ChannelAction.INFO: ======= END Channel Action (List) ================  
[2023-06-05 11:33:03] ChannelAction.INFO: ======= Start Channel Action (Single One) ================  
[2023-06-05 11:33:03] ChannelAction.INFO: Input Type : string  
[2023-06-05 11:33:03] ChannelAction.INFO: method : GET  
[2023-06-05 11:33:03] ChannelAction.INFO: contentType : application/json  
[2023-06-05 11:33:03] ChannelAction.INFO: Input Data : {"decoded":{"sub":"1","id":"1","userName":"super admin","userGroup":"1","email":"superadmin@example.com","iat":1685941470,"exp":1686027870}}  
[2023-06-05 11:33:03] ChannelAction.INFO: group id : 21  
[2023-06-05 11:33:03] ChannelAction.INFO: ======= END Channel Action (Single One) ================  
[2023-06-05 11:33:45] ChannelAction.INFO: ======= Start Channel Action (List) ================  
[2023-06-05 11:33:45] ChannelAction.INFO: method : POST  
[2023-06-05 11:33:45] ChannelAction.INFO: contentType : application/json  
[2023-06-05 11:33:45] ChannelAction.INFO: Input Data : {"decoded":{"sub":"1","id":"1","userName":"super admin","userGroup":"1","email":"superadmin@example.com","iat":1685941470,"exp":1686027870}}  
[2023-06-05 11:33:45] ChannelAction.INFO: ======= END Channel Action (List) ================  
[2023-06-05 11:33:49] ChannelAction.INFO: ======= Start Channel Action (List) ================  
[2023-06-05 11:33:49] ChannelAction.INFO: method : POST  
[2023-06-05 11:33:49] ChannelAction.INFO: contentType : application/json  
[2023-06-05 11:33:49] ChannelAction.INFO: Input Data : {"decoded":{"sub":"1","id":"1","userName":"super admin","userGroup":"1","email":"superadmin@example.com","iat":1685941470,"exp":1686027870}}  
[2023-06-05 11:33:49] ChannelAction.INFO: ======= END Channel Action (List) ================  
[2023-06-05 11:34:18] ChannelAction.INFO: ======= Start Channel Action (List) ================  
[2023-06-05 11:34:18] ChannelAction.INFO: method : POST  
[2023-06-05 11:34:18] ChannelAction.INFO: contentType : application/json  
[2023-06-05 11:34:18] ChannelAction.INFO: Input Data : {"decoded":{"sub":"1","id":"1","userName":"super admin","userGroup":"1","email":"superadmin@example.com","iat":1685941470,"exp":1686027870}}  
[2023-06-05 11:34:18] ChannelAction.INFO: ======= END Channel Action (List) ================  
[2023-06-05 11:34:25] ChannelAction.INFO: ======= Start Channel Action (List) ================  
[2023-06-05 11:34:25] ChannelAction.INFO: method : POST  
[2023-06-05 11:34:25] ChannelAction.INFO: contentType : application/json  
[2023-06-05 11:34:25] ChannelAction.INFO: Input Data : {"decoded":{"sub":"1","id":"1","userName":"super admin","userGroup":"1","email":"superadmin@example.com","iat":1685941470,"exp":1686027870}}  
[2023-06-05 11:34:25] ChannelAction.INFO: ======= END Channel Action (List) ================  
[2023-06-05 11:34:36] ChannelAction.INFO: ======= Start Channel Action (List) ================  
[2023-06-05 11:34:36] ChannelAction.INFO: method : POST  
[2023-06-05 11:34:36] ChannelAction.INFO: contentType : application/json  
[2023-06-05 11:34:36] ChannelAction.INFO: Input Data : {"decoded":{"sub":"1","id":"1","userName":"super admin","userGroup":"1","email":"superadmin@example.com","iat":1685941470,"exp":1686027870}}  
[2023-06-05 11:34:36] ChannelAction.INFO: ======= END Channel Action (List) ================  
[2023-06-05 11:35:08] ChannelAction.INFO: ======= Start Channel Action (List) ================  
[2023-06-05 11:35:08] ChannelAction.INFO: method : POST  
[2023-06-05 11:35:08] ChannelAction.INFO: contentType : application/json  
[2023-06-05 11:35:08] ChannelAction.INFO: Input Data : {"decoded":{"sub":"1","id":"1","userName":"super admin","userGroup":"1","email":"superadmin@example.com","iat":1685941470,"exp":1686027870}}  
[2023-06-05 11:35:08] ChannelAction.INFO: ======= END Channel Action (List) ================  
[2023-06-05 11:35:12] ChannelAction.INFO: ======= Start Channel Action (List) ================  
[2023-06-05 11:35:12] ChannelAction.INFO: method : POST  
[2023-06-05 11:35:12] ChannelAction.INFO: contentType : application/json  
[2023-06-05 11:35:12] ChannelAction.INFO: Input Data : {"decoded":{"sub":"1","id":"1","userName":"super admin","userGroup":"1","email":"superadmin@example.com","iat":1685941470,"exp":1686027870}}  
[2023-06-05 11:35:12] ChannelAction.INFO: ======= END Channel Action (List) ================  
[2023-06-05 11:35:25] ChannelAction.INFO: ======= Start Channel Action (List) ================  
[2023-06-05 11:35:25] ChannelAction.INFO: method : POST  
[2023-06-05 11:35:25] ChannelAction.INFO: contentType : application/json  
[2023-06-05 11:35:25] ChannelAction.INFO: Input Data : {"decoded":{"sub":"1","id":"1","userName":"super admin","userGroup":"1","email":"superadmin@example.com","iat":1685941470,"exp":1686027870}}  
[2023-06-05 11:35:25] ChannelAction.INFO: ======= END Channel Action (List) ================  
[2023-06-05 11:36:04] ChannelAction.INFO: ======= Start Channel Action (List) ================  
[2023-06-05 11:36:04] ChannelAction.INFO: method : POST  
[2023-06-05 11:36:04] ChannelAction.INFO: contentType : application/json  
[2023-06-05 11:36:04] ChannelAction.INFO: Input Data : {"decoded":{"sub":"1","id":"1","userName":"super admin","userGroup":"1","email":"superadmin@example.com","iat":1685941470,"exp":1686027870}}  
[2023-06-05 11:36:04] ChannelAction.INFO: ======= END Channel Action (List) ================  
[2023-06-05 11:36:35] ChannelAction.INFO: ======= Start Channel Action (List) ================  
[2023-06-05 11:36:35] ChannelAction.INFO: method : POST  
[2023-06-05 11:36:35] ChannelAction.INFO: contentType : application/json  
[2023-06-05 11:36:35] ChannelAction.INFO: Input Data : {"decoded":{"sub":"1","id":"1","userName":"super admin","userGroup":"1","email":"superadmin@example.com","iat":1685941470,"exp":1686027870}}  
[2023-06-05 11:36:35] ChannelAction.INFO: ======= END Channel Action (List) ================  
[2023-06-05 11:37:42] ChannelAction.INFO: ======= Start Channel Action (Single One) ================  
[2023-06-05 11:37:42] ChannelAction.INFO: Input Type : string  
[2023-06-05 11:37:42] ChannelAction.INFO: method : GET  
[2023-06-05 11:37:42] ChannelAction.INFO: contentType :   
[2023-06-05 11:37:42] ChannelAction.ERROR: Error Code : 500Error Message : Invalid ContentType  
[2023-06-05 11:37:42] ChannelAction.ERROR: Error File : /var/www/projects/ottproduct/api/v1/src/Application/Actions/Channel/ChannelAction.phpError Line : 161  
[2023-06-05 11:37:42] ChannelAction.INFO: ======= END Channel Action (Single One) ================  
[2023-06-05 11:37:46] ChannelAction.INFO: ======= Start Edit Brand Action ================  
[2023-06-05 11:37:46] ChannelAction.INFO: method : DELETE  
[2023-06-05 11:37:46] ChannelAction.INFO: contentType :   
[2023-06-05 11:38:08] ChannelAction.INFO: ======= Start Channel Action (List) ================  
[2023-06-05 11:38:08] ChannelAction.INFO: method : POST  
[2023-06-05 11:38:08] ChannelAction.INFO: contentType : application/json  
[2023-06-05 11:38:08] ChannelAction.INFO: Input Data : {"decoded":{"sub":"1","id":"1","userName":"super admin","userGroup":"1","email":"superadmin@example.com","iat":1685941470,"exp":1686027870}}  
[2023-06-05 11:38:08] ChannelAction.INFO: ======= END Channel Action (List) ================  
[2023-06-05 11:38:11] ChannelAction.INFO: ======= Start Edit Brand Action ================  
[2023-06-05 11:38:11] ChannelAction.INFO: method : DELETE  
[2023-06-05 11:38:11] ChannelAction.INFO: contentType : application/json  
[2023-06-05 11:38:11] ChannelAction.INFO: Input Data : {"decoded":{"sub":"1","id":"1","userName":"super admin","userGroup":"1","email":"superadmin@example.com","iat":1685941470,"exp":1686027870}}  
[2023-06-05 11:38:11] ChannelAction.INFO: ======= END Edit Brand Action ================  
[2023-06-05 11:38:11] ChannelAction.INFO: ======= Start Channel Action (List) ================  
[2023-06-05 11:38:11] ChannelAction.INFO: method : POST  
[2023-06-05 11:38:11] ChannelAction.INFO: contentType : application/json  
[2023-06-05 11:38:11] ChannelAction.INFO: Input Data : {"decoded":{"sub":"1","id":"1","userName":"super admin","userGroup":"1","email":"superadmin@example.com","iat":1685941470,"exp":1686027870}}  
[2023-06-05 11:38:11] ChannelAction.INFO: ======= END Channel Action (List) ================  
[2023-06-05 11:38:22] ChannelAction.INFO: ======= Start Channel Action (Single One) ================  
[2023-06-05 11:38:22] ChannelAction.INFO: Input Type : string  
[2023-06-05 11:38:22] ChannelAction.INFO: method : GET  
[2023-06-05 11:38:22] ChannelAction.INFO: contentType : application/json  
[2023-06-05 11:38:22] ChannelAction.INFO: Input Data : {"decoded":{"sub":"1","id":"1","userName":"super admin","userGroup":"1","email":"superadmin@example.com","iat":1685941470,"exp":1686027870}}  
[2023-06-05 11:38:22] ChannelAction.INFO: group id : 22  
[2023-06-05 11:38:22] ChannelAction.INFO: ======= END Channel Action (Single One) ================  
[2023-06-05 11:39:22] ChannelAction.INFO: ======= Start Channel Action (Single One) ================  
[2023-06-05 11:39:22] ChannelAction.INFO: Input Type : string  
[2023-06-05 11:39:22] ChannelAction.INFO: method : GET  
[2023-06-05 11:39:22] ChannelAction.INFO: contentType : application/json  
[2023-06-05 11:39:22] ChannelAction.INFO: Input Data : {"decoded":{"sub":"1","id":"1","userName":"super admin","userGroup":"1","email":"superadmin@example.com","iat":1685941470,"exp":1686027870}}  
[2023-06-05 11:39:22] ChannelAction.INFO: group id : 22  
[2023-06-05 11:39:22] ChannelAction.INFO: ======= END Channel Action (Single One) ================  
[2023-06-05 11:43:09] ChannelAction.INFO: ======= Start Channel Action (List) ================  
[2023-06-05 11:43:09] ChannelAction.INFO: method : POST  
[2023-06-05 11:43:09] ChannelAction.INFO: contentType : application/json  
[2023-06-05 11:43:09] ChannelAction.INFO: Input Data : {"decoded":{"sub":"1","id":"1","userName":"super admin","userGroup":"1","email":"superadmin@example.com","iat":1685941470,"exp":1686027870}}  
[2023-06-05 11:43:09] ChannelAction.INFO: ======= END Channel Action (List) ================  
[2023-06-05 11:43:10] ChannelAction.INFO: ======= Start Channel Action (Single One) ================  
[2023-06-05 11:43:10] ChannelAction.INFO: Input Type : string  
[2023-06-05 11:43:10] ChannelAction.INFO: method : GET  
[2023-06-05 11:43:10] ChannelAction.INFO: contentType : application/json  
[2023-06-05 11:43:10] ChannelAction.INFO: Input Data : {"decoded":{"sub":"1","id":"1","userName":"super admin","userGroup":"1","email":"superadmin@example.com","iat":1685941470,"exp":1686027870}}  
[2023-06-05 11:43:10] ChannelAction.INFO: group id : 22  
[2023-06-05 11:43:10] ChannelAction.INFO: ======= END Channel Action (Single One) ================  
[2023-06-05 11:43:15] ChannelAction.INFO: ======= Start Channel Action (Single One) ================  
[2023-06-05 11:43:15] ChannelAction.INFO: Input Type : string  
[2023-06-05 11:43:15] ChannelAction.INFO: method : GET  
[2023-06-05 11:43:15] ChannelAction.INFO: contentType : application/json  
[2023-06-05 11:43:15] ChannelAction.INFO: Input Data : {"decoded":{"sub":"1","id":"1","userName":"super admin","userGroup":"1","email":"superadmin@example.com","iat":1685941470,"exp":1686027870}}  
[2023-06-05 11:43:15] ChannelAction.INFO: group id : 23  
[2023-06-05 11:43:15] ChannelAction.INFO: ======= END Channel Action (Single One) ================  
[2023-06-05 11:43:25] ChannelAction.INFO: ======= Start Channel Action (Single One) ================  
[2023-06-05 11:43:25] ChannelAction.INFO: Input Type : string  
[2023-06-05 11:43:25] ChannelAction.INFO: method : GET  
[2023-06-05 11:43:25] ChannelAction.INFO: contentType : application/json  
[2023-06-05 11:43:25] ChannelAction.INFO: Input Data : {"decoded":{"sub":"1","id":"1","userName":"super admin","userGroup":"1","email":"superadmin@example.com","iat":1685941470,"exp":1686027870}}  
[2023-06-05 11:43:25] ChannelAction.INFO: group id : 22  
[2023-06-05 11:43:25] ChannelAction.INFO: ======= END Channel Action (Single One) ================  
[2023-06-05 11:43:27] ChannelAction.INFO: ======= Start Channel Action (Single One) ================  
[2023-06-05 11:43:27] ChannelAction.INFO: Input Type : string  
[2023-06-05 11:43:27] ChannelAction.INFO: method : GET  
[2023-06-05 11:43:27] ChannelAction.INFO: contentType : application/json  
[2023-06-05 11:43:27] ChannelAction.INFO: Input Data : {"decoded":{"sub":"1","id":"1","userName":"super admin","userGroup":"1","email":"superadmin@example.com","iat":1685941470,"exp":1686027870}}  
[2023-06-05 11:43:27] ChannelAction.INFO: group id : 26  
[2023-06-05 11:43:27] ChannelAction.INFO: ======= END Channel Action (Single One) ================  
[2023-06-05 11:43:49] ChannelAction.INFO: ======= Start Edit Brand Action ================  
[2023-06-05 11:43:49] ChannelAction.INFO: method : DELETE  
[2023-06-05 11:43:49] ChannelAction.INFO: contentType : application/json  
[2023-06-05 11:43:49] ChannelAction.INFO: Input Data : {"decoded":{"sub":"1","id":"1","userName":"super admin","userGroup":"1","email":"superadmin@example.com","iat":1685941470,"exp":1686027870}}  
[2023-06-05 11:43:49] ChannelAction.INFO: ======= END Edit Brand Action ================  
[2023-06-05 11:43:49] ChannelAction.INFO: ======= Start Channel Action (List) ================  
[2023-06-05 11:43:49] ChannelAction.INFO: method : POST  
[2023-06-05 11:43:49] ChannelAction.INFO: contentType : application/json  
[2023-06-05 11:43:49] ChannelAction.INFO: Input Data : {"decoded":{"sub":"1","id":"1","userName":"super admin","userGroup":"1","email":"superadmin@example.com","iat":1685941470,"exp":1686027870}}  
[2023-06-05 11:43:49] ChannelAction.INFO: ======= END Channel Action (List) ================  
[2023-06-05 11:43:59] ChannelAction.INFO: ======= Start Edit Brand Action ================  
[2023-06-05 11:43:59] ChannelAction.INFO: method : DELETE  
[2023-06-05 11:43:59] ChannelAction.INFO: contentType : application/json  
[2023-06-05 11:43:59] ChannelAction.INFO: Input Data : {"decoded":{"sub":"1","id":"1","userName":"super admin","userGroup":"1","email":"superadmin@example.com","iat":1685941470,"exp":1686027870}}  
[2023-06-05 11:43:59] ChannelAction.INFO: ======= END Edit Brand Action ================  
[2023-06-05 11:43:59] ChannelAction.INFO: ======= Start Channel Action (List) ================  
[2023-06-05 11:43:59] ChannelAction.INFO: method : POST  
[2023-06-05 11:43:59] ChannelAction.INFO: contentType : application/json  
[2023-06-05 11:43:59] ChannelAction.INFO: Input Data : {"decoded":{"sub":"1","id":"1","userName":"super admin","userGroup":"1","email":"superadmin@example.com","iat":1685941470,"exp":1686027870}}  
[2023-06-05 11:43:59] ChannelAction.INFO: ======= END Channel Action (List) ================  
[2023-06-05 11:44:06] ChannelAction.INFO: ======= Start Edit Brand Action ================  
[2023-06-05 11:44:06] ChannelAction.INFO: method : DELETE  
[2023-06-05 11:44:06] ChannelAction.INFO: contentType : application/json  
[2023-06-05 11:44:06] ChannelAction.INFO: Input Data : {"decoded":{"sub":"1","id":"1","userName":"super admin","userGroup":"1","email":"superadmin@example.com","iat":1685941470,"exp":1686027870}}  
[2023-06-05 11:44:06] ChannelAction.INFO: ======= END Edit Brand Action ================  
[2023-06-05 11:44:15] ChannelAction.INFO: ======= Start Edit Brand Action ================  
[2023-06-05 11:44:15] ChannelAction.INFO: method : DELETE  
[2023-06-05 11:44:15] ChannelAction.INFO: contentType : application/json  
[2023-06-05 11:44:15] ChannelAction.INFO: Input Data : {"decoded":{"sub":"1","id":"1","userName":"super admin","userGroup":"1","email":"superadmin@example.com","iat":1685941470,"exp":1686027870}}  
[2023-06-05 11:44:15] ChannelAction.INFO: ======= END Edit Brand Action ================  
[2023-06-05 11:44:15] ChannelAction.INFO: ======= Start Channel Action (List) ================  
[2023-06-05 11:44:15] ChannelAction.INFO: method : POST  
[2023-06-05 11:44:15] ChannelAction.INFO: contentType : application/json  
[2023-06-05 11:44:15] ChannelAction.INFO: Input Data : {"decoded":{"sub":"1","id":"1","userName":"super admin","userGroup":"1","email":"superadmin@example.com","iat":1685941470,"exp":1686027870}}  
[2023-06-05 11:44:15] ChannelAction.INFO: ======= END Channel Action (List) ================  
[2023-06-05 11:44:18] ChannelAction.INFO: ======= Start Edit Brand Action ================  
[2023-06-05 11:44:18] ChannelAction.INFO: method : DELETE  
[2023-06-05 11:44:18] ChannelAction.INFO: contentType : application/json  
[2023-06-05 11:44:18] ChannelAction.INFO: Input Data : {"decoded":{"sub":"1","id":"1","userName":"super admin","userGroup":"1","email":"superadmin@example.com","iat":1685941470,"exp":1686027870}}  
[2023-06-05 11:44:18] ChannelAction.INFO: ======= END Edit Brand Action ================  
[2023-06-05 11:44:40] ChannelAction.INFO: ======= Start Edit Brand Action ================  
[2023-06-05 11:44:40] ChannelAction.INFO: method : DELETE  
[2023-06-05 11:44:40] ChannelAction.INFO: contentType : application/json  
[2023-06-05 11:44:40] ChannelAction.INFO: Input Data : {"decoded":{"sub":"1","id":"1","userName":"super admin","userGroup":"1","email":"superadmin@example.com","iat":1685941470,"exp":1686027870}}  
[2023-06-05 11:44:40] ChannelAction.INFO: ======= END Edit Brand Action ================  
[2023-06-05 11:44:40] ChannelAction.INFO: ======= Start Channel Action (List) ================  
[2023-06-05 11:44:40] ChannelAction.INFO: method : POST  
[2023-06-05 11:44:40] ChannelAction.INFO: contentType : application/json  
[2023-06-05 11:44:40] ChannelAction.INFO: Input Data : {"decoded":{"sub":"1","id":"1","userName":"super admin","userGroup":"1","email":"superadmin@example.com","iat":1685941470,"exp":1686027870}}  
[2023-06-05 11:44:40] ChannelAction.INFO: ======= END Channel Action (List) ================  
[2023-06-05 11:44:46] ChannelAction.INFO: ======= Start Edit Brand Action ================  
[2023-06-05 11:44:46] ChannelAction.INFO: method : DELETE  
[2023-06-05 11:44:46] ChannelAction.INFO: contentType : application/json  
[2023-06-05 11:44:46] ChannelAction.INFO: Input Data : {"decoded":{"sub":"1","id":"1","userName":"super admin","userGroup":"1","email":"superadmin@example.com","iat":1685941470,"exp":1686027870}}  
[2023-06-05 11:44:46] ChannelAction.INFO: ======= END Edit Brand Action ================  
[2023-06-05 11:45:10] ChannelAction.INFO: ======= Start Channel Action (List) ================  
[2023-06-05 11:45:10] ChannelAction.INFO: method : POST  
[2023-06-05 11:45:10] ChannelAction.INFO: contentType : application/json  
[2023-06-05 11:45:10] ChannelAction.INFO: Input Data : {"decoded":{"sub":"1","id":"1","userName":"super admin","userGroup":"1","email":"superadmin@example.com","iat":1685941470,"exp":1686027870}}  
[2023-06-05 11:45:10] ChannelAction.INFO: ======= END Channel Action (List) ================  
[2023-06-05 11:45:17] ChannelAction.INFO: ======= Start Edit Brand Action ================  
[2023-06-05 11:45:17] ChannelAction.INFO: method : DELETE  
[2023-06-05 11:45:17] ChannelAction.INFO: contentType : application/json  
[2023-06-05 11:45:17] ChannelAction.INFO: Input Data : {"decoded":{"sub":"1","id":"1","userName":"super admin","userGroup":"1","email":"superadmin@example.com","iat":1685941470,"exp":1686027870}}  
[2023-06-05 11:45:17] ChannelAction.INFO: ======= END Edit Brand Action ================  
[2023-06-05 11:45:26] ChannelAction.INFO: ======= Start Edit Brand Action ================  
[2023-06-05 11:45:26] ChannelAction.INFO: method : DELETE  
[2023-06-05 11:45:26] ChannelAction.INFO: contentType : application/json  
[2023-06-05 11:45:26] ChannelAction.INFO: Input Data : {"decoded":{"sub":"1","id":"1","userName":"super admin","userGroup":"1","email":"superadmin@example.com","iat":1685941470,"exp":1686027870}}  
[2023-06-05 11:45:26] ChannelAction.INFO: ======= END Edit Brand Action ================  
[2023-06-05 11:45:26] ChannelAction.INFO: ======= Start Channel Action (List) ================  
[2023-06-05 11:45:26] ChannelAction.INFO: method : POST  
[2023-06-05 11:45:26] ChannelAction.INFO: contentType : application/json  
[2023-06-05 11:45:26] ChannelAction.INFO: Input Data : {"decoded":{"sub":"1","id":"1","userName":"super admin","userGroup":"1","email":"superadmin@example.com","iat":1685941470,"exp":1686027870}}  
[2023-06-05 11:45:26] ChannelAction.INFO: ======= END Channel Action (List) ================  
[2023-06-05 11:45:38] ChannelAction.INFO: ======= Start Edit Brand Action ================  
[2023-06-05 11:45:38] ChannelAction.INFO: method : DELETE  
[2023-06-05 11:45:38] ChannelAction.INFO: contentType : application/json  
[2023-06-05 11:45:38] ChannelAction.INFO: Input Data : {"decoded":{"sub":"1","id":"1","userName":"super admin","userGroup":"1","email":"superadmin@example.com","iat":1685941470,"exp":1686027870}}  
[2023-06-05 11:45:38] ChannelAction.INFO: ======= END Edit Brand Action ================  
[2023-06-05 11:45:43] ChannelAction.INFO: ======= Start Channel Action (List) ================  
[2023-06-05 11:45:43] ChannelAction.INFO: method : POST  
[2023-06-05 11:45:43] ChannelAction.INFO: contentType : application/json  
[2023-06-05 11:45:43] ChannelAction.INFO: Input Data : {"decoded":{"sub":"1","id":"1","userName":"super admin","userGroup":"1","email":"superadmin@example.com","iat":1685941470,"exp":1686027870}}  
[2023-06-05 11:45:43] ChannelAction.INFO: ======= END Channel Action (List) ================  
[2023-06-05 11:45:53] ChannelAction.INFO: ======= Start Edit Brand Action ================  
[2023-06-05 11:45:53] ChannelAction.INFO: method : DELETE  
[2023-06-05 11:45:53] ChannelAction.INFO: contentType : application/json  
[2023-06-05 11:45:53] ChannelAction.INFO: Input Data : {"decoded":{"sub":"1","id":"1","userName":"super admin","userGroup":"1","email":"superadmin@example.com","iat":1685941470,"exp":1686027870}}  
[2023-06-05 11:45:53] ChannelAction.INFO: ======= END Edit Brand Action ================  
[2023-06-05 11:46:00] ChannelAction.INFO: ======= Start Channel Action (List) ================  
[2023-06-05 11:46:00] ChannelAction.INFO: method : POST  
[2023-06-05 11:46:00] ChannelAction.INFO: contentType : application/json  
[2023-06-05 11:46:00] ChannelAction.INFO: Input Data : {"decoded":{"sub":"1","id":"1","userName":"super admin","userGroup":"1","email":"superadmin@example.com","iat":1685941470,"exp":1686027870}}  
[2023-06-05 11:46:00] ChannelAction.INFO: ======= END Channel Action (List) ================  
[2023-06-05 11:47:44] ChannelAction.INFO: ======= Start Channel Action (List) ================  
[2023-06-05 11:47:44] ChannelAction.INFO: method : POST  
[2023-06-05 11:47:44] ChannelAction.INFO: contentType : application/json  
[2023-06-05 11:47:44] ChannelAction.INFO: Input Data : {"decoded":{"sub":"1","id":"1","userName":"super admin","userGroup":"1","email":"superadmin@example.com","iat":1685941470,"exp":1686027870}}  
[2023-06-05 11:47:44] ChannelAction.INFO: ======= END Channel Action (List) ================  
[2023-06-05 11:47:52] ChannelAction.INFO: ======= Start Channel Action (List) ================  
[2023-06-05 11:47:52] ChannelAction.INFO: method : POST  
[2023-06-05 11:47:52] ChannelAction.INFO: contentType : application/json  
[2023-06-05 11:47:52] ChannelAction.INFO: Input Data : {"decoded":{"sub":"1","id":"1","userName":"super admin","userGroup":"1","email":"superadmin@example.com","iat":1685941470,"exp":1686027870}}  
[2023-06-05 11:47:52] ChannelAction.INFO: ======= END Channel Action (List) ================  
[2023-06-05 11:48:05] ChannelAction.INFO: ======= Start Channel Action (List) ================  
[2023-06-05 11:48:05] ChannelAction.INFO: method : POST  
[2023-06-05 11:48:05] ChannelAction.INFO: contentType : application/json  
[2023-06-05 11:48:05] ChannelAction.INFO: Input Data : {"decoded":{"sub":"1","id":"1","userName":"super admin","userGroup":"1","email":"superadmin@example.com","iat":1685941470,"exp":1686027870}}  
[2023-06-05 11:48:05] ChannelAction.INFO: ======= END Channel Action (List) ================  
[2023-06-05 11:48:21] ChannelAction.INFO: ======= Start Channel Action (List) ================  
[2023-06-05 11:48:21] ChannelAction.INFO: method : POST  
[2023-06-05 11:48:21] ChannelAction.INFO: contentType : application/json  
[2023-06-05 11:48:21] ChannelAction.INFO: Input Data : {"decoded":{"sub":"1","id":"1","userName":"super admin","userGroup":"1","email":"superadmin@example.com","iat":1685941470,"exp":1686027870}}  
[2023-06-05 11:48:21] ChannelAction.INFO: ======= END Channel Action (List) ================  
[2023-06-05 11:49:14] ChannelAction.INFO: ======= Start Channel Action (List) ================  
[2023-06-05 11:49:14] ChannelAction.INFO: method : POST  
[2023-06-05 11:49:14] ChannelAction.INFO: contentType : application/json  
[2023-06-05 11:49:14] ChannelAction.INFO: Input Data : {"decoded":{"sub":"1","id":"1","userName":"super admin","userGroup":"1","email":"superadmin@example.com","iat":1685941470,"exp":1686027870}}  
[2023-06-05 11:49:14] ChannelAction.INFO: ======= END Channel Action (List) ================  
[2023-06-05 11:49:25] ChannelAction.INFO: ======= Start Channel Action (List) ================  
[2023-06-05 11:49:25] ChannelAction.INFO: method : POST  
[2023-06-05 11:49:25] ChannelAction.INFO: contentType : application/json  
[2023-06-05 11:49:25] ChannelAction.INFO: Input Data : {"decoded":{"sub":"1","id":"1","userName":"super admin","userGroup":"1","email":"superadmin@example.com","iat":1685941470,"exp":1686027870}}  
[2023-06-05 11:49:25] ChannelAction.INFO: ======= END Channel Action (List) ================  
[2023-06-05 11:50:05] ChannelAction.INFO: ======= Start Channel Action (List) ================  
[2023-06-05 11:50:05] ChannelAction.INFO: method : POST  
[2023-06-05 11:50:05] ChannelAction.INFO: contentType : application/json  
[2023-06-05 11:50:05] ChannelAction.INFO: Input Data : {"decoded":{"sub":"1","id":"1","userName":"super admin","userGroup":"1","email":"superadmin@example.com","iat":1685941470,"exp":1686027870}}  
[2023-06-05 11:50:05] ChannelAction.INFO: ======= END Channel Action (List) ================  
[2023-06-05 11:50:42] ChannelAction.INFO: ======= Start Channel Action (List) ================  
[2023-06-05 11:50:42] ChannelAction.INFO: method : POST  
[2023-06-05 11:50:42] ChannelAction.INFO: contentType : application/json  
[2023-06-05 11:50:42] ChannelAction.INFO: Input Data : {"decoded":{"sub":"1","id":"1","userName":"super admin","userGroup":"1","email":"superadmin@example.com","iat":1685941470,"exp":1686027870}}  
[2023-06-05 11:50:42] ChannelAction.INFO: ======= END Channel Action (List) ================  
[2023-06-05 11:51:39] ChannelAction.INFO: ======= Start Channel Action (List) ================  
[2023-06-05 11:51:39] ChannelAction.INFO: method : POST  
[2023-06-05 11:51:39] ChannelAction.INFO: contentType : application/json  
[2023-06-05 11:51:39] ChannelAction.INFO: Input Data : {"decoded":{"sub":"1","id":"1","userName":"super admin","userGroup":"1","email":"superadmin@example.com","iat":1685941470,"exp":1686027870}}  
[2023-06-05 11:51:39] ChannelAction.INFO: ======= END Channel Action (List) ================  
[2023-06-05 11:52:48] ChannelAction.INFO: ======= Start Channel Action (List) ================  
[2023-06-05 11:52:48] ChannelAction.INFO: method : POST  
[2023-06-05 11:52:48] ChannelAction.INFO: contentType : application/json  
[2023-06-05 11:52:48] ChannelAction.INFO: Input Data : {"decoded":{"sub":"1","id":"1","userName":"super admin","userGroup":"1","email":"superadmin@example.com","iat":1685941470,"exp":1686027870}}  
[2023-06-05 11:52:48] ChannelAction.INFO: ======= END Channel Action (List) ================  
[2023-06-05 12:21:11] ChannelAction.INFO: ======= Start Channel Action (List) ================  
[2023-06-05 12:21:11] ChannelAction.INFO: method : POST  
[2023-06-05 12:21:11] ChannelAction.INFO: contentType : application/json  
[2023-06-05 12:21:11] ChannelAction.INFO: Input Data : {"decoded":{"sub":"1","id":"1","userName":"super admin","userGroup":"1","email":"superadmin@example.com","iat":1685941470,"exp":1686027870}}  
[2023-06-05 12:21:11] ChannelAction.INFO: ======= END Channel Action (List) ================  
[2023-06-05 12:21:37] ChannelAction.INFO: ======= Start Channel Action (List) ================  
[2023-06-05 12:21:37] ChannelAction.INFO: method : POST  
[2023-06-05 12:21:37] ChannelAction.INFO: contentType : application/json  
[2023-06-05 12:21:37] ChannelAction.INFO: Input Data : {"decoded":{"sub":"1","id":"1","userName":"super admin","userGroup":"1","email":"superadmin@example.com","iat":1685941470,"exp":1686027870}}  
[2023-06-05 12:21:37] ChannelAction.INFO: ======= END Channel Action (List) ================  
[2023-06-05 12:26:22] ChannelAction.INFO: ======= Start Channel Action (List) ================  
[2023-06-05 12:26:22] ChannelAction.INFO: method : POST  
[2023-06-05 12:26:22] ChannelAction.INFO: contentType : application/json  
[2023-06-05 12:26:22] ChannelAction.INFO: Input Data : {"decoded":{"sub":"1","id":"1","userName":"super admin","userGroup":"1","email":"superadmin@example.com","iat":1685941470,"exp":1686027870}}  
[2023-06-05 12:26:22] ChannelAction.INFO: ======= END Channel Action (List) ================  
[2023-06-05 12:26:54] ChannelAction.INFO: ======= Start Channel Action (Single One) ================  
[2023-06-05 12:26:54] ChannelAction.INFO: Input Type : string  
[2023-06-05 12:26:54] ChannelAction.INFO: method : GET  
[2023-06-05 12:26:54] ChannelAction.INFO: contentType : application/json  
[2023-06-05 12:26:54] ChannelAction.INFO: Input Data : {"decoded":{"sub":"1","id":"1","userName":"super admin","userGroup":"1","email":"superadmin@example.com","iat":1685941470,"exp":1686027870}}  
[2023-06-05 12:26:54] ChannelAction.INFO: group id : 22  
[2023-06-05 12:26:54] ChannelAction.INFO: ======= END Channel Action (Single One) ================  
[2023-06-05 12:27:01] ChannelAction.INFO: ======= Start Channel Action (List) ================  
[2023-06-05 12:27:01] ChannelAction.INFO: method : POST  
[2023-06-05 12:27:01] ChannelAction.INFO: contentType : application/json  
[2023-06-05 12:27:01] ChannelAction.INFO: Input Data : {"decoded":{"sub":"1","id":"1","userName":"super admin","userGroup":"1","email":"superadmin@example.com","iat":1685941470,"exp":1686027870}}  
[2023-06-05 12:27:01] ChannelAction.INFO: ======= END Channel Action (List) ================  
[2023-06-05 12:27:02] ChannelAction.INFO: ======= Start Channel Action (Single One) ================  
[2023-06-05 12:27:02] ChannelAction.INFO: Input Type : string  
[2023-06-05 12:27:02] ChannelAction.INFO: method : GET  
[2023-06-05 12:27:02] ChannelAction.INFO: contentType : application/json  
[2023-06-05 12:27:02] ChannelAction.INFO: Input Data : {"decoded":{"sub":"1","id":"1","userName":"super admin","userGroup":"1","email":"superadmin@example.com","iat":1685941470,"exp":1686027870}}  
[2023-06-05 12:27:02] ChannelAction.INFO: group id : 22  
[2023-06-05 12:27:02] ChannelAction.INFO: ======= END Channel Action (Single One) ================  
[2023-06-05 12:27:09] ChannelAction.INFO: ======= Start Channel Action (Single One) ================  
[2023-06-05 12:27:09] ChannelAction.INFO: Input Type : string  
[2023-06-05 12:27:09] ChannelAction.INFO: method : GET  
[2023-06-05 12:27:09] ChannelAction.INFO: contentType : application/json  
[2023-06-05 12:27:09] ChannelAction.INFO: Input Data : {"decoded":{"sub":"1","id":"1","userName":"super admin","userGroup":"1","email":"superadmin@example.com","iat":1685941470,"exp":1686027870}}  
[2023-06-05 12:27:09] ChannelAction.INFO: group id : 25  
[2023-06-05 12:27:09] ChannelAction.INFO: ======= END Channel Action (Single One) ================  
[2023-06-05 12:31:13] ChannelAction.INFO: ======= Start Channel Action (List) ================  
[2023-06-05 12:31:13] ChannelAction.INFO: method : POST  
[2023-06-05 12:31:13] ChannelAction.INFO: contentType : application/json  
[2023-06-05 12:31:13] ChannelAction.INFO: Input Data : {"decoded":{"sub":"1","id":"1","userName":"super admin","userGroup":"1","email":"superadmin@example.com","iat":1685941470,"exp":1686027870}}  
[2023-06-05 12:31:13] ChannelAction.INFO: ======= END Channel Action (List) ================  
[2023-06-05 12:31:22] ChannelAction.INFO: ======= Start Channel Action (CREATE) ================  
[2023-06-05 12:31:22] ChannelAction.INFO: method : POST  
[2023-06-05 12:31:22] ChannelAction.INFO: contentType : application/json  
[2023-06-05 12:31:22] ChannelAction.INFO: Input Data : {"channelname":"wdwd","channelimg":"C:\\fakepath\\sunset-grill.jpg","decoded":{"sub":"1","id":"1","userName":"super admin","userGroup":"1","email":"superadmin@example.com","iat":1685941470,"exp":1686027870}}  
[2023-06-05 12:31:22] ChannelAction.INFO: Insert Status : {"msg":"Channel Added SuccessFully","status":"Success"}  
[2023-06-05 12:31:22] ChannelAction.INFO: ======= END Channel Action (CREATE) ================  
[2023-06-05 12:31:22] ChannelAction.INFO: ======= Start Channel Action (List) ================  
[2023-06-05 12:31:22] ChannelAction.INFO: method : POST  
[2023-06-05 12:31:22] ChannelAction.INFO: contentType : application/json  
[2023-06-05 12:31:22] ChannelAction.INFO: Input Data : {"decoded":{"sub":"1","id":"1","userName":"super admin","userGroup":"1","email":"superadmin@example.com","iat":1685941470,"exp":1686027870}}  
[2023-06-05 12:31:22] ChannelAction.INFO: ======= END Channel Action (List) ================  
[2023-06-05 12:36:12] ChannelAction.INFO: ======= Start Channel Action (List) ================  
[2023-06-05 12:36:12] ChannelAction.INFO: method : POST  
[2023-06-05 12:36:12] ChannelAction.INFO: contentType : application/json  
[2023-06-05 12:36:12] ChannelAction.INFO: Input Data : {"decoded":{"sub":"1","id":"1","userName":"super admin","userGroup":"1","email":"superadmin@example.com","iat":1685941470,"exp":1686027870}}  
[2023-06-05 12:36:12] ChannelAction.INFO: ======= END Channel Action (List) ================  
[2023-06-05 12:37:08] ChannelAction.INFO: ======= Start Channel Action (Single One) ================  
[2023-06-05 12:37:08] ChannelAction.INFO: Input Type : string  
[2023-06-05 12:37:08] ChannelAction.INFO: method : GET  
[2023-06-05 12:37:08] ChannelAction.INFO: contentType : application/json  
[2023-06-05 12:37:08] ChannelAction.INFO: Input Data : {"decoded":{"sub":"1","id":"1","userName":"super admin","userGroup":"1","email":"superadmin@example.com","iat":1685941470,"exp":1686027870}}  
[2023-06-05 12:37:08] ChannelAction.INFO: group id : 22  
[2023-06-05 12:37:08] ChannelAction.INFO: ======= END Channel Action (Single One) ================  
[2023-06-05 12:38:05] ChannelAction.INFO: ======= Start Channel Action (List) ================  
[2023-06-05 12:38:05] ChannelAction.INFO: method : POST  
[2023-06-05 12:38:05] ChannelAction.INFO: contentType : application/json  
[2023-06-05 12:38:05] ChannelAction.INFO: Input Data : {"decoded":{"sub":"1","id":"1","userName":"super admin","userGroup":"1","email":"superadmin@example.com","iat":1685941470,"exp":1686027870}}  
[2023-06-05 12:38:05] ChannelAction.INFO: ======= END Channel Action (List) ================  
[2023-06-05 12:41:09] ChannelAction.INFO: ======= Start Channel Action (List) ================  
[2023-06-05 12:41:09] ChannelAction.INFO: method : POST  
[2023-06-05 12:41:09] ChannelAction.INFO: contentType : application/json  
[2023-06-05 12:41:09] ChannelAction.INFO: Input Data : {"decoded":{"sub":"1","id":"1","userName":"super admin","userGroup":"1","email":"superadmin@example.com","iat":1685941470,"exp":1686027870}}  
[2023-06-05 12:41:09] ChannelAction.INFO: ======= END Channel Action (List) ================  
[2023-06-05 12:41:23] ChannelAction.INFO: ======= Start Channel Action (CREATE) ================  
[2023-06-05 12:41:23] ChannelAction.INFO: method : POST  
[2023-06-05 12:41:23] ChannelAction.INFO: contentType : application/json  
[2023-06-05 12:41:23] ChannelAction.INFO: Input Data : {"channelname":"FEF","channelimg":"C:\\fakepath\\sunset-grill.jpg","decoded":{"sub":"1","id":"1","userName":"super admin","userGroup":"1","email":"superadmin@example.com","iat":1685941470,"exp":1686027870}}  
[2023-06-05 12:41:23] ChannelAction.INFO: Insert Status : {"msg":"Channel Added SuccessFully","status":"Success"}  
[2023-06-05 12:41:23] ChannelAction.INFO: ======= END Channel Action (CREATE) ================  
[2023-06-05 12:41:23] ChannelAction.INFO: ======= Start Channel Action (List) ================  
[2023-06-05 12:41:23] ChannelAction.INFO: method : POST  
[2023-06-05 12:41:23] ChannelAction.INFO: contentType : application/json  
[2023-06-05 12:41:23] ChannelAction.INFO: Input Data : {"decoded":{"sub":"1","id":"1","userName":"super admin","userGroup":"1","email":"superadmin@example.com","iat":1685941470,"exp":1686027870}}  
[2023-06-05 12:41:23] ChannelAction.INFO: ======= END Channel Action (List) ================  
[2023-06-05 12:42:29] ChannelAction.INFO: ======= Start Channel Action (List) ================  
[2023-06-05 12:42:29] ChannelAction.INFO: method : POST  
[2023-06-05 12:42:29] ChannelAction.INFO: contentType : application/json  
[2023-06-05 12:42:29] ChannelAction.INFO: Input Data : {"decoded":{"sub":"1","id":"1","userName":"super admin","userGroup":"1","email":"superadmin@example.com","iat":1685941470,"exp":1686027870}}  
[2023-06-05 12:42:29] ChannelAction.INFO: ======= END Channel Action (List) ================  
[2023-06-05 12:43:48] ChannelAction.INFO: ======= Start Channel Action (List) ================  
[2023-06-05 12:43:48] ChannelAction.INFO: method : POST  
[2023-06-05 12:43:48] ChannelAction.INFO: contentType : application/json  
[2023-06-05 12:43:48] ChannelAction.INFO: Input Data : {"decoded":{"sub":"1","id":"1","userName":"super admin","userGroup":"1","email":"superadmin@example.com","iat":1685941470,"exp":1686027870}}  
[2023-06-05 12:43:48] ChannelAction.INFO: ======= END Channel Action (List) ================  
[2023-06-05 12:44:02] ChannelAction.INFO: ======= Start Channel Action (List) ================  
[2023-06-05 12:44:02] ChannelAction.INFO: method : POST  
[2023-06-05 12:44:02] ChannelAction.INFO: contentType : application/json  
[2023-06-05 12:44:02] ChannelAction.INFO: Input Data : {"decoded":{"sub":"1","id":"1","userName":"super admin","userGroup":"1","email":"superadmin@example.com","iat":1685941470,"exp":1686027870}}  
[2023-06-05 12:44:02] ChannelAction.INFO: ======= END Channel Action (List) ================  
[2023-06-05 12:44:25] ChannelAction.INFO: ======= Start Channel Action (List) ================  
[2023-06-05 12:44:25] ChannelAction.INFO: method : POST  
[2023-06-05 12:44:25] ChannelAction.INFO: contentType : application/json  
[2023-06-05 12:44:25] ChannelAction.INFO: Input Data : {"decoded":{"sub":"1","id":"1","userName":"super admin","userGroup":"1","email":"superadmin@example.com","iat":1685941470,"exp":1686027870}}  
[2023-06-05 12:44:25] ChannelAction.INFO: ======= END Channel Action (List) ================  
[2023-06-05 12:44:55] ChannelAction.INFO: ======= Start Channel Action (List) ================  
[2023-06-05 12:44:55] ChannelAction.INFO: method : POST  
[2023-06-05 12:44:55] ChannelAction.INFO: contentType : application/json  
[2023-06-05 12:44:55] ChannelAction.INFO: Input Data : {"decoded":{"sub":"1","id":"1","userName":"super admin","userGroup":"1","email":"superadmin@example.com","iat":1685941470,"exp":1686027870}}  
[2023-06-05 12:44:55] ChannelAction.INFO: ======= END Channel Action (List) ================  
[2023-06-05 12:45:16] ChannelAction.INFO: ======= Start Channel Action (CREATE) ================  
[2023-06-05 12:45:16] ChannelAction.INFO: method : POST  
[2023-06-05 12:45:16] ChannelAction.INFO: contentType : application/json  
[2023-06-05 12:45:16] ChannelAction.INFO: Input Data : {"channelname":"teswte","channelimg":"C:\\fakepath\\sunset-grill.jpg","decoded":{"sub":"1","id":"1","userName":"super admin","userGroup":"1","email":"superadmin@example.com","iat":1685941470,"exp":1686027870}}  
[2023-06-05 12:45:16] ChannelAction.INFO: ======= Start Channel Action (CREATE) ================  
[2023-06-05 12:45:16] ChannelAction.INFO: method : POST  
[2023-06-05 12:45:16] ChannelAction.INFO: contentType : application/json  
[2023-06-05 12:45:16] ChannelAction.INFO: Input Data : {"decoded":{"sub":"1","id":"1","userName":"super admin","userGroup":"1","email":"superadmin@example.com","iat":1685941470,"exp":1686027870}}  
[2023-06-05 12:45:16] ChannelAction.ERROR: Error Code : 401Error Message : Channel Name required  
[2023-06-05 12:45:16] ChannelAction.ERROR: Error File : /var/www/projects/ottproduct/api/v1/src/Domain/Repository/Channel/ChannelRepository.phpError Line : 101  
[2023-06-05 12:45:16] ChannelAction.INFO: ======= END Channel Action (CREATE) ================  
[2023-06-05 12:45:16] ChannelAction.INFO: Insert Status : {"msg":"Channel Added SuccessFully","status":"Success"}  
[2023-06-05 12:45:16] ChannelAction.INFO: ======= END Channel Action (CREATE) ================  
[2023-06-05 12:45:16] ChannelAction.INFO: ======= Start Channel Action (List) ================  
[2023-06-05 12:45:16] ChannelAction.INFO: method : POST  
[2023-06-05 12:45:16] ChannelAction.INFO: contentType : application/json  
[2023-06-05 12:45:16] ChannelAction.INFO: Input Data : {"decoded":{"sub":"1","id":"1","userName":"super admin","userGroup":"1","email":"superadmin@example.com","iat":1685941470,"exp":1686027870}}  
[2023-06-05 12:45:16] ChannelAction.INFO: ======= END Channel Action (List) ================  
[2023-06-05 12:47:46] ChannelAction.INFO: ======= Start Channel Action (List) ================  
[2023-06-05 12:47:46] ChannelAction.INFO: method : POST  
[2023-06-05 12:47:46] ChannelAction.INFO: contentType : application/json  
[2023-06-05 12:47:46] ChannelAction.INFO: Input Data : {"decoded":{"sub":"1","id":"1","userName":"super admin","userGroup":"1","email":"superadmin@example.com","iat":1685941470,"exp":1686027870}}  
[2023-06-05 12:47:46] ChannelAction.INFO: ======= END Channel Action (List) ================  
[2023-06-05 12:47:57] ChannelAction.INFO: ======= Start Channel Action (List) ================  
[2023-06-05 12:47:57] ChannelAction.INFO: method : POST  
[2023-06-05 12:47:57] ChannelAction.INFO: contentType : application/json  
[2023-06-05 12:47:57] ChannelAction.INFO: Input Data : {"decoded":{"sub":"1","id":"1","userName":"super admin","userGroup":"1","email":"superadmin@example.com","iat":1685941470,"exp":1686027870}}  
[2023-06-05 12:47:57] ChannelAction.INFO: ======= END Channel Action (List) ================  
[2023-06-05 12:48:09] ChannelAction.INFO: ======= Start Channel Action (CREATE) ================  
[2023-06-05 12:48:09] ChannelAction.INFO: method : POST  
[2023-06-05 12:48:09] ChannelAction.INFO: contentType : application/json  
[2023-06-05 12:48:09] ChannelAction.INFO: Input Data : {"channelname":"vfdf","channelimg":[],"decoded":{"sub":"1","id":"1","userName":"super admin","userGroup":"1","email":"superadmin@example.com","iat":1685941470,"exp":1686027870}}  
[2023-06-05 12:49:02] ChannelAction.INFO: ======= Start Channel Action (List) ================  
[2023-06-05 12:49:02] ChannelAction.INFO: method : POST  
[2023-06-05 12:49:02] ChannelAction.INFO: contentType : application/json  
[2023-06-05 12:49:02] ChannelAction.INFO: Input Data : {"decoded":{"sub":"1","id":"1","userName":"super admin","userGroup":"1","email":"superadmin@example.com","iat":1685941470,"exp":1686027870}}  
[2023-06-05 12:49:02] ChannelAction.INFO: ======= END Channel Action (List) ================  
[2023-06-05 12:49:06] ChannelAction.INFO: ======= Start Channel Action (List) ================  
[2023-06-05 12:49:06] ChannelAction.INFO: method : POST  
[2023-06-05 12:49:06] ChannelAction.INFO: contentType : application/json  
[2023-06-05 12:49:06] ChannelAction.INFO: Input Data : {"decoded":{"sub":"1","id":"1","userName":"super admin","userGroup":"1","email":"superadmin@example.com","iat":1685941470,"exp":1686027870}}  
[2023-06-05 12:49:06] ChannelAction.INFO: ======= END Channel Action (List) ================  
[2023-06-05 12:51:09] ChannelAction.INFO: ======= Start Channel Action (CREATE) ================  
[2023-06-05 12:51:09] ChannelAction.INFO: method : POST  
[2023-06-05 12:51:09] ChannelAction.INFO: contentType : application/json  
[2023-06-05 12:51:09] ChannelAction.INFO: Input Data : {"channelname":"sads","channelimg":[],"decoded":{"sub":"1","id":"1","userName":"super admin","userGroup":"1","email":"superadmin@example.com","iat":1685941470,"exp":1686027870}}  
[2023-06-05 12:51:11] ChannelAction.INFO: ======= Start Channel Action (List) ================  
[2023-06-05 12:51:11] ChannelAction.INFO: method : POST  
[2023-06-05 12:51:11] ChannelAction.INFO: contentType : application/json  
[2023-06-05 12:51:11] ChannelAction.INFO: Input Data : {"decoded":{"sub":"1","id":"1","userName":"super admin","userGroup":"1","email":"superadmin@example.com","iat":1685941470,"exp":1686027870}}  
[2023-06-05 12:51:11] ChannelAction.INFO: ======= END Channel Action (List) ================  
[2023-06-05 12:51:18] ChannelAction.INFO: ======= Start Channel Action (List) ================  
[2023-06-05 12:51:18] ChannelAction.INFO: method : POST  
[2023-06-05 12:51:18] ChannelAction.INFO: contentType : application/json  
[2023-06-05 12:51:18] ChannelAction.INFO: Input Data : {"decoded":{"sub":"1","id":"1","userName":"super admin","userGroup":"1","email":"superadmin@example.com","iat":1685941470,"exp":1686027870}}  
[2023-06-05 12:51:18] ChannelAction.INFO: ======= END Channel Action (List) ================  
[2023-06-05 12:51:31] ChannelAction.INFO: ======= Start Channel Action (CREATE) ================  
[2023-06-05 12:51:31] ChannelAction.INFO: method : POST  
[2023-06-05 12:51:31] ChannelAction.INFO: contentType : application/json  
[2023-06-05 12:51:31] ChannelAction.INFO: Input Data : {"channelname":"testt","decoded":{"sub":"1","id":"1","userName":"super admin","userGroup":"1","email":"superadmin@example.com","iat":1685941470,"exp":1686027870}}  
[2023-06-05 12:51:31] ChannelAction.ERROR: Error Code : 401Error Message : Channel image required  
[2023-06-05 12:51:31] ChannelAction.ERROR: Error File : /var/www/projects/ottproduct/api/v1/src/Domain/Repository/Channel/ChannelRepository.phpError Line : 101  
[2023-06-05 12:51:31] ChannelAction.INFO: ======= END Channel Action (CREATE) ================  
[2023-06-05 12:51:47] ChannelAction.INFO: ======= Start Channel Action (List) ================  
[2023-06-05 12:51:47] ChannelAction.INFO: method : POST  
[2023-06-05 12:51:47] ChannelAction.INFO: contentType : application/json  
[2023-06-05 12:51:47] ChannelAction.INFO: Input Data : {"decoded":{"sub":"1","id":"1","userName":"super admin","userGroup":"1","email":"superadmin@example.com","iat":1685941470,"exp":1686027870}}  
[2023-06-05 12:51:47] ChannelAction.INFO: ======= END Channel Action (List) ================  
[2023-06-05 12:52:06] ChannelAction.INFO: ======= Start Channel Action (List) ================  
[2023-06-05 12:52:06] ChannelAction.INFO: method : POST  
[2023-06-05 12:52:06] ChannelAction.INFO: contentType : application/json  
[2023-06-05 12:52:06] ChannelAction.INFO: Input Data : {"decoded":{"sub":"1","id":"1","userName":"super admin","userGroup":"1","email":"superadmin@example.com","iat":1685941470,"exp":1686027870}}  
[2023-06-05 12:52:06] ChannelAction.INFO: ======= END Channel Action (List) ================  
[2023-06-05 12:52:17] ChannelAction.INFO: ======= Start Channel Action (CREATE) ================  
[2023-06-05 12:52:17] ChannelAction.INFO: method : POST  
[2023-06-05 12:52:17] ChannelAction.INFO: contentType : application/json  
[2023-06-05 12:52:17] ChannelAction.INFO: Input Data : {"channelname":"hg","channelimg":[],"decoded":{"sub":"1","id":"1","userName":"super admin","userGroup":"1","email":"superadmin@example.com","iat":1685941470,"exp":1686027870}}  
