[2023-06-05 11:41:23] AdmnGrpsRepository.INFO: ======= Start AdmnGrps Repository ================  
[2023-06-05 11:41:23] AdmnGrpsRepository.INFO: Input Data : {"decoded":{"sub":"1","id":"1","userName":"super admin","userGroup":"1","email":"superadmin@example.com","iat":1685941470,"exp":1686027870}}  
[2023-06-05 11:41:23] AdmnGrpModel.INFO: Query : CALL SP_GroupConfig('0', '0', 0, '', 
            1, '', 10, '0', 
            0, '', 'DESC', 'GETALL')  
[2023-06-05 11:41:23] AdmnGrpModel.INFO: Group List Avaliable Group list count : 30  
[2023-06-05 11:41:23] AdmnGrpsRepository.INFO: ======= End AdmnGrps Repository ================  
[2023-06-05 11:42:13] AdmnGrpsRepository.INFO: ======= Start AdmnGrps Repository ================  
[2023-06-05 11:42:13] AdmnGrpsRepository.INFO: Input Data : {"decoded":{"sub":"1","id":"1","userName":"super admin","userGroup":"1","email":"superadmin@example.com","iat":1685941470,"exp":1686027870}}  
[2023-06-05 11:42:13] AdmnGrpModel.INFO: Query : CALL SP_GroupConfig('0', '0', 0, '', 
            1, '', 10, '0', 
            0, '', 'DESC', 'GETALL')  
[2023-06-05 11:42:13] AdmnGrpModel.INFO: Group List Avaliable Group list count : 30  
[2023-06-05 11:42:13] AdmnGrpsRepository.INFO: ======= End AdmnGrps Repository ================  
[2023-06-05 11:42:19] AdmnGrpsRepository.INFO: ======= Start AdmnGrps Repository ================  
[2023-06-05 11:42:19] AdmnGrpsRepository.INFO: Input Data : {"decoded":{"sub":"1","id":"1","userName":"super admin","userGroup":"1","email":"superadmin@example.com","iat":1685941470,"exp":1686027870}}  
[2023-06-05 11:42:19] AdmnGrpModel.INFO: Query : CALL SP_GroupConfig('0', '0', 0, '', 
            1, '', 10, '0', 
            0, '', 'DESC', 'GETALL')  
[2023-06-05 11:42:19] AdmnGrpModel.INFO: Group List Avaliable Group list count : 30  
[2023-06-05 11:42:19] AdmnGrpsRepository.INFO: ======= End AdmnGrps Repository ================  
[2023-06-05 11:42:25] AdmnGrpsRepository.INFO: ======= Start AdmnGrps Repository ================  
[2023-06-05 11:42:25] AdmnGrpsRepository.INFO: Input Data : {"decoded":{"sub":"1","id":"1","userName":"super admin","userGroup":"1","email":"superadmin@example.com","iat":1685941470,"exp":1686027870}}  
[2023-06-05 11:42:25] AdmnGrpModel.INFO: Query : CALL SP_GroupConfig('0', '0', 0, '', 
            1, '', 10, '0', 
            0, '', 'DESC', 'GETALL')  
[2023-06-05 11:42:25] AdmnGrpModel.INFO: Group List Avaliable Group list count : 30  
[2023-06-05 11:42:25] AdmnGrpsRepository.INFO: ======= End AdmnGrps Repository ================  
[2023-06-05 11:42:47] AdmnGrpsRepository.INFO: ======= Start AdmnGrps Repository ================  
[2023-06-05 11:42:47] AdmnGrpsRepository.INFO: Input Data : {"decoded":{"sub":"1","id":"1","userName":"super admin","userGroup":"1","email":"superadmin@example.com","iat":1685941470,"exp":1686027870}}  
[2023-06-05 11:42:47] AdmnGrpModel.INFO: Query : CALL SP_GroupConfig('0', '0', 0, '', 
            1, '', 10, '0', 
            0, '', 'DESC', 'GETALL')  
[2023-06-05 11:42:47] AdmnGrpModel.INFO: Group List Avaliable Group list count : 30  
[2023-06-05 11:42:47] AdmnGrpsRepository.INFO: ======= End AdmnGrps Repository ================  
[2023-06-05 11:42:58] AdmnGrpsRepository.INFO: ======= Start AdmnGrps Repository ================  
[2023-06-05 11:42:58] AdmnGrpsRepository.INFO: Input Data : {"decoded":{"sub":"1","id":"1","userName":"super admin","userGroup":"1","email":"superadmin@example.com","iat":1685941470,"exp":1686027870}}  
[2023-06-05 11:42:58] AdmnGrpModel.INFO: Query : CALL SP_GroupConfig('0', '0', 0, '', 
            1, '', 10, '0', 
            0, '', 'DESC', 'GETALL')  
[2023-06-05 11:42:58] AdmnGrpModel.INFO: Group List Avaliable Group list count : 30  
[2023-06-05 11:42:58] AdmnGrpsRepository.INFO: ======= End AdmnGrps Repository ================  
[2023-06-05 11:43:05] AdmnGrpsRepository.INFO: ======= Start AdmnGrps Repository ================  
[2023-06-05 11:43:05] AdmnGrpsRepository.INFO: Input Data : {"decoded":{"sub":"1","id":"1","userName":"super admin","userGroup":"1","email":"superadmin@example.com","iat":1685941470,"exp":1686027870}}  
[2023-06-05 11:43:05] AdmnGrpModel.INFO: Query : CALL SP_GroupConfig('0', '0', 0, '', 
            1, '', 10, '0', 
            0, '', 'DESC', 'GETALL')  
[2023-06-05 11:43:05] AdmnGrpModel.INFO: Group List Avaliable Group list count : 30  
[2023-06-05 11:43:05] AdmnGrpsRepository.INFO: ======= End AdmnGrps Repository ================  
[2023-06-05 11:50:59] AdmnGrpsRepository.INFO: ======= Start AdmnGrps Repository ================  
[2023-06-05 11:50:59] AdmnGrpsRepository.INFO: Input Data : {"decoded":{"sub":"1","id":"1","userName":"super admin","userGroup":"1","email":"superadmin@example.com","iat":1685941470,"exp":1686027870}}  
[2023-06-05 11:50:59] AdmnGrpModel.INFO: Query : CALL SP_GroupConfig('0', '0', 0, '', 
            1, '', 10, '0', 
            0, '', 'DESC', 'GETALL')  
[2023-06-05 11:50:59] AdmnGrpModel.INFO: Group List Avaliable Group list count : 30  
[2023-06-05 11:50:59] AdmnGrpsRepository.INFO: ======= End AdmnGrps Repository ================  
[2023-06-05 11:51:06] AdmnGrpsRepository.INFO: ======= Start AdmnGrps Repository ================  
[2023-06-05 11:51:06] AdmnGrpsRepository.INFO: Input Data : {"decoded":{"sub":"1","id":"1","userName":"super admin","userGroup":"1","email":"superadmin@example.com","iat":1685941470,"exp":1686027870}}  
[2023-06-05 11:51:06] AdmnGrpModel.INFO: Query : CALL SP_GroupConfig('0', '0', 0, '', 
            1, '', 10, '0', 
            0, '', 'DESC', 'GETALL')  
[2023-06-05 11:51:06] AdmnGrpModel.INFO: Group List Avaliable Group list count : 30  
[2023-06-05 11:51:06] AdmnGrpsRepository.INFO: ======= End AdmnGrps Repository ================  
[2023-06-05 12:32:05] AdmnGrpsRepository.INFO: ======= Start AdmnGrps Repository ================  
[2023-06-05 12:32:05] AdmnGrpsRepository.INFO: Input Data : {"decoded":{"sub":"1","id":"1","userName":"super admin","userGroup":"1","email":"superadmin@example.com","iat":1685941470,"exp":1686027870}}  
[2023-06-05 12:32:05] AdmnGrpModel.INFO: Query : CALL SP_GroupConfig('0', '0', 0, '', 
            1, '', 10, '0', 
            0, '', 'DESC', 'GETALL')  
[2023-06-05 12:32:05] AdmnGrpModel.INFO: Group List Avaliable Group list count : 30  
[2023-06-05 12:32:05] AdmnGrpsRepository.INFO: ======= End AdmnGrps Repository ================  
[2023-06-05 12:32:13] AdmnGrpsRepository.INFO: ======= Start AdmnGrps Repository ================  
[2023-06-05 12:32:13] AdmnGrpsRepository.INFO: Input Data : {"decoded":{"sub":"1","id":"1","userName":"super admin","userGroup":"1","email":"superadmin@example.com","iat":1685941470,"exp":1686027870}}  
[2023-06-05 12:32:13] AdmnGrpModel.INFO: Query : CALL SP_GroupConfig('0', '0', 0, '', 
            1, '', 10, '0', 
            0, '', 'DESC', 'GETALL')  
[2023-06-05 12:32:13] AdmnGrpModel.INFO: Group List Avaliable Group list count : 30  
[2023-06-05 12:32:13] AdmnGrpsRepository.INFO: ======= End AdmnGrps Repository ================  
[2023-06-05 12:33:36] AdmnGrpsRepository.INFO: ======= Start AdmnGrps Repository ================  
[2023-06-05 12:33:36] AdmnGrpsRepository.INFO: Input Data : {"decoded":{"sub":"1","id":"1","userName":"super admin","userGroup":"1","email":"superadmin@example.com","iat":1685941470,"exp":1686027870}}  
[2023-06-05 12:33:36] AdmnGrpModel.INFO: Query : CALL SP_GroupConfig('0', '0', 0, '', 
            1, '', 10, '0', 
            0, '', 'DESC', 'GETALL')  
[2023-06-05 12:33:36] AdmnGrpModel.INFO: Group List Avaliable Group list count : 30  
[2023-06-05 12:33:36] AdmnGrpsRepository.INFO: ======= End AdmnGrps Repository ================  
[2023-06-05 12:33:49] AdmnGrpsRepository.INFO: ======= Start AdmnGrps Repository ================  
[2023-06-05 12:33:49] AdmnGrpsRepository.INFO: Input Data : {"decoded":{"sub":"1","id":"1","userName":"super admin","userGroup":"1","email":"superadmin@example.com","iat":1685941470,"exp":1686027870}}  
[2023-06-05 12:33:49] AdmnGrpModel.INFO: Query : CALL SP_GroupConfig('0', '0', 0, '', 
            1, '', 10, '0', 
            0, '', 'DESC', 'GETALL')  
[2023-06-05 12:33:49] AdmnGrpModel.INFO: Group List Avaliable Group list count : 30  
[2023-06-05 12:33:49] AdmnGrpsRepository.INFO: ======= End AdmnGrps Repository ================  
