[2023-06-07 10:29:59] ChannelAction.INFO: ======= Start Channel Action (List) ================  
[2023-06-07 10:29:59] ChannelAction.INFO: method : POST  
[2023-06-07 10:29:59] ChannelAction.INFO: contentType : application/json  
[2023-06-07 10:29:59] ChannelAction.INFO: Input Data : {"decoded":{"sub":"1","id":"1","userName":"super admin","userGroup":"1","email":"superadmin@msense.in","hotelId":"1","brandId":null,"iat":1686132152,"exp":1686218552}}  
[2023-06-07 10:29:59] ChannelAction.INFO: ======= END Channel Action (List) ================  
[2023-06-07 10:30:00] ChannelAction.INFO: ======= Start Channel Action (List) ================  
[2023-06-07 10:30:00] ChannelAction.INFO: method : POST  
[2023-06-07 10:30:00] ChannelAction.INFO: contentType : application/json  
[2023-06-07 10:30:00] ChannelAction.INFO: Input Data : {"decoded":{"sub":"1","id":"1","userName":"super admin","userGroup":"1","email":"superadmin@msense.in","hotelId":"1","brandId":null,"iat":1686132152,"exp":1686218552}}  
[2023-06-07 10:30:00] ChannelAction.INFO: ======= END Channel Action (List) ================  
[2023-06-07 10:30:05] ChannelAction.INFO: ======= Start Channel Action (List) ================  
[2023-06-07 10:30:05] ChannelAction.INFO: method : POST  
[2023-06-07 10:30:05] ChannelAction.INFO: contentType : application/json  
[2023-06-07 10:30:05] ChannelAction.INFO: Input Data : {"decoded":{"sub":"1","id":"1","userName":"super admin","userGroup":"1","email":"superadmin@msense.in","hotelId":"1","brandId":null,"iat":1686132152,"exp":1686218552}}  
[2023-06-07 10:30:05] ChannelAction.INFO: ======= END Channel Action (List) ================  
[2023-06-07 10:30:06] ChannelAction.INFO: ======= Start Channel Action (List) ================  
[2023-06-07 10:30:06] ChannelAction.INFO: method : POST  
[2023-06-07 10:30:06] ChannelAction.INFO: contentType : application/json  
[2023-06-07 10:30:06] ChannelAction.INFO: Input Data : {"decoded":{"sub":"1","id":"1","userName":"super admin","userGroup":"1","email":"superadmin@msense.in","hotelId":"1","brandId":null,"iat":1686132152,"exp":1686218552}}  
[2023-06-07 10:30:06] ChannelAction.INFO: ======= END Channel Action (List) ================  
[2023-06-07 10:31:52] ChannelAction.INFO: ======= Start Channel Action (List) ================  
[2023-06-07 10:31:52] ChannelAction.INFO: method : POST  
[2023-06-07 10:31:52] ChannelAction.INFO: contentType : application/json  
[2023-06-07 10:31:52] ChannelAction.INFO: Input Data : {"decoded":{"sub":"1","id":"1","userName":"super admin","userGroup":"1","email":"superadmin@msense.in","hotelId":"1","brandId":null,"iat":1686132152,"exp":1686218552}}  
[2023-06-07 10:31:52] ChannelAction.INFO: ======= END Channel Action (List) ================  
[2023-06-07 10:32:16] ChannelAction.INFO: ======= Start Channel Action (List) ================  
[2023-06-07 10:32:16] ChannelAction.INFO: method : POST  
[2023-06-07 10:32:16] ChannelAction.INFO: contentType : application/json  
[2023-06-07 10:32:16] ChannelAction.INFO: Input Data : {"decoded":{"sub":"1","id":"1","userName":"super admin","userGroup":"1","email":"superadmin@msense.in","hotelId":"1","brandId":null,"iat":1686132152,"exp":1686218552}}  
[2023-06-07 10:32:16] ChannelAction.INFO: ======= END Channel Action (List) ================  
[2023-06-07 10:35:11] ChannelAction.INFO: ======= Start Channel Action (List) ================  
[2023-06-07 10:35:11] ChannelAction.INFO: method : POST  
[2023-06-07 10:35:11] ChannelAction.INFO: contentType : application/json  
[2023-06-07 10:35:11] ChannelAction.INFO: Input Data : {"decoded":{"sub":"1","id":"1","userName":"super admin","userGroup":"1","email":"superadmin@msense.in","hotelId":"1","brandId":null,"iat":1686132152,"exp":1686218552}}  
[2023-06-07 10:35:11] ChannelAction.INFO: ======= END Channel Action (List) ================  
[2023-06-07 10:35:13] ChannelAction.INFO: ======= Start Channel Action (List) ================  
[2023-06-07 10:35:13] ChannelAction.INFO: method : POST  
[2023-06-07 10:35:13] ChannelAction.INFO: contentType : application/json  
[2023-06-07 10:35:13] ChannelAction.INFO: Input Data : {"decoded":{"sub":"1","id":"1","userName":"super admin","userGroup":"1","email":"superadmin@msense.in","hotelId":"1","brandId":null,"iat":1686132152,"exp":1686218552}}  
[2023-06-07 10:35:13] ChannelAction.INFO: ======= END Channel Action (List) ================  
[2023-06-07 10:35:14] ChannelAction.INFO: ======= Start Channel Action (List) ================  
[2023-06-07 10:35:14] ChannelAction.INFO: method : POST  
[2023-06-07 10:35:14] ChannelAction.INFO: contentType : application/json  
[2023-06-07 10:35:14] ChannelAction.INFO: Input Data : {"decoded":{"sub":"1","id":"1","userName":"super admin","userGroup":"1","email":"superadmin@msense.in","hotelId":"1","brandId":null,"iat":1686132152,"exp":1686218552}}  
[2023-06-07 10:35:14] ChannelAction.INFO: ======= END Channel Action (List) ================  
[2023-06-07 10:35:15] ChannelAction.INFO: ======= Start Channel Action (List) ================  
[2023-06-07 10:35:15] ChannelAction.INFO: method : POST  
[2023-06-07 10:35:15] ChannelAction.INFO: contentType : application/json  
[2023-06-07 10:35:15] ChannelAction.INFO: Input Data : {"decoded":{"sub":"1","id":"1","userName":"super admin","userGroup":"1","email":"superadmin@msense.in","hotelId":"1","brandId":null,"iat":1686132152,"exp":1686218552}}  
[2023-06-07 10:35:15] ChannelAction.INFO: ======= END Channel Action (List) ================  
[2023-06-07 10:35:15] ChannelAction.INFO: ======= Start Channel Action (List) ================  
[2023-06-07 10:35:15] ChannelAction.INFO: method : POST  
[2023-06-07 10:35:15] ChannelAction.INFO: contentType : application/json  
[2023-06-07 10:35:15] ChannelAction.INFO: Input Data : {"decoded":{"sub":"1","id":"1","userName":"super admin","userGroup":"1","email":"superadmin@msense.in","hotelId":"1","brandId":null,"iat":1686132152,"exp":1686218552}}  
[2023-06-07 10:35:15] ChannelAction.INFO: ======= END Channel Action (List) ================  
[2023-06-07 10:35:16] ChannelAction.INFO: ======= Start Channel Action (List) ================  
[2023-06-07 10:35:16] ChannelAction.INFO: method : POST  
[2023-06-07 10:35:16] ChannelAction.INFO: contentType : application/json  
[2023-06-07 10:35:16] ChannelAction.INFO: Input Data : {"decoded":{"sub":"1","id":"1","userName":"super admin","userGroup":"1","email":"superadmin@msense.in","hotelId":"1","brandId":null,"iat":1686132152,"exp":1686218552}}  
[2023-06-07 10:35:16] ChannelAction.INFO: ======= END Channel Action (List) ================  
[2023-06-07 10:35:17] ChannelAction.INFO: ======= Start Channel Action (List) ================  
[2023-06-07 10:35:17] ChannelAction.INFO: method : POST  
[2023-06-07 10:35:17] ChannelAction.INFO: contentType : application/json  
[2023-06-07 10:35:17] ChannelAction.INFO: Input Data : {"decoded":{"sub":"1","id":"1","userName":"super admin","userGroup":"1","email":"superadmin@msense.in","hotelId":"1","brandId":null,"iat":1686132152,"exp":1686218552}}  
[2023-06-07 10:35:17] ChannelAction.INFO: ======= END Channel Action (List) ================  
[2023-06-07 11:46:18] ChannelAction.INFO: ======= Start Channel Action (List) ================  
[2023-06-07 11:46:18] ChannelAction.INFO: method : POST  
[2023-06-07 11:46:18] ChannelAction.INFO: contentType : application/json  
[2023-06-07 11:46:18] ChannelAction.INFO: Input Data : {"decoded":{"sub":"1","id":"1","userName":"super admin","userGroup":"1","email":"superadmin@example.com","hotelId":"1","brandId":null,"iat":1686120629,"exp":1686207029}}  
[2023-06-07 11:46:18] ChannelAction.INFO: ======= END Channel Action (List) ================  
[2023-06-07 11:46:47] ChannelAction.INFO: ======= Start Channel Action (List) ================  
[2023-06-07 11:46:47] ChannelAction.INFO: method : POST  
[2023-06-07 11:46:47] ChannelAction.INFO: contentType : application/json  
[2023-06-07 11:46:47] ChannelAction.INFO: Input Data : {"decoded":{"sub":"1","id":"1","userName":"super admin","userGroup":"1","email":"superadmin@example.com","hotelId":"1","brandId":null,"iat":1686120629,"exp":1686207029}}  
[2023-06-07 11:46:47] ChannelAction.INFO: ======= END Channel Action (List) ================  
[2023-06-07 11:46:58] ChannelAction.INFO: ======= Start Channel Action (CREATE) ================  
[2023-06-07 11:46:58] ChannelAction.INFO: method : POST  
[2023-06-07 11:46:58] ChannelAction.INFO: Input Data : {"channelname":"ef","decoded":{"sub":"1","id":"1","userName":"super admin","userGroup":"1","email":"superadmin@example.com","hotelId":"1","brandId":null,"iat":1686120629,"exp":1686207029}}  
[2023-06-07 11:46:58] ChannelAction.INFO: Insert Status : {"msg":"Channel Added SuccessFully","status":"Success"}  
[2023-06-07 11:46:58] ChannelAction.INFO: ======= END Channel Action (CREATE) ================  
[2023-06-07 11:46:58] ChannelAction.INFO: ======= Start Channel Action (List) ================  
[2023-06-07 11:46:58] ChannelAction.INFO: method : POST  
[2023-06-07 11:46:58] ChannelAction.INFO: contentType : application/json  
[2023-06-07 11:46:58] ChannelAction.INFO: Input Data : {"decoded":{"sub":"1","id":"1","userName":"super admin","userGroup":"1","email":"superadmin@example.com","hotelId":"1","brandId":null,"iat":1686120629,"exp":1686207029}}  
[2023-06-07 11:46:58] ChannelAction.INFO: ======= END Channel Action (List) ================  
[2023-06-07 11:58:51] ChannelAction.INFO: ======= Start Channel Action (CREATE) ================  
[2023-06-07 11:58:51] ChannelAction.INFO: method : POST  
[2023-06-07 11:58:51] ChannelAction.INFO: Input Data : {"channelid":"4","channelname":"Ten_Sports","decoded":{"sub":"1","id":"1","userName":"super admin","userGroup":"1","email":"superadmin@example.com","hotelId":"1","brandId":null,"iat":1686121021,"exp":1686207421}}  
