[2023-06-07 10:04:05] AdmnGrpsRepository.INFO: ======= Start AdmnGrps Repository ================  
[2023-06-07 10:04:05] AdmnGrpsRepository.INFO: Input Data : {"decoded":{"sub":"1","id":"1","userName":"super admin","userGroup":"1","email":"superadmin@msense.in","hotelId":"1","brandId":null,"iat":1686132152,"exp":1686218552}}  
[2023-06-07 10:04:05] AdmnGrpModel.INFO: Query : CALL SP_GroupConfig('0', '0', 0, '', 
            1, '', 10, '0', 
            0, '', 'DESC', 'GETALL')  
[2023-06-07 10:04:05] AdmnGrpModel.INFO: Group List Avaliable Group list count : 30  
[2023-06-07 10:04:05] AdmnGrpsRepository.INFO: ======= End AdmnGrps Repository ================  
[2023-06-07 10:04:10] AdmnGrpsRepository.INFO: ======= Start AdmnGrps Repository ================  
[2023-06-07 10:04:10] AdmnGrpsRepository.INFO: Input Data : {"decoded":{"sub":"1","id":"1","userName":"super admin","userGroup":"1","email":"superadmin@msense.in","hotelId":"1","brandId":null,"iat":1686132152,"exp":1686218552}}  
[2023-06-07 10:04:10] AdmnGrpModel.INFO: Query : CALL SP_GroupConfig('0', '0', 0, '', 
            1, '', 10, '0', 
            0, '', 'DESC', 'GETALL')  
[2023-06-07 10:04:10] AdmnGrpModel.INFO: Group List Avaliable Group list count : 30  
[2023-06-07 10:04:10] AdmnGrpsRepository.INFO: ======= End AdmnGrps Repository ================  
[2023-06-07 10:04:47] AdmnGrpsRepository.INFO: ======= Start AdmnGrps Repository ================  
[2023-06-07 10:04:47] AdmnGrpsRepository.INFO: Input Data : {"decoded":{"sub":"1","id":"1","userName":"super admin","userGroup":"1","email":"superadmin@msense.in","hotelId":"1","brandId":null,"iat":1686132152,"exp":1686218552}}  
[2023-06-07 10:04:47] AdmnGrpModel.INFO: Query : CALL SP_GroupConfig('0', '0', 0, '', 
            1, '', 10, '0', 
            0, '', 'DESC', 'GETALL')  
[2023-06-07 10:04:47] AdmnGrpModel.INFO: Group List Avaliable Group list count : 30  
[2023-06-07 10:04:47] AdmnGrpsRepository.INFO: ======= End AdmnGrps Repository ================  
[2023-06-07 11:33:43] AdmnGrpsRepository.INFO: ======= Start AdmnGrps Repository ================  
[2023-06-07 11:33:43] AdmnGrpsRepository.INFO: Input Data : {"decoded":{"sub":"1","id":"1","userName":"super admin","userGroup":"1","email":"superadmin@example.com","hotelId":"1","brandId":null,"iat":1686120629,"exp":1686207029}}  
[2023-06-07 11:33:43] AdmnGrpModel.INFO: Query : CALL SP_GroupConfig('0', '0', 0, '', 
            1, '', 10, '0', 
            0, '', 'DESC', 'GETALL')  
[2023-06-07 11:33:43] AdmnGrpModel.INFO: Group List Avaliable Group list count : 30  
[2023-06-07 11:33:43] AdmnGrpsRepository.INFO: ======= End AdmnGrps Repository ================  
[2023-06-07 11:41:12] AdmnGrpsRepository.INFO: ======= Start AdmnGrps Repository ================  
[2023-06-07 11:41:12] AdmnGrpsRepository.INFO: Input Data : {"decoded":{"sub":"1","id":"1","userName":"super admin","userGroup":"1","email":"superadmin@example.com","hotelId":"1","brandId":null,"iat":1686120629,"exp":1686207029}}  
[2023-06-07 11:41:12] AdmnGrpModel.INFO: Query : CALL SP_GroupConfig('0', '0', 0, '', 
            1, '', 10, '0', 
            0, '', 'DESC', 'GETALL')  
[2023-06-07 11:41:12] AdmnGrpModel.INFO: Group List Avaliable Group list count : 30  
[2023-06-07 11:41:12] AdmnGrpsRepository.INFO: ======= End AdmnGrps Repository ================  
