[2023-06-07 10:04:05] AdmnGrpsAction.INFO: ======= Start AdmnGrps Action (List) ================  
[2023-06-07 10:04:05] AdmnGrpsAction.INFO: method : POST  
[2023-06-07 10:04:05] AdmnGrpsAction.INFO: contentType : application/json  
[2023-06-07 10:04:05] AdmnGrpsAction.INFO: Input Data : {"decoded":{"sub":"1","id":"1","userName":"super admin","userGroup":"1","email":"superadmin@msense.in","hotelId":"1","brandId":null,"iat":1686132152,"exp":1686218552}}  
[2023-06-07 10:04:05] AdmnGrpsAction.INFO: ======= END AdmnGrps Action (List) ================  
[2023-06-07 10:04:10] AdmnGrpsAction.INFO: ======= Start AdmnGrps Action (List) ================  
[2023-06-07 10:04:10] AdmnGrpsAction.INFO: method : POST  
[2023-06-07 10:04:10] AdmnGrpsAction.INFO: contentType : application/json  
[2023-06-07 10:04:10] AdmnGrpsAction.INFO: Input Data : {"decoded":{"sub":"1","id":"1","userName":"super admin","userGroup":"1","email":"superadmin@msense.in","hotelId":"1","brandId":null,"iat":1686132152,"exp":1686218552}}  
[2023-06-07 10:04:10] AdmnGrpsAction.INFO: ======= END AdmnGrps Action (List) ================  
[2023-06-07 10:04:47] AdmnGrpsAction.INFO: ======= Start AdmnGrps Action (List) ================  
[2023-06-07 10:04:47] AdmnGrpsAction.INFO: method : POST  
[2023-06-07 10:04:47] AdmnGrpsAction.INFO: contentType : application/json  
[2023-06-07 10:04:47] AdmnGrpsAction.INFO: Input Data : {"decoded":{"sub":"1","id":"1","userName":"super admin","userGroup":"1","email":"superadmin@msense.in","hotelId":"1","brandId":null,"iat":1686132152,"exp":1686218552}}  
[2023-06-07 10:04:47] AdmnGrpsAction.INFO: ======= END AdmnGrps Action (List) ================  
[2023-06-07 11:33:43] AdmnGrpsAction.INFO: ======= Start AdmnGrps Action (List) ================  
[2023-06-07 11:33:43] AdmnGrpsAction.INFO: method : POST  
[2023-06-07 11:33:43] AdmnGrpsAction.INFO: contentType : application/json  
[2023-06-07 11:33:43] AdmnGrpsAction.INFO: Input Data : {"decoded":{"sub":"1","id":"1","userName":"super admin","userGroup":"1","email":"superadmin@example.com","hotelId":"1","brandId":null,"iat":1686120629,"exp":1686207029}}  
[2023-06-07 11:33:43] AdmnGrpsAction.INFO: ======= END AdmnGrps Action (List) ================  
[2023-06-07 11:41:12] AdmnGrpsAction.INFO: ======= Start AdmnGrps Action (List) ================  
[2023-06-07 11:41:12] AdmnGrpsAction.INFO: method : POST  
[2023-06-07 11:41:12] AdmnGrpsAction.INFO: contentType : application/json  
[2023-06-07 11:41:12] AdmnGrpsAction.INFO: Input Data : {"decoded":{"sub":"1","id":"1","userName":"super admin","userGroup":"1","email":"superadmin@example.com","hotelId":"1","brandId":null,"iat":1686120629,"exp":1686207029}}  
[2023-06-07 11:41:12] AdmnGrpsAction.INFO: ======= END AdmnGrps Action (List) ================  
