[2023-06-10 07:49:11] TvtempRepository.INFO: ======= Start TV Repository ================  
[2023-06-10 07:49:11] TvtempModel.INFO: Query : CALL SP_TvtemplateDetails('FEATURE')  
[2023-06-10 07:49:11] TvtempRepository.INFO: ======= Start TV Repository ================  
[2023-06-10 07:49:11] TvtempModel.INFO: Query : CALL SP_TvtemplateDetails('LIST')  
[2023-06-10 07:49:11] TvtempModel.INFO: get All Template (count) : 3  
[2023-06-10 07:49:11] TvtempRepository.INFO: ======= End TV Repository ================  
[2023-06-10 07:49:11] TvtempModel.INFO: get All Template (count) : 5  
[2023-06-10 07:49:11] TvtempRepository.INFO: ======= End TV Repository ================  
[2023-06-10 07:49:27] TvtempRepository.INFO: ======= Start TV Repository ================  
[2023-06-10 07:49:27] TvtempModel.INFO: Query : CALL SP_TvtemplateDetails('FEATURE')  
[2023-06-10 07:49:27] TvtempRepository.INFO: ======= Start TV Repository ================  
[2023-06-10 07:49:27] TvtempModel.INFO: Query : CALL SP_TvtemplateDetails('LIST')  
[2023-06-10 07:49:27] TvtempModel.INFO: get All Template (count) : 3  
[2023-06-10 07:49:27] TvtempRepository.INFO: ======= End TV Repository ================  
[2023-06-10 07:49:27] TvtempModel.INFO: get All Template (count) : 5  
[2023-06-10 07:49:27] TvtempRepository.INFO: ======= End TV Repository ================  
[2023-06-10 07:49:32] TvtempRepository.INFO: ======= Start TV Repository ================  
[2023-06-10 07:49:32] TvtempModel.INFO: Query : CALL SP_TvtemplateDetails('FEATURE')  
[2023-06-10 07:49:32] TvtempRepository.INFO: ======= Start TV Repository ================  
[2023-06-10 07:49:32] TvtempModel.INFO: Query : CALL SP_TvtemplateDetails('LIST')  
[2023-06-10 07:49:32] TvtempModel.INFO: get All Template (count) : 5  
[2023-06-10 07:49:32] TvtempRepository.INFO: ======= End TV Repository ================  
[2023-06-10 07:49:32] TvtempModel.INFO: get All Template (count) : 3  
[2023-06-10 07:49:32] TvtempRepository.INFO: ======= End TV Repository ================  
[2023-06-10 07:49:41] TvtempRepository.INFO: ======= Start TV Repository ================  
[2023-06-10 07:49:41] TvtempModel.INFO: Query : CALL SP_TvtemplateDetails('LIST')  
[2023-06-10 07:49:41] TvtempModel.INFO: get All Template (count) : 5  
[2023-06-10 07:49:41] TvtempRepository.INFO: ======= End TV Repository ================  
[2023-06-10 07:49:41] TvtempRepository.INFO: ======= Start TV Repository ================  
[2023-06-10 07:49:41] TvtempModel.INFO: Query : CALL SP_TvtemplateDetails('FEATURE')  
[2023-06-10 07:49:41] TvtempModel.INFO: get All Template (count) : 3  
[2023-06-10 07:49:41] TvtempRepository.INFO: ======= End TV Repository ================  
[2023-06-10 07:50:10] TvtempRepository.INFO: ======= Start TV Repository ================  
[2023-06-10 07:50:10] TvtempModel.INFO: Query : CALL SP_TvtemplateDetails('LIST')  
[2023-06-10 07:50:10] TvtempRepository.INFO: ======= Start TV Repository ================  
[2023-06-10 07:50:10] TvtempModel.INFO: Query : CALL SP_TvtemplateDetails('FEATURE')  
[2023-06-10 07:50:10] TvtempModel.INFO: get All Template (count) : 5  
[2023-06-10 07:50:10] TvtempRepository.INFO: ======= End TV Repository ================  
[2023-06-10 07:50:10] TvtempModel.INFO: get All Template (count) : 3  
[2023-06-10 07:50:10] TvtempRepository.INFO: ======= End TV Repository ================  
[2023-06-10 07:54:37] TvtempRepository.INFO: ======= Start TV Repository ================  
[2023-06-10 07:54:37] TvtempModel.INFO: Query : CALL SP_TvtemplateDetails('LIST')  
[2023-06-10 07:54:37] TvtempRepository.INFO: ======= Start TV Repository ================  
[2023-06-10 07:54:37] TvtempModel.INFO: Query : CALL SP_TvtemplateDetails('FEATURE')  
[2023-06-10 07:54:37] TvtempModel.INFO: get All Template (count) : 5  
[2023-06-10 07:54:37] TvtempRepository.INFO: ======= End TV Repository ================  
[2023-06-10 07:54:37] TvtempModel.INFO: get All Template (count) : 3  
[2023-06-10 07:54:37] TvtempRepository.INFO: ======= End TV Repository ================  
