[2023-06-07 04:42:00] AdmnUsrsAction.INFO: ======= Start AdmnUsrs Action (List) ================  
[2023-06-07 04:42:00] AdmnUsrsAction.INFO: method : POST  
[2023-06-07 04:42:00] AdmnUsrsAction.INFO: contentType : application/json  
[2023-06-07 04:42:00] AdmnUsrsAction.INFO: Input Data : {"decoded":{"sub":"1","id":"1","userName":"super admin","userGroup":"1","email":"superadmin@example.com","hotelId":"1","brandId":null,"iat":1686112295,"exp":1686198695}}  
[2023-06-07 04:42:00] AdmnUsrsAction.INFO: ======= END AdmnUsrs Action (List) ================  
[2023-06-07 05:02:40] AdmnUsrsAction.INFO: ======= Start AdmnUsrs Action (List) ================  
[2023-06-07 05:02:40] AdmnUsrsAction.INFO: method : POST  
[2023-06-07 05:02:40] AdmnUsrsAction.INFO: contentType : application/json  
[2023-06-07 05:02:40] AdmnUsrsAction.INFO: Input Data : {"decoded":{"sub":"1","id":"1","userName":"super admin","userGroup":"1","email":"superadmin@example.com","hotelId":"1","brandId":null,"iat":1686112295,"exp":1686198695}}  
[2023-06-07 05:02:40] AdmnUsrsAction.INFO: ======= END AdmnUsrs Action (List) ================  
[2023-06-07 05:02:43] AdmnUsrsAction.INFO: ======= Start AdmnUsrs Action (forgotPassword) ================  
[2023-06-07 05:02:43] AdmnUsrsAction.INFO: method : POST  
[2023-06-07 05:02:43] AdmnUsrsAction.INFO: contentType : application/json  
[2023-06-07 05:02:43] AdmnUsrsAction.INFO: Input Data : {"email":"krishna.g@microsensenetworks.com"}  
[2023-06-07 05:02:43] AdmnUsrsRepository.INFO: ======= Start AdmnUsrs Repository (forgotPassword) ================  
[2023-06-07 05:02:43] AdmnUsrsRepository.INFO: Input Data : {"email":"krishna.g@microsensenetworks.com"}  
[2023-06-07 05:02:43] AdmnUsrsRepository.INFO: ======= Start sendResetpasswordEmail ================  
[2023-06-07 05:02:43] AdmnUsrsRepository.INFO: -- email : krishna.g@microsensenetworks.com  
[2023-06-07 05:02:43] AdmnUsrsRepository.INFO: -- emailname : micro  
[2023-06-07 05:02:43] AdmnUsrsRepository.INFO: -- resetCode : SzlQL21DYnRIU3J6L0Y1cStBT09ZZz09  
[2023-06-07 05:02:43] AdmnUsrsRepository.INFO: -- adminUrl : http://116.212.176.158:8083/projects/ottproduct/frted/v1/  
[2023-06-07 05:02:43] AdmnUsrsRepository.INFO: ======= Start Mailler ================  
[2023-06-07 05:02:43] AdmnUsrsRepository.INFO: -- toEmailId : krishna.g@microsensenetworks.com  
[2023-06-07 05:02:43] AdmnUsrsRepository.INFO: -- toEmailName : micro  
[2023-06-07 05:02:43] AdmnUsrsRepository.INFO: -- subject : Password Reset Request  
[2023-06-07 05:02:46] AdmnUsrsRepository.INFO: -- mailstatus : SUCCESS  
[2023-06-07 05:02:46] AdmnUsrsRepository.INFO: -- status : SUCCESS  
[2023-06-07 05:02:46] AdmnUsrsRepository.INFO: ======= END sendResetpasswordEmail ================  
[2023-06-07 05:02:46] AdmnUsrsRepository.INFO: ======= END AdmnUsrs Repository (forgotPassword) ================  
[2023-06-07 05:02:46] AdmnUsrsAction.INFO: ======= END AdmnUsrs Action (Single One) ================  
[2023-06-07 05:03:50] AdmnUsrsAction.INFO: ======= Start AdmnUsrs Action (Single One) ================  
[2023-06-07 05:03:50] AdmnUsrsAction.INFO: method : GET  
[2023-06-07 05:03:50] AdmnUsrsAction.INFO: contentType : application/json  
[2023-06-07 05:03:50] AdmnUsrsAction.INFO: Input Data : {"decoded":{"sub":"1","id":"1","userName":"super admin","userGroup":"1","email":"superadmin@example.com","hotelId":"1","brandId":null,"iat":1686112295,"exp":1686198695}}  
[2023-06-07 05:03:50] AdmnUsrsAction.INFO: User Id : 10  
[2023-06-07 05:03:50] AdmnUsrsAction.INFO: ======= END AdmnUsrs Action (Single One) ================  
[2023-06-07 05:49:52] AdmnUsrsAction.INFO: ======= Start AdmnUsrs Action (List) ================  
[2023-06-07 05:49:52] AdmnUsrsAction.INFO: method : POST  
[2023-06-07 05:49:52] AdmnUsrsAction.INFO: contentType : application/json  
[2023-06-07 05:49:52] AdmnUsrsAction.INFO: Input Data : {"decoded":{"sub":"1","id":"1","userName":"super admin","userGroup":"1","email":"superadmin@example.com","hotelId":"1","brandId":null,"iat":1686116986,"exp":1686203386}}  
[2023-06-07 05:49:52] AdmnUsrsAction.INFO: ======= END AdmnUsrs Action (List) ================  
[2023-06-07 05:49:57] AdmnUsrsAction.INFO: ======= Start AdmnUsrs Action (List) ================  
[2023-06-07 05:49:57] AdmnUsrsAction.INFO: method : POST  
[2023-06-07 05:49:57] AdmnUsrsAction.INFO: contentType : application/json  
[2023-06-07 05:49:57] AdmnUsrsAction.INFO: Input Data : {"decoded":{"sub":"1","id":"1","userName":"super admin","userGroup":"1","email":"superadmin@example.com","hotelId":"1","brandId":null,"iat":1686116986,"exp":1686203386}}  
[2023-06-07 05:49:57] AdmnUsrsAction.INFO: ======= END AdmnUsrs Action (List) ================  
[2023-06-07 05:50:30] AdmnUsrsAction.INFO: ======= Start AdmnUsrs Action (List) ================  
[2023-06-07 05:50:30] AdmnUsrsAction.INFO: method : POST  
[2023-06-07 05:50:30] AdmnUsrsAction.INFO: contentType : application/json  
[2023-06-07 05:50:30] AdmnUsrsAction.INFO: Input Data : {"decoded":{"sub":"1","id":"1","userName":"super admin","userGroup":"1","email":"superadmin@example.com","hotelId":"1","brandId":null,"iat":1686116986,"exp":1686203386}}  
[2023-06-07 05:50:30] AdmnUsrsAction.INFO: ======= END AdmnUsrs Action (List) ================  
[2023-06-07 05:50:58] AdmnUsrsAction.INFO: ======= Start AdmnUsrs Action (List) ================  
[2023-06-07 05:50:58] AdmnUsrsAction.INFO: method : POST  
[2023-06-07 05:50:58] AdmnUsrsAction.INFO: contentType : application/json  
[2023-06-07 05:50:58] AdmnUsrsAction.INFO: Input Data : {"decoded":{"sub":"1","id":"1","userName":"super admin","userGroup":"1","email":"superadmin@example.com","hotelId":"1","brandId":null,"iat":1686116986,"exp":1686203386}}  
[2023-06-07 05:50:58] AdmnUsrsAction.INFO: ======= END AdmnUsrs Action (List) ================  
[2023-06-07 08:37:06] AdmnUsrsAction.INFO: ======= Start AdmnUsrs Action (List) ================  
[2023-06-07 08:37:06] AdmnUsrsAction.INFO: method : POST  
[2023-06-07 08:37:06] AdmnUsrsAction.INFO: contentType : application/json  
[2023-06-07 08:37:06] AdmnUsrsAction.INFO: Input Data : {"decoded":{"sub":"1","id":"1","userName":"super admin","userGroup":"1","email":"superadmin@example.com","hotelId":"1","brandId":null,"iat":1686120629,"exp":1686207029}}  
[2023-06-07 08:37:06] AdmnUsrsAction.INFO: ======= END AdmnUsrs Action (List) ================  
[2023-06-07 08:37:13] AdmnUsrsAction.INFO: ======= Start AdmnUsrs Action (forgotPassword) ================  
[2023-06-07 08:37:13] AdmnUsrsAction.INFO: method : POST  
[2023-06-07 08:37:13] AdmnUsrsAction.INFO: contentType : application/json  
[2023-06-07 08:37:13] AdmnUsrsAction.INFO: Input Data : {"email":"krishna.g@microsensenetworks.com"}  
[2023-06-07 08:37:13] AdmnUsrsRepository.INFO: ======= Start AdmnUsrs Repository (forgotPassword) ================  
[2023-06-07 08:37:13] AdmnUsrsRepository.INFO: Input Data : {"email":"krishna.g@microsensenetworks.com"}  
[2023-06-07 08:37:13] AdmnUsrsRepository.INFO: ======= Start sendResetpasswordEmail ================  
[2023-06-07 08:37:13] AdmnUsrsRepository.INFO: -- email : krishna.g@microsensenetworks.com  
[2023-06-07 08:37:13] AdmnUsrsRepository.INFO: -- emailname : micro  
[2023-06-07 08:37:13] AdmnUsrsRepository.INFO: -- resetCode : WHRJZ1RiMGVad1RrQXUwSUJPQWxCZz09  
[2023-06-07 08:37:13] AdmnUsrsRepository.INFO: -- adminUrl : http://116.212.176.158:8083/projects/ottproduct/frted/v1/  
[2023-06-07 08:37:13] AdmnUsrsRepository.INFO: ======= Start Mailler ================  
[2023-06-07 08:37:13] AdmnUsrsRepository.INFO: -- toEmailId : krishna.g@microsensenetworks.com  
[2023-06-07 08:37:13] AdmnUsrsRepository.INFO: -- toEmailName : micro  
[2023-06-07 08:37:13] AdmnUsrsRepository.INFO: -- subject : Password Reset Request  
[2023-06-07 08:37:18] AdmnUsrsRepository.INFO: -- mailstatus : SUCCESS  
[2023-06-07 08:37:18] AdmnUsrsRepository.INFO: -- status : SUCCESS  
[2023-06-07 08:37:18] AdmnUsrsRepository.INFO: ======= END sendResetpasswordEmail ================  
[2023-06-07 08:37:18] AdmnUsrsRepository.INFO: ======= END AdmnUsrs Repository (forgotPassword) ================  
[2023-06-07 08:37:18] AdmnUsrsAction.INFO: ======= END AdmnUsrs Action (Single One) ================  
