[2023-06-07 04:31:35] LoginAction.INFO: ======= Start Login Action ================  
[2023-06-07 04:31:35] LoginAction.INFO: Input Data : {"email":"superadmin@example.com","password":"Nms@123$"}  
[2023-06-07 04:31:35] LoginModel.INFO: Query : call SP_Doauth('superadmin@example.com','ZTJKWGJiQTZ2S2JOeVhSRUF1MWoyUT09')  
[2023-06-07 04:31:35] LoginModel.INFO: User Data : {"username":"super admin","userGroup":"1","loginid":"1","email":"superadmin@example.com","mobileno":"9677889090","designation":"Manage_rCate","hotelId":"1","brandId":null}  
[2023-06-07 04:31:35] LoginAction.INFO: ======= END Login Action ================  
[2023-06-07 05:49:46] LoginAction.INFO: ======= Start Login Action ================  
[2023-06-07 05:49:46] LoginAction.INFO: Input Data : {"email":"superadmin@example.com","password":"Nms@123$"}  
[2023-06-07 05:49:46] LoginModel.INFO: Query : call SP_Doauth('superadmin@example.com','ZTJKWGJiQTZ2S2JOeVhSRUF1MWoyUT09')  
[2023-06-07 05:49:46] LoginModel.INFO: User Data : {"username":"super admin","userGroup":"1","loginid":"1","email":"superadmin@example.com","mobileno":"9677889090","designation":"Manage_rCate","hotelId":"1","brandId":null}  
[2023-06-07 05:49:46] LoginAction.INFO: ======= END Login Action ================  
[2023-06-07 06:50:29] LoginAction.INFO: ======= Start Login Action ================  
[2023-06-07 06:50:29] LoginAction.INFO: Input Data : {"email":"superadmin@example.com","password":"Nms@123$"}  
[2023-06-07 06:50:29] LoginModel.INFO: Query : call SP_Doauth('superadmin@example.com','ZTJKWGJiQTZ2S2JOeVhSRUF1MWoyUT09')  
[2023-06-07 06:50:29] LoginModel.INFO: User Data : {"username":"super admin","userGroup":"1","loginid":"1","email":"superadmin@example.com","mobileno":"9677889090","designation":"Manage_rCate","hotelId":"1","brandId":null}  
[2023-06-07 06:50:29] LoginAction.INFO: ======= END Login Action ================  
[2023-06-07 06:57:01] LoginAction.INFO: ======= Start Login Action ================  
[2023-06-07 06:57:01] LoginAction.INFO: Input Data : {"email":"superadmin@example.com","password":"Nms@123$"}  
[2023-06-07 06:57:01] LoginModel.INFO: Query : call SP_Doauth('superadmin@example.com','ZTJKWGJiQTZ2S2JOeVhSRUF1MWoyUT09')  
[2023-06-07 06:57:01] LoginModel.INFO: User Data : {"username":"super admin","userGroup":"1","loginid":"1","email":"superadmin@example.com","mobileno":"9677889090","designation":"Manage_rCate","hotelId":"1","brandId":null}  
[2023-06-07 06:57:01] LoginAction.INFO: ======= END Login Action ================  
