[2023-06-07 04:42:00] AdmnUsrsRepository.INFO: ======= Start AdmnUsrs Repository ================  
[2023-06-07 04:42:00] AdmnUsrsRepository.INFO: Input Data : {"decoded":{"sub":"1","id":"1","userName":"super admin","userGroup":"1","email":"superadmin@example.com","hotelId":"1","brandId":null,"iat":1686112295,"exp":1686198695}}  
[2023-06-07 04:42:00] AdmnUsrModel.INFO: Query : CALL SP_AdmnUsrConfig('0', '0', 0, '', '', '', 0, 0, '','','', '', 
            1, '', 10, '0', 
            0, '', 'DESC', 'GETALL')  
[2023-06-07 04:42:00] AdmnUsrModel.INFO: Admin User List Avaliable User list count : 10  
[2023-06-07 04:42:00] AdmnUsrsRepository.INFO: ======= End AdmnUsrs Repository ================  
[2023-06-07 05:02:40] AdmnUsrsRepository.INFO: ======= Start AdmnUsrs Repository ================  
[2023-06-07 05:02:40] AdmnUsrsRepository.INFO: Input Data : {"decoded":{"sub":"1","id":"1","userName":"super admin","userGroup":"1","email":"superadmin@example.com","hotelId":"1","brandId":null,"iat":1686112295,"exp":1686198695}}  
[2023-06-07 05:02:40] AdmnUsrModel.INFO: Query : CALL SP_AdmnUsrConfig('0', '0', 0, '', '', '', 0, 0, '','','', '', 
            1, '', 10, '0', 
            0, '', 'DESC', 'GETALL')  
[2023-06-07 05:02:40] AdmnUsrModel.INFO: Admin User List Avaliable User list count : 10  
[2023-06-07 05:02:40] AdmnUsrsRepository.INFO: ======= End AdmnUsrs Repository ================  
[2023-06-07 05:03:50] AdmnUsrsRepository.INFO: ======= Start AdmnUsrs Repository ================  
[2023-06-07 05:03:50] AdmnUsrModel.INFO: Query : CALL SP_AdmnUsrConfig('0', '0', 10, '', '', '', 0, 0, '','','', '', 
            1, '', 0, '', 0, '', '', 'GETONE')  
[2023-06-07 05:03:50] AdmnUsrsRepository.INFO: ======= End AdmnUsrs Repository ================  
[2023-06-07 05:49:52] AdmnUsrsRepository.INFO: ======= Start AdmnUsrs Repository ================  
[2023-06-07 05:49:52] AdmnUsrsRepository.INFO: Input Data : {"decoded":{"sub":"1","id":"1","userName":"super admin","userGroup":"1","email":"superadmin@example.com","hotelId":"1","brandId":null,"iat":1686116986,"exp":1686203386}}  
[2023-06-07 05:49:52] AdmnUsrModel.INFO: Query : CALL SP_AdmnUsrConfig('0', '0', 0, '', '', '', 0, 0, '','','', '', 
            1, '', 10, '0', 
            0, '', 'DESC', 'GETALL')  
[2023-06-07 05:49:52] AdmnUsrModel.INFO: Admin User List Avaliable User list count : 10  
[2023-06-07 05:49:52] AdmnUsrsRepository.INFO: ======= End AdmnUsrs Repository ================  
[2023-06-07 05:49:57] AdmnUsrsRepository.INFO: ======= Start AdmnUsrs Repository ================  
[2023-06-07 05:49:57] AdmnUsrsRepository.INFO: Input Data : {"decoded":{"sub":"1","id":"1","userName":"super admin","userGroup":"1","email":"superadmin@example.com","hotelId":"1","brandId":null,"iat":1686116986,"exp":1686203386}}  
[2023-06-07 05:49:57] AdmnUsrModel.INFO: Query : CALL SP_AdmnUsrConfig('0', '0', 0, '', '', '', 0, 0, '','','', '', 
            1, '', 10, '0', 
            0, '', 'DESC', 'GETALL')  
[2023-06-07 05:49:57] AdmnUsrModel.INFO: Admin User List Avaliable User list count : 10  
[2023-06-07 05:49:57] AdmnUsrsRepository.INFO: ======= End AdmnUsrs Repository ================  
[2023-06-07 05:50:30] AdmnUsrsRepository.INFO: ======= Start AdmnUsrs Repository ================  
[2023-06-07 05:50:30] AdmnUsrsRepository.INFO: Input Data : {"decoded":{"sub":"1","id":"1","userName":"super admin","userGroup":"1","email":"superadmin@example.com","hotelId":"1","brandId":null,"iat":1686116986,"exp":1686203386}}  
[2023-06-07 05:50:30] AdmnUsrModel.INFO: Query : CALL SP_AdmnUsrConfig('0', '0', 0, '', '', '', 0, 0, '','','', '', 
            1, '', 10, '0', 
            0, '', 'DESC', 'GETALL')  
[2023-06-07 05:50:30] AdmnUsrModel.INFO: Admin User List Avaliable User list count : 10  
[2023-06-07 05:50:30] AdmnUsrsRepository.INFO: ======= End AdmnUsrs Repository ================  
[2023-06-07 05:50:58] AdmnUsrsRepository.INFO: ======= Start AdmnUsrs Repository ================  
[2023-06-07 05:50:58] AdmnUsrsRepository.INFO: Input Data : {"decoded":{"sub":"1","id":"1","userName":"super admin","userGroup":"1","email":"superadmin@example.com","hotelId":"1","brandId":null,"iat":1686116986,"exp":1686203386}}  
[2023-06-07 05:50:58] AdmnUsrModel.INFO: Query : CALL SP_AdmnUsrConfig('0', '0', 0, '', '', '', 0, 0, '','','', '', 
            1, '', 10, '0', 
            0, '', 'DESC', 'GETALL')  
[2023-06-07 05:50:58] AdmnUsrModel.INFO: Admin User List Avaliable User list count : 10  
[2023-06-07 05:50:58] AdmnUsrsRepository.INFO: ======= End AdmnUsrs Repository ================  
[2023-06-07 08:37:06] AdmnUsrsRepository.INFO: ======= Start AdmnUsrs Repository ================  
[2023-06-07 08:37:06] AdmnUsrsRepository.INFO: Input Data : {"decoded":{"sub":"1","id":"1","userName":"super admin","userGroup":"1","email":"superadmin@example.com","hotelId":"1","brandId":null,"iat":1686120629,"exp":1686207029}}  
[2023-06-07 08:37:06] AdmnUsrModel.INFO: Query : CALL SP_AdmnUsrConfig('0', '0', 0, '', '', '', 0, 0, '','','', '', 
            1, '', 10, '0', 
            0, '', 'DESC', 'GETALL')  
[2023-06-07 08:37:06] AdmnUsrModel.INFO: Admin User List Avaliable User list count : 10  
[2023-06-07 08:37:06] AdmnUsrsRepository.INFO: ======= End AdmnUsrs Repository ================  
