[2023-06-07 05:06:56] BrandAction.INFO: ======= Start Brand Action (VIEW)================  
[2023-06-07 05:06:56] BrandAction.INFO: method : POST  
[2023-06-07 05:06:56] BrandAction.INFO: contentType : application/json  
[2023-06-07 05:06:56] BrandAction.INFO: Input Data : {"decoded":{"sub":"1","id":"1","userName":"super admin","userGroup":"1","email":"superadmin@example.com","hotelId":"1","brandId":null,"iat":1686112295,"exp":1686198695}}  
[2023-06-07 05:06:56] BrandModel.INFO: Query : call SP_AddandEditBrand('VIEW','','',0,0)  
[2023-06-07 05:06:56] BrandAction.INFO: ======= END Brand Action (VIEW)================  
[2023-06-07 05:14:55] BrandAction.INFO: ======= Start Brand Action (VIEW)================  
[2023-06-07 05:14:55] BrandAction.INFO: method : POST  
[2023-06-07 05:14:55] BrandAction.INFO: contentType : application/json  
[2023-06-07 05:14:55] BrandAction.INFO: Input Data : {"decoded":{"sub":"1","id":"1","userName":"super admin","userGroup":"1","email":"superadmin@example.com","hotelId":"1","brandId":null,"iat":1686112295,"exp":1686198695}}  
[2023-06-07 05:14:55] BrandModel.INFO: Query : call SP_AddandEditBrand('VIEW','','',0,0)  
[2023-06-07 05:14:55] BrandAction.INFO: ======= END Brand Action (VIEW)================  
[2023-06-07 05:23:08] BrandAction.INFO: ======= Start Brand Action (VIEW)================  
[2023-06-07 05:23:08] BrandAction.INFO: method : POST  
[2023-06-07 05:23:08] BrandAction.INFO: contentType : application/json  
[2023-06-07 05:23:08] BrandAction.INFO: Input Data : {"decoded":{"sub":"1","id":"1","userName":"super admin","userGroup":"1","email":"superadmin@example.com","hotelId":"1","brandId":null,"iat":1686112295,"exp":1686198695}}  
[2023-06-07 05:23:08] BrandModel.INFO: Query : call SP_AddandEditBrand('VIEW','','',0,0)  
[2023-06-07 05:23:08] BrandAction.INFO: ======= END Brand Action (VIEW)================  
[2023-06-07 05:50:12] BrandAction.INFO: ======= Start Brand Action (VIEW)================  
[2023-06-07 05:50:12] BrandAction.INFO: method : POST  
[2023-06-07 05:50:12] BrandAction.INFO: contentType : application/json  
[2023-06-07 05:50:12] BrandAction.INFO: Input Data : {"decoded":{"sub":"1","id":"1","userName":"super admin","userGroup":"1","email":"superadmin@example.com","hotelId":"1","brandId":null,"iat":1686116986,"exp":1686203386}}  
[2023-06-07 05:50:12] BrandModel.INFO: Query : call SP_AddandEditBrand('VIEW','','',0,0)  
[2023-06-07 05:50:12] BrandAction.INFO: ======= END Brand Action (VIEW)================  
