[2023-06-07 04:42:00] AdmnGrpsRepository.INFO: ======= Start AdmnGrps Repository ================  
[2023-06-07 04:42:00] AdmnGrpsRepository.INFO: Input Data : {"decoded":{"sub":"1","id":"1","userName":"super admin","userGroup":"1","email":"superadmin@example.com","hotelId":"1","brandId":null,"iat":1686112295,"exp":1686198695}}  
[2023-06-07 04:42:00] AdmnGrpModel.INFO: Query : CALL SP_GroupConfig('0', '0', 0, '', 
            1, '', 10, '0', 
            0, '', 'DESC', 'GETALL')  
[2023-06-07 04:42:00] AdmnGrpModel.INFO: Group List Avaliable Group list count : 30  
[2023-06-07 04:42:00] AdmnGrpsRepository.INFO: ======= End AdmnGrps Repository ================  
[2023-06-07 05:02:40] AdmnGrpsRepository.INFO: ======= Start AdmnGrps Repository ================  
[2023-06-07 05:02:40] AdmnGrpsRepository.INFO: Input Data : {"decoded":{"sub":"1","id":"1","userName":"super admin","userGroup":"1","email":"superadmin@example.com","hotelId":"1","brandId":null,"iat":1686112295,"exp":1686198695}}  
[2023-06-07 05:02:40] AdmnGrpModel.INFO: Query : CALL SP_GroupConfig('0', '0', 0, '', 
            1, '', 10, '0', 
            0, '', 'DESC', 'GETALL')  
[2023-06-07 05:02:40] AdmnGrpModel.INFO: Group List Avaliable Group list count : 30  
[2023-06-07 05:02:40] AdmnGrpsRepository.INFO: ======= End AdmnGrps Repository ================  
[2023-06-07 05:49:52] AdmnGrpsRepository.INFO: ======= Start AdmnGrps Repository ================  
[2023-06-07 05:49:52] AdmnGrpsRepository.INFO: Input Data : {"decoded":{"sub":"1","id":"1","userName":"super admin","userGroup":"1","email":"superadmin@example.com","hotelId":"1","brandId":null,"iat":1686116986,"exp":1686203386}}  
[2023-06-07 05:49:52] AdmnGrpModel.INFO: Query : CALL SP_GroupConfig('0', '0', 0, '', 
            1, '', 10, '0', 
            0, '', 'DESC', 'GETALL')  
[2023-06-07 05:49:52] AdmnGrpModel.INFO: Group List Avaliable Group list count : 30  
[2023-06-07 05:49:52] AdmnGrpsRepository.INFO: ======= End AdmnGrps Repository ================  
[2023-06-07 05:49:56] AdmnGrpsRepository.INFO: ======= Start AdmnGrps Repository ================  
[2023-06-07 05:49:56] AdmnGrpsRepository.INFO: Input Data : {"decoded":{"sub":"1","id":"1","userName":"super admin","userGroup":"1","email":"superadmin@example.com","hotelId":"1","brandId":null,"iat":1686116986,"exp":1686203386}}  
[2023-06-07 05:49:56] AdmnGrpModel.INFO: Query : CALL SP_GroupConfig('0', '0', 0, '', 
            1, '', 10, '0', 
            0, '', 'DESC', 'GETALL')  
[2023-06-07 05:49:56] AdmnGrpModel.INFO: Group List Avaliable Group list count : 30  
[2023-06-07 05:49:56] AdmnGrpsRepository.INFO: ======= End AdmnGrps Repository ================  
[2023-06-07 05:49:57] AdmnGrpsRepository.INFO: ======= Start AdmnGrps Repository ================  
[2023-06-07 05:49:57] AdmnGrpsRepository.INFO: Input Data : {"decoded":{"sub":"1","id":"1","userName":"super admin","userGroup":"1","email":"superadmin@example.com","hotelId":"1","brandId":null,"iat":1686116986,"exp":1686203386}}  
[2023-06-07 05:49:57] AdmnGrpModel.INFO: Query : CALL SP_GroupConfig('0', '0', 0, '', 
            1, '', 10, '0', 
            0, '', 'DESC', 'GETALL')  
[2023-06-07 05:49:57] AdmnGrpModel.INFO: Group List Avaliable Group list count : 30  
[2023-06-07 05:49:57] AdmnGrpsRepository.INFO: ======= End AdmnGrps Repository ================  
[2023-06-07 05:50:30] AdmnGrpsRepository.INFO: ======= Start AdmnGrps Repository ================  
[2023-06-07 05:50:30] AdmnGrpsRepository.INFO: Input Data : {"decoded":{"sub":"1","id":"1","userName":"super admin","userGroup":"1","email":"superadmin@example.com","hotelId":"1","brandId":null,"iat":1686116986,"exp":1686203386}}  
[2023-06-07 05:50:30] AdmnGrpModel.INFO: Query : CALL SP_GroupConfig('0', '0', 0, '', 
            1, '', 10, '0', 
            0, '', 'DESC', 'GETALL')  
[2023-06-07 05:50:30] AdmnGrpModel.INFO: Group List Avaliable Group list count : 30  
[2023-06-07 05:50:30] AdmnGrpsRepository.INFO: ======= End AdmnGrps Repository ================  
[2023-06-07 05:50:58] AdmnGrpsRepository.INFO: ======= Start AdmnGrps Repository ================  
[2023-06-07 05:50:58] AdmnGrpsRepository.INFO: Input Data : {"decoded":{"sub":"1","id":"1","userName":"super admin","userGroup":"1","email":"superadmin@example.com","hotelId":"1","brandId":null,"iat":1686116986,"exp":1686203386}}  
[2023-06-07 05:50:58] AdmnGrpModel.INFO: Query : CALL SP_GroupConfig('0', '0', 0, '', 
            1, '', 10, '0', 
            0, '', 'DESC', 'GETALL')  
[2023-06-07 05:50:58] AdmnGrpModel.INFO: Group List Avaliable Group list count : 30  
[2023-06-07 05:50:58] AdmnGrpsRepository.INFO: ======= End AdmnGrps Repository ================  
[2023-06-07 08:37:06] AdmnGrpsRepository.INFO: ======= Start AdmnGrps Repository ================  
[2023-06-07 08:37:06] AdmnGrpsRepository.INFO: Input Data : {"decoded":{"sub":"1","id":"1","userName":"super admin","userGroup":"1","email":"superadmin@example.com","hotelId":"1","brandId":null,"iat":1686120629,"exp":1686207029}}  
[2023-06-07 08:37:06] AdmnGrpModel.INFO: Query : CALL SP_GroupConfig('0', '0', 0, '', 
            1, '', 10, '0', 
            0, '', 'DESC', 'GETALL')  
[2023-06-07 08:37:06] AdmnGrpModel.INFO: Group List Avaliable Group list count : 30  
[2023-06-07 08:37:06] AdmnGrpsRepository.INFO: ======= End AdmnGrps Repository ================  
[2023-06-07 08:38:30] AdmnGrpsRepository.INFO: ======= Start AdmnGrps Repository ================  
[2023-06-07 08:38:30] AdmnGrpsRepository.INFO: Input Data : {"decoded":{"sub":"1","id":"1","userName":"super admin","userGroup":"1","email":"superadmin@example.com","hotelId":"1","brandId":null,"iat":1686120629,"exp":1686207029}}  
[2023-06-07 08:38:30] AdmnGrpModel.INFO: Query : CALL SP_GroupConfig('0', '0', 0, '', 
            1, '', 10, '0', 
            0, '', 'DESC', 'GETALL')  
[2023-06-07 08:38:30] AdmnGrpModel.INFO: Group List Avaliable Group list count : 30  
[2023-06-07 08:38:30] AdmnGrpsRepository.INFO: ======= End AdmnGrps Repository ================  
