[2023-06-05 12:52:44] HotelChannel.INFO: ======= Start HotelChannel Action (ASSIGN MENUS) ================  
[2023-06-05 12:52:44] HotelChannel.INFO: method : POST  
[2023-06-05 12:52:44] HotelChannel.INFO: contentType : application/json  
[2023-06-05 12:52:44] HotelChannel.INFO: Input Data : {"hotelid":1,"channelno":122,"channelip":"12.122.12.12","channelport":23,"channelcategory":1,"isactive":1,"decoded":{"sub":"1","id":"1","userName":"super admin","userGroup":"1","email":"superadmin@example.com","iat":1685955936,"exp":1686042336}}  
[2023-06-05 12:52:44] HotelChannel.ERROR: Error Code : 401Error Message : groupId Empty  
[2023-06-05 12:52:44] HotelChannel.ERROR: Error File : /var/www/projects/ottproduct/api/v1/src/Domain/Repository/Channel/HotelChannelRepository.phpError Line : 267  
[2023-06-05 12:52:44] HotelChannel.INFO: ======= END HotelChannel Action (ASSIGN MENUS) ================  
[2023-06-05 12:57:18] HotelChannel.INFO: ======= Start HotelChannel Action (ASSIGN MENUS) ================  
[2023-06-05 12:57:18] HotelChannel.INFO: method : POST  
[2023-06-05 12:57:18] HotelChannel.INFO: contentType : application/json  
[2023-06-05 12:57:18] HotelChannel.INFO: Input Data : {"hotelid":1,"channelid":"1,2,3,4,5","channelcategory":1,"decoded":{"sub":"1","id":"1","userName":"super admin","userGroup":"1","email":"superadmin@example.com","iat":1685955936,"exp":1686042336}}  
[2023-06-05 12:57:18] HotelChannel.ERROR: Error Code : 401Error Message : hotelId Empty  
[2023-06-05 12:57:18] HotelChannel.ERROR: Error File : /var/www/projects/ottproduct/api/v1/src/Domain/Repository/Channel/HotelChannelRepository.phpError Line : 268  
[2023-06-05 12:57:18] HotelChannel.INFO: ======= END HotelChannel Action (ASSIGN MENUS) ================  
[2023-06-05 12:57:42] HotelChannel.INFO: ======= Start HotelChannel Action (ASSIGN MENUS) ================  
[2023-06-05 12:57:42] HotelChannel.INFO: method : POST  
[2023-06-05 12:57:42] HotelChannel.INFO: contentType : application/json  
[2023-06-05 12:57:42] HotelChannel.INFO: Input Data : {"hotelid":1,"channelid":"1,2,3,4,5","channelcategory":1,"decoded":{"sub":"1","id":"1","userName":"super admin","userGroup":"1","email":"superadmin@example.com","iat":1685955936,"exp":1686042336}}  
[2023-06-05 13:00:55] HotelChannel.INFO: ======= Start HotelChannel Action (ASSIGN MENUS) ================  
[2023-06-05 13:00:55] HotelChannel.INFO: method : POST  
[2023-06-05 13:00:55] HotelChannel.INFO: contentType : application/json  
[2023-06-05 13:00:55] HotelChannel.INFO: Input Data : {"hotelid":1,"channelid":"1,2,3,4,5","channelcategory":1,"decoded":{"sub":"1","id":"1","userName":"super admin","userGroup":"1","email":"superadmin@example.com","iat":1685955936,"exp":1686042336}}  
