[2023-06-23 05:23:18] AdmnGrpsRepository.INFO: ======= Start AdmnGrps Repository ================  
[2023-06-23 05:23:18] AdmnGrpsRepository.INFO: Input Data : {"decoded":{"sub":"1","id":"1","userName":"super admin","userGroup":"1","email":"superadmin@msense.in","hotelId":"4","brandId":"7","iat":1687495440,"exp":1687581840}}  
[2023-06-23 05:23:18] AdmnGrpModel.INFO: Query : CALL SP_GroupConfig('0', '0', 0, '', 
            1, '', 10, '0', 
            0, '', 'DESC', 'GETALL')  
[2023-06-23 05:23:18] AdmnGrpModel.INFO: Group List Avaliable Group list count : 30  
[2023-06-23 05:23:18] AdmnGrpsRepository.INFO: ======= End AdmnGrps Repository ================  
[2023-06-23 05:39:06] AdmnGrpsRepository.INFO: ======= Start AdmnGrps Repository ================  
[2023-06-23 05:39:06] AdmnGrpsRepository.INFO: Input Data : {"decoded":{"sub":"1","id":"1","userName":"super admin","userGroup":"1","email":"superadmin@msense.in","hotelId":"4","brandId":"7","iat":1687498276,"exp":1687584676}}  
[2023-06-23 05:39:06] AdmnGrpModel.INFO: Query : CALL SP_GroupConfig('0', '0', 0, '', 
            1, '', 10, '0', 
            0, '', 'DESC', 'GETALL')  
[2023-06-23 05:39:06] AdmnGrpModel.INFO: Group List Avaliable Group list count : 30  
[2023-06-23 05:39:06] AdmnGrpsRepository.INFO: ======= End AdmnGrps Repository ================  
[2023-06-23 06:06:39] AdmnGrpsRepository.INFO: ======= Start AdmnGrps Repository ================  
[2023-06-23 06:06:39] AdmnGrpsRepository.INFO: Input Data : {"decoded":{"sub":"1","id":"1","userName":"super admin","userGroup":"1","email":"superadmin@msense.in","hotelId":"4","brandId":"7","iat":1687500395,"exp":1687586795}}  
[2023-06-23 06:06:39] AdmnGrpModel.INFO: Query : CALL SP_GroupConfig('0', '0', 0, '', 
            1, '', 10, '0', 
            0, '', 'DESC', 'GETALL')  
[2023-06-23 06:06:39] AdmnGrpModel.INFO: Group List Avaliable Group list count : 30  
[2023-06-23 06:06:39] AdmnGrpsRepository.INFO: ======= End AdmnGrps Repository ================  
[2023-06-23 08:34:51] AdmnGrpsRepository.INFO: ======= Start AdmnGrps Repository ================  
[2023-06-23 08:34:51] AdmnGrpsRepository.INFO: Input Data : {"decoded":{"sub":"1","id":"1","userName":"super admin","userGroup":"1","email":"superadmin@msense.in","hotelId":"4","brandId":"7","iat":1687503933,"exp":1687590333}}  
[2023-06-23 08:34:51] AdmnGrpModel.INFO: Query : CALL SP_GroupConfig('0', '0', 0, '', 
            1, '', 10, '0', 
            0, '', 'DESC', 'GETALL')  
[2023-06-23 08:34:51] AdmnGrpModel.INFO: Group List Avaliable Group list count : 30  
[2023-06-23 08:34:51] AdmnGrpsRepository.INFO: ======= End AdmnGrps Repository ================  
[2023-06-23 08:34:52] AdmnGrpsRepository.INFO: ======= Start AdmnGrps Repository ================  
[2023-06-23 08:34:52] AdmnGrpsRepository.INFO: Input Data : {"decoded":{"sub":"1","id":"1","userName":"super admin","userGroup":"1","email":"superadmin@msense.in","hotelId":"4","brandId":"7","iat":1687503933,"exp":1687590333}}  
[2023-06-23 08:34:52] AdmnGrpModel.INFO: Query : CALL SP_GroupConfig('0', '0', 0, '', 
            1, '', 10, '0', 
            0, '', 'DESC', 'GETALL')  
[2023-06-23 08:34:52] AdmnGrpModel.INFO: Group List Avaliable Group list count : 30  
[2023-06-23 08:34:52] AdmnGrpsRepository.INFO: ======= End AdmnGrps Repository ================  
[2023-06-23 09:54:18] AdmnGrpsRepository.INFO: ======= Start AdmnGrps Repository ================  
[2023-06-23 09:54:18] AdmnGrpsRepository.INFO: Input Data : {"decoded":{"sub":"1","id":"1","userName":"super admin","userGroup":"1","email":"superadmin@msense.in","hotelId":"4","brandId":"7","iat":1687513173,"exp":1687599573}}  
[2023-06-23 09:54:18] AdmnGrpModel.INFO: Query : CALL SP_GroupConfig('0', '0', 0, '', 
            1, '', 10, '0', 
            0, '', 'DESC', 'GETALL')  
[2023-06-23 09:54:18] AdmnGrpModel.INFO: Group List Avaliable Group list count : 30  
[2023-06-23 09:54:18] AdmnGrpsRepository.INFO: ======= End AdmnGrps Repository ================  
[2023-06-23 10:50:49] AdmnGrpsRepository.INFO: ======= Start AdmnGrps Repository ================  
[2023-06-23 10:50:49] AdmnGrpsRepository.INFO: Input Data : {"decoded":{"sub":"1","id":"1","userName":"super admin","userGroup":"1","email":"superadmin@msense.in","hotelId":"4","brandId":"7","iat":1687517373,"exp":1687603773}}  
[2023-06-23 10:50:49] AdmnGrpModel.INFO: Query : CALL SP_GroupConfig('0', '0', 0, '', 
            1, '', 10, '0', 
            0, '', 'DESC', 'GETALL')  
[2023-06-23 10:50:49] AdmnGrpModel.INFO: Group List Avaliable Group list count : 30  
[2023-06-23 10:50:49] AdmnGrpsRepository.INFO: ======= End AdmnGrps Repository ================  
[2023-06-23 10:50:51] AdmnGrpsRepository.INFO: ======= Start AdmnGrps Repository ================  
[2023-06-23 10:50:51] AdmnGrpsRepository.INFO: Input Data : {"decoded":{"sub":"1","id":"1","userName":"super admin","userGroup":"1","email":"superadmin@msense.in","hotelId":"4","brandId":"7","iat":1687517373,"exp":1687603773}}  
[2023-06-23 10:50:51] AdmnGrpModel.INFO: Query : CALL SP_GroupConfig('0', '0', 0, '', 
            1, '', 10, '0', 
            0, '', 'DESC', 'GETALL')  
[2023-06-23 10:50:51] AdmnGrpModel.INFO: Group List Avaliable Group list count : 30  
[2023-06-23 10:50:51] AdmnGrpsRepository.INFO: ======= End AdmnGrps Repository ================  
