[2023-06-23 04:44:00] LoginAction.INFO: ======= Start Login Action ================  
[2023-06-23 04:44:00] LoginAction.INFO: Input Data : {"email":"superadmin@msense.in","password":"1234567"}  
[2023-06-23 04:44:00] LoginAction.INFO: ======= Start Login Action ================  
[2023-06-23 04:44:00] LoginAction.INFO: Input Data : {"email":"superadmin@msense.in","password":"1234567"}  
[2023-06-23 04:44:00] LoginModel.INFO: Query : call SP_Doauth('superadmin@msense.in','QUwxT0hwRExsV2g4VXpFNkdocllPQT09')  
[2023-06-23 04:44:00] LoginModel.INFO: Query : call SP_Doauth('superadmin@msense.in','QUwxT0hwRExsV2g4VXpFNkdocllPQT09')  
[2023-06-23 04:44:00] LoginModel.INFO: User Data : {"username":"super admin","userGroup":"1","loginid":"1","email":"superadmin@msense.in","mobileno":"9677889090","designation":"Manage_rCate","hotelId":"4","brandId":"7"}  
[2023-06-23 04:44:00] LoginAction.INFO: ======= END Login Action ================  
[2023-06-23 04:44:00] LoginModel.INFO: User Data : {"username":"super admin","userGroup":"1","loginid":"1","email":"superadmin@msense.in","mobileno":"9677889090","designation":"Manage_rCate","hotelId":"4","brandId":"7"}  
[2023-06-23 04:44:00] LoginAction.INFO: ======= END Login Action ================  
[2023-06-23 05:31:16] LoginAction.INFO: ======= Start Login Action ================  
[2023-06-23 05:31:16] LoginAction.INFO: Input Data : {"email":"superadmin@msense.in","password":"1234567"}  
[2023-06-23 05:31:16] LoginModel.INFO: Query : call SP_Doauth('superadmin@msense.in','QUwxT0hwRExsV2g4VXpFNkdocllPQT09')  
[2023-06-23 05:31:16] LoginModel.INFO: User Data : {"username":"super admin","userGroup":"1","loginid":"1","email":"superadmin@msense.in","mobileno":"9677889090","designation":"Manage_rCate","hotelId":"4","brandId":"7"}  
[2023-06-23 05:31:16] LoginAction.INFO: ======= END Login Action ================  
[2023-06-23 05:42:22] LoginAction.INFO: ======= Start Login Action ================  
[2023-06-23 05:42:22] LoginAction.INFO: Input Data : {"email":"superadmin@msense.in","password":"1234567"}  
[2023-06-23 05:42:22] LoginModel.INFO: Query : call SP_Doauth('superadmin@msense.in','QUwxT0hwRExsV2g4VXpFNkdocllPQT09')  
[2023-06-23 05:42:22] LoginModel.INFO: User Data : {"username":"super admin","userGroup":"1","loginid":"1","email":"superadmin@msense.in","mobileno":"9677889090","designation":"Manage_rCate","hotelId":"4","brandId":"7"}  
[2023-06-23 05:42:22] LoginAction.INFO: ======= END Login Action ================  
[2023-06-23 06:06:35] LoginAction.INFO: ======= Start Login Action ================  
[2023-06-23 06:06:35] LoginAction.INFO: Input Data : {"email":"superadmin@msense.in","password":"1234567"}  
[2023-06-23 06:06:35] LoginModel.INFO: Query : call SP_Doauth('superadmin@msense.in','QUwxT0hwRExsV2g4VXpFNkdocllPQT09')  
[2023-06-23 06:06:35] LoginModel.INFO: User Data : {"username":"super admin","userGroup":"1","loginid":"1","email":"superadmin@msense.in","mobileno":"9677889090","designation":"Manage_rCate","hotelId":"4","brandId":"7"}  
[2023-06-23 06:06:35] LoginAction.INFO: ======= END Login Action ================  
[2023-06-23 06:45:01] LoginAction.INFO: ======= Start Login Action ================  
[2023-06-23 06:45:01] LoginAction.INFO: Input Data : {"email":"superadmin@msense.in","password":"1234567"}  
[2023-06-23 06:45:01] LoginModel.INFO: Query : call SP_Doauth('superadmin@msense.in','QUwxT0hwRExsV2g4VXpFNkdocllPQT09')  
[2023-06-23 06:45:01] LoginModel.INFO: User Data : {"username":"super admin","userGroup":"1","loginid":"1","email":"superadmin@msense.in","mobileno":"9677889090","designation":"Manage_rCate","hotelId":"4","brandId":"7"}  
[2023-06-23 06:45:01] LoginAction.INFO: ======= END Login Action ================  
[2023-06-23 06:55:41] LoginAction.INFO: ======= Start Login Action ================  
[2023-06-23 06:55:41] LoginAction.INFO: Input Data : {"email":"superadmin@msense.in","password":"1234567"}  
[2023-06-23 06:55:41] LoginModel.INFO: Query : call SP_Doauth('superadmin@msense.in','QUwxT0hwRExsV2g4VXpFNkdocllPQT09')  
[2023-06-23 06:55:41] LoginModel.INFO: User Data : {"username":"super admin","userGroup":"1","loginid":"1","email":"superadmin@msense.in","mobileno":"9677889090","designation":"Manage_rCate","hotelId":"4","brandId":"7"}  
[2023-06-23 06:55:41] LoginAction.INFO: ======= END Login Action ================  
[2023-06-23 06:56:28] LoginAction.INFO: ======= Start Login Action ================  
[2023-06-23 06:56:28] LoginAction.INFO: Input Data : {"email":"superadmin@msense.in","password":"1234567"}  
[2023-06-23 06:56:28] LoginModel.INFO: Query : call SP_Doauth('superadmin@msense.in','QUwxT0hwRExsV2g4VXpFNkdocllPQT09')  
[2023-06-23 06:56:28] LoginModel.INFO: User Data : {"username":"super admin","userGroup":"1","loginid":"1","email":"superadmin@msense.in","mobileno":"9677889090","designation":"Manage_rCate","hotelId":"4","brandId":"7"}  
[2023-06-23 06:56:28] LoginAction.INFO: ======= END Login Action ================  
[2023-06-23 06:57:35] LoginAction.INFO: ======= Start Login Action ================  
[2023-06-23 06:57:35] LoginAction.INFO: Input Data : {"email":"superadmin@msense.in","password":"1234567"}  
[2023-06-23 06:57:35] LoginModel.INFO: Query : call SP_Doauth('superadmin@msense.in','QUwxT0hwRExsV2g4VXpFNkdocllPQT09')  
[2023-06-23 06:57:35] LoginModel.INFO: User Data : {"username":"super admin","userGroup":"1","loginid":"1","email":"superadmin@msense.in","mobileno":"9677889090","designation":"Manage_rCate","hotelId":"4","brandId":"7"}  
[2023-06-23 06:57:35] LoginAction.INFO: ======= END Login Action ================  
[2023-06-23 07:01:04] LoginAction.INFO: ======= Start Login Action ================  
[2023-06-23 07:01:04] LoginAction.INFO: Input Data : {"email":"superadmin@msense.in","password":"1234567"}  
[2023-06-23 07:01:04] LoginModel.INFO: Query : call SP_Doauth('superadmin@msense.in','QUwxT0hwRExsV2g4VXpFNkdocllPQT09')  
[2023-06-23 07:01:04] LoginModel.INFO: User Data : {"username":"super admin","userGroup":"1","loginid":"1","email":"superadmin@msense.in","mobileno":"9677889090","designation":"Manage_rCate","hotelId":"4","brandId":"7"}  
[2023-06-23 07:01:04] LoginAction.INFO: ======= END Login Action ================  
[2023-06-23 07:05:33] LoginAction.INFO: ======= Start Login Action ================  
[2023-06-23 07:05:33] LoginAction.INFO: Input Data : {"email":"superadmin@msense.in","password":"1234567"}  
[2023-06-23 07:05:33] LoginModel.INFO: Query : call SP_Doauth('superadmin@msense.in','QUwxT0hwRExsV2g4VXpFNkdocllPQT09')  
[2023-06-23 07:05:33] LoginModel.INFO: User Data : {"username":"super admin","userGroup":"1","loginid":"1","email":"superadmin@msense.in","mobileno":"9677889090","designation":"Manage_rCate","hotelId":"4","brandId":"7"}  
[2023-06-23 07:05:33] LoginAction.INFO: ======= END Login Action ================  
[2023-06-23 07:23:33] LoginAction.INFO: ======= Start Login Action ================  
[2023-06-23 07:23:33] LoginAction.INFO: Input Data : {"email":"superadmin@msense.in","password":"1234567"}  
[2023-06-23 07:23:33] LoginModel.INFO: Query : call SP_Doauth('superadmin@msense.in','QUwxT0hwRExsV2g4VXpFNkdocllPQT09')  
[2023-06-23 07:23:33] LoginModel.INFO: User Data : {"username":"super admin","userGroup":"1","loginid":"1","email":"superadmin@msense.in","mobileno":"9677889090","designation":"Manage_rCate","hotelId":"4","brandId":"7"}  
[2023-06-23 07:23:33] LoginAction.INFO: ======= END Login Action ================  
[2023-06-23 07:32:48] LoginAction.INFO: ======= Start Login Action ================  
[2023-06-23 07:32:48] LoginAction.INFO: Input Data : {"email":"superadmin@msense.in","password":"1234567"}  
[2023-06-23 07:32:48] LoginModel.INFO: Query : call SP_Doauth('superadmin@msense.in','QUwxT0hwRExsV2g4VXpFNkdocllPQT09')  
[2023-06-23 07:32:48] LoginModel.INFO: User Data : {"username":"super admin","userGroup":"1","loginid":"1","email":"superadmin@msense.in","mobileno":"9677889090","designation":"Manage_rCate","hotelId":"4","brandId":"7"}  
[2023-06-23 07:32:48] LoginAction.INFO: ======= END Login Action ================  
[2023-06-23 08:32:36] LoginAction.INFO: ======= Start Login Action ================  
[2023-06-23 08:32:36] LoginAction.INFO: Input Data : {"email":"superadmin@msense.in","password":"1234567"}  
[2023-06-23 08:32:36] LoginModel.INFO: Query : call SP_Doauth('superadmin@msense.in','QUwxT0hwRExsV2g4VXpFNkdocllPQT09')  
[2023-06-23 08:32:36] LoginModel.INFO: User Data : {"username":"super admin","userGroup":"1","loginid":"1","email":"superadmin@msense.in","mobileno":"9677889090","designation":"Manage_rCate","hotelId":"4","brandId":"7"}  
[2023-06-23 08:32:36] LoginAction.INFO: ======= END Login Action ================  
[2023-06-23 09:39:33] LoginAction.INFO: ======= Start Login Action ================  
[2023-06-23 09:39:33] LoginAction.INFO: Input Data : {"email":"superadmin@msense.in","password":"1234567"}  
[2023-06-23 09:39:33] LoginModel.INFO: Query : call SP_Doauth('superadmin@msense.in','QUwxT0hwRExsV2g4VXpFNkdocllPQT09')  
[2023-06-23 09:39:33] LoginModel.INFO: User Data : {"username":"super admin","userGroup":"1","loginid":"1","email":"superadmin@msense.in","mobileno":"9677889090","designation":"Manage_rCate","hotelId":"4","brandId":"7"}  
[2023-06-23 09:39:33] LoginAction.INFO: ======= END Login Action ================  
[2023-06-23 10:49:33] LoginAction.INFO: ======= Start Login Action ================  
[2023-06-23 10:49:33] LoginAction.INFO: Input Data : {"email":"superadmin@msense.in","password":"1234567"}  
[2023-06-23 10:49:33] LoginModel.INFO: Query : call SP_Doauth('superadmin@msense.in','QUwxT0hwRExsV2g4VXpFNkdocllPQT09')  
[2023-06-23 10:49:33] LoginModel.INFO: User Data : {"username":"super admin","userGroup":"1","loginid":"1","email":"superadmin@msense.in","mobileno":"9677889090","designation":"Manage_rCate","hotelId":"4","brandId":"7"}  
[2023-06-23 10:49:33] LoginAction.INFO: ======= END Login Action ================  
