[2023-06-23 05:23:18] AdmnGrpsAction.INFO: ======= Start AdmnGrps Action (List) ================  
[2023-06-23 05:23:18] AdmnGrpsAction.INFO: method : POST  
[2023-06-23 05:23:18] AdmnGrpsAction.INFO: contentType : application/json  
[2023-06-23 05:23:18] AdmnGrpsAction.INFO: Input Data : {"decoded":{"sub":"1","id":"1","userName":"super admin","userGroup":"1","email":"superadmin@msense.in","hotelId":"4","brandId":"7","iat":1687495440,"exp":1687581840}}  
[2023-06-23 05:23:18] AdmnGrpsAction.INFO: ======= END AdmnGrps Action (List) ================  
[2023-06-23 05:39:06] AdmnGrpsAction.INFO: ======= Start AdmnGrps Action (List) ================  
[2023-06-23 05:39:06] AdmnGrpsAction.INFO: method : POST  
[2023-06-23 05:39:06] AdmnGrpsAction.INFO: contentType : application/json  
[2023-06-23 05:39:06] AdmnGrpsAction.INFO: Input Data : {"decoded":{"sub":"1","id":"1","userName":"super admin","userGroup":"1","email":"superadmin@msense.in","hotelId":"4","brandId":"7","iat":1687498276,"exp":1687584676}}  
[2023-06-23 05:39:06] AdmnGrpsAction.INFO: ======= END AdmnGrps Action (List) ================  
[2023-06-23 06:06:39] AdmnGrpsAction.INFO: ======= Start AdmnGrps Action (List) ================  
[2023-06-23 06:06:39] AdmnGrpsAction.INFO: method : POST  
[2023-06-23 06:06:39] AdmnGrpsAction.INFO: contentType : application/json  
[2023-06-23 06:06:39] AdmnGrpsAction.INFO: Input Data : {"decoded":{"sub":"1","id":"1","userName":"super admin","userGroup":"1","email":"superadmin@msense.in","hotelId":"4","brandId":"7","iat":1687500395,"exp":1687586795}}  
[2023-06-23 06:06:39] AdmnGrpsAction.INFO: ======= END AdmnGrps Action (List) ================  
[2023-06-23 08:34:51] AdmnGrpsAction.INFO: ======= Start AdmnGrps Action (List) ================  
[2023-06-23 08:34:51] AdmnGrpsAction.INFO: method : POST  
[2023-06-23 08:34:51] AdmnGrpsAction.INFO: contentType : application/json  
[2023-06-23 08:34:51] AdmnGrpsAction.INFO: Input Data : {"decoded":{"sub":"1","id":"1","userName":"super admin","userGroup":"1","email":"superadmin@msense.in","hotelId":"4","brandId":"7","iat":1687503933,"exp":1687590333}}  
[2023-06-23 08:34:51] AdmnGrpsAction.INFO: ======= END AdmnGrps Action (List) ================  
[2023-06-23 08:34:52] AdmnGrpsAction.INFO: ======= Start AdmnGrps Action (List) ================  
[2023-06-23 08:34:52] AdmnGrpsAction.INFO: method : POST  
[2023-06-23 08:34:52] AdmnGrpsAction.INFO: contentType : application/json  
[2023-06-23 08:34:52] AdmnGrpsAction.INFO: Input Data : {"decoded":{"sub":"1","id":"1","userName":"super admin","userGroup":"1","email":"superadmin@msense.in","hotelId":"4","brandId":"7","iat":1687503933,"exp":1687590333}}  
[2023-06-23 08:34:52] AdmnGrpsAction.INFO: ======= END AdmnGrps Action (List) ================  
[2023-06-23 09:54:18] AdmnGrpsAction.INFO: ======= Start AdmnGrps Action (List) ================  
[2023-06-23 09:54:18] AdmnGrpsAction.INFO: method : POST  
[2023-06-23 09:54:18] AdmnGrpsAction.INFO: contentType : application/json  
[2023-06-23 09:54:18] AdmnGrpsAction.INFO: Input Data : {"decoded":{"sub":"1","id":"1","userName":"super admin","userGroup":"1","email":"superadmin@msense.in","hotelId":"4","brandId":"7","iat":1687513173,"exp":1687599573}}  
[2023-06-23 09:54:18] AdmnGrpsAction.INFO: ======= END AdmnGrps Action (List) ================  
[2023-06-23 10:50:49] AdmnGrpsAction.INFO: ======= Start AdmnGrps Action (List) ================  
[2023-06-23 10:50:49] AdmnGrpsAction.INFO: method : POST  
[2023-06-23 10:50:49] AdmnGrpsAction.INFO: contentType : application/json  
[2023-06-23 10:50:49] AdmnGrpsAction.INFO: Input Data : {"decoded":{"sub":"1","id":"1","userName":"super admin","userGroup":"1","email":"superadmin@msense.in","hotelId":"4","brandId":"7","iat":1687517373,"exp":1687603773}}  
[2023-06-23 10:50:49] AdmnGrpsAction.INFO: ======= END AdmnGrps Action (List) ================  
[2023-06-23 10:50:51] AdmnGrpsAction.INFO: ======= Start AdmnGrps Action (List) ================  
[2023-06-23 10:50:51] AdmnGrpsAction.INFO: method : POST  
[2023-06-23 10:50:51] AdmnGrpsAction.INFO: contentType : application/json  
[2023-06-23 10:50:51] AdmnGrpsAction.INFO: Input Data : {"decoded":{"sub":"1","id":"1","userName":"super admin","userGroup":"1","email":"superadmin@msense.in","hotelId":"4","brandId":"7","iat":1687517373,"exp":1687603773}}  
[2023-06-23 10:50:51] AdmnGrpsAction.INFO: ======= END AdmnGrps Action (List) ================  
