[2023-06-23 05:32:50] CategoryAction.INFO: ======= Start Category Action (Single One) ================  
[2023-06-23 05:32:50] CategoryAction.INFO: method : POST  
[2023-06-23 05:32:50] CategoryAction.INFO: contentType : application/json  
[2023-06-23 05:32:50] CategoryAction.INFO: Input Data : {"decoded":{"sub":"1","id":"1","userName":"super admin","userGroup":"1","email":"superadmin@msense.in","hotelId":"4","brandId":"7","iat":1687498276,"exp":1687584676}}  
[2023-06-23 05:32:50] CategoryAction.INFO: ======= END Channel Action (CREATE) ================  
[2023-06-23 05:57:38] CategoryAction.INFO: ======= Start Category Action (Single One) ================  
[2023-06-23 05:57:38] CategoryAction.INFO: method : POST  
[2023-06-23 05:57:38] CategoryAction.INFO: contentType : application/json  
[2023-06-23 05:57:38] CategoryAction.INFO: Input Data : {"decoded":{"sub":"1","id":"1","userName":"super admin","userGroup":"1","email":"superadmin@msense.in","hotelId":"4","brandId":"7","iat":1687498276,"exp":1687584676}}  
[2023-06-23 05:57:38] CategoryAction.INFO: ======= END Channel Action (CREATE) ================  
[2023-06-23 05:57:49] CategoryAction.INFO: ======= Start Category Action (Single One) ================  
[2023-06-23 05:57:49] CategoryAction.INFO: method : POST  
[2023-06-23 05:57:49] CategoryAction.INFO: contentType : application/json  
[2023-06-23 05:57:49] CategoryAction.INFO: Input Data : {"decoded":{"sub":"1","id":"1","userName":"super admin","userGroup":"1","email":"superadmin@msense.in","hotelId":"4","brandId":"7","iat":1687498276,"exp":1687584676}}  
[2023-06-23 05:57:49] CategoryAction.INFO: ======= END Channel Action (CREATE) ================  
[2023-06-23 08:34:54] CategoryAction.INFO: ======= Start Category Action (Single One) ================  
[2023-06-23 08:34:54] CategoryAction.INFO: method : POST  
[2023-06-23 08:34:54] CategoryAction.INFO: contentType : application/json  
[2023-06-23 08:34:54] CategoryAction.INFO: Input Data : {"decoded":{"sub":"1","id":"1","userName":"super admin","userGroup":"1","email":"superadmin@msense.in","hotelId":"4","brandId":"7","iat":1687503933,"exp":1687590333}}  
[2023-06-23 08:34:54] CategoryAction.INFO: ======= END Channel Action (CREATE) ================  
[2023-06-23 10:49:51] CategoryAction.INFO: ======= Start Category Action (Single One) ================  
[2023-06-23 10:49:51] CategoryAction.INFO: method : POST  
[2023-06-23 10:49:51] CategoryAction.INFO: contentType : application/json  
[2023-06-23 10:49:51] CategoryAction.INFO: Input Data : {"decoded":{"sub":"1","id":"1","userName":"super admin","userGroup":"1","email":"superadmin@msense.in","hotelId":"4","brandId":"7","iat":1687517373,"exp":1687603773}}  
[2023-06-23 10:49:51] CategoryAction.INFO: ======= END Channel Action (CREATE) ================  
[2023-06-23 10:53:33] CategoryAction.INFO: ======= Start Category Action (Single One) ================  
[2023-06-23 10:53:33] CategoryAction.INFO: method : POST  
[2023-06-23 10:53:33] CategoryAction.INFO: contentType : application/json  
[2023-06-23 10:53:33] CategoryAction.INFO: Input Data : {"decoded":{"sub":"1","id":"1","userName":"super admin","userGroup":"1","email":"superadmin@msense.in","hotelId":"4","brandId":"7","iat":1687517373,"exp":1687603773}}  
[2023-06-23 10:53:33] CategoryAction.INFO: ======= END Channel Action (CREATE) ================  
