[2023-06-23 04:50:34] Hotelmodel.INFO: Query : call SP_AddandEditCustomer('VIEW','','','','','','',7,0,0)  
[2023-06-23 04:51:53] Hotelmodel.INFO: Query : call SP_AddandEditCustomer('VIEW','','','','','','',7,0,0)  
[2023-06-23 04:55:42] Hotelmodel.INFO: Query : call SP_AddandEditCustomer('VIEW','','','','','','',7,0,0)  
[2023-06-23 04:57:44] Hotelmodel.INFO: Query : call SP_AddandEditCustomer('VIEW','','','','','','',7,0,0)  
[2023-06-23 05:01:10] Hotelmodel.INFO: Query : call SP_AddandEditCustomer('VIEW','','','','','','',7,0,0)  
[2023-06-23 05:02:31] Hotelmodel.INFO: Query : call SP_AddandEditCustomer('VIEW','','','','','','',7,0,0)  
[2023-06-23 05:15:03] Hotelmodel.INFO: Query : call SP_AddandEditCustomer('VIEW','','','','','','',7,0,0)  
[2023-06-23 05:23:16] Hotelmodel.INFO: Query : call SP_AddandEditCustomer('VIEW','','','','','','',7,0,0)  
[2023-06-23 05:31:22] Hotelmodel.INFO: Query : call SP_AddandEditCustomer('VIEW','','','','','','',7,0,0)  
[2023-06-23 05:31:26] Hotelmodel.INFO: Query : call SP_AddandEditCustomer('VIEW','','','','','','',7,0,0)  
[2023-06-23 05:35:31] Hotelmodel.INFO: Query : call SP_AddandEditCustomer('VIEW','','','','','','',7,0,0)  
[2023-06-23 05:37:26] Hotelmodel.INFO: Query : call SP_AddandEditCustomer('VIEW','','','','','','',7,0,0)  
[2023-06-23 05:38:03] Hotelmodel.INFO: Query : call SP_AddandEditCustomer('GETONE','','','','','','','0',12,1)  
[2023-06-23 05:38:31] Hotelmodel.INFO: Query : call SP_AddandEditCustomer('VIEW','','','','','','',7,0,0)  
[2023-06-23 05:42:26] Hotelmodel.INFO: Query : call SP_AddandEditCustomer('VIEW','','','','','','',7,0,0)  
[2023-06-23 05:57:56] Hotelmodel.INFO: Query : call SP_AddandEditCustomer('VIEW','','','','','','',7,0,0)  
[2023-06-23 07:13:42] Hotelmodel.INFO: Query : call SP_AddandEditCustomer('VIEW','','','','','','',7,0,0)  
[2023-06-23 07:23:13] Hotelmodel.INFO: Query : call SP_AddandEditCustomer('VIEW','','','','','','',7,0,0)  
[2023-06-23 08:32:39] Hotelmodel.INFO: Query : call SP_AddandEditCustomer('VIEW','','','','','','',7,0,0)  
[2023-06-23 08:32:59] Hotelmodel.INFO: Query : call SP_AddandEditCustomer('ADD','test','tests','teste','tt@tt.com','90','test',6,'0',1)  
[2023-06-23 08:32:59] Hotelmodel.INFO: Query : call SP_AddandEditCustomer('VIEW','','','','','','',7,0,0)  
[2023-06-23 08:33:04] Hotelmodel.INFO: Query : call SP_AddandEditCustomer('GETONE','','','','','','','0',13,1)  
[2023-06-23 08:33:23] Hotelmodel.INFO: Query : call SP_AddandEditCustomer('UPDATE','test','tests','teste','tt@tt.com','90','test',7,13,1)  
[2023-06-23 08:33:23] Hotelmodel.INFO: Query : call SP_AddandEditCustomer('VIEW','','','','','','',7,0,0)  
[2023-06-23 08:33:26] Hotelmodel.INFO: Query : call SP_AddandEditCustomer('GETONE','','','','','','','0',13,1)  
[2023-06-23 08:33:34] Hotelmodel.INFO: Query : call SP_AddandEditCustomer('DELETE','','','','','','',0,13,1)  
[2023-06-23 08:33:34] Hotelmodel.INFO: Query : call SP_AddandEditCustomer('VIEW','','','','','','',7,0,0)  
[2023-06-23 08:34:48] Hotelmodel.INFO: Query : call SP_AddandEditCustomer('VIEW','','','','','','',7,0,0)  
[2023-06-23 08:35:01] Hotelmodel.INFO: Query : call SP_AddandEditCustomer('VIEW','','','','','','',7,0,0)  
[2023-06-23 09:02:42] Hotelmodel.INFO: Query : call SP_AddandEditCustomer('VIEW','','','','','','',7,0,0)  
[2023-06-23 09:38:17] Hotelmodel.INFO: Query : call SP_AddandEditCustomer('VIEW','','','','','','',7,0,0)  
[2023-06-23 09:42:55] Hotelmodel.INFO: Query : call SP_AddandEditCustomer('VIEW','','','','','','',7,0,0)  
[2023-06-23 09:54:55] Hotelmodel.INFO: Query : call SP_AddandEditCustomer('VIEW','','','','','','',7,0,0)  
[2023-06-23 09:57:00] Hotelmodel.INFO: Query : call SP_AddandEditCustomer('VIEW','','','','','','',7,0,0)  
[2023-06-23 10:50:47] Hotelmodel.INFO: Query : call SP_AddandEditCustomer('VIEW','','','','','','',7,0,0)  
[2023-06-23 10:55:13] Hotelmodel.INFO: Query : call SP_AddandEditCustomer('VIEW','','','','','','',7,0,0)  
[2023-06-23 11:02:11] Hotelmodel.INFO: Query : call SP_AddandEditCustomer('VIEW','','','','','','',7,0,0)  
