[2023-06-23 04:50:34] HotelAction.INFO: ======= Start Hotel Action (List) ================  
[2023-06-23 04:50:34] HotelAction.INFO: method : POST  
[2023-06-23 04:50:34] HotelAction.INFO: contentType : application/json  
[2023-06-23 04:50:34] HotelAction.INFO: Input Data : {"decoded":{"sub":"1","id":"1","userName":"super admin","userGroup":"1","email":"superadmin@msense.in","hotelId":"4","brandId":"7","iat":1687495440,"exp":1687581840}}  
[2023-06-23 04:50:34] HotelAction.INFO: ======= END Hotel Action (List) ================  
[2023-06-23 04:51:53] HotelAction.INFO: ======= Start Hotel Action (List) ================  
[2023-06-23 04:51:53] HotelAction.INFO: method : POST  
[2023-06-23 04:51:53] HotelAction.INFO: contentType : application/json  
[2023-06-23 04:51:53] HotelAction.INFO: Input Data : {"decoded":{"sub":"1","id":"1","userName":"super admin","userGroup":"1","email":"superadmin@msense.in","hotelId":"4","brandId":"7","iat":1687495440,"exp":1687581840}}  
[2023-06-23 04:51:53] HotelAction.INFO: ======= END Hotel Action (List) ================  
[2023-06-23 04:55:42] HotelAction.INFO: ======= Start Hotel Action (List) ================  
[2023-06-23 04:55:42] HotelAction.INFO: method : POST  
[2023-06-23 04:55:42] HotelAction.INFO: contentType : application/json  
[2023-06-23 04:55:42] HotelAction.INFO: Input Data : {"decoded":{"sub":"1","id":"1","userName":"super admin","userGroup":"1","email":"superadmin@msense.in","hotelId":"4","brandId":"7","iat":1687495440,"exp":1687581840}}  
[2023-06-23 04:55:42] HotelAction.INFO: ======= END Hotel Action (List) ================  
[2023-06-23 04:57:44] HotelAction.INFO: ======= Start Hotel Action (List) ================  
[2023-06-23 04:57:44] HotelAction.INFO: method : POST  
[2023-06-23 04:57:44] HotelAction.INFO: contentType : application/json  
[2023-06-23 04:57:44] HotelAction.INFO: Input Data : {"decoded":{"sub":"1","id":"1","userName":"super admin","userGroup":"1","email":"superadmin@msense.in","hotelId":"4","brandId":"7","iat":1687495440,"exp":1687581840}}  
[2023-06-23 04:57:44] HotelAction.INFO: ======= END Hotel Action (List) ================  
[2023-06-23 05:01:10] HotelAction.INFO: ======= Start Hotel Action (List) ================  
[2023-06-23 05:01:10] HotelAction.INFO: method : POST  
[2023-06-23 05:01:10] HotelAction.INFO: contentType : application/json  
[2023-06-23 05:01:10] HotelAction.INFO: Input Data : {"decoded":{"sub":"1","id":"1","userName":"super admin","userGroup":"1","email":"superadmin@msense.in","hotelId":"4","brandId":"7","iat":1687495440,"exp":1687581840}}  
[2023-06-23 05:01:10] HotelAction.INFO: ======= END Hotel Action (List) ================  
[2023-06-23 05:02:31] HotelAction.INFO: ======= Start Hotel Action (List) ================  
[2023-06-23 05:02:31] HotelAction.INFO: method : POST  
[2023-06-23 05:02:31] HotelAction.INFO: contentType : application/json  
[2023-06-23 05:02:31] HotelAction.INFO: Input Data : {"decoded":{"sub":"1","id":"1","userName":"super admin","userGroup":"1","email":"superadmin@msense.in","hotelId":"4","brandId":"7","iat":1687495440,"exp":1687581840}}  
[2023-06-23 05:02:31] HotelAction.INFO: ======= END Hotel Action (List) ================  
[2023-06-23 05:15:03] HotelAction.INFO: ======= Start Hotel Action (List) ================  
[2023-06-23 05:15:03] HotelAction.INFO: method : POST  
[2023-06-23 05:15:03] HotelAction.INFO: contentType : application/json  
[2023-06-23 05:15:03] HotelAction.INFO: Input Data : {"decoded":{"sub":"1","id":"1","userName":"super admin","userGroup":"1","email":"superadmin@msense.in","hotelId":"4","brandId":"7","iat":1687495440,"exp":1687581840}}  
[2023-06-23 05:15:03] HotelAction.INFO: ======= END Hotel Action (List) ================  
[2023-06-23 05:23:16] HotelAction.INFO: ======= Start Hotel Action (List) ================  
[2023-06-23 05:23:16] HotelAction.INFO: method : POST  
[2023-06-23 05:23:16] HotelAction.INFO: contentType : application/json  
[2023-06-23 05:23:16] HotelAction.INFO: Input Data : {"decoded":{"sub":"1","id":"1","userName":"super admin","userGroup":"1","email":"superadmin@msense.in","hotelId":"4","brandId":"7","iat":1687495440,"exp":1687581840}}  
[2023-06-23 05:23:16] HotelAction.INFO: ======= END Hotel Action (List) ================  
[2023-06-23 05:31:22] HotelAction.INFO: ======= Start Hotel Action (List) ================  
[2023-06-23 05:31:22] HotelAction.INFO: method : POST  
[2023-06-23 05:31:22] HotelAction.INFO: contentType : application/json  
[2023-06-23 05:31:22] HotelAction.INFO: Input Data : {"decoded":{"sub":"1","id":"1","userName":"super admin","userGroup":"1","email":"superadmin@msense.in","hotelId":"4","brandId":"7","iat":1687498276,"exp":1687584676}}  
[2023-06-23 05:31:22] HotelAction.INFO: ======= END Hotel Action (List) ================  
[2023-06-23 05:31:26] HotelAction.INFO: ======= Start Hotel Action (List) ================  
[2023-06-23 05:31:26] HotelAction.INFO: method : POST  
[2023-06-23 05:31:26] HotelAction.INFO: contentType : application/json  
[2023-06-23 05:31:26] HotelAction.INFO: Input Data : {"decoded":{"sub":"1","id":"1","userName":"super admin","userGroup":"1","email":"superadmin@msense.in","hotelId":"4","brandId":"7","iat":1687498276,"exp":1687584676}}  
[2023-06-23 05:31:26] HotelAction.INFO: ======= END Hotel Action (List) ================  
[2023-06-23 05:35:31] HotelAction.INFO: ======= Start Hotel Action (List) ================  
[2023-06-23 05:35:31] HotelAction.INFO: method : POST  
[2023-06-23 05:35:31] HotelAction.INFO: contentType : application/json  
[2023-06-23 05:35:31] HotelAction.INFO: Input Data : {"decoded":{"sub":"1","id":"1","userName":"super admin","userGroup":"1","email":"superadmin@msense.in","hotelId":"4","brandId":"7","iat":1687498276,"exp":1687584676}}  
[2023-06-23 05:35:31] HotelAction.INFO: ======= END Hotel Action (List) ================  
[2023-06-23 05:37:26] HotelAction.INFO: ======= Start Hotel Action (List) ================  
[2023-06-23 05:37:26] HotelAction.INFO: method : POST  
[2023-06-23 05:37:26] HotelAction.INFO: contentType : application/json  
[2023-06-23 05:37:26] HotelAction.INFO: Input Data : {"decoded":{"sub":"1","id":"1","userName":"super admin","userGroup":"1","email":"superadmin@msense.in","hotelId":"4","brandId":"7","iat":1687498276,"exp":1687584676}}  
[2023-06-23 05:37:26] HotelAction.INFO: ======= END Hotel Action (List) ================  
[2023-06-23 05:38:03] HotelAction.INFO: ======= Start Hotel Action (Single One) ================  
[2023-06-23 05:38:03] HotelAction.INFO: method : GET  
[2023-06-23 05:38:03] HotelAction.INFO: contentType : application/json  
[2023-06-23 05:38:03] HotelAction.INFO: Input Data : {"decoded":{"sub":"1","id":"1","userName":"super admin","userGroup":"1","email":"superadmin@msense.in","hotelId":"4","brandId":"7","iat":1687498276,"exp":1687584676}}  
[2023-06-23 05:38:03] HotelAction.INFO: group id : 12  
[2023-06-23 05:38:03] HotelAction.INFO: ======= END Hotel Action (Single One) ================  
[2023-06-23 05:38:31] HotelAction.INFO: ======= Start Hotel Action (List) ================  
[2023-06-23 05:38:31] HotelAction.INFO: method : POST  
[2023-06-23 05:38:31] HotelAction.INFO: contentType : application/json  
[2023-06-23 05:38:31] HotelAction.INFO: Input Data : {"decoded":{"sub":"1","id":"1","userName":"super admin","userGroup":"1","email":"superadmin@msense.in","hotelId":"4","brandId":"7","iat":1687498276,"exp":1687584676}}  
[2023-06-23 05:38:31] HotelAction.INFO: ======= END Hotel Action (List) ================  
[2023-06-23 05:42:26] HotelAction.INFO: ======= Start Hotel Action (List) ================  
[2023-06-23 05:42:26] HotelAction.INFO: method : POST  
[2023-06-23 05:42:26] HotelAction.INFO: contentType : application/json  
[2023-06-23 05:42:26] HotelAction.INFO: Input Data : {"decoded":{"sub":"1","id":"1","userName":"super admin","userGroup":"1","email":"superadmin@msense.in","hotelId":"4","brandId":"7","iat":1687498942,"exp":1687585342}}  
[2023-06-23 05:42:26] HotelAction.INFO: ======= END Hotel Action (List) ================  
[2023-06-23 05:57:56] HotelAction.INFO: ======= Start Hotel Action (List) ================  
[2023-06-23 05:57:56] HotelAction.INFO: method : POST  
[2023-06-23 05:57:56] HotelAction.INFO: contentType : application/json  
[2023-06-23 05:57:56] HotelAction.INFO: Input Data : {"decoded":{"sub":"1","id":"1","userName":"super admin","userGroup":"1","email":"superadmin@msense.in","hotelId":"4","brandId":"7","iat":1687498276,"exp":1687584676}}  
[2023-06-23 05:57:56] HotelAction.INFO: ======= END Hotel Action (List) ================  
[2023-06-23 07:13:42] HotelAction.INFO: ======= Start Hotel Action (List) ================  
[2023-06-23 07:13:42] HotelAction.INFO: method : POST  
[2023-06-23 07:13:42] HotelAction.INFO: contentType : application/json  
[2023-06-23 07:13:42] HotelAction.INFO: Input Data : {"decoded":{"sub":"1","id":"1","userName":"super admin","userGroup":"1","email":"superadmin@msense.in","hotelId":"4","brandId":"7","iat":1687503933,"exp":1687590333}}  
[2023-06-23 07:13:42] HotelAction.INFO: ======= END Hotel Action (List) ================  
[2023-06-23 07:23:13] HotelAction.INFO: ======= Start Hotel Action (List) ================  
[2023-06-23 07:23:13] HotelAction.INFO: method : POST  
[2023-06-23 07:23:13] HotelAction.INFO: contentType : application/json  
[2023-06-23 07:23:13] HotelAction.INFO: Input Data : {"decoded":{"sub":"1","id":"1","userName":"super admin","userGroup":"1","email":"superadmin@msense.in","hotelId":"4","brandId":"7","iat":1687503933,"exp":1687590333}}  
[2023-06-23 07:23:13] HotelAction.INFO: ======= END Hotel Action (List) ================  
[2023-06-23 08:32:39] HotelAction.INFO: ======= Start Hotel Action (List) ================  
[2023-06-23 08:32:39] HotelAction.INFO: method : POST  
[2023-06-23 08:32:39] HotelAction.INFO: contentType : application/json  
[2023-06-23 08:32:39] HotelAction.INFO: Input Data : {"decoded":{"sub":"1","id":"1","userName":"super admin","userGroup":"1","email":"superadmin@msense.in","hotelId":"4","brandId":"7","iat":1687509156,"exp":1687595556}}  
[2023-06-23 08:32:39] HotelAction.INFO: ======= END Hotel Action (List) ================  
[2023-06-23 08:32:59] HotelAction.INFO: ======= Start Hotel Action (CREATE) ================  
[2023-06-23 08:32:59] HotelAction.INFO: method : POST  
[2023-06-23 08:32:59] HotelAction.INFO: contentType : application/json  
[2023-06-23 08:32:59] HotelAction.INFO: Input Data : {"brandid":"6","hotelname":"test","location":"tests","spocname":"teste","email":"tt@tt.com","mobileno":"90","address":"test","decoded":{"sub":"1","id":"1","userName":"super admin","userGroup":"1","email":"superadmin@msense.in","hotelId":"4","brandId":"7","iat":1687509156,"exp":1687595556}}  
[2023-06-23 08:32:59] HotelAction.INFO: Insert Status : {"msg":"Customer Added SuccessFully","status":"Success"}  
[2023-06-23 08:32:59] HotelAction.INFO: ======= END Hotel Action (CREATE) ================  
[2023-06-23 08:32:59] HotelAction.INFO: ======= Start Hotel Action (List) ================  
[2023-06-23 08:32:59] HotelAction.INFO: method : POST  
[2023-06-23 08:32:59] HotelAction.INFO: contentType : application/json  
[2023-06-23 08:32:59] HotelAction.INFO: Input Data : {"decoded":{"sub":"1","id":"1","userName":"super admin","userGroup":"1","email":"superadmin@msense.in","hotelId":"4","brandId":"7","iat":1687509156,"exp":1687595556}}  
[2023-06-23 08:32:59] HotelAction.INFO: ======= END Hotel Action (List) ================  
[2023-06-23 08:33:04] HotelAction.INFO: ======= Start Hotel Action (Single One) ================  
[2023-06-23 08:33:04] HotelAction.INFO: method : GET  
[2023-06-23 08:33:04] HotelAction.INFO: contentType : application/json  
[2023-06-23 08:33:04] HotelAction.INFO: Input Data : {"decoded":{"sub":"1","id":"1","userName":"super admin","userGroup":"1","email":"superadmin@msense.in","hotelId":"4","brandId":"7","iat":1687509156,"exp":1687595556}}  
[2023-06-23 08:33:04] HotelAction.INFO: group id : 13  
[2023-06-23 08:33:04] HotelAction.INFO: ======= END Hotel Action (Single One) ================  
[2023-06-23 08:33:23] HotelAction.INFO: ======= Start Hotel Action (UPDATE) ================  
[2023-06-23 08:33:23] HotelAction.INFO: method : PUT  
[2023-06-23 08:33:23] HotelAction.INFO: contentType : application/json  
[2023-06-23 08:33:23] HotelAction.INFO: Input Data : {"brandid":"7","hotelname":"test","location":"tests","spocname":"teste","email":"tt@tt.com","mobileno":"90","address":"test","decoded":{"sub":"1","id":"1","userName":"super admin","userGroup":"1","email":"superadmin@msense.in","hotelId":"4","brandId":"7","iat":1687509156,"exp":1687595556}}  
[2023-06-23 08:33:23] HotelAction.INFO: group id : 13  
[2023-06-23 08:33:23] HotelAction.INFO: Insert Status : {"msg":"Customer Updated SuccessFully","status":"Success"}  
[2023-06-23 08:33:23] HotelAction.INFO: ======= END Hotel Action (UPDATE) ================  
[2023-06-23 08:33:23] HotelAction.INFO: ======= Start Hotel Action (List) ================  
[2023-06-23 08:33:23] HotelAction.INFO: method : POST  
[2023-06-23 08:33:23] HotelAction.INFO: contentType : application/json  
[2023-06-23 08:33:23] HotelAction.INFO: Input Data : {"decoded":{"sub":"1","id":"1","userName":"super admin","userGroup":"1","email":"superadmin@msense.in","hotelId":"4","brandId":"7","iat":1687509156,"exp":1687595556}}  
[2023-06-23 08:33:23] HotelAction.INFO: ======= END Hotel Action (List) ================  
[2023-06-23 08:33:26] HotelAction.INFO: ======= Start Hotel Action (Single One) ================  
[2023-06-23 08:33:26] HotelAction.INFO: method : GET  
[2023-06-23 08:33:26] HotelAction.INFO: contentType : application/json  
[2023-06-23 08:33:26] HotelAction.INFO: Input Data : {"decoded":{"sub":"1","id":"1","userName":"super admin","userGroup":"1","email":"superadmin@msense.in","hotelId":"4","brandId":"7","iat":1687509156,"exp":1687595556}}  
[2023-06-23 08:33:26] HotelAction.INFO: group id : 13  
[2023-06-23 08:33:26] HotelAction.INFO: ======= END Hotel Action (Single One) ================  
[2023-06-23 08:33:34] HotelAction.INFO: ======= Start Hotel Action (DELETE) ================  
[2023-06-23 08:33:34] HotelAction.INFO: method : DELETE  
[2023-06-23 08:33:34] HotelAction.INFO: contentType : application/json  
[2023-06-23 08:33:34] HotelAction.INFO: Input Data : {"decoded":{"sub":"1","id":"1","userName":"super admin","userGroup":"1","email":"superadmin@msense.in","hotelId":"4","brandId":"7","iat":1687509156,"exp":1687595556}}  
[2023-06-23 08:33:34] HotelAction.INFO: group id : 13  
[2023-06-23 08:33:34] HotelAction.INFO: Insert Status : {"msg":"Customer Removed Successfully","status":"Success"}  
[2023-06-23 08:33:34] HotelAction.INFO: ======= END Hotel Action (DELETE) ================  
[2023-06-23 08:33:34] HotelAction.INFO: ======= Start Hotel Action (List) ================  
[2023-06-23 08:33:34] HotelAction.INFO: method : POST  
[2023-06-23 08:33:34] HotelAction.INFO: contentType : application/json  
[2023-06-23 08:33:34] HotelAction.INFO: Input Data : {"decoded":{"sub":"1","id":"1","userName":"super admin","userGroup":"1","email":"superadmin@msense.in","hotelId":"4","brandId":"7","iat":1687509156,"exp":1687595556}}  
[2023-06-23 08:33:34] HotelAction.INFO: ======= END Hotel Action (List) ================  
[2023-06-23 08:34:48] HotelAction.INFO: ======= Start Hotel Action (List) ================  
[2023-06-23 08:34:48] HotelAction.INFO: method : POST  
[2023-06-23 08:34:48] HotelAction.INFO: contentType : application/json  
[2023-06-23 08:34:48] HotelAction.INFO: Input Data : {"decoded":{"sub":"1","id":"1","userName":"super admin","userGroup":"1","email":"superadmin@msense.in","hotelId":"4","brandId":"7","iat":1687503933,"exp":1687590333}}  
[2023-06-23 08:34:48] HotelAction.INFO: ======= END Hotel Action (List) ================  
[2023-06-23 08:35:01] HotelAction.INFO: ======= Start Hotel Action (List) ================  
[2023-06-23 08:35:01] HotelAction.INFO: method : POST  
[2023-06-23 08:35:01] HotelAction.INFO: contentType : application/json  
[2023-06-23 08:35:01] HotelAction.INFO: Input Data : {"decoded":{"sub":"1","id":"1","userName":"super admin","userGroup":"1","email":"superadmin@msense.in","hotelId":"4","brandId":"7","iat":1687503933,"exp":1687590333}}  
[2023-06-23 08:35:01] HotelAction.INFO: ======= END Hotel Action (List) ================  
[2023-06-23 09:02:42] HotelAction.INFO: ======= Start Hotel Action (List) ================  
[2023-06-23 09:02:42] HotelAction.INFO: method : POST  
[2023-06-23 09:02:42] HotelAction.INFO: contentType : application/json  
[2023-06-23 09:02:42] HotelAction.INFO: Input Data : {"decoded":{"sub":"1","id":"1","userName":"super admin","userGroup":"1","email":"superadmin@msense.in","hotelId":"4","brandId":"7","iat":1687503933,"exp":1687590333}}  
[2023-06-23 09:02:42] HotelAction.INFO: ======= END Hotel Action (List) ================  
[2023-06-23 09:38:17] HotelAction.INFO: ======= Start Hotel Action (List) ================  
[2023-06-23 09:38:17] HotelAction.INFO: method : POST  
[2023-06-23 09:38:17] HotelAction.INFO: contentType : application/json  
[2023-06-23 09:38:17] HotelAction.INFO: Input Data : {"decoded":{"sub":"1","id":"1","userName":"super admin","userGroup":"1","email":"superadmin@msense.in","hotelId":"4","brandId":"7","iat":1687503933,"exp":1687590333}}  
[2023-06-23 09:38:17] HotelAction.INFO: ======= END Hotel Action (List) ================  
[2023-06-23 09:42:55] HotelAction.INFO: ======= Start Hotel Action (List) ================  
[2023-06-23 09:42:55] HotelAction.INFO: method : POST  
[2023-06-23 09:42:55] HotelAction.INFO: contentType : application/json  
[2023-06-23 09:42:55] HotelAction.INFO: Input Data : {"decoded":{"sub":"1","id":"1","userName":"super admin","userGroup":"1","email":"superadmin@msense.in","hotelId":"4","brandId":"7","iat":1687503933,"exp":1687590333}}  
[2023-06-23 09:42:55] HotelAction.INFO: ======= END Hotel Action (List) ================  
[2023-06-23 09:54:55] HotelAction.INFO: ======= Start Hotel Action (List) ================  
[2023-06-23 09:54:55] HotelAction.INFO: method : POST  
[2023-06-23 09:54:55] HotelAction.INFO: contentType : application/json  
[2023-06-23 09:54:55] HotelAction.INFO: Input Data : {"decoded":{"sub":"1","id":"1","userName":"super admin","userGroup":"1","email":"superadmin@msense.in","hotelId":"4","brandId":"7","iat":1687513173,"exp":1687599573}}  
[2023-06-23 09:54:55] HotelAction.INFO: ======= END Hotel Action (List) ================  
[2023-06-23 09:57:00] HotelAction.INFO: ======= Start Hotel Action (List) ================  
[2023-06-23 09:57:00] HotelAction.INFO: method : POST  
[2023-06-23 09:57:00] HotelAction.INFO: contentType : application/json  
[2023-06-23 09:57:00] HotelAction.INFO: Input Data : {"decoded":{"sub":"1","id":"1","userName":"super admin","userGroup":"1","email":"superadmin@msense.in","hotelId":"4","brandId":"7","iat":1687513173,"exp":1687599573}}  
[2023-06-23 09:57:00] HotelAction.INFO: ======= END Hotel Action (List) ================  
[2023-06-23 10:50:47] HotelAction.INFO: ======= Start Hotel Action (List) ================  
[2023-06-23 10:50:47] HotelAction.INFO: method : POST  
[2023-06-23 10:50:47] HotelAction.INFO: contentType : application/json  
[2023-06-23 10:50:47] HotelAction.INFO: Input Data : {"decoded":{"sub":"1","id":"1","userName":"super admin","userGroup":"1","email":"superadmin@msense.in","hotelId":"4","brandId":"7","iat":1687517373,"exp":1687603773}}  
[2023-06-23 10:50:47] HotelAction.INFO: ======= END Hotel Action (List) ================  
[2023-06-23 10:55:13] HotelAction.INFO: ======= Start Hotel Action (List) ================  
[2023-06-23 10:55:13] HotelAction.INFO: method : POST  
[2023-06-23 10:55:13] HotelAction.INFO: contentType : application/json  
[2023-06-23 10:55:13] HotelAction.INFO: Input Data : {"decoded":{"sub":"1","id":"1","userName":"super admin","userGroup":"1","email":"superadmin@msense.in","hotelId":"4","brandId":"7","iat":1687517373,"exp":1687603773}}  
[2023-06-23 10:55:13] HotelAction.INFO: ======= END Hotel Action (List) ================  
[2023-06-23 11:02:11] HotelAction.INFO: ======= Start Hotel Action (List) ================  
[2023-06-23 11:02:11] HotelAction.INFO: method : POST  
[2023-06-23 11:02:11] HotelAction.INFO: contentType : application/json  
[2023-06-23 11:02:11] HotelAction.INFO: Input Data : {"decoded":{"sub":"1","id":"1","userName":"super admin","userGroup":"1","email":"superadmin@msense.in","hotelId":"4","brandId":"7","iat":1687517373,"exp":1687603773}}  
[2023-06-23 11:02:11] HotelAction.INFO: ======= END Hotel Action (List) ================  
