[2023-06-19 05:02:19] TVtempAction.INFO: ======= Start Tv Action (Get All Feature List) ================  
[2023-06-19 05:02:19] TVtempAction.INFO: method : GET  
[2023-06-19 05:02:19] TVtempAction.INFO: contentType : application/json  
[2023-06-19 05:02:19] TVtempAction.INFO: Input Data : {"decoded":{"sub":"1","id":"1","userName":"super admin","userGroup":"1","email":"superadmin@msense.in","hotelId":"4","brandId":"7","iat":1687150936,"exp":1687237336}}  
[2023-06-19 05:02:19] TVtempAction.INFO: ======= Start Tv Action (Get All Template List) ================  
[2023-06-19 05:02:19] TVtempAction.INFO: method : GET  
[2023-06-19 05:02:19] TVtempAction.INFO: contentType : application/json  
[2023-06-19 05:02:19] TVtempAction.INFO: Input Data : {"decoded":{"sub":"1","id":"1","userName":"super admin","userGroup":"1","email":"superadmin@msense.in","hotelId":"4","brandId":"7","iat":1687150936,"exp":1687237336}}  
[2023-06-19 05:02:19] TVtempAction.INFO: ======= Start Tv Action (Get All Template List) ================  
[2023-06-19 05:02:19] TVtempAction.INFO: method : GET  
[2023-06-19 05:02:19] TVtempAction.INFO: contentType : application/json  
[2023-06-19 05:02:19] TVtempAction.INFO: Input Data : {"decoded":{"sub":"1","id":"1","userName":"super admin","userGroup":"1","email":"superadmin@msense.in","hotelId":"4","brandId":"7","iat":1687150936,"exp":1687237336}}  
[2023-06-19 05:02:19] TVtempAction.INFO: ======= END Tv Action (Get All Template List) ================  
[2023-06-19 05:02:19] TVtempAction.INFO: ======= END Tv Action (Get All Feature List) ================  
[2023-06-19 05:02:19] TVtempAction.INFO: ======= END Tv Action (Get All Template List) ================  
[2023-06-19 05:05:43] TVtempAction.INFO: ======= Start Tv Action (Get All Feature List) ================  
[2023-06-19 05:05:43] TVtempAction.INFO: method : GET  
[2023-06-19 05:05:43] TVtempAction.INFO: contentType : application/json  
[2023-06-19 05:05:43] TVtempAction.INFO: Input Data : {"decoded":{"sub":"1","id":"1","userName":"super admin","userGroup":"1","email":"superadmin@msense.in","hotelId":"4","brandId":"7","iat":1687150936,"exp":1687237336}}  
[2023-06-19 05:05:43] TVtempAction.INFO: ======= Start Tv Action (Get All Template List) ================  
[2023-06-19 05:05:43] TVtempAction.INFO: method : GET  
[2023-06-19 05:05:43] TVtempAction.INFO: contentType : application/json  
[2023-06-19 05:05:43] TVtempAction.INFO: Input Data : {"decoded":{"sub":"1","id":"1","userName":"super admin","userGroup":"1","email":"superadmin@msense.in","hotelId":"4","brandId":"7","iat":1687150936,"exp":1687237336}}  
[2023-06-19 05:05:43] TVtempAction.INFO: ======= Start Tv Action (Get All Template List) ================  
[2023-06-19 05:05:43] TVtempAction.INFO: method : GET  
[2023-06-19 05:05:43] TVtempAction.INFO: contentType : application/json  
[2023-06-19 05:05:43] TVtempAction.INFO: Input Data : {"decoded":{"sub":"1","id":"1","userName":"super admin","userGroup":"1","email":"superadmin@msense.in","hotelId":"4","brandId":"7","iat":1687150936,"exp":1687237336}}  
[2023-06-19 05:05:43] TVtempAction.INFO: ======= END Tv Action (Get All Feature List) ================  
[2023-06-19 05:05:43] TVtempAction.INFO: ======= END Tv Action (Get All Template List) ================  
[2023-06-19 05:05:43] TVtempAction.INFO: ======= END Tv Action (Get All Template List) ================  
[2023-06-19 05:07:56] TVtempAction.INFO: ======= Start Tv Action (Get All Template List) ================  
[2023-06-19 05:07:56] TVtempAction.INFO: method : GET  
[2023-06-19 05:07:56] TVtempAction.INFO: contentType : application/json  
[2023-06-19 05:07:56] TVtempAction.INFO: Input Data : {"decoded":{"sub":"1","id":"1","userName":"super admin","userGroup":"1","email":"superadmin@msense.in","hotelId":"4","brandId":"7","iat":1687150936,"exp":1687237336}}  
[2023-06-19 05:07:56] TVtempAction.INFO: ======= Start Tv Action (Get All Feature List) ================  
[2023-06-19 05:07:56] TVtempAction.INFO: method : GET  
[2023-06-19 05:07:56] TVtempAction.INFO: contentType : application/json  
[2023-06-19 05:07:56] TVtempAction.INFO: Input Data : {"decoded":{"sub":"1","id":"1","userName":"super admin","userGroup":"1","email":"superadmin@msense.in","hotelId":"4","brandId":"7","iat":1687150936,"exp":1687237336}}  
[2023-06-19 05:07:56] TVtempAction.INFO: ======= END Tv Action (Get All Template List) ================  
[2023-06-19 05:07:56] TVtempAction.INFO: ======= Start Tv Action (Get All Template List) ================  
[2023-06-19 05:07:56] TVtempAction.INFO: method : GET  
[2023-06-19 05:07:56] TVtempAction.INFO: contentType : application/json  
[2023-06-19 05:07:56] TVtempAction.INFO: Input Data : {"decoded":{"sub":"1","id":"1","userName":"super admin","userGroup":"1","email":"superadmin@msense.in","hotelId":"4","brandId":"7","iat":1687150936,"exp":1687237336}}  
[2023-06-19 05:07:56] TVtempAction.INFO: ======= END Tv Action (Get All Feature List) ================  
[2023-06-19 05:07:56] TVtempAction.INFO: ======= END Tv Action (Get All Template List) ================  
[2023-06-19 05:08:41] TVtempAction.INFO: ======= Start Tv Action (Get All Feature List) ================  
[2023-06-19 05:08:41] TVtempAction.INFO: method : GET  
[2023-06-19 05:08:41] TVtempAction.INFO: contentType : application/json  
[2023-06-19 05:08:41] TVtempAction.INFO: Input Data : {"decoded":{"sub":"1","id":"1","userName":"super admin","userGroup":"1","email":"superadmin@msense.in","hotelId":"4","brandId":"7","iat":1687150936,"exp":1687237336}}  
[2023-06-19 05:08:41] TVtempAction.INFO: ======= Start Tv Action (Get All Template List) ================  
[2023-06-19 05:08:41] TVtempAction.INFO: method : GET  
[2023-06-19 05:08:41] TVtempAction.INFO: contentType : application/json  
[2023-06-19 05:08:41] TVtempAction.INFO: Input Data : {"decoded":{"sub":"1","id":"1","userName":"super admin","userGroup":"1","email":"superadmin@msense.in","hotelId":"4","brandId":"7","iat":1687150936,"exp":1687237336}}  
[2023-06-19 05:08:41] TVtempAction.INFO: ======= Start Tv Action (Get All Template List) ================  
[2023-06-19 05:08:41] TVtempAction.INFO: method : GET  
[2023-06-19 05:08:41] TVtempAction.INFO: contentType : application/json  
[2023-06-19 05:08:41] TVtempAction.INFO: Input Data : {"decoded":{"sub":"1","id":"1","userName":"super admin","userGroup":"1","email":"superadmin@msense.in","hotelId":"4","brandId":"7","iat":1687150936,"exp":1687237336}}  
[2023-06-19 05:08:41] TVtempAction.INFO: ======= END Tv Action (Get All Feature List) ================  
[2023-06-19 05:08:41] TVtempAction.INFO: ======= END Tv Action (Get All Template List) ================  
[2023-06-19 05:08:41] TVtempAction.INFO: ======= END Tv Action (Get All Template List) ================  
[2023-06-19 05:08:53] TVtempAction.INFO: ======= Start Tv Action (Get All Feature List) ================  
[2023-06-19 05:08:53] TVtempAction.INFO: method : GET  
[2023-06-19 05:08:53] TVtempAction.INFO: contentType : application/json  
[2023-06-19 05:08:53] TVtempAction.INFO: Input Data : {"decoded":{"sub":"1","id":"1","userName":"super admin","userGroup":"1","email":"superadmin@msense.in","hotelId":"4","brandId":"7","iat":1687150936,"exp":1687237336}}  
[2023-06-19 05:08:53] TVtempAction.INFO: ======= Start Tv Action (Get All Template List) ================  
[2023-06-19 05:08:53] TVtempAction.INFO: method : GET  
[2023-06-19 05:08:53] TVtempAction.INFO: contentType : application/json  
[2023-06-19 05:08:53] TVtempAction.INFO: Input Data : {"decoded":{"sub":"1","id":"1","userName":"super admin","userGroup":"1","email":"superadmin@msense.in","hotelId":"4","brandId":"7","iat":1687150936,"exp":1687237336}}  
[2023-06-19 05:08:53] TVtempAction.INFO: ======= END Tv Action (Get All Feature List) ================  
[2023-06-19 05:08:53] TVtempAction.INFO: ======= END Tv Action (Get All Template List) ================  
[2023-06-19 05:08:53] TVtempAction.INFO: ======= Start Tv Action (Get All Template List) ================  
[2023-06-19 05:08:53] TVtempAction.INFO: method : GET  
[2023-06-19 05:08:53] TVtempAction.INFO: contentType : application/json  
[2023-06-19 05:08:53] TVtempAction.INFO: Input Data : {"decoded":{"sub":"1","id":"1","userName":"super admin","userGroup":"1","email":"superadmin@msense.in","hotelId":"4","brandId":"7","iat":1687150936,"exp":1687237336}}  
[2023-06-19 05:08:53] TVtempAction.INFO: ======= END Tv Action (Get All Template List) ================  
[2023-06-19 05:09:39] TVtempAction.INFO: ======= Start Tv Action (Get All Template List) ================  
[2023-06-19 05:09:39] TVtempAction.INFO: method : GET  
[2023-06-19 05:09:39] TVtempAction.INFO: contentType : application/json  
[2023-06-19 05:09:39] TVtempAction.INFO: Input Data : {"decoded":{"sub":"1","id":"1","userName":"super admin","userGroup":"1","email":"superadmin@msense.in","hotelId":"4","brandId":"7","iat":1687150936,"exp":1687237336}}  
[2023-06-19 05:09:39] TVtempAction.INFO: ======= Start Tv Action (Get All Feature List) ================  
[2023-06-19 05:09:39] TVtempAction.INFO: method : GET  
[2023-06-19 05:09:39] TVtempAction.INFO: contentType : application/json  
[2023-06-19 05:09:39] TVtempAction.INFO: Input Data : {"decoded":{"sub":"1","id":"1","userName":"super admin","userGroup":"1","email":"superadmin@msense.in","hotelId":"4","brandId":"7","iat":1687150936,"exp":1687237336}}  
[2023-06-19 05:09:39] TVtempAction.INFO: ======= Start Tv Action (Get All Template List) ================  
[2023-06-19 05:09:39] TVtempAction.INFO: method : GET  
[2023-06-19 05:09:39] TVtempAction.INFO: contentType : application/json  
[2023-06-19 05:09:39] TVtempAction.INFO: Input Data : {"decoded":{"sub":"1","id":"1","userName":"super admin","userGroup":"1","email":"superadmin@msense.in","hotelId":"4","brandId":"7","iat":1687150936,"exp":1687237336}}  
[2023-06-19 05:09:39] TVtempAction.INFO: ======= END Tv Action (Get All Template List) ================  
[2023-06-19 05:09:39] TVtempAction.INFO: ======= END Tv Action (Get All Feature List) ================  
[2023-06-19 05:09:39] TVtempAction.INFO: ======= END Tv Action (Get All Template List) ================  
[2023-06-19 05:10:25] TVtempAction.INFO: ======= Start Tv Action (Get All Template List) ================  
[2023-06-19 05:10:25] TVtempAction.INFO: method : GET  
[2023-06-19 05:10:25] TVtempAction.INFO: contentType : application/json  
[2023-06-19 05:10:25] TVtempAction.INFO: Input Data : {"decoded":{"sub":"1","id":"1","userName":"super admin","userGroup":"1","email":"superadmin@msense.in","hotelId":"4","brandId":"7","iat":1687150936,"exp":1687237336}}  
[2023-06-19 05:10:25] TVtempAction.INFO: ======= Start Tv Action (Get All Feature List) ================  
[2023-06-19 05:10:25] TVtempAction.INFO: method : GET  
[2023-06-19 05:10:25] TVtempAction.INFO: contentType : application/json  
[2023-06-19 05:10:25] TVtempAction.INFO: Input Data : {"decoded":{"sub":"1","id":"1","userName":"super admin","userGroup":"1","email":"superadmin@msense.in","hotelId":"4","brandId":"7","iat":1687150936,"exp":1687237336}}  
[2023-06-19 05:10:25] TVtempAction.INFO: ======= Start Tv Action (Get All Template List) ================  
[2023-06-19 05:10:25] TVtempAction.INFO: method : GET  
[2023-06-19 05:10:25] TVtempAction.INFO: contentType : application/json  
[2023-06-19 05:10:25] TVtempAction.INFO: Input Data : {"decoded":{"sub":"1","id":"1","userName":"super admin","userGroup":"1","email":"superadmin@msense.in","hotelId":"4","brandId":"7","iat":1687150936,"exp":1687237336}}  
[2023-06-19 05:10:25] TVtempAction.INFO: ======= END Tv Action (Get All Feature List) ================  
[2023-06-19 05:10:25] TVtempAction.INFO: ======= END Tv Action (Get All Template List) ================  
[2023-06-19 05:10:25] TVtempAction.INFO: ======= END Tv Action (Get All Template List) ================  
[2023-06-19 05:16:42] TVtempAction.INFO: ======= Start Tv Action (Get All Feature List) ================  
[2023-06-19 05:16:42] TVtempAction.INFO: method : GET  
[2023-06-19 05:16:42] TVtempAction.INFO: contentType : application/json  
[2023-06-19 05:16:42] TVtempAction.INFO: Input Data : {"decoded":{"sub":"1","id":"1","userName":"super admin","userGroup":"1","email":"superadmin@msense.in","hotelId":"4","brandId":"7","iat":1687150936,"exp":1687237336}}  
[2023-06-19 05:16:42] TVtempAction.INFO: ======= Start Tv Action (Get All Template List) ================  
[2023-06-19 05:16:42] TVtempAction.INFO: method : GET  
[2023-06-19 05:16:42] TVtempAction.INFO: contentType : application/json  
[2023-06-19 05:16:42] TVtempAction.INFO: Input Data : {"decoded":{"sub":"1","id":"1","userName":"super admin","userGroup":"1","email":"superadmin@msense.in","hotelId":"4","brandId":"7","iat":1687150936,"exp":1687237336}}  
[2023-06-19 05:16:42] TVtempAction.INFO: ======= END Tv Action (Get All Template List) ================  
[2023-06-19 05:16:42] TVtempAction.INFO: ======= END Tv Action (Get All Feature List) ================  
[2023-06-19 05:16:42] TVtempAction.INFO: ======= Start Tv Action (Get All Template List) ================  
[2023-06-19 05:16:42] TVtempAction.INFO: method : GET  
[2023-06-19 05:16:42] TVtempAction.INFO: contentType : application/json  
[2023-06-19 05:16:42] TVtempAction.INFO: Input Data : {"decoded":{"sub":"1","id":"1","userName":"super admin","userGroup":"1","email":"superadmin@msense.in","hotelId":"4","brandId":"7","iat":1687150936,"exp":1687237336}}  
[2023-06-19 05:16:42] TVtempAction.INFO: ======= END Tv Action (Get All Template List) ================  
[2023-06-19 05:20:20] TVtempAction.INFO: ======= Start Tv Action (Get All Template List) ================  
[2023-06-19 05:20:20] TVtempAction.INFO: method : GET  
[2023-06-19 05:20:20] TVtempAction.INFO: contentType : application/json  
[2023-06-19 05:20:20] TVtempAction.INFO: Input Data : {"decoded":{"sub":"1","id":"1","userName":"super admin","userGroup":"1","email":"superadmin@msense.in","hotelId":"4","brandId":"7","iat":1687150936,"exp":1687237336}}  
[2023-06-19 05:20:20] TVtempAction.INFO: ======= Start Tv Action (Get All Template List) ================  
[2023-06-19 05:20:20] TVtempAction.INFO: method : GET  
[2023-06-19 05:20:20] TVtempAction.INFO: contentType : application/json  
[2023-06-19 05:20:20] TVtempAction.INFO: Input Data : {"decoded":{"sub":"1","id":"1","userName":"super admin","userGroup":"1","email":"superadmin@msense.in","hotelId":"4","brandId":"7","iat":1687150936,"exp":1687237336}}  
[2023-06-19 05:20:20] TVtempAction.INFO: ======= Start Tv Action (Get All Feature List) ================  
[2023-06-19 05:20:20] TVtempAction.INFO: method : GET  
[2023-06-19 05:20:20] TVtempAction.INFO: contentType : application/json  
[2023-06-19 05:20:20] TVtempAction.INFO: Input Data : {"decoded":{"sub":"1","id":"1","userName":"super admin","userGroup":"1","email":"superadmin@msense.in","hotelId":"4","brandId":"7","iat":1687150936,"exp":1687237336}}  
[2023-06-19 05:20:20] TVtempAction.INFO: ======= END Tv Action (Get All Template List) ================  
[2023-06-19 05:20:20] TVtempAction.INFO: ======= END Tv Action (Get All Template List) ================  
[2023-06-19 05:20:20] TVtempAction.INFO: ======= END Tv Action (Get All Feature List) ================  
[2023-06-19 05:21:15] TVtempAction.INFO: ======= Start Tv Action (Get All Template List) ================  
[2023-06-19 05:21:15] TVtempAction.INFO: method : GET  
[2023-06-19 05:21:15] TVtempAction.INFO: contentType : application/json  
[2023-06-19 05:21:15] TVtempAction.INFO: Input Data : {"decoded":{"sub":"1","id":"1","userName":"super admin","userGroup":"1","email":"superadmin@msense.in","hotelId":"4","brandId":"7","iat":1687150936,"exp":1687237336}}  
[2023-06-19 05:21:15] TVtempAction.INFO: ======= Start Tv Action (Get All Template List) ================  
[2023-06-19 05:21:15] TVtempAction.INFO: method : GET  
[2023-06-19 05:21:15] TVtempAction.INFO: contentType : application/json  
[2023-06-19 05:21:15] TVtempAction.INFO: Input Data : {"decoded":{"sub":"1","id":"1","userName":"super admin","userGroup":"1","email":"superadmin@msense.in","hotelId":"4","brandId":"7","iat":1687150936,"exp":1687237336}}  
[2023-06-19 05:21:15] TVtempAction.INFO: ======= Start Tv Action (Get All Feature List) ================  
[2023-06-19 05:21:15] TVtempAction.INFO: method : GET  
[2023-06-19 05:21:15] TVtempAction.INFO: contentType : application/json  
[2023-06-19 05:21:15] TVtempAction.INFO: Input Data : {"decoded":{"sub":"1","id":"1","userName":"super admin","userGroup":"1","email":"superadmin@msense.in","hotelId":"4","brandId":"7","iat":1687150936,"exp":1687237336}}  
[2023-06-19 05:21:15] TVtempAction.INFO: ======= END Tv Action (Get All Template List) ================  
[2023-06-19 05:21:15] TVtempAction.INFO: ======= END Tv Action (Get All Template List) ================  
[2023-06-19 05:21:15] TVtempAction.INFO: ======= END Tv Action (Get All Feature List) ================  
[2023-06-19 05:23:09] TVtempAction.INFO: ======= Start Tv Action (Get All Template List) ================  
[2023-06-19 05:23:09] TVtempAction.INFO: method : GET  
[2023-06-19 05:23:09] TVtempAction.INFO: contentType : application/json  
[2023-06-19 05:23:09] TVtempAction.INFO: Input Data : {"decoded":{"sub":"1","id":"1","userName":"super admin","userGroup":"1","email":"superadmin@msense.in","hotelId":"4","brandId":"7","iat":1687150936,"exp":1687237336}}  
[2023-06-19 05:23:09] TVtempAction.INFO: ======= Start Tv Action (Get All Template List) ================  
[2023-06-19 05:23:09] TVtempAction.INFO: method : GET  
[2023-06-19 05:23:09] TVtempAction.INFO: contentType : application/json  
[2023-06-19 05:23:09] TVtempAction.INFO: Input Data : {"decoded":{"sub":"1","id":"1","userName":"super admin","userGroup":"1","email":"superadmin@msense.in","hotelId":"4","brandId":"7","iat":1687150936,"exp":1687237336}}  
[2023-06-19 05:23:09] TVtempAction.INFO: ======= Start Tv Action (Get All Feature List) ================  
[2023-06-19 05:23:09] TVtempAction.INFO: method : GET  
[2023-06-19 05:23:09] TVtempAction.INFO: contentType : application/json  
[2023-06-19 05:23:09] TVtempAction.INFO: Input Data : {"decoded":{"sub":"1","id":"1","userName":"super admin","userGroup":"1","email":"superadmin@msense.in","hotelId":"4","brandId":"7","iat":1687150936,"exp":1687237336}}  
[2023-06-19 05:23:09] TVtempAction.INFO: ======= END Tv Action (Get All Template List) ================  
[2023-06-19 05:23:09] TVtempAction.INFO: ======= END Tv Action (Get All Template List) ================  
[2023-06-19 05:23:09] TVtempAction.INFO: ======= END Tv Action (Get All Feature List) ================  
[2023-06-19 05:31:43] TVtempAction.INFO: ======= Start Tv Action (Get All Feature List) ================  
[2023-06-19 05:31:43] TVtempAction.INFO: method : GET  
[2023-06-19 05:31:43] TVtempAction.INFO: contentType : application/json  
[2023-06-19 05:31:43] TVtempAction.INFO: Input Data : {"decoded":{"sub":"1","id":"1","userName":"super admin","userGroup":"1","email":"superadmin@msense.in","hotelId":"4","brandId":"7","iat":1687150936,"exp":1687237336}}  
[2023-06-19 05:31:43] TVtempAction.INFO: ======= Start Tv Action (Get All Template List) ================  
[2023-06-19 05:31:43] TVtempAction.INFO: method : GET  
[2023-06-19 05:31:43] TVtempAction.INFO: contentType : application/json  
[2023-06-19 05:31:43] TVtempAction.INFO: Input Data : {"decoded":{"sub":"1","id":"1","userName":"super admin","userGroup":"1","email":"superadmin@msense.in","hotelId":"4","brandId":"7","iat":1687150936,"exp":1687237336}}  
[2023-06-19 05:31:43] TVtempAction.INFO: ======= Start Tv Action (Get All Template List) ================  
[2023-06-19 05:31:43] TVtempAction.INFO: method : GET  
[2023-06-19 05:31:43] TVtempAction.INFO: contentType : application/json  
[2023-06-19 05:31:43] TVtempAction.INFO: Input Data : {"decoded":{"sub":"1","id":"1","userName":"super admin","userGroup":"1","email":"superadmin@msense.in","hotelId":"4","brandId":"7","iat":1687150936,"exp":1687237336}}  
[2023-06-19 05:31:43] TVtempAction.INFO: ======= END Tv Action (Get All Template List) ================  
[2023-06-19 05:31:43] TVtempAction.INFO: ======= END Tv Action (Get All Feature List) ================  
[2023-06-19 05:31:43] TVtempAction.INFO: ======= END Tv Action (Get All Template List) ================  
[2023-06-19 05:31:49] TVtempAction.INFO: ======= Start Tv Action (Get All Feature List) ================  
[2023-06-19 05:31:49] TVtempAction.INFO: method : GET  
[2023-06-19 05:31:49] TVtempAction.INFO: contentType : application/json  
[2023-06-19 05:31:49] TVtempAction.INFO: Input Data : {"decoded":{"sub":"1","id":"1","userName":"super admin","userGroup":"1","email":"superadmin@msense.in","hotelId":"4","brandId":"7","iat":1687150936,"exp":1687237336}}  
[2023-06-19 05:31:49] TVtempAction.INFO: ======= END Tv Action (Get All Feature List) ================  
[2023-06-19 05:31:49] TVtempAction.INFO: ======= Start Tv Action (Get All Template List) ================  
[2023-06-19 05:31:49] TVtempAction.INFO: method : GET  
[2023-06-19 05:31:49] TVtempAction.INFO: contentType : application/json  
[2023-06-19 05:31:49] TVtempAction.INFO: Input Data : {"decoded":{"sub":"1","id":"1","userName":"super admin","userGroup":"1","email":"superadmin@msense.in","hotelId":"4","brandId":"7","iat":1687150936,"exp":1687237336}}  
[2023-06-19 05:31:49] TVtempAction.INFO: ======= Start Tv Action (Get All Template List) ================  
[2023-06-19 05:31:49] TVtempAction.INFO: method : GET  
[2023-06-19 05:31:49] TVtempAction.INFO: contentType : application/json  
[2023-06-19 05:31:49] TVtempAction.INFO: Input Data : {"decoded":{"sub":"1","id":"1","userName":"super admin","userGroup":"1","email":"superadmin@msense.in","hotelId":"4","brandId":"7","iat":1687150936,"exp":1687237336}}  
[2023-06-19 05:31:49] TVtempAction.INFO: ======= END Tv Action (Get All Template List) ================  
[2023-06-19 05:31:49] TVtempAction.INFO: ======= END Tv Action (Get All Template List) ================  
[2023-06-19 05:32:43] TVtempAction.INFO: ======= Start Tv Action (Get All Template List) ================  
[2023-06-19 05:32:43] TVtempAction.INFO: method : GET  
[2023-06-19 05:32:43] TVtempAction.INFO: contentType : application/json  
[2023-06-19 05:32:43] TVtempAction.INFO: Input Data : {"decoded":{"sub":"1","id":"1","userName":"super admin","userGroup":"1","email":"superadmin@msense.in","hotelId":"4","brandId":"7","iat":1687150936,"exp":1687237336}}  
[2023-06-19 05:32:43] TVtempAction.INFO: ======= Start Tv Action (Get All Template List) ================  
[2023-06-19 05:32:43] TVtempAction.INFO: method : GET  
[2023-06-19 05:32:43] TVtempAction.INFO: contentType : application/json  
[2023-06-19 05:32:43] TVtempAction.INFO: Input Data : {"decoded":{"sub":"1","id":"1","userName":"super admin","userGroup":"1","email":"superadmin@msense.in","hotelId":"4","brandId":"7","iat":1687150936,"exp":1687237336}}  
[2023-06-19 05:32:43] TVtempAction.INFO: ======= END Tv Action (Get All Template List) ================  
[2023-06-19 05:32:43] TVtempAction.INFO: ======= END Tv Action (Get All Template List) ================  
[2023-06-19 05:32:43] TVtempAction.INFO: ======= Start Tv Action (Get All Feature List) ================  
[2023-06-19 05:32:43] TVtempAction.INFO: method : GET  
[2023-06-19 05:32:43] TVtempAction.INFO: contentType : application/json  
[2023-06-19 05:32:43] TVtempAction.INFO: Input Data : {"decoded":{"sub":"1","id":"1","userName":"super admin","userGroup":"1","email":"superadmin@msense.in","hotelId":"4","brandId":"7","iat":1687150936,"exp":1687237336}}  
[2023-06-19 05:32:43] TVtempAction.INFO: ======= END Tv Action (Get All Feature List) ================  
[2023-06-19 05:36:44] TVtempAction.INFO: ======= Start Tv Action (Get All Feature List) ================  
[2023-06-19 05:36:44] TVtempAction.INFO: method : GET  
[2023-06-19 05:36:44] TVtempAction.INFO: contentType : application/json  
[2023-06-19 05:36:44] TVtempAction.INFO: Input Data : {"decoded":{"sub":"1","id":"1","userName":"super admin","userGroup":"1","email":"superadmin@msense.in","hotelId":"4","brandId":"7","iat":1687150936,"exp":1687237336}}  
[2023-06-19 05:36:44] TVtempAction.INFO: ======= END Tv Action (Get All Feature List) ================  
[2023-06-19 05:36:44] TVtempAction.INFO: ======= Start Tv Action (Get All Template List) ================  
[2023-06-19 05:36:44] TVtempAction.INFO: method : GET  
[2023-06-19 05:36:44] TVtempAction.INFO: contentType : application/json  
[2023-06-19 05:36:44] TVtempAction.INFO: Input Data : {"decoded":{"sub":"1","id":"1","userName":"super admin","userGroup":"1","email":"superadmin@msense.in","hotelId":"4","brandId":"7","iat":1687150936,"exp":1687237336}}  
[2023-06-19 05:36:44] TVtempAction.INFO: ======= Start Tv Action (Get All Template List) ================  
[2023-06-19 05:36:44] TVtempAction.INFO: method : GET  
[2023-06-19 05:36:44] TVtempAction.INFO: contentType : application/json  
[2023-06-19 05:36:44] TVtempAction.INFO: Input Data : {"decoded":{"sub":"1","id":"1","userName":"super admin","userGroup":"1","email":"superadmin@msense.in","hotelId":"4","brandId":"7","iat":1687150936,"exp":1687237336}}  
[2023-06-19 05:36:44] TVtempAction.INFO: ======= END Tv Action (Get All Template List) ================  
[2023-06-19 05:36:44] TVtempAction.INFO: ======= END Tv Action (Get All Template List) ================  
[2023-06-19 05:37:58] TVtempAction.INFO: ======= Start Tv Action (Get All Template List) ================  
[2023-06-19 05:37:58] TVtempAction.INFO: method : GET  
[2023-06-19 05:37:58] TVtempAction.INFO: contentType : application/json  
[2023-06-19 05:37:58] TVtempAction.INFO: Input Data : {"decoded":{"sub":"1","id":"1","userName":"super admin","userGroup":"1","email":"superadmin@msense.in","hotelId":"4","brandId":"7","iat":1687150936,"exp":1687237336}}  
[2023-06-19 05:37:58] TVtempAction.INFO: ======= Start Tv Action (Get All Feature List) ================  
[2023-06-19 05:37:58] TVtempAction.INFO: method : GET  
[2023-06-19 05:37:58] TVtempAction.INFO: contentType : application/json  
[2023-06-19 05:37:58] TVtempAction.INFO: Input Data : {"decoded":{"sub":"1","id":"1","userName":"super admin","userGroup":"1","email":"superadmin@msense.in","hotelId":"4","brandId":"7","iat":1687150936,"exp":1687237336}}  
[2023-06-19 05:37:58] TVtempAction.INFO: ======= Start Tv Action (Get All Template List) ================  
[2023-06-19 05:37:58] TVtempAction.INFO: method : GET  
[2023-06-19 05:37:58] TVtempAction.INFO: contentType : application/json  
[2023-06-19 05:37:58] TVtempAction.INFO: Input Data : {"decoded":{"sub":"1","id":"1","userName":"super admin","userGroup":"1","email":"superadmin@msense.in","hotelId":"4","brandId":"7","iat":1687150936,"exp":1687237336}}  
[2023-06-19 05:37:58] TVtempAction.INFO: ======= END Tv Action (Get All Feature List) ================  
[2023-06-19 05:37:58] TVtempAction.INFO: ======= END Tv Action (Get All Template List) ================  
[2023-06-19 05:37:58] TVtempAction.INFO: ======= END Tv Action (Get All Template List) ================  
[2023-06-19 05:39:00] TVtempAction.INFO: ======= Start Tv Action (Get All Feature List) ================  
[2023-06-19 05:39:00] TVtempAction.INFO: method : GET  
[2023-06-19 05:39:00] TVtempAction.INFO: contentType : application/json  
[2023-06-19 05:39:00] TVtempAction.INFO: Input Data : {"decoded":{"sub":"1","id":"1","userName":"super admin","userGroup":"1","email":"superadmin@msense.in","hotelId":"4","brandId":"7","iat":1687150936,"exp":1687237336}}  
[2023-06-19 05:39:00] TVtempAction.INFO: ======= Start Tv Action (Get All Template List) ================  
[2023-06-19 05:39:00] TVtempAction.INFO: method : GET  
[2023-06-19 05:39:00] TVtempAction.INFO: contentType : application/json  
[2023-06-19 05:39:00] TVtempAction.INFO: Input Data : {"decoded":{"sub":"1","id":"1","userName":"super admin","userGroup":"1","email":"superadmin@msense.in","hotelId":"4","brandId":"7","iat":1687150936,"exp":1687237336}}  
[2023-06-19 05:39:00] TVtempAction.INFO: ======= END Tv Action (Get All Template List) ================  
[2023-06-19 05:39:00] TVtempAction.INFO: ======= END Tv Action (Get All Feature List) ================  
[2023-06-19 05:39:00] TVtempAction.INFO: ======= Start Tv Action (Get All Template List) ================  
[2023-06-19 05:39:00] TVtempAction.INFO: method : GET  
[2023-06-19 05:39:00] TVtempAction.INFO: contentType : application/json  
[2023-06-19 05:39:00] TVtempAction.INFO: Input Data : {"decoded":{"sub":"1","id":"1","userName":"super admin","userGroup":"1","email":"superadmin@msense.in","hotelId":"4","brandId":"7","iat":1687150936,"exp":1687237336}}  
[2023-06-19 05:39:00] TVtempAction.INFO: ======= END Tv Action (Get All Template List) ================  
[2023-06-19 05:39:43] TVtempAction.INFO: ======= Start Tv Action (Get All Template List) ================  
[2023-06-19 05:39:43] TVtempAction.INFO: method : GET  
[2023-06-19 05:39:43] TVtempAction.INFO: contentType : application/json  
[2023-06-19 05:39:43] TVtempAction.INFO: Input Data : {"decoded":{"sub":"1","id":"1","userName":"super admin","userGroup":"1","email":"superadmin@msense.in","hotelId":"4","brandId":"7","iat":1687150936,"exp":1687237336}}  
[2023-06-19 05:39:43] TVtempAction.INFO: ======= Start Tv Action (Get All Feature List) ================  
[2023-06-19 05:39:43] TVtempAction.INFO: method : GET  
[2023-06-19 05:39:43] TVtempAction.INFO: contentType : application/json  
[2023-06-19 05:39:43] TVtempAction.INFO: Input Data : {"decoded":{"sub":"1","id":"1","userName":"super admin","userGroup":"1","email":"superadmin@msense.in","hotelId":"4","brandId":"7","iat":1687150936,"exp":1687237336}}  
[2023-06-19 05:39:43] TVtempAction.INFO: ======= Start Tv Action (Get All Template List) ================  
[2023-06-19 05:39:43] TVtempAction.INFO: method : GET  
[2023-06-19 05:39:43] TVtempAction.INFO: contentType : application/json  
[2023-06-19 05:39:43] TVtempAction.INFO: Input Data : {"decoded":{"sub":"1","id":"1","userName":"super admin","userGroup":"1","email":"superadmin@msense.in","hotelId":"4","brandId":"7","iat":1687150936,"exp":1687237336}}  
[2023-06-19 05:39:43] TVtempAction.INFO: ======= END Tv Action (Get All Template List) ================  
[2023-06-19 05:39:43] TVtempAction.INFO: ======= END Tv Action (Get All Feature List) ================  
[2023-06-19 05:39:43] TVtempAction.INFO: ======= END Tv Action (Get All Template List) ================  
[2023-06-19 05:40:27] TVtempAction.INFO: ======= Start Tv Action (Get All Feature List) ================  
[2023-06-19 05:40:27] TVtempAction.INFO: method : GET  
[2023-06-19 05:40:27] TVtempAction.INFO: contentType : application/json  
[2023-06-19 05:40:27] TVtempAction.INFO: Input Data : {"decoded":{"sub":"1","id":"1","userName":"super admin","userGroup":"1","email":"superadmin@msense.in","hotelId":"4","brandId":"7","iat":1687150936,"exp":1687237336}}  
[2023-06-19 05:40:27] TVtempAction.INFO: ======= Start Tv Action (Get All Template List) ================  
[2023-06-19 05:40:27] TVtempAction.INFO: method : GET  
[2023-06-19 05:40:27] TVtempAction.INFO: contentType : application/json  
[2023-06-19 05:40:27] TVtempAction.INFO: Input Data : {"decoded":{"sub":"1","id":"1","userName":"super admin","userGroup":"1","email":"superadmin@msense.in","hotelId":"4","brandId":"7","iat":1687150936,"exp":1687237336}}  
[2023-06-19 05:40:27] TVtempAction.INFO: ======= Start Tv Action (Get All Template List) ================  
[2023-06-19 05:40:27] TVtempAction.INFO: method : GET  
[2023-06-19 05:40:27] TVtempAction.INFO: contentType : application/json  
[2023-06-19 05:40:27] TVtempAction.INFO: Input Data : {"decoded":{"sub":"1","id":"1","userName":"super admin","userGroup":"1","email":"superadmin@msense.in","hotelId":"4","brandId":"7","iat":1687150936,"exp":1687237336}}  
[2023-06-19 05:40:27] TVtempAction.INFO: ======= END Tv Action (Get All Feature List) ================  
[2023-06-19 05:40:27] TVtempAction.INFO: ======= END Tv Action (Get All Template List) ================  
[2023-06-19 05:40:27] TVtempAction.INFO: ======= END Tv Action (Get All Template List) ================  
[2023-06-19 06:11:15] TVtempAction.INFO: ======= Start Tv Action (Get All Template List) ================  
[2023-06-19 06:11:15] TVtempAction.INFO: method : GET  
[2023-06-19 06:11:15] TVtempAction.INFO: contentType : application/json  
[2023-06-19 06:11:15] TVtempAction.INFO: Input Data : {"decoded":{"sub":"1","id":"1","userName":"super admin","userGroup":"1","email":"superadmin@msense.in","hotelId":"4","brandId":"7","iat":1687155054,"exp":1687241454}}  
[2023-06-19 06:11:15] TVtempAction.INFO: ======= Start Tv Action (Get All Feature List) ================  
[2023-06-19 06:11:15] TVtempAction.INFO: method : GET  
[2023-06-19 06:11:15] TVtempAction.INFO: contentType : application/json  
[2023-06-19 06:11:15] TVtempAction.INFO: Input Data : {"decoded":{"sub":"1","id":"1","userName":"super admin","userGroup":"1","email":"superadmin@msense.in","hotelId":"4","brandId":"7","iat":1687155054,"exp":1687241454}}  
[2023-06-19 06:11:15] TVtempAction.INFO: ======= Start Tv Action (Get All Template List) ================  
[2023-06-19 06:11:15] TVtempAction.INFO: method : GET  
[2023-06-19 06:11:15] TVtempAction.INFO: contentType : application/json  
[2023-06-19 06:11:15] TVtempAction.INFO: Input Data : {"decoded":{"sub":"1","id":"1","userName":"super admin","userGroup":"1","email":"superadmin@msense.in","hotelId":"4","brandId":"7","iat":1687155054,"exp":1687241454}}  
[2023-06-19 06:11:15] TVtempAction.INFO: ======= END Tv Action (Get All Template List) ================  
[2023-06-19 06:11:15] TVtempAction.INFO: ======= END Tv Action (Get All Feature List) ================  
[2023-06-19 06:11:15] TVtempAction.INFO: ======= END Tv Action (Get All Template List) ================  
[2023-06-19 06:12:36] TVtempAction.INFO: ======= Start Tv Action (Get All Feature List) ================  
[2023-06-19 06:12:36] TVtempAction.INFO: method : GET  
[2023-06-19 06:12:36] TVtempAction.INFO: contentType : application/json  
[2023-06-19 06:12:36] TVtempAction.INFO: Input Data : {"decoded":{"sub":"1","id":"1","userName":"super admin","userGroup":"1","email":"superadmin@msense.in","hotelId":"4","brandId":"7","iat":1687150936,"exp":1687237336}}  
[2023-06-19 06:12:36] TVtempAction.INFO: ======= Start Tv Action (Get All Template List) ================  
[2023-06-19 06:12:36] TVtempAction.INFO: method : GET  
[2023-06-19 06:12:36] TVtempAction.INFO: contentType : application/json  
[2023-06-19 06:12:36] TVtempAction.INFO: Input Data : {"decoded":{"sub":"1","id":"1","userName":"super admin","userGroup":"1","email":"superadmin@msense.in","hotelId":"4","brandId":"7","iat":1687150936,"exp":1687237336}}  
[2023-06-19 06:12:36] TVtempAction.INFO: ======= Start Tv Action (Get All Template List) ================  
[2023-06-19 06:12:36] TVtempAction.INFO: method : GET  
[2023-06-19 06:12:36] TVtempAction.INFO: contentType : application/json  
[2023-06-19 06:12:36] TVtempAction.INFO: Input Data : {"decoded":{"sub":"1","id":"1","userName":"super admin","userGroup":"1","email":"superadmin@msense.in","hotelId":"4","brandId":"7","iat":1687150936,"exp":1687237336}}  
[2023-06-19 06:12:36] TVtempAction.INFO: ======= END Tv Action (Get All Feature List) ================  
[2023-06-19 06:12:36] TVtempAction.INFO: ======= END Tv Action (Get All Template List) ================  
[2023-06-19 06:12:36] TVtempAction.INFO: ======= END Tv Action (Get All Template List) ================  
[2023-06-19 06:26:40] TVtempAction.INFO: ======= Start Tv Action (Get All Template List) ================  
[2023-06-19 06:26:40] TVtempAction.INFO: method : GET  
[2023-06-19 06:26:40] TVtempAction.INFO: contentType : application/json  
[2023-06-19 06:26:40] TVtempAction.INFO: Input Data : {"decoded":{"sub":"1","id":"1","userName":"super admin","userGroup":"1","email":"superadmin@msense.in","hotelId":"4","brandId":"7","iat":1687150936,"exp":1687237336}}  
[2023-06-19 06:26:40] TVtempAction.INFO: ======= Start Tv Action (Get All Feature List) ================  
[2023-06-19 06:26:40] TVtempAction.INFO: method : GET  
[2023-06-19 06:26:40] TVtempAction.INFO: contentType : application/json  
[2023-06-19 06:26:40] TVtempAction.INFO: Input Data : {"decoded":{"sub":"1","id":"1","userName":"super admin","userGroup":"1","email":"superadmin@msense.in","hotelId":"4","brandId":"7","iat":1687150936,"exp":1687237336}}  
[2023-06-19 06:26:40] TVtempAction.INFO: ======= Start Tv Action (Get All Template List) ================  
[2023-06-19 06:26:40] TVtempAction.INFO: method : GET  
[2023-06-19 06:26:40] TVtempAction.INFO: contentType : application/json  
[2023-06-19 06:26:40] TVtempAction.INFO: Input Data : {"decoded":{"sub":"1","id":"1","userName":"super admin","userGroup":"1","email":"superadmin@msense.in","hotelId":"4","brandId":"7","iat":1687150936,"exp":1687237336}}  
[2023-06-19 06:26:40] TVtempAction.INFO: ======= END Tv Action (Get All Template List) ================  
[2023-06-19 06:26:40] TVtempAction.INFO: ======= END Tv Action (Get All Feature List) ================  
[2023-06-19 06:26:40] TVtempAction.INFO: ======= END Tv Action (Get All Template List) ================  
[2023-06-19 06:26:46] TVtempAction.INFO: ======= Start Tv Action (Get All Feature List) ================  
[2023-06-19 06:26:46] TVtempAction.INFO: method : GET  
[2023-06-19 06:26:46] TVtempAction.INFO: contentType : application/json  
[2023-06-19 06:26:46] TVtempAction.INFO: Input Data : {"decoded":{"sub":"1","id":"1","userName":"super admin","userGroup":"1","email":"superadmin@msense.in","hotelId":"4","brandId":"7","iat":1687150936,"exp":1687237336}}  
[2023-06-19 06:26:46] TVtempAction.INFO: ======= Start Tv Action (Get All Template List) ================  
[2023-06-19 06:26:46] TVtempAction.INFO: method : GET  
[2023-06-19 06:26:46] TVtempAction.INFO: contentType : application/json  
[2023-06-19 06:26:46] TVtempAction.INFO: Input Data : {"decoded":{"sub":"1","id":"1","userName":"super admin","userGroup":"1","email":"superadmin@msense.in","hotelId":"4","brandId":"7","iat":1687150936,"exp":1687237336}}  
[2023-06-19 06:26:46] TVtempAction.INFO: ======= END Tv Action (Get All Feature List) ================  
[2023-06-19 06:26:46] TVtempAction.INFO: ======= END Tv Action (Get All Template List) ================  
[2023-06-19 06:26:46] TVtempAction.INFO: ======= Start Tv Action (Get All Template List) ================  
[2023-06-19 06:26:46] TVtempAction.INFO: method : GET  
[2023-06-19 06:26:46] TVtempAction.INFO: contentType : application/json  
[2023-06-19 06:26:46] TVtempAction.INFO: Input Data : {"decoded":{"sub":"1","id":"1","userName":"super admin","userGroup":"1","email":"superadmin@msense.in","hotelId":"4","brandId":"7","iat":1687150936,"exp":1687237336}}  
[2023-06-19 06:26:46] TVtempAction.INFO: ======= END Tv Action (Get All Template List) ================  
[2023-06-19 06:26:51] TVtempAction.INFO: ======= Start Tv Action (Get All Feature List) ================  
[2023-06-19 06:26:51] TVtempAction.INFO: method : GET  
[2023-06-19 06:26:51] TVtempAction.INFO: contentType : application/json  
[2023-06-19 06:26:51] TVtempAction.INFO: Input Data : {"decoded":{"sub":"1","id":"1","userName":"super admin","userGroup":"1","email":"superadmin@msense.in","hotelId":"4","brandId":"7","iat":1687150936,"exp":1687237336}}  
[2023-06-19 06:26:51] TVtempAction.INFO: ======= Start Tv Action (Get All Template List) ================  
[2023-06-19 06:26:51] TVtempAction.INFO: method : GET  
[2023-06-19 06:26:51] TVtempAction.INFO: contentType : application/json  
[2023-06-19 06:26:51] TVtempAction.INFO: Input Data : {"decoded":{"sub":"1","id":"1","userName":"super admin","userGroup":"1","email":"superadmin@msense.in","hotelId":"4","brandId":"7","iat":1687150936,"exp":1687237336}}  
[2023-06-19 06:26:51] TVtempAction.INFO: ======= Start Tv Action (Get All Template List) ================  
[2023-06-19 06:26:51] TVtempAction.INFO: method : GET  
[2023-06-19 06:26:51] TVtempAction.INFO: contentType : application/json  
[2023-06-19 06:26:51] TVtempAction.INFO: Input Data : {"decoded":{"sub":"1","id":"1","userName":"super admin","userGroup":"1","email":"superadmin@msense.in","hotelId":"4","brandId":"7","iat":1687150936,"exp":1687237336}}  
[2023-06-19 06:26:51] TVtempAction.INFO: ======= END Tv Action (Get All Feature List) ================  
[2023-06-19 06:26:51] TVtempAction.INFO: ======= END Tv Action (Get All Template List) ================  
[2023-06-19 06:26:51] TVtempAction.INFO: ======= END Tv Action (Get All Template List) ================  
[2023-06-19 06:28:10] TVtempAction.INFO: ======= Start Tv Action (Get All Template List) ================  
[2023-06-19 06:28:10] TVtempAction.INFO: method : GET  
[2023-06-19 06:28:10] TVtempAction.INFO: contentType : application/json  
[2023-06-19 06:28:10] TVtempAction.INFO: Input Data : {"decoded":{"sub":"1","id":"1","userName":"super admin","userGroup":"1","email":"superadmin@msense.in","hotelId":"4","brandId":"7","iat":1687150936,"exp":1687237336}}  
[2023-06-19 06:28:10] TVtempAction.INFO: ======= Start Tv Action (Get All Template List) ================  
[2023-06-19 06:28:10] TVtempAction.INFO: method : GET  
[2023-06-19 06:28:10] TVtempAction.INFO: contentType : application/json  
[2023-06-19 06:28:10] TVtempAction.INFO: Input Data : {"decoded":{"sub":"1","id":"1","userName":"super admin","userGroup":"1","email":"superadmin@msense.in","hotelId":"4","brandId":"7","iat":1687150936,"exp":1687237336}}  
[2023-06-19 06:28:10] TVtempAction.INFO: ======= Start Tv Action (Get All Feature List) ================  
[2023-06-19 06:28:10] TVtempAction.INFO: method : GET  
[2023-06-19 06:28:10] TVtempAction.INFO: contentType : application/json  
[2023-06-19 06:28:10] TVtempAction.INFO: Input Data : {"decoded":{"sub":"1","id":"1","userName":"super admin","userGroup":"1","email":"superadmin@msense.in","hotelId":"4","brandId":"7","iat":1687150936,"exp":1687237336}}  
[2023-06-19 06:28:10] TVtempAction.INFO: ======= END Tv Action (Get All Template List) ================  
[2023-06-19 06:28:10] TVtempAction.INFO: ======= END Tv Action (Get All Template List) ================  
[2023-06-19 06:28:10] TVtempAction.INFO: ======= END Tv Action (Get All Feature List) ================  
[2023-06-19 06:38:35] TVtempAction.INFO: ======= Start Tv Action (Get All Template List) ================  
[2023-06-19 06:38:35] TVtempAction.INFO: method : GET  
[2023-06-19 06:38:35] TVtempAction.INFO: contentType : application/json  
[2023-06-19 06:38:35] TVtempAction.INFO: Input Data : {"decoded":{"sub":"1","id":"1","userName":"super admin","userGroup":"1","email":"superadmin@msense.in","hotelId":"4","brandId":"7","iat":1687150936,"exp":1687237336}}  
[2023-06-19 06:38:35] TVtempAction.INFO: ======= Start Tv Action (Get All Template List) ================  
[2023-06-19 06:38:35] TVtempAction.INFO: method : GET  
[2023-06-19 06:38:35] TVtempAction.INFO: ======= Start Tv Action (Get All Feature List) ================  
[2023-06-19 06:38:35] TVtempAction.INFO: method : GET  
[2023-06-19 06:38:35] TVtempAction.INFO: contentType : application/json  
[2023-06-19 06:38:35] TVtempAction.INFO: Input Data : {"decoded":{"sub":"1","id":"1","userName":"super admin","userGroup":"1","email":"superadmin@msense.in","hotelId":"4","brandId":"7","iat":1687150936,"exp":1687237336}}  
[2023-06-19 06:38:35] TVtempAction.INFO: contentType : application/json  
[2023-06-19 06:38:35] TVtempAction.INFO: Input Data : {"decoded":{"sub":"1","id":"1","userName":"super admin","userGroup":"1","email":"superadmin@msense.in","hotelId":"4","brandId":"7","iat":1687150936,"exp":1687237336}}  
[2023-06-19 06:38:35] TVtempAction.INFO: ======= END Tv Action (Get All Template List) ================  
[2023-06-19 06:38:35] TVtempAction.INFO: ======= END Tv Action (Get All Template List) ================  
[2023-06-19 06:38:35] TVtempAction.INFO: ======= END Tv Action (Get All Feature List) ================  
[2023-06-19 06:39:13] TVtempAction.INFO: ======= Start Tv Action (Get All Template List) ================  
[2023-06-19 06:39:13] TVtempAction.INFO: method : GET  
[2023-06-19 06:39:13] TVtempAction.INFO: contentType : application/json  
[2023-06-19 06:39:13] TVtempAction.INFO: Input Data : {"decoded":{"sub":"1","id":"1","userName":"super admin","userGroup":"1","email":"superadmin@msense.in","hotelId":"4","brandId":"7","iat":1687150936,"exp":1687237336}}  
[2023-06-19 06:39:13] TVtempAction.INFO: ======= Start Tv Action (Get All Template List) ================  
[2023-06-19 06:39:13] TVtempAction.INFO: method : GET  
[2023-06-19 06:39:13] TVtempAction.INFO: contentType : application/json  
[2023-06-19 06:39:13] TVtempAction.INFO: Input Data : {"decoded":{"sub":"1","id":"1","userName":"super admin","userGroup":"1","email":"superadmin@msense.in","hotelId":"4","brandId":"7","iat":1687150936,"exp":1687237336}}  
[2023-06-19 06:39:13] TVtempAction.INFO: ======= Start Tv Action (Get All Feature List) ================  
[2023-06-19 06:39:13] TVtempAction.INFO: method : GET  
[2023-06-19 06:39:13] TVtempAction.INFO: contentType : application/json  
[2023-06-19 06:39:13] TVtempAction.INFO: Input Data : {"decoded":{"sub":"1","id":"1","userName":"super admin","userGroup":"1","email":"superadmin@msense.in","hotelId":"4","brandId":"7","iat":1687150936,"exp":1687237336}}  
[2023-06-19 06:39:13] TVtempAction.INFO: ======= END Tv Action (Get All Template List) ================  
[2023-06-19 06:39:13] TVtempAction.INFO: ======= END Tv Action (Get All Feature List) ================  
[2023-06-19 06:39:13] TVtempAction.INFO: ======= END Tv Action (Get All Template List) ================  
[2023-06-19 06:40:10] TVtempAction.INFO: ======= Start Tv Action (Get All Template List) ================  
[2023-06-19 06:40:10] TVtempAction.INFO: method : GET  
[2023-06-19 06:40:10] TVtempAction.INFO: contentType : application/json  
[2023-06-19 06:40:10] TVtempAction.INFO: Input Data : {"decoded":{"sub":"1","id":"1","userName":"super admin","userGroup":"1","email":"superadmin@msense.in","hotelId":"4","brandId":"7","iat":1687150936,"exp":1687237336}}  
[2023-06-19 06:40:10] TVtempAction.INFO: ======= Start Tv Action (Get All Template List) ================  
[2023-06-19 06:40:10] TVtempAction.INFO: method : GET  
[2023-06-19 06:40:10] TVtempAction.INFO: contentType : application/json  
[2023-06-19 06:40:10] TVtempAction.INFO: Input Data : {"decoded":{"sub":"1","id":"1","userName":"super admin","userGroup":"1","email":"superadmin@msense.in","hotelId":"4","brandId":"7","iat":1687150936,"exp":1687237336}}  
[2023-06-19 06:40:10] TVtempAction.INFO: ======= Start Tv Action (Get All Feature List) ================  
[2023-06-19 06:40:10] TVtempAction.INFO: method : GET  
[2023-06-19 06:40:10] TVtempAction.INFO: contentType : application/json  
[2023-06-19 06:40:10] TVtempAction.INFO: Input Data : {"decoded":{"sub":"1","id":"1","userName":"super admin","userGroup":"1","email":"superadmin@msense.in","hotelId":"4","brandId":"7","iat":1687150936,"exp":1687237336}}  
[2023-06-19 06:40:10] TVtempAction.INFO: ======= END Tv Action (Get All Template List) ================  
[2023-06-19 06:40:10] TVtempAction.INFO: ======= END Tv Action (Get All Template List) ================  
[2023-06-19 06:40:10] TVtempAction.INFO: ======= END Tv Action (Get All Feature List) ================  
[2023-06-19 07:16:24] TVtempAction.INFO: ======= Start Tv Action (Get All Template List) ================  
[2023-06-19 07:16:24] TVtempAction.INFO: method : GET  
[2023-06-19 07:16:24] TVtempAction.INFO: contentType : application/json  
[2023-06-19 07:16:24] TVtempAction.INFO: Input Data : {"decoded":{"sub":"1","id":"1","userName":"super admin","userGroup":"1","email":"superadmin@msense.in","hotelId":"4","brandId":"7","iat":1687150936,"exp":1687237336}}  
[2023-06-19 07:16:24] TVtempAction.INFO: ======= Start Tv Action (Get All Feature List) ================  
[2023-06-19 07:16:24] TVtempAction.INFO: method : GET  
[2023-06-19 07:16:24] TVtempAction.INFO: contentType : application/json  
[2023-06-19 07:16:24] TVtempAction.INFO: Input Data : {"decoded":{"sub":"1","id":"1","userName":"super admin","userGroup":"1","email":"superadmin@msense.in","hotelId":"4","brandId":"7","iat":1687150936,"exp":1687237336}}  
[2023-06-19 07:16:24] TVtempAction.INFO: ======= Start Tv Action (Get All Template List) ================  
[2023-06-19 07:16:24] TVtempAction.INFO: method : GET  
[2023-06-19 07:16:24] TVtempAction.INFO: contentType : application/json  
[2023-06-19 07:16:24] TVtempAction.INFO: Input Data : {"decoded":{"sub":"1","id":"1","userName":"super admin","userGroup":"1","email":"superadmin@msense.in","hotelId":"4","brandId":"7","iat":1687150936,"exp":1687237336}}  
[2023-06-19 07:16:24] TVtempAction.INFO: ======= END Tv Action (Get All Feature List) ================  
[2023-06-19 07:16:24] TVtempAction.INFO: ======= END Tv Action (Get All Template List) ================  
[2023-06-19 07:16:24] TVtempAction.INFO: ======= END Tv Action (Get All Template List) ================  
[2023-06-19 08:48:50] TVtempAction.INFO: ======= Start Tv Action (Get All Template List) ================  
[2023-06-19 08:48:50] TVtempAction.INFO: method : GET  
[2023-06-19 08:48:50] TVtempAction.INFO: contentType : application/json  
[2023-06-19 08:48:50] TVtempAction.INFO: Input Data : {"decoded":{"sub":"1","id":"1","userName":"super admin","userGroup":"1","email":"superadmin@msense.in","hotelId":"4","brandId":"7","iat":1687150936,"exp":1687237336}}  
[2023-06-19 08:48:50] TVtempAction.INFO: ======= Start Tv Action (Get All Feature List) ================  
[2023-06-19 08:48:50] TVtempAction.INFO: method : GET  
[2023-06-19 08:48:50] TVtempAction.INFO: contentType : application/json  
[2023-06-19 08:48:50] TVtempAction.INFO: Input Data : {"decoded":{"sub":"1","id":"1","userName":"super admin","userGroup":"1","email":"superadmin@msense.in","hotelId":"4","brandId":"7","iat":1687150936,"exp":1687237336}}  
[2023-06-19 08:48:50] TVtempAction.INFO: ======= Start Tv Action (Get All Template List) ================  
[2023-06-19 08:48:50] TVtempAction.INFO: method : GET  
[2023-06-19 08:48:50] TVtempAction.INFO: contentType : application/json  
[2023-06-19 08:48:50] TVtempAction.INFO: Input Data : {"decoded":{"sub":"1","id":"1","userName":"super admin","userGroup":"1","email":"superadmin@msense.in","hotelId":"4","brandId":"7","iat":1687150936,"exp":1687237336}}  
[2023-06-19 08:48:50] TVtempAction.INFO: ======= END Tv Action (Get All Template List) ================  
[2023-06-19 08:48:50] TVtempAction.INFO: ======= END Tv Action (Get All Feature List) ================  
[2023-06-19 08:48:50] TVtempAction.INFO: ======= END Tv Action (Get All Template List) ================  
[2023-06-19 09:38:06] TVtempAction.INFO: ======= Start Tv Action (Get All Template List) ================  
[2023-06-19 09:38:06] TVtempAction.INFO: method : GET  
[2023-06-19 09:38:06] TVtempAction.INFO: contentType : application/json  
[2023-06-19 09:38:06] TVtempAction.INFO: Input Data : {"decoded":{"sub":"1","id":"1","userName":"super admin","userGroup":"1","email":"superadmin@msense.in","hotelId":"4","brandId":"7","iat":1687150936,"exp":1687237336}}  
[2023-06-19 09:38:06] TVtempAction.INFO: ======= END Tv Action (Get All Template List) ================  
[2023-06-19 09:38:06] TVtempAction.INFO: ======= Start Tv Action (Get All Feature List) ================  
[2023-06-19 09:38:06] TVtempAction.INFO: method : GET  
[2023-06-19 09:38:06] TVtempAction.INFO: contentType : application/json  
[2023-06-19 09:38:06] TVtempAction.INFO: Input Data : {"decoded":{"sub":"1","id":"1","userName":"super admin","userGroup":"1","email":"superadmin@msense.in","hotelId":"4","brandId":"7","iat":1687150936,"exp":1687237336}}  
[2023-06-19 09:38:06] TVtempAction.INFO: ======= Start Tv Action (Get All Template List) ================  
[2023-06-19 09:38:06] TVtempAction.INFO: method : GET  
[2023-06-19 09:38:06] TVtempAction.INFO: contentType : application/json  
[2023-06-19 09:38:06] TVtempAction.INFO: Input Data : {"decoded":{"sub":"1","id":"1","userName":"super admin","userGroup":"1","email":"superadmin@msense.in","hotelId":"4","brandId":"7","iat":1687150936,"exp":1687237336}}  
[2023-06-19 09:38:06] TVtempAction.INFO: ======= END Tv Action (Get All Feature List) ================  
[2023-06-19 09:38:06] TVtempAction.INFO: ======= END Tv Action (Get All Template List) ================  
[2023-06-19 09:40:50] TVtempAction.INFO: ======= Start Tv Action (Get All Template List) ================  
[2023-06-19 09:40:50] TVtempAction.INFO: method : GET  
[2023-06-19 09:40:50] TVtempAction.INFO: contentType : application/json  
[2023-06-19 09:40:50] TVtempAction.INFO: Input Data : {"decoded":{"sub":"1","id":"1","userName":"super admin","userGroup":"1","email":"superadmin@msense.in","hotelId":"4","brandId":"7","iat":1687150936,"exp":1687237336}}  
[2023-06-19 09:40:50] TVtempAction.INFO: ======= Start Tv Action (Get All Feature List) ================  
[2023-06-19 09:40:50] TVtempAction.INFO: method : GET  
[2023-06-19 09:40:50] TVtempAction.INFO: contentType : application/json  
[2023-06-19 09:40:50] TVtempAction.INFO: Input Data : {"decoded":{"sub":"1","id":"1","userName":"super admin","userGroup":"1","email":"superadmin@msense.in","hotelId":"4","brandId":"7","iat":1687150936,"exp":1687237336}}  
[2023-06-19 09:40:50] TVtempAction.INFO: ======= Start Tv Action (Get All Template List) ================  
[2023-06-19 09:40:50] TVtempAction.INFO: method : GET  
[2023-06-19 09:40:50] TVtempAction.INFO: contentType : application/json  
[2023-06-19 09:40:50] TVtempAction.INFO: Input Data : {"decoded":{"sub":"1","id":"1","userName":"super admin","userGroup":"1","email":"superadmin@msense.in","hotelId":"4","brandId":"7","iat":1687150936,"exp":1687237336}}  
[2023-06-19 09:40:50] TVtempAction.INFO: ======= END Tv Action (Get All Feature List) ================  
[2023-06-19 09:40:50] TVtempAction.INFO: ======= END Tv Action (Get All Template List) ================  
[2023-06-19 09:40:50] TVtempAction.INFO: ======= END Tv Action (Get All Template List) ================  
