[2023-06-19 06:32:44] ChannelAction.INFO: ======= Start Channel Action (List) ================  
[2023-06-19 06:32:44] ChannelAction.INFO: method : POST  
[2023-06-19 06:32:44] ChannelAction.INFO: contentType : application/json  
[2023-06-19 06:32:44] ChannelAction.INFO: Input Data : {"decoded":{"sub":"1","id":"1","userName":"super admin","userGroup":"1","email":"superadmin@msense.in","hotelId":"4","brandId":"7","iat":1687150936,"exp":1687237336}}  
[2023-06-19 06:32:44] ChannelAction.INFO: ======= END Channel Action (List) ================  
[2023-06-19 06:33:38] ChannelAction.INFO: ======= Start Channel Action (List) ================  
[2023-06-19 06:33:38] ChannelAction.INFO: method : POST  
[2023-06-19 06:33:38] ChannelAction.INFO: contentType : application/json  
[2023-06-19 06:33:38] ChannelAction.INFO: Input Data : {"decoded":{"sub":"1","id":"1","userName":"super admin","userGroup":"1","email":"superadmin@msense.in","hotelId":"4","brandId":"7","iat":1687150936,"exp":1687237336}}  
[2023-06-19 06:33:38] ChannelAction.INFO: ======= END Channel Action (List) ================  
[2023-06-19 07:11:45] ChannelAction.INFO: ======= Start Channel Action (List) ================  
[2023-06-19 07:11:45] ChannelAction.INFO: method : POST  
[2023-06-19 07:11:45] ChannelAction.INFO: contentType : application/json  
[2023-06-19 07:11:45] ChannelAction.INFO: Input Data : {"decoded":{"sub":"1","id":"1","userName":"super admin","userGroup":"1","email":"superadmin@msense.in","hotelId":"4","brandId":"7","iat":1687150936,"exp":1687237336}}  
[2023-06-19 07:11:45] ChannelAction.INFO: ======= END Channel Action (List) ================  
[2023-06-19 07:12:28] ChannelAction.INFO: ======= Start Channel Action (Single One) ================  
[2023-06-19 07:12:28] ChannelAction.INFO: Input Type : string  
[2023-06-19 07:12:28] ChannelAction.INFO: method : GET  
[2023-06-19 07:12:28] ChannelAction.INFO: contentType : application/json  
[2023-06-19 07:12:28] ChannelAction.INFO: Input Data : {"decoded":{"sub":"1","id":"1","userName":"super admin","userGroup":"1","email":"superadmin@msense.in","hotelId":"4","brandId":"7","iat":1687150936,"exp":1687237336}}  
[2023-06-19 07:12:28] ChannelAction.INFO: group id : 27  
[2023-06-19 07:12:28] ChannelAction.INFO: ======= END Channel Action (Single One) ================  
[2023-06-19 08:35:40] ChannelAction.INFO: ======= Start Channel Action (List) ================  
[2023-06-19 08:35:40] ChannelAction.INFO: method : POST  
[2023-06-19 08:35:40] ChannelAction.INFO: contentType : application/json  
[2023-06-19 08:35:40] ChannelAction.INFO: Input Data : {"decoded":{"sub":"1","id":"1","userName":"super admin","userGroup":"1","email":"superadmin@msense.in","hotelId":"4","brandId":"7","iat":1687150936,"exp":1687237336}}  
[2023-06-19 08:35:40] ChannelAction.INFO: ======= END Channel Action (List) ================  
[2023-06-19 08:46:57] ChannelAction.INFO: ======= Start Channel Action (List) ================  
[2023-06-19 08:46:57] ChannelAction.INFO: method : POST  
[2023-06-19 08:46:57] ChannelAction.INFO: contentType : application/json  
[2023-06-19 08:46:57] ChannelAction.INFO: Input Data : {"decoded":{"sub":"1","id":"1","userName":"super admin","userGroup":"1","email":"superadmin@msense.in","hotelId":"4","brandId":"7","iat":1687150936,"exp":1687237336}}  
[2023-06-19 08:46:57] ChannelAction.INFO: ======= END Channel Action (List) ================  
[2023-06-19 08:49:43] ChannelAction.INFO: ======= Start Channel Action (List) ================  
[2023-06-19 08:49:43] ChannelAction.INFO: method : POST  
[2023-06-19 08:49:43] ChannelAction.INFO: contentType : application/json  
[2023-06-19 08:49:43] ChannelAction.INFO: Input Data : {"decoded":{"sub":"1","id":"1","userName":"super admin","userGroup":"1","email":"superadmin@msense.in","hotelId":"4","brandId":"7","iat":1687150936,"exp":1687237336}}  
[2023-06-19 08:49:43] ChannelAction.INFO: ======= END Channel Action (List) ================  
[2023-06-19 08:49:57] ChannelAction.INFO: ======= Start Channel Action (List) ================  
[2023-06-19 08:49:57] ChannelAction.INFO: method : POST  
[2023-06-19 08:49:57] ChannelAction.INFO: contentType : application/json  
[2023-06-19 08:49:57] ChannelAction.INFO: Input Data : {"decoded":{"sub":"1","id":"1","userName":"super admin","userGroup":"1","email":"superadmin@msense.in","hotelId":"4","brandId":"7","iat":1687150936,"exp":1687237336}}  
[2023-06-19 08:49:57] ChannelAction.INFO: ======= END Channel Action (List) ================  
[2023-06-19 08:50:05] ChannelAction.INFO: ======= Start Channel Action (List) ================  
[2023-06-19 08:50:05] ChannelAction.INFO: method : POST  
[2023-06-19 08:50:05] ChannelAction.INFO: contentType : application/json  
[2023-06-19 08:50:05] ChannelAction.INFO: Input Data : {"decoded":{"sub":"1","id":"1","userName":"super admin","userGroup":"1","email":"superadmin@msense.in","hotelId":"4","brandId":"7","iat":1687150936,"exp":1687237336}}  
[2023-06-19 08:50:05] ChannelAction.INFO: ======= END Channel Action (List) ================  
[2023-06-19 08:50:42] ChannelAction.INFO: ======= Start Channel Action (List) ================  
[2023-06-19 08:50:42] ChannelAction.INFO: method : POST  
[2023-06-19 08:50:42] ChannelAction.INFO: contentType : application/json  
[2023-06-19 08:50:42] ChannelAction.INFO: Input Data : {"decoded":{"sub":"1","id":"1","userName":"super admin","userGroup":"1","email":"superadmin@msense.in","hotelId":"4","brandId":"7","iat":1687150936,"exp":1687237336}}  
[2023-06-19 08:50:42] ChannelAction.INFO: ======= END Channel Action (List) ================  
[2023-06-19 08:51:00] ChannelAction.INFO: ======= Start Channel Action (List) ================  
[2023-06-19 08:51:00] ChannelAction.INFO: method : POST  
[2023-06-19 08:51:00] ChannelAction.INFO: contentType : application/json  
[2023-06-19 08:51:00] ChannelAction.INFO: Input Data : {"decoded":{"sub":"1","id":"1","userName":"super admin","userGroup":"1","email":"superadmin@msense.in","hotelId":"4","brandId":"7","iat":1687150936,"exp":1687237336}}  
[2023-06-19 08:51:00] ChannelAction.INFO: ======= END Channel Action (List) ================  
[2023-06-19 09:06:37] ChannelAction.INFO: ======= Start Channel Action (List) ================  
[2023-06-19 09:06:37] ChannelAction.INFO: method : POST  
[2023-06-19 09:06:37] ChannelAction.INFO: contentType : application/json  
[2023-06-19 09:06:37] ChannelAction.INFO: Input Data : {"decoded":{"sub":"1","id":"1","userName":"super admin","userGroup":"1","email":"superadmin@msense.in","hotelId":"4","brandId":"7","iat":1687150936,"exp":1687237336}}  
[2023-06-19 09:06:37] ChannelAction.INFO: ======= END Channel Action (List) ================  
[2023-06-19 09:08:15] ChannelAction.INFO: ======= Start Channel Action (List) ================  
[2023-06-19 09:08:15] ChannelAction.INFO: method : POST  
[2023-06-19 09:08:15] ChannelAction.INFO: contentType : application/json  
[2023-06-19 09:08:15] ChannelAction.INFO: Input Data : {"decoded":{"sub":"1","id":"1","userName":"super admin","userGroup":"1","email":"superadmin@msense.in","hotelId":"4","brandId":"7","iat":1687150936,"exp":1687237336}}  
[2023-06-19 09:08:15] ChannelAction.INFO: ======= END Channel Action (List) ================  
[2023-06-19 09:11:01] ChannelAction.INFO: ======= Start Channel Action (List) ================  
[2023-06-19 09:11:01] ChannelAction.INFO: method : POST  
[2023-06-19 09:11:01] ChannelAction.INFO: contentType : application/json  
[2023-06-19 09:11:01] ChannelAction.INFO: Input Data : {"decoded":{"sub":"1","id":"1","userName":"super admin","userGroup":"1","email":"superadmin@msense.in","hotelId":"4","brandId":"7","iat":1687150936,"exp":1687237336}}  
[2023-06-19 09:11:01] ChannelAction.INFO: ======= END Channel Action (List) ================  
[2023-06-19 09:18:25] ChannelAction.INFO: ======= Start Channel Action (List) ================  
[2023-06-19 09:18:25] ChannelAction.INFO: method : POST  
[2023-06-19 09:18:25] ChannelAction.INFO: contentType : application/json  
[2023-06-19 09:18:25] ChannelAction.INFO: Input Data : {"decoded":{"sub":"1","id":"1","userName":"super admin","userGroup":"1","email":"superadmin@msense.in","hotelId":"4","brandId":"7","iat":1687150936,"exp":1687237336}}  
[2023-06-19 09:18:25] ChannelAction.INFO: ======= END Channel Action (List) ================  
[2023-06-19 09:19:30] ChannelAction.INFO: ======= Start Channel Action (List) ================  
[2023-06-19 09:19:30] ChannelAction.INFO: method : POST  
[2023-06-19 09:19:30] ChannelAction.INFO: contentType : application/json  
[2023-06-19 09:19:30] ChannelAction.INFO: Input Data : {"decoded":{"sub":"1","id":"1","userName":"super admin","userGroup":"1","email":"superadmin@msense.in","hotelId":"4","brandId":"7","iat":1687150936,"exp":1687237336}}  
[2023-06-19 09:19:30] ChannelAction.INFO: ======= END Channel Action (List) ================  
[2023-06-19 09:20:44] ChannelAction.INFO: ======= Start Channel Action (List) ================  
[2023-06-19 09:20:44] ChannelAction.INFO: method : POST  
[2023-06-19 09:20:44] ChannelAction.INFO: contentType : application/json  
[2023-06-19 09:20:44] ChannelAction.INFO: Input Data : {"decoded":{"sub":"1","id":"1","userName":"super admin","userGroup":"1","email":"superadmin@msense.in","hotelId":"4","brandId":"7","iat":1687150936,"exp":1687237336}}  
[2023-06-19 09:20:44] ChannelAction.INFO: ======= END Channel Action (List) ================  
[2023-06-19 09:23:26] ChannelAction.INFO: ======= Start Channel Action (List) ================  
[2023-06-19 09:23:26] ChannelAction.INFO: method : POST  
[2023-06-19 09:23:26] ChannelAction.INFO: contentType : application/json  
[2023-06-19 09:23:26] ChannelAction.INFO: Input Data : {"decoded":{"sub":"1","id":"1","userName":"super admin","userGroup":"1","email":"superadmin@msense.in","hotelId":"4","brandId":"7","iat":1687150936,"exp":1687237336}}  
[2023-06-19 09:23:26] ChannelAction.INFO: ======= END Channel Action (List) ================  
[2023-06-19 09:24:49] ChannelAction.INFO: ======= Start Channel Action (List) ================  
[2023-06-19 09:24:49] ChannelAction.INFO: method : POST  
[2023-06-19 09:24:49] ChannelAction.INFO: contentType : application/json  
[2023-06-19 09:24:49] ChannelAction.INFO: Input Data : {"decoded":{"sub":"1","id":"1","userName":"super admin","userGroup":"1","email":"superadmin@msense.in","hotelId":"4","brandId":"7","iat":1687150936,"exp":1687237336}}  
[2023-06-19 09:24:49] ChannelAction.INFO: ======= END Channel Action (List) ================  
[2023-06-19 09:25:32] ChannelAction.INFO: ======= Start Channel Action (List) ================  
[2023-06-19 09:25:32] ChannelAction.INFO: method : POST  
[2023-06-19 09:25:32] ChannelAction.INFO: contentType : application/json  
[2023-06-19 09:25:32] ChannelAction.INFO: Input Data : {"decoded":{"sub":"1","id":"1","userName":"super admin","userGroup":"1","email":"superadmin@msense.in","hotelId":"4","brandId":"7","iat":1687150936,"exp":1687237336}}  
[2023-06-19 09:25:32] ChannelAction.INFO: ======= END Channel Action (List) ================  
[2023-06-19 09:27:06] ChannelAction.INFO: ======= Start Channel Action (List) ================  
[2023-06-19 09:27:06] ChannelAction.INFO: method : POST  
[2023-06-19 09:27:06] ChannelAction.INFO: contentType : application/json  
[2023-06-19 09:27:06] ChannelAction.INFO: Input Data : {"decoded":{"sub":"1","id":"1","userName":"super admin","userGroup":"1","email":"superadmin@msense.in","hotelId":"4","brandId":"7","iat":1687150936,"exp":1687237336}}  
[2023-06-19 09:27:06] ChannelAction.INFO: ======= END Channel Action (List) ================  
[2023-06-19 09:28:56] ChannelAction.INFO: ======= Start Channel Action (List) ================  
[2023-06-19 09:28:56] ChannelAction.INFO: method : POST  
[2023-06-19 09:28:56] ChannelAction.INFO: contentType : application/json  
[2023-06-19 09:28:56] ChannelAction.INFO: Input Data : {"decoded":{"sub":"1","id":"1","userName":"super admin","userGroup":"1","email":"superadmin@msense.in","hotelId":"4","brandId":"7","iat":1687150936,"exp":1687237336}}  
[2023-06-19 09:28:57] ChannelAction.INFO: ======= END Channel Action (List) ================  
[2023-06-19 09:31:15] ChannelAction.INFO: ======= Start Channel Action (List) ================  
[2023-06-19 09:31:15] ChannelAction.INFO: method : POST  
[2023-06-19 09:31:15] ChannelAction.INFO: contentType : application/json  
[2023-06-19 09:31:15] ChannelAction.INFO: Input Data : {"decoded":{"sub":"1","id":"1","userName":"super admin","userGroup":"1","email":"superadmin@msense.in","hotelId":"4","brandId":"7","iat":1687150936,"exp":1687237336}}  
[2023-06-19 09:31:15] ChannelAction.INFO: ======= END Channel Action (List) ================  
[2023-06-19 09:32:13] ChannelAction.INFO: ======= Start Channel Action (List) ================  
[2023-06-19 09:32:13] ChannelAction.INFO: method : POST  
[2023-06-19 09:32:13] ChannelAction.INFO: contentType : application/json  
[2023-06-19 09:32:13] ChannelAction.INFO: Input Data : {"decoded":{"sub":"1","id":"1","userName":"super admin","userGroup":"1","email":"superadmin@msense.in","hotelId":"4","brandId":"7","iat":1687150936,"exp":1687237336}}  
[2023-06-19 09:32:13] ChannelAction.INFO: ======= END Channel Action (List) ================  
[2023-06-19 09:35:45] ChannelAction.INFO: ======= Start Channel Action (List) ================  
[2023-06-19 09:35:45] ChannelAction.INFO: method : POST  
[2023-06-19 09:35:45] ChannelAction.INFO: contentType : application/json  
[2023-06-19 09:35:45] ChannelAction.INFO: Input Data : {"decoded":{"sub":"1","id":"1","userName":"super admin","userGroup":"1","email":"superadmin@msense.in","hotelId":"4","brandId":"7","iat":1687150936,"exp":1687237336}}  
[2023-06-19 09:35:45] ChannelAction.INFO: ======= END Channel Action (List) ================  
[2023-06-19 09:35:52] ChannelAction.INFO: ======= Start Channel Action (List) ================  
[2023-06-19 09:35:52] ChannelAction.INFO: method : POST  
[2023-06-19 09:35:52] ChannelAction.INFO: contentType : application/json  
[2023-06-19 09:35:52] ChannelAction.INFO: Input Data : {"decoded":{"sub":"1","id":"1","userName":"super admin","userGroup":"1","email":"superadmin@msense.in","hotelId":"4","brandId":"7","iat":1687150936,"exp":1687237336}}  
[2023-06-19 09:35:52] ChannelAction.INFO: ======= END Channel Action (List) ================  
[2023-06-19 09:37:30] ChannelAction.INFO: ======= Start Channel Action (List) ================  
[2023-06-19 09:37:30] ChannelAction.INFO: method : POST  
[2023-06-19 09:37:30] ChannelAction.INFO: contentType : application/json  
[2023-06-19 09:37:30] ChannelAction.INFO: Input Data : {"decoded":{"sub":"1","id":"1","userName":"super admin","userGroup":"1","email":"superadmin@msense.in","hotelId":"4","brandId":"7","iat":1687150936,"exp":1687237336}}  
[2023-06-19 09:37:30] ChannelAction.INFO: ======= END Channel Action (List) ================  
[2023-06-19 09:41:13] ChannelAction.INFO: ======= Start Channel Action (List) ================  
[2023-06-19 09:41:13] ChannelAction.INFO: method : POST  
[2023-06-19 09:41:13] ChannelAction.INFO: contentType : application/json  
[2023-06-19 09:41:13] ChannelAction.INFO: Input Data : {"decoded":{"sub":"1","id":"1","userName":"super admin","userGroup":"1","email":"superadmin@msense.in","hotelId":"4","brandId":"7","iat":1687150936,"exp":1687237336}}  
[2023-06-19 09:41:13] ChannelAction.INFO: ======= END Channel Action (List) ================  
[2023-06-19 09:43:21] ChannelAction.INFO: ======= Start Channel Action (List) ================  
[2023-06-19 09:43:21] ChannelAction.INFO: method : POST  
[2023-06-19 09:43:21] ChannelAction.INFO: contentType : application/json  
[2023-06-19 09:43:21] ChannelAction.INFO: Input Data : {"decoded":{"sub":"1","id":"1","userName":"super admin","userGroup":"1","email":"superadmin@msense.in","hotelId":"4","brandId":"7","iat":1687150936,"exp":1687237336}}  
[2023-06-19 09:43:21] ChannelAction.INFO: ======= END Channel Action (List) ================  
[2023-06-19 09:44:30] ChannelAction.INFO: ======= Start Channel Action (List) ================  
[2023-06-19 09:44:30] ChannelAction.INFO: method : POST  
[2023-06-19 09:44:30] ChannelAction.INFO: contentType : application/json  
[2023-06-19 09:44:30] ChannelAction.INFO: Input Data : {"decoded":{"sub":"1","id":"1","userName":"super admin","userGroup":"1","email":"superadmin@msense.in","hotelId":"4","brandId":"7","iat":1687150936,"exp":1687237336}}  
[2023-06-19 09:44:30] ChannelAction.INFO: ======= END Channel Action (List) ================  
[2023-06-19 09:46:44] ChannelAction.INFO: ======= Start Channel Action (List) ================  
[2023-06-19 09:46:44] ChannelAction.INFO: method : POST  
[2023-06-19 09:46:44] ChannelAction.INFO: contentType : application/json  
[2023-06-19 09:46:44] ChannelAction.INFO: Input Data : {"decoded":{"sub":"1","id":"1","userName":"super admin","userGroup":"1","email":"superadmin@msense.in","hotelId":"4","brandId":"7","iat":1687150936,"exp":1687237336}}  
[2023-06-19 09:46:44] ChannelAction.INFO: ======= END Channel Action (List) ================  
[2023-06-19 09:47:32] ChannelAction.INFO: ======= Start Channel Action (List) ================  
[2023-06-19 09:47:32] ChannelAction.INFO: method : POST  
[2023-06-19 09:47:32] ChannelAction.INFO: contentType : application/json  
[2023-06-19 09:47:32] ChannelAction.INFO: Input Data : {"decoded":{"sub":"1","id":"1","userName":"super admin","userGroup":"1","email":"superadmin@msense.in","hotelId":"4","brandId":"7","iat":1687150936,"exp":1687237336}}  
[2023-06-19 09:47:32] ChannelAction.INFO: ======= END Channel Action (List) ================  
[2023-06-19 09:48:18] ChannelAction.INFO: ======= Start Channel Action (List) ================  
[2023-06-19 09:48:18] ChannelAction.INFO: method : POST  
[2023-06-19 09:48:18] ChannelAction.INFO: contentType : application/json  
[2023-06-19 09:48:18] ChannelAction.INFO: Input Data : {"decoded":{"sub":"1","id":"1","userName":"super admin","userGroup":"1","email":"superadmin@msense.in","hotelId":"4","brandId":"7","iat":1687150936,"exp":1687237336}}  
[2023-06-19 09:48:18] ChannelAction.INFO: ======= END Channel Action (List) ================  
[2023-06-19 09:49:06] ChannelAction.INFO: ======= Start Channel Action (List) ================  
[2023-06-19 09:49:06] ChannelAction.INFO: method : POST  
[2023-06-19 09:49:06] ChannelAction.INFO: contentType : application/json  
[2023-06-19 09:49:06] ChannelAction.INFO: Input Data : {"decoded":{"sub":"1","id":"1","userName":"super admin","userGroup":"1","email":"superadmin@msense.in","hotelId":"4","brandId":"7","iat":1687150936,"exp":1687237336}}  
[2023-06-19 09:49:06] ChannelAction.INFO: ======= END Channel Action (List) ================  
[2023-06-19 09:49:17] ChannelAction.INFO: ======= Start Channel Action (List) ================  
[2023-06-19 09:49:17] ChannelAction.INFO: method : POST  
[2023-06-19 09:49:17] ChannelAction.INFO: contentType : application/json  
[2023-06-19 09:49:17] ChannelAction.INFO: Input Data : {"decoded":{"sub":"1","id":"1","userName":"super admin","userGroup":"1","email":"superadmin@msense.in","hotelId":"4","brandId":"7","iat":1687150936,"exp":1687237336}}  
[2023-06-19 09:49:17] ChannelAction.INFO: ======= END Channel Action (List) ================  
[2023-06-19 09:50:17] ChannelAction.INFO: ======= Start Channel Action (List) ================  
[2023-06-19 09:50:17] ChannelAction.INFO: method : POST  
[2023-06-19 09:50:17] ChannelAction.INFO: contentType : application/json  
[2023-06-19 09:50:17] ChannelAction.INFO: Input Data : {"decoded":{"sub":"1","id":"1","userName":"super admin","userGroup":"1","email":"superadmin@msense.in","hotelId":"4","brandId":"7","iat":1687150936,"exp":1687237336}}  
[2023-06-19 09:50:17] ChannelAction.INFO: ======= END Channel Action (List) ================  
[2023-06-19 09:51:27] ChannelAction.INFO: ======= Start Channel Action (List) ================  
[2023-06-19 09:51:27] ChannelAction.INFO: method : POST  
[2023-06-19 09:51:27] ChannelAction.INFO: contentType : application/json  
[2023-06-19 09:51:27] ChannelAction.INFO: Input Data : {"decoded":{"sub":"1","id":"1","userName":"super admin","userGroup":"1","email":"superadmin@msense.in","hotelId":"4","brandId":"7","iat":1687150936,"exp":1687237336}}  
[2023-06-19 09:51:27] ChannelAction.INFO: ======= END Channel Action (List) ================  
[2023-06-19 09:51:46] ChannelAction.INFO: ======= Start Channel Action (List) ================  
[2023-06-19 09:51:46] ChannelAction.INFO: method : POST  
[2023-06-19 09:51:46] ChannelAction.INFO: contentType : application/json  
[2023-06-19 09:51:46] ChannelAction.INFO: Input Data : {"decoded":{"sub":"1","id":"1","userName":"super admin","userGroup":"1","email":"superadmin@msense.in","hotelId":"4","brandId":"7","iat":1687150936,"exp":1687237336}}  
[2023-06-19 09:51:46] ChannelAction.INFO: ======= END Channel Action (List) ================  
[2023-06-19 09:51:47] ChannelAction.INFO: ======= Start Channel Action (List) ================  
[2023-06-19 09:51:47] ChannelAction.INFO: method : POST  
[2023-06-19 09:51:47] ChannelAction.INFO: contentType : application/json  
[2023-06-19 09:51:47] ChannelAction.INFO: Input Data : {"decoded":{"sub":"1","id":"1","userName":"super admin","userGroup":"1","email":"superadmin@msense.in","hotelId":"4","brandId":"7","iat":1687150936,"exp":1687237336}}  
[2023-06-19 09:51:47] ChannelAction.INFO: ======= END Channel Action (List) ================  
[2023-06-19 09:52:00] ChannelAction.INFO: ======= Start Channel Action (List) ================  
[2023-06-19 09:52:00] ChannelAction.INFO: method : POST  
[2023-06-19 09:52:00] ChannelAction.INFO: contentType : application/json  
[2023-06-19 09:52:00] ChannelAction.INFO: Input Data : {"decoded":{"sub":"1","id":"1","userName":"super admin","userGroup":"1","email":"superadmin@msense.in","hotelId":"4","brandId":"7","iat":1687150936,"exp":1687237336}}  
[2023-06-19 09:52:00] ChannelAction.INFO: ======= END Channel Action (List) ================  
[2023-06-19 09:53:09] ChannelAction.INFO: ======= Start Channel Action (List) ================  
[2023-06-19 09:53:09] ChannelAction.INFO: method : POST  
[2023-06-19 09:53:09] ChannelAction.INFO: contentType : application/json  
[2023-06-19 09:53:09] ChannelAction.INFO: Input Data : {"decoded":{"sub":"1","id":"1","userName":"super admin","userGroup":"1","email":"superadmin@msense.in","hotelId":"4","brandId":"7","iat":1687150936,"exp":1687237336}}  
[2023-06-19 09:53:09] ChannelAction.INFO: ======= END Channel Action (List) ================  
[2023-06-19 09:53:40] ChannelAction.INFO: ======= Start Channel Action (List) ================  
[2023-06-19 09:53:40] ChannelAction.INFO: method : POST  
[2023-06-19 09:53:40] ChannelAction.INFO: contentType : application/json  
[2023-06-19 09:53:40] ChannelAction.INFO: Input Data : {"decoded":{"sub":"1","id":"1","userName":"super admin","userGroup":"1","email":"superadmin@msense.in","hotelId":"4","brandId":"7","iat":1687150936,"exp":1687237336}}  
[2023-06-19 09:53:40] ChannelAction.INFO: ======= END Channel Action (List) ================  
[2023-06-19 09:54:28] ChannelAction.INFO: ======= Start Channel Action (List) ================  
[2023-06-19 09:54:28] ChannelAction.INFO: method : POST  
[2023-06-19 09:54:28] ChannelAction.INFO: contentType : application/json  
[2023-06-19 09:54:28] ChannelAction.INFO: Input Data : {"decoded":{"sub":"1","id":"1","userName":"super admin","userGroup":"1","email":"superadmin@msense.in","hotelId":"4","brandId":"7","iat":1687150936,"exp":1687237336}}  
[2023-06-19 09:54:28] ChannelAction.INFO: ======= END Channel Action (List) ================  
[2023-06-19 09:56:38] ChannelAction.INFO: ======= Start Channel Action (List) ================  
[2023-06-19 09:56:38] ChannelAction.INFO: method : POST  
[2023-06-19 09:56:38] ChannelAction.INFO: contentType : application/json  
[2023-06-19 09:56:38] ChannelAction.INFO: Input Data : {"decoded":{"sub":"1","id":"1","userName":"super admin","userGroup":"1","email":"superadmin@msense.in","hotelId":"4","brandId":"7","iat":1687150936,"exp":1687237336}}  
[2023-06-19 09:56:38] ChannelAction.INFO: ======= END Channel Action (List) ================  
[2023-06-19 09:58:20] ChannelAction.INFO: ======= Start Channel Action (List) ================  
[2023-06-19 09:58:20] ChannelAction.INFO: method : POST  
[2023-06-19 09:58:20] ChannelAction.INFO: contentType : application/json  
[2023-06-19 09:58:20] ChannelAction.INFO: Input Data : {"decoded":{"sub":"1","id":"1","userName":"super admin","userGroup":"1","email":"superadmin@msense.in","hotelId":"4","brandId":"7","iat":1687150936,"exp":1687237336}}  
[2023-06-19 09:58:20] ChannelAction.INFO: ======= END Channel Action (List) ================  
[2023-06-19 09:59:49] ChannelAction.INFO: ======= Start Channel Action (List) ================  
[2023-06-19 09:59:49] ChannelAction.INFO: method : POST  
[2023-06-19 09:59:49] ChannelAction.INFO: contentType : application/json  
[2023-06-19 09:59:49] ChannelAction.INFO: Input Data : {"decoded":{"sub":"1","id":"1","userName":"super admin","userGroup":"1","email":"superadmin@msense.in","hotelId":"4","brandId":"7","iat":1687150936,"exp":1687237336}}  
[2023-06-19 09:59:49] ChannelAction.INFO: ======= END Channel Action (List) ================  
[2023-06-19 10:01:20] ChannelAction.INFO: ======= Start Channel Action (List) ================  
[2023-06-19 10:01:20] ChannelAction.INFO: method : POST  
[2023-06-19 10:01:20] ChannelAction.INFO: contentType : application/json  
[2023-06-19 10:01:20] ChannelAction.INFO: Input Data : {"decoded":{"sub":"1","id":"1","userName":"super admin","userGroup":"1","email":"superadmin@msense.in","hotelId":"4","brandId":"7","iat":1687150936,"exp":1687237336}}  
[2023-06-19 10:01:20] ChannelAction.INFO: ======= END Channel Action (List) ================  
[2023-06-19 10:10:59] ChannelAction.INFO: ======= Start Channel Action (List) ================  
[2023-06-19 10:10:59] ChannelAction.INFO: method : POST  
[2023-06-19 10:10:59] ChannelAction.INFO: contentType : application/json  
[2023-06-19 10:10:59] ChannelAction.INFO: Input Data : {"decoded":{"sub":"1","id":"1","userName":"super admin","userGroup":"1","email":"superadmin@msense.in","hotelId":"4","brandId":"7","iat":1687150936,"exp":1687237336}}  
[2023-06-19 10:10:59] ChannelAction.INFO: ======= END Channel Action (List) ================  
[2023-06-19 10:11:44] ChannelAction.INFO: ======= Start Channel Action (List) ================  
[2023-06-19 10:11:44] ChannelAction.INFO: method : POST  
[2023-06-19 10:11:44] ChannelAction.INFO: contentType : application/json  
[2023-06-19 10:11:44] ChannelAction.INFO: Input Data : {"decoded":{"sub":"1","id":"1","userName":"super admin","userGroup":"1","email":"superadmin@msense.in","hotelId":"4","brandId":"7","iat":1687150936,"exp":1687237336}}  
[2023-06-19 10:11:44] ChannelAction.INFO: ======= END Channel Action (List) ================  
[2023-06-19 10:12:29] ChannelAction.INFO: ======= Start Channel Action (List) ================  
[2023-06-19 10:12:29] ChannelAction.INFO: method : POST  
[2023-06-19 10:12:29] ChannelAction.INFO: contentType : application/json  
[2023-06-19 10:12:29] ChannelAction.INFO: Input Data : {"decoded":{"sub":"1","id":"1","userName":"super admin","userGroup":"1","email":"superadmin@msense.in","hotelId":"4","brandId":"7","iat":1687150936,"exp":1687237336}}  
[2023-06-19 10:12:29] ChannelAction.INFO: ======= END Channel Action (List) ================  
[2023-06-19 10:12:36] ChannelAction.INFO: ======= Start Channel Action (List) ================  
[2023-06-19 10:12:36] ChannelAction.INFO: method : POST  
[2023-06-19 10:12:36] ChannelAction.INFO: contentType : application/json  
[2023-06-19 10:12:36] ChannelAction.INFO: Input Data : {"decoded":{"sub":"1","id":"1","userName":"super admin","userGroup":"1","email":"superadmin@msense.in","hotelId":"4","brandId":"7","iat":1687150936,"exp":1687237336}}  
[2023-06-19 10:12:36] ChannelAction.INFO: ======= END Channel Action (List) ================  
[2023-06-19 10:12:55] ChannelAction.INFO: ======= Start Channel Action (List) ================  
[2023-06-19 10:12:55] ChannelAction.INFO: method : POST  
[2023-06-19 10:12:55] ChannelAction.INFO: contentType : application/json  
[2023-06-19 10:12:55] ChannelAction.INFO: Input Data : {"decoded":{"sub":"1","id":"1","userName":"super admin","userGroup":"1","email":"superadmin@msense.in","hotelId":"4","brandId":"7","iat":1687150936,"exp":1687237336}}  
[2023-06-19 10:12:55] ChannelAction.INFO: ======= END Channel Action (List) ================  
[2023-06-19 10:14:49] ChannelAction.INFO: ======= Start Channel Action (List) ================  
[2023-06-19 10:14:49] ChannelAction.INFO: method : POST  
[2023-06-19 10:14:49] ChannelAction.INFO: contentType : application/json  
[2023-06-19 10:14:49] ChannelAction.INFO: Input Data : {"decoded":{"sub":"1","id":"1","userName":"super admin","userGroup":"1","email":"superadmin@msense.in","hotelId":"4","brandId":"7","iat":1687150936,"exp":1687237336}}  
[2023-06-19 10:14:49] ChannelAction.INFO: ======= END Channel Action (List) ================  
[2023-06-19 10:16:07] ChannelAction.INFO: ======= Start Channel Action (List) ================  
[2023-06-19 10:16:07] ChannelAction.INFO: method : POST  
[2023-06-19 10:16:07] ChannelAction.INFO: contentType : application/json  
[2023-06-19 10:16:07] ChannelAction.INFO: Input Data : {"decoded":{"sub":"1","id":"1","userName":"super admin","userGroup":"1","email":"superadmin@msense.in","hotelId":"4","brandId":"7","iat":1687150936,"exp":1687237336}}  
[2023-06-19 10:16:07] ChannelAction.INFO: ======= END Channel Action (List) ================  
[2023-06-19 10:16:20] ChannelAction.INFO: ======= Start Channel Action (List) ================  
[2023-06-19 10:16:20] ChannelAction.INFO: method : POST  
[2023-06-19 10:16:20] ChannelAction.INFO: contentType : application/json  
[2023-06-19 10:16:20] ChannelAction.INFO: Input Data : {"decoded":{"sub":"1","id":"1","userName":"super admin","userGroup":"1","email":"superadmin@msense.in","hotelId":"4","brandId":"7","iat":1687150936,"exp":1687237336}}  
[2023-06-19 10:16:20] ChannelAction.INFO: ======= END Channel Action (List) ================  
[2023-06-19 10:18:43] ChannelAction.INFO: ======= Start Channel Action (List) ================  
[2023-06-19 10:18:43] ChannelAction.INFO: method : POST  
[2023-06-19 10:18:43] ChannelAction.INFO: contentType : application/json  
[2023-06-19 10:18:43] ChannelAction.INFO: Input Data : {"decoded":{"sub":"1","id":"1","userName":"super admin","userGroup":"1","email":"superadmin@msense.in","hotelId":"4","brandId":"7","iat":1687150936,"exp":1687237336}}  
[2023-06-19 10:18:43] ChannelAction.INFO: ======= END Channel Action (List) ================  
[2023-06-19 10:19:12] ChannelAction.INFO: ======= Start Channel Action (List) ================  
[2023-06-19 10:19:12] ChannelAction.INFO: method : POST  
[2023-06-19 10:19:12] ChannelAction.INFO: contentType : application/json  
[2023-06-19 10:19:12] ChannelAction.INFO: Input Data : {"decoded":{"sub":"1","id":"1","userName":"super admin","userGroup":"1","email":"superadmin@msense.in","hotelId":"4","brandId":"7","iat":1687150936,"exp":1687237336}}  
[2023-06-19 10:19:12] ChannelAction.INFO: ======= END Channel Action (List) ================  
[2023-06-19 10:19:23] ChannelAction.INFO: ======= Start Channel Action (List) ================  
[2023-06-19 10:19:23] ChannelAction.INFO: method : POST  
[2023-06-19 10:19:23] ChannelAction.INFO: contentType : application/json  
[2023-06-19 10:19:23] ChannelAction.INFO: Input Data : {"decoded":{"sub":"1","id":"1","userName":"super admin","userGroup":"1","email":"superadmin@msense.in","hotelId":"4","brandId":"7","iat":1687150936,"exp":1687237336}}  
[2023-06-19 10:19:23] ChannelAction.INFO: ======= END Channel Action (List) ================  
[2023-06-19 10:19:49] ChannelAction.INFO: ======= Start Channel Action (List) ================  
[2023-06-19 10:19:49] ChannelAction.INFO: method : POST  
[2023-06-19 10:19:49] ChannelAction.INFO: contentType : application/json  
[2023-06-19 10:19:49] ChannelAction.INFO: Input Data : {"decoded":{"sub":"1","id":"1","userName":"super admin","userGroup":"1","email":"superadmin@msense.in","hotelId":"4","brandId":"7","iat":1687150936,"exp":1687237336}}  
[2023-06-19 10:19:49] ChannelAction.INFO: ======= END Channel Action (List) ================  
[2023-06-19 10:20:53] ChannelAction.INFO: ======= Start Channel Action (List) ================  
[2023-06-19 10:20:53] ChannelAction.INFO: method : POST  
[2023-06-19 10:20:53] ChannelAction.INFO: contentType : application/json  
[2023-06-19 10:20:53] ChannelAction.INFO: Input Data : {"decoded":{"sub":"1","id":"1","userName":"super admin","userGroup":"1","email":"superadmin@msense.in","hotelId":"4","brandId":"7","iat":1687150936,"exp":1687237336}}  
[2023-06-19 10:20:53] ChannelAction.INFO: ======= END Channel Action (List) ================  
[2023-06-19 10:21:22] ChannelAction.INFO: ======= Start Channel Action (List) ================  
[2023-06-19 10:21:22] ChannelAction.INFO: method : POST  
[2023-06-19 10:21:22] ChannelAction.INFO: contentType : application/json  
[2023-06-19 10:21:22] ChannelAction.INFO: Input Data : {"decoded":{"sub":"1","id":"1","userName":"super admin","userGroup":"1","email":"superadmin@msense.in","hotelId":"4","brandId":"7","iat":1687150936,"exp":1687237336}}  
[2023-06-19 10:21:22] ChannelAction.INFO: ======= END Channel Action (List) ================  
[2023-06-19 10:24:42] ChannelAction.INFO: ======= Start Channel Action (List) ================  
[2023-06-19 10:24:42] ChannelAction.INFO: method : POST  
[2023-06-19 10:24:42] ChannelAction.INFO: contentType : application/json  
[2023-06-19 10:24:42] ChannelAction.INFO: Input Data : {"decoded":{"sub":"1","id":"1","userName":"super admin","userGroup":"1","email":"superadmin@msense.in","hotelId":"4","brandId":"7","iat":1687150936,"exp":1687237336}}  
[2023-06-19 10:24:42] ChannelAction.INFO: ======= END Channel Action (List) ================  
[2023-06-19 10:25:28] ChannelAction.INFO: ======= Start Channel Action (List) ================  
[2023-06-19 10:25:28] ChannelAction.INFO: method : POST  
[2023-06-19 10:25:28] ChannelAction.INFO: contentType : application/json  
[2023-06-19 10:25:28] ChannelAction.INFO: Input Data : {"decoded":{"sub":"1","id":"1","userName":"super admin","userGroup":"1","email":"superadmin@msense.in","hotelId":"4","brandId":"7","iat":1687150936,"exp":1687237336}}  
[2023-06-19 10:25:28] ChannelAction.INFO: ======= END Channel Action (List) ================  
[2023-06-19 10:30:02] ChannelAction.INFO: ======= Start Channel Action (List) ================  
[2023-06-19 10:30:02] ChannelAction.INFO: method : POST  
[2023-06-19 10:30:02] ChannelAction.INFO: contentType : application/json  
[2023-06-19 10:30:02] ChannelAction.INFO: Input Data : {"decoded":{"sub":"1","id":"1","userName":"super admin","userGroup":"1","email":"superadmin@msense.in","hotelId":"4","brandId":"7","iat":1687150936,"exp":1687237336}}  
[2023-06-19 10:30:02] ChannelAction.INFO: ======= END Channel Action (List) ================  
[2023-06-19 10:30:11] ChannelAction.INFO: ======= Start Channel Action (List) ================  
[2023-06-19 10:30:11] ChannelAction.INFO: method : POST  
[2023-06-19 10:30:11] ChannelAction.INFO: contentType : application/json  
[2023-06-19 10:30:11] ChannelAction.INFO: Input Data : {"decoded":{"sub":"1","id":"1","userName":"super admin","userGroup":"1","email":"superadmin@msense.in","hotelId":"4","brandId":"7","iat":1687150936,"exp":1687237336}}  
[2023-06-19 10:30:11] ChannelAction.INFO: ======= END Channel Action (List) ================  
[2023-06-19 10:30:35] ChannelAction.INFO: ======= Start Channel Action (List) ================  
[2023-06-19 10:30:35] ChannelAction.INFO: method : POST  
[2023-06-19 10:30:35] ChannelAction.INFO: contentType : application/json  
[2023-06-19 10:30:35] ChannelAction.INFO: Input Data : {"decoded":{"sub":"1","id":"1","userName":"super admin","userGroup":"1","email":"superadmin@msense.in","hotelId":"4","brandId":"7","iat":1687150936,"exp":1687237336}}  
[2023-06-19 10:30:35] ChannelAction.INFO: ======= END Channel Action (List) ================  
[2023-06-19 10:30:39] ChannelAction.INFO: ======= Start Channel Action (List) ================  
[2023-06-19 10:30:39] ChannelAction.INFO: method : POST  
[2023-06-19 10:30:39] ChannelAction.INFO: contentType : application/json  
[2023-06-19 10:30:39] ChannelAction.INFO: Input Data : {"decoded":{"sub":"1","id":"1","userName":"super admin","userGroup":"1","email":"superadmin@msense.in","hotelId":"4","brandId":"7","iat":1687150936,"exp":1687237336}}  
[2023-06-19 10:30:39] ChannelAction.INFO: ======= END Channel Action (List) ================  
[2023-06-19 10:32:00] ChannelAction.INFO: ======= Start Channel Action (List) ================  
[2023-06-19 10:32:00] ChannelAction.INFO: method : POST  
[2023-06-19 10:32:00] ChannelAction.INFO: contentType : application/json  
[2023-06-19 10:32:00] ChannelAction.INFO: Input Data : {"decoded":{"sub":"1","id":"1","userName":"super admin","userGroup":"1","email":"superadmin@msense.in","hotelId":"4","brandId":"7","iat":1687150936,"exp":1687237336}}  
[2023-06-19 10:32:00] ChannelAction.INFO: ======= END Channel Action (List) ================  
[2023-06-19 10:34:23] ChannelAction.INFO: ======= Start Channel Action (List) ================  
[2023-06-19 10:34:23] ChannelAction.INFO: method : POST  
[2023-06-19 10:34:23] ChannelAction.INFO: contentType : application/json  
[2023-06-19 10:34:23] ChannelAction.INFO: Input Data : {"decoded":{"sub":"1","id":"1","userName":"super admin","userGroup":"1","email":"superadmin@msense.in","hotelId":"4","brandId":"7","iat":1687150936,"exp":1687237336}}  
[2023-06-19 10:34:23] ChannelAction.INFO: ======= END Channel Action (List) ================  
[2023-06-19 11:04:54] ChannelAction.INFO: ======= Start Channel Action (List) ================  
[2023-06-19 11:04:54] ChannelAction.INFO: method : POST  
[2023-06-19 11:04:54] ChannelAction.INFO: contentType : application/json  
[2023-06-19 11:04:54] ChannelAction.INFO: Input Data : {"decoded":{"sub":"1","id":"1","userName":"super admin","userGroup":"1","email":"superadmin@msense.in","hotelId":"4","brandId":"7","iat":1687150936,"exp":1687237336}}  
[2023-06-19 11:04:54] ChannelAction.INFO: ======= END Channel Action (List) ================  
[2023-06-19 11:06:37] ChannelAction.INFO: ======= Start Channel Action (List) ================  
[2023-06-19 11:06:37] ChannelAction.INFO: method : POST  
[2023-06-19 11:06:37] ChannelAction.INFO: contentType : application/json  
[2023-06-19 11:06:37] ChannelAction.INFO: Input Data : {"decoded":{"sub":"1","id":"1","userName":"super admin","userGroup":"1","email":"superadmin@msense.in","hotelId":"4","brandId":"7","iat":1687150936,"exp":1687237336}}  
[2023-06-19 11:06:37] ChannelAction.INFO: ======= END Channel Action (List) ================  
[2023-06-19 11:07:36] ChannelAction.INFO: ======= Start Channel Action (List) ================  
[2023-06-19 11:07:36] ChannelAction.INFO: method : POST  
[2023-06-19 11:07:36] ChannelAction.INFO: contentType : application/json  
[2023-06-19 11:07:36] ChannelAction.INFO: Input Data : {"decoded":{"sub":"1","id":"1","userName":"super admin","userGroup":"1","email":"superadmin@msense.in","hotelId":"4","brandId":"7","iat":1687150936,"exp":1687237336}}  
[2023-06-19 11:07:36] ChannelAction.INFO: ======= END Channel Action (List) ================  
[2023-06-19 11:08:01] ChannelAction.INFO: ======= Start Channel Action (List) ================  
[2023-06-19 11:08:01] ChannelAction.INFO: method : POST  
[2023-06-19 11:08:01] ChannelAction.INFO: contentType : application/json  
[2023-06-19 11:08:01] ChannelAction.INFO: Input Data : {"decoded":{"sub":"1","id":"1","userName":"super admin","userGroup":"1","email":"superadmin@msense.in","hotelId":"4","brandId":"7","iat":1687150936,"exp":1687237336}}  
[2023-06-19 11:08:01] ChannelAction.INFO: ======= END Channel Action (List) ================  
[2023-06-19 11:08:05] ChannelAction.INFO: ======= Start Channel Action (Single One) ================  
[2023-06-19 11:08:05] ChannelAction.INFO: Input Type : string  
[2023-06-19 11:08:05] ChannelAction.INFO: method : GET  
[2023-06-19 11:08:05] ChannelAction.INFO: contentType : application/json  
[2023-06-19 11:08:05] ChannelAction.INFO: Input Data : {"decoded":{"sub":"1","id":"1","userName":"super admin","userGroup":"1","email":"superadmin@msense.in","hotelId":"4","brandId":"7","iat":1687150936,"exp":1687237336}}  
[2023-06-19 11:08:05] ChannelAction.INFO: group id : 26  
[2023-06-19 11:08:05] ChannelAction.INFO: ======= END Channel Action (Single One) ================  
[2023-06-19 11:08:31] ChannelAction.INFO: ======= Start Channel Action (List) ================  
[2023-06-19 11:08:31] ChannelAction.INFO: method : POST  
[2023-06-19 11:08:31] ChannelAction.INFO: contentType : application/json  
[2023-06-19 11:08:31] ChannelAction.INFO: Input Data : {"decoded":{"sub":"1","id":"1","userName":"super admin","userGroup":"1","email":"superadmin@msense.in","hotelId":"4","brandId":"7","iat":1687150936,"exp":1687237336}}  
[2023-06-19 11:08:31] ChannelAction.INFO: ======= END Channel Action (List) ================  
[2023-06-19 11:08:53] ChannelAction.INFO: ======= Start Channel Action (List) ================  
[2023-06-19 11:08:53] ChannelAction.INFO: method : POST  
[2023-06-19 11:08:53] ChannelAction.INFO: contentType : application/json  
[2023-06-19 11:08:53] ChannelAction.INFO: Input Data : {"decoded":{"sub":"1","id":"1","userName":"super admin","userGroup":"1","email":"superadmin@msense.in","hotelId":"4","brandId":"7","iat":1687150936,"exp":1687237336}}  
[2023-06-19 11:08:53] ChannelAction.INFO: ======= END Channel Action (List) ================  
[2023-06-19 11:09:10] ChannelAction.INFO: ======= Start Channel Action (List) ================  
[2023-06-19 11:09:10] ChannelAction.INFO: method : POST  
[2023-06-19 11:09:10] ChannelAction.INFO: contentType : application/json  
[2023-06-19 11:09:10] ChannelAction.INFO: Input Data : {"decoded":{"sub":"1","id":"1","userName":"super admin","userGroup":"1","email":"superadmin@msense.in","hotelId":"4","brandId":"7","iat":1687150936,"exp":1687237336}}  
[2023-06-19 11:09:10] ChannelAction.INFO: ======= END Channel Action (List) ================  
[2023-06-19 11:09:13] ChannelAction.INFO: ======= Start Channel Action (Single One) ================  
[2023-06-19 11:09:13] ChannelAction.INFO: Input Type : string  
[2023-06-19 11:09:13] ChannelAction.INFO: method : GET  
[2023-06-19 11:09:13] ChannelAction.INFO: contentType : application/json  
[2023-06-19 11:09:13] ChannelAction.INFO: Input Data : {"decoded":{"sub":"1","id":"1","userName":"super admin","userGroup":"1","email":"superadmin@msense.in","hotelId":"4","brandId":"7","iat":1687150936,"exp":1687237336}}  
[2023-06-19 11:09:13] ChannelAction.INFO: group id : 26  
[2023-06-19 11:09:13] ChannelAction.INFO: ======= END Channel Action (Single One) ================  
[2023-06-19 11:10:26] ChannelAction.INFO: ======= Start Channel Action (List) ================  
[2023-06-19 11:10:26] ChannelAction.INFO: method : POST  
[2023-06-19 11:10:26] ChannelAction.INFO: contentType : application/json  
[2023-06-19 11:10:26] ChannelAction.INFO: Input Data : {"decoded":{"sub":"1","id":"1","userName":"super admin","userGroup":"1","email":"superadmin@msense.in","hotelId":"4","brandId":"7","iat":1687150936,"exp":1687237336}}  
[2023-06-19 11:10:26] ChannelAction.INFO: ======= END Channel Action (List) ================  
[2023-06-19 11:10:32] ChannelAction.INFO: ======= Start Channel Action (Single One) ================  
[2023-06-19 11:10:32] ChannelAction.INFO: Input Type : string  
[2023-06-19 11:10:32] ChannelAction.INFO: method : GET  
[2023-06-19 11:10:32] ChannelAction.INFO: contentType : application/json  
[2023-06-19 11:10:32] ChannelAction.INFO: Input Data : {"decoded":{"sub":"1","id":"1","userName":"super admin","userGroup":"1","email":"superadmin@msense.in","hotelId":"4","brandId":"7","iat":1687150936,"exp":1687237336}}  
[2023-06-19 11:10:32] ChannelAction.INFO: group id : 27  
[2023-06-19 11:10:32] ChannelAction.INFO: ======= END Channel Action (Single One) ================  
[2023-06-19 11:13:22] ChannelAction.INFO: ======= Start Channel Action (List) ================  
[2023-06-19 11:13:22] ChannelAction.INFO: method : POST  
[2023-06-19 11:13:22] ChannelAction.INFO: contentType : application/json  
[2023-06-19 11:13:22] ChannelAction.INFO: Input Data : {"decoded":{"sub":"1","id":"1","userName":"super admin","userGroup":"1","email":"superadmin@msense.in","hotelId":"4","brandId":"7","iat":1687150936,"exp":1687237336}}  
[2023-06-19 11:13:22] ChannelAction.INFO: ======= END Channel Action (List) ================  
[2023-06-19 11:14:30] ChannelAction.INFO: ======= Start Channel Action (Single One) ================  
[2023-06-19 11:14:30] ChannelAction.INFO: Input Type : string  
[2023-06-19 11:14:30] ChannelAction.INFO: method : GET  
[2023-06-19 11:14:30] ChannelAction.INFO: contentType : application/json  
[2023-06-19 11:14:30] ChannelAction.INFO: Input Data : {"decoded":{"sub":"1","id":"1","userName":"super admin","userGroup":"1","email":"superadmin@msense.in","hotelId":"4","brandId":"7","iat":1687150936,"exp":1687237336}}  
[2023-06-19 11:14:30] ChannelAction.INFO: group id : 26  
[2023-06-19 11:14:30] ChannelAction.INFO: ======= END Channel Action (Single One) ================  
[2023-06-19 11:15:06] ChannelAction.INFO: ======= Start Channel Action (List) ================  
[2023-06-19 11:15:06] ChannelAction.INFO: method : POST  
[2023-06-19 11:15:06] ChannelAction.INFO: contentType : application/json  
[2023-06-19 11:15:06] ChannelAction.INFO: Input Data : {"decoded":{"sub":"1","id":"1","userName":"super admin","userGroup":"1","email":"superadmin@msense.in","hotelId":"4","brandId":"7","iat":1687150936,"exp":1687237336}}  
[2023-06-19 11:15:06] ChannelAction.INFO: ======= END Channel Action (List) ================  
[2023-06-19 11:15:33] ChannelAction.INFO: ======= Start Channel Action (Single One) ================  
[2023-06-19 11:15:33] ChannelAction.INFO: Input Type : string  
[2023-06-19 11:15:33] ChannelAction.INFO: method : GET  
[2023-06-19 11:15:33] ChannelAction.INFO: contentType : application/json  
[2023-06-19 11:15:33] ChannelAction.INFO: Input Data : {"decoded":{"sub":"1","id":"1","userName":"super admin","userGroup":"1","email":"superadmin@msense.in","hotelId":"4","brandId":"7","iat":1687150936,"exp":1687237336}}  
[2023-06-19 11:15:33] ChannelAction.INFO: group id : 26  
[2023-06-19 11:15:33] ChannelAction.INFO: ======= END Channel Action (Single One) ================  
[2023-06-19 11:19:07] ChannelAction.INFO: ======= Start Channel Action (List) ================  
[2023-06-19 11:19:07] ChannelAction.INFO: method : POST  
[2023-06-19 11:19:07] ChannelAction.INFO: contentType : application/json  
[2023-06-19 11:19:07] ChannelAction.INFO: Input Data : {"decoded":{"sub":"1","id":"1","userName":"super admin","userGroup":"1","email":"superadmin@msense.in","hotelId":"4","brandId":"7","iat":1687150936,"exp":1687237336}}  
[2023-06-19 11:19:07] ChannelAction.INFO: ======= END Channel Action (List) ================  
[2023-06-19 11:19:44] ChannelAction.INFO: ======= Start Channel Action (List) ================  
[2023-06-19 11:19:44] ChannelAction.INFO: method : POST  
[2023-06-19 11:19:44] ChannelAction.INFO: contentType : application/json  
[2023-06-19 11:19:44] ChannelAction.INFO: Input Data : {"decoded":{"sub":"1","id":"1","userName":"super admin","userGroup":"1","email":"superadmin@msense.in","hotelId":"4","brandId":"7","iat":1687150936,"exp":1687237336}}  
[2023-06-19 11:19:44] ChannelAction.INFO: ======= END Channel Action (List) ================  
[2023-06-19 11:23:43] ChannelAction.INFO: ======= Start Channel Action (List) ================  
[2023-06-19 11:23:43] ChannelAction.INFO: method : POST  
[2023-06-19 11:23:43] ChannelAction.INFO: contentType : application/json  
[2023-06-19 11:23:43] ChannelAction.INFO: Input Data : {"decoded":{"sub":"1","id":"1","userName":"super admin","userGroup":"1","email":"superadmin@msense.in","hotelId":"4","brandId":"7","iat":1687150936,"exp":1687237336}}  
[2023-06-19 11:23:43] ChannelAction.INFO: ======= END Channel Action (List) ================  
[2023-06-19 11:24:07] ChannelAction.INFO: ======= Start Channel Action (Single One) ================  
[2023-06-19 11:24:07] ChannelAction.INFO: Input Type : string  
[2023-06-19 11:24:07] ChannelAction.INFO: method : GET  
[2023-06-19 11:24:07] ChannelAction.INFO: contentType : application/json  
[2023-06-19 11:24:07] ChannelAction.INFO: Input Data : {"decoded":{"sub":"1","id":"1","userName":"super admin","userGroup":"1","email":"superadmin@msense.in","hotelId":"4","brandId":"7","iat":1687150936,"exp":1687237336}}  
[2023-06-19 11:24:07] ChannelAction.INFO: group id : 25  
[2023-06-19 11:24:07] ChannelAction.INFO: ======= END Channel Action (Single One) ================  
[2023-06-19 11:24:10] ChannelAction.INFO: ======= Start Channel Action (Single One) ================  
[2023-06-19 11:24:10] ChannelAction.INFO: Input Type : string  
[2023-06-19 11:24:10] ChannelAction.INFO: method : GET  
[2023-06-19 11:24:10] ChannelAction.INFO: contentType : application/json  
[2023-06-19 11:24:10] ChannelAction.INFO: Input Data : {"decoded":{"sub":"1","id":"1","userName":"super admin","userGroup":"1","email":"superadmin@msense.in","hotelId":"4","brandId":"7","iat":1687150936,"exp":1687237336}}  
[2023-06-19 11:24:10] ChannelAction.INFO: group id : 27  
[2023-06-19 11:24:10] ChannelAction.INFO: ======= END Channel Action (Single One) ================  
[2023-06-19 11:24:24] ChannelAction.INFO: ======= Start Channel Action (Single One) ================  
[2023-06-19 11:24:24] ChannelAction.INFO: Input Type : string  
[2023-06-19 11:24:24] ChannelAction.INFO: method : GET  
[2023-06-19 11:24:24] ChannelAction.INFO: contentType : application/json  
[2023-06-19 11:24:24] ChannelAction.INFO: Input Data : {"decoded":{"sub":"1","id":"1","userName":"super admin","userGroup":"1","email":"superadmin@msense.in","hotelId":"4","brandId":"7","iat":1687150936,"exp":1687237336}}  
[2023-06-19 11:24:24] ChannelAction.INFO: group id : 27  
[2023-06-19 11:24:24] ChannelAction.INFO: ======= END Channel Action (Single One) ================  
[2023-06-19 11:25:18] ChannelAction.INFO: ======= Start Channel Action (List) ================  
[2023-06-19 11:25:18] ChannelAction.INFO: method : POST  
[2023-06-19 11:25:18] ChannelAction.INFO: contentType : application/json  
[2023-06-19 11:25:18] ChannelAction.INFO: Input Data : {"decoded":{"sub":"1","id":"1","userName":"super admin","userGroup":"1","email":"superadmin@msense.in","hotelId":"4","brandId":"7","iat":1687150936,"exp":1687237336}}  
[2023-06-19 11:25:18] ChannelAction.INFO: ======= END Channel Action (List) ================  
[2023-06-19 11:26:01] ChannelAction.INFO: ======= Start Channel Action (List) ================  
[2023-06-19 11:26:01] ChannelAction.INFO: method : POST  
[2023-06-19 11:26:01] ChannelAction.INFO: contentType : application/json  
[2023-06-19 11:26:01] ChannelAction.INFO: Input Data : {"decoded":{"sub":"1","id":"1","userName":"super admin","userGroup":"1","email":"superadmin@msense.in","hotelId":"4","brandId":"7","iat":1687150936,"exp":1687237336}}  
[2023-06-19 11:26:01] ChannelAction.INFO: ======= END Channel Action (List) ================  
[2023-06-19 11:26:15] ChannelAction.INFO: ======= Start Channel Action (List) ================  
[2023-06-19 11:26:15] ChannelAction.INFO: method : POST  
[2023-06-19 11:26:15] ChannelAction.INFO: contentType : application/json  
[2023-06-19 11:26:15] ChannelAction.INFO: Input Data : {"decoded":{"sub":"1","id":"1","userName":"super admin","userGroup":"1","email":"superadmin@msense.in","hotelId":"4","brandId":"7","iat":1687150936,"exp":1687237336}}  
[2023-06-19 11:26:15] ChannelAction.INFO: ======= END Channel Action (List) ================  
[2023-06-19 11:27:47] ChannelAction.INFO: ======= Start Channel Action (List) ================  
[2023-06-19 11:27:47] ChannelAction.INFO: method : POST  
[2023-06-19 11:27:47] ChannelAction.INFO: contentType : application/json  
[2023-06-19 11:27:47] ChannelAction.INFO: Input Data : {"decoded":{"sub":"1","id":"1","userName":"super admin","userGroup":"1","email":"superadmin@msense.in","hotelId":"4","brandId":"7","iat":1687150936,"exp":1687237336}}  
[2023-06-19 11:27:47] ChannelAction.INFO: ======= END Channel Action (List) ================  
[2023-06-19 11:30:15] ChannelAction.INFO: ======= Start Channel Action (List) ================  
[2023-06-19 11:30:15] ChannelAction.INFO: method : POST  
[2023-06-19 11:30:15] ChannelAction.INFO: contentType : application/json  
[2023-06-19 11:30:15] ChannelAction.INFO: Input Data : {"decoded":{"sub":"1","id":"1","userName":"super admin","userGroup":"1","email":"superadmin@msense.in","hotelId":"4","brandId":"7","iat":1687150936,"exp":1687237336}}  
[2023-06-19 11:30:15] ChannelAction.INFO: ======= END Channel Action (List) ================  
[2023-06-19 11:32:09] ChannelAction.INFO: ======= Start Channel Action (List) ================  
[2023-06-19 11:32:09] ChannelAction.INFO: method : POST  
[2023-06-19 11:32:09] ChannelAction.INFO: contentType : application/json  
[2023-06-19 11:32:09] ChannelAction.INFO: Input Data : {"decoded":{"sub":"1","id":"1","userName":"super admin","userGroup":"1","email":"superadmin@msense.in","hotelId":"4","brandId":"7","iat":1687150936,"exp":1687237336}}  
[2023-06-19 11:32:09] ChannelAction.INFO: ======= END Channel Action (List) ================  
[2023-06-19 11:36:15] ChannelAction.INFO: ======= Start Channel Action (List) ================  
[2023-06-19 11:36:15] ChannelAction.INFO: method : POST  
[2023-06-19 11:36:15] ChannelAction.INFO: contentType : application/json  
[2023-06-19 11:36:15] ChannelAction.INFO: Input Data : {"decoded":{"sub":"1","id":"1","userName":"super admin","userGroup":"1","email":"superadmin@msense.in","hotelId":"4","brandId":"7","iat":1687150936,"exp":1687237336}}  
[2023-06-19 11:36:15] ChannelAction.INFO: ======= END Channel Action (List) ================  
[2023-06-19 11:36:54] ChannelAction.INFO: ======= Start Channel Action (List) ================  
[2023-06-19 11:36:54] ChannelAction.INFO: method : POST  
[2023-06-19 11:36:54] ChannelAction.INFO: contentType : application/json  
[2023-06-19 11:36:54] ChannelAction.INFO: Input Data : {"decoded":{"sub":"1","id":"1","userName":"super admin","userGroup":"1","email":"superadmin@msense.in","hotelId":"4","brandId":"7","iat":1687150936,"exp":1687237336}}  
[2023-06-19 11:36:54] ChannelAction.INFO: ======= END Channel Action (List) ================  
[2023-06-19 11:44:17] ChannelAction.INFO: ======= Start Channel Action (List) ================  
[2023-06-19 11:44:17] ChannelAction.INFO: method : POST  
[2023-06-19 11:44:17] ChannelAction.INFO: contentType : application/json  
[2023-06-19 11:44:17] ChannelAction.INFO: Input Data : {"decoded":{"sub":"1","id":"1","userName":"super admin","userGroup":"1","email":"superadmin@msense.in","hotelId":"4","brandId":"7","iat":1687150936,"exp":1687237336}}  
[2023-06-19 11:44:17] ChannelAction.INFO: ======= END Channel Action (List) ================  
