[2023-06-19 07:05:57] CommonRepository.INFO: ======= Start Common Repository ================  
[2023-06-19 07:05:57] CommonModel.INFO: Query : CALL SP_OttLookUp(0, 1, 'TIMEZONEALL')  
[2023-06-19 07:05:57] CommonModel.INFO: get All Assign Menu (count) : 1796  
[2023-06-19 07:05:57] CommonRepository.INFO: ======= End Common Repository ================  
[2023-06-19 07:09:36] CommonRepository.INFO: ======= Start Common Repository ================  
[2023-06-19 07:09:36] CommonModel.INFO: Query : CALL SP_OttLookUp(0, 1, 'TIMEZONEALL')  
[2023-06-19 07:09:36] CommonModel.INFO: get All Assign Menu (count) : 1796  
[2023-06-19 07:09:36] CommonRepository.INFO: ======= End Common Repository ================  
[2023-06-19 08:35:26] CommonRepository.INFO: ======= Start Common Repository ================  
[2023-06-19 08:35:26] CommonModel.INFO: Query : CALL SP_OttLookUp(0, 1, 'TIMEZONEALL')  
[2023-06-19 08:35:26] CommonModel.INFO: get All Assign Menu (count) : 1796  
[2023-06-19 08:35:26] CommonRepository.INFO: ======= End Common Repository ================  
[2023-06-19 08:46:43] CommonRepository.INFO: ======= Start Common Repository ================  
[2023-06-19 08:46:43] CommonModel.INFO: Query : CALL SP_OttLookUp(0, 1, 'TIMEZONEALL')  
[2023-06-19 08:46:43] CommonModel.INFO: get All Assign Menu (count) : 1796  
[2023-06-19 08:46:43] CommonRepository.INFO: ======= End Common Repository ================  
[2023-06-19 08:47:17] CommonRepository.INFO: ======= Start Common Repository ================  
[2023-06-19 08:47:17] CommonModel.INFO: Query : CALL SP_OttLookUp(0, 1, 'TIMEZONEALL')  
[2023-06-19 08:47:17] CommonModel.INFO: get All Assign Menu (count) : 1796  
[2023-06-19 08:47:17] CommonRepository.INFO: ======= End Common Repository ================  
[2023-06-19 08:49:50] CommonRepository.INFO: ======= Start Common Repository ================  
[2023-06-19 08:49:50] CommonModel.INFO: Query : CALL SP_OttLookUp(0, 1, 'TIMEZONEALL')  
[2023-06-19 08:49:50] CommonModel.INFO: get All Assign Menu (count) : 1796  
[2023-06-19 08:49:50] CommonRepository.INFO: ======= End Common Repository ================  
[2023-06-19 09:07:19] CommonRepository.INFO: ======= Start Common Repository ================  
[2023-06-19 09:07:19] CommonModel.INFO: Query : CALL SP_OttLookUp(0, 1, 'TIMEZONEALL')  
[2023-06-19 09:07:19] CommonModel.INFO: get All Assign Menu (count) : 1796  
[2023-06-19 09:07:19] CommonRepository.INFO: ======= End Common Repository ================  
[2023-06-19 09:08:09] CommonRepository.INFO: ======= Start Common Repository ================  
[2023-06-19 09:08:09] CommonModel.INFO: Query : CALL SP_OttLookUp(0, 1, 'TIMEZONEALL')  
[2023-06-19 09:08:09] CommonModel.INFO: get All Assign Menu (count) : 1796  
[2023-06-19 09:08:09] CommonRepository.INFO: ======= End Common Repository ================  
[2023-06-19 09:08:22] CommonRepository.INFO: ======= Start Common Repository ================  
[2023-06-19 09:08:22] CommonModel.INFO: Query : CALL SP_OttLookUp(0, 1, 'TIMEZONEALL')  
[2023-06-19 09:08:22] CommonModel.INFO: get All Assign Menu (count) : 1796  
[2023-06-19 09:08:22] CommonRepository.INFO: ======= End Common Repository ================  
[2023-06-19 09:35:51] CommonRepository.INFO: ======= Start Common Repository ================  
[2023-06-19 09:35:51] CommonModel.INFO: Query : CALL SP_OttLookUp(0, 1, 'TIMEZONEALL')  
[2023-06-19 09:35:51] CommonModel.INFO: get All Assign Menu (count) : 1796  
[2023-06-19 09:35:51] CommonRepository.INFO: ======= End Common Repository ================  
[2023-06-19 11:36:34] CommonRepository.INFO: ======= Start Common Repository ================  
[2023-06-19 11:36:34] CommonModel.INFO: Query : CALL SP_OttLookUp(0, 1, 'TIMEZONEALL')  
[2023-06-19 11:36:34] CommonModel.INFO: get All Assign Menu (count) : 1796  
[2023-06-19 11:36:34] CommonRepository.INFO: ======= End Common Repository ================  
[2023-06-19 11:48:16] CommonRepository.INFO: ======= Start Common Repository ================  
[2023-06-19 11:48:16] CommonModel.INFO: Query : CALL SP_OttLookUp(0, 1, 'SIDEBARMENUPARENTALL')  
[2023-06-19 11:48:16] CommonModel.INFO: getAllListDataZeroRecords (count) : 3  
[2023-06-19 11:48:16] CommonModel.INFO: Query : CALL SP_OttLookUp(1, 1, 'MENUACCESSDETAILS')  
[2023-06-19 11:48:16] CommonModel.INFO: getAllListDataZeroRecords (count) : 1  
[2023-06-19 11:48:16] CommonModel.INFO: Query : CALL SP_OttLookUp(1, 1, 'SIDEBARSUBMENUALL')  
[2023-06-19 11:48:16] CommonModel.INFO: Query : CALL SP_OttLookUp(2, 1, 'MENUACCESSDETAILS')  
[2023-06-19 11:48:16] CommonModel.INFO: getAllListDataZeroRecords (count) : 1  
[2023-06-19 11:48:16] CommonModel.INFO: Query : CALL SP_OttLookUp(2, 1, 'SIDEBARSUBMENUALL')  
[2023-06-19 11:48:16] CommonModel.INFO: Query : CALL SP_OttLookUp(3, 1, 'MENUACCESSDETAILS')  
[2023-06-19 11:48:16] CommonModel.INFO: getAllListDataZeroRecords (count) : 1  
[2023-06-19 11:48:16] CommonModel.INFO: Query : CALL SP_OttLookUp(3, 1, 'SIDEBARSUBMENUALL')  
[2023-06-19 11:48:16] CommonModel.INFO: getAllListDataZeroRecords (count) : 2  
[2023-06-19 11:48:16] CommonModel.INFO: Query : CALL SP_OttLookUp(4, 1, 'MENUACCESSDETAILS')  
[2023-06-19 11:48:16] CommonModel.INFO: getAllListDataZeroRecords (count) : 1  
[2023-06-19 11:48:16] CommonModel.INFO: Query : CALL SP_OttLookUp(5, 1, 'MENUACCESSDETAILS')  
[2023-06-19 11:48:16] CommonModel.INFO: getAllListDataZeroRecords (count) : 1  
[2023-06-19 11:48:16] CommonRepository.INFO: ======= End Common Repository ================  
[2023-06-19 11:48:30] CommonRepository.INFO: ======= Start Common Repository ================  
[2023-06-19 11:48:30] CommonModel.INFO: Query : CALL SP_OttLookUp(0, 1, 'SIDEBARMENUPARENTALL')  
[2023-06-19 11:48:30] CommonModel.INFO: getAllListDataZeroRecords (count) : 3  
[2023-06-19 11:48:30] CommonModel.INFO: Query : CALL SP_OttLookUp(1, 1, 'MENUACCESSDETAILS')  
[2023-06-19 11:48:30] CommonModel.INFO: getAllListDataZeroRecords (count) : 1  
[2023-06-19 11:48:30] CommonModel.INFO: Query : CALL SP_OttLookUp(1, 1, 'SIDEBARSUBMENUALL')  
[2023-06-19 11:48:30] CommonModel.INFO: Query : CALL SP_OttLookUp(2, 1, 'MENUACCESSDETAILS')  
[2023-06-19 11:48:31] CommonModel.INFO: getAllListDataZeroRecords (count) : 1  
[2023-06-19 11:48:31] CommonModel.INFO: Query : CALL SP_OttLookUp(2, 1, 'SIDEBARSUBMENUALL')  
[2023-06-19 11:48:31] CommonModel.INFO: Query : CALL SP_OttLookUp(3, 1, 'MENUACCESSDETAILS')  
[2023-06-19 11:48:31] CommonModel.INFO: getAllListDataZeroRecords (count) : 1  
[2023-06-19 11:48:31] CommonModel.INFO: Query : CALL SP_OttLookUp(3, 1, 'SIDEBARSUBMENUALL')  
[2023-06-19 11:48:31] CommonModel.INFO: getAllListDataZeroRecords (count) : 2  
[2023-06-19 11:48:31] CommonModel.INFO: Query : CALL SP_OttLookUp(4, 1, 'MENUACCESSDETAILS')  
[2023-06-19 11:48:31] CommonModel.INFO: getAllListDataZeroRecords (count) : 1  
[2023-06-19 11:48:31] CommonModel.INFO: Query : CALL SP_OttLookUp(5, 1, 'MENUACCESSDETAILS')  
[2023-06-19 11:48:31] CommonModel.INFO: getAllListDataZeroRecords (count) : 1  
[2023-06-19 11:48:31] CommonRepository.INFO: ======= End Common Repository ================  
[2023-06-19 11:48:47] CommonRepository.INFO: ======= Start Common Repository ================  
[2023-06-19 11:48:47] CommonModel.INFO: Query : CALL SP_OttLookUp(0, 1, 'ASSIGNMENUALL')  
[2023-06-19 11:48:47] CommonModel.INFO: get All Assign Menu (count) : 4  
[2023-06-19 11:48:47] CommonRepository.INFO: ======= End Common Repository ================  
[2023-06-19 11:49:16] CommonRepository.INFO: ======= Start Common Repository ================  
[2023-06-19 11:49:16] CommonModel.INFO: Query : CALL SP_OttLookUp(0, 1, 'SIDEBARMENUPARENTALL')  
[2023-06-19 11:49:16] CommonModel.INFO: getAllListDataZeroRecords (count) : 3  
[2023-06-19 11:49:16] CommonModel.INFO: Query : CALL SP_OttLookUp(1, 1, 'MENUACCESSDETAILS')  
[2023-06-19 11:49:16] CommonModel.INFO: getAllListDataZeroRecords (count) : 1  
[2023-06-19 11:49:16] CommonModel.INFO: Query : CALL SP_OttLookUp(1, 1, 'SIDEBARSUBMENUALL')  
[2023-06-19 11:49:16] CommonModel.INFO: Query : CALL SP_OttLookUp(2, 1, 'MENUACCESSDETAILS')  
[2023-06-19 11:49:16] CommonModel.INFO: getAllListDataZeroRecords (count) : 1  
[2023-06-19 11:49:16] CommonModel.INFO: Query : CALL SP_OttLookUp(2, 1, 'SIDEBARSUBMENUALL')  
[2023-06-19 11:49:16] CommonModel.INFO: Query : CALL SP_OttLookUp(3, 1, 'MENUACCESSDETAILS')  
[2023-06-19 11:49:16] CommonModel.INFO: getAllListDataZeroRecords (count) : 1  
[2023-06-19 11:49:16] CommonModel.INFO: Query : CALL SP_OttLookUp(3, 1, 'SIDEBARSUBMENUALL')  
[2023-06-19 11:49:16] CommonModel.INFO: getAllListDataZeroRecords (count) : 2  
[2023-06-19 11:49:16] CommonModel.INFO: Query : CALL SP_OttLookUp(4, 1, 'MENUACCESSDETAILS')  
[2023-06-19 11:49:16] CommonModel.INFO: getAllListDataZeroRecords (count) : 1  
[2023-06-19 11:49:16] CommonModel.INFO: Query : CALL SP_OttLookUp(5, 1, 'MENUACCESSDETAILS')  
[2023-06-19 11:49:16] CommonModel.INFO: getAllListDataZeroRecords (count) : 1  
[2023-06-19 11:49:16] CommonRepository.INFO: ======= End Common Repository ================  
[2023-06-19 12:00:47] CommonRepository.INFO: ======= Start Common Repository ================  
[2023-06-19 12:00:47] CommonModel.INFO: Query : CALL SP_OttLookUp(0, 1, 'SIDEBARMENUPARENTALL')  
[2023-06-19 12:00:47] CommonModel.INFO: getAllListDataZeroRecords (count) : 3  
[2023-06-19 12:00:47] CommonModel.INFO: Query : CALL SP_OttLookUp(1, 1, 'MENUACCESSDETAILS')  
[2023-06-19 12:00:47] CommonModel.INFO: getAllListDataZeroRecords (count) : 1  
[2023-06-19 12:00:47] CommonModel.INFO: Query : CALL SP_OttLookUp(1, 1, 'SIDEBARSUBMENUALL')  
[2023-06-19 12:00:47] CommonModel.INFO: Query : CALL SP_OttLookUp(2, 1, 'MENUACCESSDETAILS')  
[2023-06-19 12:00:47] CommonModel.INFO: getAllListDataZeroRecords (count) : 1  
[2023-06-19 12:00:47] CommonModel.INFO: Query : CALL SP_OttLookUp(2, 1, 'SIDEBARSUBMENUALL')  
[2023-06-19 12:00:47] CommonModel.INFO: Query : CALL SP_OttLookUp(3, 1, 'MENUACCESSDETAILS')  
[2023-06-19 12:00:47] CommonModel.INFO: getAllListDataZeroRecords (count) : 1  
[2023-06-19 12:00:47] CommonModel.INFO: Query : CALL SP_OttLookUp(3, 1, 'SIDEBARSUBMENUALL')  
[2023-06-19 12:00:47] CommonModel.INFO: getAllListDataZeroRecords (count) : 2  
[2023-06-19 12:00:47] CommonModel.INFO: Query : CALL SP_OttLookUp(4, 1, 'MENUACCESSDETAILS')  
[2023-06-19 12:00:47] CommonModel.INFO: getAllListDataZeroRecords (count) : 1  
[2023-06-19 12:00:47] CommonModel.INFO: Query : CALL SP_OttLookUp(5, 1, 'MENUACCESSDETAILS')  
[2023-06-19 12:00:47] CommonModel.INFO: getAllListDataZeroRecords (count) : 1  
[2023-06-19 12:00:47] CommonRepository.INFO: ======= End Common Repository ================  
[2023-06-19 12:00:56] CommonRepository.INFO: ======= Start Common Repository ================  
[2023-06-19 12:00:56] CommonModel.INFO: Query : CALL SP_OttLookUp(0, 1, 'SIDEBARMENUPARENTALL')  
[2023-06-19 12:00:56] CommonModel.INFO: getAllListDataZeroRecords (count) : 3  
[2023-06-19 12:00:56] CommonModel.INFO: Query : CALL SP_OttLookUp(1, 1, 'MENUACCESSDETAILS')  
[2023-06-19 12:00:56] CommonModel.INFO: getAllListDataZeroRecords (count) : 1  
[2023-06-19 12:00:56] CommonModel.INFO: Query : CALL SP_OttLookUp(1, 1, 'SIDEBARSUBMENUALL')  
[2023-06-19 12:00:56] CommonModel.INFO: Query : CALL SP_OttLookUp(2, 1, 'MENUACCESSDETAILS')  
[2023-06-19 12:00:56] CommonModel.INFO: getAllListDataZeroRecords (count) : 1  
[2023-06-19 12:00:56] CommonModel.INFO: Query : CALL SP_OttLookUp(2, 1, 'SIDEBARSUBMENUALL')  
[2023-06-19 12:00:56] CommonModel.INFO: Query : CALL SP_OttLookUp(3, 1, 'MENUACCESSDETAILS')  
[2023-06-19 12:00:56] CommonModel.INFO: getAllListDataZeroRecords (count) : 1  
[2023-06-19 12:00:56] CommonModel.INFO: Query : CALL SP_OttLookUp(3, 1, 'SIDEBARSUBMENUALL')  
[2023-06-19 12:00:56] CommonModel.INFO: getAllListDataZeroRecords (count) : 2  
[2023-06-19 12:00:56] CommonModel.INFO: Query : CALL SP_OttLookUp(4, 1, 'MENUACCESSDETAILS')  
[2023-06-19 12:00:56] CommonModel.INFO: getAllListDataZeroRecords (count) : 1  
[2023-06-19 12:00:56] CommonModel.INFO: Query : CALL SP_OttLookUp(5, 1, 'MENUACCESSDETAILS')  
[2023-06-19 12:00:56] CommonModel.INFO: getAllListDataZeroRecords (count) : 1  
[2023-06-19 12:00:56] CommonRepository.INFO: ======= End Common Repository ================  
[2023-06-19 12:01:06] CommonRepository.INFO: ======= Start Common Repository ================  
[2023-06-19 12:01:06] CommonModel.INFO: Query : CALL SP_OttLookUp(0, 1, 'SIDEBARMENUPARENTALL')  
[2023-06-19 12:01:06] CommonModel.INFO: getAllListDataZeroRecords (count) : 3  
[2023-06-19 12:01:06] CommonModel.INFO: Query : CALL SP_OttLookUp(1, 1, 'MENUACCESSDETAILS')  
[2023-06-19 12:01:06] CommonModel.INFO: getAllListDataZeroRecords (count) : 1  
[2023-06-19 12:01:06] CommonModel.INFO: Query : CALL SP_OttLookUp(1, 1, 'SIDEBARSUBMENUALL')  
[2023-06-19 12:01:06] CommonModel.INFO: Query : CALL SP_OttLookUp(2, 1, 'MENUACCESSDETAILS')  
[2023-06-19 12:01:06] CommonModel.INFO: getAllListDataZeroRecords (count) : 1  
[2023-06-19 12:01:06] CommonModel.INFO: Query : CALL SP_OttLookUp(2, 1, 'SIDEBARSUBMENUALL')  
[2023-06-19 12:01:06] CommonModel.INFO: Query : CALL SP_OttLookUp(3, 1, 'MENUACCESSDETAILS')  
[2023-06-19 12:01:06] CommonModel.INFO: getAllListDataZeroRecords (count) : 1  
[2023-06-19 12:01:06] CommonModel.INFO: Query : CALL SP_OttLookUp(3, 1, 'SIDEBARSUBMENUALL')  
[2023-06-19 12:01:06] CommonModel.INFO: getAllListDataZeroRecords (count) : 2  
[2023-06-19 12:01:06] CommonModel.INFO: Query : CALL SP_OttLookUp(4, 1, 'MENUACCESSDETAILS')  
[2023-06-19 12:01:06] CommonModel.INFO: getAllListDataZeroRecords (count) : 1  
[2023-06-19 12:01:06] CommonModel.INFO: Query : CALL SP_OttLookUp(5, 1, 'MENUACCESSDETAILS')  
[2023-06-19 12:01:06] CommonModel.INFO: getAllListDataZeroRecords (count) : 1  
[2023-06-19 12:01:06] CommonRepository.INFO: ======= End Common Repository ================  
