[2023-06-19 06:34:24] CategoryAction.INFO: ======= Start Category Action (Single One) ================  
[2023-06-19 06:34:24] CategoryAction.INFO: method : POST  
[2023-06-19 06:34:24] CategoryAction.INFO: contentType : application/json  
[2023-06-19 06:34:24] CategoryAction.INFO: Input Data : {"decoded":{"sub":"1","id":"1","userName":"super admin","userGroup":"1","email":"superadmin@msense.in","hotelId":"4","brandId":"7","iat":1687150936,"exp":1687237336}}  
[2023-06-19 06:34:24] CategoryAction.INFO: ======= END Channel Action (CREATE) ================  
[2023-06-19 06:55:53] CategoryAction.INFO: ======= Start Category Action (Single One) ================  
[2023-06-19 06:55:53] CategoryAction.INFO: method : POST  
[2023-06-19 06:55:53] CategoryAction.INFO: contentType : application/json  
[2023-06-19 06:55:53] CategoryAction.INFO: Input Data : {"decoded":{"sub":"1","id":"1","userName":"super admin","userGroup":"1","email":"superadmin@msense.in","hotelId":"4","brandId":"7","iat":1687150936,"exp":1687237336}}  
[2023-06-19 06:55:53] CategoryAction.INFO: ======= END Channel Action (CREATE) ================  
[2023-06-19 07:12:38] CategoryAction.INFO: ======= Start Category Action (Single One) ================  
[2023-06-19 07:12:38] CategoryAction.INFO: method : POST  
[2023-06-19 07:12:38] CategoryAction.INFO: contentType : application/json  
[2023-06-19 07:12:38] CategoryAction.INFO: Input Data : {"decoded":{"sub":"1","id":"1","userName":"super admin","userGroup":"1","email":"superadmin@msense.in","hotelId":"4","brandId":"7","iat":1687150936,"exp":1687237336}}  
[2023-06-19 07:12:38] CategoryAction.INFO: ======= END Channel Action (CREATE) ================  
[2023-06-19 08:35:45] CategoryAction.INFO: ======= Start Category Action (Single One) ================  
[2023-06-19 08:35:45] CategoryAction.INFO: method : POST  
[2023-06-19 08:35:45] CategoryAction.INFO: contentType : application/json  
[2023-06-19 08:35:45] CategoryAction.INFO: Input Data : {"decoded":{"sub":"1","id":"1","userName":"super admin","userGroup":"1","email":"superadmin@msense.in","hotelId":"4","brandId":"7","iat":1687150936,"exp":1687237336}}  
[2023-06-19 08:35:45] CategoryAction.INFO: ======= END Channel Action (CREATE) ================  
[2023-06-19 08:36:00] CategoryAction.INFO: ======= Start Category Action (Single One) ================  
[2023-06-19 08:36:00] CategoryAction.INFO: method : POST  
[2023-06-19 08:36:00] CategoryAction.INFO: contentType : application/json  
[2023-06-19 08:36:00] CategoryAction.INFO: Input Data : {"decoded":{"sub":"1","id":"1","userName":"super admin","userGroup":"1","email":"superadmin@msense.in","hotelId":"4","brandId":"7","iat":1687150936,"exp":1687237336}}  
[2023-06-19 08:36:00] CategoryAction.INFO: ======= END Channel Action (CREATE) ================  
[2023-06-19 08:37:57] CategoryAction.INFO: ======= Start Category Action (Single One) ================  
[2023-06-19 08:37:57] CategoryAction.INFO: method : POST  
[2023-06-19 08:37:57] CategoryAction.INFO: contentType : application/json  
[2023-06-19 08:37:57] CategoryAction.INFO: Input Data : {"decoded":{"sub":"1","id":"1","userName":"super admin","userGroup":"1","email":"superadmin@msense.in","hotelId":"4","brandId":"7","iat":1687150936,"exp":1687237336}}  
[2023-06-19 08:37:57] CategoryAction.INFO: ======= END Channel Action (CREATE) ================  
[2023-06-19 08:38:10] CategoryAction.INFO: ======= Start Category Action (Single One) ================  
[2023-06-19 08:38:10] CategoryAction.INFO: method : POST  
[2023-06-19 08:38:10] CategoryAction.INFO: contentType : application/json  
[2023-06-19 08:38:10] CategoryAction.INFO: Input Data : {"decoded":{"sub":"1","id":"1","userName":"super admin","userGroup":"1","email":"superadmin@msense.in","hotelId":"4","brandId":"7","iat":1687150936,"exp":1687237336}}  
[2023-06-19 08:38:10] CategoryAction.INFO: ======= END Channel Action (CREATE) ================  
[2023-06-19 08:39:45] CategoryAction.INFO: ======= Start Category Action (Single One) ================  
[2023-06-19 08:39:45] CategoryAction.INFO: method : POST  
[2023-06-19 08:39:45] CategoryAction.INFO: contentType : application/json  
[2023-06-19 08:39:45] CategoryAction.INFO: Input Data : {"decoded":{"sub":"1","id":"1","userName":"super admin","userGroup":"1","email":"superadmin@msense.in","hotelId":"4","brandId":"7","iat":1687150936,"exp":1687237336}}  
[2023-06-19 08:39:45] CategoryAction.INFO: ======= END Channel Action (CREATE) ================  
[2023-06-19 08:41:12] CategoryAction.INFO: ======= Start Category Action (Single One) ================  
[2023-06-19 08:41:12] CategoryAction.INFO: method : POST  
[2023-06-19 08:41:12] CategoryAction.INFO: contentType : application/json  
[2023-06-19 08:41:12] CategoryAction.INFO: Input Data : {"decoded":{"sub":"1","id":"1","userName":"super admin","userGroup":"1","email":"superadmin@msense.in","hotelId":"4","brandId":"7","iat":1687150936,"exp":1687237336}}  
[2023-06-19 08:41:12] CategoryAction.INFO: ======= END Channel Action (CREATE) ================  
[2023-06-19 08:46:56] CategoryAction.INFO: ======= Start Category Action (Single One) ================  
[2023-06-19 08:46:56] CategoryAction.INFO: method : POST  
[2023-06-19 08:46:56] CategoryAction.INFO: contentType : application/json  
[2023-06-19 08:46:56] CategoryAction.INFO: Input Data : {"decoded":{"sub":"1","id":"1","userName":"super admin","userGroup":"1","email":"superadmin@msense.in","hotelId":"4","brandId":"7","iat":1687150936,"exp":1687237336}}  
[2023-06-19 08:46:56] CategoryAction.INFO: ======= END Channel Action (CREATE) ================  
[2023-06-19 08:47:09] CategoryAction.INFO: ======= Start Category Action (Single One) ================  
[2023-06-19 08:47:09] CategoryAction.INFO: method : POST  
[2023-06-19 08:47:09] CategoryAction.INFO: contentType : application/json  
[2023-06-19 08:47:09] CategoryAction.INFO: Input Data : {"decoded":{"sub":"1","id":"1","userName":"super admin","userGroup":"1","email":"superadmin@msense.in","hotelId":"4","brandId":"7","iat":1687150936,"exp":1687237336}}  
[2023-06-19 08:47:09] CategoryAction.INFO: ======= END Channel Action (CREATE) ================  
[2023-06-19 08:49:47] CategoryAction.INFO: ======= Start Category Action (Single One) ================  
[2023-06-19 08:49:47] CategoryAction.INFO: method : POST  
[2023-06-19 08:49:47] CategoryAction.INFO: contentType : application/json  
[2023-06-19 08:49:47] CategoryAction.INFO: Input Data : {"decoded":{"sub":"1","id":"1","userName":"super admin","userGroup":"1","email":"superadmin@msense.in","hotelId":"4","brandId":"7","iat":1687150936,"exp":1687237336}}  
[2023-06-19 08:49:47] CategoryAction.INFO: ======= END Channel Action (CREATE) ================  
[2023-06-19 08:50:06] CategoryAction.INFO: ======= Start Category Action (Single One) ================  
[2023-06-19 08:50:06] CategoryAction.INFO: method : POST  
[2023-06-19 08:50:06] CategoryAction.INFO: contentType : application/json  
[2023-06-19 08:50:06] CategoryAction.INFO: Input Data : {"decoded":{"sub":"1","id":"1","userName":"super admin","userGroup":"1","email":"superadmin@msense.in","hotelId":"4","brandId":"7","iat":1687150936,"exp":1687237336}}  
[2023-06-19 08:50:06] CategoryAction.INFO: ======= END Channel Action (CREATE) ================  
[2023-06-19 08:50:53] CategoryAction.INFO: ======= Start Category Action (Single One) ================  
[2023-06-19 08:50:53] CategoryAction.INFO: method : POST  
[2023-06-19 08:50:53] CategoryAction.INFO: contentType : application/json  
[2023-06-19 08:50:53] CategoryAction.INFO: Input Data : {"decoded":{"sub":"1","id":"1","userName":"super admin","userGroup":"1","email":"superadmin@msense.in","hotelId":"4","brandId":"7","iat":1687150936,"exp":1687237336}}  
[2023-06-19 08:50:53] CategoryAction.INFO: ======= END Channel Action (CREATE) ================  
[2023-06-19 08:51:11] CategoryAction.INFO: ======= Start Category Action (Single One) ================  
[2023-06-19 08:51:11] CategoryAction.INFO: method : POST  
[2023-06-19 08:51:11] CategoryAction.INFO: contentType : application/json  
[2023-06-19 08:51:11] CategoryAction.INFO: Input Data : {"decoded":{"sub":"1","id":"1","userName":"super admin","userGroup":"1","email":"superadmin@msense.in","hotelId":"4","brandId":"7","iat":1687150936,"exp":1687237336}}  
[2023-06-19 08:51:11] CategoryAction.INFO: ======= END Channel Action (CREATE) ================  
[2023-06-19 08:52:29] CategoryAction.INFO: ======= Start Category Action (Single One) ================  
[2023-06-19 08:52:29] CategoryAction.INFO: method : POST  
[2023-06-19 08:52:29] CategoryAction.INFO: contentType : application/json  
[2023-06-19 08:52:29] CategoryAction.INFO: Input Data : {"decoded":{"sub":"1","id":"1","userName":"super admin","userGroup":"1","email":"superadmin@msense.in","hotelId":"4","brandId":"7","iat":1687150936,"exp":1687237336}}  
[2023-06-19 08:52:29] CategoryAction.INFO: ======= END Channel Action (CREATE) ================  
[2023-06-19 08:52:33] CategoryAction.INFO: ======= Start Category Action (Single One) ================  
[2023-06-19 08:52:33] CategoryAction.INFO: method : POST  
[2023-06-19 08:52:33] CategoryAction.INFO: contentType : application/json  
[2023-06-19 08:52:33] CategoryAction.INFO: Input Data : {"decoded":{"sub":"1","id":"1","userName":"super admin","userGroup":"1","email":"superadmin@msense.in","hotelId":"4","brandId":"7","iat":1687150936,"exp":1687237336}}  
[2023-06-19 08:52:33] CategoryAction.INFO: ======= END Channel Action (CREATE) ================  
[2023-06-19 08:53:44] CategoryAction.INFO: ======= Start Category Action (Single One) ================  
[2023-06-19 08:53:44] CategoryAction.INFO: method : POST  
[2023-06-19 08:53:44] CategoryAction.INFO: contentType : application/json  
[2023-06-19 08:53:44] CategoryAction.INFO: Input Data : {"decoded":{"sub":"1","id":"1","userName":"super admin","userGroup":"1","email":"superadmin@msense.in","hotelId":"4","brandId":"7","iat":1687150936,"exp":1687237336}}  
[2023-06-19 08:53:44] CategoryAction.INFO: ======= END Channel Action (CREATE) ================  
[2023-06-19 08:54:55] CategoryAction.INFO: ======= Start Category Action (Single One) ================  
[2023-06-19 08:54:55] CategoryAction.INFO: method : POST  
[2023-06-19 08:54:55] CategoryAction.INFO: contentType : application/json  
[2023-06-19 08:54:55] CategoryAction.INFO: Input Data : {"decoded":{"sub":"1","id":"1","userName":"super admin","userGroup":"1","email":"superadmin@msense.in","hotelId":"4","brandId":"7","iat":1687150936,"exp":1687237336}}  
[2023-06-19 08:54:55] CategoryAction.INFO: ======= END Channel Action (CREATE) ================  
[2023-06-19 08:56:00] CategoryAction.INFO: ======= Start Category Action (Single One) ================  
[2023-06-19 08:56:00] CategoryAction.INFO: method : POST  
[2023-06-19 08:56:00] CategoryAction.INFO: contentType : application/json  
[2023-06-19 08:56:00] CategoryAction.INFO: Input Data : {"decoded":{"sub":"1","id":"1","userName":"super admin","userGroup":"1","email":"superadmin@msense.in","hotelId":"4","brandId":"7","iat":1687150936,"exp":1687237336}}  
[2023-06-19 08:56:00] CategoryAction.INFO: ======= END Channel Action (CREATE) ================  
[2023-06-19 08:57:43] CategoryAction.INFO: ======= Start Category Action (Single One) ================  
[2023-06-19 08:57:43] CategoryAction.INFO: method : POST  
[2023-06-19 08:57:43] CategoryAction.INFO: contentType : application/json  
[2023-06-19 08:57:43] CategoryAction.INFO: Input Data : {"decoded":{"sub":"1","id":"1","userName":"super admin","userGroup":"1","email":"superadmin@msense.in","hotelId":"4","brandId":"7","iat":1687150936,"exp":1687237336}}  
[2023-06-19 08:57:43] CategoryAction.INFO: ======= END Channel Action (CREATE) ================  
[2023-06-19 09:00:02] CategoryAction.INFO: ======= Start Category Action (Single One) ================  
[2023-06-19 09:00:02] CategoryAction.INFO: method : POST  
[2023-06-19 09:00:02] CategoryAction.INFO: contentType : application/json  
[2023-06-19 09:00:02] CategoryAction.INFO: Input Data : {"decoded":{"sub":"1","id":"1","userName":"super admin","userGroup":"1","email":"superadmin@msense.in","hotelId":"4","brandId":"7","iat":1687150936,"exp":1687237336}}  
[2023-06-19 09:00:02] CategoryAction.INFO: ======= END Channel Action (CREATE) ================  
[2023-06-19 09:01:00] CategoryAction.INFO: ======= Start Category Action (Single One) ================  
[2023-06-19 09:01:00] CategoryAction.INFO: method : POST  
[2023-06-19 09:01:00] CategoryAction.INFO: contentType : application/json  
[2023-06-19 09:01:00] CategoryAction.INFO: Input Data : {"decoded":{"sub":"1","id":"1","userName":"super admin","userGroup":"1","email":"superadmin@msense.in","hotelId":"4","brandId":"7","iat":1687150936,"exp":1687237336}}  
[2023-06-19 09:01:00] CategoryAction.INFO: ======= END Channel Action (CREATE) ================  
[2023-06-19 09:04:59] CategoryAction.INFO: ======= Start Category Action (Single One) ================  
[2023-06-19 09:04:59] CategoryAction.INFO: method : POST  
[2023-06-19 09:04:59] CategoryAction.INFO: contentType : application/json  
[2023-06-19 09:04:59] CategoryAction.INFO: Input Data : {"decoded":{"sub":"1","id":"1","userName":"super admin","userGroup":"1","email":"superadmin@msense.in","hotelId":"4","brandId":"7","iat":1687150936,"exp":1687237336}}  
[2023-06-19 09:04:59] CategoryAction.INFO: ======= END Channel Action (CREATE) ================  
[2023-06-19 09:05:02] CategoryAction.INFO: ======= Start Category Action (Single One) ================  
[2023-06-19 09:05:02] CategoryAction.INFO: method : POST  
[2023-06-19 09:05:02] CategoryAction.INFO: contentType : application/json  
[2023-06-19 09:05:02] CategoryAction.INFO: Input Data : {"decoded":{"sub":"1","id":"1","userName":"super admin","userGroup":"1","email":"superadmin@msense.in","hotelId":"4","brandId":"7","iat":1687165498,"exp":1687251898}}  
[2023-06-19 09:05:02] CategoryAction.INFO: ======= END Channel Action (CREATE) ================  
[2023-06-19 09:08:18] CategoryAction.INFO: ======= Start Category Action (Single One) ================  
[2023-06-19 09:08:18] CategoryAction.INFO: method : POST  
[2023-06-19 09:08:18] CategoryAction.INFO: contentType : application/json  
[2023-06-19 09:08:18] CategoryAction.INFO: Input Data : {"decoded":{"sub":"1","id":"1","userName":"super admin","userGroup":"1","email":"superadmin@msense.in","hotelId":"4","brandId":"7","iat":1687150936,"exp":1687237336}}  
[2023-06-19 09:08:18] CategoryAction.INFO: ======= END Channel Action (CREATE) ================  
[2023-06-19 09:08:26] CategoryAction.INFO: ======= Start Category Action (Single One) ================  
[2023-06-19 09:08:26] CategoryAction.INFO: method : POST  
[2023-06-19 09:08:26] CategoryAction.INFO: contentType : application/json  
[2023-06-19 09:08:26] CategoryAction.INFO: Input Data : {"decoded":{"sub":"1","id":"1","userName":"super admin","userGroup":"1","email":"superadmin@msense.in","hotelId":"4","brandId":"7","iat":1687150936,"exp":1687237336}}  
[2023-06-19 09:08:26] CategoryAction.INFO: ======= END Channel Action (CREATE) ================  
[2023-06-19 09:08:31] CategoryAction.INFO: ======= Start Category Action (Single One) ================  
[2023-06-19 09:08:31] CategoryAction.INFO: method : POST  
[2023-06-19 09:08:31] CategoryAction.INFO: contentType : application/json  
[2023-06-19 09:08:31] CategoryAction.INFO: Input Data : {"decoded":{"sub":"1","id":"1","userName":"super admin","userGroup":"1","email":"superadmin@msense.in","hotelId":"4","brandId":"7","iat":1687150936,"exp":1687237336}}  
[2023-06-19 09:08:31] CategoryAction.INFO: ======= END Channel Action (CREATE) ================  
[2023-06-19 09:35:48] CategoryAction.INFO: ======= Start Category Action (Single One) ================  
[2023-06-19 09:35:48] CategoryAction.INFO: method : POST  
[2023-06-19 09:35:48] CategoryAction.INFO: contentType : application/json  
[2023-06-19 09:35:48] CategoryAction.INFO: Input Data : {"decoded":{"sub":"1","id":"1","userName":"super admin","userGroup":"1","email":"superadmin@msense.in","hotelId":"4","brandId":"7","iat":1687150936,"exp":1687237336}}  
[2023-06-19 09:35:48] CategoryAction.INFO: ======= END Channel Action (CREATE) ================  
[2023-06-19 11:36:22] CategoryAction.INFO: ======= Start Category Action (Single One) ================  
[2023-06-19 11:36:22] CategoryAction.INFO: method : POST  
[2023-06-19 11:36:22] CategoryAction.INFO: contentType : application/json  
[2023-06-19 11:36:22] CategoryAction.INFO: Input Data : {"decoded":{"sub":"1","id":"1","userName":"super admin","userGroup":"1","email":"superadmin@msense.in","hotelId":"4","brandId":"7","iat":1687150936,"exp":1687237336}}  
[2023-06-19 11:36:22] CategoryAction.INFO: ======= END Channel Action (CREATE) ================  
[2023-06-19 11:36:55] CategoryAction.INFO: ======= Start Category Action (Single One) ================  
[2023-06-19 11:36:55] CategoryAction.INFO: method : POST  
[2023-06-19 11:36:55] CategoryAction.INFO: contentType : application/json  
[2023-06-19 11:36:55] CategoryAction.INFO: Input Data : {"decoded":{"sub":"1","id":"1","userName":"super admin","userGroup":"1","email":"superadmin@msense.in","hotelId":"4","brandId":"7","iat":1687150936,"exp":1687237336}}  
[2023-06-19 11:36:55] CategoryAction.INFO: ======= END Channel Action (CREATE) ================  
[2023-06-19 11:38:01] CategoryAction.INFO: ======= Start Category Action (Single One) ================  
[2023-06-19 11:38:01] CategoryAction.INFO: method : POST  
[2023-06-19 11:38:01] CategoryAction.INFO: contentType : application/json  
[2023-06-19 11:38:01] CategoryAction.INFO: Input Data : {"decoded":{"sub":"1","id":"1","userName":"super admin","userGroup":"1","email":"superadmin@msense.in","hotelId":"4","brandId":"7","iat":1687150936,"exp":1687237336}}  
[2023-06-19 11:38:01] CategoryAction.INFO: ======= END Channel Action (CREATE) ================  
[2023-06-19 11:45:19] CategoryAction.INFO: ======= Start Category Action (Single One) ================  
[2023-06-19 11:45:19] CategoryAction.INFO: method : POST  
[2023-06-19 11:45:19] CategoryAction.INFO: contentType : application/json  
[2023-06-19 11:45:19] CategoryAction.INFO: Input Data : {"decoded":{"sub":"1","id":"1","userName":"super admin","userGroup":"1","email":"superadmin@msense.in","hotelId":"4","brandId":"7","iat":1687150936,"exp":1687237336}}  
[2023-06-19 11:45:19] CategoryAction.INFO: ======= END Channel Action (CREATE) ================  
