[2023-06-19 07:05:57] CommonAction.INFO: ======= Start Common Action (getAllBrand) ================  
[2023-06-19 07:05:57] CommonAction.INFO: method : GET  
[2023-06-19 07:05:57] CommonAction.INFO: contentType : application/json  
[2023-06-19 07:05:57] CommonAction.INFO: Input Data : {"decoded":{"sub":"1","id":"1","userName":"super admin","userGroup":"1","email":"superadmin@msense.in","hotelId":"4","brandId":"7","iat":1687150936,"exp":1687237336}}  
[2023-06-19 07:05:57] CommonAction.INFO: ======= END Common Action (getAllBrand) ================  
[2023-06-19 07:09:36] CommonAction.INFO: ======= Start Common Action (getAllBrand) ================  
[2023-06-19 07:09:36] CommonAction.INFO: method : GET  
[2023-06-19 07:09:36] CommonAction.INFO: contentType : application/json  
[2023-06-19 07:09:36] CommonAction.INFO: Input Data : {"decoded":{"sub":"1","id":"1","userName":"super admin","userGroup":"1","email":"superadmin@msense.in","hotelId":"4","brandId":"7","iat":1687150936,"exp":1687237336}}  
[2023-06-19 07:09:36] CommonAction.INFO: ======= END Common Action (getAllBrand) ================  
[2023-06-19 08:35:26] CommonAction.INFO: ======= Start Common Action (getAllBrand) ================  
[2023-06-19 08:35:26] CommonAction.INFO: method : GET  
[2023-06-19 08:35:26] CommonAction.INFO: contentType : application/json  
[2023-06-19 08:35:26] CommonAction.INFO: Input Data : {"decoded":{"sub":"1","id":"1","userName":"super admin","userGroup":"1","email":"superadmin@msense.in","hotelId":"4","brandId":"7","iat":1687150936,"exp":1687237336}}  
[2023-06-19 08:35:26] CommonAction.INFO: ======= END Common Action (getAllBrand) ================  
[2023-06-19 08:46:43] CommonAction.INFO: ======= Start Common Action (getAllBrand) ================  
[2023-06-19 08:46:43] CommonAction.INFO: method : GET  
[2023-06-19 08:46:43] CommonAction.INFO: contentType : application/json  
[2023-06-19 08:46:43] CommonAction.INFO: Input Data : {"decoded":{"sub":"1","id":"1","userName":"super admin","userGroup":"1","email":"superadmin@msense.in","hotelId":"4","brandId":"7","iat":1687150936,"exp":1687237336}}  
[2023-06-19 08:46:43] CommonAction.INFO: ======= END Common Action (getAllBrand) ================  
[2023-06-19 08:47:17] CommonAction.INFO: ======= Start Common Action (getAllBrand) ================  
[2023-06-19 08:47:17] CommonAction.INFO: method : GET  
[2023-06-19 08:47:17] CommonAction.INFO: contentType : application/json  
[2023-06-19 08:47:17] CommonAction.INFO: Input Data : {"decoded":{"sub":"1","id":"1","userName":"super admin","userGroup":"1","email":"superadmin@msense.in","hotelId":"4","brandId":"7","iat":1687150936,"exp":1687237336}}  
[2023-06-19 08:47:17] CommonAction.INFO: ======= END Common Action (getAllBrand) ================  
[2023-06-19 08:49:50] CommonAction.INFO: ======= Start Common Action (getAllBrand) ================  
[2023-06-19 08:49:50] CommonAction.INFO: method : GET  
[2023-06-19 08:49:50] CommonAction.INFO: contentType : application/json  
[2023-06-19 08:49:50] CommonAction.INFO: Input Data : {"decoded":{"sub":"1","id":"1","userName":"super admin","userGroup":"1","email":"superadmin@msense.in","hotelId":"4","brandId":"7","iat":1687150936,"exp":1687237336}}  
[2023-06-19 08:49:50] CommonAction.INFO: ======= END Common Action (getAllBrand) ================  
[2023-06-19 09:07:19] CommonAction.INFO: ======= Start Common Action (getAllBrand) ================  
[2023-06-19 09:07:19] CommonAction.INFO: method : GET  
[2023-06-19 09:07:19] CommonAction.INFO: contentType : application/json  
[2023-06-19 09:07:19] CommonAction.INFO: Input Data : {"decoded":{"sub":"1","id":"1","userName":"super admin","userGroup":"1","email":"superadmin@msense.in","hotelId":"4","brandId":"7","iat":1687150936,"exp":1687237336}}  
[2023-06-19 09:07:19] CommonAction.INFO: ======= END Common Action (getAllBrand) ================  
[2023-06-19 09:08:09] CommonAction.INFO: ======= Start Common Action (getAllBrand) ================  
[2023-06-19 09:08:09] CommonAction.INFO: method : GET  
[2023-06-19 09:08:09] CommonAction.INFO: contentType : application/json  
[2023-06-19 09:08:09] CommonAction.INFO: Input Data : {"decoded":{"sub":"1","id":"1","userName":"super admin","userGroup":"1","email":"superadmin@msense.in","hotelId":"4","brandId":"7","iat":1687150936,"exp":1687237336}}  
[2023-06-19 09:08:09] CommonAction.INFO: ======= END Common Action (getAllBrand) ================  
[2023-06-19 09:08:22] CommonAction.INFO: ======= Start Common Action (getAllBrand) ================  
[2023-06-19 09:08:22] CommonAction.INFO: method : GET  
[2023-06-19 09:08:22] CommonAction.INFO: contentType : application/json  
[2023-06-19 09:08:22] CommonAction.INFO: Input Data : {"decoded":{"sub":"1","id":"1","userName":"super admin","userGroup":"1","email":"superadmin@msense.in","hotelId":"4","brandId":"7","iat":1687150936,"exp":1687237336}}  
[2023-06-19 09:08:22] CommonAction.INFO: ======= END Common Action (getAllBrand) ================  
[2023-06-19 09:35:51] CommonAction.INFO: ======= Start Common Action (getAllBrand) ================  
[2023-06-19 09:35:51] CommonAction.INFO: method : GET  
[2023-06-19 09:35:51] CommonAction.INFO: contentType : application/json  
[2023-06-19 09:35:51] CommonAction.INFO: Input Data : {"decoded":{"sub":"1","id":"1","userName":"super admin","userGroup":"1","email":"superadmin@msense.in","hotelId":"4","brandId":"7","iat":1687150936,"exp":1687237336}}  
[2023-06-19 09:35:51] CommonAction.INFO: ======= END Common Action (getAllBrand) ================  
[2023-06-19 11:36:34] CommonAction.INFO: ======= Start Common Action (getAllBrand) ================  
[2023-06-19 11:36:34] CommonAction.INFO: method : GET  
[2023-06-19 11:36:34] CommonAction.INFO: contentType : application/json  
[2023-06-19 11:36:34] CommonAction.INFO: Input Data : {"decoded":{"sub":"1","id":"1","userName":"super admin","userGroup":"1","email":"superadmin@msense.in","hotelId":"4","brandId":"7","iat":1687150936,"exp":1687237336}}  
[2023-06-19 11:36:34] CommonAction.INFO: ======= END Common Action (getAllBrand) ================  
[2023-06-19 11:48:16] CommonAction.INFO: ======= Start Common Action (getAllSideBarMenu) ================  
[2023-06-19 11:48:16] CommonAction.INFO: method : GET  
[2023-06-19 11:48:16] CommonAction.INFO: contentType : application/json  
[2023-06-19 11:48:16] CommonAction.INFO: Input Data : {"decoded":{"sub":"1","id":"1","userName":"super admin","userGroup":"1","email":"superadmin@msense.in","hotelId":"4","brandId":"7","iat":1687175286,"exp":1687261686}}  
[2023-06-19 11:48:16] CommonAction.INFO: ======= END Common Action (getAllSideBarMenu) ================  
[2023-06-19 11:48:30] CommonAction.INFO: ======= Start Common Action (getAllSideBarMenu) ================  
[2023-06-19 11:48:30] CommonAction.INFO: method : GET  
[2023-06-19 11:48:30] CommonAction.INFO: contentType : application/json  
[2023-06-19 11:48:30] CommonAction.INFO: Input Data : {"decoded":{"sub":"1","id":"1","userName":"super admin","userGroup":"1","email":"superadmin@msense.in","hotelId":"4","brandId":"7","iat":1687175286,"exp":1687261686}}  
[2023-06-19 11:48:31] CommonAction.INFO: ======= END Common Action (getAllSideBarMenu) ================  
[2023-06-19 11:48:47] CommonAction.INFO: ======= Start Common Action (getAllAssignMenus) ================  
[2023-06-19 11:48:47] CommonAction.INFO: method : GET  
[2023-06-19 11:48:47] CommonAction.INFO: contentType : application/json  
[2023-06-19 11:48:47] CommonAction.INFO: Input Data : {"decoded":{"sub":"1","id":"1","userName":"super admin","userGroup":"1","email":"superadmin@msense.in","hotelId":"4","brandId":"7","iat":1687175286,"exp":1687261686}}  
[2023-06-19 11:48:47] CommonAction.INFO: ======= END Common Action (getAllAssignMenus) ================  
[2023-06-19 11:49:16] CommonAction.INFO: ======= Start Common Action (getAllSideBarMenu) ================  
[2023-06-19 11:49:16] CommonAction.INFO: method : GET  
[2023-06-19 11:49:16] CommonAction.INFO: contentType : application/json  
[2023-06-19 11:49:16] CommonAction.INFO: Input Data : {"decoded":{"sub":"1","id":"1","userName":"super admin","userGroup":"1","email":"superadmin@msense.in","hotelId":"4","brandId":"7","iat":1687175286,"exp":1687261686}}  
[2023-06-19 11:49:16] CommonAction.INFO: ======= END Common Action (getAllSideBarMenu) ================  
[2023-06-19 12:00:47] CommonAction.INFO: ======= Start Common Action (getAllSideBarMenu) ================  
[2023-06-19 12:00:47] CommonAction.INFO: method : GET  
[2023-06-19 12:00:47] CommonAction.INFO: contentType : application/json  
[2023-06-19 12:00:47] CommonAction.INFO: Input Data : {"decoded":{"sub":"1","id":"1","userName":"super admin","userGroup":"1","email":"superadmin@msense.in","hotelId":"4","brandId":"7","iat":1687175286,"exp":1687261686}}  
[2023-06-19 12:00:47] CommonAction.INFO: ======= END Common Action (getAllSideBarMenu) ================  
[2023-06-19 12:00:56] CommonAction.INFO: ======= Start Common Action (getAllSideBarMenu) ================  
[2023-06-19 12:00:56] CommonAction.INFO: method : GET  
[2023-06-19 12:00:56] CommonAction.INFO: contentType : application/json  
[2023-06-19 12:00:56] CommonAction.INFO: Input Data : {"decoded":{"sub":"1","id":"1","userName":"super admin","userGroup":"1","email":"superadmin@msense.in","hotelId":"4","brandId":"7","iat":1687175286,"exp":1687261686}}  
[2023-06-19 12:00:56] CommonAction.INFO: ======= END Common Action (getAllSideBarMenu) ================  
[2023-06-19 12:01:06] CommonAction.INFO: ======= Start Common Action (getAllSideBarMenu) ================  
[2023-06-19 12:01:06] CommonAction.INFO: method : GET  
[2023-06-19 12:01:06] CommonAction.INFO: contentType : application/json  
[2023-06-19 12:01:06] CommonAction.INFO: Input Data : {"decoded":{"sub":"1","id":"1","userName":"super admin","userGroup":"1","email":"superadmin@msense.in","hotelId":"4","brandId":"7","iat":1687175286,"exp":1687261686}}  
[2023-06-19 12:01:06] CommonAction.INFO: ======= END Common Action (getAllSideBarMenu) ================  
