[2023-06-19 05:02:19] WizardSetupAction.INFO: ======= Start WizardSetup Action (Get Template Details for hotel) ================  
[2023-06-19 05:02:19] WizardSetupAction.INFO: method : POST  
[2023-06-19 05:02:19] WizardSetupAction.INFO: Input Data : {"hotelid":"4","tempid":null,"decoded":{"sub":"1","id":"1","userName":"super admin","userGroup":"1","email":"superadmin@msense.in","hotelId":"4","brandId":"7","iat":1687150936,"exp":1687237336}}  
[2023-06-19 05:02:19] WizardSetupAction.INFO: ======= END WizardSetup Action (Get Template Details for hotel) ================  
[2023-06-19 05:05:43] WizardSetupAction.INFO: ======= Start WizardSetup Action (Get Template Details for hotel) ================  
[2023-06-19 05:05:43] WizardSetupAction.INFO: method : POST  
[2023-06-19 05:05:43] WizardSetupAction.INFO: Input Data : {"hotelid":"4","tempid":"4","decoded":{"sub":"1","id":"1","userName":"super admin","userGroup":"1","email":"superadmin@msense.in","hotelId":"4","brandId":"7","iat":1687150936,"exp":1687237336}}  
[2023-06-19 05:05:43] WizardSetupAction.INFO: ======= END WizardSetup Action (Get Template Details for hotel) ================  
[2023-06-19 05:07:56] WizardSetupAction.INFO: ======= Start WizardSetup Action (Get Template Details for hotel) ================  
[2023-06-19 05:07:56] WizardSetupAction.INFO: method : POST  
[2023-06-19 05:07:56] WizardSetupAction.INFO: Input Data : {"hotelid":"4","tempid":"4","decoded":{"sub":"1","id":"1","userName":"super admin","userGroup":"1","email":"superadmin@msense.in","hotelId":"4","brandId":"7","iat":1687150936,"exp":1687237336}}  
[2023-06-19 05:07:56] WizardSetupAction.INFO: ======= END WizardSetup Action (Get Template Details for hotel) ================  
[2023-06-19 05:08:41] WizardSetupAction.INFO: ======= Start WizardSetup Action (Get Template Details for hotel) ================  
[2023-06-19 05:08:41] WizardSetupAction.INFO: method : POST  
[2023-06-19 05:08:41] WizardSetupAction.INFO: Input Data : {"hotelid":"4","tempid":"4","decoded":{"sub":"1","id":"1","userName":"super admin","userGroup":"1","email":"superadmin@msense.in","hotelId":"4","brandId":"7","iat":1687150936,"exp":1687237336}}  
[2023-06-19 05:08:41] WizardSetupAction.INFO: ======= END WizardSetup Action (Get Template Details for hotel) ================  
[2023-06-19 05:08:53] WizardSetupAction.INFO: ======= Start WizardSetup Action (Get Template Details for hotel) ================  
[2023-06-19 05:08:53] WizardSetupAction.INFO: method : POST  
[2023-06-19 05:08:53] WizardSetupAction.INFO: Input Data : {"hotelid":"4","tempid":"4","decoded":{"sub":"1","id":"1","userName":"super admin","userGroup":"1","email":"superadmin@msense.in","hotelId":"4","brandId":"7","iat":1687150936,"exp":1687237336}}  
[2023-06-19 05:08:53] WizardSetupAction.INFO: ======= END WizardSetup Action (Get Template Details for hotel) ================  
[2023-06-19 05:09:39] WizardSetupAction.INFO: ======= Start WizardSetup Action (Get Template Details for hotel) ================  
[2023-06-19 05:09:39] WizardSetupAction.INFO: method : POST  
[2023-06-19 05:09:39] WizardSetupAction.INFO: Input Data : {"hotelid":"4","tempid":"4","decoded":{"sub":"1","id":"1","userName":"super admin","userGroup":"1","email":"superadmin@msense.in","hotelId":"4","brandId":"7","iat":1687150936,"exp":1687237336}}  
[2023-06-19 05:09:39] WizardSetupAction.INFO: ======= END WizardSetup Action (Get Template Details for hotel) ================  
[2023-06-19 05:10:25] WizardSetupAction.INFO: ======= Start WizardSetup Action (Get Template Details for hotel) ================  
[2023-06-19 05:10:25] WizardSetupAction.INFO: method : POST  
[2023-06-19 05:10:25] WizardSetupAction.INFO: Input Data : {"hotelid":"4","tempid":"4","decoded":{"sub":"1","id":"1","userName":"super admin","userGroup":"1","email":"superadmin@msense.in","hotelId":"4","brandId":"7","iat":1687150936,"exp":1687237336}}  
[2023-06-19 05:10:25] WizardSetupAction.INFO: ======= END WizardSetup Action (Get Template Details for hotel) ================  
[2023-06-19 05:10:28] WizardSetupAction.INFO: ======= Start WizardSetup Action (Update Template) ================  
[2023-06-19 05:10:28] WizardSetupAction.INFO: method : PUT  
[2023-06-19 05:10:28] WizardSetupAction.INFO: contentType : application/json  
[2023-06-19 05:10:28] WizardSetupAction.INFO: Input Data : {"templateid":"4","hotelid":"4","decoded":{"sub":"1","id":"1","userName":"super admin","userGroup":"1","email":"superadmin@msense.in","hotelId":"4","brandId":"7","iat":1687150936,"exp":1687237336}}  
[2023-06-19 05:10:28] WizardSetupAction.INFO: ======= END WizardSetup Action (Update Template) ================  
[2023-06-19 05:16:42] WizardSetupAction.INFO: ======= Start WizardSetup Action (Get Template Details for hotel) ================  
[2023-06-19 05:16:42] WizardSetupAction.INFO: method : POST  
[2023-06-19 05:16:42] WizardSetupAction.INFO: Input Data : {"hotelid":"4","tempid":"4","decoded":{"sub":"1","id":"1","userName":"super admin","userGroup":"1","email":"superadmin@msense.in","hotelId":"4","brandId":"7","iat":1687150936,"exp":1687237336}}  
[2023-06-19 05:16:42] WizardSetupAction.INFO: ======= END WizardSetup Action (Get Template Details for hotel) ================  
[2023-06-19 05:16:45] WizardSetupAction.INFO: ======= Start WizardSetup Action (Update Template) ================  
[2023-06-19 05:16:45] WizardSetupAction.INFO: method : PUT  
[2023-06-19 05:16:45] WizardSetupAction.INFO: contentType : application/json  
[2023-06-19 05:16:45] WizardSetupAction.INFO: Input Data : {"templateid":"4","hotelid":"4","decoded":{"sub":"1","id":"1","userName":"super admin","userGroup":"1","email":"superadmin@msense.in","hotelId":"4","brandId":"7","iat":1687150936,"exp":1687237336}}  
[2023-06-19 05:16:45] WizardSetupAction.INFO: ======= END WizardSetup Action (Update Template) ================  
[2023-06-19 05:20:20] WizardSetupAction.INFO: ======= Start WizardSetup Action (Get Template Details for hotel) ================  
[2023-06-19 05:20:20] WizardSetupAction.INFO: method : POST  
[2023-06-19 05:20:20] WizardSetupAction.INFO: Input Data : {"hotelid":"4","tempid":"4","decoded":{"sub":"1","id":"1","userName":"super admin","userGroup":"1","email":"superadmin@msense.in","hotelId":"4","brandId":"7","iat":1687150936,"exp":1687237336}}  
[2023-06-19 05:20:20] WizardSetupAction.INFO: ======= END WizardSetup Action (Get Template Details for hotel) ================  
[2023-06-19 05:20:23] WizardSetupAction.INFO: ======= Start WizardSetup Action (Update Template) ================  
[2023-06-19 05:20:23] WizardSetupAction.INFO: method : PUT  
[2023-06-19 05:20:23] WizardSetupAction.INFO: contentType : application/json  
[2023-06-19 05:20:23] WizardSetupAction.INFO: Input Data : {"templateid":"4","hotelid":"4","decoded":{"sub":"1","id":"1","userName":"super admin","userGroup":"1","email":"superadmin@msense.in","hotelId":"4","brandId":"7","iat":1687150936,"exp":1687237336}}  
[2023-06-19 05:20:23] WizardSetupAction.INFO: ======= END WizardSetup Action (Update Template) ================  
[2023-06-19 05:21:15] WizardSetupAction.INFO: ======= Start WizardSetup Action (Get Template Details for hotel) ================  
[2023-06-19 05:21:15] WizardSetupAction.INFO: method : POST  
[2023-06-19 05:21:15] WizardSetupAction.INFO: Input Data : {"hotelid":"4","tempid":"4","decoded":{"sub":"1","id":"1","userName":"super admin","userGroup":"1","email":"superadmin@msense.in","hotelId":"4","brandId":"7","iat":1687150936,"exp":1687237336}}  
[2023-06-19 05:21:15] WizardSetupAction.INFO: ======= END WizardSetup Action (Get Template Details for hotel) ================  
[2023-06-19 05:23:04] WizardSetupAction.INFO: ======= Start WizardSetup Action (Update Template) ================  
[2023-06-19 05:23:04] WizardSetupAction.INFO: method : PUT  
[2023-06-19 05:23:04] WizardSetupAction.INFO: contentType : application/json  
[2023-06-19 05:23:04] WizardSetupAction.INFO: Input Data : {"templateid":"4","hotelid":"4","decoded":{"sub":"1","id":"1","userName":"super admin","userGroup":"1","email":"superadmin@msense.in","hotelId":"4","brandId":"7","iat":1687150936,"exp":1687237336}}  
[2023-06-19 05:23:04] WizardSetupAction.INFO: ======= END WizardSetup Action (Update Template) ================  
[2023-06-19 05:23:09] WizardSetupAction.INFO: ======= Start WizardSetup Action (Get Template Details for hotel) ================  
[2023-06-19 05:23:09] WizardSetupAction.INFO: method : POST  
[2023-06-19 05:23:09] WizardSetupAction.INFO: Input Data : {"hotelid":"4","tempid":"4","decoded":{"sub":"1","id":"1","userName":"super admin","userGroup":"1","email":"superadmin@msense.in","hotelId":"4","brandId":"7","iat":1687150936,"exp":1687237336}}  
[2023-06-19 05:23:09] WizardSetupAction.INFO: ======= END WizardSetup Action (Get Template Details for hotel) ================  
[2023-06-19 05:27:32] WizardSetupAction.INFO: ======= Start WizardSetup Action (Update Template) ================  
[2023-06-19 05:27:32] WizardSetupAction.INFO: method : PUT  
[2023-06-19 05:27:32] WizardSetupAction.INFO: contentType : application/json  
[2023-06-19 05:27:32] WizardSetupAction.INFO: Input Data : {"templateid":"4","hotelid":"4","decoded":{"sub":"1","id":"1","userName":"super admin","userGroup":"1","email":"superadmin@msense.in","hotelId":"4","brandId":"7","iat":1687150936,"exp":1687237336}}  
[2023-06-19 05:27:32] WizardSetupAction.INFO: ======= END WizardSetup Action (Update Template) ================  
[2023-06-19 05:31:43] WizardSetupAction.INFO: ======= Start WizardSetup Action (Get Template Details for hotel) ================  
[2023-06-19 05:31:43] WizardSetupAction.INFO: method : POST  
[2023-06-19 05:31:43] WizardSetupAction.INFO: Input Data : {"hotelid":"4","tempid":"4","decoded":{"sub":"1","id":"1","userName":"super admin","userGroup":"1","email":"superadmin@msense.in","hotelId":"4","brandId":"7","iat":1687150936,"exp":1687237336}}  
[2023-06-19 05:31:43] WizardSetupAction.INFO: ======= END WizardSetup Action (Get Template Details for hotel) ================  
[2023-06-19 05:31:49] WizardSetupAction.INFO: ======= Start WizardSetup Action (Get Template Details for hotel) ================  
[2023-06-19 05:31:49] WizardSetupAction.INFO: method : POST  
[2023-06-19 05:31:49] WizardSetupAction.INFO: Input Data : {"hotelid":"4","tempid":"4","decoded":{"sub":"1","id":"1","userName":"super admin","userGroup":"1","email":"superadmin@msense.in","hotelId":"4","brandId":"7","iat":1687150936,"exp":1687237336}}  
[2023-06-19 05:31:49] WizardSetupAction.INFO: ======= END WizardSetup Action (Get Template Details for hotel) ================  
[2023-06-19 05:31:53] WizardSetupAction.INFO: ======= Start WizardSetup Action (Update Template) ================  
[2023-06-19 05:31:53] WizardSetupAction.INFO: method : PUT  
[2023-06-19 05:31:53] WizardSetupAction.INFO: contentType : application/json  
[2023-06-19 05:31:53] WizardSetupAction.INFO: Input Data : {"templateid":"4","hotelid":"4","decoded":{"sub":"1","id":"1","userName":"super admin","userGroup":"1","email":"superadmin@msense.in","hotelId":"4","brandId":"7","iat":1687150936,"exp":1687237336}}  
[2023-06-19 05:31:53] WizardSetupAction.INFO: ======= END WizardSetup Action (Update Template) ================  
[2023-06-19 05:32:43] WizardSetupAction.INFO: ======= Start WizardSetup Action (Get Template Details for hotel) ================  
[2023-06-19 05:32:43] WizardSetupAction.INFO: method : POST  
[2023-06-19 05:32:43] WizardSetupAction.INFO: Input Data : {"hotelid":"4","tempid":"4","decoded":{"sub":"1","id":"1","userName":"super admin","userGroup":"1","email":"superadmin@msense.in","hotelId":"4","brandId":"7","iat":1687150936,"exp":1687237336}}  
[2023-06-19 05:32:43] WizardSetupAction.INFO: ======= END WizardSetup Action (Get Template Details for hotel) ================  
[2023-06-19 05:36:44] WizardSetupAction.INFO: ======= Start WizardSetup Action (Get Template Details for hotel) ================  
[2023-06-19 05:36:44] WizardSetupAction.INFO: method : POST  
[2023-06-19 05:36:44] WizardSetupAction.INFO: Input Data : {"hotelid":"4","tempid":"4","decoded":{"sub":"1","id":"1","userName":"super admin","userGroup":"1","email":"superadmin@msense.in","hotelId":"4","brandId":"7","iat":1687150936,"exp":1687237336}}  
[2023-06-19 05:36:44] WizardSetupAction.INFO: ======= END WizardSetup Action (Get Template Details for hotel) ================  
[2023-06-19 05:36:46] WizardSetupAction.INFO: ======= Start WizardSetup Action (Update Template) ================  
[2023-06-19 05:36:46] WizardSetupAction.INFO: method : PUT  
[2023-06-19 05:36:46] WizardSetupAction.INFO: contentType : application/json  
[2023-06-19 05:36:46] WizardSetupAction.INFO: Input Data : {"templateid":"4","hotelid":"4","decoded":{"sub":"1","id":"1","userName":"super admin","userGroup":"1","email":"superadmin@msense.in","hotelId":"4","brandId":"7","iat":1687150936,"exp":1687237336}}  
[2023-06-19 05:36:46] WizardSetupAction.INFO: ======= END WizardSetup Action (Update Template) ================  
[2023-06-19 05:37:58] WizardSetupAction.INFO: ======= Start WizardSetup Action (Get Template Details for hotel) ================  
[2023-06-19 05:37:58] WizardSetupAction.INFO: method : POST  
[2023-06-19 05:37:58] WizardSetupAction.INFO: Input Data : {"hotelid":"4","tempid":"4","decoded":{"sub":"1","id":"1","userName":"super admin","userGroup":"1","email":"superadmin@msense.in","hotelId":"4","brandId":"7","iat":1687150936,"exp":1687237336}}  
[2023-06-19 05:37:58] WizardSetupAction.INFO: ======= END WizardSetup Action (Get Template Details for hotel) ================  
[2023-06-19 05:39:00] WizardSetupAction.INFO: ======= Start WizardSetup Action (Get Template Details for hotel) ================  
[2023-06-19 05:39:00] WizardSetupAction.INFO: method : POST  
[2023-06-19 05:39:00] WizardSetupAction.INFO: Input Data : {"hotelid":"4","tempid":"4","decoded":{"sub":"1","id":"1","userName":"super admin","userGroup":"1","email":"superadmin@msense.in","hotelId":"4","brandId":"7","iat":1687150936,"exp":1687237336}}  
[2023-06-19 05:39:00] WizardSetupAction.INFO: ======= END WizardSetup Action (Get Template Details for hotel) ================  
[2023-06-19 05:39:43] WizardSetupAction.INFO: ======= Start WizardSetup Action (Get Template Details for hotel) ================  
[2023-06-19 05:39:43] WizardSetupAction.INFO: method : POST  
[2023-06-19 05:39:43] WizardSetupAction.INFO: Input Data : {"hotelid":"4","tempid":"12","decoded":{"sub":"1","id":"1","userName":"super admin","userGroup":"1","email":"superadmin@msense.in","hotelId":"4","brandId":"7","iat":1687150936,"exp":1687237336}}  
[2023-06-19 05:39:43] WizardSetupAction.INFO: ======= END WizardSetup Action (Get Template Details for hotel) ================  
[2023-06-19 05:40:27] WizardSetupAction.INFO: ======= Start WizardSetup Action (Get Template Details for hotel) ================  
[2023-06-19 05:40:27] WizardSetupAction.INFO: method : POST  
[2023-06-19 05:40:27] WizardSetupAction.INFO: Input Data : {"hotelid":"4","tempid":"12","decoded":{"sub":"1","id":"1","userName":"super admin","userGroup":"1","email":"superadmin@msense.in","hotelId":"4","brandId":"7","iat":1687150936,"exp":1687237336}}  
[2023-06-19 05:40:27] WizardSetupAction.INFO: ======= END WizardSetup Action (Get Template Details for hotel) ================  
[2023-06-19 05:41:07] WizardSetupAction.INFO: ======= Start WizardSetup Action (Update Template) ================  
[2023-06-19 05:41:07] WizardSetupAction.INFO: method : PUT  
[2023-06-19 05:41:07] WizardSetupAction.INFO: contentType : application/json  
[2023-06-19 05:41:07] WizardSetupAction.INFO: Input Data : {"templateid":"4","hotelid":"4","decoded":{"sub":"1","id":"1","userName":"super admin","userGroup":"1","email":"superadmin@msense.in","hotelId":"4","brandId":"7","iat":1687150936,"exp":1687237336}}  
[2023-06-19 05:41:07] WizardSetupAction.INFO: ======= END WizardSetup Action (Update Template) ================  
[2023-06-19 06:08:34] WizardSetupAction.INFO: ======= Start WizardSetup Action (Add Features to hotel) ================  
[2023-06-19 06:08:34] WizardSetupAction.INFO: method : POST  
[2023-06-19 06:08:34] WizardSetupAction.INFO: contentType : application/json  
[2023-06-19 06:08:34] WizardSetupAction.INFO: Input Data : {"featureid":[],"hotelid":"4","decoded":{"sub":"1","id":"1","userName":"super admin","userGroup":"1","email":"superadmin@msense.in","hotelId":"4","brandId":"7","iat":1687150936,"exp":1687237336}}  
[2023-06-19 06:08:34] WizardSetupAction.INFO: ======= END WizardSetup Action (Add Features to hotel) ================  
[2023-06-19 06:11:15] WizardSetupAction.INFO: ======= Start WizardSetup Action (Get Template Details for hotel) ================  
[2023-06-19 06:11:15] WizardSetupAction.INFO: method : POST  
[2023-06-19 06:11:15] WizardSetupAction.INFO: Input Data : {"hotelid":"4","tempid":null,"decoded":{"sub":"1","id":"1","userName":"super admin","userGroup":"1","email":"superadmin@msense.in","hotelId":"4","brandId":"7","iat":1687155054,"exp":1687241454}}  
[2023-06-19 06:11:15] WizardSetupAction.INFO: ======= END WizardSetup Action (Get Template Details for hotel) ================  
[2023-06-19 06:11:25] WizardSetupAction.INFO: ======= Start WizardSetup Action (Update Template) ================  
[2023-06-19 06:11:25] WizardSetupAction.INFO: method : PUT  
[2023-06-19 06:11:25] WizardSetupAction.INFO: contentType : application/json  
[2023-06-19 06:11:25] WizardSetupAction.INFO: Input Data : {"templateid":"1","hotelid":"4","decoded":{"sub":"1","id":"1","userName":"super admin","userGroup":"1","email":"superadmin@msense.in","hotelId":"4","brandId":"7","iat":1687155054,"exp":1687241454}}  
[2023-06-19 06:11:25] WizardSetupAction.INFO: ======= END WizardSetup Action (Update Template) ================  
[2023-06-19 06:11:27] WizardSetupAction.INFO: ======= Start WizardSetup Action (Add Features to hotel) ================  
[2023-06-19 06:11:27] WizardSetupAction.INFO: method : POST  
[2023-06-19 06:11:27] WizardSetupAction.INFO: contentType : application/json  
[2023-06-19 06:11:27] WizardSetupAction.INFO: Input Data : {"featureid":[],"hotelid":"4","decoded":{"sub":"1","id":"1","userName":"super admin","userGroup":"1","email":"superadmin@msense.in","hotelId":"4","brandId":"7","iat":1687155054,"exp":1687241454}}  
[2023-06-19 06:11:27] WizardSetupAction.INFO: ======= END WizardSetup Action (Add Features to hotel) ================  
[2023-06-19 06:11:35] WizardSetupAction.INFO: ======= Start WizardSetup Action (Update feed) ================  
[2023-06-19 06:11:35] WizardSetupAction.INFO: method : PUT  
[2023-06-19 06:11:35] WizardSetupAction.INFO: contentType : application/json  
[2023-06-19 06:11:35] WizardSetupAction.INFO: Input Data : {"channelfeedtype":"3","hotelid":"4","decoded":{"sub":"1","id":"1","userName":"super admin","userGroup":"1","email":"superadmin@msense.in","hotelId":"4","brandId":"7","iat":1687155054,"exp":1687241454}}  
[2023-06-19 06:11:35] WizardSetupAction.INFO: ======= END WizardSetup Action (Update feed) ================  
[2023-06-19 06:12:36] WizardSetupAction.INFO: ======= Start WizardSetup Action (Get Template Details for hotel) ================  
[2023-06-19 06:12:36] WizardSetupAction.INFO: method : POST  
[2023-06-19 06:12:36] WizardSetupAction.INFO: Input Data : {"hotelid":"4","tempid":"12","decoded":{"sub":"1","id":"1","userName":"super admin","userGroup":"1","email":"superadmin@msense.in","hotelId":"4","brandId":"7","iat":1687150936,"exp":1687237336}}  
[2023-06-19 06:12:36] WizardSetupAction.INFO: ======= END WizardSetup Action (Get Template Details for hotel) ================  
[2023-06-19 06:12:45] WizardSetupAction.INFO: ======= Start WizardSetup Action (Update Template) ================  
[2023-06-19 06:12:45] WizardSetupAction.INFO: method : PUT  
[2023-06-19 06:12:45] WizardSetupAction.INFO: contentType : application/json  
[2023-06-19 06:12:45] WizardSetupAction.INFO: Input Data : {"templateid":"1","hotelid":"4","decoded":{"sub":"1","id":"1","userName":"super admin","userGroup":"1","email":"superadmin@msense.in","hotelId":"4","brandId":"7","iat":1687150936,"exp":1687237336}}  
[2023-06-19 06:12:45] WizardSetupAction.INFO: ======= END WizardSetup Action (Update Template) ================  
[2023-06-19 06:12:47] WizardSetupAction.INFO: ======= Start WizardSetup Action (Add Features to hotel) ================  
[2023-06-19 06:12:47] WizardSetupAction.INFO: method : POST  
[2023-06-19 06:12:47] WizardSetupAction.INFO: contentType : application/json  
[2023-06-19 06:12:47] WizardSetupAction.INFO: Input Data : {"featureid":[],"hotelid":"4","decoded":{"sub":"1","id":"1","userName":"super admin","userGroup":"1","email":"superadmin@msense.in","hotelId":"4","brandId":"7","iat":1687150936,"exp":1687237336}}  
[2023-06-19 06:12:47] WizardSetupAction.INFO: ======= END WizardSetup Action (Add Features to hotel) ================  
[2023-06-19 06:26:40] WizardSetupAction.INFO: ======= Start WizardSetup Action (Get Template Details for hotel) ================  
[2023-06-19 06:26:40] WizardSetupAction.INFO: method : POST  
[2023-06-19 06:26:40] WizardSetupAction.INFO: Input Data : {"hotelid":"4","tempid":"12","decoded":{"sub":"1","id":"1","userName":"super admin","userGroup":"1","email":"superadmin@msense.in","hotelId":"4","brandId":"7","iat":1687150936,"exp":1687237336}}  
[2023-06-19 06:26:40] WizardSetupAction.INFO: ======= END WizardSetup Action (Get Template Details for hotel) ================  
[2023-06-19 06:26:46] WizardSetupAction.INFO: ======= Start WizardSetup Action (Get Template Details for hotel) ================  
[2023-06-19 06:26:46] WizardSetupAction.INFO: method : POST  
[2023-06-19 06:26:46] WizardSetupAction.INFO: Input Data : {"hotelid":"4","tempid":null,"decoded":{"sub":"1","id":"1","userName":"super admin","userGroup":"1","email":"superadmin@msense.in","hotelId":"4","brandId":"7","iat":1687150936,"exp":1687237336}}  
[2023-06-19 06:26:46] WizardSetupAction.INFO: ======= END WizardSetup Action (Get Template Details for hotel) ================  
[2023-06-19 06:26:51] WizardSetupAction.INFO: ======= Start WizardSetup Action (Get Template Details for hotel) ================  
[2023-06-19 06:26:51] WizardSetupAction.INFO: method : POST  
[2023-06-19 06:26:51] WizardSetupAction.INFO: Input Data : {"hotelid":"4","tempid":null,"decoded":{"sub":"1","id":"1","userName":"super admin","userGroup":"1","email":"superadmin@msense.in","hotelId":"4","brandId":"7","iat":1687150936,"exp":1687237336}}  
[2023-06-19 06:26:51] WizardSetupAction.INFO: ======= END WizardSetup Action (Get Template Details for hotel) ================  
[2023-06-19 06:28:10] WizardSetupAction.INFO: ======= Start WizardSetup Action (Get Template Details for hotel) ================  
[2023-06-19 06:28:10] WizardSetupAction.INFO: method : POST  
[2023-06-19 06:28:10] WizardSetupAction.INFO: Input Data : {"hotelid":"4","tempid":null,"decoded":{"sub":"1","id":"1","userName":"super admin","userGroup":"1","email":"superadmin@msense.in","hotelId":"4","brandId":"7","iat":1687150936,"exp":1687237336}}  
[2023-06-19 06:28:10] WizardSetupAction.INFO: ======= END WizardSetup Action (Get Template Details for hotel) ================  
[2023-06-19 06:38:35] WizardSetupAction.INFO: ======= Start WizardSetup Action (Get Template Details for hotel) ================  
[2023-06-19 06:38:35] WizardSetupAction.INFO: method : POST  
[2023-06-19 06:38:35] WizardSetupAction.INFO: Input Data : {"hotelid":"4","tempid":null,"decoded":{"sub":"1","id":"1","userName":"super admin","userGroup":"1","email":"superadmin@msense.in","hotelId":"4","brandId":"7","iat":1687150936,"exp":1687237336}}  
[2023-06-19 06:38:35] WizardSetupAction.INFO: ======= END WizardSetup Action (Get Template Details for hotel) ================  
[2023-06-19 06:39:13] WizardSetupAction.INFO: ======= Start WizardSetup Action (Get Template Details for hotel) ================  
[2023-06-19 06:39:13] WizardSetupAction.INFO: method : POST  
[2023-06-19 06:39:13] WizardSetupAction.INFO: Input Data : {"hotelid":"4","tempid":"12","decoded":{"sub":"1","id":"1","userName":"super admin","userGroup":"1","email":"superadmin@msense.in","hotelId":"4","brandId":"7","iat":1687150936,"exp":1687237336}}  
[2023-06-19 06:39:13] WizardSetupAction.INFO: ======= END WizardSetup Action (Get Template Details for hotel) ================  
[2023-06-19 06:40:10] WizardSetupAction.INFO: ======= Start WizardSetup Action (Get Template Details for hotel) ================  
[2023-06-19 06:40:10] WizardSetupAction.INFO: method : POST  
[2023-06-19 06:40:10] WizardSetupAction.INFO: Input Data : {"hotelid":"4","tempid":"12","decoded":{"sub":"1","id":"1","userName":"super admin","userGroup":"1","email":"superadmin@msense.in","hotelId":"4","brandId":"7","iat":1687150936,"exp":1687237336}}  
[2023-06-19 06:40:10] WizardSetupAction.INFO: ======= END WizardSetup Action (Get Template Details for hotel) ================  
[2023-06-19 06:41:29] WizardSetupAction.INFO: ======= Start WizardSetup Action (Update Template) ================  
[2023-06-19 06:41:29] WizardSetupAction.INFO: method : PUT  
[2023-06-19 06:41:29] WizardSetupAction.INFO: contentType : application/json  
[2023-06-19 06:41:29] WizardSetupAction.INFO: Input Data : {"templateid":"1","hotelid":"4","decoded":{"sub":"1","id":"1","userName":"super admin","userGroup":"1","email":"superadmin@msense.in","hotelId":"4","brandId":"7","iat":1687150936,"exp":1687237336}}  
[2023-06-19 06:41:29] WizardSetupAction.INFO: ======= END WizardSetup Action (Update Template) ================  
[2023-06-19 07:16:24] WizardSetupAction.INFO: ======= Start WizardSetup Action (Get Template Details for hotel) ================  
[2023-06-19 07:16:24] WizardSetupAction.INFO: method : POST  
[2023-06-19 07:16:24] WizardSetupAction.INFO: Input Data : {"hotelid":"4","tempid":"12","decoded":{"sub":"1","id":"1","userName":"super admin","userGroup":"1","email":"superadmin@msense.in","hotelId":"4","brandId":"7","iat":1687150936,"exp":1687237336}}  
[2023-06-19 07:16:24] WizardSetupAction.INFO: ======= END WizardSetup Action (Get Template Details for hotel) ================  
[2023-06-19 07:16:43] WizardSetupAction.INFO: ======= Start WizardSetup Action (Update Template) ================  
[2023-06-19 07:16:43] WizardSetupAction.INFO: method : PUT  
[2023-06-19 07:16:43] WizardSetupAction.INFO: contentType : application/json  
[2023-06-19 07:16:43] WizardSetupAction.INFO: Input Data : {"templateid":"1","hotelid":"4","decoded":{"sub":"1","id":"1","userName":"super admin","userGroup":"1","email":"superadmin@msense.in","hotelId":"4","brandId":"7","iat":1687150936,"exp":1687237336}}  
[2023-06-19 07:16:43] WizardSetupAction.INFO: ======= END WizardSetup Action (Update Template) ================  
[2023-06-19 07:17:02] WizardSetupAction.INFO: ======= Start WizardSetup Action (Add Features to hotel) ================  
[2023-06-19 07:17:02] WizardSetupAction.INFO: method : POST  
[2023-06-19 07:17:02] WizardSetupAction.INFO: contentType : application/json  
[2023-06-19 07:17:02] WizardSetupAction.INFO: Input Data : {"featureid":[],"hotelid":"4","decoded":{"sub":"1","id":"1","userName":"super admin","userGroup":"1","email":"superadmin@msense.in","hotelId":"4","brandId":"7","iat":1687150936,"exp":1687237336}}  
[2023-06-19 07:17:02] WizardSetupAction.INFO: ======= END WizardSetup Action (Add Features to hotel) ================  
[2023-06-19 08:48:50] WizardSetupAction.INFO: ======= Start WizardSetup Action (Get Template Details for hotel) ================  
[2023-06-19 08:48:50] WizardSetupAction.INFO: method : POST  
[2023-06-19 08:48:50] WizardSetupAction.INFO: Input Data : {"hotelid":"4","tempid":"5","decoded":{"sub":"1","id":"1","userName":"super admin","userGroup":"1","email":"superadmin@msense.in","hotelId":"4","brandId":"7","iat":1687150936,"exp":1687237336}}  
[2023-06-19 08:48:50] WizardSetupAction.INFO: ======= END WizardSetup Action (Get Template Details for hotel) ================  
[2023-06-19 08:48:54] WizardSetupAction.INFO: ======= Start WizardSetup Action (Update Template) ================  
[2023-06-19 08:48:54] WizardSetupAction.INFO: method : PUT  
[2023-06-19 08:48:54] WizardSetupAction.INFO: contentType : application/json  
[2023-06-19 08:48:54] WizardSetupAction.INFO: Input Data : {"templateid":"1","hotelid":"4","decoded":{"sub":"1","id":"1","userName":"super admin","userGroup":"1","email":"superadmin@msense.in","hotelId":"4","brandId":"7","iat":1687150936,"exp":1687237336}}  
[2023-06-19 08:48:54] WizardSetupAction.INFO: ======= END WizardSetup Action (Update Template) ================  
[2023-06-19 08:49:01] WizardSetupAction.INFO: ======= Start WizardSetup Action (Add Features to hotel) ================  
[2023-06-19 08:49:01] WizardSetupAction.INFO: method : POST  
[2023-06-19 08:49:01] WizardSetupAction.INFO: contentType : application/json  
[2023-06-19 08:49:01] WizardSetupAction.INFO: Input Data : {"featureid":[],"hotelid":"4","decoded":{"sub":"1","id":"1","userName":"super admin","userGroup":"1","email":"superadmin@msense.in","hotelId":"4","brandId":"7","iat":1687150936,"exp":1687237336}}  
[2023-06-19 08:49:01] WizardSetupAction.INFO: ======= END WizardSetup Action (Add Features to hotel) ================  
[2023-06-19 09:38:06] WizardSetupAction.INFO: ======= Start WizardSetup Action (Get Template Details for hotel) ================  
[2023-06-19 09:38:06] WizardSetupAction.INFO: method : POST  
[2023-06-19 09:38:06] WizardSetupAction.INFO: Input Data : {"hotelid":"4","tempid":"6","decoded":{"sub":"1","id":"1","userName":"super admin","userGroup":"1","email":"superadmin@msense.in","hotelId":"4","brandId":"7","iat":1687150936,"exp":1687237336}}  
[2023-06-19 09:38:06] WizardSetupAction.INFO: ======= END WizardSetup Action (Get Template Details for hotel) ================  
[2023-06-19 09:38:08] WizardSetupAction.INFO: ======= Start WizardSetup Action (Update Template) ================  
[2023-06-19 09:38:08] WizardSetupAction.INFO: method : PUT  
[2023-06-19 09:38:08] WizardSetupAction.INFO: contentType : application/json  
[2023-06-19 09:38:08] WizardSetupAction.INFO: Input Data : {"templateid":"5","hotelid":"4","decoded":{"sub":"1","id":"1","userName":"super admin","userGroup":"1","email":"superadmin@msense.in","hotelId":"4","brandId":"7","iat":1687150936,"exp":1687237336}}  
[2023-06-19 09:38:08] WizardSetupAction.INFO: ======= END WizardSetup Action (Update Template) ================  
[2023-06-19 09:38:16] WizardSetupAction.INFO: ======= Start WizardSetup Action (Add Features to hotel) ================  
[2023-06-19 09:38:16] WizardSetupAction.INFO: method : POST  
[2023-06-19 09:38:16] WizardSetupAction.INFO: contentType : application/json  
[2023-06-19 09:38:16] WizardSetupAction.INFO: Input Data : {"featureid":[],"hotelid":"4","decoded":{"sub":"1","id":"1","userName":"super admin","userGroup":"1","email":"superadmin@msense.in","hotelId":"4","brandId":"7","iat":1687150936,"exp":1687237336}}  
[2023-06-19 09:38:16] WizardSetupAction.INFO: ======= END WizardSetup Action (Add Features to hotel) ================  
[2023-06-19 09:40:50] WizardSetupAction.INFO: ======= Start WizardSetup Action (Get Template Details for hotel) ================  
[2023-06-19 09:40:50] WizardSetupAction.INFO: method : POST  
[2023-06-19 09:40:50] WizardSetupAction.INFO: Input Data : {"hotelid":"4","tempid":"6","decoded":{"sub":"1","id":"1","userName":"super admin","userGroup":"1","email":"superadmin@msense.in","hotelId":"4","brandId":"7","iat":1687150936,"exp":1687237336}}  
[2023-06-19 09:40:50] WizardSetupAction.INFO: ======= END WizardSetup Action (Get Template Details for hotel) ================  
