[2023-06-19 07:05:57] AdmnUsrsAction.INFO: ======= Start AdmnUsrs Action (List) ================  
[2023-06-19 07:05:57] AdmnUsrsAction.INFO: method : POST  
[2023-06-19 07:05:57] AdmnUsrsAction.INFO: contentType : application/json  
[2023-06-19 07:05:57] AdmnUsrsAction.INFO: Input Data : {"decoded":{"sub":"1","id":"1","userName":"super admin","userGroup":"1","email":"superadmin@msense.in","hotelId":"4","brandId":"7","iat":1687150936,"exp":1687237336}}  
[2023-06-19 07:05:57] AdmnUsrsAction.INFO: ======= END AdmnUsrs Action (List) ================  
[2023-06-19 07:09:36] AdmnUsrsAction.INFO: ======= Start AdmnUsrs Action (List) ================  
[2023-06-19 07:09:36] AdmnUsrsAction.INFO: method : POST  
[2023-06-19 07:09:36] AdmnUsrsAction.INFO: contentType : application/json  
[2023-06-19 07:09:36] AdmnUsrsAction.INFO: Input Data : {"decoded":{"sub":"1","id":"1","userName":"super admin","userGroup":"1","email":"superadmin@msense.in","hotelId":"4","brandId":"7","iat":1687150936,"exp":1687237336}}  
[2023-06-19 07:09:36] AdmnUsrsAction.INFO: ======= END AdmnUsrs Action (List) ================  
[2023-06-19 08:35:26] AdmnUsrsAction.INFO: ======= Start AdmnUsrs Action (List) ================  
[2023-06-19 08:35:26] AdmnUsrsAction.INFO: method : POST  
[2023-06-19 08:35:26] AdmnUsrsAction.INFO: contentType : application/json  
[2023-06-19 08:35:26] AdmnUsrsAction.INFO: Input Data : {"decoded":{"sub":"1","id":"1","userName":"super admin","userGroup":"1","email":"superadmin@msense.in","hotelId":"4","brandId":"7","iat":1687150936,"exp":1687237336}}  
[2023-06-19 08:35:26] AdmnUsrsAction.INFO: ======= END AdmnUsrs Action (List) ================  
[2023-06-19 08:46:43] AdmnUsrsAction.INFO: ======= Start AdmnUsrs Action (List) ================  
[2023-06-19 08:46:43] AdmnUsrsAction.INFO: method : POST  
[2023-06-19 08:46:43] AdmnUsrsAction.INFO: contentType : application/json  
[2023-06-19 08:46:43] AdmnUsrsAction.INFO: Input Data : {"decoded":{"sub":"1","id":"1","userName":"super admin","userGroup":"1","email":"superadmin@msense.in","hotelId":"4","brandId":"7","iat":1687150936,"exp":1687237336}}  
[2023-06-19 08:46:43] AdmnUsrsAction.INFO: ======= END AdmnUsrs Action (List) ================  
[2023-06-19 08:47:17] AdmnUsrsAction.INFO: ======= Start AdmnUsrs Action (List) ================  
[2023-06-19 08:47:17] AdmnUsrsAction.INFO: method : POST  
[2023-06-19 08:47:17] AdmnUsrsAction.INFO: contentType : application/json  
[2023-06-19 08:47:17] AdmnUsrsAction.INFO: Input Data : {"decoded":{"sub":"1","id":"1","userName":"super admin","userGroup":"1","email":"superadmin@msense.in","hotelId":"4","brandId":"7","iat":1687150936,"exp":1687237336}}  
[2023-06-19 08:47:17] AdmnUsrsAction.INFO: ======= END AdmnUsrs Action (List) ================  
[2023-06-19 08:49:50] AdmnUsrsAction.INFO: ======= Start AdmnUsrs Action (List) ================  
[2023-06-19 08:49:50] AdmnUsrsAction.INFO: method : POST  
[2023-06-19 08:49:50] AdmnUsrsAction.INFO: contentType : application/json  
[2023-06-19 08:49:50] AdmnUsrsAction.INFO: Input Data : {"decoded":{"sub":"1","id":"1","userName":"super admin","userGroup":"1","email":"superadmin@msense.in","hotelId":"4","brandId":"7","iat":1687150936,"exp":1687237336}}  
[2023-06-19 08:49:50] AdmnUsrsAction.INFO: ======= END AdmnUsrs Action (List) ================  
[2023-06-19 09:07:19] AdmnUsrsAction.INFO: ======= Start AdmnUsrs Action (List) ================  
[2023-06-19 09:07:19] AdmnUsrsAction.INFO: method : POST  
[2023-06-19 09:07:19] AdmnUsrsAction.INFO: contentType : application/json  
[2023-06-19 09:07:19] AdmnUsrsAction.INFO: Input Data : {"decoded":{"sub":"1","id":"1","userName":"super admin","userGroup":"1","email":"superadmin@msense.in","hotelId":"4","brandId":"7","iat":1687150936,"exp":1687237336}}  
[2023-06-19 09:07:19] AdmnUsrsAction.INFO: ======= END AdmnUsrs Action (List) ================  
[2023-06-19 09:08:09] AdmnUsrsAction.INFO: ======= Start AdmnUsrs Action (List) ================  
[2023-06-19 09:08:09] AdmnUsrsAction.INFO: method : POST  
[2023-06-19 09:08:09] AdmnUsrsAction.INFO: contentType : application/json  
[2023-06-19 09:08:09] AdmnUsrsAction.INFO: Input Data : {"decoded":{"sub":"1","id":"1","userName":"super admin","userGroup":"1","email":"superadmin@msense.in","hotelId":"4","brandId":"7","iat":1687150936,"exp":1687237336}}  
[2023-06-19 09:08:09] AdmnUsrsAction.INFO: ======= END AdmnUsrs Action (List) ================  
[2023-06-19 09:08:22] AdmnUsrsAction.INFO: ======= Start AdmnUsrs Action (List) ================  
[2023-06-19 09:08:22] AdmnUsrsAction.INFO: method : POST  
[2023-06-19 09:08:22] AdmnUsrsAction.INFO: contentType : application/json  
[2023-06-19 09:08:22] AdmnUsrsAction.INFO: Input Data : {"decoded":{"sub":"1","id":"1","userName":"super admin","userGroup":"1","email":"superadmin@msense.in","hotelId":"4","brandId":"7","iat":1687150936,"exp":1687237336}}  
[2023-06-19 09:08:22] AdmnUsrsAction.INFO: ======= END AdmnUsrs Action (List) ================  
[2023-06-19 09:35:51] AdmnUsrsAction.INFO: ======= Start AdmnUsrs Action (List) ================  
[2023-06-19 09:35:51] AdmnUsrsAction.INFO: method : POST  
[2023-06-19 09:35:51] AdmnUsrsAction.INFO: contentType : application/json  
[2023-06-19 09:35:51] AdmnUsrsAction.INFO: Input Data : {"decoded":{"sub":"1","id":"1","userName":"super admin","userGroup":"1","email":"superadmin@msense.in","hotelId":"4","brandId":"7","iat":1687150936,"exp":1687237336}}  
[2023-06-19 09:35:51] AdmnUsrsAction.INFO: ======= END AdmnUsrs Action (List) ================  
[2023-06-19 11:36:34] AdmnUsrsAction.INFO: ======= Start AdmnUsrs Action (List) ================  
[2023-06-19 11:36:34] AdmnUsrsAction.INFO: method : POST  
[2023-06-19 11:36:34] AdmnUsrsAction.INFO: contentType : application/json  
[2023-06-19 11:36:34] AdmnUsrsAction.INFO: Input Data : {"decoded":{"sub":"1","id":"1","userName":"super admin","userGroup":"1","email":"superadmin@msense.in","hotelId":"4","brandId":"7","iat":1687150936,"exp":1687237336}}  
[2023-06-19 11:36:34] AdmnUsrsAction.INFO: ======= END AdmnUsrs Action (List) ================  
