[2023-06-19 05:01:35] LoginAction.INFO: ======= Start Login Action ================  
[2023-06-19 05:01:35] LoginAction.INFO: Input Data : {"email":"superadmin@example.com","password":"1234567"}  
[2023-06-19 05:01:35] LoginModel.INFO: Query : call SP_Doauth('superadmin@example.com','QUwxT0hwRExsV2g4VXpFNkdocllPQT09')  
[2023-06-19 05:01:35] LoginModel.ERROR: Error Code : 200Error Message : Invalid Email  
[2023-06-19 05:01:35] LoginModel.ERROR: Error File : /var/www/projects/ottproduct/api/v1/src/Model/LoginModel.phpError Line : 39  
[2023-06-19 05:01:35] LoginModel.ERROR: Error Trace String : #0 /var/www/projects/ottproduct/api/v1/src/Domain/Repository/Login/LoginRepository.php(47): App\Model\LoginModel->validateLogin()
#1 /var/www/projects/ottproduct/api/v1/src/Application/Actions/Login/LoginAction.php(54): App\Domain\Repository\Login\LoginRepository->doAuth()
#2 /var/www/projects/ottproduct/api/v1/vendor/slim/slim/Slim/Handlers/Strategies/RequestResponse.php(38): App\Application\Actions\Login\LoginAction->__invoke()
#3 /var/www/projects/ottproduct/api/v1/vendor/slim/slim/Slim/Routing/Route.php(358): Slim\Handlers\Strategies\RequestResponse->__invoke()
#4 /var/www/projects/ottproduct/api/v1/vendor/slim/slim/Slim/MiddlewareDispatcher.php(65): Slim\Routing\Route->handle()
#5 /var/www/projects/ottproduct/api/v1/vendor/slim/slim/Slim/MiddlewareDispatcher.php(65): Slim\MiddlewareDispatcher->handle()
#6 /var/www/projects/ottproduct/api/v1/vendor/slim/slim/Slim/Routing/Route.php(315): Slim\MiddlewareDispatcher->handle()
#7 /var/www/projects/ottproduct/api/v1/vendor/slim/slim/Slim/Routing/RouteRunner.php(68): Slim\Routing\Route->run()
#8 /var/www/projects/ottproduct/api/v1/src/Application/Middleware/SessionMiddleware.php(26): Slim\Routing\RouteRunner->handle()
#9 /var/www/projects/ottproduct/api/v1/vendor/slim/slim/Slim/MiddlewareDispatcher.php(168): App\Application\Middleware\SessionMiddleware->process()
#10 /var/www/projects/ottproduct/api/v1/vendor/slim/slim/Slim/Middleware/RoutingMiddleware.php(45): Psr\Http\Server\RequestHandlerInterface@anonymous->handle()
#11 /var/www/projects/ottproduct/api/v1/vendor/slim/slim/Slim/MiddlewareDispatcher.php(121): Slim\Middleware\RoutingMiddleware->process()
#12 /var/www/projects/ottproduct/api/v1/vendor/selective/basepath/src/BasePathMiddleware.php(52): Psr\Http\Server\RequestHandlerInterface@anonymous->handle()
#13 /var/www/projects/ottproduct/api/v1/vendor/slim/slim/Slim/MiddlewareDispatcher.php(121): Selective\BasePath\BasePathMiddleware->process()
#14 /var/www/projects/ottproduct/api/v1/vendor/slim/slim/Slim/Middleware/BodyParsingMiddleware.php(64): Psr\Http\Server\RequestHandlerInterface@anonymous->handle()
#15 /var/www/projects/ottproduct/api/v1/vendor/slim/slim/Slim/MiddlewareDispatcher.php(121): Slim\Middleware\BodyParsingMiddleware->process()
#16 /var/www/projects/ottproduct/api/v1/vendor/slim/slim/Slim/Middleware/ErrorMiddleware.php(76): Psr\Http\Server\RequestHandlerInterface@anonymous->handle()
#17 /var/www/projects/ottproduct/api/v1/vendor/slim/slim/Slim/MiddlewareDispatcher.php(121): Slim\Middleware\ErrorMiddleware->process()
#18 /var/www/projects/ottproduct/api/v1/vendor/tuupola/cors-middleware/src/CorsMiddleware.php(158): Psr\Http\Server\RequestHandlerInterface@anonymous->handle()
#19 /var/www/projects/ottproduct/api/v1/vendor/slim/slim/Slim/MiddlewareDispatcher.php(121): Tuupola\Middleware\CorsMiddleware->process()
#20 /var/www/projects/ottproduct/api/v1/vendor/slim/slim/Slim/MiddlewareDispatcher.php(65): Psr\Http\Server\RequestHandlerInterface@anonymous->handle()
#21 /var/www/projects/ottproduct/api/v1/vendor/slim/slim/Slim/App.php(199): Slim\MiddlewareDispatcher->handle()
#22 /var/www/projects/ottproduct/api/v1/public/index.php(93): Slim\App->handle()
#23 {main}  
[2023-06-19 05:01:35] LoginRepository.ERROR: Error Code : 401Error Message : Invalid Email  
[2023-06-19 05:01:35] LoginRepository.ERROR: Error File : /var/www/projects/ottproduct/api/v1/src/Model/LoginModel.phpError Line : 68  
[2023-06-19 05:01:35] LoginRepository.ERROR: Error Trace String : #0 /var/www/projects/ottproduct/api/v1/src/Domain/Repository/Login/LoginRepository.php(47): App\Model\LoginModel->validateLogin()
#1 /var/www/projects/ottproduct/api/v1/src/Application/Actions/Login/LoginAction.php(54): App\Domain\Repository\Login\LoginRepository->doAuth()
#2 /var/www/projects/ottproduct/api/v1/vendor/slim/slim/Slim/Handlers/Strategies/RequestResponse.php(38): App\Application\Actions\Login\LoginAction->__invoke()
#3 /var/www/projects/ottproduct/api/v1/vendor/slim/slim/Slim/Routing/Route.php(358): Slim\Handlers\Strategies\RequestResponse->__invoke()
#4 /var/www/projects/ottproduct/api/v1/vendor/slim/slim/Slim/MiddlewareDispatcher.php(65): Slim\Routing\Route->handle()
#5 /var/www/projects/ottproduct/api/v1/vendor/slim/slim/Slim/MiddlewareDispatcher.php(65): Slim\MiddlewareDispatcher->handle()
#6 /var/www/projects/ottproduct/api/v1/vendor/slim/slim/Slim/Routing/Route.php(315): Slim\MiddlewareDispatcher->handle()
#7 /var/www/projects/ottproduct/api/v1/vendor/slim/slim/Slim/Routing/RouteRunner.php(68): Slim\Routing\Route->run()
#8 /var/www/projects/ottproduct/api/v1/src/Application/Middleware/SessionMiddleware.php(26): Slim\Routing\RouteRunner->handle()
#9 /var/www/projects/ottproduct/api/v1/vendor/slim/slim/Slim/MiddlewareDispatcher.php(168): App\Application\Middleware\SessionMiddleware->process()
#10 /var/www/projects/ottproduct/api/v1/vendor/slim/slim/Slim/Middleware/RoutingMiddleware.php(45): Psr\Http\Server\RequestHandlerInterface@anonymous->handle()
#11 /var/www/projects/ottproduct/api/v1/vendor/slim/slim/Slim/MiddlewareDispatcher.php(121): Slim\Middleware\RoutingMiddleware->process()
#12 /var/www/projects/ottproduct/api/v1/vendor/selective/basepath/src/BasePathMiddleware.php(52): Psr\Http\Server\RequestHandlerInterface@anonymous->handle()
#13 /var/www/projects/ottproduct/api/v1/vendor/slim/slim/Slim/MiddlewareDispatcher.php(121): Selective\BasePath\BasePathMiddleware->process()
#14 /var/www/projects/ottproduct/api/v1/vendor/slim/slim/Slim/Middleware/BodyParsingMiddleware.php(64): Psr\Http\Server\RequestHandlerInterface@anonymous->handle()
#15 /var/www/projects/ottproduct/api/v1/vendor/slim/slim/Slim/MiddlewareDispatcher.php(121): Slim\Middleware\BodyParsingMiddleware->process()
#16 /var/www/projects/ottproduct/api/v1/vendor/slim/slim/Slim/Middleware/ErrorMiddleware.php(76): Psr\Http\Server\RequestHandlerInterface@anonymous->handle()
#17 /var/www/projects/ottproduct/api/v1/vendor/slim/slim/Slim/MiddlewareDispatcher.php(121): Slim\Middleware\ErrorMiddleware->process()
#18 /var/www/projects/ottproduct/api/v1/vendor/tuupola/cors-middleware/src/CorsMiddleware.php(158): Psr\Http\Server\RequestHandlerInterface@anonymous->handle()
#19 /var/www/projects/ottproduct/api/v1/vendor/slim/slim/Slim/MiddlewareDispatcher.php(121): Tuupola\Middleware\CorsMiddleware->process()
#20 /var/www/projects/ottproduct/api/v1/vendor/slim/slim/Slim/MiddlewareDispatcher.php(65): Psr\Http\Server\RequestHandlerInterface@anonymous->handle()
#21 /var/www/projects/ottproduct/api/v1/vendor/slim/slim/Slim/App.php(199): Slim\MiddlewareDispatcher->handle()
#22 /var/www/projects/ottproduct/api/v1/public/index.php(93): Slim\App->handle()
#23 {main}  
[2023-06-19 05:01:56] LoginAction.INFO: ======= Start Login Action ================  
[2023-06-19 05:01:56] LoginAction.INFO: Input Data : {"email":"superadmin@example.com","password":"1234567"}  
[2023-06-19 05:01:56] LoginModel.INFO: Query : call SP_Doauth('superadmin@example.com','QUwxT0hwRExsV2g4VXpFNkdocllPQT09')  
[2023-06-19 05:01:56] LoginModel.ERROR: Error Code : 200Error Message : Invalid Email  
[2023-06-19 05:01:56] LoginModel.ERROR: Error File : /var/www/projects/ottproduct/api/v1/src/Model/LoginModel.phpError Line : 39  
[2023-06-19 05:01:56] LoginModel.ERROR: Error Trace String : #0 /var/www/projects/ottproduct/api/v1/src/Domain/Repository/Login/LoginRepository.php(47): App\Model\LoginModel->validateLogin()
#1 /var/www/projects/ottproduct/api/v1/src/Application/Actions/Login/LoginAction.php(54): App\Domain\Repository\Login\LoginRepository->doAuth()
#2 /var/www/projects/ottproduct/api/v1/vendor/slim/slim/Slim/Handlers/Strategies/RequestResponse.php(38): App\Application\Actions\Login\LoginAction->__invoke()
#3 /var/www/projects/ottproduct/api/v1/vendor/slim/slim/Slim/Routing/Route.php(358): Slim\Handlers\Strategies\RequestResponse->__invoke()
#4 /var/www/projects/ottproduct/api/v1/vendor/slim/slim/Slim/MiddlewareDispatcher.php(65): Slim\Routing\Route->handle()
#5 /var/www/projects/ottproduct/api/v1/vendor/slim/slim/Slim/MiddlewareDispatcher.php(65): Slim\MiddlewareDispatcher->handle()
#6 /var/www/projects/ottproduct/api/v1/vendor/slim/slim/Slim/Routing/Route.php(315): Slim\MiddlewareDispatcher->handle()
#7 /var/www/projects/ottproduct/api/v1/vendor/slim/slim/Slim/Routing/RouteRunner.php(68): Slim\Routing\Route->run()
#8 /var/www/projects/ottproduct/api/v1/src/Application/Middleware/SessionMiddleware.php(26): Slim\Routing\RouteRunner->handle()
#9 /var/www/projects/ottproduct/api/v1/vendor/slim/slim/Slim/MiddlewareDispatcher.php(168): App\Application\Middleware\SessionMiddleware->process()
#10 /var/www/projects/ottproduct/api/v1/vendor/slim/slim/Slim/Middleware/RoutingMiddleware.php(45): Psr\Http\Server\RequestHandlerInterface@anonymous->handle()
#11 /var/www/projects/ottproduct/api/v1/vendor/slim/slim/Slim/MiddlewareDispatcher.php(121): Slim\Middleware\RoutingMiddleware->process()
#12 /var/www/projects/ottproduct/api/v1/vendor/selective/basepath/src/BasePathMiddleware.php(52): Psr\Http\Server\RequestHandlerInterface@anonymous->handle()
#13 /var/www/projects/ottproduct/api/v1/vendor/slim/slim/Slim/MiddlewareDispatcher.php(121): Selective\BasePath\BasePathMiddleware->process()
#14 /var/www/projects/ottproduct/api/v1/vendor/slim/slim/Slim/Middleware/BodyParsingMiddleware.php(64): Psr\Http\Server\RequestHandlerInterface@anonymous->handle()
#15 /var/www/projects/ottproduct/api/v1/vendor/slim/slim/Slim/MiddlewareDispatcher.php(121): Slim\Middleware\BodyParsingMiddleware->process()
#16 /var/www/projects/ottproduct/api/v1/vendor/slim/slim/Slim/Middleware/ErrorMiddleware.php(76): Psr\Http\Server\RequestHandlerInterface@anonymous->handle()
#17 /var/www/projects/ottproduct/api/v1/vendor/slim/slim/Slim/MiddlewareDispatcher.php(121): Slim\Middleware\ErrorMiddleware->process()
#18 /var/www/projects/ottproduct/api/v1/vendor/tuupola/cors-middleware/src/CorsMiddleware.php(158): Psr\Http\Server\RequestHandlerInterface@anonymous->handle()
#19 /var/www/projects/ottproduct/api/v1/vendor/slim/slim/Slim/MiddlewareDispatcher.php(121): Tuupola\Middleware\CorsMiddleware->process()
#20 /var/www/projects/ottproduct/api/v1/vendor/slim/slim/Slim/MiddlewareDispatcher.php(65): Psr\Http\Server\RequestHandlerInterface@anonymous->handle()
#21 /var/www/projects/ottproduct/api/v1/vendor/slim/slim/Slim/App.php(199): Slim\MiddlewareDispatcher->handle()
#22 /var/www/projects/ottproduct/api/v1/public/index.php(93): Slim\App->handle()
#23 {main}  
[2023-06-19 05:01:56] LoginRepository.ERROR: Error Code : 401Error Message : Invalid Email  
[2023-06-19 05:01:56] LoginRepository.ERROR: Error File : /var/www/projects/ottproduct/api/v1/src/Model/LoginModel.phpError Line : 68  
[2023-06-19 05:01:56] LoginRepository.ERROR: Error Trace String : #0 /var/www/projects/ottproduct/api/v1/src/Domain/Repository/Login/LoginRepository.php(47): App\Model\LoginModel->validateLogin()
#1 /var/www/projects/ottproduct/api/v1/src/Application/Actions/Login/LoginAction.php(54): App\Domain\Repository\Login\LoginRepository->doAuth()
#2 /var/www/projects/ottproduct/api/v1/vendor/slim/slim/Slim/Handlers/Strategies/RequestResponse.php(38): App\Application\Actions\Login\LoginAction->__invoke()
#3 /var/www/projects/ottproduct/api/v1/vendor/slim/slim/Slim/Routing/Route.php(358): Slim\Handlers\Strategies\RequestResponse->__invoke()
#4 /var/www/projects/ottproduct/api/v1/vendor/slim/slim/Slim/MiddlewareDispatcher.php(65): Slim\Routing\Route->handle()
#5 /var/www/projects/ottproduct/api/v1/vendor/slim/slim/Slim/MiddlewareDispatcher.php(65): Slim\MiddlewareDispatcher->handle()
#6 /var/www/projects/ottproduct/api/v1/vendor/slim/slim/Slim/Routing/Route.php(315): Slim\MiddlewareDispatcher->handle()
#7 /var/www/projects/ottproduct/api/v1/vendor/slim/slim/Slim/Routing/RouteRunner.php(68): Slim\Routing\Route->run()
#8 /var/www/projects/ottproduct/api/v1/src/Application/Middleware/SessionMiddleware.php(26): Slim\Routing\RouteRunner->handle()
#9 /var/www/projects/ottproduct/api/v1/vendor/slim/slim/Slim/MiddlewareDispatcher.php(168): App\Application\Middleware\SessionMiddleware->process()
#10 /var/www/projects/ottproduct/api/v1/vendor/slim/slim/Slim/Middleware/RoutingMiddleware.php(45): Psr\Http\Server\RequestHandlerInterface@anonymous->handle()
#11 /var/www/projects/ottproduct/api/v1/vendor/slim/slim/Slim/MiddlewareDispatcher.php(121): Slim\Middleware\RoutingMiddleware->process()
#12 /var/www/projects/ottproduct/api/v1/vendor/selective/basepath/src/BasePathMiddleware.php(52): Psr\Http\Server\RequestHandlerInterface@anonymous->handle()
#13 /var/www/projects/ottproduct/api/v1/vendor/slim/slim/Slim/MiddlewareDispatcher.php(121): Selective\BasePath\BasePathMiddleware->process()
#14 /var/www/projects/ottproduct/api/v1/vendor/slim/slim/Slim/Middleware/BodyParsingMiddleware.php(64): Psr\Http\Server\RequestHandlerInterface@anonymous->handle()
#15 /var/www/projects/ottproduct/api/v1/vendor/slim/slim/Slim/MiddlewareDispatcher.php(121): Slim\Middleware\BodyParsingMiddleware->process()
#16 /var/www/projects/ottproduct/api/v1/vendor/slim/slim/Slim/Middleware/ErrorMiddleware.php(76): Psr\Http\Server\RequestHandlerInterface@anonymous->handle()
#17 /var/www/projects/ottproduct/api/v1/vendor/slim/slim/Slim/MiddlewareDispatcher.php(121): Slim\Middleware\ErrorMiddleware->process()
#18 /var/www/projects/ottproduct/api/v1/vendor/tuupola/cors-middleware/src/CorsMiddleware.php(158): Psr\Http\Server\RequestHandlerInterface@anonymous->handle()
#19 /var/www/projects/ottproduct/api/v1/vendor/slim/slim/Slim/MiddlewareDispatcher.php(121): Tuupola\Middleware\CorsMiddleware->process()
#20 /var/www/projects/ottproduct/api/v1/vendor/slim/slim/Slim/MiddlewareDispatcher.php(65): Psr\Http\Server\RequestHandlerInterface@anonymous->handle()
#21 /var/www/projects/ottproduct/api/v1/vendor/slim/slim/Slim/App.php(199): Slim\MiddlewareDispatcher->handle()
#22 /var/www/projects/ottproduct/api/v1/public/index.php(93): Slim\App->handle()
#23 {main}  
[2023-06-19 05:02:16] LoginAction.INFO: ======= Start Login Action ================  
[2023-06-19 05:02:16] LoginAction.INFO: Input Data : {"email":"superadmin@msense.in","password":"1234567"}  
[2023-06-19 05:02:16] LoginModel.INFO: Query : call SP_Doauth('superadmin@msense.in','QUwxT0hwRExsV2g4VXpFNkdocllPQT09')  
[2023-06-19 05:02:16] LoginModel.INFO: User Data : {"username":"super admin","userGroup":"1","loginid":"1","email":"superadmin@msense.in","mobileno":"9677889090","designation":"Manage_rCate","hotelId":"4","brandId":"7"}  
[2023-06-19 05:02:16] LoginAction.INFO: ======= END Login Action ================  
[2023-06-19 05:13:44] LoginAction.INFO: ======= Start Login Action ================  
[2023-06-19 05:13:44] LoginAction.INFO: Input Data : {"email":"superadmin@msense.in","password":"1234567"}  
[2023-06-19 05:13:44] LoginModel.INFO: Query : call SP_Doauth('superadmin@msense.in','QUwxT0hwRExsV2g4VXpFNkdocllPQT09')  
[2023-06-19 05:13:44] LoginModel.INFO: User Data : {"username":"super admin","userGroup":"1","loginid":"1","email":"superadmin@msense.in","mobileno":"9677889090","designation":"Manage_rCate","hotelId":"4","brandId":"7"}  
[2023-06-19 05:13:44] LoginAction.INFO: ======= END Login Action ================  
[2023-06-19 05:19:49] LoginAction.INFO: ======= Start Login Action ================  
[2023-06-19 05:19:49] LoginAction.INFO: Input Data : {"email":"superadmin@msense.in","password":"1234567"}  
[2023-06-19 05:19:49] LoginModel.INFO: Query : call SP_Doauth('superadmin@msense.in','QUwxT0hwRExsV2g4VXpFNkdocllPQT09')  
[2023-06-19 05:19:49] LoginModel.INFO: User Data : {"username":"super admin","userGroup":"1","loginid":"1","email":"superadmin@msense.in","mobileno":"9677889090","designation":"Manage_rCate","hotelId":"4","brandId":"7"}  
[2023-06-19 05:19:49] LoginAction.INFO: ======= END Login Action ================  
[2023-06-19 06:10:54] LoginAction.INFO: ======= Start Login Action ================  
[2023-06-19 06:10:54] LoginAction.INFO: Input Data : {"email":"superadmin@msense.in","password":"1234567"}  
[2023-06-19 06:10:54] LoginModel.INFO: Query : call SP_Doauth('superadmin@msense.in','QUwxT0hwRExsV2g4VXpFNkdocllPQT09')  
[2023-06-19 06:10:54] LoginModel.INFO: User Data : {"username":"super admin","userGroup":"1","loginid":"1","email":"superadmin@msense.in","mobileno":"9677889090","designation":"Manage_rCate","hotelId":"4","brandId":"7"}  
[2023-06-19 06:10:54] LoginAction.INFO: ======= END Login Action ================  
[2023-06-19 09:04:58] LoginAction.INFO: ======= Start Login Action ================  
[2023-06-19 09:04:58] LoginAction.INFO: Input Data : {"email":"superadmin@msense.in","password":"1234567"}  
[2023-06-19 09:04:58] LoginModel.INFO: Query : call SP_Doauth('superadmin@msense.in','QUwxT0hwRExsV2g4VXpFNkdocllPQT09')  
[2023-06-19 09:04:58] LoginModel.INFO: User Data : {"username":"super admin","userGroup":"1","loginid":"1","email":"superadmin@msense.in","mobileno":"9677889090","designation":"Manage_rCate","hotelId":"4","brandId":"7"}  
[2023-06-19 09:04:58] LoginAction.INFO: ======= END Login Action ================  
[2023-06-19 10:18:07] LoginAction.INFO: ======= Start Login Action ================  
[2023-06-19 10:18:07] LoginAction.INFO: Input Data : {"email":"superadmin@msense.in","password":"1234567"}  
[2023-06-19 10:18:07] LoginModel.INFO: Query : call SP_Doauth('superadmin@msense.in','QUwxT0hwRExsV2g4VXpFNkdocllPQT09')  
[2023-06-19 10:18:07] LoginModel.INFO: User Data : {"username":"super admin","userGroup":"1","loginid":"1","email":"superadmin@msense.in","mobileno":"9677889090","designation":"Manage_rCate","hotelId":"4","brandId":"7"}  
[2023-06-19 10:18:07] LoginAction.INFO: ======= END Login Action ================  
[2023-06-19 10:19:07] LoginAction.INFO: ======= Start Login Action ================  
[2023-06-19 10:19:07] LoginAction.INFO: Input Data : {"email":"superadmin@msense.in","password":"1234567"}  
[2023-06-19 10:19:07] LoginModel.INFO: Query : call SP_Doauth('superadmin@msense.in','QUwxT0hwRExsV2g4VXpFNkdocllPQT09')  
[2023-06-19 10:19:07] LoginModel.INFO: User Data : {"username":"super admin","userGroup":"1","loginid":"1","email":"superadmin@msense.in","mobileno":"9677889090","designation":"Manage_rCate","hotelId":"4","brandId":"7"}  
[2023-06-19 10:19:07] LoginAction.INFO: ======= END Login Action ================  
[2023-06-19 10:19:21] LoginAction.INFO: ======= Start Login Action ================  
[2023-06-19 10:19:21] LoginAction.INFO: Input Data : {"email":"superadmin@msense.in","password":"1234567"}  
[2023-06-19 10:19:21] LoginModel.INFO: Query : call SP_Doauth('superadmin@msense.in','QUwxT0hwRExsV2g4VXpFNkdocllPQT09')  
[2023-06-19 10:19:21] LoginModel.INFO: User Data : {"username":"super admin","userGroup":"1","loginid":"1","email":"superadmin@msense.in","mobileno":"9677889090","designation":"Manage_rCate","hotelId":"4","brandId":"7"}  
[2023-06-19 10:19:21] LoginAction.INFO: ======= END Login Action ================  
[2023-06-19 10:19:35] LoginAction.INFO: ======= Start Login Action ================  
[2023-06-19 10:19:35] LoginAction.INFO: Input Data : {"email":"superadmin@msense.in","password":"1234567"}  
[2023-06-19 10:19:35] LoginModel.INFO: Query : call SP_Doauth('superadmin@msense.in','QUwxT0hwRExsV2g4VXpFNkdocllPQT09')  
[2023-06-19 10:19:35] LoginModel.INFO: User Data : {"username":"super admin","userGroup":"1","loginid":"1","email":"superadmin@msense.in","mobileno":"9677889090","designation":"Manage_rCate","hotelId":"4","brandId":"7"}  
[2023-06-19 10:19:35] LoginAction.INFO: ======= END Login Action ================  
[2023-06-19 10:19:51] LoginAction.INFO: ======= Start Login Action ================  
[2023-06-19 10:19:51] LoginAction.INFO: Input Data : {"email":"superadmin@msense.in","password":"1234567"}  
[2023-06-19 10:19:51] LoginModel.INFO: Query : call SP_Doauth('superadmin@msense.in','QUwxT0hwRExsV2g4VXpFNkdocllPQT09')  
[2023-06-19 10:19:51] LoginModel.INFO: User Data : {"username":"super admin","userGroup":"1","loginid":"1","email":"superadmin@msense.in","mobileno":"9677889090","designation":"Manage_rCate","hotelId":"4","brandId":"7"}  
[2023-06-19 10:19:51] LoginAction.INFO: ======= END Login Action ================  
[2023-06-19 10:20:17] LoginAction.INFO: ======= Start Login Action ================  
[2023-06-19 10:20:17] LoginAction.INFO: Input Data : {"email":"superadmin@msense.in","password":"1234567"}  
[2023-06-19 10:20:17] LoginModel.INFO: Query : call SP_Doauth('superadmin@msense.in','QUwxT0hwRExsV2g4VXpFNkdocllPQT09')  
[2023-06-19 10:20:17] LoginModel.INFO: User Data : {"username":"super admin","userGroup":"1","loginid":"1","email":"superadmin@msense.in","mobileno":"9677889090","designation":"Manage_rCate","hotelId":"4","brandId":"7"}  
[2023-06-19 10:20:17] LoginAction.INFO: ======= END Login Action ================  
[2023-06-19 10:20:30] LoginAction.INFO: ======= Start Login Action ================  
[2023-06-19 10:20:30] LoginAction.INFO: Input Data : {"email":"superadmin@msense.in","password":"1234567"}  
[2023-06-19 10:20:30] LoginModel.INFO: Query : call SP_Doauth('superadmin@msense.in','QUwxT0hwRExsV2g4VXpFNkdocllPQT09')  
[2023-06-19 10:20:30] LoginModel.INFO: User Data : {"username":"super admin","userGroup":"1","loginid":"1","email":"superadmin@msense.in","mobileno":"9677889090","designation":"Manage_rCate","hotelId":"4","brandId":"7"}  
[2023-06-19 10:20:30] LoginAction.INFO: ======= END Login Action ================  
[2023-06-19 10:20:41] LoginAction.INFO: ======= Start Login Action ================  
[2023-06-19 10:20:41] LoginAction.INFO: Input Data : {"email":"superadmin@msense.in","password":"1234567"}  
[2023-06-19 10:20:41] LoginModel.INFO: Query : call SP_Doauth('superadmin@msense.in','QUwxT0hwRExsV2g4VXpFNkdocllPQT09')  
[2023-06-19 10:20:41] LoginModel.INFO: User Data : {"username":"super admin","userGroup":"1","loginid":"1","email":"superadmin@msense.in","mobileno":"9677889090","designation":"Manage_rCate","hotelId":"4","brandId":"7"}  
[2023-06-19 10:20:41] LoginAction.INFO: ======= END Login Action ================  
[2023-06-19 10:21:04] LoginAction.INFO: ======= Start Login Action ================  
[2023-06-19 10:21:04] LoginAction.INFO: Input Data : {"email":"superadmin@msense.in","password":"1234567"}  
[2023-06-19 10:21:04] LoginModel.INFO: Query : call SP_Doauth('superadmin@msense.in','QUwxT0hwRExsV2g4VXpFNkdocllPQT09')  
[2023-06-19 10:21:04] LoginModel.INFO: User Data : {"username":"super admin","userGroup":"1","loginid":"1","email":"superadmin@msense.in","mobileno":"9677889090","designation":"Manage_rCate","hotelId":"4","brandId":"7"}  
[2023-06-19 10:21:04] LoginAction.INFO: ======= END Login Action ================  
[2023-06-19 11:07:25] LoginAction.INFO: ======= Start Login Action ================  
[2023-06-19 11:07:25] LoginAction.INFO: Input Data : {"email":"superadmin@msense.in","password":"1234567"}  
[2023-06-19 11:07:25] LoginModel.INFO: Query : call SP_Doauth('superadmin@msense.in','QUwxT0hwRExsV2g4VXpFNkdocllPQT09')  
[2023-06-19 11:07:25] LoginModel.INFO: User Data : {"username":"super admin","userGroup":"1","loginid":"1","email":"superadmin@msense.in","mobileno":"9677889090","designation":"Manage_rCate","hotelId":"4","brandId":"7"}  
[2023-06-19 11:07:25] LoginAction.INFO: ======= END Login Action ================  
[2023-06-19 11:16:33] LoginAction.INFO: ======= Start Login Action ================  
[2023-06-19 11:16:33] LoginAction.INFO: Input Data : {"email":"superadmin@msense.in","password":"1234567"}  
[2023-06-19 11:16:33] LoginModel.INFO: Query : call SP_Doauth('superadmin@msense.in','QUwxT0hwRExsV2g4VXpFNkdocllPQT09')  
[2023-06-19 11:16:33] LoginModel.INFO: User Data : {"username":"super admin","userGroup":"1","loginid":"1","email":"superadmin@msense.in","mobileno":"9677889090","designation":"Manage_rCate","hotelId":"4","brandId":"7"}  
[2023-06-19 11:16:33] LoginAction.INFO: ======= END Login Action ================  
[2023-06-19 11:17:24] LoginAction.INFO: ======= Start Login Action ================  
[2023-06-19 11:17:24] LoginAction.INFO: Input Data : {"email":"superadmin@msense.in","password":"1234567"}  
[2023-06-19 11:17:24] LoginModel.INFO: Query : call SP_Doauth('superadmin@msense.in','QUwxT0hwRExsV2g4VXpFNkdocllPQT09')  
[2023-06-19 11:17:24] LoginModel.INFO: User Data : {"username":"super admin","userGroup":"1","loginid":"1","email":"superadmin@msense.in","mobileno":"9677889090","designation":"Manage_rCate","hotelId":"4","brandId":"7"}  
[2023-06-19 11:17:24] LoginAction.INFO: ======= END Login Action ================  
[2023-06-19 11:20:59] LoginAction.INFO: ======= Start Login Action ================  
[2023-06-19 11:20:59] LoginAction.INFO: Input Data : {"email":"superadmin@msense.in","password":"1234567"}  
[2023-06-19 11:20:59] LoginModel.INFO: Query : call SP_Doauth('superadmin@msense.in','QUwxT0hwRExsV2g4VXpFNkdocllPQT09')  
[2023-06-19 11:20:59] LoginModel.INFO: User Data : {"username":"super admin","userGroup":"1","loginid":"1","email":"superadmin@msense.in","mobileno":"9677889090","designation":"Manage_rCate","hotelId":"4","brandId":"7"}  
[2023-06-19 11:20:59] LoginAction.INFO: ======= END Login Action ================  
[2023-06-19 11:23:08] LoginAction.INFO: ======= Start Login Action ================  
[2023-06-19 11:23:08] LoginAction.INFO: Input Data : {"email":"superadmin@msense.in","password":"1234567"}  
[2023-06-19 11:23:08] LoginModel.INFO: Query : call SP_Doauth('superadmin@msense.in','QUwxT0hwRExsV2g4VXpFNkdocllPQT09')  
[2023-06-19 11:23:08] LoginModel.INFO: User Data : {"username":"super admin","userGroup":"1","loginid":"1","email":"superadmin@msense.in","mobileno":"9677889090","designation":"Manage_rCate","hotelId":"4","brandId":"7"}  
[2023-06-19 11:23:08] LoginAction.INFO: ======= END Login Action ================  
[2023-06-19 11:36:22] LoginAction.INFO: ======= Start Login Action ================  
[2023-06-19 11:36:22] LoginAction.INFO: Input Data : {"email":"superadmin@msense.in","password":"1234567"}  
[2023-06-19 11:36:22] LoginModel.INFO: Query : call SP_Doauth('superadmin@msense.in','QUwxT0hwRExsV2g4VXpFNkdocllPQT09')  
[2023-06-19 11:36:22] LoginModel.INFO: User Data : {"username":"super admin","userGroup":"1","loginid":"1","email":"superadmin@msense.in","mobileno":"9677889090","designation":"Manage_rCate","hotelId":"4","brandId":"7"}  
[2023-06-19 11:36:22] LoginAction.INFO: ======= END Login Action ================  
[2023-06-19 11:36:30] LoginAction.INFO: ======= Start Login Action ================  
[2023-06-19 11:36:30] LoginAction.INFO: Input Data : {"email":"superadmin@msense.in","password":"1234567"}  
[2023-06-19 11:36:30] LoginModel.INFO: Query : call SP_Doauth('superadmin@msense.in','QUwxT0hwRExsV2g4VXpFNkdocllPQT09')  
[2023-06-19 11:36:30] LoginModel.INFO: User Data : {"username":"super admin","userGroup":"1","loginid":"1","email":"superadmin@msense.in","mobileno":"9677889090","designation":"Manage_rCate","hotelId":"4","brandId":"7"}  
[2023-06-19 11:36:30] LoginAction.INFO: ======= END Login Action ================  
[2023-06-19 11:41:12] LoginAction.INFO: ======= Start Login Action ================  
[2023-06-19 11:41:12] LoginAction.INFO: Input Data : {"email":"superadmin@msense.in","password":"1234567"}  
[2023-06-19 11:41:12] LoginModel.INFO: Query : call SP_Doauth('superadmin@msense.in','QUwxT0hwRExsV2g4VXpFNkdocllPQT09')  
[2023-06-19 11:41:12] LoginModel.INFO: User Data : {"username":"super admin","userGroup":"1","loginid":"1","email":"superadmin@msense.in","mobileno":"9677889090","designation":"Manage_rCate","hotelId":"4","brandId":"7"}  
[2023-06-19 11:41:12] LoginAction.INFO: ======= END Login Action ================  
[2023-06-19 11:41:22] LoginAction.INFO: ======= Start Login Action ================  
[2023-06-19 11:41:22] LoginAction.INFO: Input Data : {"email":"superadmin@msense.in","password":"1234567"}  
[2023-06-19 11:41:22] LoginModel.INFO: Query : call SP_Doauth('superadmin@msense.in','QUwxT0hwRExsV2g4VXpFNkdocllPQT09')  
[2023-06-19 11:41:22] LoginModel.INFO: User Data : {"username":"super admin","userGroup":"1","loginid":"1","email":"superadmin@msense.in","mobileno":"9677889090","designation":"Manage_rCate","hotelId":"4","brandId":"7"}  
[2023-06-19 11:41:22] LoginAction.INFO: ======= END Login Action ================  
[2023-06-19 11:41:47] LoginAction.INFO: ======= Start Login Action ================  
[2023-06-19 11:41:47] LoginAction.INFO: Input Data : {"email":"superadmin@msense.in","password":"1234567"}  
[2023-06-19 11:41:47] LoginModel.INFO: Query : call SP_Doauth('superadmin@msense.in','QUwxT0hwRExsV2g4VXpFNkdocllPQT09')  
[2023-06-19 11:41:47] LoginModel.INFO: User Data : {"username":"super admin","userGroup":"1","loginid":"1","email":"superadmin@msense.in","mobileno":"9677889090","designation":"Manage_rCate","hotelId":"4","brandId":"7"}  
[2023-06-19 11:41:47] LoginAction.INFO: ======= END Login Action ================  
[2023-06-19 11:42:59] LoginAction.INFO: ======= Start Login Action ================  
[2023-06-19 11:42:59] LoginAction.INFO: Input Data : {"email":"superadmin@msense.in","password":"1234567"}  
[2023-06-19 11:42:59] LoginModel.INFO: Query : call SP_Doauth('superadmin@msense.in','QUwxT0hwRExsV2g4VXpFNkdocllPQT09')  
[2023-06-19 11:42:59] LoginModel.INFO: User Data : {"username":"super admin","userGroup":"1","loginid":"1","email":"superadmin@msense.in","mobileno":"9677889090","designation":"Manage_rCate","hotelId":"4","brandId":"7"}  
[2023-06-19 11:42:59] LoginAction.INFO: ======= END Login Action ================  
[2023-06-19 11:43:10] LoginAction.INFO: ======= Start Login Action ================  
[2023-06-19 11:43:10] LoginAction.INFO: Input Data : {"email":"superadmin@msense.in","password":"1234567"}  
[2023-06-19 11:43:10] LoginModel.INFO: Query : call SP_Doauth('superadmin@msense.in','QUwxT0hwRExsV2g4VXpFNkdocllPQT09')  
[2023-06-19 11:43:10] LoginModel.INFO: User Data : {"username":"super admin","userGroup":"1","loginid":"1","email":"superadmin@msense.in","mobileno":"9677889090","designation":"Manage_rCate","hotelId":"4","brandId":"7"}  
[2023-06-19 11:43:10] LoginAction.INFO: ======= END Login Action ================  
[2023-06-19 11:43:35] LoginAction.INFO: ======= Start Login Action ================  
[2023-06-19 11:43:35] LoginAction.INFO: Input Data : {"email":"superadmin@msense.in","password":"1234567"}  
[2023-06-19 11:43:35] LoginModel.INFO: Query : call SP_Doauth('superadmin@msense.in','QUwxT0hwRExsV2g4VXpFNkdocllPQT09')  
[2023-06-19 11:43:35] LoginModel.INFO: User Data : {"username":"super admin","userGroup":"1","loginid":"1","email":"superadmin@msense.in","mobileno":"9677889090","designation":"Manage_rCate","hotelId":"4","brandId":"7"}  
[2023-06-19 11:43:35] LoginAction.INFO: ======= END Login Action ================  
[2023-06-19 11:44:20] LoginAction.INFO: ======= Start Login Action ================  
[2023-06-19 11:44:20] LoginAction.INFO: Input Data : {"email":"superadmin@msense.in","password":"1234567"}  
[2023-06-19 11:44:20] LoginModel.INFO: Query : call SP_Doauth('superadmin@msense.in','QUwxT0hwRExsV2g4VXpFNkdocllPQT09')  
[2023-06-19 11:44:20] LoginModel.INFO: User Data : {"username":"super admin","userGroup":"1","loginid":"1","email":"superadmin@msense.in","mobileno":"9677889090","designation":"Manage_rCate","hotelId":"4","brandId":"7"}  
[2023-06-19 11:44:20] LoginAction.INFO: ======= END Login Action ================  
[2023-06-19 11:45:17] LoginAction.INFO: ======= Start Login Action ================  
[2023-06-19 11:45:17] LoginAction.INFO: Input Data : {"email":"superadmin@msense.in","password":"1234567"}  
[2023-06-19 11:45:17] LoginModel.INFO: Query : call SP_Doauth('superadmin@msense.in','QUwxT0hwRExsV2g4VXpFNkdocllPQT09')  
[2023-06-19 11:45:17] LoginModel.INFO: User Data : {"username":"super admin","userGroup":"1","loginid":"1","email":"superadmin@msense.in","mobileno":"9677889090","designation":"Manage_rCate","hotelId":"4","brandId":"7"}  
[2023-06-19 11:45:17] LoginAction.INFO: ======= END Login Action ================  
[2023-06-19 11:45:22] LoginAction.INFO: ======= Start Login Action ================  
[2023-06-19 11:45:22] LoginAction.INFO: Input Data : {"email":"superadmin@msense.in","password":"1234567"}  
[2023-06-19 11:45:22] LoginModel.INFO: Query : call SP_Doauth('superadmin@msense.in','QUwxT0hwRExsV2g4VXpFNkdocllPQT09')  
[2023-06-19 11:45:22] LoginModel.INFO: User Data : {"username":"super admin","userGroup":"1","loginid":"1","email":"superadmin@msense.in","mobileno":"9677889090","designation":"Manage_rCate","hotelId":"4","brandId":"7"}  
[2023-06-19 11:45:22] LoginAction.INFO: ======= END Login Action ================  
[2023-06-19 11:45:53] LoginAction.INFO: ======= Start Login Action ================  
[2023-06-19 11:45:53] LoginAction.INFO: Input Data : {"email":"superadmin@msense.in","password":"1234567"}  
[2023-06-19 11:45:53] LoginModel.INFO: Query : call SP_Doauth('superadmin@msense.in','QUwxT0hwRExsV2g4VXpFNkdocllPQT09')  
[2023-06-19 11:45:53] LoginModel.INFO: User Data : {"username":"super admin","userGroup":"1","loginid":"1","email":"superadmin@msense.in","mobileno":"9677889090","designation":"Manage_rCate","hotelId":"4","brandId":"7"}  
[2023-06-19 11:45:53] LoginAction.INFO: ======= END Login Action ================  
[2023-06-19 11:45:56] LoginAction.INFO: ======= Start Login Action ================  
[2023-06-19 11:45:56] LoginAction.INFO: Input Data : {"email":"superadmin@msense.in","password":"1234567"}  
[2023-06-19 11:45:56] LoginModel.INFO: Query : call SP_Doauth('superadmin@msense.in','QUwxT0hwRExsV2g4VXpFNkdocllPQT09')  
[2023-06-19 11:45:56] LoginModel.INFO: User Data : {"username":"super admin","userGroup":"1","loginid":"1","email":"superadmin@msense.in","mobileno":"9677889090","designation":"Manage_rCate","hotelId":"4","brandId":"7"}  
[2023-06-19 11:45:56] LoginAction.INFO: ======= END Login Action ================  
[2023-06-19 11:46:52] LoginAction.INFO: ======= Start Login Action ================  
[2023-06-19 11:46:52] LoginAction.INFO: Input Data : {"email":"superadmin@msense.in","password":"1234567"}  
[2023-06-19 11:46:52] LoginModel.INFO: Query : call SP_Doauth('superadmin@msense.in','QUwxT0hwRExsV2g4VXpFNkdocllPQT09')  
[2023-06-19 11:46:52] LoginModel.INFO: User Data : {"username":"super admin","userGroup":"1","loginid":"1","email":"superadmin@msense.in","mobileno":"9677889090","designation":"Manage_rCate","hotelId":"4","brandId":"7"}  
[2023-06-19 11:46:52] LoginAction.INFO: ======= END Login Action ================  
[2023-06-19 11:46:58] LoginAction.INFO: ======= Start Login Action ================  
[2023-06-19 11:46:58] LoginAction.INFO: Input Data : {"email":"superadmin@msense.in","password":"1234567"}  
[2023-06-19 11:46:58] LoginModel.INFO: Query : call SP_Doauth('superadmin@msense.in','QUwxT0hwRExsV2g4VXpFNkdocllPQT09')  
[2023-06-19 11:46:58] LoginModel.INFO: User Data : {"username":"super admin","userGroup":"1","loginid":"1","email":"superadmin@msense.in","mobileno":"9677889090","designation":"Manage_rCate","hotelId":"4","brandId":"7"}  
[2023-06-19 11:46:58] LoginAction.INFO: ======= END Login Action ================  
[2023-06-19 11:47:06] LoginAction.INFO: ======= Start Login Action ================  
[2023-06-19 11:47:06] LoginAction.INFO: Input Data : {"email":"superadmin@msense.in","password":"1234567"}  
[2023-06-19 11:47:06] LoginModel.INFO: Query : call SP_Doauth('superadmin@msense.in','QUwxT0hwRExsV2g4VXpFNkdocllPQT09')  
[2023-06-19 11:47:06] LoginModel.INFO: User Data : {"username":"super admin","userGroup":"1","loginid":"1","email":"superadmin@msense.in","mobileno":"9677889090","designation":"Manage_rCate","hotelId":"4","brandId":"7"}  
[2023-06-19 11:47:06] LoginAction.INFO: ======= END Login Action ================  
[2023-06-19 11:48:06] LoginAction.INFO: ======= Start Login Action ================  
[2023-06-19 11:48:06] LoginAction.INFO: Input Data : {"email":"superadmin@msense.in","password":"1234567"}  
[2023-06-19 11:48:06] LoginModel.INFO: Query : call SP_Doauth('superadmin@msense.in','QUwxT0hwRExsV2g4VXpFNkdocllPQT09')  
[2023-06-19 11:48:06] LoginModel.INFO: User Data : {"username":"super admin","userGroup":"1","loginid":"1","email":"superadmin@msense.in","mobileno":"9677889090","designation":"Manage_rCate","hotelId":"4","brandId":"7"}  
[2023-06-19 11:48:06] LoginAction.INFO: ======= END Login Action ================  
