[2023-06-19 05:02:19] TvtempRepository.INFO: ======= Start TV Repository (Get All Feature List)================  
[2023-06-19 05:02:19] TvtempModel.INFO: Query : CALL SP_TvtemplateDetails('FEATURE')  
[2023-06-19 05:02:19] TvtempRepository.INFO: ======= Start TV Repository (Get All Template List)================  
[2023-06-19 05:02:19] TvtempModel.INFO: Query : CALL SP_TvtemplateDetails('LIST')  
[2023-06-19 05:02:19] TvtempRepository.INFO: ======= Start TV Repository (Get All ChannelFeed List) ================  
[2023-06-19 05:02:19] TvtempModel.INFO: Query : CALL SP_TvtemplateDetails('CHNLTYPE')  
[2023-06-19 05:02:19] TvtempModel.INFO: get All Template (count) : 6  
[2023-06-19 05:02:19] TvtempRepository.INFO: ======= End TV Repository (Get All Template List)================  
[2023-06-19 05:02:19] TvtempModel.INFO: get All Template (count) : 4  
[2023-06-19 05:02:19] TvtempRepository.INFO: ======= End TV Repository (Get All Feature List)================  
[2023-06-19 05:02:19] TvtempModel.INFO: get All Template (count) : 3  
[2023-06-19 05:02:19] TvtempRepository.INFO: ======= End TV Repository (Get All ChannelFeed List) ================  
[2023-06-19 05:05:43] TvtempRepository.INFO: ======= Start TV Repository (Get All Feature List)================  
[2023-06-19 05:05:43] TvtempModel.INFO: Query : CALL SP_TvtemplateDetails('FEATURE')  
[2023-06-19 05:05:43] TvtempRepository.INFO: ======= Start TV Repository (Get All Template List)================  
[2023-06-19 05:05:43] TvtempModel.INFO: Query : CALL SP_TvtemplateDetails('LIST')  
[2023-06-19 05:05:43] TvtempModel.INFO: get All Template (count) : 4  
[2023-06-19 05:05:43] TvtempRepository.INFO: ======= End TV Repository (Get All Feature List)================  
[2023-06-19 05:05:43] TvtempModel.INFO: get All Template (count) : 6  
[2023-06-19 05:05:43] TvtempRepository.INFO: ======= End TV Repository (Get All Template List)================  
[2023-06-19 05:05:43] TvtempRepository.INFO: ======= Start TV Repository (Get All ChannelFeed List) ================  
[2023-06-19 05:05:43] TvtempModel.INFO: Query : CALL SP_TvtemplateDetails('CHNLTYPE')  
[2023-06-19 05:05:43] TvtempModel.INFO: get All Template (count) : 3  
[2023-06-19 05:05:43] TvtempRepository.INFO: ======= End TV Repository (Get All ChannelFeed List) ================  
[2023-06-19 05:07:56] TvtempRepository.INFO: ======= Start TV Repository (Get All ChannelFeed List) ================  
[2023-06-19 05:07:56] TvtempModel.INFO: Query : CALL SP_TvtemplateDetails('CHNLTYPE')  
[2023-06-19 05:07:56] TvtempRepository.INFO: ======= Start TV Repository (Get All Feature List)================  
[2023-06-19 05:07:56] TvtempModel.INFO: Query : CALL SP_TvtemplateDetails('FEATURE')  
[2023-06-19 05:07:56] TvtempModel.INFO: get All Template (count) : 3  
[2023-06-19 05:07:56] TvtempRepository.INFO: ======= End TV Repository (Get All ChannelFeed List) ================  
[2023-06-19 05:07:56] TvtempRepository.INFO: ======= Start TV Repository (Get All Template List)================  
[2023-06-19 05:07:56] TvtempModel.INFO: Query : CALL SP_TvtemplateDetails('LIST')  
[2023-06-19 05:07:56] TvtempModel.INFO: get All Template (count) : 4  
[2023-06-19 05:07:56] TvtempRepository.INFO: ======= End TV Repository (Get All Feature List)================  
[2023-06-19 05:07:56] TvtempModel.INFO: get All Template (count) : 6  
[2023-06-19 05:07:56] TvtempRepository.INFO: ======= End TV Repository (Get All Template List)================  
[2023-06-19 05:08:41] TvtempRepository.INFO: ======= Start TV Repository (Get All Feature List)================  
[2023-06-19 05:08:41] TvtempModel.INFO: Query : CALL SP_TvtemplateDetails('FEATURE')  
[2023-06-19 05:08:41] TvtempRepository.INFO: ======= Start TV Repository (Get All Template List)================  
[2023-06-19 05:08:41] TvtempModel.INFO: Query : CALL SP_TvtemplateDetails('LIST')  
[2023-06-19 05:08:41] TvtempRepository.INFO: ======= Start TV Repository (Get All ChannelFeed List) ================  
[2023-06-19 05:08:41] TvtempModel.INFO: Query : CALL SP_TvtemplateDetails('CHNLTYPE')  
[2023-06-19 05:08:41] TvtempModel.INFO: get All Template (count) : 4  
[2023-06-19 05:08:41] TvtempRepository.INFO: ======= End TV Repository (Get All Feature List)================  
[2023-06-19 05:08:41] TvtempModel.INFO: get All Template (count) : 3  
[2023-06-19 05:08:41] TvtempRepository.INFO: ======= End TV Repository (Get All ChannelFeed List) ================  
[2023-06-19 05:08:41] TvtempModel.INFO: get All Template (count) : 6  
[2023-06-19 05:08:41] TvtempRepository.INFO: ======= End TV Repository (Get All Template List)================  
[2023-06-19 05:08:53] TvtempRepository.INFO: ======= Start TV Repository (Get All Feature List)================  
[2023-06-19 05:08:53] TvtempModel.INFO: Query : CALL SP_TvtemplateDetails('FEATURE')  
[2023-06-19 05:08:53] TvtempRepository.INFO: ======= Start TV Repository (Get All Template List)================  
[2023-06-19 05:08:53] TvtempModel.INFO: Query : CALL SP_TvtemplateDetails('LIST')  
[2023-06-19 05:08:53] TvtempModel.INFO: get All Template (count) : 4  
[2023-06-19 05:08:53] TvtempRepository.INFO: ======= End TV Repository (Get All Feature List)================  
[2023-06-19 05:08:53] TvtempModel.INFO: get All Template (count) : 6  
[2023-06-19 05:08:53] TvtempRepository.INFO: ======= End TV Repository (Get All Template List)================  
[2023-06-19 05:08:53] TvtempRepository.INFO: ======= Start TV Repository (Get All ChannelFeed List) ================  
[2023-06-19 05:08:53] TvtempModel.INFO: Query : CALL SP_TvtemplateDetails('CHNLTYPE')  
[2023-06-19 05:08:53] TvtempModel.INFO: get All Template (count) : 3  
[2023-06-19 05:08:53] TvtempRepository.INFO: ======= End TV Repository (Get All ChannelFeed List) ================  
[2023-06-19 05:09:39] TvtempRepository.INFO: ======= Start TV Repository (Get All ChannelFeed List) ================  
[2023-06-19 05:09:39] TvtempModel.INFO: Query : CALL SP_TvtemplateDetails('CHNLTYPE')  
[2023-06-19 05:09:39] TvtempRepository.INFO: ======= Start TV Repository (Get All Feature List)================  
[2023-06-19 05:09:39] TvtempModel.INFO: Query : CALL SP_TvtemplateDetails('FEATURE')  
[2023-06-19 05:09:39] TvtempRepository.INFO: ======= Start TV Repository (Get All Template List)================  
[2023-06-19 05:09:39] TvtempModel.INFO: Query : CALL SP_TvtemplateDetails('LIST')  
[2023-06-19 05:09:39] TvtempModel.INFO: get All Template (count) : 3  
[2023-06-19 05:09:39] TvtempRepository.INFO: ======= End TV Repository (Get All ChannelFeed List) ================  
[2023-06-19 05:09:39] TvtempModel.INFO: get All Template (count) : 4  
[2023-06-19 05:09:39] TvtempRepository.INFO: ======= End TV Repository (Get All Feature List)================  
[2023-06-19 05:09:39] TvtempModel.INFO: get All Template (count) : 6  
[2023-06-19 05:09:39] TvtempRepository.INFO: ======= End TV Repository (Get All Template List)================  
[2023-06-19 05:10:25] TvtempRepository.INFO: ======= Start TV Repository (Get All Template List)================  
[2023-06-19 05:10:25] TvtempModel.INFO: Query : CALL SP_TvtemplateDetails('LIST')  
[2023-06-19 05:10:25] TvtempRepository.INFO: ======= Start TV Repository (Get All Feature List)================  
[2023-06-19 05:10:25] TvtempModel.INFO: Query : CALL SP_TvtemplateDetails('FEATURE')  
[2023-06-19 05:10:25] TvtempRepository.INFO: ======= Start TV Repository (Get All ChannelFeed List) ================  
[2023-06-19 05:10:25] TvtempModel.INFO: Query : CALL SP_TvtemplateDetails('CHNLTYPE')  
[2023-06-19 05:10:25] TvtempModel.INFO: get All Template (count) : 4  
[2023-06-19 05:10:25] TvtempRepository.INFO: ======= End TV Repository (Get All Feature List)================  
[2023-06-19 05:10:25] TvtempModel.INFO: get All Template (count) : 6  
[2023-06-19 05:10:25] TvtempRepository.INFO: ======= End TV Repository (Get All Template List)================  
[2023-06-19 05:10:25] TvtempModel.INFO: get All Template (count) : 3  
[2023-06-19 05:10:25] TvtempRepository.INFO: ======= End TV Repository (Get All ChannelFeed List) ================  
[2023-06-19 05:16:42] TvtempRepository.INFO: ======= Start TV Repository (Get All Feature List)================  
[2023-06-19 05:16:42] TvtempModel.INFO: Query : CALL SP_TvtemplateDetails('FEATURE')  
[2023-06-19 05:16:42] TvtempRepository.INFO: ======= Start TV Repository (Get All Template List)================  
[2023-06-19 05:16:42] TvtempModel.INFO: Query : CALL SP_TvtemplateDetails('LIST')  
[2023-06-19 05:16:42] TvtempModel.INFO: get All Template (count) : 6  
[2023-06-19 05:16:42] TvtempRepository.INFO: ======= End TV Repository (Get All Template List)================  
[2023-06-19 05:16:42] TvtempModel.INFO: get All Template (count) : 4  
[2023-06-19 05:16:42] TvtempRepository.INFO: ======= End TV Repository (Get All Feature List)================  
[2023-06-19 05:16:42] TvtempRepository.INFO: ======= Start TV Repository (Get All ChannelFeed List) ================  
[2023-06-19 05:16:42] TvtempModel.INFO: Query : CALL SP_TvtemplateDetails('CHNLTYPE')  
[2023-06-19 05:16:42] TvtempModel.INFO: get All Template (count) : 3  
[2023-06-19 05:16:42] TvtempRepository.INFO: ======= End TV Repository (Get All ChannelFeed List) ================  
[2023-06-19 05:20:20] TvtempRepository.INFO: ======= Start TV Repository (Get All Template List)================  
[2023-06-19 05:20:20] TvtempModel.INFO: Query : CALL SP_TvtemplateDetails('LIST')  
[2023-06-19 05:20:20] TvtempRepository.INFO: ======= Start TV Repository (Get All ChannelFeed List) ================  
[2023-06-19 05:20:20] TvtempModel.INFO: Query : CALL SP_TvtemplateDetails('CHNLTYPE')  
[2023-06-19 05:20:20] TvtempRepository.INFO: ======= Start TV Repository (Get All Feature List)================  
[2023-06-19 05:20:20] TvtempModel.INFO: Query : CALL SP_TvtemplateDetails('FEATURE')  
[2023-06-19 05:20:20] TvtempModel.INFO: get All Template (count) : 3  
[2023-06-19 05:20:20] TvtempRepository.INFO: ======= End TV Repository (Get All ChannelFeed List) ================  
[2023-06-19 05:20:20] TvtempModel.INFO: get All Template (count) : 6  
[2023-06-19 05:20:20] TvtempRepository.INFO: ======= End TV Repository (Get All Template List)================  
[2023-06-19 05:20:20] TvtempModel.INFO: get All Template (count) : 4  
[2023-06-19 05:20:20] TvtempRepository.INFO: ======= End TV Repository (Get All Feature List)================  
[2023-06-19 05:21:15] TvtempRepository.INFO: ======= Start TV Repository (Get All ChannelFeed List) ================  
[2023-06-19 05:21:15] TvtempModel.INFO: Query : CALL SP_TvtemplateDetails('CHNLTYPE')  
[2023-06-19 05:21:15] TvtempRepository.INFO: ======= Start TV Repository (Get All Template List)================  
[2023-06-19 05:21:15] TvtempModel.INFO: Query : CALL SP_TvtemplateDetails('LIST')  
[2023-06-19 05:21:15] TvtempRepository.INFO: ======= Start TV Repository (Get All Feature List)================  
[2023-06-19 05:21:15] TvtempModel.INFO: Query : CALL SP_TvtemplateDetails('FEATURE')  
[2023-06-19 05:21:15] TvtempModel.INFO: get All Template (count) : 3  
[2023-06-19 05:21:15] TvtempRepository.INFO: ======= End TV Repository (Get All ChannelFeed List) ================  
[2023-06-19 05:21:15] TvtempModel.INFO: get All Template (count) : 6  
[2023-06-19 05:21:15] TvtempRepository.INFO: ======= End TV Repository (Get All Template List)================  
[2023-06-19 05:21:15] TvtempModel.INFO: get All Template (count) : 4  
[2023-06-19 05:21:15] TvtempRepository.INFO: ======= End TV Repository (Get All Feature List)================  
[2023-06-19 05:23:09] TvtempRepository.INFO: ======= Start TV Repository (Get All ChannelFeed List) ================  
[2023-06-19 05:23:09] TvtempModel.INFO: Query : CALL SP_TvtemplateDetails('CHNLTYPE')  
[2023-06-19 05:23:09] TvtempRepository.INFO: ======= Start TV Repository (Get All Template List)================  
[2023-06-19 05:23:09] TvtempModel.INFO: Query : CALL SP_TvtemplateDetails('LIST')  
[2023-06-19 05:23:09] TvtempRepository.INFO: ======= Start TV Repository (Get All Feature List)================  
[2023-06-19 05:23:09] TvtempModel.INFO: Query : CALL SP_TvtemplateDetails('FEATURE')  
[2023-06-19 05:23:09] TvtempModel.INFO: get All Template (count) : 6  
[2023-06-19 05:23:09] TvtempRepository.INFO: ======= End TV Repository (Get All Template List)================  
[2023-06-19 05:23:09] TvtempModel.INFO: get All Template (count) : 3  
[2023-06-19 05:23:09] TvtempRepository.INFO: ======= End TV Repository (Get All ChannelFeed List) ================  
[2023-06-19 05:23:09] TvtempModel.INFO: get All Template (count) : 4  
[2023-06-19 05:23:09] TvtempRepository.INFO: ======= End TV Repository (Get All Feature List)================  
[2023-06-19 05:31:43] TvtempRepository.INFO: ======= Start TV Repository (Get All Feature List)================  
[2023-06-19 05:31:43] TvtempModel.INFO: Query : CALL SP_TvtemplateDetails('FEATURE')  
[2023-06-19 05:31:43] TvtempRepository.INFO: ======= Start TV Repository (Get All ChannelFeed List) ================  
[2023-06-19 05:31:43] TvtempModel.INFO: Query : CALL SP_TvtemplateDetails('CHNLTYPE')  
[2023-06-19 05:31:43] TvtempRepository.INFO: ======= Start TV Repository (Get All Template List)================  
[2023-06-19 05:31:43] TvtempModel.INFO: Query : CALL SP_TvtemplateDetails('LIST')  
[2023-06-19 05:31:43] TvtempModel.INFO: get All Template (count) : 3  
[2023-06-19 05:31:43] TvtempRepository.INFO: ======= End TV Repository (Get All ChannelFeed List) ================  
[2023-06-19 05:31:43] TvtempModel.INFO: get All Template (count) : 4  
[2023-06-19 05:31:43] TvtempRepository.INFO: ======= End TV Repository (Get All Feature List)================  
[2023-06-19 05:31:43] TvtempModel.INFO: get All Template (count) : 6  
[2023-06-19 05:31:43] TvtempRepository.INFO: ======= End TV Repository (Get All Template List)================  
[2023-06-19 05:31:49] TvtempRepository.INFO: ======= Start TV Repository (Get All Feature List)================  
[2023-06-19 05:31:49] TvtempModel.INFO: Query : CALL SP_TvtemplateDetails('FEATURE')  
[2023-06-19 05:31:49] TvtempModel.INFO: get All Template (count) : 4  
[2023-06-19 05:31:49] TvtempRepository.INFO: ======= End TV Repository (Get All Feature List)================  
[2023-06-19 05:31:49] TvtempRepository.INFO: ======= Start TV Repository (Get All ChannelFeed List) ================  
[2023-06-19 05:31:49] TvtempModel.INFO: Query : CALL SP_TvtemplateDetails('CHNLTYPE')  
[2023-06-19 05:31:49] TvtempRepository.INFO: ======= Start TV Repository (Get All Template List)================  
[2023-06-19 05:31:49] TvtempModel.INFO: Query : CALL SP_TvtemplateDetails('LIST')  
[2023-06-19 05:31:49] TvtempModel.INFO: get All Template (count) : 3  
[2023-06-19 05:31:49] TvtempRepository.INFO: ======= End TV Repository (Get All ChannelFeed List) ================  
[2023-06-19 05:31:49] TvtempModel.INFO: get All Template (count) : 6  
[2023-06-19 05:31:49] TvtempRepository.INFO: ======= End TV Repository (Get All Template List)================  
[2023-06-19 05:32:43] TvtempRepository.INFO: ======= Start TV Repository (Get All ChannelFeed List) ================  
[2023-06-19 05:32:43] TvtempModel.INFO: Query : CALL SP_TvtemplateDetails('CHNLTYPE')  
[2023-06-19 05:32:43] TvtempRepository.INFO: ======= Start TV Repository (Get All Template List)================  
[2023-06-19 05:32:43] TvtempModel.INFO: Query : CALL SP_TvtemplateDetails('LIST')  
[2023-06-19 05:32:43] TvtempModel.INFO: get All Template (count) : 3  
[2023-06-19 05:32:43] TvtempRepository.INFO: ======= End TV Repository (Get All ChannelFeed List) ================  
[2023-06-19 05:32:43] TvtempModel.INFO: get All Template (count) : 6  
[2023-06-19 05:32:43] TvtempRepository.INFO: ======= End TV Repository (Get All Template List)================  
[2023-06-19 05:32:43] TvtempRepository.INFO: ======= Start TV Repository (Get All Feature List)================  
[2023-06-19 05:32:43] TvtempModel.INFO: Query : CALL SP_TvtemplateDetails('FEATURE')  
[2023-06-19 05:32:43] TvtempModel.INFO: get All Template (count) : 4  
[2023-06-19 05:32:43] TvtempRepository.INFO: ======= End TV Repository (Get All Feature List)================  
[2023-06-19 05:36:44] TvtempRepository.INFO: ======= Start TV Repository (Get All Feature List)================  
[2023-06-19 05:36:44] TvtempModel.INFO: Query : CALL SP_TvtemplateDetails('FEATURE')  
[2023-06-19 05:36:44] TvtempModel.INFO: get All Template (count) : 4  
[2023-06-19 05:36:44] TvtempRepository.INFO: ======= End TV Repository (Get All Feature List)================  
[2023-06-19 05:36:44] TvtempRepository.INFO: ======= Start TV Repository (Get All Template List)================  
[2023-06-19 05:36:44] TvtempModel.INFO: Query : CALL SP_TvtemplateDetails('LIST')  
[2023-06-19 05:36:44] TvtempRepository.INFO: ======= Start TV Repository (Get All ChannelFeed List) ================  
[2023-06-19 05:36:44] TvtempModel.INFO: Query : CALL SP_TvtemplateDetails('CHNLTYPE')  
[2023-06-19 05:36:44] TvtempModel.INFO: get All Template (count) : 3  
[2023-06-19 05:36:44] TvtempRepository.INFO: ======= End TV Repository (Get All ChannelFeed List) ================  
[2023-06-19 05:36:44] TvtempModel.INFO: get All Template (count) : 6  
[2023-06-19 05:36:44] TvtempRepository.INFO: ======= End TV Repository (Get All Template List)================  
[2023-06-19 05:37:58] TvtempRepository.INFO: ======= Start TV Repository (Get All Template List)================  
[2023-06-19 05:37:58] TvtempModel.INFO: Query : CALL SP_TvtemplateDetails('LIST')  
[2023-06-19 05:37:58] TvtempRepository.INFO: ======= Start TV Repository (Get All Feature List)================  
[2023-06-19 05:37:58] TvtempModel.INFO: Query : CALL SP_TvtemplateDetails('FEATURE')  
[2023-06-19 05:37:58] TvtempRepository.INFO: ======= Start TV Repository (Get All ChannelFeed List) ================  
[2023-06-19 05:37:58] TvtempModel.INFO: Query : CALL SP_TvtemplateDetails('CHNLTYPE')  
[2023-06-19 05:37:58] TvtempModel.INFO: get All Template (count) : 4  
[2023-06-19 05:37:58] TvtempRepository.INFO: ======= End TV Repository (Get All Feature List)================  
[2023-06-19 05:37:58] TvtempModel.INFO: get All Template (count) : 6  
[2023-06-19 05:37:58] TvtempRepository.INFO: ======= End TV Repository (Get All Template List)================  
[2023-06-19 05:37:58] TvtempModel.INFO: get All Template (count) : 3  
[2023-06-19 05:37:58] TvtempRepository.INFO: ======= End TV Repository (Get All ChannelFeed List) ================  
[2023-06-19 05:39:00] TvtempRepository.INFO: ======= Start TV Repository (Get All Feature List)================  
[2023-06-19 05:39:00] TvtempModel.INFO: Query : CALL SP_TvtemplateDetails('FEATURE')  
[2023-06-19 05:39:00] TvtempRepository.INFO: ======= Start TV Repository (Get All Template List)================  
[2023-06-19 05:39:00] TvtempModel.INFO: Query : CALL SP_TvtemplateDetails('LIST')  
[2023-06-19 05:39:00] TvtempModel.INFO: get All Template (count) : 6  
[2023-06-19 05:39:00] TvtempRepository.INFO: ======= End TV Repository (Get All Template List)================  
[2023-06-19 05:39:00] TvtempModel.INFO: get All Template (count) : 4  
[2023-06-19 05:39:00] TvtempRepository.INFO: ======= End TV Repository (Get All Feature List)================  
[2023-06-19 05:39:00] TvtempRepository.INFO: ======= Start TV Repository (Get All ChannelFeed List) ================  
[2023-06-19 05:39:00] TvtempModel.INFO: Query : CALL SP_TvtemplateDetails('CHNLTYPE')  
[2023-06-19 05:39:00] TvtempModel.INFO: get All Template (count) : 3  
[2023-06-19 05:39:00] TvtempRepository.INFO: ======= End TV Repository (Get All ChannelFeed List) ================  
[2023-06-19 05:39:43] TvtempRepository.INFO: ======= Start TV Repository (Get All Template List)================  
[2023-06-19 05:39:43] TvtempModel.INFO: Query : CALL SP_TvtemplateDetails('LIST')  
[2023-06-19 05:39:43] TvtempRepository.INFO: ======= Start TV Repository (Get All Feature List)================  
[2023-06-19 05:39:43] TvtempModel.INFO: Query : CALL SP_TvtemplateDetails('FEATURE')  
[2023-06-19 05:39:43] TvtempRepository.INFO: ======= Start TV Repository (Get All ChannelFeed List) ================  
[2023-06-19 05:39:43] TvtempModel.INFO: Query : CALL SP_TvtemplateDetails('CHNLTYPE')  
[2023-06-19 05:39:43] TvtempModel.INFO: get All Template (count) : 6  
[2023-06-19 05:39:43] TvtempRepository.INFO: ======= End TV Repository (Get All Template List)================  
[2023-06-19 05:39:43] TvtempModel.INFO: get All Template (count) : 4  
[2023-06-19 05:39:43] TvtempRepository.INFO: ======= End TV Repository (Get All Feature List)================  
[2023-06-19 05:39:43] TvtempModel.INFO: get All Template (count) : 3  
[2023-06-19 05:39:43] TvtempRepository.INFO: ======= End TV Repository (Get All ChannelFeed List) ================  
[2023-06-19 05:40:27] TvtempRepository.INFO: ======= Start TV Repository (Get All Feature List)================  
[2023-06-19 05:40:27] TvtempModel.INFO: Query : CALL SP_TvtemplateDetails('FEATURE')  
[2023-06-19 05:40:27] TvtempRepository.INFO: ======= Start TV Repository (Get All Template List)================  
[2023-06-19 05:40:27] TvtempModel.INFO: Query : CALL SP_TvtemplateDetails('LIST')  
[2023-06-19 05:40:27] TvtempRepository.INFO: ======= Start TV Repository (Get All ChannelFeed List) ================  
[2023-06-19 05:40:27] TvtempModel.INFO: Query : CALL SP_TvtemplateDetails('CHNLTYPE')  
[2023-06-19 05:40:27] TvtempModel.INFO: get All Template (count) : 4  
[2023-06-19 05:40:27] TvtempRepository.INFO: ======= End TV Repository (Get All Feature List)================  
[2023-06-19 05:40:27] TvtempModel.INFO: get All Template (count) : 6  
[2023-06-19 05:40:27] TvtempRepository.INFO: ======= End TV Repository (Get All Template List)================  
[2023-06-19 05:40:27] TvtempModel.INFO: get All Template (count) : 3  
[2023-06-19 05:40:27] TvtempRepository.INFO: ======= End TV Repository (Get All ChannelFeed List) ================  
[2023-06-19 06:11:15] TvtempRepository.INFO: ======= Start TV Repository (Get All ChannelFeed List) ================  
[2023-06-19 06:11:15] TvtempModel.INFO: Query : CALL SP_TvtemplateDetails('CHNLTYPE')  
[2023-06-19 06:11:15] TvtempRepository.INFO: ======= Start TV Repository (Get All Feature List)================  
[2023-06-19 06:11:15] TvtempModel.INFO: Query : CALL SP_TvtemplateDetails('FEATURE')  
[2023-06-19 06:11:15] TvtempRepository.INFO: ======= Start TV Repository (Get All Template List)================  
[2023-06-19 06:11:15] TvtempModel.INFO: Query : CALL SP_TvtemplateDetails('LIST')  
[2023-06-19 06:11:15] TvtempModel.INFO: get All Template (count) : 3  
[2023-06-19 06:11:15] TvtempRepository.INFO: ======= End TV Repository (Get All ChannelFeed List) ================  
[2023-06-19 06:11:15] TvtempModel.INFO: get All Template (count) : 4  
[2023-06-19 06:11:15] TvtempRepository.INFO: ======= End TV Repository (Get All Feature List)================  
[2023-06-19 06:11:15] TvtempModel.INFO: get All Template (count) : 6  
[2023-06-19 06:11:15] TvtempRepository.INFO: ======= End TV Repository (Get All Template List)================  
[2023-06-19 06:12:36] TvtempRepository.INFO: ======= Start TV Repository (Get All Feature List)================  
[2023-06-19 06:12:36] TvtempModel.INFO: Query : CALL SP_TvtemplateDetails('FEATURE')  
[2023-06-19 06:12:36] TvtempRepository.INFO: ======= Start TV Repository (Get All ChannelFeed List) ================  
[2023-06-19 06:12:36] TvtempModel.INFO: Query : CALL SP_TvtemplateDetails('CHNLTYPE')  
[2023-06-19 06:12:36] TvtempRepository.INFO: ======= Start TV Repository (Get All Template List)================  
[2023-06-19 06:12:36] TvtempModel.INFO: Query : CALL SP_TvtemplateDetails('LIST')  
[2023-06-19 06:12:36] TvtempModel.INFO: get All Template (count) : 4  
[2023-06-19 06:12:36] TvtempRepository.INFO: ======= End TV Repository (Get All Feature List)================  
[2023-06-19 06:12:36] TvtempModel.INFO: get All Template (count) : 3  
[2023-06-19 06:12:36] TvtempRepository.INFO: ======= End TV Repository (Get All ChannelFeed List) ================  
[2023-06-19 06:12:36] TvtempModel.INFO: get All Template (count) : 6  
[2023-06-19 06:12:36] TvtempRepository.INFO: ======= End TV Repository (Get All Template List)================  
[2023-06-19 06:26:40] TvtempRepository.INFO: ======= Start TV Repository (Get All Template List)================  
[2023-06-19 06:26:40] TvtempModel.INFO: Query : CALL SP_TvtemplateDetails('LIST')  
[2023-06-19 06:26:40] TvtempRepository.INFO: ======= Start TV Repository (Get All Feature List)================  
[2023-06-19 06:26:40] TvtempModel.INFO: Query : CALL SP_TvtemplateDetails('FEATURE')  
[2023-06-19 06:26:40] TvtempRepository.INFO: ======= Start TV Repository (Get All ChannelFeed List) ================  
[2023-06-19 06:26:40] TvtempModel.INFO: Query : CALL SP_TvtemplateDetails('CHNLTYPE')  
[2023-06-19 06:26:40] TvtempModel.INFO: get All Template (count) : 6  
[2023-06-19 06:26:40] TvtempRepository.INFO: ======= End TV Repository (Get All Template List)================  
[2023-06-19 06:26:40] TvtempModel.INFO: get All Template (count) : 4  
[2023-06-19 06:26:40] TvtempRepository.INFO: ======= End TV Repository (Get All Feature List)================  
[2023-06-19 06:26:40] TvtempModel.INFO: get All Template (count) : 3  
[2023-06-19 06:26:40] TvtempRepository.INFO: ======= End TV Repository (Get All ChannelFeed List) ================  
[2023-06-19 06:26:46] TvtempRepository.INFO: ======= Start TV Repository (Get All Feature List)================  
[2023-06-19 06:26:46] TvtempModel.INFO: Query : CALL SP_TvtemplateDetails('FEATURE')  
[2023-06-19 06:26:46] TvtempRepository.INFO: ======= Start TV Repository (Get All Template List)================  
[2023-06-19 06:26:46] TvtempModel.INFO: Query : CALL SP_TvtemplateDetails('LIST')  
[2023-06-19 06:26:46] TvtempModel.INFO: get All Template (count) : 4  
[2023-06-19 06:26:46] TvtempRepository.INFO: ======= End TV Repository (Get All Feature List)================  
[2023-06-19 06:26:46] TvtempModel.INFO: get All Template (count) : 6  
[2023-06-19 06:26:46] TvtempRepository.INFO: ======= End TV Repository (Get All Template List)================  
[2023-06-19 06:26:46] TvtempRepository.INFO: ======= Start TV Repository (Get All ChannelFeed List) ================  
[2023-06-19 06:26:46] TvtempModel.INFO: Query : CALL SP_TvtemplateDetails('CHNLTYPE')  
[2023-06-19 06:26:46] TvtempModel.INFO: get All Template (count) : 3  
[2023-06-19 06:26:46] TvtempRepository.INFO: ======= End TV Repository (Get All ChannelFeed List) ================  
[2023-06-19 06:26:51] TvtempRepository.INFO: ======= Start TV Repository (Get All Feature List)================  
[2023-06-19 06:26:51] TvtempModel.INFO: Query : CALL SP_TvtemplateDetails('FEATURE')  
[2023-06-19 06:26:51] TvtempRepository.INFO: ======= Start TV Repository (Get All ChannelFeed List) ================  
[2023-06-19 06:26:51] TvtempModel.INFO: Query : CALL SP_TvtemplateDetails('CHNLTYPE')  
[2023-06-19 06:26:51] TvtempRepository.INFO: ======= Start TV Repository (Get All Template List)================  
[2023-06-19 06:26:51] TvtempModel.INFO: Query : CALL SP_TvtemplateDetails('LIST')  
[2023-06-19 06:26:51] TvtempModel.INFO: get All Template (count) : 4  
[2023-06-19 06:26:51] TvtempRepository.INFO: ======= End TV Repository (Get All Feature List)================  
[2023-06-19 06:26:51] TvtempModel.INFO: get All Template (count) : 3  
[2023-06-19 06:26:51] TvtempRepository.INFO: ======= End TV Repository (Get All ChannelFeed List) ================  
[2023-06-19 06:26:51] TvtempModel.INFO: get All Template (count) : 6  
[2023-06-19 06:26:51] TvtempRepository.INFO: ======= End TV Repository (Get All Template List)================  
[2023-06-19 06:28:10] TvtempRepository.INFO: ======= Start TV Repository (Get All Template List)================  
[2023-06-19 06:28:10] TvtempModel.INFO: Query : CALL SP_TvtemplateDetails('LIST')  
[2023-06-19 06:28:10] TvtempRepository.INFO: ======= Start TV Repository (Get All ChannelFeed List) ================  
[2023-06-19 06:28:10] TvtempModel.INFO: Query : CALL SP_TvtemplateDetails('CHNLTYPE')  
[2023-06-19 06:28:10] TvtempRepository.INFO: ======= Start TV Repository (Get All Feature List)================  
[2023-06-19 06:28:10] TvtempModel.INFO: Query : CALL SP_TvtemplateDetails('FEATURE')  
[2023-06-19 06:28:10] TvtempModel.INFO: get All Template (count) : 3  
[2023-06-19 06:28:10] TvtempRepository.INFO: ======= End TV Repository (Get All ChannelFeed List) ================  
[2023-06-19 06:28:10] TvtempModel.INFO: get All Template (count) : 6  
[2023-06-19 06:28:10] TvtempRepository.INFO: ======= End TV Repository (Get All Template List)================  
[2023-06-19 06:28:10] TvtempModel.INFO: get All Template (count) : 4  
[2023-06-19 06:28:10] TvtempRepository.INFO: ======= End TV Repository (Get All Feature List)================  
[2023-06-19 06:38:35] TvtempRepository.INFO: ======= Start TV Repository (Get All ChannelFeed List) ================  
[2023-06-19 06:38:35] TvtempModel.INFO: Query : CALL SP_TvtemplateDetails('CHNLTYPE')  
[2023-06-19 06:38:35] TvtempRepository.INFO: ======= Start TV Repository (Get All Feature List)================  
[2023-06-19 06:38:35] TvtempModel.INFO: Query : CALL SP_TvtemplateDetails('FEATURE')  
[2023-06-19 06:38:35] TvtempRepository.INFO: ======= Start TV Repository (Get All Template List)================  
[2023-06-19 06:38:35] TvtempModel.INFO: Query : CALL SP_TvtemplateDetails('LIST')  
[2023-06-19 06:38:35] TvtempModel.INFO: get All Template (count) : 3  
[2023-06-19 06:38:35] TvtempRepository.INFO: ======= End TV Repository (Get All ChannelFeed List) ================  
[2023-06-19 06:38:35] TvtempModel.INFO: get All Template (count) : 6  
[2023-06-19 06:38:35] TvtempRepository.INFO: ======= End TV Repository (Get All Template List)================  
[2023-06-19 06:38:35] TvtempModel.INFO: get All Template (count) : 4  
[2023-06-19 06:38:35] TvtempRepository.INFO: ======= End TV Repository (Get All Feature List)================  
[2023-06-19 06:39:13] TvtempRepository.INFO: ======= Start TV Repository (Get All Template List)================  
[2023-06-19 06:39:13] TvtempModel.INFO: Query : CALL SP_TvtemplateDetails('LIST')  
[2023-06-19 06:39:13] TvtempRepository.INFO: ======= Start TV Repository (Get All ChannelFeed List) ================  
[2023-06-19 06:39:13] TvtempModel.INFO: Query : CALL SP_TvtemplateDetails('CHNLTYPE')  
[2023-06-19 06:39:13] TvtempRepository.INFO: ======= Start TV Repository (Get All Feature List)================  
[2023-06-19 06:39:13] TvtempModel.INFO: Query : CALL SP_TvtemplateDetails('FEATURE')  
[2023-06-19 06:39:13] TvtempModel.INFO: get All Template (count) : 3  
[2023-06-19 06:39:13] TvtempRepository.INFO: ======= End TV Repository (Get All ChannelFeed List) ================  
[2023-06-19 06:39:13] TvtempModel.INFO: get All Template (count) : 4  
[2023-06-19 06:39:13] TvtempRepository.INFO: ======= End TV Repository (Get All Feature List)================  
[2023-06-19 06:39:13] TvtempModel.INFO: get All Template (count) : 6  
[2023-06-19 06:39:13] TvtempRepository.INFO: ======= End TV Repository (Get All Template List)================  
[2023-06-19 06:40:10] TvtempRepository.INFO: ======= Start TV Repository (Get All ChannelFeed List) ================  
[2023-06-19 06:40:10] TvtempModel.INFO: Query : CALL SP_TvtemplateDetails('CHNLTYPE')  
[2023-06-19 06:40:10] TvtempRepository.INFO: ======= Start TV Repository (Get All Template List)================  
[2023-06-19 06:40:10] TvtempModel.INFO: Query : CALL SP_TvtemplateDetails('LIST')  
[2023-06-19 06:40:10] TvtempRepository.INFO: ======= Start TV Repository (Get All Feature List)================  
[2023-06-19 06:40:10] TvtempModel.INFO: Query : CALL SP_TvtemplateDetails('FEATURE')  
[2023-06-19 06:40:10] TvtempModel.INFO: get All Template (count) : 3  
[2023-06-19 06:40:10] TvtempRepository.INFO: ======= End TV Repository (Get All ChannelFeed List) ================  
[2023-06-19 06:40:10] TvtempModel.INFO: get All Template (count) : 6  
[2023-06-19 06:40:10] TvtempRepository.INFO: ======= End TV Repository (Get All Template List)================  
[2023-06-19 06:40:10] TvtempModel.INFO: get All Template (count) : 4  
[2023-06-19 06:40:10] TvtempRepository.INFO: ======= End TV Repository (Get All Feature List)================  
[2023-06-19 07:16:24] TvtempRepository.INFO: ======= Start TV Repository (Get All ChannelFeed List) ================  
[2023-06-19 07:16:24] TvtempModel.INFO: Query : CALL SP_TvtemplateDetails('CHNLTYPE')  
[2023-06-19 07:16:24] TvtempRepository.INFO: ======= Start TV Repository (Get All Feature List)================  
[2023-06-19 07:16:24] TvtempModel.INFO: Query : CALL SP_TvtemplateDetails('FEATURE')  
[2023-06-19 07:16:24] TvtempRepository.INFO: ======= Start TV Repository (Get All Template List)================  
[2023-06-19 07:16:24] TvtempModel.INFO: Query : CALL SP_TvtemplateDetails('LIST')  
[2023-06-19 07:16:24] TvtempModel.INFO: get All Template (count) : 4  
[2023-06-19 07:16:24] TvtempRepository.INFO: ======= End TV Repository (Get All Feature List)================  
[2023-06-19 07:16:24] TvtempModel.INFO: get All Template (count) : 3  
[2023-06-19 07:16:24] TvtempRepository.INFO: ======= End TV Repository (Get All ChannelFeed List) ================  
[2023-06-19 07:16:24] TvtempModel.INFO: get All Template (count) : 6  
[2023-06-19 07:16:24] TvtempRepository.INFO: ======= End TV Repository (Get All Template List)================  
[2023-06-19 08:48:50] TvtempRepository.INFO: ======= Start TV Repository (Get All ChannelFeed List) ================  
[2023-06-19 08:48:50] TvtempModel.INFO: Query : CALL SP_TvtemplateDetails('CHNLTYPE')  
[2023-06-19 08:48:50] TvtempRepository.INFO: ======= Start TV Repository (Get All Feature List)================  
[2023-06-19 08:48:50] TvtempModel.INFO: Query : CALL SP_TvtemplateDetails('FEATURE')  
[2023-06-19 08:48:50] TvtempRepository.INFO: ======= Start TV Repository (Get All Template List)================  
[2023-06-19 08:48:50] TvtempModel.INFO: Query : CALL SP_TvtemplateDetails('LIST')  
[2023-06-19 08:48:50] TvtempModel.INFO: get All Template (count) : 3  
[2023-06-19 08:48:50] TvtempRepository.INFO: ======= End TV Repository (Get All ChannelFeed List) ================  
[2023-06-19 08:48:50] TvtempModel.INFO: get All Template (count) : 4  
[2023-06-19 08:48:50] TvtempRepository.INFO: ======= End TV Repository (Get All Feature List)================  
[2023-06-19 08:48:50] TvtempModel.INFO: get All Template (count) : 6  
[2023-06-19 08:48:50] TvtempRepository.INFO: ======= End TV Repository (Get All Template List)================  
[2023-06-19 09:38:06] TvtempRepository.INFO: ======= Start TV Repository (Get All Template List)================  
[2023-06-19 09:38:06] TvtempModel.INFO: Query : CALL SP_TvtemplateDetails('LIST')  
[2023-06-19 09:38:06] TvtempModel.INFO: get All Template (count) : 6  
[2023-06-19 09:38:06] TvtempRepository.INFO: ======= End TV Repository (Get All Template List)================  
[2023-06-19 09:38:06] TvtempRepository.INFO: ======= Start TV Repository (Get All Feature List)================  
[2023-06-19 09:38:06] TvtempModel.INFO: Query : CALL SP_TvtemplateDetails('FEATURE')  
[2023-06-19 09:38:06] TvtempRepository.INFO: ======= Start TV Repository (Get All ChannelFeed List) ================  
[2023-06-19 09:38:06] TvtempModel.INFO: Query : CALL SP_TvtemplateDetails('CHNLTYPE')  
[2023-06-19 09:38:06] TvtempModel.INFO: get All Template (count) : 4  
[2023-06-19 09:38:06] TvtempRepository.INFO: ======= End TV Repository (Get All Feature List)================  
[2023-06-19 09:38:06] TvtempModel.INFO: get All Template (count) : 3  
[2023-06-19 09:38:06] TvtempRepository.INFO: ======= End TV Repository (Get All ChannelFeed List) ================  
[2023-06-19 09:40:50] TvtempRepository.INFO: ======= Start TV Repository (Get All Template List)================  
[2023-06-19 09:40:50] TvtempModel.INFO: Query : CALL SP_TvtemplateDetails('LIST')  
[2023-06-19 09:40:50] TvtempRepository.INFO: ======= Start TV Repository (Get All Feature List)================  
[2023-06-19 09:40:50] TvtempModel.INFO: Query : CALL SP_TvtemplateDetails('FEATURE')  
[2023-06-19 09:40:50] TvtempRepository.INFO: ======= Start TV Repository (Get All ChannelFeed List) ================  
[2023-06-19 09:40:50] TvtempModel.INFO: Query : CALL SP_TvtemplateDetails('CHNLTYPE')  
[2023-06-19 09:40:50] TvtempModel.INFO: get All Template (count) : 4  
[2023-06-19 09:40:50] TvtempRepository.INFO: ======= End TV Repository (Get All Feature List)================  
[2023-06-19 09:40:50] TvtempModel.INFO: get All Template (count) : 6  
[2023-06-19 09:40:50] TvtempRepository.INFO: ======= End TV Repository (Get All Template List)================  
[2023-06-19 09:40:50] TvtempModel.INFO: get All Template (count) : 3  
[2023-06-19 09:40:50] TvtempRepository.INFO: ======= End TV Repository (Get All ChannelFeed List) ================  
