[2023-06-21 04:28:11] ChannelAction.INFO: ======= Start Channel Action (List) ================  
[2023-06-21 04:28:11] ChannelAction.INFO: method : POST  
[2023-06-21 04:28:11] ChannelAction.INFO: contentType : application/json  
[2023-06-21 04:28:11] ChannelAction.INFO: Input Data : {"decoded":{"sub":"1","id":"1","userName":"super admin","userGroup":"1","email":"superadmin@msense.in","hotelId":"4","brandId":"7","iat":1687321687,"exp":1687408087}}  
[2023-06-21 04:28:11] ChannelAction.INFO: ======= END Channel Action (List) ================  
[2023-06-21 04:28:13] ChannelAction.INFO: ======= Start Channel Action (Single One) ================  
[2023-06-21 04:28:13] ChannelAction.INFO: Input Type : string  
[2023-06-21 04:28:13] ChannelAction.INFO: method : GET  
[2023-06-21 04:28:13] ChannelAction.INFO: contentType : application/json  
[2023-06-21 04:28:13] ChannelAction.INFO: Input Data : {"decoded":{"sub":"1","id":"1","userName":"super admin","userGroup":"1","email":"superadmin@msense.in","hotelId":"4","brandId":"7","iat":1687321687,"exp":1687408087}}  
[2023-06-21 04:28:13] ChannelAction.INFO: group id : 26  
[2023-06-21 04:28:13] ChannelAction.INFO: ======= END Channel Action (Single One) ================  
[2023-06-21 04:28:15] ChannelAction.INFO: ======= Start Channel Action (Single One) ================  
[2023-06-21 04:28:15] ChannelAction.INFO: Input Type : string  
[2023-06-21 04:28:15] ChannelAction.INFO: method : GET  
[2023-06-21 04:28:15] ChannelAction.INFO: contentType : application/json  
[2023-06-21 04:28:15] ChannelAction.INFO: Input Data : {"decoded":{"sub":"1","id":"1","userName":"super admin","userGroup":"1","email":"superadmin@msense.in","hotelId":"4","brandId":"7","iat":1687321687,"exp":1687408087}}  
[2023-06-21 04:28:15] ChannelAction.INFO: group id : 25  
[2023-06-21 04:28:15] ChannelAction.INFO: ======= END Channel Action (Single One) ================  
[2023-06-21 04:28:21] ChannelAction.INFO: ======= Start Channel Action (Single One) ================  
[2023-06-21 04:28:21] ChannelAction.INFO: Input Type : string  
[2023-06-21 04:28:21] ChannelAction.INFO: method : GET  
[2023-06-21 04:28:21] ChannelAction.INFO: contentType : application/json  
[2023-06-21 04:28:21] ChannelAction.INFO: Input Data : {"decoded":{"sub":"1","id":"1","userName":"super admin","userGroup":"1","email":"superadmin@msense.in","hotelId":"4","brandId":"7","iat":1687321687,"exp":1687408087}}  
[2023-06-21 04:28:21] ChannelAction.INFO: group id : 23  
[2023-06-21 04:28:21] ChannelAction.INFO: ======= END Channel Action (Single One) ================  
[2023-06-21 04:28:36] ChannelAction.INFO: ======= Start Channel Action (List) ================  
[2023-06-21 04:28:36] ChannelAction.INFO: method : POST  
[2023-06-21 04:28:36] ChannelAction.INFO: contentType : application/json  
[2023-06-21 04:28:36] ChannelAction.INFO: Input Data : {"decoded":{"sub":"1","id":"1","userName":"super admin","userGroup":"1","email":"superadmin@msense.in","hotelId":"4","brandId":"7","iat":1687321654,"exp":1687408054}}  
[2023-06-21 04:28:36] ChannelAction.INFO: ======= END Channel Action (List) ================  
[2023-06-21 04:29:41] ChannelAction.INFO: ======= Start Channel Action (List) ================  
[2023-06-21 04:29:41] ChannelAction.INFO: method : POST  
[2023-06-21 04:29:41] ChannelAction.INFO: contentType : application/json  
[2023-06-21 04:29:41] ChannelAction.INFO: Input Data : {"decoded":{"sub":"1","id":"1","userName":"super admin","userGroup":"1","email":"superadmin@msense.in","hotelId":"4","brandId":"7","iat":1687321654,"exp":1687408054}}  
[2023-06-21 04:29:41] ChannelAction.INFO: ======= END Channel Action (List) ================  
[2023-06-21 04:30:50] ChannelAction.INFO: ======= Start Channel Action (List) ================  
[2023-06-21 04:30:50] ChannelAction.INFO: method : POST  
[2023-06-21 04:30:50] ChannelAction.INFO: contentType : application/json  
[2023-06-21 04:30:50] ChannelAction.INFO: Input Data : {"decoded":{"sub":"1","id":"1","userName":"super admin","userGroup":"1","email":"superadmin@msense.in","hotelId":"4","brandId":"7","iat":1687321654,"exp":1687408054}}  
[2023-06-21 04:30:50] ChannelAction.INFO: ======= END Channel Action (List) ================  
[2023-06-21 04:31:13] ChannelAction.INFO: ======= Start Channel Action (List) ================  
[2023-06-21 04:31:13] ChannelAction.INFO: method : POST  
[2023-06-21 04:31:13] ChannelAction.INFO: contentType : application/json  
[2023-06-21 04:31:13] ChannelAction.INFO: Input Data : {"decoded":{"sub":"1","id":"1","userName":"super admin","userGroup":"1","email":"superadmin@msense.in","hotelId":"4","brandId":"7","iat":1687321654,"exp":1687408054}}  
[2023-06-21 04:31:13] ChannelAction.INFO: ======= END Channel Action (List) ================  
[2023-06-21 04:32:02] ChannelAction.INFO: ======= Start Channel Action (List) ================  
[2023-06-21 04:32:02] ChannelAction.INFO: method : POST  
[2023-06-21 04:32:02] ChannelAction.INFO: contentType : application/json  
[2023-06-21 04:32:02] ChannelAction.INFO: Input Data : {"decoded":{"sub":"1","id":"1","userName":"super admin","userGroup":"1","email":"superadmin@msense.in","hotelId":"4","brandId":"7","iat":1687321654,"exp":1687408054}}  
[2023-06-21 04:32:02] ChannelAction.INFO: ======= END Channel Action (List) ================  
[2023-06-21 04:32:53] ChannelAction.INFO: ======= Start Channel Action (List) ================  
[2023-06-21 04:32:53] ChannelAction.INFO: method : POST  
[2023-06-21 04:32:53] ChannelAction.INFO: contentType : application/json  
[2023-06-21 04:32:53] ChannelAction.INFO: Input Data : {"decoded":{"sub":"1","id":"1","userName":"super admin","userGroup":"1","email":"superadmin@msense.in","hotelId":"4","brandId":"7","iat":1687321654,"exp":1687408054}}  
[2023-06-21 04:32:53] ChannelAction.INFO: ======= END Channel Action (List) ================  
[2023-06-21 04:33:41] ChannelAction.INFO: ======= Start Channel Action (List) ================  
[2023-06-21 04:33:41] ChannelAction.INFO: method : POST  
[2023-06-21 04:33:41] ChannelAction.INFO: contentType : application/json  
[2023-06-21 04:33:41] ChannelAction.INFO: Input Data : {"decoded":{"sub":"1","id":"1","userName":"super admin","userGroup":"1","email":"superadmin@msense.in","hotelId":"4","brandId":"7","iat":1687321654,"exp":1687408054}}  
[2023-06-21 04:33:41] ChannelAction.INFO: ======= END Channel Action (List) ================  
[2023-06-21 04:34:09] ChannelAction.INFO: ======= Start Channel Action (List) ================  
[2023-06-21 04:34:09] ChannelAction.INFO: method : POST  
[2023-06-21 04:34:09] ChannelAction.INFO: contentType : application/json  
[2023-06-21 04:34:09] ChannelAction.INFO: Input Data : {"decoded":{"sub":"1","id":"1","userName":"super admin","userGroup":"1","email":"superadmin@msense.in","hotelId":"4","brandId":"7","iat":1687321654,"exp":1687408054}}  
[2023-06-21 04:34:09] ChannelAction.INFO: ======= END Channel Action (List) ================  
[2023-06-21 04:34:56] ChannelAction.INFO: ======= Start Channel Action (List) ================  
[2023-06-21 04:34:56] ChannelAction.INFO: method : POST  
[2023-06-21 04:34:56] ChannelAction.INFO: contentType : application/json  
[2023-06-21 04:34:56] ChannelAction.INFO: Input Data : {"decoded":{"sub":"1","id":"1","userName":"super admin","userGroup":"1","email":"superadmin@msense.in","hotelId":"4","brandId":"7","iat":1687321654,"exp":1687408054}}  
[2023-06-21 04:34:56] ChannelAction.INFO: ======= END Channel Action (List) ================  
[2023-06-21 04:39:01] ChannelAction.INFO: ======= Start Channel Action (List) ================  
[2023-06-21 04:39:01] ChannelAction.INFO: method : POST  
[2023-06-21 04:39:01] ChannelAction.INFO: contentType : application/json  
[2023-06-21 04:39:01] ChannelAction.INFO: Input Data : {"decoded":{"sub":"1","id":"1","userName":"super admin","userGroup":"1","email":"superadmin@msense.in","hotelId":"4","brandId":"7","iat":1687321654,"exp":1687408054}}  
[2023-06-21 04:39:02] ChannelAction.INFO: ======= END Channel Action (List) ================  
[2023-06-21 04:41:15] ChannelAction.INFO: ======= Start Channel Action (List) ================  
[2023-06-21 04:41:15] ChannelAction.INFO: method : POST  
[2023-06-21 04:41:15] ChannelAction.INFO: contentType : application/json  
[2023-06-21 04:41:15] ChannelAction.INFO: Input Data : {"decoded":{"sub":"1","id":"1","userName":"super admin","userGroup":"1","email":"superadmin@msense.in","hotelId":"4","brandId":"7","iat":1687321654,"exp":1687408054}}  
[2023-06-21 04:41:15] ChannelAction.INFO: ======= END Channel Action (List) ================  
[2023-06-21 04:41:35] ChannelAction.INFO: ======= Start Channel Action (List) ================  
[2023-06-21 04:41:35] ChannelAction.INFO: method : POST  
[2023-06-21 04:41:35] ChannelAction.INFO: contentType : application/json  
[2023-06-21 04:41:35] ChannelAction.INFO: Input Data : {"decoded":{"sub":"1","id":"1","userName":"super admin","userGroup":"1","email":"superadmin@msense.in","hotelId":"4","brandId":"7","iat":1687321654,"exp":1687408054}}  
[2023-06-21 04:41:35] ChannelAction.INFO: ======= END Channel Action (List) ================  
[2023-06-21 04:41:49] ChannelAction.INFO: ======= Start Channel Action (List) ================  
[2023-06-21 04:41:49] ChannelAction.INFO: method : POST  
[2023-06-21 04:41:49] ChannelAction.INFO: contentType : application/json  
[2023-06-21 04:41:49] ChannelAction.INFO: Input Data : {"decoded":{"sub":"1","id":"1","userName":"super admin","userGroup":"1","email":"superadmin@msense.in","hotelId":"4","brandId":"7","iat":1687321654,"exp":1687408054}}  
[2023-06-21 04:41:49] ChannelAction.INFO: ======= END Channel Action (List) ================  
[2023-06-21 04:46:15] ChannelAction.INFO: ======= Start Channel Action (List) ================  
[2023-06-21 04:46:15] ChannelAction.INFO: method : POST  
[2023-06-21 04:46:15] ChannelAction.INFO: contentType : application/json  
[2023-06-21 04:46:15] ChannelAction.INFO: Input Data : {"decoded":{"sub":"1","id":"1","userName":"super admin","userGroup":"1","email":"superadmin@msense.in","hotelId":"4","brandId":"7","iat":1687321654,"exp":1687408054}}  
[2023-06-21 04:46:15] ChannelAction.INFO: ======= END Channel Action (List) ================  
[2023-06-21 04:47:19] ChannelAction.INFO: ======= Start Channel Action (List) ================  
[2023-06-21 04:47:19] ChannelAction.INFO: method : POST  
[2023-06-21 04:47:19] ChannelAction.INFO: contentType : application/json  
[2023-06-21 04:47:19] ChannelAction.INFO: Input Data : {"decoded":{"sub":"1","id":"1","userName":"super admin","userGroup":"1","email":"superadmin@msense.in","hotelId":"4","brandId":"7","iat":1687321654,"exp":1687408054}}  
[2023-06-21 04:47:19] ChannelAction.INFO: ======= END Channel Action (List) ================  
[2023-06-21 04:48:43] ChannelAction.INFO: ======= Start Channel Action (List) ================  
[2023-06-21 04:48:43] ChannelAction.INFO: method : POST  
[2023-06-21 04:48:43] ChannelAction.INFO: contentType : application/json  
[2023-06-21 04:48:43] ChannelAction.INFO: Input Data : {"decoded":{"sub":"1","id":"1","userName":"super admin","userGroup":"1","email":"superadmin@msense.in","hotelId":"4","brandId":"7","iat":1687321654,"exp":1687408054}}  
[2023-06-21 04:48:43] ChannelAction.INFO: ======= END Channel Action (List) ================  
[2023-06-21 04:48:54] ChannelAction.INFO: ======= Start Channel Action (List) ================  
[2023-06-21 04:48:54] ChannelAction.INFO: method : POST  
[2023-06-21 04:48:54] ChannelAction.INFO: contentType : application/json  
[2023-06-21 04:48:54] ChannelAction.INFO: Input Data : {"decoded":{"sub":"1","id":"1","userName":"super admin","userGroup":"1","email":"superadmin@msense.in","hotelId":"4","brandId":"7","iat":1687321654,"exp":1687408054}}  
[2023-06-21 04:48:54] ChannelAction.INFO: ======= END Channel Action (List) ================  
[2023-06-21 04:51:21] ChannelAction.INFO: ======= Start Channel Action (List) ================  
[2023-06-21 04:51:21] ChannelAction.INFO: method : POST  
[2023-06-21 04:51:21] ChannelAction.INFO: contentType : application/json  
[2023-06-21 04:51:21] ChannelAction.INFO: Input Data : {"decoded":{"sub":"1","id":"1","userName":"super admin","userGroup":"1","email":"superadmin@msense.in","hotelId":"4","brandId":"7","iat":1687321654,"exp":1687408054}}  
[2023-06-21 04:51:21] ChannelAction.INFO: ======= END Channel Action (List) ================  
[2023-06-21 04:53:09] ChannelAction.INFO: ======= Start Channel Action (List) ================  
[2023-06-21 04:53:09] ChannelAction.INFO: method : POST  
[2023-06-21 04:53:09] ChannelAction.INFO: contentType : application/json  
[2023-06-21 04:53:09] ChannelAction.INFO: Input Data : {"decoded":{"sub":"1","id":"1","userName":"super admin","userGroup":"1","email":"superadmin@msense.in","hotelId":"4","brandId":"7","iat":1687321654,"exp":1687408054}}  
[2023-06-21 04:53:09] ChannelAction.INFO: ======= END Channel Action (List) ================  
[2023-06-21 04:53:38] ChannelAction.INFO: ======= Start Channel Action (List) ================  
[2023-06-21 04:53:38] ChannelAction.INFO: method : POST  
[2023-06-21 04:53:38] ChannelAction.INFO: contentType : application/json  
[2023-06-21 04:53:38] ChannelAction.INFO: Input Data : {"decoded":{"sub":"1","id":"1","userName":"super admin","userGroup":"1","email":"superadmin@msense.in","hotelId":"4","brandId":"7","iat":1687321654,"exp":1687408054}}  
[2023-06-21 04:53:38] ChannelAction.INFO: ======= END Channel Action (List) ================  
[2023-06-21 04:53:51] ChannelAction.INFO: ======= Start Channel Action (List) ================  
[2023-06-21 04:53:51] ChannelAction.INFO: method : POST  
[2023-06-21 04:53:51] ChannelAction.INFO: contentType : application/json  
[2023-06-21 04:53:51] ChannelAction.INFO: Input Data : {"decoded":{"sub":"1","id":"1","userName":"super admin","userGroup":"1","email":"superadmin@msense.in","hotelId":"4","brandId":"7","iat":1687321654,"exp":1687408054}}  
[2023-06-21 04:53:51] ChannelAction.INFO: ======= END Channel Action (List) ================  
[2023-06-21 04:54:37] ChannelAction.INFO: ======= Start Channel Action (List) ================  
[2023-06-21 04:54:37] ChannelAction.INFO: method : POST  
[2023-06-21 04:54:37] ChannelAction.INFO: contentType : application/json  
[2023-06-21 04:54:37] ChannelAction.INFO: Input Data : {"decoded":{"sub":"1","id":"1","userName":"super admin","userGroup":"1","email":"superadmin@msense.in","hotelId":"4","brandId":"7","iat":1687321654,"exp":1687408054}}  
[2023-06-21 04:54:37] ChannelAction.INFO: ======= END Channel Action (List) ================  
[2023-06-21 04:55:44] ChannelAction.INFO: ======= Start Channel Action (List) ================  
[2023-06-21 04:55:44] ChannelAction.INFO: method : POST  
[2023-06-21 04:55:44] ChannelAction.INFO: contentType : application/json  
[2023-06-21 04:55:44] ChannelAction.INFO: Input Data : {"decoded":{"sub":"1","id":"1","userName":"super admin","userGroup":"1","email":"superadmin@msense.in","hotelId":"4","brandId":"7","iat":1687321654,"exp":1687408054}}  
[2023-06-21 04:55:44] ChannelAction.INFO: ======= END Channel Action (List) ================  
[2023-06-21 04:56:42] ChannelAction.INFO: ======= Start Channel Action (List) ================  
[2023-06-21 04:56:42] ChannelAction.INFO: method : POST  
[2023-06-21 04:56:42] ChannelAction.INFO: contentType : application/json  
[2023-06-21 04:56:42] ChannelAction.INFO: Input Data : {"decoded":{"sub":"1","id":"1","userName":"super admin","userGroup":"1","email":"superadmin@msense.in","hotelId":"4","brandId":"7","iat":1687321654,"exp":1687408054}}  
[2023-06-21 04:56:42] ChannelAction.INFO: ======= END Channel Action (List) ================  
[2023-06-21 04:57:32] ChannelAction.INFO: ======= Start Channel Action (List) ================  
[2023-06-21 04:57:32] ChannelAction.INFO: method : POST  
[2023-06-21 04:57:32] ChannelAction.INFO: contentType : application/json  
[2023-06-21 04:57:32] ChannelAction.INFO: Input Data : {"decoded":{"sub":"1","id":"1","userName":"super admin","userGroup":"1","email":"superadmin@msense.in","hotelId":"4","brandId":"7","iat":1687321654,"exp":1687408054}}  
[2023-06-21 04:57:32] ChannelAction.INFO: ======= END Channel Action (List) ================  
[2023-06-21 04:57:42] ChannelAction.INFO: ======= Start Channel Action (List) ================  
[2023-06-21 04:57:42] ChannelAction.INFO: method : POST  
[2023-06-21 04:57:42] ChannelAction.INFO: contentType : application/json  
[2023-06-21 04:57:42] ChannelAction.INFO: Input Data : {"decoded":{"sub":"1","id":"1","userName":"super admin","userGroup":"1","email":"superadmin@msense.in","hotelId":"4","brandId":"7","iat":1687321654,"exp":1687408054}}  
[2023-06-21 04:57:42] ChannelAction.INFO: ======= END Channel Action (List) ================  
[2023-06-21 04:58:22] ChannelAction.INFO: ======= Start Channel Action (List) ================  
[2023-06-21 04:58:22] ChannelAction.INFO: method : POST  
[2023-06-21 04:58:22] ChannelAction.INFO: contentType : application/json  
[2023-06-21 04:58:22] ChannelAction.INFO: Input Data : {"decoded":{"sub":"1","id":"1","userName":"super admin","userGroup":"1","email":"superadmin@msense.in","hotelId":"4","brandId":"7","iat":1687321654,"exp":1687408054}}  
[2023-06-21 04:58:22] ChannelAction.INFO: ======= END Channel Action (List) ================  
