[2023-06-21 04:27:34] LoginAction.INFO: ======= Start Login Action ================  
[2023-06-21 04:27:34] LoginAction.INFO: Input Data : {"email":"superadmin@msense.in","password":"1234567"}  
[2023-06-21 04:27:34] LoginModel.INFO: Query : call SP_Doauth('superadmin@msense.in','QUwxT0hwRExsV2g4VXpFNkdocllPQT09')  
[2023-06-21 04:27:34] LoginModel.INFO: User Data : {"username":"super admin","userGroup":"1","loginid":"1","email":"superadmin@msense.in","mobileno":"9677889090","designation":"Manage_rCate","hotelId":"4","brandId":"7"}  
[2023-06-21 04:27:34] LoginAction.INFO: ======= END Login Action ================  
[2023-06-21 04:28:07] LoginAction.INFO: ======= Start Login Action ================  
[2023-06-21 04:28:07] LoginAction.INFO: Input Data : {"email":"superadmin@msense.in","password":"1234567"}  
[2023-06-21 04:28:07] LoginModel.INFO: Query : call SP_Doauth('superadmin@msense.in','QUwxT0hwRExsV2g4VXpFNkdocllPQT09')  
[2023-06-21 04:28:07] LoginModel.INFO: User Data : {"username":"super admin","userGroup":"1","loginid":"1","email":"superadmin@msense.in","mobileno":"9677889090","designation":"Manage_rCate","hotelId":"4","brandId":"7"}  
[2023-06-21 04:28:07] LoginAction.INFO: ======= END Login Action ================  
[2023-06-21 04:45:08] LoginAction.INFO: ======= Start Login Action ================  
[2023-06-21 04:45:08] LoginAction.INFO: Input Data : {"email":"superadmin@msense.in","password":"1234567"}  
[2023-06-21 04:45:08] LoginModel.INFO: Query : call SP_Doauth('superadmin@msense.in','QUwxT0hwRExsV2g4VXpFNkdocllPQT09')  
[2023-06-21 04:45:08] LoginModel.INFO: User Data : {"username":"super admin","userGroup":"1","loginid":"1","email":"superadmin@msense.in","mobileno":"9677889090","designation":"Manage_rCate","hotelId":"4","brandId":"7"}  
[2023-06-21 04:45:08] LoginAction.INFO: ======= END Login Action ================  
[2023-06-21 04:48:00] LoginAction.INFO: ======= Start Login Action ================  
[2023-06-21 04:48:00] LoginAction.INFO: Input Data : {"email":"superadmin@msense.in","password":"1234567"}  
[2023-06-21 04:48:00] LoginModel.INFO: Query : call SP_Doauth('superadmin@msense.in','QUwxT0hwRExsV2g4VXpFNkdocllPQT09')  
[2023-06-21 04:48:00] LoginModel.INFO: User Data : {"username":"super admin","userGroup":"1","loginid":"1","email":"superadmin@msense.in","mobileno":"9677889090","designation":"Manage_rCate","hotelId":"4","brandId":"7"}  
[2023-06-21 04:48:00] LoginAction.INFO: ======= END Login Action ================  
[2023-06-21 04:48:05] LoginAction.INFO: ======= Start Login Action ================  
[2023-06-21 04:48:05] LoginAction.INFO: Input Data : {"email":"superadmin@msense.in","password":"1234567"}  
[2023-06-21 04:48:05] LoginModel.INFO: Query : call SP_Doauth('superadmin@msense.in','QUwxT0hwRExsV2g4VXpFNkdocllPQT09')  
[2023-06-21 04:48:05] LoginModel.INFO: User Data : {"username":"super admin","userGroup":"1","loginid":"1","email":"superadmin@msense.in","mobileno":"9677889090","designation":"Manage_rCate","hotelId":"4","brandId":"7"}  
[2023-06-21 04:48:05] LoginAction.INFO: ======= END Login Action ================  
[2023-06-21 04:48:19] LoginAction.INFO: ======= Start Login Action ================  
[2023-06-21 04:48:19] LoginAction.INFO: Input Data : {"email":"superadmin@msense.in","password":"1234567"}  
[2023-06-21 04:48:19] LoginModel.INFO: Query : call SP_Doauth('superadmin@msense.in','QUwxT0hwRExsV2g4VXpFNkdocllPQT09')  
[2023-06-21 04:48:19] LoginModel.INFO: User Data : {"username":"super admin","userGroup":"1","loginid":"1","email":"superadmin@msense.in","mobileno":"9677889090","designation":"Manage_rCate","hotelId":"4","brandId":"7"}  
[2023-06-21 04:48:19] LoginAction.INFO: ======= END Login Action ================  
[2023-06-21 04:48:25] LoginAction.INFO: ======= Start Login Action ================  
[2023-06-21 04:48:25] LoginAction.INFO: Input Data : {"email":"superadmin@msense.in","password":"1234567"}  
[2023-06-21 04:48:25] LoginModel.INFO: Query : call SP_Doauth('superadmin@msense.in','QUwxT0hwRExsV2g4VXpFNkdocllPQT09')  
[2023-06-21 04:48:25] LoginModel.INFO: User Data : {"username":"super admin","userGroup":"1","loginid":"1","email":"superadmin@msense.in","mobileno":"9677889090","designation":"Manage_rCate","hotelId":"4","brandId":"7"}  
[2023-06-21 04:48:25] LoginAction.INFO: ======= END Login Action ================  
[2023-06-21 04:49:01] LoginAction.INFO: ======= Start Login Action ================  
[2023-06-21 04:49:01] LoginAction.INFO: Input Data : {"email":"superadmin@msense.in","password":"1234567"}  
[2023-06-21 04:49:01] LoginModel.INFO: Query : call SP_Doauth('superadmin@msense.in','QUwxT0hwRExsV2g4VXpFNkdocllPQT09')  
[2023-06-21 04:49:01] LoginModel.INFO: User Data : {"username":"super admin","userGroup":"1","loginid":"1","email":"superadmin@msense.in","mobileno":"9677889090","designation":"Manage_rCate","hotelId":"4","brandId":"7"}  
[2023-06-21 04:49:01] LoginAction.INFO: ======= END Login Action ================  
[2023-06-21 04:56:16] LoginAction.INFO: ======= Start Login Action ================  
[2023-06-21 04:56:16] LoginAction.INFO: Input Data : {"email":"superadmin@msense.in","password":"1234567"}  
[2023-06-21 04:56:16] LoginModel.INFO: Query : call SP_Doauth('superadmin@msense.in','QUwxT0hwRExsV2g4VXpFNkdocllPQT09')  
[2023-06-21 04:56:16] LoginModel.INFO: User Data : {"username":"super admin","userGroup":"1","loginid":"1","email":"superadmin@msense.in","mobileno":"9677889090","designation":"Manage_rCate","hotelId":"4","brandId":"7"}  
[2023-06-21 04:56:16] LoginAction.INFO: ======= END Login Action ================  
[2023-06-21 04:56:31] LoginAction.INFO: ======= Start Login Action ================  
[2023-06-21 04:56:31] LoginAction.INFO: Input Data : {"email":"superadmin@msense.in","password":"1234567"}  
[2023-06-21 04:56:31] LoginModel.INFO: Query : call SP_Doauth('superadmin@msense.in','QUwxT0hwRExsV2g4VXpFNkdocllPQT09')  
[2023-06-21 04:56:31] LoginModel.INFO: User Data : {"username":"super admin","userGroup":"1","loginid":"1","email":"superadmin@msense.in","mobileno":"9677889090","designation":"Manage_rCate","hotelId":"4","brandId":"7"}  
[2023-06-21 04:56:31] LoginAction.INFO: ======= END Login Action ================  
[2023-06-21 04:57:01] LoginAction.INFO: ======= Start Login Action ================  
[2023-06-21 04:57:01] LoginAction.INFO: Input Data : {"email":"superadmin@msense.in","password":"1234567"}  
[2023-06-21 04:57:01] LoginModel.INFO: Query : call SP_Doauth('superadmin@msense.in','QUwxT0hwRExsV2g4VXpFNkdocllPQT09')  
[2023-06-21 04:57:01] LoginModel.INFO: User Data : {"username":"super admin","userGroup":"1","loginid":"1","email":"superadmin@msense.in","mobileno":"9677889090","designation":"Manage_rCate","hotelId":"4","brandId":"7"}  
[2023-06-21 04:57:01] LoginAction.INFO: ======= END Login Action ================  
