[2023-06-22 04:34:09] HotelChannelAction.INFO: ======= Start HotelChannel Action (Single One) ================  
[2023-06-22 04:34:09] HotelChannelAction.INFO: method : POST  
[2023-06-22 04:34:09] HotelChannelAction.INFO: contentType : application/json  
[2023-06-22 04:34:09] HotelChannelAction.INFO: Input Data : {"hotelid":"4","decoded":{"sub":"1","id":"1","userName":"super admin","userGroup":"1","email":"superadmin@msense.in","hotelId":"4","brandId":"7","iat":1687408449,"exp":1687494849}}  
[2023-06-22 04:34:09] HotelChannelAction.INFO: ======= END HotelChannel Action (Single One) ================  
[2023-06-22 04:34:11] HotelChannelAction.INFO: ======= Start HotelChannel Action (Single One) ================  
[2023-06-22 04:34:11] HotelChannelAction.INFO: method : POST  
[2023-06-22 04:34:11] HotelChannelAction.INFO: contentType : application/json  
[2023-06-22 04:34:11] HotelChannelAction.INFO: Input Data : {"hotelid":"4","decoded":{"sub":"1","id":"1","userName":"super admin","userGroup":"1","email":"superadmin@msense.in","hotelId":"4","brandId":"7","iat":1687408451,"exp":1687494851}}  
[2023-06-22 04:34:11] HotelChannelAction.INFO: ======= END HotelChannel Action (Single One) ================  
[2023-06-22 05:00:55] HotelChannelAction.INFO: ======= Start HotelChannel Action (Single One) ================  
[2023-06-22 05:00:55] HotelChannelAction.INFO: method : POST  
[2023-06-22 05:00:55] HotelChannelAction.INFO: contentType : application/json  
[2023-06-22 05:00:55] HotelChannelAction.INFO: Input Data : {"hotelid":"4","decoded":{"sub":"1","id":"1","userName":"super admin","userGroup":"1","email":"superadmin@msense.in","hotelId":"4","brandId":"7","iat":1687410055,"exp":1687496455}}  
[2023-06-22 05:00:55] HotelChannelAction.INFO: ======= END HotelChannel Action (Single One) ================  
[2023-06-22 05:01:04] HotelChannelAction.INFO: ======= Start HotelChannel Action (Single One) ================  
[2023-06-22 05:01:04] HotelChannelAction.INFO: method : POST  
[2023-06-22 05:01:04] HotelChannelAction.INFO: contentType : application/json  
[2023-06-22 05:01:04] HotelChannelAction.INFO: Input Data : {"hotelid":"4","decoded":{"sub":"1","id":"1","userName":"super admin","userGroup":"1","email":"superadmin@msense.in","hotelId":"4","brandId":"7","iat":1687410064,"exp":1687496464}}  
[2023-06-22 05:01:04] HotelChannelAction.INFO: ======= END HotelChannel Action (Single One) ================  
[2023-06-22 05:02:35] HotelChannelAction.INFO: ======= Start HotelChannel Action (Single One) ================  
[2023-06-22 05:02:35] HotelChannelAction.INFO: method : POST  
[2023-06-22 05:02:35] HotelChannelAction.INFO: contentType : application/json  
[2023-06-22 05:02:35] HotelChannelAction.INFO: Input Data : {"hotelid":"4","decoded":{"sub":"1","id":"1","userName":"super admin","userGroup":"1","email":"superadmin@msense.in","hotelId":"4","brandId":"7","iat":1687410155,"exp":1687496555}}  
[2023-06-22 05:02:35] HotelChannelAction.INFO: ======= END HotelChannel Action (Single One) ================  
[2023-06-22 05:02:57] HotelChannelAction.INFO: ======= Start HotelChannel Action (Single One) ================  
[2023-06-22 05:02:57] HotelChannelAction.INFO: method : POST  
[2023-06-22 05:02:57] HotelChannelAction.INFO: contentType : application/json  
[2023-06-22 05:02:57] HotelChannelAction.INFO: Input Data : {"hotelid":"4","decoded":{"sub":"1","id":"1","userName":"super admin","userGroup":"1","email":"superadmin@msense.in","hotelId":"4","brandId":"7","iat":1687410177,"exp":1687496577}}  
[2023-06-22 05:02:57] HotelChannelAction.INFO: ======= END HotelChannel Action (Single One) ================  
[2023-06-22 05:04:14] HotelChannelAction.INFO: ======= Start HotelChannel Action (Single One) ================  
[2023-06-22 05:04:14] HotelChannelAction.INFO: method : POST  
[2023-06-22 05:04:14] HotelChannelAction.INFO: contentType : application/json  
[2023-06-22 05:04:14] HotelChannelAction.INFO: Input Data : {"hotelid":"4","decoded":{"sub":"1","id":"1","userName":"super admin","userGroup":"1","email":"superadmin@msense.in","hotelId":"4","brandId":"7","iat":1687410254,"exp":1687496654}}  
[2023-06-22 05:04:14] HotelChannelAction.INFO: ======= END HotelChannel Action (Single One) ================  
[2023-06-22 05:04:54] HotelChannelAction.INFO: ======= Start HotelChannel Action (Single One) ================  
[2023-06-22 05:04:54] HotelChannelAction.INFO: method : POST  
[2023-06-22 05:04:54] HotelChannelAction.INFO: contentType : application/json  
[2023-06-22 05:04:54] HotelChannelAction.INFO: Input Data : {"hotelid":"4","decoded":{"sub":"1","id":"1","userName":"super admin","userGroup":"1","email":"superadmin@msense.in","hotelId":"4","brandId":"7","iat":1687410294,"exp":1687496694}}  
[2023-06-22 05:04:54] HotelChannelAction.INFO: ======= END HotelChannel Action (Single One) ================  
[2023-06-22 05:05:03] HotelChannelAction.INFO: ======= Start HotelChannel Action (Single One) ================  
[2023-06-22 05:05:03] HotelChannelAction.INFO: method : POST  
[2023-06-22 05:05:03] HotelChannelAction.INFO: contentType : application/json  
[2023-06-22 05:05:03] HotelChannelAction.INFO: Input Data : {"hotelid":"4","decoded":{"sub":"1","id":"1","userName":"super admin","userGroup":"1","email":"superadmin@msense.in","hotelId":"4","brandId":"7","iat":1687410303,"exp":1687496703}}  
[2023-06-22 05:05:03] HotelChannelAction.INFO: ======= END HotelChannel Action (Single One) ================  
[2023-06-22 05:07:39] HotelChannelAction.INFO: ======= Start HotelChannel Action (Single One) ================  
[2023-06-22 05:07:39] HotelChannelAction.INFO: method : POST  
[2023-06-22 05:07:39] HotelChannelAction.INFO: contentType : application/json  
[2023-06-22 05:07:39] HotelChannelAction.INFO: Input Data : {"hotelid":"4","decoded":{"sub":"1","id":"1","userName":"super admin","userGroup":"1","email":"superadmin@msense.in","hotelId":"4","brandId":"7","iat":1687410459,"exp":1687496859}}  
[2023-06-22 05:07:39] HotelChannelAction.INFO: ======= END HotelChannel Action (Single One) ================  
[2023-06-22 05:09:19] HotelChannelAction.INFO: ======= Start HotelChannel Action (Single One) ================  
[2023-06-22 05:09:19] HotelChannelAction.INFO: method : POST  
[2023-06-22 05:09:19] HotelChannelAction.INFO: contentType : application/json  
[2023-06-22 05:09:19] HotelChannelAction.INFO: Input Data : {"hotelid":"4","decoded":{"sub":"1","id":"1","userName":"super admin","userGroup":"1","email":"superadmin@msense.in","hotelId":"4","brandId":"7","iat":1687410559,"exp":1687496959}}  
[2023-06-22 05:09:19] HotelChannelAction.INFO: ======= END HotelChannel Action (Single One) ================  
[2023-06-22 05:09:22] HotelChannelAction.INFO: ======= Start HotelChannel Action (Single One) ================  
[2023-06-22 05:09:22] HotelChannelAction.INFO: method : POST  
[2023-06-22 05:09:22] HotelChannelAction.INFO: contentType : application/json  
[2023-06-22 05:09:22] HotelChannelAction.INFO: Input Data : {"hotelid":"4","decoded":{"sub":"1","id":"1","userName":"super admin","userGroup":"1","email":"superadmin@msense.in","hotelId":"4","brandId":"7","iat":1687410562,"exp":1687496962}}  
[2023-06-22 05:09:22] HotelChannelAction.INFO: ======= END HotelChannel Action (Single One) ================  
[2023-06-22 05:15:01] HotelChannelAction.INFO: ======= Start HotelChannel Action (Single One) ================  
[2023-06-22 05:15:01] HotelChannelAction.INFO: method : POST  
[2023-06-22 05:15:01] HotelChannelAction.INFO: contentType : application/json  
[2023-06-22 05:15:01] HotelChannelAction.INFO: Input Data : {"hotelid":"4","decoded":{"sub":"1","id":"1","userName":"super admin","userGroup":"1","email":"superadmin@msense.in","hotelId":"4","brandId":"7","iat":1687410901,"exp":1687497301}}  
[2023-06-22 05:15:01] HotelChannelAction.INFO: ======= END HotelChannel Action (Single One) ================  
[2023-06-22 05:29:15] HotelChannelAction.INFO: ======= Start HotelChannel Action (Single One) ================  
[2023-06-22 05:29:15] HotelChannelAction.INFO: method : POST  
[2023-06-22 05:29:15] HotelChannelAction.INFO: contentType : application/json  
[2023-06-22 05:29:15] HotelChannelAction.INFO: Input Data : {"hotelid":"4","decoded":{"sub":"1","id":"1","userName":"super admin","userGroup":"1","email":"superadmin@msense.in","hotelId":"4","brandId":"7","iat":1687411755,"exp":1687498155}}  
[2023-06-22 05:29:15] HotelChannelAction.INFO: ======= END HotelChannel Action (Single One) ================  
[2023-06-22 05:30:44] HotelChannelAction.INFO: ======= Start HotelChannel Action (Single One) ================  
[2023-06-22 05:30:44] HotelChannelAction.INFO: method : POST  
[2023-06-22 05:30:44] HotelChannelAction.INFO: contentType : application/json  
[2023-06-22 05:30:44] HotelChannelAction.INFO: Input Data : {"hotelid":"4","decoded":{"sub":"1","id":"1","userName":"super admin","userGroup":"1","email":"superadmin@msense.in","hotelId":"4","brandId":"7","iat":1687411844,"exp":1687498244}}  
[2023-06-22 05:30:44] HotelChannelAction.INFO: ======= END HotelChannel Action (Single One) ================  
[2023-06-22 05:31:35] HotelChannelAction.INFO: ======= Start HotelChannel Action (Single One) ================  
[2023-06-22 05:31:35] HotelChannelAction.INFO: method : POST  
[2023-06-22 05:31:35] HotelChannelAction.INFO: contentType : application/json  
[2023-06-22 05:31:35] HotelChannelAction.INFO: Input Data : {"hotelid":"4","decoded":{"sub":"1","id":"1","userName":"super admin","userGroup":"1","email":"superadmin@msense.in","hotelId":"4","brandId":"7","iat":1687411895,"exp":1687498295}}  
[2023-06-22 05:31:35] HotelChannelAction.INFO: ======= END HotelChannel Action (Single One) ================  
[2023-06-22 05:36:53] HotelChannelAction.INFO: ======= Start HotelChannel Action (Single One) ================  
[2023-06-22 05:36:53] HotelChannelAction.INFO: method : POST  
[2023-06-22 05:36:53] HotelChannelAction.INFO: contentType : application/json  
[2023-06-22 05:36:53] HotelChannelAction.INFO: Input Data : {"hotelid":"4","decoded":{"sub":"1","id":"1","userName":"super admin","userGroup":"1","email":"superadmin@msense.in","hotelId":"4","brandId":"7","iat":1687412213,"exp":1687498613}}  
[2023-06-22 05:36:53] HotelChannelAction.INFO: ======= END HotelChannel Action (Single One) ================  
[2023-06-22 06:41:20] HotelChannelAction.INFO: ======= Start HotelChannel Action (Single One) ================  
[2023-06-22 06:41:20] HotelChannelAction.INFO: method : POST  
[2023-06-22 06:41:20] HotelChannelAction.INFO: contentType : application/json  
[2023-06-22 06:41:20] HotelChannelAction.INFO: Input Data : {"hotelid":"4","decoded":{"sub":"1","id":"1","userName":"super admin","userGroup":"1","email":"superadmin@msense.in","hotelId":"4","brandId":"7","iat":1687416080,"exp":1687502480}}  
[2023-06-22 06:41:20] HotelChannelAction.INFO: ======= END HotelChannel Action (Single One) ================  
[2023-06-22 08:37:49] HotelChannelAction.INFO: ======= Start HotelChannel Action (Single One) ================  
[2023-06-22 08:37:49] HotelChannelAction.INFO: method : POST  
[2023-06-22 08:37:49] HotelChannelAction.INFO: contentType : application/json  
[2023-06-22 08:37:49] HotelChannelAction.INFO: Input Data : {"hotelid":"4","decoded":{"sub":"1","id":"1","userName":"super admin","userGroup":"1","email":"superadmin@msense.in","hotelId":"4","brandId":"7","iat":1687423069,"exp":1687509469}}  
[2023-06-22 08:37:49] HotelChannelAction.INFO: ======= END HotelChannel Action (Single One) ================  
[2023-06-22 08:40:58] HotelChannelAction.INFO: ======= Start HotelChannel Action (Single One) ================  
[2023-06-22 08:40:58] HotelChannelAction.INFO: method : POST  
[2023-06-22 08:40:58] HotelChannelAction.INFO: contentType : application/json  
[2023-06-22 08:40:58] HotelChannelAction.INFO: Input Data : {"hotelid":"4","decoded":{"sub":"1","id":"1","userName":"super admin","userGroup":"1","email":"superadmin@msense.in","hotelId":"4","brandId":"7","iat":1687423258,"exp":1687509658}}  
[2023-06-22 08:40:58] HotelChannelAction.INFO: ======= END HotelChannel Action (Single One) ================  
[2023-06-22 08:46:28] HotelChannelAction.INFO: ======= Start HotelChannel Action (Single One) ================  
[2023-06-22 08:46:28] HotelChannelAction.INFO: method : POST  
[2023-06-22 08:46:28] HotelChannelAction.INFO: contentType : application/json  
[2023-06-22 08:46:28] HotelChannelAction.INFO: Input Data : {"hotelid":"4","decoded":{"sub":"1","id":"1","userName":"super admin","userGroup":"1","email":"superadmin@msense.in","hotelId":"4","brandId":"7","iat":1687423588,"exp":1687509988}}  
[2023-06-22 08:46:28] HotelChannelAction.INFO: ======= END HotelChannel Action (Single One) ================  
[2023-06-22 08:48:23] HotelChannelAction.INFO: ======= Start HotelChannel Action (Single One) ================  
[2023-06-22 08:48:23] HotelChannelAction.INFO: method : POST  
[2023-06-22 08:48:23] HotelChannelAction.INFO: contentType : application/json  
[2023-06-22 08:48:23] HotelChannelAction.INFO: Input Data : {"hotelid":"4","decoded":{"sub":"1","id":"1","userName":"super admin","userGroup":"1","email":"superadmin@msense.in","hotelId":"4","brandId":"7","iat":1687423702,"exp":1687510102}}  
[2023-06-22 08:48:23] HotelChannelAction.INFO: ======= END HotelChannel Action (Single One) ================  
[2023-06-22 08:49:35] HotelChannelAction.INFO: ======= Start HotelChannel Action (Single One) ================  
[2023-06-22 08:49:35] HotelChannelAction.INFO: method : POST  
[2023-06-22 08:49:35] HotelChannelAction.INFO: contentType : application/json  
[2023-06-22 08:49:35] HotelChannelAction.INFO: Input Data : {"hotelid":"4","decoded":{"sub":"1","id":"1","userName":"super admin","userGroup":"1","email":"superadmin@msense.in","hotelId":"4","brandId":"7","iat":1687423775,"exp":1687510175}}  
[2023-06-22 08:49:35] HotelChannelAction.INFO: ======= END HotelChannel Action (Single One) ================  
[2023-06-22 08:50:16] HotelChannelAction.INFO: ======= Start HotelChannel Action (Single One) ================  
[2023-06-22 08:50:16] HotelChannelAction.INFO: method : POST  
[2023-06-22 08:50:16] HotelChannelAction.INFO: contentType : application/json  
[2023-06-22 08:50:16] HotelChannelAction.INFO: Input Data : {"hotelid":"4","decoded":{"sub":"1","id":"1","userName":"super admin","userGroup":"1","email":"superadmin@msense.in","hotelId":"4","brandId":"7","iat":1687423816,"exp":1687510216}}  
[2023-06-22 08:50:16] HotelChannelAction.INFO: ======= END HotelChannel Action (Single One) ================  
[2023-06-22 09:45:02] HotelChannelAction.INFO: ======= Start HotelChannel Action (Single One) ================  
[2023-06-22 09:45:02] HotelChannelAction.INFO: method : POST  
[2023-06-22 09:45:02] HotelChannelAction.INFO: contentType : application/json  
[2023-06-22 09:45:02] HotelChannelAction.INFO: Input Data : {"hotelid":"4","decoded":{"sub":"1","id":"1","userName":"super admin","userGroup":"1","email":"superadmin@msense.in","hotelId":"4","brandId":"7","iat":1687427102,"exp":1687513502}}  
[2023-06-22 09:45:02] HotelChannelAction.INFO: ======= END HotelChannel Action (Single One) ================  
[2023-06-22 10:07:18] HotelChannelAction.INFO: ======= Start HotelChannel Action (Single One) ================  
[2023-06-22 10:07:18] HotelChannelAction.INFO: method : POST  
[2023-06-22 10:07:18] HotelChannelAction.INFO: contentType : application/json  
[2023-06-22 10:07:18] HotelChannelAction.INFO: Input Data : {"hotelid":"4","decoded":{"sub":"1","id":"1","userName":"super admin","userGroup":"1","email":"superadmin@msense.in","hotelId":"4","brandId":"7","iat":1687428438,"exp":1687514838}}  
[2023-06-22 10:07:18] HotelChannelAction.INFO: ======= END HotelChannel Action (Single One) ================  
[2023-06-22 10:07:37] HotelChannelAction.INFO: ======= Start HotelChannel Action (Single One) ================  
[2023-06-22 10:07:37] HotelChannelAction.INFO: method : POST  
[2023-06-22 10:07:37] HotelChannelAction.INFO: contentType : application/json  
[2023-06-22 10:07:37] HotelChannelAction.INFO: Input Data : {"hotelid":"4","decoded":{"sub":"1","id":"1","userName":"super admin","userGroup":"1","email":"superadmin@msense.in","hotelId":"4","brandId":"7","iat":1687428457,"exp":1687514857}}  
[2023-06-22 10:07:37] HotelChannelAction.INFO: ======= END HotelChannel Action (Single One) ================  
[2023-06-22 10:07:44] HotelChannelAction.INFO: ======= Start HotelChannel Action (Single One) ================  
[2023-06-22 10:07:44] HotelChannelAction.INFO: method : POST  
[2023-06-22 10:07:44] HotelChannelAction.INFO: contentType : application/json  
[2023-06-22 10:07:44] HotelChannelAction.INFO: Input Data : {"hotelid":"4","decoded":{"sub":"1","id":"1","userName":"super admin","userGroup":"1","email":"superadmin@msense.in","hotelId":"4","brandId":"7","iat":1687428464,"exp":1687514864}}  
[2023-06-22 10:07:44] HotelChannelAction.INFO: ======= END HotelChannel Action (Single One) ================  
[2023-06-22 10:12:22] HotelChannelAction.INFO: ======= Start HotelChannel Action (Single One) ================  
[2023-06-22 10:12:22] HotelChannelAction.INFO: method : POST  
[2023-06-22 10:12:22] HotelChannelAction.INFO: contentType : application/json  
[2023-06-22 10:12:22] HotelChannelAction.INFO: Input Data : {"hotelid":"4","decoded":{"sub":"1","id":"1","userName":"super admin","userGroup":"1","email":"superadmin@msense.in","hotelId":"4","brandId":"7","iat":1687428742,"exp":1687515142}}  
[2023-06-22 10:12:22] HotelChannelAction.INFO: ======= END HotelChannel Action (Single One) ================  
[2023-06-22 12:11:13] HotelChannelAction.INFO: ======= Start HotelChannel Action (Single One) ================  
[2023-06-22 12:11:13] HotelChannelAction.INFO: method : POST  
[2023-06-22 12:11:13] HotelChannelAction.INFO: contentType : application/json  
[2023-06-22 12:11:13] HotelChannelAction.INFO: Input Data : {"hotelid":"4","decoded":{"sub":"1","id":"1","userName":"super admin","userGroup":"1","email":"superadmin@msense.in","hotelId":"4","brandId":"7","iat":1687435873,"exp":1687522273}}  
[2023-06-22 12:11:13] HotelChannelAction.INFO: ======= END HotelChannel Action (Single One) ================  
