[2023-06-22 04:09:29] AdmnUsrsRepository.INFO: ======= Start AdmnUsrs Repository ================  
[2023-06-22 04:09:29] AdmnUsrsRepository.INFO: Input Data : {"decoded":{"sub":"1","id":"1","userName":"super admin","userGroup":"1","email":"superadmin@msense.in","hotelId":"4","brandId":"7","iat":1687406177,"exp":1687492577}}  
[2023-06-22 04:09:29] AdmnUsrModel.INFO: Query : CALL SP_AdmnUsrConfig('0', '0', 0, '', '', '', 0, 0, '','','', '', 
            1, '', 10, '0', 
            0, '', 'DESC', 'GETALL')  
[2023-06-22 04:09:29] AdmnUsrModel.INFO: Admin User List Avaliable User list count : 10  
[2023-06-22 04:09:29] AdmnUsrsRepository.INFO: ======= End AdmnUsrs Repository ================  
[2023-06-22 06:04:09] AdmnUsrsRepository.INFO: ======= Start AdmnUsrs Repository ================  
[2023-06-22 06:04:09] AdmnUsrsRepository.INFO: Input Data : {"decoded":{"sub":"1","id":"1","userName":"super admin","userGroup":"1","email":"superadmin@msense.in","hotelId":"4","brandId":"7","iat":1687413838,"exp":1687500238}}  
[2023-06-22 06:04:09] AdmnUsrModel.INFO: Query : CALL SP_AdmnUsrConfig('0', '0', 0, '', '', '', 0, 0, '','','', '', 
            1, '', 10, '0', 
            0, '', 'DESC', 'GETALL')  
[2023-06-22 06:04:09] AdmnUsrModel.INFO: Admin User List Avaliable User list count : 10  
[2023-06-22 06:04:09] AdmnUsrsRepository.INFO: ======= End AdmnUsrs Repository ================  
[2023-06-22 08:21:30] AdmnUsrsRepository.INFO: ======= Start AdmnUsrs Repository ================  
[2023-06-22 08:21:30] AdmnUsrsRepository.INFO: Input Data : {"decoded":{"sub":"1","id":"1","userName":"super admin","userGroup":"1","email":"superadmin@msense.in","hotelId":"4","brandId":"7","iat":1687413838,"exp":1687500238}}  
[2023-06-22 08:21:30] AdmnUsrModel.INFO: Query : CALL SP_AdmnUsrConfig('0', '0', 0, '', '', '', 0, 0, '','','', '', 
            1, '', 10, '0', 
            0, '', 'DESC', 'GETALL')  
[2023-06-22 08:21:30] AdmnUsrModel.INFO: Admin User List Avaliable User list count : 10  
[2023-06-22 08:21:30] AdmnUsrsRepository.INFO: ======= End AdmnUsrs Repository ================  
[2023-06-22 08:21:33] AdmnUsrsRepository.INFO: ======= Start AdmnUsrs Repository ================  
[2023-06-22 08:21:33] AdmnUsrsRepository.INFO: Input Data : {"decoded":{"sub":"1","id":"1","userName":"super admin","userGroup":"1","email":"superadmin@msense.in","hotelId":"4","brandId":"7","iat":1687413838,"exp":1687500238}}  
[2023-06-22 08:21:33] AdmnUsrModel.INFO: Query : CALL SP_AdmnUsrConfig('0', '0', 0, '', '', '', 0, 0, '','','', '', 
            1, '', 10, '0', 
            0, '', 'DESC', 'GETALL')  
[2023-06-22 08:21:33] AdmnUsrModel.INFO: Admin User List Avaliable User list count : 10  
[2023-06-22 08:21:33] AdmnUsrsRepository.INFO: ======= End AdmnUsrs Repository ================  
[2023-06-22 08:21:35] AdmnUsrsRepository.INFO: ======= Start AdmnUsrs Repository ================  
[2023-06-22 08:21:35] AdmnUsrsRepository.INFO: Input Data : {"decoded":{"sub":"1","id":"1","userName":"super admin","userGroup":"1","email":"superadmin@msense.in","hotelId":"4","brandId":"7","iat":1687413838,"exp":1687500238}}  
[2023-06-22 08:21:35] AdmnUsrModel.INFO: Query : CALL SP_AdmnUsrConfig('0', '0', 0, '', '', '', 0, 0, '','','', '', 
            1, '', 10, '0', 
            0, '', 'DESC', 'GETALL')  
[2023-06-22 08:21:35] AdmnUsrModel.INFO: Admin User List Avaliable User list count : 10  
[2023-06-22 08:21:35] AdmnUsrsRepository.INFO: ======= End AdmnUsrs Repository ================  
[2023-06-22 08:21:37] AdmnUsrsRepository.INFO: ======= Start AdmnUsrs Repository ================  
[2023-06-22 08:21:37] AdmnUsrsRepository.INFO: Input Data : {"decoded":{"sub":"1","id":"1","userName":"super admin","userGroup":"1","email":"superadmin@msense.in","hotelId":"4","brandId":"7","iat":1687413838,"exp":1687500238}}  
[2023-06-22 08:21:37] AdmnUsrModel.INFO: Query : CALL SP_AdmnUsrConfig('0', '0', 0, '', '', '', 0, 0, '','','', '', 
            1, '', 10, '0', 
            0, '', 'DESC', 'GETALL')  
[2023-06-22 08:21:37] AdmnUsrModel.INFO: Admin User List Avaliable User list count : 10  
[2023-06-22 08:21:37] AdmnUsrsRepository.INFO: ======= End AdmnUsrs Repository ================  
[2023-06-22 08:21:40] AdmnUsrsRepository.INFO: ======= Start AdmnUsrs Repository ================  
[2023-06-22 08:21:40] AdmnUsrsRepository.INFO: Input Data : {"decoded":{"sub":"1","id":"1","userName":"super admin","userGroup":"1","email":"superadmin@msense.in","hotelId":"4","brandId":"7","iat":1687413838,"exp":1687500238}}  
[2023-06-22 08:21:40] AdmnUsrModel.INFO: Query : CALL SP_AdmnUsrConfig('0', '0', 0, '', '', '', 0, 0, '','','', '', 
            1, '', 10, '0', 
            0, '', 'DESC', 'GETALL')  
[2023-06-22 08:21:40] AdmnUsrModel.INFO: Admin User List Avaliable User list count : 10  
[2023-06-22 08:21:40] AdmnUsrsRepository.INFO: ======= End AdmnUsrs Repository ================  
[2023-06-22 08:21:41] AdmnUsrsRepository.INFO: ======= Start AdmnUsrs Repository ================  
[2023-06-22 08:21:41] AdmnUsrsRepository.INFO: Input Data : {"decoded":{"sub":"1","id":"1","userName":"super admin","userGroup":"1","email":"superadmin@msense.in","hotelId":"4","brandId":"7","iat":1687413838,"exp":1687500238}}  
[2023-06-22 08:21:41] AdmnUsrModel.INFO: Query : CALL SP_AdmnUsrConfig('0', '0', 0, '', '', '', 0, 0, '','','', '', 
            1, '', 10, '0', 
            0, '', 'DESC', 'GETALL')  
[2023-06-22 08:21:42] AdmnUsrModel.INFO: Admin User List Avaliable User list count : 10  
[2023-06-22 08:21:42] AdmnUsrsRepository.INFO: ======= End AdmnUsrs Repository ================  
[2023-06-22 16:19:16] AdmnUsrsRepository.INFO: ======= Start AdmnUsrs Repository ================  
[2023-06-22 16:19:16] AdmnUsrsRepository.INFO: Input Data : {"decoded":{"sub":"1","id":"1","userName":"super admin","userGroup":"1","email":"superadmin@msense.in","hotelId":"4","brandId":"7","iat":1687450745,"exp":1687537145}}  
[2023-06-22 16:19:16] AdmnUsrModel.INFO: Query : CALL SP_AdmnUsrConfig('0', '0', 0, '', '', '', 0, 0, '','','', '', 
            1, '', 10, '0', 
            0, '', 'DESC', 'GETALL')  
[2023-06-22 16:19:16] AdmnUsrModel.INFO: Admin User List Avaliable User list count : 10  
[2023-06-22 16:19:16] AdmnUsrsRepository.INFO: ======= End AdmnUsrs Repository ================  
