[2023-06-22 04:08:16] ChannelRepository.INFO: ======= Start Channel Repository ================  
[2023-06-22 04:08:16] ChannelRepository.INFO: Input Data : {"decoded":{"sub":"1","id":"1","userName":"super admin","userGroup":"1","email":"superadmin@msense.in","hotelId":"4","brandId":"7","iat":1687406177,"exp":1687492577}}  
[2023-06-22 04:08:16] ChannelRepository.ERROR: Error Code : 101Error Message : Channel Name required  
[2023-06-22 04:08:16] ChannelRepository.ERROR: Error File : /var/www/projects/ottproduct/api/v1/src/Domain/Repository/Channel/ChannelRepository.phpError Line : 160  
[2023-06-22 04:08:16] ChannelRepository.INFO: ======= End Channel Repository ================  
[2023-06-22 04:17:58] ChannelRepository.INFO: ======= Start Channel Repository ================  
[2023-06-22 04:17:58] ChannelRepository.INFO: Input Data : {"decoded":{"sub":"1","id":"1","userName":"super admin","userGroup":"1","email":"superadmin@msense.in","hotelId":"4","brandId":"7","iat":1687407041,"exp":1687493441}}  
[2023-06-22 04:17:58] ChannelRepository.ERROR: Error Code : 101Error Message : Channel Name required  
[2023-06-22 04:17:58] ChannelRepository.ERROR: Error File : /var/www/projects/ottproduct/api/v1/src/Domain/Repository/Channel/ChannelRepository.phpError Line : 160  
[2023-06-22 04:17:58] ChannelRepository.INFO: ======= End Channel Repository ================  
[2023-06-22 04:20:15] ChannelRepository.INFO: ======= Start Channel Repository ================  
[2023-06-22 04:20:15] ChannelRepository.INFO: ======= End Channel Repository ================  
[2023-06-22 04:20:23] ChannelRepository.INFO: ======= Start Channel Repository ================  
[2023-06-22 04:20:23] ChannelRepository.INFO: ======= End Channel Repository ================  
[2023-06-22 04:20:45] ChannelRepository.INFO: ======= Start Channel Repository ================  
[2023-06-22 04:20:45] ChannelRepository.INFO: Input Data : {"decoded":{"sub":"1","id":"1","userName":"super admin","userGroup":"1","email":"superadmin@msense.in","hotelId":"4","brandId":"7","iat":1687407041,"exp":1687493441}}  
[2023-06-22 04:20:45] ChannelRepository.ERROR: Error Code : 101Error Message : Channel Name required  
[2023-06-22 04:20:45] ChannelRepository.ERROR: Error File : /var/www/projects/ottproduct/api/v1/src/Domain/Repository/Channel/ChannelRepository.phpError Line : 160  
[2023-06-22 04:20:45] ChannelRepository.INFO: ======= End Channel Repository ================  
[2023-06-22 04:25:50] ChannelRepository.INFO: ======= Start Channel Repository ================  
[2023-06-22 04:25:50] ChannelRepository.INFO: Input Data : {"decoded":{"sub":"1","id":"1","userName":"super admin","userGroup":"1","email":"superadmin@msense.in","hotelId":"4","brandId":"7","iat":1687407915,"exp":1687494315}}  
[2023-06-22 04:25:50] ChannelRepository.ERROR: Error Code : 101Error Message : Channel Name required  
[2023-06-22 04:25:50] ChannelRepository.ERROR: Error File : /var/www/projects/ottproduct/api/v1/src/Domain/Repository/Channel/ChannelRepository.phpError Line : 160  
[2023-06-22 04:25:50] ChannelRepository.INFO: ======= End Channel Repository ================  
[2023-06-22 04:35:10] ChannelRepository.INFO: ======= Start Channel Repository ================  
[2023-06-22 04:35:10] ChannelRepository.INFO: Input Data : {"decoded":{"sub":"1","id":"1","userName":"super admin","userGroup":"1","email":"superadmin@msense.in","hotelId":"4","brandId":"7","iat":1687407915,"exp":1687494315}}  
[2023-06-22 04:35:10] ChannelRepository.ERROR: Error Code : 101Error Message : Channel Name required  
[2023-06-22 04:35:10] ChannelRepository.ERROR: Error File : /var/www/projects/ottproduct/api/v1/src/Domain/Repository/Channel/ChannelRepository.phpError Line : 160  
[2023-06-22 04:35:10] ChannelRepository.INFO: ======= End Channel Repository ================  
[2023-06-22 04:37:38] ChannelRepository.INFO: ======= Start Channel Repository ================  
[2023-06-22 04:37:38] ChannelRepository.INFO: Input Data : {"decoded":{"sub":"1","id":"1","userName":"super admin","userGroup":"1","email":"superadmin@msense.in","hotelId":"4","brandId":"7","iat":1687407915,"exp":1687494315}}  
[2023-06-22 04:37:38] ChannelRepository.ERROR: Error Code : 101Error Message : Channel Name required  
[2023-06-22 04:37:38] ChannelRepository.ERROR: Error File : /var/www/projects/ottproduct/api/v1/src/Domain/Repository/Channel/ChannelRepository.phpError Line : 160  
[2023-06-22 04:37:38] ChannelRepository.INFO: ======= End Channel Repository ================  
[2023-06-22 04:39:01] ChannelRepository.INFO: ======= Start Channel Repository ================  
[2023-06-22 04:39:01] ChannelRepository.INFO: Input Data : {"decoded":{"sub":"1","id":"1","userName":"super admin","userGroup":"1","email":"superadmin@msense.in","hotelId":"4","brandId":"7","iat":1687407915,"exp":1687494315}}  
[2023-06-22 04:39:01] ChannelRepository.ERROR: Error Code : 101Error Message : Channel Name required  
[2023-06-22 04:39:01] ChannelRepository.ERROR: Error File : /var/www/projects/ottproduct/api/v1/src/Domain/Repository/Channel/ChannelRepository.phpError Line : 160  
[2023-06-22 04:39:01] ChannelRepository.INFO: ======= End Channel Repository ================  
[2023-06-22 04:39:40] ChannelRepository.INFO: ======= Start Channel Repository ================  
[2023-06-22 04:39:40] ChannelRepository.INFO: Input Data : {"decoded":{"sub":"1","id":"1","userName":"super admin","userGroup":"1","email":"superadmin@msense.in","hotelId":"4","brandId":"7","iat":1687407915,"exp":1687494315}}  
[2023-06-22 04:39:40] ChannelRepository.ERROR: Error Code : 101Error Message : Channel Name required  
[2023-06-22 04:39:40] ChannelRepository.ERROR: Error File : /var/www/projects/ottproduct/api/v1/src/Domain/Repository/Channel/ChannelRepository.phpError Line : 160  
[2023-06-22 04:39:40] ChannelRepository.INFO: ======= End Channel Repository ================  
[2023-06-22 04:43:44] ChannelRepository.INFO: ======= Start Channel Repository ================  
[2023-06-22 04:43:44] ChannelRepository.INFO: Input Data : {"decoded":{"sub":"1","id":"1","userName":"super admin","userGroup":"1","email":"superadmin@msense.in","hotelId":"4","brandId":"7","iat":1687407915,"exp":1687494315}}  
[2023-06-22 04:43:44] ChannelRepository.ERROR: Error Code : 101Error Message : Channel Name required  
[2023-06-22 04:43:44] ChannelRepository.ERROR: Error File : /var/www/projects/ottproduct/api/v1/src/Domain/Repository/Channel/ChannelRepository.phpError Line : 160  
[2023-06-22 04:43:44] ChannelRepository.INFO: ======= End Channel Repository ================  
[2023-06-22 04:54:53] ChannelRepository.INFO: ======= Start Channel Repository ================  
[2023-06-22 04:54:53] ChannelRepository.INFO: Input Data : {"decoded":{"sub":"1","id":"1","userName":"super admin","userGroup":"1","email":"superadmin@msense.in","hotelId":"4","brandId":"7","iat":1687407915,"exp":1687494315}}  
[2023-06-22 04:54:53] ChannelRepository.ERROR: Error Code : 101Error Message : Channel Name required  
[2023-06-22 04:54:53] ChannelRepository.ERROR: Error File : /var/www/projects/ottproduct/api/v1/src/Domain/Repository/Channel/ChannelRepository.phpError Line : 160  
[2023-06-22 04:54:53] ChannelRepository.INFO: ======= End Channel Repository ================  
[2023-06-22 04:57:55] ChannelRepository.INFO: ======= Start Channel Repository ================  
[2023-06-22 04:57:55] ChannelRepository.INFO: Input Data : {"decoded":{"sub":"1","id":"1","userName":"super admin","userGroup":"1","email":"superadmin@msense.in","hotelId":"4","brandId":"7","iat":1687407915,"exp":1687494315}}  
[2023-06-22 04:57:55] ChannelRepository.ERROR: Error Code : 101Error Message : Channel Name required  
[2023-06-22 04:57:55] ChannelRepository.ERROR: Error File : /var/www/projects/ottproduct/api/v1/src/Domain/Repository/Channel/ChannelRepository.phpError Line : 160  
[2023-06-22 04:57:55] ChannelRepository.INFO: ======= End Channel Repository ================  
[2023-06-22 04:58:09] ChannelRepository.INFO: ======= Start Channel Repository ================  
[2023-06-22 04:58:09] ChannelRepository.INFO: Input Data : {"decoded":{"sub":"1","id":"1","userName":"super admin","userGroup":"1","email":"superadmin@msense.in","hotelId":"4","brandId":"7","iat":1687407915,"exp":1687494315}}  
[2023-06-22 04:58:09] ChannelRepository.ERROR: Error Code : 101Error Message : Channel Name required  
[2023-06-22 04:58:09] ChannelRepository.ERROR: Error File : /var/www/projects/ottproduct/api/v1/src/Domain/Repository/Channel/ChannelRepository.phpError Line : 160  
[2023-06-22 04:58:09] ChannelRepository.INFO: ======= End Channel Repository ================  
[2023-06-22 04:59:55] ChannelRepository.INFO: ======= Start Channel Repository ================  
[2023-06-22 04:59:55] ChannelRepository.INFO: Input Data : {"decoded":{"sub":"1","id":"1","userName":"super admin","userGroup":"1","email":"superadmin@msense.in","hotelId":"4","brandId":"7","iat":1687407915,"exp":1687494315}}  
[2023-06-22 04:59:55] ChannelRepository.ERROR: Error Code : 101Error Message : Channel Name required  
[2023-06-22 04:59:55] ChannelRepository.ERROR: Error File : /var/www/projects/ottproduct/api/v1/src/Domain/Repository/Channel/ChannelRepository.phpError Line : 160  
[2023-06-22 04:59:55] ChannelRepository.INFO: ======= End Channel Repository ================  
[2023-06-22 05:04:29] ChannelRepository.INFO: ======= Start Channel Repository ================  
[2023-06-22 05:04:29] ChannelRepository.INFO: Input Data : {"decoded":{"sub":"1","id":"1","userName":"super admin","userGroup":"1","email":"superadmin@msense.in","hotelId":"4","brandId":"7","iat":1687327794,"exp":1687414194}}  
[2023-06-22 05:04:29] ChannelRepository.ERROR: Error Code : 101Error Message : Channel Name required  
[2023-06-22 05:04:29] ChannelRepository.ERROR: Error File : /var/www/projects/ottproduct/api/v1/src/Domain/Repository/Channel/ChannelRepository.phpError Line : 160  
[2023-06-22 05:04:29] ChannelRepository.INFO: ======= End Channel Repository ================  
[2023-06-22 05:04:45] ChannelRepository.INFO: ======= Start Channel Repository ================  
[2023-06-22 05:04:45] ChannelRepository.INFO: Input Data : {"decoded":{"sub":"1","id":"1","userName":"super admin","userGroup":"1","email":"superadmin@msense.in","hotelId":"4","brandId":"7","iat":1687327794,"exp":1687414194}}  
[2023-06-22 05:04:45] ChannelRepository.ERROR: Error Code : 101Error Message : Channel Name required  
[2023-06-22 05:04:45] ChannelRepository.ERROR: Error File : /var/www/projects/ottproduct/api/v1/src/Domain/Repository/Channel/ChannelRepository.phpError Line : 160  
[2023-06-22 05:04:45] ChannelRepository.INFO: ======= End Channel Repository ================  
[2023-06-22 05:09:23] ChannelRepository.INFO: ======= Start Channel Repository ================  
[2023-06-22 05:09:23] ChannelRepository.INFO: Input Data : {"decoded":{"sub":"1","id":"1","userName":"super admin","userGroup":"1","email":"superadmin@msense.in","hotelId":"4","brandId":"7","iat":1687327794,"exp":1687414194}}  
[2023-06-22 05:09:23] ChannelRepository.ERROR: Error Code : 101Error Message : Channel Name required  
[2023-06-22 05:09:23] ChannelRepository.ERROR: Error File : /var/www/projects/ottproduct/api/v1/src/Domain/Repository/Channel/ChannelRepository.phpError Line : 160  
[2023-06-22 05:09:23] ChannelRepository.INFO: ======= End Channel Repository ================  
[2023-06-22 05:12:40] ChannelRepository.INFO: ======= Start Channel Repository ================  
[2023-06-22 05:12:40] ChannelRepository.INFO: Input Data : {"decoded":{"sub":"1","id":"1","userName":"super admin","userGroup":"1","email":"superadmin@msense.in","hotelId":"4","brandId":"7","iat":1687327794,"exp":1687414194}}  
[2023-06-22 05:12:40] ChannelRepository.ERROR: Error Code : 601Error Message : Channel Name required  
[2023-06-22 05:12:40] ChannelRepository.ERROR: Error File : /var/www/projects/ottproduct/api/v1/src/Domain/Repository/Channel/ChannelRepository.phpError Line : 160  
[2023-06-22 05:12:40] ChannelRepository.INFO: ======= End Channel Repository ================  
[2023-06-22 05:13:10] ChannelRepository.INFO: ======= Start Channel Repository ================  
[2023-06-22 05:13:10] ChannelRepository.INFO: Input Data : {"decoded":{"sub":"1","id":"1","userName":"super admin","userGroup":"1","email":"superadmin@msense.in","hotelId":"4","brandId":"7","iat":1687327794,"exp":1687414194}}  
[2023-06-22 05:13:10] ChannelRepository.ERROR: Error Code : 301Error Message : Channel Name required  
[2023-06-22 05:13:10] ChannelRepository.ERROR: Error File : /var/www/projects/ottproduct/api/v1/src/Domain/Repository/Channel/ChannelRepository.phpError Line : 160  
[2023-06-22 05:13:10] ChannelRepository.INFO: ======= End Channel Repository ================  
[2023-06-22 05:13:12] ChannelRepository.INFO: ======= Start Channel Repository ================  
[2023-06-22 05:13:12] ChannelRepository.INFO: Input Data : {"decoded":{"sub":"1","id":"1","userName":"super admin","userGroup":"1","email":"superadmin@msense.in","hotelId":"4","brandId":"7","iat":1687327794,"exp":1687414194}}  
[2023-06-22 05:13:12] ChannelRepository.ERROR: Error Code : 301Error Message : Channel Name required  
[2023-06-22 05:13:12] ChannelRepository.ERROR: Error File : /var/www/projects/ottproduct/api/v1/src/Domain/Repository/Channel/ChannelRepository.phpError Line : 160  
[2023-06-22 05:13:12] ChannelRepository.INFO: ======= End Channel Repository ================  
[2023-06-22 05:13:39] ChannelRepository.INFO: ======= Start Channel Repository ================  
[2023-06-22 05:13:39] ChannelRepository.INFO: Input Data : {"decoded":{"sub":"1","id":"1","userName":"super admin","userGroup":"1","email":"superadmin@msense.in","hotelId":"4","brandId":"7","iat":1687407915,"exp":1687494315}}  
[2023-06-22 05:13:39] ChannelRepository.ERROR: Error Code : 301Error Message : Channel Name required  
[2023-06-22 05:13:39] ChannelRepository.ERROR: Error File : /var/www/projects/ottproduct/api/v1/src/Domain/Repository/Channel/ChannelRepository.phpError Line : 160  
[2023-06-22 05:13:39] ChannelRepository.INFO: ======= End Channel Repository ================  
[2023-06-22 05:15:46] ChannelRepository.INFO: ======= Start Channel Repository ================  
[2023-06-22 05:15:46] ChannelRepository.INFO: Input Data : {"decoded":{"sub":"1","id":"1","userName":"super admin","userGroup":"1","email":"superadmin@msense.in","hotelId":"4","brandId":"7","iat":1687407915,"exp":1687494315}}  
[2023-06-22 05:15:46] ChannelRepository.ERROR: Error Code : 301Error Message : Channel Name required  
[2023-06-22 05:15:46] ChannelRepository.ERROR: Error File : /var/www/projects/ottproduct/api/v1/src/Domain/Repository/Channel/ChannelRepository.phpError Line : 160  
[2023-06-22 05:15:46] ChannelRepository.INFO: ======= End Channel Repository ================  
[2023-06-22 05:17:25] ChannelRepository.INFO: ======= Start Channel Repository ================  
[2023-06-22 05:17:25] ChannelRepository.INFO: Input Data : {"decoded":{"sub":"1","id":"1","userName":"super admin","userGroup":"1","email":"superadmin@msense.in","hotelId":"4","brandId":"7","iat":1687407915,"exp":1687494315}}  
[2023-06-22 05:17:25] ChannelRepository.ERROR: Error Code : 301Error Message : Channel Name required  
[2023-06-22 05:17:25] ChannelRepository.ERROR: Error File : /var/www/projects/ottproduct/api/v1/src/Domain/Repository/Channel/ChannelRepository.phpError Line : 160  
[2023-06-22 05:17:25] ChannelRepository.INFO: ======= End Channel Repository ================  
[2023-06-22 05:17:29] ChannelRepository.INFO: ======= Start Channel Repository ================  
[2023-06-22 05:17:29] ChannelRepository.INFO: Input Data : {"decoded":{"sub":"1","id":"1","userName":"super admin","userGroup":"1","email":"superadmin@msense.in","hotelId":"4","brandId":"7","iat":1687407915,"exp":1687494315}}  
[2023-06-22 05:17:29] ChannelRepository.ERROR: Error Code : 301Error Message : Channel Name required  
[2023-06-22 05:17:29] ChannelRepository.ERROR: Error File : /var/www/projects/ottproduct/api/v1/src/Domain/Repository/Channel/ChannelRepository.phpError Line : 160  
[2023-06-22 05:17:29] ChannelRepository.INFO: ======= End Channel Repository ================  
[2023-06-22 05:18:23] ChannelRepository.INFO: ======= Start Channel Repository ================  
[2023-06-22 05:18:23] ChannelRepository.INFO: Input Data : {"decoded":{"sub":"1","id":"1","userName":"super admin","userGroup":"1","email":"superadmin@msense.in","hotelId":"4","brandId":"7","iat":1687407915,"exp":1687494315}}  
[2023-06-22 05:18:23] ChannelRepository.ERROR: Error Code : 301Error Message : Channel Name required  
[2023-06-22 05:18:23] ChannelRepository.ERROR: Error File : /var/www/projects/ottproduct/api/v1/src/Domain/Repository/Channel/ChannelRepository.phpError Line : 160  
[2023-06-22 05:18:23] ChannelRepository.INFO: ======= End Channel Repository ================  
[2023-06-22 05:24:48] ChannelRepository.INFO: ======= Start Channel Repository ================  
[2023-06-22 05:24:48] ChannelRepository.INFO: ======= End Channel Repository ================  
[2023-06-22 05:24:51] ChannelRepository.INFO: ======= Start Channel Repository ================  
[2023-06-22 05:24:51] ChannelRepository.INFO: ======= End Channel Repository ================  
[2023-06-22 05:24:54] ChannelRepository.INFO: ======= Start Channel Repository ================  
[2023-06-22 05:24:54] ChannelRepository.INFO: ======= End Channel Repository ================  
[2023-06-22 05:24:58] ChannelRepository.INFO: ======= Start Channel Repository ================  
[2023-06-22 05:24:58] ChannelRepository.INFO: ======= End Channel Repository ================  
[2023-06-22 05:25:01] ChannelRepository.INFO: ======= Start Channel Repository ================  
[2023-06-22 05:25:01] ChannelRepository.INFO: ======= End Channel Repository ================  
[2023-06-22 05:27:09] ChannelRepository.INFO: ======= Start Channel Repository ================  
[2023-06-22 05:27:09] ChannelRepository.INFO: ======= End Channel Repository ================  
[2023-06-22 05:35:38] ChannelRepository.INFO: ======= Start Channel Repository ================  
[2023-06-22 05:35:38] ChannelRepository.INFO: Input Data : {"decoded":{"sub":"1","id":"1","userName":"super admin","userGroup":"1","email":"superadmin@msense.in","hotelId":"4","brandId":"7","iat":1687407915,"exp":1687494315}}  
[2023-06-22 05:35:38] ChannelRepository.ERROR: Error Code : 301Error Message : Channel Name required  
[2023-06-22 05:35:38] ChannelRepository.ERROR: Error File : /var/www/projects/ottproduct/api/v1/src/Domain/Repository/Channel/ChannelRepository.phpError Line : 160  
[2023-06-22 05:35:38] ChannelRepository.INFO: ======= End Channel Repository ================  
[2023-06-22 06:31:38] ChannelRepository.INFO: ======= Start Channel Repository ================  
[2023-06-22 06:31:38] ChannelRepository.INFO: Input Data : {"decoded":{"sub":"1","id":"1","userName":"super admin","userGroup":"1","email":"superadmin@msense.in","hotelId":"4","brandId":"7","iat":1687410208,"exp":1687496608}}  
[2023-06-22 06:31:38] ChannelRepository.ERROR: Error Code : 301Error Message : Channel Name required  
[2023-06-22 06:31:38] ChannelRepository.ERROR: Error File : /var/www/projects/ottproduct/api/v1/src/Domain/Repository/Channel/ChannelRepository.phpError Line : 160  
[2023-06-22 06:31:38] ChannelRepository.INFO: ======= End Channel Repository ================  
[2023-06-22 06:32:03] ChannelRepository.INFO: ======= Start Channel Repository ================  
[2023-06-22 06:32:03] ChannelRepository.INFO: Input Data : {"decoded":{"sub":"1","id":"1","userName":"super admin","userGroup":"1","email":"superadmin@msense.in","hotelId":"4","brandId":"7","iat":1687410208,"exp":1687496608}}  
[2023-06-22 06:32:03] ChannelRepository.ERROR: Error Code : 301Error Message : Channel Name required  
[2023-06-22 06:32:03] ChannelRepository.ERROR: Error File : /var/www/projects/ottproduct/api/v1/src/Domain/Repository/Channel/ChannelRepository.phpError Line : 160  
[2023-06-22 06:32:03] ChannelRepository.INFO: ======= End Channel Repository ================  
[2023-06-22 06:32:04] ChannelRepository.INFO: ======= Start Channel Repository ================  
[2023-06-22 06:32:04] ChannelRepository.INFO: Input Data : {"decoded":{"sub":"1","id":"1","userName":"super admin","userGroup":"1","email":"superadmin@msense.in","hotelId":"4","brandId":"7","iat":1687410208,"exp":1687496608}}  
[2023-06-22 06:32:04] ChannelRepository.ERROR: Error Code : 301Error Message : Channel Name required  
[2023-06-22 06:32:04] ChannelRepository.ERROR: Error File : /var/www/projects/ottproduct/api/v1/src/Domain/Repository/Channel/ChannelRepository.phpError Line : 160  
[2023-06-22 06:32:04] ChannelRepository.INFO: ======= End Channel Repository ================  
[2023-06-22 06:32:05] ChannelRepository.INFO: ======= Start Channel Repository ================  
[2023-06-22 06:32:05] ChannelRepository.INFO: Input Data : {"decoded":{"sub":"1","id":"1","userName":"super admin","userGroup":"1","email":"superadmin@msense.in","hotelId":"4","brandId":"7","iat":1687410208,"exp":1687496608}}  
[2023-06-22 06:32:05] ChannelRepository.ERROR: Error Code : 301Error Message : Channel Name required  
[2023-06-22 06:32:05] ChannelRepository.ERROR: Error File : /var/www/projects/ottproduct/api/v1/src/Domain/Repository/Channel/ChannelRepository.phpError Line : 160  
[2023-06-22 06:32:05] ChannelRepository.INFO: ======= End Channel Repository ================  
[2023-06-22 06:32:37] ChannelRepository.INFO: ======= Start Channel Repository ================  
[2023-06-22 06:32:37] ChannelRepository.INFO: Input Data : {"decoded":{"sub":"1","id":"1","userName":"super admin","userGroup":"1","email":"superadmin@msense.in","hotelId":"4","brandId":"7","iat":1687410208,"exp":1687496608}}  
[2023-06-22 06:32:37] ChannelRepository.ERROR: Error Code : 301Error Message : Channel Name required  
[2023-06-22 06:32:37] ChannelRepository.ERROR: Error File : /var/www/projects/ottproduct/api/v1/src/Domain/Repository/Channel/ChannelRepository.phpError Line : 160  
[2023-06-22 06:32:37] ChannelRepository.INFO: ======= End Channel Repository ================  
[2023-06-22 06:32:38] ChannelRepository.INFO: ======= Start Channel Repository ================  
[2023-06-22 06:32:38] ChannelRepository.INFO: Input Data : {"decoded":{"sub":"1","id":"1","userName":"super admin","userGroup":"1","email":"superadmin@msense.in","hotelId":"4","brandId":"7","iat":1687410208,"exp":1687496608}}  
[2023-06-22 06:32:38] ChannelRepository.ERROR: Error Code : 301Error Message : Channel Name required  
[2023-06-22 06:32:38] ChannelRepository.ERROR: Error File : /var/www/projects/ottproduct/api/v1/src/Domain/Repository/Channel/ChannelRepository.phpError Line : 160  
[2023-06-22 06:32:38] ChannelRepository.INFO: ======= End Channel Repository ================  
[2023-06-22 06:32:42] ChannelRepository.INFO: ======= Start Channel Repository ================  
[2023-06-22 06:32:42] ChannelRepository.INFO: Input Data : {"decoded":{"sub":"1","id":"1","userName":"super admin","userGroup":"1","email":"superadmin@msense.in","hotelId":"4","brandId":"7","iat":1687410208,"exp":1687496608}}  
[2023-06-22 06:32:42] ChannelRepository.ERROR: Error Code : 301Error Message : Channel Name required  
[2023-06-22 06:32:42] ChannelRepository.ERROR: Error File : /var/www/projects/ottproduct/api/v1/src/Domain/Repository/Channel/ChannelRepository.phpError Line : 160  
[2023-06-22 06:32:42] ChannelRepository.INFO: ======= End Channel Repository ================  
[2023-06-22 06:38:14] ChannelRepository.INFO: ======= Start Channel Repository ================  
[2023-06-22 06:38:14] ChannelRepository.INFO: Input Data : {"decoded":{"sub":"1","id":"1","userName":"super admin","userGroup":"1","email":"superadmin@msense.in","hotelId":"4","brandId":"7","iat":1687410208,"exp":1687496608}}  
[2023-06-22 06:38:14] ChannelRepository.ERROR: Error Code : 301Error Message : Channel Name required  
[2023-06-22 06:38:14] ChannelRepository.ERROR: Error File : /var/www/projects/ottproduct/api/v1/src/Domain/Repository/Channel/ChannelRepository.phpError Line : 160  
[2023-06-22 06:38:14] ChannelRepository.INFO: ======= End Channel Repository ================  
[2023-06-22 09:18:59] ChannelRepository.INFO: ======= Start Channel Repository ================  
[2023-06-22 09:18:59] ChannelRepository.INFO: Input Data : {"channelname":"NewsEnglish","decoded":{"sub":"1","id":"1","userName":"super admin","userGroup":"1","email":"superadmin@msense.in","hotelId":"4","brandId":"7","iat":1687410208,"exp":1687496608}}  
[2023-06-22 09:19:11] ChannelRepository.INFO: ======= Start Channel Repository ================  
[2023-06-22 09:19:11] ChannelRepository.INFO: Input Data : {"channelname":"NewsEnglish","decoded":{"sub":"1","id":"1","userName":"super admin","userGroup":"1","email":"superadmin@msense.in","hotelId":"4","brandId":"7","iat":1687410208,"exp":1687496608}}  
[2023-06-22 09:22:50] ChannelRepository.INFO: ======= Start Channel Repository ================  
[2023-06-22 09:22:50] ChannelRepository.INFO: ======= End Channel Repository ================  
[2023-06-22 09:22:53] ChannelRepository.INFO: ======= Start Channel Repository ================  
[2023-06-22 09:22:53] ChannelRepository.INFO: ======= End Channel Repository ================  
[2023-06-22 09:26:17] ChannelRepository.INFO: ======= Start Channel Repository ================  
[2023-06-22 09:26:17] ChannelRepository.INFO: ======= End Channel Repository ================  
[2023-06-22 09:26:21] ChannelRepository.INFO: ======= Start Channel Repository ================  
[2023-06-22 09:26:21] ChannelRepository.INFO: ======= End Channel Repository ================  
[2023-06-22 09:26:24] ChannelRepository.INFO: ======= Start Channel Repository ================  
[2023-06-22 09:26:24] ChannelRepository.INFO: ======= End Channel Repository ================  
[2023-06-22 09:26:26] ChannelRepository.INFO: ======= Start Channel Repository ================  
[2023-06-22 09:26:26] ChannelRepository.INFO: ======= End Channel Repository ================  
[2023-06-22 09:26:28] ChannelRepository.INFO: ======= Start Channel Repository ================  
[2023-06-22 09:26:28] ChannelRepository.INFO: ======= End Channel Repository ================  
[2023-06-22 09:33:56] ChannelRepository.INFO: ======= Start Channel Repository ================  
[2023-06-22 09:33:56] ChannelRepository.INFO: Input Data : {"channelname":"NewsEnglish","decoded":{"sub":"1","id":"1","userName":"super admin","userGroup":"1","email":"superadmin@msense.in","hotelId":"4","brandId":"7","iat":1687410208,"exp":1687496608}}  
[2023-06-22 09:33:56] ChannelRepository.INFO: Insert Status : {"msg":"Channel Updated SuccessFully","status":"Success"}  
[2023-06-22 09:33:56] ChannelRepository.INFO: ======= End Channel Repository ================  
[2023-06-22 09:34:06] ChannelRepository.INFO: ======= Start Channel Repository ================  
[2023-06-22 09:34:06] ChannelRepository.INFO: Input Data : {"channelname":"NewsEnglish","decoded":{"sub":"1","id":"1","userName":"super admin","userGroup":"1","email":"superadmin@msense.in","hotelId":"4","brandId":"7","iat":1687410208,"exp":1687496608}}  
[2023-06-22 09:34:06] ChannelRepository.INFO: Insert Status : {"msg":"Channel Updated SuccessFully","status":"Success"}  
[2023-06-22 09:34:06] ChannelRepository.INFO: ======= End Channel Repository ================  
[2023-06-22 09:40:22] ChannelRepository.INFO: ======= Start Channel Repository ================  
[2023-06-22 09:40:22] ChannelRepository.INFO: Input Data : {"channelname":"NewsEnglish","decoded":{"sub":"1","id":"1","userName":"super admin","userGroup":"1","email":"superadmin@msense.in","hotelId":"4","brandId":"7","iat":1687410208,"exp":1687496608}}  
[2023-06-22 09:40:22] ChannelRepository.INFO: Insert Status : {"msg":"Channel Updated SuccessFully","status":"Success"}  
[2023-06-22 09:40:22] ChannelRepository.INFO: ======= End Channel Repository ================  
[2023-06-22 09:40:52] ChannelRepository.INFO: ======= Start Channel Repository ================  
[2023-06-22 09:40:52] ChannelRepository.INFO: Input Data : {"channelname":"FoxCrime","decoded":{"sub":"1","id":"1","userName":"super admin","userGroup":"1","email":"superadmin@msense.in","hotelId":"4","brandId":"7","iat":1687410208,"exp":1687496608}}  
[2023-06-22 09:40:52] ChannelRepository.INFO: Insert Status : {"msg":"Channel Updated SuccessFully","status":"Success"}  
[2023-06-22 09:40:52] ChannelRepository.INFO: ======= End Channel Repository ================  
[2023-06-22 09:46:28] ChannelRepository.INFO: ======= Start Channel Repository ================  
[2023-06-22 09:46:28] ChannelRepository.INFO: Input Data : {"channelname":"FoxCrime","decoded":{"sub":"1","id":"1","userName":"super admin","userGroup":"1","email":"superadmin@msense.in","hotelId":"4","brandId":"7","iat":1687410208,"exp":1687496608}}  
[2023-06-22 09:46:28] ChannelRepository.INFO: Insert Status : {"msg":"Invalid Channel Id","status":"FAILURE"}  
[2023-06-22 09:46:28] ChannelRepository.INFO: ======= End Channel Repository ================  
[2023-06-22 09:46:29] ChannelRepository.INFO: ======= Start Channel Repository ================  
[2023-06-22 09:46:29] ChannelRepository.INFO: Input Data : {"channelname":"FoxCrime","decoded":{"sub":"1","id":"1","userName":"super admin","userGroup":"1","email":"superadmin@msense.in","hotelId":"4","brandId":"7","iat":1687410208,"exp":1687496608}}  
[2023-06-22 09:46:29] ChannelRepository.INFO: Insert Status : {"msg":"Invalid Channel Id","status":"FAILURE"}  
[2023-06-22 09:46:29] ChannelRepository.INFO: ======= End Channel Repository ================  
[2023-06-22 09:47:16] ChannelRepository.INFO: ======= Start Channel Repository ================  
[2023-06-22 09:47:16] ChannelRepository.INFO: Input Data : {"channelname":"FoxCrime","decoded":{"sub":"1","id":"1","userName":"super admin","userGroup":"1","email":"superadmin@msense.in","hotelId":"4","brandId":"7","iat":1687410208,"exp":1687496608}}  
[2023-06-22 09:47:16] ChannelRepository.INFO: Insert Status : {"msg":"Channel Updated SuccessFully","status":"Success"}  
[2023-06-22 09:47:16] ChannelRepository.INFO: ======= End Channel Repository ================  
[2023-06-22 09:49:47] ChannelRepository.INFO: ======= Start Channel Repository ================  
[2023-06-22 09:49:47] ChannelRepository.INFO: Input Data : {"channelname":"FoxCrime","decoded":{"sub":"1","id":"1","userName":"super admin","userGroup":"1","email":"superadmin@msense.in","hotelId":"4","brandId":"7","iat":1687410208,"exp":1687496608}}  
[2023-06-22 09:49:47] ChannelRepository.INFO: Insert Status : {"msg":"Channel Updated SuccessFully","status":"Success"}  
[2023-06-22 09:49:47] ChannelRepository.INFO: ======= End Channel Repository ================  
[2023-06-22 11:49:23] ChannelRepository.INFO: ======= Start Channel Repository ================  
[2023-06-22 11:49:23] ChannelRepository.INFO: ======= End Channel Repository ================  
[2023-06-22 11:49:26] ChannelRepository.INFO: ======= Start Channel Repository ================  
[2023-06-22 11:49:26] ChannelRepository.INFO: ======= End Channel Repository ================  
[2023-06-22 11:49:28] ChannelRepository.INFO: ======= Start Channel Repository ================  
[2023-06-22 11:49:28] ChannelRepository.INFO: ======= End Channel Repository ================  
[2023-06-22 12:03:30] ChannelRepository.INFO: ======= Start Channel Repository ================  
[2023-06-22 12:03:30] ChannelRepository.INFO: Input Data : {"channelname":"FoxCrime","decoded":{"sub":"1","id":"1","userName":"super admin","userGroup":"1","email":"superadmin@msense.in","hotelId":"4","brandId":"7","iat":1687407915,"exp":1687494315}}  
[2023-06-22 12:03:30] ChannelRepository.INFO: Insert Status : {"msg":"Channel Updated SuccessFully","status":"Success"}  
[2023-06-22 12:03:30] ChannelRepository.INFO: ======= End Channel Repository ================  
[2023-06-22 12:05:13] ChannelRepository.INFO: ======= Start Channel Repository ================  
[2023-06-22 12:05:13] ChannelRepository.INFO: Input Data : {"channelname":"FoxCrime","decoded":{"sub":"1","id":"1","userName":"super admin","userGroup":"1","email":"superadmin@msense.in","hotelId":"4","brandId":"7","iat":1687407915,"exp":1687494315}}  
[2023-06-22 12:05:13] ChannelRepository.INFO: Insert Status : {"msg":"Channel Updated SuccessFully","status":"Success"}  
[2023-06-22 12:05:13] ChannelRepository.INFO: ======= End Channel Repository ================  
[2023-06-22 12:06:58] ChannelRepository.INFO: ======= Start Channel Repository ================  
[2023-06-22 12:06:58] ChannelRepository.INFO: Input Data : {"channelname":"FoxCrime","decoded":{"sub":"1","id":"1","userName":"super admin","userGroup":"1","email":"superadmin@msense.in","hotelId":"4","brandId":"7","iat":1687407915,"exp":1687494315}}  
[2023-06-22 12:06:58] ChannelRepository.INFO: Insert Status : {"msg":"Channel Updated SuccessFully","status":"Success"}  
[2023-06-22 12:06:58] ChannelRepository.INFO: ======= End Channel Repository ================  
[2023-06-22 12:08:18] ChannelRepository.INFO: ======= Start Channel Repository ================  
[2023-06-22 12:08:18] ChannelRepository.INFO: Input Data : {"channelname":"FoxCrime","decoded":{"sub":"1","id":"1","userName":"super admin","userGroup":"1","email":"superadmin@msense.in","hotelId":"4","brandId":"7","iat":1687407915,"exp":1687494315}}  
[2023-06-22 12:08:18] ChannelRepository.INFO: Insert Status : {"msg":"Channel Updated SuccessFully","status":"Success"}  
[2023-06-22 12:08:18] ChannelRepository.INFO: ======= End Channel Repository ================  
[2023-06-22 12:09:08] ChannelRepository.INFO: ======= Start Channel Repository ================  
[2023-06-22 12:09:08] ChannelRepository.INFO: Input Data : {"channelname":"FoxCrime","decoded":{"sub":"1","id":"1","userName":"super admin","userGroup":"1","email":"superadmin@msense.in","hotelId":"4","brandId":"7","iat":1687407915,"exp":1687494315}}  
[2023-06-22 12:09:08] ChannelRepository.INFO: Insert Status : {"msg":"Channel Updated SuccessFully","status":"Success"}  
[2023-06-22 12:09:08] ChannelRepository.INFO: ======= End Channel Repository ================  
[2023-06-22 12:09:51] ChannelRepository.INFO: ======= Start Channel Repository ================  
[2023-06-22 12:09:51] ChannelRepository.INFO: Input Data : {"channelname":"FoxCrime","decoded":{"sub":"1","id":"1","userName":"super admin","userGroup":"1","email":"superadmin@msense.in","hotelId":"4","brandId":"7","iat":1687407915,"exp":1687494315}}  
[2023-06-22 12:09:51] ChannelRepository.INFO: Insert Status : {"msg":"Channel Updated SuccessFully","status":"Success"}  
[2023-06-22 12:09:51] ChannelRepository.INFO: ======= End Channel Repository ================  
[2023-06-22 12:10:26] ChannelRepository.INFO: ======= Start Channel Repository ================  
[2023-06-22 12:10:26] ChannelRepository.INFO: Input Data : {"channelname":"FoxCrime","decoded":{"sub":"1","id":"1","userName":"super admin","userGroup":"1","email":"superadmin@msense.in","hotelId":"4","brandId":"7","iat":1687407915,"exp":1687494315}}  
[2023-06-22 12:10:26] ChannelRepository.INFO: Insert Status : {"msg":"Channel Updated SuccessFully","status":"Success"}  
[2023-06-22 12:10:26] ChannelRepository.INFO: ======= End Channel Repository ================  
[2023-06-22 12:14:30] ChannelRepository.INFO: ======= Start Channel Repository ================  
[2023-06-22 12:14:30] ChannelRepository.INFO: Input Data : {"channelname":"FoxCrime","decoded":{"sub":"1","id":"1","userName":"super admin","userGroup":"1","email":"superadmin@msense.in","hotelId":"4","brandId":"7","iat":1687407915,"exp":1687494315}}  
[2023-06-22 12:14:30] ChannelRepository.INFO: Insert Status : {"msg":"Channel Updated SuccessFully","status":"Success"}  
[2023-06-22 12:14:30] ChannelRepository.INFO: ======= End Channel Repository ================  
[2023-06-22 12:30:56] ChannelRepository.INFO: ======= Start Channel Repository ================  
[2023-06-22 12:30:56] ChannelRepository.INFO: Input Data : {"channelname":"fasdfsd","decoded":{"sub":"1","id":"1","userName":"super admin","userGroup":"1","email":"superadmin@msense.in","hotelId":"4","brandId":"7","iat":1687407915,"exp":1687494315}}  
[2023-06-22 12:30:56] ChannelRepository.INFO: Insert Status : {"msg":"Channel Updated SuccessFully","status":"Success"}  
[2023-06-22 12:30:56] ChannelRepository.INFO: ======= End Channel Repository ================  
[2023-06-22 12:37:05] ChannelRepository.INFO: ======= Start Channel Repository ================  
[2023-06-22 12:37:05] ChannelRepository.INFO: Input Data : {"channelname":"fasdfsd","decoded":{"sub":"1","id":"1","userName":"super admin","userGroup":"1","email":"superadmin@msense.in","hotelId":"4","brandId":"7","iat":1687407915,"exp":1687494315}}  
[2023-06-22 12:37:05] ChannelRepository.INFO: Insert Status : {"msg":"Channel Updated SuccessFully","status":"Success"}  
[2023-06-22 12:37:05] ChannelRepository.INFO: ======= End Channel Repository ================  
[2023-06-22 12:38:05] ChannelRepository.INFO: ======= Start Channel Repository ================  
[2023-06-22 12:38:05] ChannelRepository.INFO: Input Data : {"channelname":"fasdfsd","decoded":{"sub":"1","id":"1","userName":"super admin","userGroup":"1","email":"superadmin@msense.in","hotelId":"4","brandId":"7","iat":1687407915,"exp":1687494315}}  
[2023-06-22 12:38:05] ChannelRepository.INFO: Insert Status : {"msg":"Channel Updated SuccessFully","status":"Success"}  
[2023-06-22 12:38:05] ChannelRepository.INFO: ======= End Channel Repository ================  
[2023-06-22 12:40:14] ChannelRepository.INFO: ======= Start Channel Repository ================  
[2023-06-22 12:40:14] ChannelRepository.INFO: Input Data : {"channelname":"fasdfsd","decoded":{"sub":"1","id":"1","userName":"super admin","userGroup":"1","email":"superadmin@msense.in","hotelId":"4","brandId":"7","iat":1687407915,"exp":1687494315}}  
[2023-06-22 12:40:14] ChannelRepository.INFO: Insert Status : {"msg":"Channel Updated SuccessFully","status":"Success"}  
[2023-06-22 12:40:14] ChannelRepository.INFO: ======= End Channel Repository ================  
[2023-06-22 12:48:34] ChannelRepository.INFO: ======= Start Channel Repository ================  
[2023-06-22 12:48:34] ChannelRepository.INFO: ======= End Channel Repository ================  
[2023-06-22 12:48:36] ChannelRepository.INFO: ======= Start Channel Repository ================  
[2023-06-22 12:48:36] ChannelRepository.INFO: ======= End Channel Repository ================  
[2023-06-22 12:48:39] ChannelRepository.INFO: ======= Start Channel Repository ================  
[2023-06-22 12:48:39] ChannelRepository.INFO: ======= End Channel Repository ================  
[2023-06-22 12:48:40] ChannelRepository.INFO: ======= Start Channel Repository ================  
[2023-06-22 12:48:40] ChannelRepository.INFO: ======= End Channel Repository ================  
[2023-06-22 12:48:42] ChannelRepository.INFO: ======= Start Channel Repository ================  
[2023-06-22 12:48:42] ChannelRepository.INFO: ======= End Channel Repository ================  
[2023-06-22 12:48:44] ChannelRepository.INFO: ======= Start Channel Repository ================  
[2023-06-22 12:48:44] ChannelRepository.INFO: ======= End Channel Repository ================  
[2023-06-22 12:57:41] ChannelRepository.INFO: ======= Start Channel Repository ================  
[2023-06-22 12:57:41] ChannelRepository.INFO: ======= End Channel Repository ================  
[2023-06-22 12:57:44] ChannelRepository.INFO: ======= Start Channel Repository ================  
[2023-06-22 12:57:44] ChannelRepository.INFO: ======= End Channel Repository ================  
[2023-06-22 12:57:47] ChannelRepository.INFO: ======= Start Channel Repository ================  
[2023-06-22 12:57:47] ChannelRepository.INFO: ======= End Channel Repository ================  
[2023-06-22 13:05:30] ChannelRepository.INFO: ======= Start Channel Repository ================  
[2023-06-22 13:05:30] ChannelRepository.INFO: ======= End Channel Repository ================  
[2023-06-22 13:05:32] ChannelRepository.INFO: ======= Start Channel Repository ================  
[2023-06-22 13:05:32] ChannelRepository.INFO: ======= End Channel Repository ================  
[2023-06-22 13:05:33] ChannelRepository.INFO: ======= Start Channel Repository ================  
[2023-06-22 13:05:33] ChannelRepository.INFO: ======= End Channel Repository ================  
[2023-06-22 13:05:35] ChannelRepository.INFO: ======= Start Channel Repository ================  
[2023-06-22 13:05:35] ChannelRepository.INFO: ======= End Channel Repository ================  
[2023-06-22 13:05:37] ChannelRepository.INFO: ======= Start Channel Repository ================  
[2023-06-22 13:05:37] ChannelRepository.INFO: ======= End Channel Repository ================  
[2023-06-22 13:05:38] ChannelRepository.INFO: ======= Start Channel Repository ================  
[2023-06-22 13:05:38] ChannelRepository.INFO: ======= End Channel Repository ================  
[2023-06-22 13:05:41] ChannelRepository.INFO: ======= Start Channel Repository ================  
[2023-06-22 13:05:41] ChannelRepository.INFO: ======= End Channel Repository ================  
[2023-06-22 13:09:02] ChannelRepository.INFO: ======= Start Channel Repository ================  
[2023-06-22 13:09:02] ChannelRepository.INFO: Input Data : {"channelname":"Test","decoded":{"sub":"1","id":"1","userName":"super admin","userGroup":"1","email":"superadmin@msense.in","hotelId":"4","brandId":"7","iat":1687407915,"exp":1687494315}}  
[2023-06-22 13:09:02] ChannelRepository.INFO: Insert Status : {"msg":"Channel Updated SuccessFully","status":"Success"}  
[2023-06-22 13:09:02] ChannelRepository.INFO: ======= End Channel Repository ================  
[2023-06-22 13:11:12] ChannelRepository.INFO: ======= Start Channel Repository ================  
[2023-06-22 13:11:12] ChannelRepository.INFO: Input Data : {"channelname":"Test","decoded":{"sub":"1","id":"1","userName":"super admin","userGroup":"1","email":"superadmin@msense.in","hotelId":"4","brandId":"7","iat":1687407915,"exp":1687494315}}  
[2023-06-22 13:11:12] ChannelRepository.INFO: Insert Status : {"msg":"Channel Updated SuccessFully","status":"Success"}  
[2023-06-22 13:11:12] ChannelRepository.INFO: ======= End Channel Repository ================  
[2023-06-22 13:11:59] ChannelRepository.INFO: ======= Start Channel Repository ================  
[2023-06-22 13:11:59] ChannelRepository.INFO: Input Data : {"channelname":"Test","decoded":{"sub":"1","id":"1","userName":"super admin","userGroup":"1","email":"superadmin@msense.in","hotelId":"4","brandId":"7","iat":1687407915,"exp":1687494315}}  
[2023-06-22 13:11:59] ChannelRepository.INFO: Insert Status : {"msg":"Channel Updated SuccessFully","status":"Success"}  
[2023-06-22 13:11:59] ChannelRepository.INFO: ======= End Channel Repository ================  
[2023-06-22 13:14:15] ChannelRepository.INFO: ======= Start Channel Repository ================  
[2023-06-22 13:14:15] ChannelRepository.INFO: ======= End Channel Repository ================  
[2023-06-22 13:14:18] ChannelRepository.INFO: ======= Start Channel Repository ================  
[2023-06-22 13:14:18] ChannelRepository.INFO: ======= End Channel Repository ================  
[2023-06-22 13:14:21] ChannelRepository.INFO: ======= Start Channel Repository ================  
[2023-06-22 13:14:21] ChannelRepository.INFO: ======= End Channel Repository ================  
[2023-06-22 13:14:28] ChannelRepository.INFO: ======= Start Channel Repository ================  
[2023-06-22 13:14:28] ChannelRepository.INFO: Input Data : {"channelname":"fsadfd","decoded":{"sub":"1","id":"1","userName":"super admin","userGroup":"1","email":"superadmin@msense.in","hotelId":"4","brandId":"7","iat":1687407915,"exp":1687494315}}  
[2023-06-22 13:14:28] ChannelRepository.INFO: Insert Status : {"msg":"Channel Updated SuccessFully","status":"Success"}  
[2023-06-22 13:14:28] ChannelRepository.INFO: ======= End Channel Repository ================  
[2023-06-22 13:16:01] ChannelRepository.INFO: ======= Start Channel Repository ================  
[2023-06-22 13:16:01] ChannelRepository.INFO: Input Data : {"channelname":"fsadfd","decoded":{"sub":"1","id":"1","userName":"super admin","userGroup":"1","email":"superadmin@msense.in","hotelId":"4","brandId":"7","iat":1687407915,"exp":1687494315}}  
[2023-06-22 13:16:01] ChannelRepository.INFO: Insert Status : {"msg":"Channel Updated SuccessFully","status":"Success"}  
[2023-06-22 13:16:01] ChannelRepository.INFO: ======= End Channel Repository ================  
[2023-06-22 13:17:05] ChannelRepository.INFO: ======= Start Channel Repository ================  
[2023-06-22 13:17:05] ChannelRepository.INFO: Input Data : {"channelname":"fsadfd","decoded":{"sub":"1","id":"1","userName":"super admin","userGroup":"1","email":"superadmin@msense.in","hotelId":"4","brandId":"7","iat":1687407915,"exp":1687494315}}  
[2023-06-22 13:17:05] ChannelRepository.INFO: Insert Status : {"msg":"Channel Updated SuccessFully","status":"Success"}  
[2023-06-22 13:17:05] ChannelRepository.INFO: ======= End Channel Repository ================  
[2023-06-22 13:30:02] ChannelRepository.INFO: ======= Start Channel Repository ================  
[2023-06-22 13:30:02] ChannelRepository.INFO: Input Data : {"channelname":"fsadfd","decoded":{"sub":"1","id":"1","userName":"super admin","userGroup":"1","email":"superadmin@msense.in","hotelId":"4","brandId":"7","iat":1687407915,"exp":1687494315}}  
[2023-06-22 13:30:02] ChannelRepository.INFO: Insert Status : {"msg":"Channel Updated SuccessFully","status":"Success"}  
[2023-06-22 13:30:02] ChannelRepository.INFO: ======= End Channel Repository ================  
[2023-06-22 13:31:23] ChannelRepository.INFO: ======= Start Channel Repository ================  
[2023-06-22 13:31:23] ChannelRepository.INFO: ======= End Channel Repository ================  
[2023-06-22 13:31:26] ChannelRepository.INFO: ======= Start Channel Repository ================  
[2023-06-22 13:31:26] ChannelRepository.INFO: ======= End Channel Repository ================  
[2023-06-22 13:31:29] ChannelRepository.INFO: ======= Start Channel Repository ================  
[2023-06-22 13:31:29] ChannelRepository.INFO: ======= End Channel Repository ================  
[2023-06-22 13:32:15] ChannelRepository.INFO: ======= Start Channel Repository ================  
[2023-06-22 13:32:15] ChannelRepository.INFO: Input Data : {"channelname":"fasfd","decoded":{"sub":"1","id":"1","userName":"super admin","userGroup":"1","email":"superadmin@msense.in","hotelId":"4","brandId":"7","iat":1687407915,"exp":1687494315}}  
[2023-06-22 13:32:15] ChannelRepository.INFO: Insert Status : {"msg":"Channel Updated SuccessFully","status":"Success"}  
[2023-06-22 13:32:15] ChannelRepository.INFO: ======= End Channel Repository ================  
[2023-06-22 13:32:35] ChannelRepository.INFO: ======= Start Channel Repository ================  
[2023-06-22 13:32:35] ChannelRepository.INFO: ======= End Channel Repository ================  
[2023-06-22 13:32:40] ChannelRepository.INFO: ======= Start Channel Repository ================  
[2023-06-22 13:32:40] ChannelRepository.INFO: ======= End Channel Repository ================  
[2023-06-22 13:33:05] ChannelRepository.INFO: ======= Start Channel Repository ================  
[2023-06-22 13:33:05] ChannelRepository.INFO: Input Data : {"channelname":"SunNews","decoded":{"sub":"1","id":"1","userName":"super admin","userGroup":"1","email":"superadmin@msense.in","hotelId":"4","brandId":"7","iat":1687407915,"exp":1687494315}}  
[2023-06-22 13:33:05] ChannelRepository.INFO: Insert Status : {"msg":"Channel Updated SuccessFully","status":"Success"}  
[2023-06-22 13:33:05] ChannelRepository.INFO: ======= End Channel Repository ================  
[2023-06-22 13:56:57] ChannelRepository.INFO: ======= Start Channel Repository ================  
[2023-06-22 13:56:57] ChannelRepository.INFO: Input Data : {"channelname":"testetetw","decoded":{"sub":"1","id":"1","userName":"super admin","userGroup":"1","email":"superadmin@msense.in","hotelId":"4","brandId":"7","iat":1687442124,"exp":1687528524}}  
[2023-06-22 13:56:57] ChannelRepository.INFO: Insert Status : {"msg":"Channel Updated SuccessFully","status":"Success"}  
[2023-06-22 13:56:57] ChannelRepository.INFO: ======= End Channel Repository ================  
[2023-06-22 13:57:05] ChannelRepository.INFO: ======= Start Channel Repository ================  
[2023-06-22 13:57:05] ChannelRepository.INFO: ======= End Channel Repository ================  
[2023-06-22 13:57:09] ChannelRepository.INFO: ======= Start Channel Repository ================  
[2023-06-22 13:57:09] ChannelRepository.INFO: ======= End Channel Repository ================  
[2023-06-22 13:57:12] ChannelRepository.INFO: ======= Start Channel Repository ================  
[2023-06-22 13:57:12] ChannelRepository.INFO: ======= End Channel Repository ================  
[2023-06-22 13:57:16] ChannelRepository.INFO: ======= Start Channel Repository ================  
[2023-06-22 13:57:16] ChannelRepository.INFO: ======= End Channel Repository ================  
[2023-06-22 16:21:28] ChannelRepository.INFO: ======= Start Channel Repository ================  
[2023-06-22 16:21:28] ChannelRepository.INFO: ======= End Channel Repository ================  
