[2023-06-22 03:56:17] LoginAction.INFO: ======= Start Login Action ================  
[2023-06-22 03:56:17] LoginAction.INFO: Input Data : {"email":"superadmin@msense.in","password":"1234567"}  
[2023-06-22 03:56:17] LoginModel.INFO: Query : call SP_Doauth('superadmin@msense.in','QUwxT0hwRExsV2g4VXpFNkdocllPQT09')  
[2023-06-22 03:56:17] LoginModel.INFO: User Data : {"username":"super admin","userGroup":"1","loginid":"1","email":"superadmin@msense.in","mobileno":"9677889090","designation":"Manage_rCate","hotelId":"4","brandId":"7"}  
[2023-06-22 03:56:17] LoginAction.INFO: ======= END Login Action ================  
[2023-06-22 04:10:41] LoginAction.INFO: ======= Start Login Action ================  
[2023-06-22 04:10:41] LoginAction.INFO: Input Data : {"email":"superadmin@msense.in","password":"1234567"}  
[2023-06-22 04:10:41] LoginModel.INFO: Query : call SP_Doauth('superadmin@msense.in','QUwxT0hwRExsV2g4VXpFNkdocllPQT09')  
[2023-06-22 04:10:41] LoginModel.INFO: User Data : {"username":"super admin","userGroup":"1","loginid":"1","email":"superadmin@msense.in","mobileno":"9677889090","designation":"Manage_rCate","hotelId":"4","brandId":"7"}  
[2023-06-22 04:10:41] LoginAction.INFO: ======= END Login Action ================  
[2023-06-22 04:12:00] LoginAction.INFO: ======= Start Login Action ================  
[2023-06-22 04:12:00] LoginAction.INFO: Input Data : {"email":"superadmin@msense.in","password":"1234567"}  
[2023-06-22 04:12:00] LoginModel.INFO: Query : call SP_Doauth('superadmin@msense.in','QUwxT0hwRExsV2g4VXpFNkdocllPQT09')  
[2023-06-22 04:12:00] LoginModel.INFO: User Data : {"username":"super admin","userGroup":"1","loginid":"1","email":"superadmin@msense.in","mobileno":"9677889090","designation":"Manage_rCate","hotelId":"4","brandId":"7"}  
[2023-06-22 04:12:00] LoginAction.INFO: ======= END Login Action ================  
[2023-06-22 04:25:13] LoginAction.INFO: ======= Start Login Action ================  
[2023-06-22 04:25:13] LoginAction.INFO: Input Data : {"email":"superadmin@msense.in","password":"123456"}  
[2023-06-22 04:25:13] LoginModel.INFO: Query : call SP_Doauth('superadmin@msense.in','K3QrOHBVeU50b0diMy93ZUpGdy9Jdz09')  
[2023-06-22 04:25:13] LoginModel.ERROR: Error Code : 401Error Message : Invalid Password  
[2023-06-22 04:25:13] LoginModel.ERROR: Error File : /var/www/projects/ottproduct/api/v1/src/Model/LoginModel.phpError Line : 39  
[2023-06-22 04:25:13] LoginModel.ERROR: Error Trace String : #0 /var/www/projects/ottproduct/api/v1/src/Domain/Repository/Login/LoginRepository.php(47): App\Model\LoginModel->validateLogin()
#1 /var/www/projects/ottproduct/api/v1/src/Application/Actions/Login/LoginAction.php(54): App\Domain\Repository\Login\LoginRepository->doAuth()
#2 /var/www/projects/ottproduct/api/v1/vendor/slim/slim/Slim/Handlers/Strategies/RequestResponse.php(38): App\Application\Actions\Login\LoginAction->__invoke()
#3 /var/www/projects/ottproduct/api/v1/vendor/slim/slim/Slim/Routing/Route.php(358): Slim\Handlers\Strategies\RequestResponse->__invoke()
#4 /var/www/projects/ottproduct/api/v1/vendor/slim/slim/Slim/MiddlewareDispatcher.php(65): Slim\Routing\Route->handle()
#5 /var/www/projects/ottproduct/api/v1/vendor/slim/slim/Slim/MiddlewareDispatcher.php(65): Slim\MiddlewareDispatcher->handle()
#6 /var/www/projects/ottproduct/api/v1/vendor/slim/slim/Slim/Routing/Route.php(315): Slim\MiddlewareDispatcher->handle()
#7 /var/www/projects/ottproduct/api/v1/vendor/slim/slim/Slim/Routing/RouteRunner.php(68): Slim\Routing\Route->run()
#8 /var/www/projects/ottproduct/api/v1/src/Application/Middleware/SessionMiddleware.php(26): Slim\Routing\RouteRunner->handle()
#9 /var/www/projects/ottproduct/api/v1/vendor/slim/slim/Slim/MiddlewareDispatcher.php(168): App\Application\Middleware\SessionMiddleware->process()
#10 /var/www/projects/ottproduct/api/v1/vendor/slim/slim/Slim/Middleware/RoutingMiddleware.php(45): Psr\Http\Server\RequestHandlerInterface@anonymous->handle()
#11 /var/www/projects/ottproduct/api/v1/vendor/slim/slim/Slim/MiddlewareDispatcher.php(121): Slim\Middleware\RoutingMiddleware->process()
#12 /var/www/projects/ottproduct/api/v1/vendor/selective/basepath/src/BasePathMiddleware.php(52): Psr\Http\Server\RequestHandlerInterface@anonymous->handle()
#13 /var/www/projects/ottproduct/api/v1/vendor/slim/slim/Slim/MiddlewareDispatcher.php(121): Selective\BasePath\BasePathMiddleware->process()
#14 /var/www/projects/ottproduct/api/v1/vendor/slim/slim/Slim/Middleware/BodyParsingMiddleware.php(64): Psr\Http\Server\RequestHandlerInterface@anonymous->handle()
#15 /var/www/projects/ottproduct/api/v1/vendor/slim/slim/Slim/MiddlewareDispatcher.php(121): Slim\Middleware\BodyParsingMiddleware->process()
#16 /var/www/projects/ottproduct/api/v1/vendor/slim/slim/Slim/Middleware/ErrorMiddleware.php(76): Psr\Http\Server\RequestHandlerInterface@anonymous->handle()
#17 /var/www/projects/ottproduct/api/v1/vendor/slim/slim/Slim/MiddlewareDispatcher.php(121): Slim\Middleware\ErrorMiddleware->process()
#18 /var/www/projects/ottproduct/api/v1/vendor/tuupola/cors-middleware/src/CorsMiddleware.php(158): Psr\Http\Server\RequestHandlerInterface@anonymous->handle()
#19 /var/www/projects/ottproduct/api/v1/vendor/slim/slim/Slim/MiddlewareDispatcher.php(121): Tuupola\Middleware\CorsMiddleware->process()
#20 /var/www/projects/ottproduct/api/v1/vendor/slim/slim/Slim/MiddlewareDispatcher.php(65): Psr\Http\Server\RequestHandlerInterface@anonymous->handle()
#21 /var/www/projects/ottproduct/api/v1/vendor/slim/slim/Slim/App.php(199): Slim\MiddlewareDispatcher->handle()
#22 /var/www/projects/ottproduct/api/v1/public/index.php(93): Slim\App->handle()
#23 {main}  
[2023-06-22 04:25:13] LoginRepository.ERROR: Error Code : 401Error Message : Invalid Password  
[2023-06-22 04:25:13] LoginRepository.ERROR: Error File : /var/www/projects/ottproduct/api/v1/src/Model/LoginModel.phpError Line : 68  
[2023-06-22 04:25:13] LoginRepository.ERROR: Error Trace String : #0 /var/www/projects/ottproduct/api/v1/src/Domain/Repository/Login/LoginRepository.php(47): App\Model\LoginModel->validateLogin()
#1 /var/www/projects/ottproduct/api/v1/src/Application/Actions/Login/LoginAction.php(54): App\Domain\Repository\Login\LoginRepository->doAuth()
#2 /var/www/projects/ottproduct/api/v1/vendor/slim/slim/Slim/Handlers/Strategies/RequestResponse.php(38): App\Application\Actions\Login\LoginAction->__invoke()
#3 /var/www/projects/ottproduct/api/v1/vendor/slim/slim/Slim/Routing/Route.php(358): Slim\Handlers\Strategies\RequestResponse->__invoke()
#4 /var/www/projects/ottproduct/api/v1/vendor/slim/slim/Slim/MiddlewareDispatcher.php(65): Slim\Routing\Route->handle()
#5 /var/www/projects/ottproduct/api/v1/vendor/slim/slim/Slim/MiddlewareDispatcher.php(65): Slim\MiddlewareDispatcher->handle()
#6 /var/www/projects/ottproduct/api/v1/vendor/slim/slim/Slim/Routing/Route.php(315): Slim\MiddlewareDispatcher->handle()
#7 /var/www/projects/ottproduct/api/v1/vendor/slim/slim/Slim/Routing/RouteRunner.php(68): Slim\Routing\Route->run()
#8 /var/www/projects/ottproduct/api/v1/src/Application/Middleware/SessionMiddleware.php(26): Slim\Routing\RouteRunner->handle()
#9 /var/www/projects/ottproduct/api/v1/vendor/slim/slim/Slim/MiddlewareDispatcher.php(168): App\Application\Middleware\SessionMiddleware->process()
#10 /var/www/projects/ottproduct/api/v1/vendor/slim/slim/Slim/Middleware/RoutingMiddleware.php(45): Psr\Http\Server\RequestHandlerInterface@anonymous->handle()
#11 /var/www/projects/ottproduct/api/v1/vendor/slim/slim/Slim/MiddlewareDispatcher.php(121): Slim\Middleware\RoutingMiddleware->process()
#12 /var/www/projects/ottproduct/api/v1/vendor/selective/basepath/src/BasePathMiddleware.php(52): Psr\Http\Server\RequestHandlerInterface@anonymous->handle()
#13 /var/www/projects/ottproduct/api/v1/vendor/slim/slim/Slim/MiddlewareDispatcher.php(121): Selective\BasePath\BasePathMiddleware->process()
#14 /var/www/projects/ottproduct/api/v1/vendor/slim/slim/Slim/Middleware/BodyParsingMiddleware.php(64): Psr\Http\Server\RequestHandlerInterface@anonymous->handle()
#15 /var/www/projects/ottproduct/api/v1/vendor/slim/slim/Slim/MiddlewareDispatcher.php(121): Slim\Middleware\BodyParsingMiddleware->process()
#16 /var/www/projects/ottproduct/api/v1/vendor/slim/slim/Slim/Middleware/ErrorMiddleware.php(76): Psr\Http\Server\RequestHandlerInterface@anonymous->handle()
#17 /var/www/projects/ottproduct/api/v1/vendor/slim/slim/Slim/MiddlewareDispatcher.php(121): Slim\Middleware\ErrorMiddleware->process()
#18 /var/www/projects/ottproduct/api/v1/vendor/tuupola/cors-middleware/src/CorsMiddleware.php(158): Psr\Http\Server\RequestHandlerInterface@anonymous->handle()
#19 /var/www/projects/ottproduct/api/v1/vendor/slim/slim/Slim/MiddlewareDispatcher.php(121): Tuupola\Middleware\CorsMiddleware->process()
#20 /var/www/projects/ottproduct/api/v1/vendor/slim/slim/Slim/MiddlewareDispatcher.php(65): Psr\Http\Server\RequestHandlerInterface@anonymous->handle()
#21 /var/www/projects/ottproduct/api/v1/vendor/slim/slim/Slim/App.php(199): Slim\MiddlewareDispatcher->handle()
#22 /var/www/projects/ottproduct/api/v1/public/index.php(93): Slim\App->handle()
#23 {main}  
[2023-06-22 04:25:15] LoginAction.INFO: ======= Start Login Action ================  
[2023-06-22 04:25:15] LoginAction.INFO: Input Data : {"email":"superadmin@msense.in","password":"1234567"}  
[2023-06-22 04:25:15] LoginModel.INFO: Query : call SP_Doauth('superadmin@msense.in','QUwxT0hwRExsV2g4VXpFNkdocllPQT09')  
[2023-06-22 04:25:15] LoginModel.INFO: User Data : {"username":"super admin","userGroup":"1","loginid":"1","email":"superadmin@msense.in","mobileno":"9677889090","designation":"Manage_rCate","hotelId":"4","brandId":"7"}  
[2023-06-22 04:25:15] LoginAction.INFO: ======= END Login Action ================  
[2023-06-22 04:34:09] LoginAction.INFO: ======= Start Login Action ================  
[2023-06-22 04:34:09] LoginAction.INFO: Input Data : {"email":"superadmin@msense.in","password":"1234567"}  
[2023-06-22 04:34:09] LoginModel.INFO: Query : call SP_Doauth('superadmin@msense.in','QUwxT0hwRExsV2g4VXpFNkdocllPQT09')  
[2023-06-22 04:34:09] LoginModel.INFO: User Data : {"username":"super admin","userGroup":"1","loginid":"1","email":"superadmin@msense.in","mobileno":"9677889090","designation":"Manage_rCate","hotelId":"4","brandId":"7"}  
[2023-06-22 04:34:09] LoginAction.INFO: ======= END Login Action ================  
[2023-06-22 04:34:11] LoginAction.INFO: ======= Start Login Action ================  
[2023-06-22 04:34:11] LoginAction.INFO: Input Data : {"email":"superadmin@msense.in","password":"1234567"}  
[2023-06-22 04:34:11] LoginModel.INFO: Query : call SP_Doauth('superadmin@msense.in','QUwxT0hwRExsV2g4VXpFNkdocllPQT09')  
[2023-06-22 04:34:11] LoginModel.INFO: User Data : {"username":"super admin","userGroup":"1","loginid":"1","email":"superadmin@msense.in","mobileno":"9677889090","designation":"Manage_rCate","hotelId":"4","brandId":"7"}  
[2023-06-22 04:34:11] LoginAction.INFO: ======= END Login Action ================  
[2023-06-22 05:00:55] LoginAction.INFO: ======= Start Login Action ================  
[2023-06-22 05:00:55] LoginAction.INFO: Input Data : {"email":"superadmin@msense.in","password":"1234567"}  
[2023-06-22 05:00:55] LoginModel.INFO: Query : call SP_Doauth('superadmin@msense.in','QUwxT0hwRExsV2g4VXpFNkdocllPQT09')  
[2023-06-22 05:00:55] LoginModel.INFO: User Data : {"username":"super admin","userGroup":"1","loginid":"1","email":"superadmin@msense.in","mobileno":"9677889090","designation":"Manage_rCate","hotelId":"4","brandId":"7"}  
[2023-06-22 05:00:55] LoginAction.INFO: ======= END Login Action ================  
[2023-06-22 05:01:04] LoginAction.INFO: ======= Start Login Action ================  
[2023-06-22 05:01:04] LoginAction.INFO: Input Data : {"email":"superadmin@msense.in","password":"1234567"}  
[2023-06-22 05:01:04] LoginModel.INFO: Query : call SP_Doauth('superadmin@msense.in','QUwxT0hwRExsV2g4VXpFNkdocllPQT09')  
[2023-06-22 05:01:04] LoginModel.INFO: User Data : {"username":"super admin","userGroup":"1","loginid":"1","email":"superadmin@msense.in","mobileno":"9677889090","designation":"Manage_rCate","hotelId":"4","brandId":"7"}  
[2023-06-22 05:01:04] LoginAction.INFO: ======= END Login Action ================  
[2023-06-22 05:02:35] LoginAction.INFO: ======= Start Login Action ================  
[2023-06-22 05:02:35] LoginAction.INFO: Input Data : {"email":"superadmin@msense.in","password":"1234567"}  
[2023-06-22 05:02:35] LoginModel.INFO: Query : call SP_Doauth('superadmin@msense.in','QUwxT0hwRExsV2g4VXpFNkdocllPQT09')  
[2023-06-22 05:02:35] LoginModel.INFO: User Data : {"username":"super admin","userGroup":"1","loginid":"1","email":"superadmin@msense.in","mobileno":"9677889090","designation":"Manage_rCate","hotelId":"4","brandId":"7"}  
[2023-06-22 05:02:35] LoginAction.INFO: ======= END Login Action ================  
[2023-06-22 05:02:57] LoginAction.INFO: ======= Start Login Action ================  
[2023-06-22 05:02:57] LoginAction.INFO: Input Data : {"email":"superadmin@msense.in","password":"1234567"}  
[2023-06-22 05:02:57] LoginModel.INFO: Query : call SP_Doauth('superadmin@msense.in','QUwxT0hwRExsV2g4VXpFNkdocllPQT09')  
[2023-06-22 05:02:57] LoginModel.INFO: User Data : {"username":"super admin","userGroup":"1","loginid":"1","email":"superadmin@msense.in","mobileno":"9677889090","designation":"Manage_rCate","hotelId":"4","brandId":"7"}  
[2023-06-22 05:02:57] LoginAction.INFO: ======= END Login Action ================  
[2023-06-22 05:03:28] LoginAction.INFO: ======= Start Login Action ================  
[2023-06-22 05:03:28] LoginAction.INFO: Input Data : {"email":"superadmin@msense.in","password":"1234567"}  
[2023-06-22 05:03:28] LoginModel.INFO: Query : call SP_Doauth('superadmin@msense.in','QUwxT0hwRExsV2g4VXpFNkdocllPQT09')  
[2023-06-22 05:03:28] LoginModel.INFO: User Data : {"username":"super admin","userGroup":"1","loginid":"1","email":"superadmin@msense.in","mobileno":"9677889090","designation":"Manage_rCate","hotelId":"4","brandId":"7"}  
[2023-06-22 05:03:28] LoginAction.INFO: ======= END Login Action ================  
[2023-06-22 05:04:14] LoginAction.INFO: ======= Start Login Action ================  
[2023-06-22 05:04:14] LoginAction.INFO: Input Data : {"email":"superadmin@msense.in","password":"1234567"}  
[2023-06-22 05:04:14] LoginModel.INFO: Query : call SP_Doauth('superadmin@msense.in','QUwxT0hwRExsV2g4VXpFNkdocllPQT09')  
[2023-06-22 05:04:14] LoginModel.INFO: User Data : {"username":"super admin","userGroup":"1","loginid":"1","email":"superadmin@msense.in","mobileno":"9677889090","designation":"Manage_rCate","hotelId":"4","brandId":"7"}  
[2023-06-22 05:04:14] LoginAction.INFO: ======= END Login Action ================  
[2023-06-22 05:04:54] LoginAction.INFO: ======= Start Login Action ================  
[2023-06-22 05:04:54] LoginAction.INFO: Input Data : {"email":"superadmin@msense.in","password":"1234567"}  
[2023-06-22 05:04:54] LoginModel.INFO: Query : call SP_Doauth('superadmin@msense.in','QUwxT0hwRExsV2g4VXpFNkdocllPQT09')  
[2023-06-22 05:04:54] LoginModel.INFO: User Data : {"username":"super admin","userGroup":"1","loginid":"1","email":"superadmin@msense.in","mobileno":"9677889090","designation":"Manage_rCate","hotelId":"4","brandId":"7"}  
[2023-06-22 05:04:54] LoginAction.INFO: ======= END Login Action ================  
[2023-06-22 05:05:03] LoginAction.INFO: ======= Start Login Action ================  
[2023-06-22 05:05:03] LoginAction.INFO: Input Data : {"email":"superadmin@msense.in","password":"1234567"}  
[2023-06-22 05:05:03] LoginModel.INFO: Query : call SP_Doauth('superadmin@msense.in','QUwxT0hwRExsV2g4VXpFNkdocllPQT09')  
[2023-06-22 05:05:03] LoginModel.INFO: User Data : {"username":"super admin","userGroup":"1","loginid":"1","email":"superadmin@msense.in","mobileno":"9677889090","designation":"Manage_rCate","hotelId":"4","brandId":"7"}  
[2023-06-22 05:05:03] LoginAction.INFO: ======= END Login Action ================  
[2023-06-22 05:07:39] LoginAction.INFO: ======= Start Login Action ================  
[2023-06-22 05:07:39] LoginAction.INFO: Input Data : {"email":"superadmin@msense.in","password":"1234567"}  
[2023-06-22 05:07:39] LoginModel.INFO: Query : call SP_Doauth('superadmin@msense.in','QUwxT0hwRExsV2g4VXpFNkdocllPQT09')  
[2023-06-22 05:07:39] LoginModel.INFO: User Data : {"username":"super admin","userGroup":"1","loginid":"1","email":"superadmin@msense.in","mobileno":"9677889090","designation":"Manage_rCate","hotelId":"4","brandId":"7"}  
[2023-06-22 05:07:39] LoginAction.INFO: ======= END Login Action ================  
[2023-06-22 05:09:19] LoginAction.INFO: ======= Start Login Action ================  
[2023-06-22 05:09:19] LoginAction.INFO: Input Data : {"email":"superadmin@msense.in","password":"1234567"}  
[2023-06-22 05:09:19] LoginModel.INFO: Query : call SP_Doauth('superadmin@msense.in','QUwxT0hwRExsV2g4VXpFNkdocllPQT09')  
[2023-06-22 05:09:19] LoginModel.INFO: User Data : {"username":"super admin","userGroup":"1","loginid":"1","email":"superadmin@msense.in","mobileno":"9677889090","designation":"Manage_rCate","hotelId":"4","brandId":"7"}  
[2023-06-22 05:09:19] LoginAction.INFO: ======= END Login Action ================  
[2023-06-22 05:09:22] LoginAction.INFO: ======= Start Login Action ================  
[2023-06-22 05:09:22] LoginAction.INFO: Input Data : {"email":"superadmin@msense.in","password":"1234567"}  
[2023-06-22 05:09:22] LoginModel.INFO: Query : call SP_Doauth('superadmin@msense.in','QUwxT0hwRExsV2g4VXpFNkdocllPQT09')  
[2023-06-22 05:09:22] LoginModel.INFO: User Data : {"username":"super admin","userGroup":"1","loginid":"1","email":"superadmin@msense.in","mobileno":"9677889090","designation":"Manage_rCate","hotelId":"4","brandId":"7"}  
[2023-06-22 05:09:22] LoginAction.INFO: ======= END Login Action ================  
[2023-06-22 05:15:01] LoginAction.INFO: ======= Start Login Action ================  
[2023-06-22 05:15:01] LoginAction.INFO: Input Data : {"email":"superadmin@msense.in","password":"1234567"}  
[2023-06-22 05:15:01] LoginModel.INFO: Query : call SP_Doauth('superadmin@msense.in','QUwxT0hwRExsV2g4VXpFNkdocllPQT09')  
[2023-06-22 05:15:01] LoginModel.INFO: User Data : {"username":"super admin","userGroup":"1","loginid":"1","email":"superadmin@msense.in","mobileno":"9677889090","designation":"Manage_rCate","hotelId":"4","brandId":"7"}  
[2023-06-22 05:15:01] LoginAction.INFO: ======= END Login Action ================  
[2023-06-22 05:29:15] LoginAction.INFO: ======= Start Login Action ================  
[2023-06-22 05:29:15] LoginAction.INFO: Input Data : {"email":"superadmin@msense.in","password":"1234567"}  
[2023-06-22 05:29:15] LoginModel.INFO: Query : call SP_Doauth('superadmin@msense.in','QUwxT0hwRExsV2g4VXpFNkdocllPQT09')  
[2023-06-22 05:29:15] LoginModel.INFO: User Data : {"username":"super admin","userGroup":"1","loginid":"1","email":"superadmin@msense.in","mobileno":"9677889090","designation":"Manage_rCate","hotelId":"4","brandId":"7"}  
[2023-06-22 05:29:15] LoginAction.INFO: ======= END Login Action ================  
[2023-06-22 05:30:44] LoginAction.INFO: ======= Start Login Action ================  
[2023-06-22 05:30:44] LoginAction.INFO: Input Data : {"email":"superadmin@msense.in","password":"1234567"}  
[2023-06-22 05:30:44] LoginModel.INFO: Query : call SP_Doauth('superadmin@msense.in','QUwxT0hwRExsV2g4VXpFNkdocllPQT09')  
[2023-06-22 05:30:44] LoginModel.INFO: User Data : {"username":"super admin","userGroup":"1","loginid":"1","email":"superadmin@msense.in","mobileno":"9677889090","designation":"Manage_rCate","hotelId":"4","brandId":"7"}  
[2023-06-22 05:30:44] LoginAction.INFO: ======= END Login Action ================  
[2023-06-22 05:31:35] LoginAction.INFO: ======= Start Login Action ================  
[2023-06-22 05:31:35] LoginAction.INFO: Input Data : {"email":"superadmin@msense.in","password":"1234567"}  
[2023-06-22 05:31:35] LoginModel.INFO: Query : call SP_Doauth('superadmin@msense.in','QUwxT0hwRExsV2g4VXpFNkdocllPQT09')  
[2023-06-22 05:31:35] LoginModel.INFO: User Data : {"username":"super admin","userGroup":"1","loginid":"1","email":"superadmin@msense.in","mobileno":"9677889090","designation":"Manage_rCate","hotelId":"4","brandId":"7"}  
[2023-06-22 05:31:35] LoginAction.INFO: ======= END Login Action ================  
[2023-06-22 05:36:53] LoginAction.INFO: ======= Start Login Action ================  
[2023-06-22 05:36:53] LoginAction.INFO: Input Data : {"email":"superadmin@msense.in","password":"1234567"}  
[2023-06-22 05:36:53] LoginModel.INFO: Query : call SP_Doauth('superadmin@msense.in','QUwxT0hwRExsV2g4VXpFNkdocllPQT09')  
[2023-06-22 05:36:53] LoginModel.INFO: User Data : {"username":"super admin","userGroup":"1","loginid":"1","email":"superadmin@msense.in","mobileno":"9677889090","designation":"Manage_rCate","hotelId":"4","brandId":"7"}  
[2023-06-22 05:36:53] LoginAction.INFO: ======= END Login Action ================  
[2023-06-22 06:03:58] LoginAction.INFO: ======= Start Login Action ================  
[2023-06-22 06:03:58] LoginAction.INFO: Input Data : {"email":"superadmin@msense.in","password":"1234567"}  
[2023-06-22 06:03:58] LoginModel.INFO: Query : call SP_Doauth('superadmin@msense.in','QUwxT0hwRExsV2g4VXpFNkdocllPQT09')  
[2023-06-22 06:03:58] LoginModel.INFO: User Data : {"username":"super admin","userGroup":"1","loginid":"1","email":"superadmin@msense.in","mobileno":"9677889090","designation":"Manage_rCate","hotelId":"4","brandId":"7"}  
[2023-06-22 06:03:58] LoginAction.INFO: ======= END Login Action ================  
[2023-06-22 06:41:20] LoginAction.INFO: ======= Start Login Action ================  
[2023-06-22 06:41:20] LoginAction.INFO: Input Data : {"email":"superadmin@msense.in","password":"1234567"}  
[2023-06-22 06:41:20] LoginModel.INFO: Query : call SP_Doauth('superadmin@msense.in','QUwxT0hwRExsV2g4VXpFNkdocllPQT09')  
[2023-06-22 06:41:20] LoginModel.INFO: User Data : {"username":"super admin","userGroup":"1","loginid":"1","email":"superadmin@msense.in","mobileno":"9677889090","designation":"Manage_rCate","hotelId":"4","brandId":"7"}  
[2023-06-22 06:41:20] LoginAction.INFO: ======= END Login Action ================  
[2023-06-22 08:37:49] LoginAction.INFO: ======= Start Login Action ================  
[2023-06-22 08:37:49] LoginAction.INFO: Input Data : {"email":"superadmin@msense.in","password":"1234567"}  
[2023-06-22 08:37:49] LoginModel.INFO: Query : call SP_Doauth('superadmin@msense.in','QUwxT0hwRExsV2g4VXpFNkdocllPQT09')  
[2023-06-22 08:37:49] LoginModel.INFO: User Data : {"username":"super admin","userGroup":"1","loginid":"1","email":"superadmin@msense.in","mobileno":"9677889090","designation":"Manage_rCate","hotelId":"4","brandId":"7"}  
[2023-06-22 08:37:49] LoginAction.INFO: ======= END Login Action ================  
[2023-06-22 08:40:58] LoginAction.INFO: ======= Start Login Action ================  
[2023-06-22 08:40:58] LoginAction.INFO: Input Data : {"email":"superadmin@msense.in","password":"1234567"}  
[2023-06-22 08:40:58] LoginModel.INFO: Query : call SP_Doauth('superadmin@msense.in','QUwxT0hwRExsV2g4VXpFNkdocllPQT09')  
[2023-06-22 08:40:58] LoginModel.INFO: User Data : {"username":"super admin","userGroup":"1","loginid":"1","email":"superadmin@msense.in","mobileno":"9677889090","designation":"Manage_rCate","hotelId":"4","brandId":"7"}  
[2023-06-22 08:40:58] LoginAction.INFO: ======= END Login Action ================  
[2023-06-22 08:46:28] LoginAction.INFO: ======= Start Login Action ================  
[2023-06-22 08:46:28] LoginAction.INFO: Input Data : {"email":"superadmin@msense.in","password":"1234567"}  
[2023-06-22 08:46:28] LoginModel.INFO: Query : call SP_Doauth('superadmin@msense.in','QUwxT0hwRExsV2g4VXpFNkdocllPQT09')  
[2023-06-22 08:46:28] LoginModel.INFO: User Data : {"username":"super admin","userGroup":"1","loginid":"1","email":"superadmin@msense.in","mobileno":"9677889090","designation":"Manage_rCate","hotelId":"4","brandId":"7"}  
[2023-06-22 08:46:28] LoginAction.INFO: ======= END Login Action ================  
[2023-06-22 08:48:22] LoginAction.INFO: ======= Start Login Action ================  
[2023-06-22 08:48:22] LoginAction.INFO: Input Data : {"email":"superadmin@msense.in","password":"1234567"}  
[2023-06-22 08:48:22] LoginModel.INFO: Query : call SP_Doauth('superadmin@msense.in','QUwxT0hwRExsV2g4VXpFNkdocllPQT09')  
[2023-06-22 08:48:22] LoginModel.INFO: User Data : {"username":"super admin","userGroup":"1","loginid":"1","email":"superadmin@msense.in","mobileno":"9677889090","designation":"Manage_rCate","hotelId":"4","brandId":"7"}  
[2023-06-22 08:48:22] LoginAction.INFO: ======= END Login Action ================  
[2023-06-22 08:49:35] LoginAction.INFO: ======= Start Login Action ================  
[2023-06-22 08:49:35] LoginAction.INFO: Input Data : {"email":"superadmin@msense.in","password":"1234567"}  
[2023-06-22 08:49:35] LoginModel.INFO: Query : call SP_Doauth('superadmin@msense.in','QUwxT0hwRExsV2g4VXpFNkdocllPQT09')  
[2023-06-22 08:49:35] LoginModel.INFO: User Data : {"username":"super admin","userGroup":"1","loginid":"1","email":"superadmin@msense.in","mobileno":"9677889090","designation":"Manage_rCate","hotelId":"4","brandId":"7"}  
[2023-06-22 08:49:35] LoginAction.INFO: ======= END Login Action ================  
[2023-06-22 08:50:16] LoginAction.INFO: ======= Start Login Action ================  
[2023-06-22 08:50:16] LoginAction.INFO: Input Data : {"email":"superadmin@msense.in","password":"1234567"}  
[2023-06-22 08:50:16] LoginModel.INFO: Query : call SP_Doauth('superadmin@msense.in','QUwxT0hwRExsV2g4VXpFNkdocllPQT09')  
[2023-06-22 08:50:16] LoginModel.INFO: User Data : {"username":"super admin","userGroup":"1","loginid":"1","email":"superadmin@msense.in","mobileno":"9677889090","designation":"Manage_rCate","hotelId":"4","brandId":"7"}  
[2023-06-22 08:50:16] LoginAction.INFO: ======= END Login Action ================  
[2023-06-22 09:42:14] LoginAction.INFO: ======= Start Login Action ================  
[2023-06-22 09:42:14] LoginAction.INFO: Input Data : {"email":"superadmin@msense.in","password":"1234567"}  
[2023-06-22 09:42:14] LoginModel.INFO: Query : call SP_Doauth('superadmin@msense.in','QUwxT0hwRExsV2g4VXpFNkdocllPQT09')  
[2023-06-22 09:42:14] LoginModel.INFO: User Data : {"username":"super admin","userGroup":"1","loginid":"1","email":"superadmin@msense.in","mobileno":"9677889090","designation":"Manage_rCate","hotelId":"4","brandId":"7"}  
[2023-06-22 09:42:14] LoginAction.INFO: ======= END Login Action ================  
[2023-06-22 09:45:02] LoginAction.INFO: ======= Start Login Action ================  
[2023-06-22 09:45:02] LoginAction.INFO: Input Data : {"email":"superadmin@msense.in","password":"1234567"}  
[2023-06-22 09:45:02] LoginModel.INFO: Query : call SP_Doauth('superadmin@msense.in','QUwxT0hwRExsV2g4VXpFNkdocllPQT09')  
[2023-06-22 09:45:02] LoginModel.INFO: User Data : {"username":"super admin","userGroup":"1","loginid":"1","email":"superadmin@msense.in","mobileno":"9677889090","designation":"Manage_rCate","hotelId":"4","brandId":"7"}  
[2023-06-22 09:45:02] LoginAction.INFO: ======= END Login Action ================  
[2023-06-22 10:07:18] LoginAction.INFO: ======= Start Login Action ================  
[2023-06-22 10:07:18] LoginAction.INFO: Input Data : {"email":"superadmin@msense.in","password":"1234567"}  
[2023-06-22 10:07:18] LoginModel.INFO: Query : call SP_Doauth('superadmin@msense.in','QUwxT0hwRExsV2g4VXpFNkdocllPQT09')  
[2023-06-22 10:07:18] LoginModel.INFO: User Data : {"username":"super admin","userGroup":"1","loginid":"1","email":"superadmin@msense.in","mobileno":"9677889090","designation":"Manage_rCate","hotelId":"4","brandId":"7"}  
[2023-06-22 10:07:18] LoginAction.INFO: ======= END Login Action ================  
[2023-06-22 10:07:37] LoginAction.INFO: ======= Start Login Action ================  
[2023-06-22 10:07:37] LoginAction.INFO: Input Data : {"email":"superadmin@msense.in","password":"1234567"}  
[2023-06-22 10:07:37] LoginModel.INFO: Query : call SP_Doauth('superadmin@msense.in','QUwxT0hwRExsV2g4VXpFNkdocllPQT09')  
[2023-06-22 10:07:37] LoginModel.INFO: User Data : {"username":"super admin","userGroup":"1","loginid":"1","email":"superadmin@msense.in","mobileno":"9677889090","designation":"Manage_rCate","hotelId":"4","brandId":"7"}  
[2023-06-22 10:07:37] LoginAction.INFO: ======= END Login Action ================  
[2023-06-22 10:07:44] LoginAction.INFO: ======= Start Login Action ================  
[2023-06-22 10:07:44] LoginAction.INFO: Input Data : {"email":"superadmin@msense.in","password":"1234567"}  
[2023-06-22 10:07:44] LoginModel.INFO: Query : call SP_Doauth('superadmin@msense.in','QUwxT0hwRExsV2g4VXpFNkdocllPQT09')  
[2023-06-22 10:07:44] LoginModel.INFO: User Data : {"username":"super admin","userGroup":"1","loginid":"1","email":"superadmin@msense.in","mobileno":"9677889090","designation":"Manage_rCate","hotelId":"4","brandId":"7"}  
[2023-06-22 10:07:44] LoginAction.INFO: ======= END Login Action ================  
[2023-06-22 10:12:22] LoginAction.INFO: ======= Start Login Action ================  
[2023-06-22 10:12:22] LoginAction.INFO: Input Data : {"email":"superadmin@msense.in","password":"1234567"}  
[2023-06-22 10:12:22] LoginModel.INFO: Query : call SP_Doauth('superadmin@msense.in','QUwxT0hwRExsV2g4VXpFNkdocllPQT09')  
[2023-06-22 10:12:22] LoginModel.INFO: User Data : {"username":"super admin","userGroup":"1","loginid":"1","email":"superadmin@msense.in","mobileno":"9677889090","designation":"Manage_rCate","hotelId":"4","brandId":"7"}  
[2023-06-22 10:12:22] LoginAction.INFO: ======= END Login Action ================  
[2023-06-22 10:59:45] LoginAction.INFO: ======= Start Login Action ================  
[2023-06-22 10:59:45] LoginAction.INFO: Input Data : {"email":"superadmin@msense.in","password":"1234567"}  
[2023-06-22 10:59:45] LoginModel.INFO: Query : call SP_Doauth('superadmin@msense.in','QUwxT0hwRExsV2g4VXpFNkdocllPQT09')  
[2023-06-22 10:59:45] LoginModel.INFO: User Data : {"username":"super admin","userGroup":"1","loginid":"1","email":"superadmin@msense.in","mobileno":"9677889090","designation":"Manage_rCate","hotelId":"4","brandId":"7"}  
[2023-06-22 10:59:45] LoginAction.INFO: ======= END Login Action ================  
[2023-06-22 11:50:40] LoginAction.INFO: ======= Start Login Action ================  
[2023-06-22 11:50:40] LoginAction.INFO: Input Data : {"email":"superadmin@msense.in","password":"1234567"}  
[2023-06-22 11:50:40] LoginModel.INFO: Query : call SP_Doauth('superadmin@msense.in','QUwxT0hwRExsV2g4VXpFNkdocllPQT09')  
[2023-06-22 11:50:40] LoginModel.INFO: User Data : {"username":"super admin","userGroup":"1","loginid":"1","email":"superadmin@msense.in","mobileno":"9677889090","designation":"Manage_rCate","hotelId":"4","brandId":"7"}  
[2023-06-22 11:50:40] LoginAction.INFO: ======= END Login Action ================  
[2023-06-22 12:11:13] LoginAction.INFO: ======= Start Login Action ================  
[2023-06-22 12:11:13] LoginAction.INFO: Input Data : {"email":"superadmin@msense.in","password":"1234567"}  
[2023-06-22 12:11:13] LoginModel.INFO: Query : call SP_Doauth('superadmin@msense.in','QUwxT0hwRExsV2g4VXpFNkdocllPQT09')  
[2023-06-22 12:11:13] LoginModel.INFO: User Data : {"username":"super admin","userGroup":"1","loginid":"1","email":"superadmin@msense.in","mobileno":"9677889090","designation":"Manage_rCate","hotelId":"4","brandId":"7"}  
[2023-06-22 12:11:13] LoginAction.INFO: ======= END Login Action ================  
[2023-06-22 13:55:24] LoginAction.INFO: ======= Start Login Action ================  
[2023-06-22 13:55:24] LoginAction.INFO: Input Data : {"email":"superadmin@msense.in","password":"1234567"}  
[2023-06-22 13:55:24] LoginModel.INFO: Query : call SP_Doauth('superadmin@msense.in','QUwxT0hwRExsV2g4VXpFNkdocllPQT09')  
[2023-06-22 13:55:24] LoginModel.INFO: User Data : {"username":"super admin","userGroup":"1","loginid":"1","email":"superadmin@msense.in","mobileno":"9677889090","designation":"Manage_rCate","hotelId":"4","brandId":"7"}  
[2023-06-22 13:55:24] LoginAction.INFO: ======= END Login Action ================  
[2023-06-22 13:57:54] LoginAction.INFO: ======= Start Login Action ================  
[2023-06-22 13:57:54] LoginAction.INFO: Input Data : {"email":"superadmin@msense.in","password":"1234567"}  
[2023-06-22 13:57:54] LoginModel.INFO: Query : call SP_Doauth('superadmin@msense.in','QUwxT0hwRExsV2g4VXpFNkdocllPQT09')  
[2023-06-22 13:57:54] LoginModel.INFO: User Data : {"username":"super admin","userGroup":"1","loginid":"1","email":"superadmin@msense.in","mobileno":"9677889090","designation":"Manage_rCate","hotelId":"4","brandId":"7"}  
[2023-06-22 13:57:54] LoginAction.INFO: ======= END Login Action ================  
[2023-06-22 14:10:38] LoginAction.INFO: ======= Start Login Action ================  
[2023-06-22 14:10:38] LoginAction.INFO: Input Data : {"email":"superadmin@msense.in","password":"1234567"}  
[2023-06-22 14:10:38] LoginModel.INFO: Query : call SP_Doauth('superadmin@msense.in','QUwxT0hwRExsV2g4VXpFNkdocllPQT09')  
[2023-06-22 14:10:38] LoginModel.INFO: User Data : {"username":"super admin","userGroup":"1","loginid":"1","email":"superadmin@msense.in","mobileno":"9677889090","designation":"Manage_rCate","hotelId":"4","brandId":"7"}  
[2023-06-22 14:10:38] LoginAction.INFO: ======= END Login Action ================  
[2023-06-22 16:19:05] LoginAction.INFO: ======= Start Login Action ================  
[2023-06-22 16:19:05] LoginAction.INFO: Input Data : {"email":"superadmin@msense.in","password":"1234567"}  
[2023-06-22 16:19:05] LoginModel.INFO: Query : call SP_Doauth('superadmin@msense.in','QUwxT0hwRExsV2g4VXpFNkdocllPQT09')  
[2023-06-22 16:19:05] LoginModel.INFO: User Data : {"username":"super admin","userGroup":"1","loginid":"1","email":"superadmin@msense.in","mobileno":"9677889090","designation":"Manage_rCate","hotelId":"4","brandId":"7"}  
[2023-06-22 16:19:05] LoginAction.INFO: ======= END Login Action ================  
