[2023-06-22 04:19:13] ChannelModel.INFO: Query : call SP_AddandEditChannelInfo('ADD','test','public/uploads/Channels/test.png' ,0 ,1)  
[2023-06-22 04:19:13] ChannelModel.INFO: Query : call SP_AddandEditChannelInfo('ADD','sasd','public/uploads/Channels/sasd.png' ,0 ,1)  
[2023-06-22 04:19:13] ChannelModel.INFO: Query : call SP_AddandEditChannelInfo('ADD','DasdASD','public/uploads/Channels/DasdASD.png' ,0 ,1)  
[2023-06-22 04:19:18] ChannelModel.INFO: Query : call SP_AddandEditChannelInfo('ADD','test','public/uploads/Channels/test.png' ,0 ,1)  
[2023-06-22 04:19:18] ChannelModel.INFO: Query : call SP_AddandEditChannelInfo('ADD','sasd','public/uploads/Channels/sasd.png' ,0 ,1)  
[2023-06-22 04:19:18] ChannelModel.INFO: Query : call SP_AddandEditChannelInfo('ADD','DasdASD','public/uploads/Channels/DasdASD.png' ,0 ,1)  
[2023-06-22 04:19:18] ChannelModel.INFO: Query : call SP_AddandEditChannelInfo('ADD','test','public/uploads/Channels/test.png' ,0 ,1)  
[2023-06-22 04:19:18] ChannelModel.INFO: Query : call SP_AddandEditChannelInfo('ADD','sasd','public/uploads/Channels/sasd.png' ,0 ,1)  
[2023-06-22 04:19:18] ChannelModel.INFO: Query : call SP_AddandEditChannelInfo('ADD','DasdASD','public/uploads/Channels/DasdASD.png' ,0 ,1)  
[2023-06-22 04:19:19] ChannelModel.INFO: Query : call SP_AddandEditChannelInfo('ADD','test','public/uploads/Channels/test.png' ,0 ,1)  
[2023-06-22 04:19:19] ChannelModel.INFO: Query : call SP_AddandEditChannelInfo('ADD','sasd','public/uploads/Channels/sasd.png' ,0 ,1)  
[2023-06-22 04:19:19] ChannelModel.INFO: Query : call SP_AddandEditChannelInfo('ADD','DasdASD','public/uploads/Channels/DasdASD.png' ,0 ,1)  
[2023-06-22 04:19:19] ChannelModel.INFO: Query : call SP_AddandEditChannelInfo('ADD','test','public/uploads/Channels/test.png' ,0 ,1)  
[2023-06-22 04:19:19] ChannelModel.INFO: Query : call SP_AddandEditChannelInfo('ADD','sasd','public/uploads/Channels/sasd.png' ,0 ,1)  
[2023-06-22 04:19:19] ChannelModel.INFO: Query : call SP_AddandEditChannelInfo('ADD','DasdASD','public/uploads/Channels/DasdASD.png' ,0 ,1)  
[2023-06-22 04:19:19] ChannelModel.INFO: Query : call SP_AddandEditChannelInfo('ADD','test','public/uploads/Channels/test.png' ,0 ,1)  
[2023-06-22 04:19:19] ChannelModel.INFO: Query : call SP_AddandEditChannelInfo('ADD','sasd','public/uploads/Channels/sasd.png' ,0 ,1)  
[2023-06-22 04:19:19] ChannelModel.INFO: Query : call SP_AddandEditChannelInfo('ADD','DasdASD','public/uploads/Channels/DasdASD.png' ,0 ,1)  
[2023-06-22 04:19:37] ChannelModel.INFO: Query : call SP_AddandEditChannelInfo('ADD','test','public/uploads/Channels/test.png' ,0 ,1)  
[2023-06-22 04:19:37] ChannelModel.INFO: Query : call SP_AddandEditChannelInfo('ADD','sasd','public/uploads/Channels/sasd.png' ,0 ,1)  
[2023-06-22 04:19:37] ChannelModel.INFO: Query : call SP_AddandEditChannelInfo('ADD','DasdASD','public/uploads/Channels/DasdASD.png' ,0 ,1)  
[2023-06-22 04:19:37] ChannelModel.INFO: Query : call SP_AddandEditChannelInfo('ADD','test','public/uploads/Channels/test.png' ,0 ,1)  
[2023-06-22 04:19:37] ChannelModel.INFO: Query : call SP_AddandEditChannelInfo('ADD','sasd','public/uploads/Channels/sasd.png' ,0 ,1)  
[2023-06-22 04:19:37] ChannelModel.INFO: Query : call SP_AddandEditChannelInfo('ADD','DasdASD','public/uploads/Channels/DasdASD.png' ,0 ,1)  
[2023-06-22 04:20:15] ChannelModel.INFO: Query : call SP_AddandEditChannelInfo('DELETE','', '', 111,1)  
[2023-06-22 04:20:23] ChannelModel.INFO: Query : call SP_AddandEditChannelInfo('DELETE','', '', 110,1)  
[2023-06-22 04:32:13] ChannelModel.INFO: Query : call SP_AddandEditChannelInfo('ADD','TEST','public/uploads/Channels/TEST.png' ,0 ,1)  
[2023-06-22 04:32:51] ChannelModel.INFO: Query : call SP_AddandEditChannelInfo('ADD','TEST','public/uploads/Channels/TEST.png' ,0 ,1)  
[2023-06-22 05:19:40] BrandRepository.ERROR: Error Code : 301Error Message : Channel image required  
[2023-06-22 05:19:40] BrandRepository.ERROR: Error File : /var/www/projects/ottproduct/api/v1/src/Domain/Repository/Channel/ChannelRepository.phpError Line : 86  
[2023-06-22 05:19:40] BrandRepository.ERROR: Error Trace String : #0 /var/www/projects/ottproduct/api/v1/src/Application/Actions/Channel/ChannelAction.php(134): App\Domain\Repository\Channel\ChannelRepository->create()
#1 /var/www/projects/ottproduct/api/v1/vendor/slim/slim/Slim/Handlers/Strategies/RequestResponse.php(38): App\Application\Actions\Channel\ChannelAction->create()
#2 /var/www/projects/ottproduct/api/v1/vendor/slim/slim/Slim/Routing/Route.php(358): Slim\Handlers\Strategies\RequestResponse->__invoke()
#3 /var/www/projects/ottproduct/api/v1/src/Application/Middleware/AuthMiddleware.php(33): Slim\Routing\Route->handle()
#4 /var/www/projects/ottproduct/api/v1/vendor/slim/slim/Slim/MiddlewareDispatcher.php(121): App\Application\Middleware\AuthMiddleware->process()
#5 /var/www/projects/ottproduct/api/v1/vendor/slim/slim/Slim/MiddlewareDispatcher.php(65): Psr\Http\Server\RequestHandlerInterface@anonymous->handle()
#6 /var/www/projects/ottproduct/api/v1/vendor/slim/slim/Slim/MiddlewareDispatcher.php(65): Slim\MiddlewareDispatcher->handle()
#7 /var/www/projects/ottproduct/api/v1/vendor/slim/slim/Slim/Routing/Route.php(315): Slim\MiddlewareDispatcher->handle()
#8 /var/www/projects/ottproduct/api/v1/vendor/slim/slim/Slim/Routing/RouteRunner.php(68): Slim\Routing\Route->run()
#9 /var/www/projects/ottproduct/api/v1/src/Application/Middleware/SessionMiddleware.php(26): Slim\Routing\RouteRunner->handle()
#10 /var/www/projects/ottproduct/api/v1/vendor/slim/slim/Slim/MiddlewareDispatcher.php(168): App\Application\Middleware\SessionMiddleware->process()
#11 /var/www/projects/ottproduct/api/v1/vendor/slim/slim/Slim/Middleware/RoutingMiddleware.php(45): Psr\Http\Server\RequestHandlerInterface@anonymous->handle()
#12 /var/www/projects/ottproduct/api/v1/vendor/slim/slim/Slim/MiddlewareDispatcher.php(121): Slim\Middleware\RoutingMiddleware->process()
#13 /var/www/projects/ottproduct/api/v1/vendor/selective/basepath/src/BasePathMiddleware.php(52): Psr\Http\Server\RequestHandlerInterface@anonymous->handle()
#14 /var/www/projects/ottproduct/api/v1/vendor/slim/slim/Slim/MiddlewareDispatcher.php(121): Selective\BasePath\BasePathMiddleware->process()
#15 /var/www/projects/ottproduct/api/v1/vendor/slim/slim/Slim/Middleware/BodyParsingMiddleware.php(64): Psr\Http\Server\RequestHandlerInterface@anonymous->handle()
#16 /var/www/projects/ottproduct/api/v1/vendor/slim/slim/Slim/MiddlewareDispatcher.php(121): Slim\Middleware\BodyParsingMiddleware->process()
#17 /var/www/projects/ottproduct/api/v1/vendor/slim/slim/Slim/Middleware/ErrorMiddleware.php(76): Psr\Http\Server\RequestHandlerInterface@anonymous->handle()
#18 /var/www/projects/ottproduct/api/v1/vendor/slim/slim/Slim/MiddlewareDispatcher.php(121): Slim\Middleware\ErrorMiddleware->process()
#19 /var/www/projects/ottproduct/api/v1/vendor/tuupola/cors-middleware/src/CorsMiddleware.php(158): Psr\Http\Server\RequestHandlerInterface@anonymous->handle()
#20 /var/www/projects/ottproduct/api/v1/vendor/slim/slim/Slim/MiddlewareDispatcher.php(121): Tuupola\Middleware\CorsMiddleware->process()
#21 /var/www/projects/ottproduct/api/v1/vendor/slim/slim/Slim/MiddlewareDispatcher.php(65): Psr\Http\Server\RequestHandlerInterface@anonymous->handle()
#22 /var/www/projects/ottproduct/api/v1/vendor/slim/slim/Slim/App.php(199): Slim\MiddlewareDispatcher->handle()
#23 /var/www/projects/ottproduct/api/v1/public/index.php(93): Slim\App->handle()
#24 {main}  
[2023-06-22 05:21:07] ChannelModel.INFO: Query : call SP_AddandEditChannelInfo('ADD','fsd','public/uploads/Channels/fsd.png' ,0 ,1)  
[2023-06-22 05:21:07] ChannelModel.INFO: Query : call SP_AddandEditChannelInfo('ADD','2','public/uploads/Channels/2.jpeg' ,0 ,1)  
[2023-06-22 05:22:23] ChannelModel.INFO: Query : call SP_AddandEditChannelInfo('ADD','1','public/uploads/Channels/1.png' ,0 ,1)  
[2023-06-22 05:22:23] ChannelModel.INFO: Query : call SP_AddandEditChannelInfo('ADD','2','public/uploads/Channels/2.jpeg' ,0 ,1)  
[2023-06-22 05:23:54] ChannelModel.INFO: Query : call SP_AddandEditChannelInfo('ADD','1','public/uploads/Channels/1.png' ,0 ,1)  
[2023-06-22 05:23:57] ChannelModel.INFO: Query : call SP_AddandEditChannelInfo('ADD','1','public/uploads/Channels/1.png' ,0 ,1)  
[2023-06-22 05:24:08] ChannelModel.INFO: Query : call SP_AddandEditChannelInfo('ADD','7','public/uploads/Channels/7.png' ,0 ,1)  
[2023-06-22 05:24:30] ChannelModel.INFO: Query : call SP_AddandEditChannelInfo('ADD','qwe','public/uploads/Channels/qwe.png' ,0 ,1)  
[2023-06-22 05:24:48] ChannelModel.INFO: Query : call SP_AddandEditChannelInfo('DELETE','', '', 116,1)  
[2023-06-22 05:24:51] ChannelModel.INFO: Query : call SP_AddandEditChannelInfo('DELETE','', '', 115,1)  
[2023-06-22 05:24:54] ChannelModel.INFO: Query : call SP_AddandEditChannelInfo('DELETE','', '', 114,1)  
[2023-06-22 05:24:58] ChannelModel.INFO: Query : call SP_AddandEditChannelInfo('DELETE','', '', 113,1)  
[2023-06-22 05:25:01] ChannelModel.INFO: Query : call SP_AddandEditChannelInfo('DELETE','', '', 112,1)  
[2023-06-22 05:25:11] BrandRepository.ERROR: Error Code : 301Error Message : Channel image required  
[2023-06-22 05:25:11] BrandRepository.ERROR: Error File : /var/www/projects/ottproduct/api/v1/src/Domain/Repository/Channel/ChannelRepository.phpError Line : 86  
[2023-06-22 05:25:11] BrandRepository.ERROR: Error Trace String : #0 /var/www/projects/ottproduct/api/v1/src/Application/Actions/Channel/ChannelAction.php(134): App\Domain\Repository\Channel\ChannelRepository->create()
#1 /var/www/projects/ottproduct/api/v1/vendor/slim/slim/Slim/Handlers/Strategies/RequestResponse.php(38): App\Application\Actions\Channel\ChannelAction->create()
#2 /var/www/projects/ottproduct/api/v1/vendor/slim/slim/Slim/Routing/Route.php(358): Slim\Handlers\Strategies\RequestResponse->__invoke()
#3 /var/www/projects/ottproduct/api/v1/src/Application/Middleware/AuthMiddleware.php(33): Slim\Routing\Route->handle()
#4 /var/www/projects/ottproduct/api/v1/vendor/slim/slim/Slim/MiddlewareDispatcher.php(121): App\Application\Middleware\AuthMiddleware->process()
#5 /var/www/projects/ottproduct/api/v1/vendor/slim/slim/Slim/MiddlewareDispatcher.php(65): Psr\Http\Server\RequestHandlerInterface@anonymous->handle()
#6 /var/www/projects/ottproduct/api/v1/vendor/slim/slim/Slim/MiddlewareDispatcher.php(65): Slim\MiddlewareDispatcher->handle()
#7 /var/www/projects/ottproduct/api/v1/vendor/slim/slim/Slim/Routing/Route.php(315): Slim\MiddlewareDispatcher->handle()
#8 /var/www/projects/ottproduct/api/v1/vendor/slim/slim/Slim/Routing/RouteRunner.php(68): Slim\Routing\Route->run()
#9 /var/www/projects/ottproduct/api/v1/src/Application/Middleware/SessionMiddleware.php(26): Slim\Routing\RouteRunner->handle()
#10 /var/www/projects/ottproduct/api/v1/vendor/slim/slim/Slim/MiddlewareDispatcher.php(168): App\Application\Middleware\SessionMiddleware->process()
#11 /var/www/projects/ottproduct/api/v1/vendor/slim/slim/Slim/Middleware/RoutingMiddleware.php(45): Psr\Http\Server\RequestHandlerInterface@anonymous->handle()
#12 /var/www/projects/ottproduct/api/v1/vendor/slim/slim/Slim/MiddlewareDispatcher.php(121): Slim\Middleware\RoutingMiddleware->process()
#13 /var/www/projects/ottproduct/api/v1/vendor/selective/basepath/src/BasePathMiddleware.php(52): Psr\Http\Server\RequestHandlerInterface@anonymous->handle()
#14 /var/www/projects/ottproduct/api/v1/vendor/slim/slim/Slim/MiddlewareDispatcher.php(121): Selective\BasePath\BasePathMiddleware->process()
#15 /var/www/projects/ottproduct/api/v1/vendor/slim/slim/Slim/Middleware/BodyParsingMiddleware.php(64): Psr\Http\Server\RequestHandlerInterface@anonymous->handle()
#16 /var/www/projects/ottproduct/api/v1/vendor/slim/slim/Slim/MiddlewareDispatcher.php(121): Slim\Middleware\BodyParsingMiddleware->process()
#17 /var/www/projects/ottproduct/api/v1/vendor/slim/slim/Slim/Middleware/ErrorMiddleware.php(76): Psr\Http\Server\RequestHandlerInterface@anonymous->handle()
#18 /var/www/projects/ottproduct/api/v1/vendor/slim/slim/Slim/MiddlewareDispatcher.php(121): Slim\Middleware\ErrorMiddleware->process()
#19 /var/www/projects/ottproduct/api/v1/vendor/tuupola/cors-middleware/src/CorsMiddleware.php(158): Psr\Http\Server\RequestHandlerInterface@anonymous->handle()
#20 /var/www/projects/ottproduct/api/v1/vendor/slim/slim/Slim/MiddlewareDispatcher.php(121): Tuupola\Middleware\CorsMiddleware->process()
#21 /var/www/projects/ottproduct/api/v1/vendor/slim/slim/Slim/MiddlewareDispatcher.php(65): Psr\Http\Server\RequestHandlerInterface@anonymous->handle()
#22 /var/www/projects/ottproduct/api/v1/vendor/slim/slim/Slim/App.php(199): Slim\MiddlewareDispatcher->handle()
#23 /var/www/projects/ottproduct/api/v1/public/index.php(93): Slim\App->handle()
#24 {main}  
[2023-06-22 05:26:36] ChannelModel.INFO: Query : call SP_AddandEditChannelInfo('ADD','fdsssd','public/uploads/Channels/fdsssd.png' ,0 ,1)  
[2023-06-22 05:27:09] ChannelModel.INFO: Query : call SP_AddandEditChannelInfo('DELETE','', '', 117,1)  
[2023-06-22 06:16:38] ChannelModel.INFO: Query : call SP_AddandEditChannelInfo('ADD','test','public/uploads/Channels/test.png' ,0 ,1)  
[2023-06-22 06:16:38] ChannelModel.INFO: Query : call SP_AddandEditChannelInfo('ADD','fdsafds','public/uploads/Channels/fdsafds.jpeg' ,0 ,1)  
[2023-06-22 06:44:19] ChannelModel.INFO: Query : call SP_AddandEditChannelInfo('ADD','fasdfds','public/uploads/Channels/fasdfds.png' ,0 ,1)  
[2023-06-22 06:44:27] ChannelModel.INFO: Query : call SP_AddandEditChannelInfo('ADD','gggg','public/uploads/Channels/gggg.png' ,0 ,1)  
[2023-06-22 09:05:39] ChannelModel.INFO: Query : call SP_AddandEditChannelInfo('ADD','News18Kerala','public/uploads/Channels/News18Kerala.png' ,0 ,1)  
[2023-06-22 09:05:40] ChannelModel.INFO: Query : call SP_AddandEditChannelInfo('ADD','News18Kannada','public/uploads/Channels/News18Kannada.png' ,0 ,1)  
[2023-06-22 09:05:40] ChannelModel.INFO: Query : call SP_AddandEditChannelInfo('ADD','SunNews','public/uploads/Channels/SunNews.png' ,0 ,1)  
[2023-06-22 09:05:40] ChannelModel.INFO: Query : call SP_AddandEditChannelInfo('ADD','CnNews','public/uploads/Channels/CnNews.png' ,0 ,1)  
[2023-06-22 09:05:40] ChannelModel.INFO: Query : call SP_AddandEditChannelInfo('ADD','BbcWorldNews','public/uploads/Channels/BbcWorldNews.png' ,0 ,1)  
[2023-06-22 09:05:40] ChannelModel.INFO: Query : call SP_AddandEditChannelInfo('ADD','Thandhi','public/uploads/Channels/Thandhi.png' ,0 ,1)  
[2023-06-22 09:22:50] ChannelModel.INFO: Query : call SP_AddandEditChannelInfo('DELETE','', '', 119,1)  
[2023-06-22 09:22:53] ChannelModel.INFO: Query : call SP_AddandEditChannelInfo('DELETE','', '', 118,1)  
[2023-06-22 09:23:10] BrandRepository.ERROR: Error Code : 301Error Message : Channel image required  
[2023-06-22 09:23:10] BrandRepository.ERROR: Error File : /var/www/projects/ottproduct/api/v1/src/Domain/Repository/Channel/ChannelRepository.phpError Line : 86  
[2023-06-22 09:23:10] BrandRepository.ERROR: Error Trace String : #0 /var/www/projects/ottproduct/api/v1/src/Application/Actions/Channel/ChannelAction.php(134): App\Domain\Repository\Channel\ChannelRepository->create()
#1 /var/www/projects/ottproduct/api/v1/vendor/slim/slim/Slim/Handlers/Strategies/RequestResponse.php(38): App\Application\Actions\Channel\ChannelAction->create()
#2 /var/www/projects/ottproduct/api/v1/vendor/slim/slim/Slim/Routing/Route.php(358): Slim\Handlers\Strategies\RequestResponse->__invoke()
#3 /var/www/projects/ottproduct/api/v1/src/Application/Middleware/AuthMiddleware.php(33): Slim\Routing\Route->handle()
#4 /var/www/projects/ottproduct/api/v1/vendor/slim/slim/Slim/MiddlewareDispatcher.php(121): App\Application\Middleware\AuthMiddleware->process()
#5 /var/www/projects/ottproduct/api/v1/vendor/slim/slim/Slim/MiddlewareDispatcher.php(65): Psr\Http\Server\RequestHandlerInterface@anonymous->handle()
#6 /var/www/projects/ottproduct/api/v1/vendor/slim/slim/Slim/MiddlewareDispatcher.php(65): Slim\MiddlewareDispatcher->handle()
#7 /var/www/projects/ottproduct/api/v1/vendor/slim/slim/Slim/Routing/Route.php(315): Slim\MiddlewareDispatcher->handle()
#8 /var/www/projects/ottproduct/api/v1/vendor/slim/slim/Slim/Routing/RouteRunner.php(68): Slim\Routing\Route->run()
#9 /var/www/projects/ottproduct/api/v1/src/Application/Middleware/SessionMiddleware.php(26): Slim\Routing\RouteRunner->handle()
#10 /var/www/projects/ottproduct/api/v1/vendor/slim/slim/Slim/MiddlewareDispatcher.php(168): App\Application\Middleware\SessionMiddleware->process()
#11 /var/www/projects/ottproduct/api/v1/vendor/slim/slim/Slim/Middleware/RoutingMiddleware.php(45): Psr\Http\Server\RequestHandlerInterface@anonymous->handle()
#12 /var/www/projects/ottproduct/api/v1/vendor/slim/slim/Slim/MiddlewareDispatcher.php(121): Slim\Middleware\RoutingMiddleware->process()
#13 /var/www/projects/ottproduct/api/v1/vendor/selective/basepath/src/BasePathMiddleware.php(52): Psr\Http\Server\RequestHandlerInterface@anonymous->handle()
#14 /var/www/projects/ottproduct/api/v1/vendor/slim/slim/Slim/MiddlewareDispatcher.php(121): Selective\BasePath\BasePathMiddleware->process()
#15 /var/www/projects/ottproduct/api/v1/vendor/slim/slim/Slim/Middleware/BodyParsingMiddleware.php(64): Psr\Http\Server\RequestHandlerInterface@anonymous->handle()
#16 /var/www/projects/ottproduct/api/v1/vendor/slim/slim/Slim/MiddlewareDispatcher.php(121): Slim\Middleware\BodyParsingMiddleware->process()
#17 /var/www/projects/ottproduct/api/v1/vendor/slim/slim/Slim/Middleware/ErrorMiddleware.php(76): Psr\Http\Server\RequestHandlerInterface@anonymous->handle()
#18 /var/www/projects/ottproduct/api/v1/vendor/slim/slim/Slim/MiddlewareDispatcher.php(121): Slim\Middleware\ErrorMiddleware->process()
#19 /var/www/projects/ottproduct/api/v1/vendor/tuupola/cors-middleware/src/CorsMiddleware.php(158): Psr\Http\Server\RequestHandlerInterface@anonymous->handle()
#20 /var/www/projects/ottproduct/api/v1/vendor/slim/slim/Slim/MiddlewareDispatcher.php(121): Tuupola\Middleware\CorsMiddleware->process()
#21 /var/www/projects/ottproduct/api/v1/vendor/slim/slim/Slim/MiddlewareDispatcher.php(65): Psr\Http\Server\RequestHandlerInterface@anonymous->handle()
#22 /var/www/projects/ottproduct/api/v1/vendor/slim/slim/Slim/App.php(199): Slim\MiddlewareDispatcher->handle()
#23 /var/www/projects/ottproduct/api/v1/public/index.php(94): Slim\App->handle()
#24 {main}  
[2023-06-22 09:23:48] ChannelModel.INFO: Query : call SP_AddandEditChannelInfo('ADD','fdsa','public/uploads/Channels/fdsa.png' ,0 ,1)  
[2023-06-22 09:24:42] ChannelModel.INFO: Query : call SP_AddandEditChannelInfo('ADD','fsadfdsfdsfds','public/uploads/Channels/fsadfdsfdsfds.png' ,0 ,1)  
[2023-06-22 09:25:13] ChannelModel.INFO: Query : call SP_AddandEditChannelInfo('ADD','fsdafadsfdsfs','public/uploads/Channels/fsdafadsfdsfs.png' ,0 ,1)  
[2023-06-22 09:26:08] ChannelModel.INFO: Query : call SP_AddandEditChannelInfo('ADD','fsda','public/uploads/Channels/fsda.png' ,0 ,1)  
[2023-06-22 09:26:17] ChannelModel.INFO: Query : call SP_AddandEditChannelInfo('DELETE','', '', 123,1)  
[2023-06-22 09:26:21] ChannelModel.INFO: Query : call SP_AddandEditChannelInfo('DELETE','', '', 122,1)  
[2023-06-22 09:26:24] ChannelModel.INFO: Query : call SP_AddandEditChannelInfo('DELETE','', '', 121,1)  
[2023-06-22 09:26:26] ChannelModel.INFO: Query : call SP_AddandEditChannelInfo('DELETE','', '', 120,1)  
[2023-06-22 09:26:28] ChannelModel.INFO: Query : call SP_AddandEditChannelInfo('DELETE','', '', 109,1)  
[2023-06-22 09:30:20] ChannelModel.INFO: Query : call SP_AddandEditChannelInfo('ADD','fasd','public/uploads/Channels/fasd.png' ,0 ,1)  
[2023-06-22 09:33:56] ChannelModel.INFO: Query : call SP_AddandEditChannelInfo('UPDATE','NewsEnglish', 'public/uploads/Channels/NewsEnglish.png', 109,1)  
[2023-06-22 09:34:06] ChannelModel.INFO: Query : call SP_AddandEditChannelInfo('UPDATE','NewsEnglish', 'public/uploads/Channels/NewsEnglish.png', 109,1)  
[2023-06-22 09:40:22] ChannelModel.INFO: Query : call SP_AddandEditChannelInfo('UPDATE','NewsEnglish', 'public/uploads/Channels/NewsEnglish.png', 109,1)  
[2023-06-22 09:40:52] ChannelModel.INFO: Query : call SP_AddandEditChannelInfo('UPDATE','FoxCrime', 'public/uploads/Channels/FoxCrime.png', 109,1)  
[2023-06-22 09:46:28] ChannelModel.INFO: Query : call SP_AddandEditChannelInfo('UPDATE','FoxCrime', 'public/uploads/Channels/FoxCrime.png', 109,1)  
[2023-06-22 09:46:29] ChannelModel.INFO: Query : call SP_AddandEditChannelInfo('UPDATE','FoxCrime', 'public/uploads/Channels/FoxCrime.png', 109,1)  
[2023-06-22 09:47:16] ChannelModel.INFO: Query : call SP_AddandEditChannelInfo('UPDATE','FoxCrime', 'public/uploads/Channels/FoxCrime.png', 124,1)  
[2023-06-22 09:49:47] ChannelModel.INFO: Query : call SP_AddandEditChannelInfo('UPDATE','FoxCrime', 'public/uploads/Channels/FoxCrime.png', 124,1)  
[2023-06-22 10:19:06] ChannelModel.INFO: Query : call SP_AddandEditChannelInfo('ADD','fasdfd','public/uploads/Channels/fasdfd.png' ,0 ,1)  
[2023-06-22 10:19:06] ChannelModel.INFO: Query : call SP_AddandEditChannelInfo('ADD','fdsfas','public/uploads/Channels/fdsfas.jpeg' ,0 ,1)  
[2023-06-22 11:49:04] ChannelModel.INFO: Query : call SP_AddandEditChannelInfo('ADD','fsdafd','public/uploads/Channels/fsdafd.png' ,0 ,1)  
[2023-06-22 11:49:23] ChannelModel.INFO: Query : call SP_AddandEditChannelInfo('DELETE','', '', 125,1)  
[2023-06-22 11:49:26] ChannelModel.INFO: Query : call SP_AddandEditChannelInfo('DELETE','', '', 127,1)  
[2023-06-22 11:49:28] ChannelModel.INFO: Query : call SP_AddandEditChannelInfo('DELETE','', '', 126,1)  
[2023-06-22 12:03:30] ChannelModel.INFO: Query : call SP_AddandEditChannelInfo('UPDATE','FoxCrime', 'public/uploads/Channels/FoxCrime.png', 124,1)  
[2023-06-22 12:05:13] ChannelModel.INFO: Query : call SP_AddandEditChannelInfo('UPDATE','FoxCrime', 'public/uploads/Channels/FoxCrime.png', 124,1)  
[2023-06-22 12:06:58] ChannelModel.INFO: Query : call SP_AddandEditChannelInfo('UPDATE','FoxCrime', 'public/uploads/Channels/FoxCrime.jpeg', 124,1)  
[2023-06-22 12:08:18] ChannelModel.INFO: Query : call SP_AddandEditChannelInfo('UPDATE','FoxCrime', 'public/uploads/Channels/FoxCrime.png', 124,1)  
[2023-06-22 12:09:08] ChannelModel.INFO: Query : call SP_AddandEditChannelInfo('UPDATE','FoxCrime', 'public/uploads/Channels/FoxCrime.jpeg', 124,1)  
[2023-06-22 12:09:51] ChannelModel.INFO: Query : call SP_AddandEditChannelInfo('UPDATE','FoxCrime', 'public/uploads/Channels/FoxCrime.png', 124,1)  
[2023-06-22 12:10:26] ChannelModel.INFO: Query : call SP_AddandEditChannelInfo('UPDATE','FoxCrime', 'public/uploads/Channels/FoxCrime.jpeg', 124,1)  
[2023-06-22 12:14:30] ChannelModel.INFO: Query : call SP_AddandEditChannelInfo('UPDATE','FoxCrime', 'public/uploads/Channels/FoxCrime.png', 124,1)  
[2023-06-22 12:17:59] ChannelModel.INFO: Query : call SP_AddandEditChannelInfo('ADD','Testte','public/uploads/Channels/Testte.png' ,0 ,1)  
[2023-06-22 12:17:59] ChannelModel.INFO: Query : call SP_AddandEditChannelInfo('ADD','Check','public/uploads/Channels/Check.jpeg' ,0 ,1)  
[2023-06-22 12:29:33] ChannelModel.INFO: Query : call SP_AddandEditChannelInfo('ADD','fasdf','public/uploads/Channels/fasdf.png' ,0 ,1)  
[2023-06-22 12:29:33] ChannelModel.INFO: Query : call SP_AddandEditChannelInfo('ADD','fasdfsd','public/uploads/Channels/fasdfsd.jpeg' ,0 ,1)  
[2023-06-22 12:30:56] ChannelModel.INFO: Query : call SP_AddandEditChannelInfo('UPDATE','fasdfsd', 'public/uploads/Channels/fasdfsd.png', 131,1)  
[2023-06-22 12:37:05] ChannelModel.INFO: Query : call SP_AddandEditChannelInfo('UPDATE','fasdfsd', 'public/uploads/Channels/fasdfsd.jpeg', 131,1)  
[2023-06-22 12:38:05] ChannelModel.INFO: Query : call SP_AddandEditChannelInfo('UPDATE','fasdfsd', 'public/uploads/Channels/fasdfsd.png', 131,1)  
[2023-06-22 12:40:14] ChannelModel.INFO: Query : call SP_AddandEditChannelInfo('UPDATE','fasdfsd', 'public/uploads/Channels/fasdfsd.png', 131,1)  
[2023-06-22 12:43:55] ChannelModel.INFO: Query : call SP_AddandEditChannelInfo('ADD','fdsafds','public/uploads/Channels/fdsafds.png' ,0 ,1)  
[2023-06-22 12:43:55] ChannelModel.INFO: Query : call SP_AddandEditChannelInfo('ADD','fsda','public/uploads/Channels/fsda.png' ,0 ,1)  
[2023-06-22 12:48:34] ChannelModel.INFO: Query : call SP_AddandEditChannelInfo('DELETE','', '', 133,1)  
[2023-06-22 12:48:36] ChannelModel.INFO: Query : call SP_AddandEditChannelInfo('DELETE','', '', 132,1)  
[2023-06-22 12:48:39] ChannelModel.INFO: Query : call SP_AddandEditChannelInfo('DELETE','', '', 131,1)  
[2023-06-22 12:48:40] ChannelModel.INFO: Query : call SP_AddandEditChannelInfo('DELETE','', '', 130,1)  
[2023-06-22 12:48:42] ChannelModel.INFO: Query : call SP_AddandEditChannelInfo('DELETE','', '', 129,1)  
[2023-06-22 12:48:44] ChannelModel.INFO: Query : call SP_AddandEditChannelInfo('DELETE','', '', 128,1)  
[2023-06-22 12:53:03] ChannelModel.INFO: Query : call SP_AddandEditChannelInfo('ADD','fsdaf','public/uploads/Channels/fsdaf.png' ,0 ,1)  
[2023-06-22 12:53:03] ChannelModel.INFO: Query : call SP_AddandEditChannelInfo('ADD','fadsf','public/uploads/Channels/fadsf.png' ,0 ,1)  
[2023-06-22 12:57:33] ChannelModel.INFO: Query : call SP_AddandEditChannelInfo('ADD','fasd','public/uploads/Channels/fasd.png' ,0 ,1)  
[2023-06-22 12:57:41] ChannelModel.INFO: Query : call SP_AddandEditChannelInfo('DELETE','', '', 136,1)  
[2023-06-22 12:57:44] ChannelModel.INFO: Query : call SP_AddandEditChannelInfo('DELETE','', '', 135,1)  
[2023-06-22 12:57:47] ChannelModel.INFO: Query : call SP_AddandEditChannelInfo('DELETE','', '', 134,1)  
[2023-06-22 13:01:16] ChannelModel.INFO: Query : call SP_AddandEditChannelInfo('ADD','fads','public/uploads/Channels/fads.png' ,0 ,1)  
[2023-06-22 13:01:16] ChannelModel.INFO: Query : call SP_AddandEditChannelInfo('ADD','testtete','public/uploads/Channels/testtete.jpg' ,0 ,1)  
[2023-06-22 13:01:53] ChannelModel.INFO: Query : call SP_AddandEditChannelInfo('ADD','fadsf','public/uploads/Channels/fadsf.png' ,0 ,1)  
[2023-06-22 13:02:45] ChannelModel.INFO: Query : call SP_AddandEditChannelInfo('ADD','fadsfs','public/uploads/Channels/fadsfs.png' ,0 ,1)  
[2023-06-22 13:02:45] ChannelModel.INFO: Query : call SP_AddandEditChannelInfo('ADD','fsdaf','public/uploads/Channels/fsdaf.jpg' ,0 ,1)  
[2023-06-22 13:03:42] ChannelModel.INFO: Query : call SP_AddandEditChannelInfo('ADD','fdsaf','public/uploads/Channels/fdsaf.png' ,0 ,1)  
[2023-06-22 13:03:42] ChannelModel.INFO: Query : call SP_AddandEditChannelInfo('ADD','fadsfdsfad','public/uploads/Channels/fadsfdsfad.jpg' ,0 ,1)  
[2023-06-22 13:05:30] ChannelModel.INFO: Query : call SP_AddandEditChannelInfo('DELETE','', '', 143,1)  
[2023-06-22 13:05:32] ChannelModel.INFO: Query : call SP_AddandEditChannelInfo('DELETE','', '', 142,1)  
[2023-06-22 13:05:33] ChannelModel.INFO: Query : call SP_AddandEditChannelInfo('DELETE','', '', 141,1)  
[2023-06-22 13:05:35] ChannelModel.INFO: Query : call SP_AddandEditChannelInfo('DELETE','', '', 140,1)  
[2023-06-22 13:05:37] ChannelModel.INFO: Query : call SP_AddandEditChannelInfo('DELETE','', '', 139,1)  
[2023-06-22 13:05:38] ChannelModel.INFO: Query : call SP_AddandEditChannelInfo('DELETE','', '', 138,1)  
[2023-06-22 13:05:41] ChannelModel.INFO: Query : call SP_AddandEditChannelInfo('DELETE','', '', 137,1)  
[2023-06-22 13:06:32] ChannelModel.INFO: Query : call SP_AddandEditChannelInfo('ADD','fsadfd','public/uploads/Channels/fsadfd.png' ,0 ,1)  
[2023-06-22 13:07:13] ChannelModel.INFO: Query : call SP_AddandEditChannelInfo('ADD','fasdf','public/uploads/Channels/fasdf.jpg' ,0 ,1)  
[2023-06-22 13:07:43] ChannelModel.INFO: Query : call SP_AddandEditChannelInfo('ADD','fdsafds','public/uploads/Channels/fdsafds.jpg' ,0 ,1)  
[2023-06-22 13:08:11] ChannelModel.INFO: Query : call SP_AddandEditChannelInfo('ADD','Test','public/uploads/Channels/Test.png' ,0 ,1)  
[2023-06-22 13:09:02] ChannelModel.INFO: Query : call SP_AddandEditChannelInfo('UPDATE','Test', 'public/uploads/Channels/Test.png', 147,1)  
[2023-06-22 13:11:12] ChannelModel.INFO: Query : call SP_AddandEditChannelInfo('UPDATE','Test', 'public/uploads/Channels/Test.jpeg', 147,1)  
[2023-06-22 13:11:59] ChannelModel.INFO: Query : call SP_AddandEditChannelInfo('UPDATE','Test', 'public/uploads/Channels/Test.png', 147,1)  
[2023-06-22 13:14:15] ChannelModel.INFO: Query : call SP_AddandEditChannelInfo('DELETE','', '', 147,1)  
[2023-06-22 13:14:18] ChannelModel.INFO: Query : call SP_AddandEditChannelInfo('DELETE','', '', 146,1)  
[2023-06-22 13:14:21] ChannelModel.INFO: Query : call SP_AddandEditChannelInfo('DELETE','', '', 145,1)  
[2023-06-22 13:14:28] ChannelModel.INFO: Query : call SP_AddandEditChannelInfo('UPDATE','fsadfd', 'public/uploads/Channels/fsadfd.jpeg', 144,1)  
[2023-06-22 13:16:01] ChannelModel.INFO: Query : call SP_AddandEditChannelInfo('UPDATE','fsadfd', 'public/uploads/Channels/fsadfd.png', 144,1)  
[2023-06-22 13:17:05] ChannelModel.INFO: Query : call SP_AddandEditChannelInfo('UPDATE','fsadfd', 'public/uploads/Channels/fsadfd.png', 144,1)  
[2023-06-22 13:30:02] ChannelModel.INFO: Query : call SP_AddandEditChannelInfo('UPDATE','fsadfd', 'public/uploads/Channels/fsadfd.png', 144,1)  
[2023-06-22 13:30:13] ChannelModel.INFO: Query : call SP_AddandEditChannelInfo('ADD','fasfd','public/uploads/Channels/fasfd.png' ,0 ,1)  
[2023-06-22 13:30:56] ChannelModel.INFO: Query : call SP_AddandEditChannelInfo('ADD','fadsfds','public/uploads/Channels/fadsfds.jpeg' ,0 ,1)  
[2023-06-22 13:31:18] ChannelModel.INFO: Query : call SP_AddandEditChannelInfo('ADD','fdsafds','public/uploads/Channels/fdsafds.png' ,0 ,1)  
[2023-06-22 13:31:18] ChannelModel.INFO: Query : call SP_AddandEditChannelInfo('ADD','fasdfdsfdsads','public/uploads/Channels/fasdfdsfdsads.jpeg' ,0 ,1)  
[2023-06-22 13:31:23] ChannelModel.INFO: Query : call SP_AddandEditChannelInfo('DELETE','', '', 151,1)  
[2023-06-22 13:31:26] ChannelModel.INFO: Query : call SP_AddandEditChannelInfo('DELETE','', '', 150,1)  
[2023-06-22 13:31:29] ChannelModel.INFO: Query : call SP_AddandEditChannelInfo('DELETE','', '', 149,1)  
[2023-06-22 13:32:03] ChannelModel.INFO: Query : call SP_AddandEditChannelInfo('ADD','Chennel1','public/uploads/Channels/Chennel1.png' ,0 ,1)  
[2023-06-22 13:32:03] ChannelModel.INFO: Query : call SP_AddandEditChannelInfo('ADD','Channel2','public/uploads/Channels/Channel2.jpeg' ,0 ,1)  
[2023-06-22 13:32:15] ChannelModel.INFO: Query : call SP_AddandEditChannelInfo('UPDATE','fasfd', 'public/uploads/Channels/fasfd.jpg', 148,1)  
[2023-06-22 13:32:35] ChannelModel.INFO: Query : call SP_AddandEditChannelInfo('DELETE','', '', 153,1)  
[2023-06-22 13:32:40] ChannelModel.INFO: Query : call SP_AddandEditChannelInfo('DELETE','', '', 152,1)  
[2023-06-22 13:33:05] ChannelModel.INFO: Query : call SP_AddandEditChannelInfo('UPDATE','SunNews', 'public/uploads/Channels/SunNews.png', 105,1)  
[2023-06-22 13:56:47] ChannelModel.INFO: Query : call SP_AddandEditChannelInfo('ADD','testfsdfdsfd','public/uploads/Channels/testfsdfdsfd.png' ,0 ,1)  
[2023-06-22 13:56:47] ChannelModel.INFO: Query : call SP_AddandEditChannelInfo('ADD','testetetw','public/uploads/Channels/testetetw.jpg' ,0 ,1)  
[2023-06-22 13:56:57] ChannelModel.INFO: Query : call SP_AddandEditChannelInfo('UPDATE','testetetw', 'public/uploads/Channels/testetetw.jpg', 155,1)  
[2023-06-22 13:57:05] ChannelModel.INFO: Query : call SP_AddandEditChannelInfo('DELETE','', '', 155,1)  
[2023-06-22 13:57:09] ChannelModel.INFO: Query : call SP_AddandEditChannelInfo('DELETE','', '', 154,1)  
[2023-06-22 13:57:12] ChannelModel.INFO: Query : call SP_AddandEditChannelInfo('DELETE','', '', 148,1)  
[2023-06-22 13:57:16] ChannelModel.INFO: Query : call SP_AddandEditChannelInfo('DELETE','', '', 144,1)  
[2023-06-22 14:10:57] ChannelModel.INFO: Query : call SP_AddandEditChannelInfo('ADD','fadsds','public/uploads/Channels/fadsds.png' ,0 ,1)  
[2023-06-22 14:10:57] ChannelModel.INFO: Query : call SP_AddandEditChannelInfo('ADD','fdas','public/uploads/Channels/fdas.jpg' ,0 ,1)  
[2023-06-22 16:20:26] ChannelModel.INFO: Query : call SP_AddandEditChannelInfo('ADD','Fghhyuh','public/uploads/Channels/Fghhyuh.jpg' ,0 ,1)  
[2023-06-22 16:20:26] ChannelModel.INFO: Query : call SP_AddandEditChannelInfo('ADD','Did','public/uploads/Channels/Did.png' ,0 ,1)  
[2023-06-22 16:21:28] ChannelModel.INFO: Query : call SP_AddandEditChannelInfo('DELETE','', '', 158,1)  
