[2023-06-22 04:15:47] WizardSetupModel.INFO: Query : select lc.brandid,(select bd.brandname from brand_details as bd where bd.id=lc.brandid) as brandname,lc.hotelname,lc.custmail,
            lc.location,lc.mobileno,lc.spocname,lc.address,lc.tempid,lc.channelfeedtype,tm.templatename,cf.channeltype
             FROM locations as lc 
             left join template as tm on tm.id = lc.tempid 
             left join channelfeed as cf on cf.id=lc.channelfeedtype where lc.id=4  
[2023-06-22 04:15:47] WizardSetupModel.INFO: Query : select fl.id,fl.name  from  hotelfeaturelist as hf  left join featurelist as fl on fl.id = hf.featureid
             where hf.hotelid=4  
[2023-06-22 04:15:47] WizardSetupModel.INFO: Query : select tvc.channelno,tvl.channelname,tvl.channellogo,tvc.channelip,tvc.channelport
            ,if(cg.categoryid is null,0,cg.categoryid) categoryid,if(cgc.categoryname is null,'Unknown',cgc.categoryname) 
            categoryname from tvchannels as tvc 
            left join tvchannelslist as tvl on tvc.channellistid = tvl.id
            left join channelgroup as cg on   cg.channelid=tvl.id and cg.hotelid = tvc.hotelid
            left join channelcategory as cgc on cgc.id = cg.categoryid
            where tvc.hotelid=4  
[2023-06-22 04:15:47] WizardSetupModel.INFO: Json Data : ""  
[2023-06-22 04:15:51] WizardSetupModel.INFO: Query : CALL SP_WizardSetup('UPDATE',2,4,0,1)  
[2023-06-22 06:04:24] WizardSetupModel.INFO: Query : select lc.brandid,(select bd.brandname from brand_details as bd where bd.id=lc.brandid) as brandname,lc.hotelname,lc.custmail,
            lc.location,lc.mobileno,lc.spocname,lc.address,lc.tempid,lc.channelfeedtype,tm.templatename,cf.channeltype
             FROM locations as lc 
             left join template as tm on tm.id = lc.tempid 
             left join channelfeed as cf on cf.id=lc.channelfeedtype where lc.id=4  
[2023-06-22 06:04:24] WizardSetupModel.INFO: Query : select fl.id,fl.name  from  hotelfeaturelist as hf  left join featurelist as fl on fl.id = hf.featureid
             where hf.hotelid=4  
[2023-06-22 06:04:24] WizardSetupModel.INFO: Query : select tvc.channelno,tvl.channelname,tvl.channellogo,tvc.channelip,tvc.channelport
            ,if(cg.categoryid is null,0,cg.categoryid) categoryid,if(cgc.categoryname is null,'Unknown',cgc.categoryname) 
            categoryname from tvchannels as tvc 
            left join tvchannelslist as tvl on tvc.channellistid = tvl.id
            left join channelgroup as cg on   cg.channelid=tvl.id and cg.hotelid = tvc.hotelid
            left join channelcategory as cgc on cgc.id = cg.categoryid
            where tvc.hotelid=4  
[2023-06-22 06:04:24] WizardSetupModel.INFO: Json Data : ""  
[2023-06-22 06:04:29] WizardSetupModel.INFO: Query : CALL SP_WizardSetup('UPDATE',2,4,0,1)  
[2023-06-22 06:05:30] WizardSetupModel.INFO: Query : insert into temphotelfeaturelist (hotelid,featureid) values(4,1)  
[2023-06-22 06:05:30] WizardSetupModel.INFO: Query : insert into temphotelfeaturelist (hotelid,featureid) values(4,2)  
[2023-06-22 06:05:30] WizardSetupModel.INFO: Query : insert into temphotelfeaturelist (hotelid,featureid) values(4,3)  
[2023-06-22 06:05:30] WizardSetupModel.INFO: Query : insert into temphotelfeaturelist (hotelid,featureid) values(4,4)  
[2023-06-22 06:05:30] WizardSetupModel.INFO: Query : CALL SP_WizardSetup('ADD',0,4,0,1)  
