[2023-06-16 04:52:18] HotelChannelAction.INFO: ======= Start HotelChannel Action (Single One) ================  
[2023-06-16 04:52:18] HotelChannelAction.INFO: method : POST  
[2023-06-16 04:52:18] HotelChannelAction.INFO: contentType : application/json  
[2023-06-16 04:52:18] HotelChannelAction.INFO: Input Data : {"hotelid":"1","decoded":{"sub":"1","id":"1","userName":"super admin","userGroup":"1","email":"superadmin@msense.in","hotelId":"4","brandId":"7","iat":1686891138,"exp":1686977538}}  
[2023-06-16 04:52:18] HotelChannelAction.INFO: ======= END HotelChannel Action (Single One) ================  
[2023-06-16 05:07:02] HotelChannelAction.INFO: ======= Start HotelChannel Action (Single One) ================  
[2023-06-16 05:07:02] HotelChannelAction.INFO: method : POST  
[2023-06-16 05:07:02] HotelChannelAction.INFO: contentType : application/json  
[2023-06-16 05:07:02] HotelChannelAction.INFO: Input Data : {"hotelid":"1","decoded":{"sub":"1","id":"1","userName":"super admin","userGroup":"1","email":"superadmin@msense.in","hotelId":"4","brandId":"7","iat":1686892022,"exp":1686978422}}  
[2023-06-16 05:07:02] HotelChannelAction.INFO: ======= END HotelChannel Action (Single One) ================  
[2023-06-16 05:25:38] HotelChannelAction.INFO: ======= Start HotelChannel Action (Single One) ================  
[2023-06-16 05:25:38] HotelChannelAction.INFO: method : POST  
[2023-06-16 05:25:38] HotelChannelAction.INFO: contentType : application/json  
[2023-06-16 05:25:38] HotelChannelAction.INFO: Input Data : {"hotelid":"1","decoded":{"sub":"1","id":"1","userName":"super admin","userGroup":"1","email":"superadmin@msense.in","hotelId":"4","brandId":"7","iat":1686893138,"exp":1686979538}}  
[2023-06-16 05:25:38] HotelChannelAction.INFO: ======= END HotelChannel Action (Single One) ================  
[2023-06-16 05:28:18] HotelChannelAction.INFO: ======= Start HotelChannel Action (Single One) ================  
[2023-06-16 05:28:18] HotelChannelAction.INFO: method : POST  
[2023-06-16 05:28:18] HotelChannelAction.INFO: contentType : application/json  
[2023-06-16 05:28:18] HotelChannelAction.INFO: Input Data : {"hotelid":"1","decoded":{"sub":"1","id":"1","userName":"super admin","userGroup":"1","email":"superadmin@msense.in","hotelId":"4","brandId":"7","iat":1686893297,"exp":1686979697}}  
[2023-06-16 05:28:18] HotelChannelAction.INFO: ======= END HotelChannel Action (Single One) ================  
