[2023-06-16 04:46:56] BrandAction.INFO: ======= Start Brand Action (VIEW)================  
[2023-06-16 04:46:56] BrandAction.INFO: method : POST  
[2023-06-16 04:46:56] BrandAction.INFO: contentType : application/json  
[2023-06-16 04:46:56] BrandAction.INFO: Input Data : {"decoded":{"sub":"1","id":"1","userName":"super admin","userGroup":"1","email":"superadmin@msense.in","hotelId":"4","brandId":"7","iat":1686889381,"exp":1686975781}}  
[2023-06-16 04:46:56] BrandModel.INFO: Query : call SP_AddandEditBrand('VIEW','','',0,0)  
[2023-06-16 04:46:56] BrandAction.INFO: ======= END Brand Action (VIEW)================  
[2023-06-16 04:55:10] BrandAction.INFO: ======= Start Brand Action (VIEW)================  
[2023-06-16 04:55:10] BrandAction.INFO: method : POST  
[2023-06-16 04:55:10] BrandAction.INFO: contentType : application/json  
[2023-06-16 04:55:10] BrandAction.INFO: Input Data : {"decoded":{"sub":"1","id":"1","userName":"super admin","userGroup":"1","email":"superadmin@msense.in","hotelId":"4","brandId":"7","iat":1686889381,"exp":1686975781}}  
[2023-06-16 04:55:10] BrandModel.INFO: Query : call SP_AddandEditBrand('VIEW','','',0,0)  
[2023-06-16 04:55:10] BrandAction.INFO: ======= END Brand Action (VIEW)================  
[2023-06-16 05:00:17] BrandAction.INFO: ======= Start Brand Action (VIEW)================  
[2023-06-16 05:00:17] BrandAction.INFO: method : POST  
[2023-06-16 05:00:17] BrandAction.INFO: contentType : application/json  
[2023-06-16 05:00:17] BrandAction.INFO: Input Data : {"decoded":{"sub":"1","id":"1","userName":"super admin","userGroup":"1","email":"superadmin@msense.in","hotelId":"4","brandId":"7","iat":1686889381,"exp":1686975781}}  
[2023-06-16 05:00:17] BrandModel.INFO: Query : call SP_AddandEditBrand('VIEW','','',0,0)  
[2023-06-16 05:00:17] BrandAction.INFO: ======= END Brand Action (VIEW)================  
[2023-06-16 05:00:40] BrandAction.INFO: ======= Start Brand Action (VIEW)================  
[2023-06-16 05:00:40] BrandAction.INFO: method : POST  
[2023-06-16 05:00:40] BrandAction.INFO: contentType : application/json  
[2023-06-16 05:00:40] BrandAction.INFO: Input Data : {"decoded":{"sub":"1","id":"1","userName":"super admin","userGroup":"1","email":"superadmin@msense.in","hotelId":"4","brandId":"7","iat":1686889381,"exp":1686975781}}  
[2023-06-16 05:00:40] BrandModel.INFO: Query : call SP_AddandEditBrand('VIEW','','',0,0)  
[2023-06-16 05:00:40] BrandAction.INFO: ======= END Brand Action (VIEW)================  
[2023-06-16 05:00:48] BrandAction.INFO: ======= Start Brand Action (VIEW)================  
[2023-06-16 05:00:48] BrandAction.INFO: method : POST  
[2023-06-16 05:00:48] BrandAction.INFO: contentType : application/json  
[2023-06-16 05:00:48] BrandAction.INFO: Input Data : {"decoded":{"sub":"1","id":"1","userName":"super admin","userGroup":"1","email":"superadmin@msense.in","hotelId":"4","brandId":"7","iat":1686889381,"exp":1686975781}}  
[2023-06-16 05:00:48] BrandModel.INFO: Query : call SP_AddandEditBrand('VIEW','','',0,0)  
[2023-06-16 05:00:48] BrandAction.INFO: ======= END Brand Action (VIEW)================  
[2023-06-16 05:17:51] BrandAction.INFO: ======= Start Brand Action (VIEW)================  
[2023-06-16 05:17:51] BrandAction.INFO: method : POST  
[2023-06-16 05:17:51] BrandAction.INFO: contentType : application/json  
[2023-06-16 05:17:51] BrandAction.INFO: Input Data : {"decoded":{"sub":"1","id":"1","userName":"super admin","userGroup":"1","email":"superadmin@msense.in","hotelId":"4","brandId":"7","iat":1686892076,"exp":1686978476}}  
[2023-06-16 05:17:51] BrandModel.INFO: Query : call SP_AddandEditBrand('VIEW','','',0,0)  
[2023-06-16 05:17:51] BrandAction.INFO: ======= END Brand Action (VIEW)================  
[2023-06-16 07:29:16] BrandAction.INFO: ======= Start Brand Action (VIEW)================  
[2023-06-16 07:29:16] BrandAction.INFO: method : POST  
[2023-06-16 07:29:16] BrandAction.INFO: contentType : application/json  
[2023-06-16 07:29:16] BrandAction.INFO: Input Data : {"decoded":{"sub":"1","id":"1","userName":"super admin","userGroup":"1","email":"superadmin@msense.in","hotelId":"4","brandId":"7","iat":1686892076,"exp":1686978476}}  
[2023-06-16 07:29:16] BrandModel.INFO: Query : call SP_AddandEditBrand('VIEW','','',0,0)  
[2023-06-16 07:29:16] BrandAction.INFO: ======= END Brand Action (VIEW)================  
[2023-06-16 07:29:44] BrandAction.INFO: ======= Start Brand Action (VIEW)================  
[2023-06-16 07:29:44] BrandAction.INFO: method : POST  
[2023-06-16 07:29:44] BrandAction.INFO: contentType : application/json  
[2023-06-16 07:29:44] BrandAction.INFO: Input Data : {"decoded":{"sub":"1","id":"1","userName":"super admin","userGroup":"1","email":"superadmin@msense.in","hotelId":"4","brandId":"7","iat":1686892076,"exp":1686978476}}  
[2023-06-16 07:29:44] BrandModel.INFO: Query : call SP_AddandEditBrand('VIEW','','',0,0)  
[2023-06-16 07:29:44] BrandAction.INFO: ======= END Brand Action (VIEW)================  
[2023-06-16 07:30:03] BrandAction.INFO: ======= Start Brand Action (VIEW)================  
[2023-06-16 07:30:03] BrandAction.INFO: method : POST  
[2023-06-16 07:30:03] BrandAction.INFO: contentType : application/json  
[2023-06-16 07:30:03] BrandAction.INFO: Input Data : {"decoded":{"sub":"1","id":"1","userName":"super admin","userGroup":"1","email":"superadmin@msense.in","hotelId":"4","brandId":"7","iat":1686892076,"exp":1686978476}}  
[2023-06-16 07:30:03] BrandModel.INFO: Query : call SP_AddandEditBrand('VIEW','','',0,0)  
[2023-06-16 07:30:03] BrandAction.INFO: ======= END Brand Action (VIEW)================  
[2023-06-16 07:31:07] BrandAction.INFO: ======= Start Brand Action (VIEW)================  
[2023-06-16 07:31:07] BrandAction.INFO: method : POST  
[2023-06-16 07:31:07] BrandAction.INFO: contentType : application/json  
[2023-06-16 07:31:07] BrandAction.INFO: Input Data : {"decoded":{"sub":"1","id":"1","userName":"super admin","userGroup":"1","email":"superadmin@msense.in","hotelId":"4","brandId":"7","iat":1686892076,"exp":1686978476}}  
[2023-06-16 07:31:07] BrandModel.INFO: Query : call SP_AddandEditBrand('VIEW','','',0,0)  
[2023-06-16 07:31:07] BrandAction.INFO: ======= END Brand Action (VIEW)================  
[2023-06-16 12:07:41] BrandAction.INFO: ======= Start Brand Action (VIEW)================  
[2023-06-16 12:07:41] BrandAction.INFO: method : POST  
[2023-06-16 12:07:41] BrandAction.INFO: contentType : application/json  
[2023-06-16 12:07:41] BrandAction.INFO: Input Data : {"decoded":{"sub":"1","id":"1","userName":"super admin","userGroup":"1","email":"superadmin@msense.in","hotelId":"4","brandId":"7","iat":1686892075,"exp":1686978475}}  
[2023-06-16 12:07:41] BrandModel.INFO: Query : call SP_AddandEditBrand('VIEW','','',0,0)  
[2023-06-16 12:07:41] BrandAction.INFO: ======= END Brand Action (VIEW)================  
[2023-06-16 12:45:08] BrandAction.INFO: ======= Start Brand Action (VIEW)================  
[2023-06-16 12:45:08] BrandAction.INFO: method : POST  
[2023-06-16 12:45:08] BrandAction.INFO: contentType : application/json  
[2023-06-16 12:45:08] BrandAction.INFO: Input Data : {"decoded":{"sub":"1","id":"1","userName":"super admin","userGroup":"1","email":"superadmin@msense.in","hotelId":"4","brandId":"7","iat":1686913695,"exp":1687000095}}  
[2023-06-16 12:45:08] BrandModel.INFO: Query : call SP_AddandEditBrand('VIEW','','',0,0)  
[2023-06-16 12:45:08] BrandAction.INFO: ======= END Brand Action (VIEW)================  
[2023-06-16 13:02:53] BrandAction.INFO: ======= Start Brand Action (VIEW)================  
[2023-06-16 13:02:53] BrandAction.INFO: method : POST  
[2023-06-16 13:02:53] BrandAction.INFO: contentType : application/json  
[2023-06-16 13:02:53] BrandAction.INFO: Input Data : {"decoded":{"sub":"1","id":"1","userName":"super admin","userGroup":"1","email":"superadmin@msense.in","hotelId":"4","brandId":"7","iat":1686913695,"exp":1687000095}}  
[2023-06-16 13:02:53] BrandModel.INFO: Query : call SP_AddandEditBrand('VIEW','','',0,0)  
[2023-06-16 13:02:53] BrandAction.INFO: ======= END Brand Action (VIEW)================  
[2023-06-16 13:24:04] BrandAction.INFO: ======= Start Brand Action (VIEW)================  
[2023-06-16 13:24:04] BrandAction.INFO: method : POST  
[2023-06-16 13:24:04] BrandAction.INFO: contentType : application/json  
[2023-06-16 13:24:04] BrandAction.INFO: Input Data : {"decoded":{"sub":"1","id":"1","userName":"super admin","userGroup":"1","email":"superadmin@msense.in","hotelId":"4","brandId":"7","iat":1686892075,"exp":1686978475}}  
[2023-06-16 13:24:04] BrandModel.INFO: Query : call SP_AddandEditBrand('VIEW','','',0,0)  
[2023-06-16 13:24:04] BrandAction.INFO: ======= END Brand Action (VIEW)================  
[2023-06-16 13:24:15] BrandAction.INFO: ======= Start Brand Action (VIEW)================  
[2023-06-16 13:24:15] BrandAction.INFO: method : POST  
[2023-06-16 13:24:15] BrandAction.INFO: contentType : application/json  
[2023-06-16 13:24:15] BrandAction.INFO: Input Data : {"decoded":{"sub":"1","id":"1","userName":"super admin","userGroup":"1","email":"superadmin@msense.in","hotelId":"4","brandId":"7","iat":1686892075,"exp":1686978475}}  
[2023-06-16 13:24:15] BrandModel.INFO: Query : call SP_AddandEditBrand('VIEW','','',0,0)  
[2023-06-16 13:24:15] BrandAction.INFO: ======= END Brand Action (VIEW)================  
