[2023-06-16 04:23:10] WizardSetupModel.INFO: Query : CALL SP_WizardSetup('UPDATE',5,4,1)  
[2023-06-16 04:26:57] WizardSetupModel.INFO: Query : CALL SP_WizardSetup('UPDATE',6,4,1)  
[2023-06-16 04:26:59] WizardSetupModel.INFO: Query : insert into temphotelfeaturelist (hotelid,featureid) values(4,2)  
[2023-06-16 04:26:59] WizardSetupModel.INFO: Query : CALL SP_WizardSetup('ADD',0,4,1)  
[2023-06-16 04:42:34] WizardSetupModel.INFO: Query : CALL SP_WizardSetup('UPDATE',6,4,1)  
[2023-06-16 04:55:16] WizardSetupModel.INFO: Query : CALL SP_WizardSetup('UPDATE',5,4,1)  
[2023-06-16 04:55:50] WizardSetupModel.INFO: Query : CALL SP_WizardSetup('UPDATE',3,4,1)  
[2023-06-16 04:58:45] WizardSetupModel.INFO: Query : CALL SP_WizardSetup('UPDATE',3,4,1)  
[2023-06-16 05:00:09] WizardSetupModel.INFO: Query : CALL SP_WizardSetup('UPDATE',3,4,1)  
[2023-06-16 05:01:49] WizardSetupModel.INFO: Query : CALL SP_WizardSetup('UPDATE',3,4,1)  
[2023-06-16 05:04:59] WizardSetupModel.INFO: Query : CALL SP_WizardSetup('UPDATE',4,4,1)  
[2023-06-16 05:08:01] WizardSetupModel.INFO: Query : CALL SP_WizardSetup('UPDATE',3,4,1)  
[2023-06-16 05:08:03] WizardSetupModel.INFO: Query : CALL SP_WizardSetup('UPDATE',2,4,1)  
[2023-06-16 05:08:06] WizardSetupModel.INFO: Query : insert into temphotelfeaturelist (hotelid,featureid) values(4,1)  
[2023-06-16 05:08:06] WizardSetupModel.INFO: Query : CALL SP_WizardSetup('ADD',0,4,1)  
[2023-06-16 05:09:13] WizardSetupModel.INFO: Query : CALL SP_WizardSetup('UPDATE',4,4,1)  
[2023-06-16 05:10:03] WizardSetupModel.INFO: Query : CALL SP_WizardSetup('UPDATE',4,4,1)  
[2023-06-16 05:13:59] WizardSetupModel.INFO: Query : CALL SP_WizardSetup('UPDATE',6,4,1)  
[2023-06-16 05:20:46] WizardSetupModel.INFO: Query : CALL SP_WizardSetup('UPDATE',4,4,1)  
[2023-06-16 05:23:52] WizardSetupModel.INFO: Query : CALL SP_WizardSetup('UPDATE',5,4,1)  
[2023-06-16 05:27:26] WizardSetupModel.INFO: Query : CALL SP_WizardSetup('UPDATE',3,4,1)  
[2023-06-16 05:30:45] WizardSetupModel.INFO: Query : CALL SP_WizardSetup('UPDATE',3,4,1)  
[2023-06-16 05:33:28] WizardSetupModel.INFO: Query : CALL SP_WizardSetup('UPDATE',2,4,1)  
[2023-06-16 05:35:38] WizardSetupModel.INFO: Query : CALL SP_WizardSetup('UPDATE',3,4,1)  
[2023-06-16 05:39:21] WizardSetupModel.INFO: Query : CALL SP_WizardSetup('UPDATE',4,4,1)  
[2023-06-16 05:42:08] WizardSetupModel.INFO: Query : CALL SP_WizardSetup('UPDATE',4,4,1)  
[2023-06-16 05:45:51] WizardSetupModel.INFO: Query : CALL SP_WizardSetup('UPDATE',4,4,1)  
[2023-06-16 05:52:21] WizardSetupModel.INFO: Query : CALL SP_WizardSetup('UPDATE',3,4,1)  
[2023-06-16 05:53:49] WizardSetupModel.INFO: Query : CALL SP_WizardSetup('UPDATE',2,4,1)  
[2023-06-16 05:55:58] WizardSetupModel.INFO: Query : CALL SP_WizardSetup('UPDATE',3,4,1)  
[2023-06-16 05:57:07] WizardSetupModel.INFO: Query : CALL SP_WizardSetup('UPDATE',3,4,1)  
[2023-06-16 05:58:00] WizardSetupModel.INFO: Query : CALL SP_WizardSetup('UPDATE',4,4,1)  
[2023-06-16 05:59:00] WizardSetupModel.INFO: Query : CALL SP_WizardSetup('UPDATE',4,4,1)  
[2023-06-16 06:01:09] WizardSetupModel.INFO: Query : CALL SP_WizardSetup('UPDATE',3,4,1)  
[2023-06-16 06:02:13] WizardSetupModel.INFO: Query : CALL SP_WizardSetup('UPDATE',5,4,1)  
[2023-06-16 06:05:50] WizardSetupModel.INFO: Query : CALL SP_WizardSetup('UPDATE',2,4,1)  
[2023-06-16 06:07:28] WizardSetupModel.INFO: Query : CALL SP_WizardSetup('UPDATE',4,4,1)  
[2023-06-16 06:29:25] WizardSetupModel.INFO: Query : CALL SP_WizardSetup('UPDATE',6,4,1)  
[2023-06-16 06:31:50] WizardSetupModel.INFO: Query : CALL SP_WizardSetup('UPDATE',4,4,1)  
[2023-06-16 06:37:04] WizardSetupModel.INFO: Query : CALL SP_WizardSetup('UPDATE',4,4,1)  
[2023-06-16 06:41:25] WizardSetupModel.INFO: Query : CALL SP_WizardSetup('UPDATE',4,4,1)  
[2023-06-16 06:43:30] WizardSetupModel.INFO: Query : CALL SP_WizardSetup('UPDATE',2,4,1)  
[2023-06-16 06:46:50] WizardSetupModel.INFO: Query : CALL SP_WizardSetup('UPDATE',3,4,1)  
[2023-06-16 06:50:39] WizardSetupModel.INFO: Query : CALL SP_WizardSetup('UPDATE',2,4,1)  
[2023-06-16 06:52:25] WizardSetupModel.INFO: Query : CALL SP_WizardSetup('UPDATE',3,4,1)  
[2023-06-16 06:57:55] WizardSetupModel.INFO: Query : CALL SP_WizardSetup('UPDATE',3,4,1)  
[2023-06-16 06:59:05] WizardSetupModel.INFO: Query : CALL SP_WizardSetup('UPDATE',3,4,1)  
[2023-06-16 07:00:09] WizardSetupModel.INFO: Query : CALL SP_WizardSetup('UPDATE',2,4,1)  
[2023-06-16 07:00:52] WizardSetupModel.INFO: Query : CALL SP_WizardSetup('UPDATE',4,4,1)  
[2023-06-16 07:02:08] WizardSetupModel.INFO: Query : CALL SP_WizardSetup('UPDATE',2,4,1)  
[2023-06-16 07:03:14] WizardSetupModel.INFO: Query : CALL SP_WizardSetup('UPDATE',3,4,1)  
[2023-06-16 07:09:35] WizardSetupModel.INFO: Query : CALL SP_WizardSetup('UPDATE',3,4,1)  
[2023-06-16 07:10:52] WizardSetupModel.INFO: Query : CALL SP_WizardSetup('UPDATE',3,4,1)  
[2023-06-16 07:15:28] WizardSetupModel.INFO: Query : CALL SP_WizardSetup('UPDATE',3,4,1)  
[2023-06-16 07:23:43] WizardSetupModel.INFO: Query : CALL SP_WizardSetup('UPDATE',4,4,1)  
[2023-06-16 07:29:00] WizardSetupModel.INFO: Query : select lc.brandid,(select bd.brandname from brand_details as bd where bd.id=lc.brandid) as brandname,lc.hotelname,lc.custmail,
            lc.location,lc.mobileno,lc.spocname,lc.address,lc.tempid,lc.channelfeedtype,tm.templatename,cf.channeltype
             FROM locations as lc 
             left join template as tm on tm.id = lc.tempid 
             left join channelfeed as cf on cf.id=lc.channelfeedtype where lc.id=4  
[2023-06-16 07:29:00] WizardSetupModel.INFO: Query : select fl.id,fl.name  from  hotelfeaturelist as hf  left join featurelist as fl on fl.id = hf.featureid
             where hf.hotelid=4  
[2023-06-16 07:29:00] WizardSetupModel.INFO: Query : select tvc.channelno,tvl.channelname,tvl.channellogo,tvc.channelip,tvc.channelport
            ,if(cg.categoryid is null,0,cg.categoryid) categoryid,if(cgc.categoryname is null,'Unknown',cgc.categoryname) 
            categoryname from tvchannels as tvc 
            left join tvchannelslist as tvl on tvc.channellistid = tvl.id
            left join channelgroup as cg on   cg.channelid=tvl.id and cg.hotelid = tvc.hotelid
            left join channelcategory as cgc on cgc.id = cg.categoryid
            where tvc.hotelid=4  
[2023-06-16 07:29:00] WizardSetupModel.INFO: Json Data : {"HomePageDetails":{"logo":"","bg_img":"","welcome":"","welcome_txt":"","menu":[]}}  
[2023-06-16 07:29:14] WizardSetupModel.INFO: Query : select lc.brandid,(select bd.brandname from brand_details as bd where bd.id=lc.brandid) as brandname,lc.hotelname,lc.custmail,
            lc.location,lc.mobileno,lc.spocname,lc.address,lc.tempid,lc.channelfeedtype,tm.templatename,cf.channeltype
             FROM locations as lc 
             left join template as tm on tm.id = lc.tempid 
             left join channelfeed as cf on cf.id=lc.channelfeedtype where lc.id=4  
[2023-06-16 07:29:14] WizardSetupModel.INFO: Query : select fl.id,fl.name  from  hotelfeaturelist as hf  left join featurelist as fl on fl.id = hf.featureid
             where hf.hotelid=4  
[2023-06-16 07:29:14] WizardSetupModel.INFO: Query : select tvc.channelno,tvl.channelname,tvl.channellogo,tvc.channelip,tvc.channelport
            ,if(cg.categoryid is null,0,cg.categoryid) categoryid,if(cgc.categoryname is null,'Unknown',cgc.categoryname) 
            categoryname from tvchannels as tvc 
            left join tvchannelslist as tvl on tvc.channellistid = tvl.id
            left join channelgroup as cg on   cg.channelid=tvl.id and cg.hotelid = tvc.hotelid
            left join channelcategory as cgc on cgc.id = cg.categoryid
            where tvc.hotelid=4  
[2023-06-16 07:29:14] WizardSetupModel.INFO: Json Data : {"HomePageDetails":{"logo":"","bg_img":"","welcome":"","welcome_txt":"","menu":[]}}  
[2023-06-16 07:29:21] WizardSetupModel.INFO: Query : select lc.brandid,(select bd.brandname from brand_details as bd where bd.id=lc.brandid) as brandname,lc.hotelname,lc.custmail,
            lc.location,lc.mobileno,lc.spocname,lc.address,lc.tempid,lc.channelfeedtype,tm.templatename,cf.channeltype
             FROM locations as lc 
             left join template as tm on tm.id = lc.tempid 
             left join channelfeed as cf on cf.id=lc.channelfeedtype where lc.id=4  
[2023-06-16 07:29:21] WizardSetupModel.INFO: Query : select fl.id,fl.name  from  hotelfeaturelist as hf  left join featurelist as fl on fl.id = hf.featureid
             where hf.hotelid=4  
[2023-06-16 07:29:21] WizardSetupModel.INFO: Query : select tvc.channelno,tvl.channelname,tvl.channellogo,tvc.channelip,tvc.channelport
            ,if(cg.categoryid is null,0,cg.categoryid) categoryid,if(cgc.categoryname is null,'Unknown',cgc.categoryname) 
            categoryname from tvchannels as tvc 
            left join tvchannelslist as tvl on tvc.channellistid = tvl.id
            left join channelgroup as cg on   cg.channelid=tvl.id and cg.hotelid = tvc.hotelid
            left join channelcategory as cgc on cgc.id = cg.categoryid
            where tvc.hotelid=4  
[2023-06-16 07:29:21] WizardSetupModel.INFO: Json Data : {"HomePageDetails":{"logo":"","bg_img":"","welcome":"","welcome_txt":"","menu":[]}}  
[2023-06-16 07:29:47] WizardSetupModel.INFO: Query : select lc.brandid,(select bd.brandname from brand_details as bd where bd.id=lc.brandid) as brandname,lc.hotelname,lc.custmail,
            lc.location,lc.mobileno,lc.spocname,lc.address,lc.tempid,lc.channelfeedtype,tm.templatename,cf.channeltype
             FROM locations as lc 
             left join template as tm on tm.id = lc.tempid 
             left join channelfeed as cf on cf.id=lc.channelfeedtype where lc.id=4  
[2023-06-16 07:29:47] WizardSetupModel.INFO: Query : select fl.id,fl.name  from  hotelfeaturelist as hf  left join featurelist as fl on fl.id = hf.featureid
             where hf.hotelid=4  
[2023-06-16 07:29:47] WizardSetupModel.INFO: Query : select tvc.channelno,tvl.channelname,tvl.channellogo,tvc.channelip,tvc.channelport
            ,if(cg.categoryid is null,0,cg.categoryid) categoryid,if(cgc.categoryname is null,'Unknown',cgc.categoryname) 
            categoryname from tvchannels as tvc 
            left join tvchannelslist as tvl on tvc.channellistid = tvl.id
            left join channelgroup as cg on   cg.channelid=tvl.id and cg.hotelid = tvc.hotelid
            left join channelcategory as cgc on cgc.id = cg.categoryid
            where tvc.hotelid=4  
[2023-06-16 07:29:47] WizardSetupModel.INFO: Json Data : {"HomePageDetails":{"logo":"","bg_img":"","welcome":"","welcome_txt":"","menu":[]}}  
[2023-06-16 07:31:13] WizardSetupModel.INFO: Query : select lc.brandid,(select bd.brandname from brand_details as bd where bd.id=lc.brandid) as brandname,lc.hotelname,lc.custmail,
            lc.location,lc.mobileno,lc.spocname,lc.address,lc.tempid,lc.channelfeedtype,tm.templatename,cf.channeltype
             FROM locations as lc 
             left join template as tm on tm.id = lc.tempid 
             left join channelfeed as cf on cf.id=lc.channelfeedtype where lc.id=4  
[2023-06-16 07:31:13] WizardSetupModel.INFO: Query : select fl.id,fl.name  from  hotelfeaturelist as hf  left join featurelist as fl on fl.id = hf.featureid
             where hf.hotelid=4  
[2023-06-16 07:31:13] WizardSetupModel.INFO: Query : select tvc.channelno,tvl.channelname,tvl.channellogo,tvc.channelip,tvc.channelport
            ,if(cg.categoryid is null,0,cg.categoryid) categoryid,if(cgc.categoryname is null,'Unknown',cgc.categoryname) 
            categoryname from tvchannels as tvc 
            left join tvchannelslist as tvl on tvc.channellistid = tvl.id
            left join channelgroup as cg on   cg.channelid=tvl.id and cg.hotelid = tvc.hotelid
            left join channelcategory as cgc on cgc.id = cg.categoryid
            where tvc.hotelid=4  
[2023-06-16 07:31:13] WizardSetupModel.INFO: Json Data : null  
[2023-06-16 07:33:23] WizardSetupModel.INFO: Query : select lc.brandid,(select bd.brandname from brand_details as bd where bd.id=lc.brandid) as brandname,lc.hotelname,lc.custmail,
            lc.location,lc.mobileno,lc.spocname,lc.address,lc.tempid,lc.channelfeedtype,tm.templatename,cf.channeltype
             FROM locations as lc 
             left join template as tm on tm.id = lc.tempid 
             left join channelfeed as cf on cf.id=lc.channelfeedtype where lc.id=4  
[2023-06-16 07:33:23] WizardSetupModel.INFO: Query : select fl.id,fl.name  from  hotelfeaturelist as hf  left join featurelist as fl on fl.id = hf.featureid
             where hf.hotelid=4  
[2023-06-16 07:33:23] WizardSetupModel.INFO: Query : select tvc.channelno,tvl.channelname,tvl.channellogo,tvc.channelip,tvc.channelport
            ,if(cg.categoryid is null,0,cg.categoryid) categoryid,if(cgc.categoryname is null,'Unknown',cgc.categoryname) 
            categoryname from tvchannels as tvc 
            left join tvchannelslist as tvl on tvc.channellistid = tvl.id
            left join channelgroup as cg on   cg.channelid=tvl.id and cg.hotelid = tvc.hotelid
            left join channelcategory as cgc on cgc.id = cg.categoryid
            where tvc.hotelid=4  
[2023-06-16 07:33:23] WizardSetupModel.INFO: Json Data : null  
[2023-06-16 07:33:41] WizardSetupModel.INFO: Query : select lc.brandid,(select bd.brandname from brand_details as bd where bd.id=lc.brandid) as brandname,lc.hotelname,lc.custmail,
            lc.location,lc.mobileno,lc.spocname,lc.address,lc.tempid,lc.channelfeedtype,tm.templatename,cf.channeltype
             FROM locations as lc 
             left join template as tm on tm.id = lc.tempid 
             left join channelfeed as cf on cf.id=lc.channelfeedtype where lc.id=4  
[2023-06-16 07:33:41] WizardSetupModel.INFO: Query : select fl.id,fl.name  from  hotelfeaturelist as hf  left join featurelist as fl on fl.id = hf.featureid
             where hf.hotelid=4  
[2023-06-16 07:33:41] WizardSetupModel.INFO: Query : select tvc.channelno,tvl.channelname,tvl.channellogo,tvc.channelip,tvc.channelport
            ,if(cg.categoryid is null,0,cg.categoryid) categoryid,if(cgc.categoryname is null,'Unknown',cgc.categoryname) 
            categoryname from tvchannels as tvc 
            left join tvchannelslist as tvl on tvc.channellistid = tvl.id
            left join channelgroup as cg on   cg.channelid=tvl.id and cg.hotelid = tvc.hotelid
            left join channelcategory as cgc on cgc.id = cg.categoryid
            where tvc.hotelid=4  
[2023-06-16 07:33:41] WizardSetupModel.INFO: Json Data : null  
[2023-06-16 07:33:45] WizardSetupModel.INFO: Query : CALL SP_WizardSetup('UPDATE',2,4,1)  
[2023-06-16 08:37:02] WizardSetupModel.INFO: Query : CALL SP_WizardSetup('UPDATE',3,4,1)  
[2023-06-16 08:47:56] WizardSetupModel.INFO: Query : CALL SP_WizardSetup('UPDATE',2,4,1)  
[2023-06-16 08:53:19] WizardSetupModel.INFO: Query : CALL SP_WizardSetup('UPDATE',2,4,1)  
[2023-06-16 08:54:36] WizardSetupModel.INFO: Query : CALL SP_WizardSetup('UPDATE',4,4,1)  
[2023-06-16 08:58:21] WizardSetupModel.INFO: Query : CALL SP_WizardSetup('UPDATE',1,4,1)  
[2023-06-16 09:01:15] WizardSetupModel.INFO: Query : CALL SP_WizardSetup('UPDATE',4,4,1)  
[2023-06-16 09:02:46] WizardSetupModel.INFO: Query : CALL SP_WizardSetup('UPDATE',2,4,1)  
[2023-06-16 09:06:30] WizardSetupModel.INFO: Query : CALL SP_WizardSetup('UPDATE',2,4,1)  
[2023-06-16 09:10:07] WizardSetupModel.INFO: Query : CALL SP_WizardSetup('UPDATE',3,4,1)  
[2023-06-16 09:14:54] WizardSetupModel.INFO: Query : CALL SP_WizardSetup('UPDATE',2,4,1)  
[2023-06-16 09:18:23] WizardSetupModel.INFO: Query : CALL SP_WizardSetup('UPDATE',6,4,1)  
[2023-06-16 09:18:28] WizardSetupModel.INFO: Query : insert into temphotelfeaturelist (hotelid,featureid) values(4,3)  
[2023-06-16 09:18:28] WizardSetupModel.INFO: Query : insert into temphotelfeaturelist (hotelid,featureid) values(4,2)  
[2023-06-16 09:18:28] WizardSetupModel.INFO: Query : CALL SP_WizardSetup('ADD',0,4,1)  
[2023-06-16 09:24:53] WizardSetupModel.INFO: Query : CALL SP_WizardSetup('UPDATE',2,4,1)  
[2023-06-16 09:28:06] WizardSetupModel.INFO: Query : CALL SP_WizardSetup('UPDATE',5,4,1)  
[2023-06-16 09:34:43] WizardSetupModel.INFO: Query : CALL SP_WizardSetup('UPDATE',5,4,1)  
[2023-06-16 09:38:54] WizardSetupModel.INFO: Query : CALL SP_WizardSetup('UPDATE',4,4,1)  
[2023-06-16 09:50:03] WizardSetupModel.INFO: Query : CALL SP_WizardSetup('UPDATE',2,4,1)  
[2023-06-16 09:53:19] WizardSetupModel.INFO: Query : CALL SP_WizardSetup('UPDATE',3,4,1)  
[2023-06-16 09:56:44] WizardSetupModel.INFO: Query : CALL SP_WizardSetup('UPDATE',5,4,1)  
[2023-06-16 09:58:47] WizardSetupModel.INFO: Query : CALL SP_WizardSetup('UPDATE',3,4,1)  
[2023-06-16 10:04:06] WizardSetupModel.INFO: Query : CALL SP_WizardSetup('UPDATE',2,4,1)  
[2023-06-16 10:07:09] WizardSetupModel.INFO: Query : CALL SP_WizardSetup('UPDATE',4,4,1)  
[2023-06-16 10:07:49] WizardSetupModel.INFO: Query : CALL SP_WizardSetup('UPDATE',4,4,1)  
[2023-06-16 10:08:57] WizardSetupModel.INFO: Query : CALL SP_WizardSetup('UPDATE',3,4,1)  
[2023-06-16 10:09:58] WizardSetupModel.INFO: Query : CALL SP_WizardSetup('UPDATE',5,4,1)  
[2023-06-16 10:12:29] WizardSetupModel.INFO: Query : CALL SP_WizardSetup('UPDATE',4,4,1)  
[2023-06-16 10:13:14] WizardSetupModel.INFO: Query : CALL SP_WizardSetup('UPDATE',4,4,1)  
[2023-06-16 10:16:42] WizardSetupModel.INFO: Query : CALL SP_WizardSetup('UPDATE',2,4,1)  
[2023-06-16 10:56:01] WizardSetupModel.INFO: Query : CALL SP_WizardSetup('UPDATE',2,4,1)  
[2023-06-16 10:59:48] WizardSetupModel.INFO: Query : CALL SP_WizardSetup('UPDATE',2,4,1)  
[2023-06-16 11:00:45] WizardSetupModel.INFO: Query : CALL SP_WizardSetup('UPDATE',3,4,1)  
[2023-06-16 11:02:45] WizardSetupModel.INFO: Query : CALL SP_WizardSetup('UPDATE',6,4,1)  
[2023-06-16 11:08:43] WizardSetupModel.INFO: Query : CALL SP_WizardSetup('UPDATE',4,4,1)  
[2023-06-16 11:15:56] WizardSetupModel.INFO: Query : CALL SP_WizardSetup('UPDATE',4,4,1)  
[2023-06-16 11:17:12] WizardSetupModel.INFO: Query : CALL SP_WizardSetup('UPDATE',5,4,1)  
[2023-06-16 11:17:38] WizardSetupModel.INFO: Query : CALL SP_WizardSetup('UPDATE',4,4,1)  
[2023-06-16 11:20:40] WizardSetupModel.INFO: Query : CALL SP_WizardSetup('UPDATEFEED',0,4,1,1)  
[2023-06-16 11:20:42] WizardSetupModel.INFO: Query : CALL SP_WizardSetup('UPDATEFEED',0,4,1,1)  
[2023-06-16 11:22:32] WizardSetupModel.INFO: Query : CALL SP_WizardSetup('UPDATE',6,4,0,1)  
[2023-06-16 11:24:22] WizardSetupModel.INFO: Query : CALL SP_WizardSetup('UPDATE',2,4,0,1)  
[2023-06-16 11:25:54] WizardSetupModel.INFO: Query : CALL SP_WizardSetup('UPDATE',5,4,0,1)  
[2023-06-16 11:26:55] WizardSetupModel.INFO: Query : CALL SP_WizardSetup('UPDATE',4,4,0,1)  
[2023-06-16 11:28:18] WizardSetupModel.INFO: Query : CALL SP_WizardSetup('UPDATE',5,4,0,1)  
[2023-06-16 11:48:26] WizardSetupModel.INFO: Query : CALL SP_WizardSetup('UPDATE',6,4,0,1)  
[2023-06-16 11:48:53] WizardSetupModel.INFO: Query : CALL SP_WizardSetup('UPDATE',4,4,0,1)  
[2023-06-16 11:50:35] WizardSetupModel.INFO: Query : CALL SP_WizardSetup('UPDATE',3,4,0,1)  
[2023-06-16 11:53:15] WizardSetupModel.INFO: Query : CALL SP_WizardSetup('UPDATE',5,4,0,1)  
[2023-06-16 11:54:18] WizardSetupModel.INFO: Query : CALL SP_WizardSetup('UPDATE',5,4,0,1)  
[2023-06-16 11:55:18] WizardSetupModel.INFO: Query : CALL SP_WizardSetup('UPDATE',6,4,0,1)  
[2023-06-16 11:57:32] WizardSetupModel.INFO: Query : select lc.brandid,(select bd.brandname from brand_details as bd where bd.id=lc.brandid) as brandname,lc.hotelname,lc.custmail,
            lc.location,lc.mobileno,lc.spocname,lc.address,lc.tempid,lc.channelfeedtype,tm.templatename,cf.channeltype
             FROM locations as lc 
             left join template as tm on tm.id = lc.tempid 
             left join channelfeed as cf on cf.id=lc.channelfeedtype where lc.id=4  
[2023-06-16 11:57:32] WizardSetupModel.INFO: Query : select fl.id,fl.name  from  hotelfeaturelist as hf  left join featurelist as fl on fl.id = hf.featureid
             where hf.hotelid=4  
[2023-06-16 11:57:32] WizardSetupModel.INFO: Query : select tvc.channelno,tvl.channelname,tvl.channellogo,tvc.channelip,tvc.channelport
            ,if(cg.categoryid is null,0,cg.categoryid) categoryid,if(cgc.categoryname is null,'Unknown',cgc.categoryname) 
            categoryname from tvchannels as tvc 
            left join tvchannelslist as tvl on tvc.channellistid = tvl.id
            left join channelgroup as cg on   cg.channelid=tvl.id and cg.hotelid = tvc.hotelid
            left join channelcategory as cgc on cgc.id = cg.categoryid
            where tvc.hotelid=4  
[2023-06-16 11:57:32] WizardSetupModel.INFO: Json Data : {"HomePageDetails":{"logo":"","bg_img":"","welcome":"dsafds","welcome_txt":"fdsa","menu":[]}}  
[2023-06-16 11:57:38] WizardSetupModel.INFO: Query : CALL SP_WizardSetup('UPDATE',5,4,0,1)  
[2023-06-16 11:58:18] WizardSetupModel.INFO: Query : select lc.brandid,(select bd.brandname from brand_details as bd where bd.id=lc.brandid) as brandname,lc.hotelname,lc.custmail,
            lc.location,lc.mobileno,lc.spocname,lc.address,lc.tempid,lc.channelfeedtype,tm.templatename,cf.channeltype
             FROM locations as lc 
             left join template as tm on tm.id = lc.tempid 
             left join channelfeed as cf on cf.id=lc.channelfeedtype where lc.id=4  
[2023-06-16 11:58:18] WizardSetupModel.INFO: Query : select fl.id,fl.name  from  hotelfeaturelist as hf  left join featurelist as fl on fl.id = hf.featureid
             where hf.hotelid=4  
[2023-06-16 11:58:18] WizardSetupModel.INFO: Query : select tvc.channelno,tvl.channelname,tvl.channellogo,tvc.channelip,tvc.channelport
            ,if(cg.categoryid is null,0,cg.categoryid) categoryid,if(cgc.categoryname is null,'Unknown',cgc.categoryname) 
            categoryname from tvchannels as tvc 
            left join tvchannelslist as tvl on tvc.channellistid = tvl.id
            left join channelgroup as cg on   cg.channelid=tvl.id and cg.hotelid = tvc.hotelid
            left join channelcategory as cgc on cgc.id = cg.categoryid
            where tvc.hotelid=4  
[2023-06-16 11:58:18] WizardSetupModel.INFO: Json Data : {"HomePageDetails":{"logo":"","bg_img":"","welcome":"dsafds","welcome_txt":"fdsa","menu":[]}}  
[2023-06-16 11:58:38] WizardSetupModel.INFO: Query : select lc.brandid,(select bd.brandname from brand_details as bd where bd.id=lc.brandid) as brandname,lc.hotelname,lc.custmail,
            lc.location,lc.mobileno,lc.spocname,lc.address,lc.tempid,lc.channelfeedtype,tm.templatename,cf.channeltype
             FROM locations as lc 
             left join template as tm on tm.id = lc.tempid 
             left join channelfeed as cf on cf.id=lc.channelfeedtype where lc.id=4  
[2023-06-16 11:58:38] WizardSetupModel.INFO: Query : select fl.id,fl.name  from  hotelfeaturelist as hf  left join featurelist as fl on fl.id = hf.featureid
             where hf.hotelid=4  
[2023-06-16 11:58:38] WizardSetupModel.INFO: Query : select tvc.channelno,tvl.channelname,tvl.channellogo,tvc.channelip,tvc.channelport
            ,if(cg.categoryid is null,0,cg.categoryid) categoryid,if(cgc.categoryname is null,'Unknown',cgc.categoryname) 
            categoryname from tvchannels as tvc 
            left join tvchannelslist as tvl on tvc.channellistid = tvl.id
            left join channelgroup as cg on   cg.channelid=tvl.id and cg.hotelid = tvc.hotelid
            left join channelcategory as cgc on cgc.id = cg.categoryid
            where tvc.hotelid=4  
[2023-06-16 11:58:38] WizardSetupModel.INFO: Json Data : {"HomePageDetails":{"logo":"","bg_img":"","welcome":"dsafds","welcome_txt":"fdsa","menu":[]}}  
[2023-06-16 12:01:29] WizardSetupModel.INFO: Query : select lc.brandid,(select bd.brandname from brand_details as bd where bd.id=lc.brandid) as brandname,lc.hotelname,lc.custmail,
            lc.location,lc.mobileno,lc.spocname,lc.address,lc.tempid,lc.channelfeedtype,tm.templatename,cf.channeltype
             FROM locations as lc 
             left join template as tm on tm.id = lc.tempid 
             left join channelfeed as cf on cf.id=lc.channelfeedtype where lc.id=4  
[2023-06-16 12:01:29] WizardSetupModel.INFO: Query : select fl.id,fl.name  from  hotelfeaturelist as hf  left join featurelist as fl on fl.id = hf.featureid
             where hf.hotelid=4  
[2023-06-16 12:01:29] WizardSetupModel.INFO: Query : select tvc.channelno,tvl.channelname,tvl.channellogo,tvc.channelip,tvc.channelport
            ,if(cg.categoryid is null,0,cg.categoryid) categoryid,if(cgc.categoryname is null,'Unknown',cgc.categoryname) 
            categoryname from tvchannels as tvc 
            left join tvchannelslist as tvl on tvc.channellistid = tvl.id
            left join channelgroup as cg on   cg.channelid=tvl.id and cg.hotelid = tvc.hotelid
            left join channelcategory as cgc on cgc.id = cg.categoryid
            where tvc.hotelid=4  
[2023-06-16 12:01:29] WizardSetupModel.INFO: Json Data : null  
[2023-06-16 12:01:32] WizardSetupModel.INFO: Query : CALL SP_WizardSetup('UPDATE',1,4,0,1)  
[2023-06-16 12:02:22] WizardSetupModel.INFO: Query : select lc.brandid,(select bd.brandname from brand_details as bd where bd.id=lc.brandid) as brandname,lc.hotelname,lc.custmail,
            lc.location,lc.mobileno,lc.spocname,lc.address,lc.tempid,lc.channelfeedtype,tm.templatename,cf.channeltype
             FROM locations as lc 
             left join template as tm on tm.id = lc.tempid 
             left join channelfeed as cf on cf.id=lc.channelfeedtype where lc.id=4  
[2023-06-16 12:02:22] WizardSetupModel.INFO: Query : select fl.id,fl.name  from  hotelfeaturelist as hf  left join featurelist as fl on fl.id = hf.featureid
             where hf.hotelid=4  
[2023-06-16 12:02:22] WizardSetupModel.INFO: Query : select tvc.channelno,tvl.channelname,tvl.channellogo,tvc.channelip,tvc.channelport
            ,if(cg.categoryid is null,0,cg.categoryid) categoryid,if(cgc.categoryname is null,'Unknown',cgc.categoryname) 
            categoryname from tvchannels as tvc 
            left join tvchannelslist as tvl on tvc.channellistid = tvl.id
            left join channelgroup as cg on   cg.channelid=tvl.id and cg.hotelid = tvc.hotelid
            left join channelcategory as cgc on cgc.id = cg.categoryid
            where tvc.hotelid=4  
[2023-06-16 12:02:22] WizardSetupModel.INFO: Json Data : null  
[2023-06-16 12:02:43] WizardSetupModel.INFO: Query : select lc.brandid,(select bd.brandname from brand_details as bd where bd.id=lc.brandid) as brandname,lc.hotelname,lc.custmail,
            lc.location,lc.mobileno,lc.spocname,lc.address,lc.tempid,lc.channelfeedtype,tm.templatename,cf.channeltype
             FROM locations as lc 
             left join template as tm on tm.id = lc.tempid 
             left join channelfeed as cf on cf.id=lc.channelfeedtype where lc.id=4  
[2023-06-16 12:02:43] WizardSetupModel.INFO: Query : select fl.id,fl.name  from  hotelfeaturelist as hf  left join featurelist as fl on fl.id = hf.featureid
             where hf.hotelid=4  
[2023-06-16 12:02:43] WizardSetupModel.INFO: Query : select tvc.channelno,tvl.channelname,tvl.channellogo,tvc.channelip,tvc.channelport
            ,if(cg.categoryid is null,0,cg.categoryid) categoryid,if(cgc.categoryname is null,'Unknown',cgc.categoryname) 
            categoryname from tvchannels as tvc 
            left join tvchannelslist as tvl on tvc.channellistid = tvl.id
            left join channelgroup as cg on   cg.channelid=tvl.id and cg.hotelid = tvc.hotelid
            left join channelcategory as cgc on cgc.id = cg.categoryid
            where tvc.hotelid=4  
[2023-06-16 12:02:43] WizardSetupModel.INFO: Json Data : null  
[2023-06-16 12:02:46] WizardSetupModel.INFO: Query : CALL SP_WizardSetup('UPDATE',6,4,0,1)  
[2023-06-16 12:03:34] WizardSetupModel.INFO: Query : select lc.brandid,(select bd.brandname from brand_details as bd where bd.id=lc.brandid) as brandname,lc.hotelname,lc.custmail,
            lc.location,lc.mobileno,lc.spocname,lc.address,lc.tempid,lc.channelfeedtype,tm.templatename,cf.channeltype
             FROM locations as lc 
             left join template as tm on tm.id = lc.tempid 
             left join channelfeed as cf on cf.id=lc.channelfeedtype where lc.id=4  
[2023-06-16 12:03:34] WizardSetupModel.INFO: Query : select fl.id,fl.name  from  hotelfeaturelist as hf  left join featurelist as fl on fl.id = hf.featureid
             where hf.hotelid=4  
[2023-06-16 12:03:34] WizardSetupModel.INFO: Query : select tvc.channelno,tvl.channelname,tvl.channellogo,tvc.channelip,tvc.channelport
            ,if(cg.categoryid is null,0,cg.categoryid) categoryid,if(cgc.categoryname is null,'Unknown',cgc.categoryname) 
            categoryname from tvchannels as tvc 
            left join tvchannelslist as tvl on tvc.channellistid = tvl.id
            left join channelgroup as cg on   cg.channelid=tvl.id and cg.hotelid = tvc.hotelid
            left join channelcategory as cgc on cgc.id = cg.categoryid
            where tvc.hotelid=4  
[2023-06-16 12:03:34] WizardSetupModel.INFO: Json Data : null  
[2023-06-16 12:03:42] WizardSetupModel.INFO: Query : CALL SP_WizardSetup('UPDATE',6,4,0,1)  
[2023-06-16 12:03:54] WizardSetupModel.INFO: Query : CALL SP_WizardSetup('UPDATEFEED',0,4,Feed_1,1)  
[2023-06-16 12:06:09] WizardSetupModel.INFO: Query : select lc.brandid,(select bd.brandname from brand_details as bd where bd.id=lc.brandid) as brandname,lc.hotelname,lc.custmail,
            lc.location,lc.mobileno,lc.spocname,lc.address,lc.tempid,lc.channelfeedtype,tm.templatename,cf.channeltype
             FROM locations as lc 
             left join template as tm on tm.id = lc.tempid 
             left join channelfeed as cf on cf.id=lc.channelfeedtype where lc.id=4  
[2023-06-16 12:06:09] WizardSetupModel.INFO: Query : select fl.id,fl.name  from  hotelfeaturelist as hf  left join featurelist as fl on fl.id = hf.featureid
             where hf.hotelid=4  
[2023-06-16 12:06:09] WizardSetupModel.INFO: Query : select tvc.channelno,tvl.channelname,tvl.channellogo,tvc.channelip,tvc.channelport
            ,if(cg.categoryid is null,0,cg.categoryid) categoryid,if(cgc.categoryname is null,'Unknown',cgc.categoryname) 
            categoryname from tvchannels as tvc 
            left join tvchannelslist as tvl on tvc.channellistid = tvl.id
            left join channelgroup as cg on   cg.channelid=tvl.id and cg.hotelid = tvc.hotelid
            left join channelcategory as cgc on cgc.id = cg.categoryid
            where tvc.hotelid=4  
[2023-06-16 12:06:09] WizardSetupModel.INFO: Json Data : null  
[2023-06-16 12:06:15] WizardSetupModel.INFO: Query : CALL SP_WizardSetup('UPDATE',6,4,0,1)  
[2023-06-16 12:06:28] WizardSetupModel.INFO: Query : CALL SP_WizardSetup('UPDATEFEED',0,4,1,1)  
[2023-06-16 12:06:58] WizardSetupModel.INFO: Query : CALL SP_WizardSetup('UPDATEFEED',0,4,3,1)  
[2023-06-16 12:07:51] WizardSetupModel.INFO: Query : CALL SP_WizardSetup('UPDATE',4,4,0,1)  
[2023-06-16 12:09:09] WizardSetupModel.INFO: Query : select lc.brandid,(select bd.brandname from brand_details as bd where bd.id=lc.brandid) as brandname,lc.hotelname,lc.custmail,
            lc.location,lc.mobileno,lc.spocname,lc.address,lc.tempid,lc.channelfeedtype,tm.templatename,cf.channeltype
             FROM locations as lc 
             left join template as tm on tm.id = lc.tempid 
             left join channelfeed as cf on cf.id=lc.channelfeedtype where lc.id=4  
[2023-06-16 12:09:09] WizardSetupModel.INFO: Query : select fl.id,fl.name  from  hotelfeaturelist as hf  left join featurelist as fl on fl.id = hf.featureid
             where hf.hotelid=4  
[2023-06-16 12:09:09] WizardSetupModel.INFO: Query : select tvc.channelno,tvl.channelname,tvl.channellogo,tvc.channelip,tvc.channelport
            ,if(cg.categoryid is null,0,cg.categoryid) categoryid,if(cgc.categoryname is null,'Unknown',cgc.categoryname) 
            categoryname from tvchannels as tvc 
            left join tvchannelslist as tvl on tvc.channellistid = tvl.id
            left join channelgroup as cg on   cg.channelid=tvl.id and cg.hotelid = tvc.hotelid
            left join channelcategory as cgc on cgc.id = cg.categoryid
            where tvc.hotelid=4  
[2023-06-16 12:09:09] WizardSetupModel.INFO: Json Data : null  
[2023-06-16 12:09:39] WizardSetupModel.INFO: Query : select lc.brandid,(select bd.brandname from brand_details as bd where bd.id=lc.brandid) as brandname,lc.hotelname,lc.custmail,
            lc.location,lc.mobileno,lc.spocname,lc.address,lc.tempid,lc.channelfeedtype,tm.templatename,cf.channeltype
             FROM locations as lc 
             left join template as tm on tm.id = lc.tempid 
             left join channelfeed as cf on cf.id=lc.channelfeedtype where lc.id=4  
[2023-06-16 12:09:39] WizardSetupModel.INFO: Query : select fl.id,fl.name  from  hotelfeaturelist as hf  left join featurelist as fl on fl.id = hf.featureid
             where hf.hotelid=4  
[2023-06-16 12:09:39] WizardSetupModel.INFO: Query : select tvc.channelno,tvl.channelname,tvl.channellogo,tvc.channelip,tvc.channelport
            ,if(cg.categoryid is null,0,cg.categoryid) categoryid,if(cgc.categoryname is null,'Unknown',cgc.categoryname) 
            categoryname from tvchannels as tvc 
            left join tvchannelslist as tvl on tvc.channellistid = tvl.id
            left join channelgroup as cg on   cg.channelid=tvl.id and cg.hotelid = tvc.hotelid
            left join channelcategory as cgc on cgc.id = cg.categoryid
            where tvc.hotelid=4  
[2023-06-16 12:09:39] WizardSetupModel.INFO: Json Data : null  
[2023-06-16 12:10:04] WizardSetupModel.INFO: Query : CALL SP_WizardSetup('UPDATE',6,4,0,1)  
[2023-06-16 12:10:18] WizardSetupModel.INFO: Query : select lc.brandid,(select bd.brandname from brand_details as bd where bd.id=lc.brandid) as brandname,lc.hotelname,lc.custmail,
            lc.location,lc.mobileno,lc.spocname,lc.address,lc.tempid,lc.channelfeedtype,tm.templatename,cf.channeltype
             FROM locations as lc 
             left join template as tm on tm.id = lc.tempid 
             left join channelfeed as cf on cf.id=lc.channelfeedtype where lc.id=4  
[2023-06-16 12:10:18] WizardSetupModel.INFO: Query : select fl.id,fl.name  from  hotelfeaturelist as hf  left join featurelist as fl on fl.id = hf.featureid
             where hf.hotelid=4  
[2023-06-16 12:10:18] WizardSetupModel.INFO: Query : select tvc.channelno,tvl.channelname,tvl.channellogo,tvc.channelip,tvc.channelport
            ,if(cg.categoryid is null,0,cg.categoryid) categoryid,if(cgc.categoryname is null,'Unknown',cgc.categoryname) 
            categoryname from tvchannels as tvc 
            left join tvchannelslist as tvl on tvc.channellistid = tvl.id
            left join channelgroup as cg on   cg.channelid=tvl.id and cg.hotelid = tvc.hotelid
            left join channelcategory as cgc on cgc.id = cg.categoryid
            where tvc.hotelid=4  
[2023-06-16 12:10:18] WizardSetupModel.INFO: Json Data : null  
[2023-06-16 12:10:38] WizardSetupModel.INFO: Query : select lc.brandid,(select bd.brandname from brand_details as bd where bd.id=lc.brandid) as brandname,lc.hotelname,lc.custmail,
            lc.location,lc.mobileno,lc.spocname,lc.address,lc.tempid,lc.channelfeedtype,tm.templatename,cf.channeltype
             FROM locations as lc 
             left join template as tm on tm.id = lc.tempid 
             left join channelfeed as cf on cf.id=lc.channelfeedtype where lc.id=4  
[2023-06-16 12:10:38] WizardSetupModel.INFO: Query : select fl.id,fl.name  from  hotelfeaturelist as hf  left join featurelist as fl on fl.id = hf.featureid
             where hf.hotelid=4  
[2023-06-16 12:10:38] WizardSetupModel.INFO: Query : select tvc.channelno,tvl.channelname,tvl.channellogo,tvc.channelip,tvc.channelport
            ,if(cg.categoryid is null,0,cg.categoryid) categoryid,if(cgc.categoryname is null,'Unknown',cgc.categoryname) 
            categoryname from tvchannels as tvc 
            left join tvchannelslist as tvl on tvc.channellistid = tvl.id
            left join channelgroup as cg on   cg.channelid=tvl.id and cg.hotelid = tvc.hotelid
            left join channelcategory as cgc on cgc.id = cg.categoryid
            where tvc.hotelid=4  
[2023-06-16 12:10:38] WizardSetupModel.INFO: Json Data : null  
[2023-06-16 12:11:24] WizardSetupModel.INFO: Query : select lc.brandid,(select bd.brandname from brand_details as bd where bd.id=lc.brandid) as brandname,lc.hotelname,lc.custmail,
            lc.location,lc.mobileno,lc.spocname,lc.address,lc.tempid,lc.channelfeedtype,tm.templatename,cf.channeltype
             FROM locations as lc 
             left join template as tm on tm.id = lc.tempid 
             left join channelfeed as cf on cf.id=lc.channelfeedtype where lc.id=4  
[2023-06-16 12:11:24] WizardSetupModel.INFO: Query : select fl.id,fl.name  from  hotelfeaturelist as hf  left join featurelist as fl on fl.id = hf.featureid
             where hf.hotelid=4  
[2023-06-16 12:11:24] WizardSetupModel.INFO: Query : select tvc.channelno,tvl.channelname,tvl.channellogo,tvc.channelip,tvc.channelport
            ,if(cg.categoryid is null,0,cg.categoryid) categoryid,if(cgc.categoryname is null,'Unknown',cgc.categoryname) 
            categoryname from tvchannels as tvc 
            left join tvchannelslist as tvl on tvc.channellistid = tvl.id
            left join channelgroup as cg on   cg.channelid=tvl.id and cg.hotelid = tvc.hotelid
            left join channelcategory as cgc on cgc.id = cg.categoryid
            where tvc.hotelid=4  
[2023-06-16 12:11:24] WizardSetupModel.INFO: Json Data : null  
[2023-06-16 12:11:26] WizardSetupModel.INFO: Query : select lc.brandid,(select bd.brandname from brand_details as bd where bd.id=lc.brandid) as brandname,lc.hotelname,lc.custmail,
            lc.location,lc.mobileno,lc.spocname,lc.address,lc.tempid,lc.channelfeedtype,tm.templatename,cf.channeltype
             FROM locations as lc 
             left join template as tm on tm.id = lc.tempid 
             left join channelfeed as cf on cf.id=lc.channelfeedtype where lc.id=4  
[2023-06-16 12:11:26] WizardSetupModel.INFO: Query : select fl.id,fl.name  from  hotelfeaturelist as hf  left join featurelist as fl on fl.id = hf.featureid
             where hf.hotelid=4  
[2023-06-16 12:11:26] WizardSetupModel.INFO: Query : select tvc.channelno,tvl.channelname,tvl.channellogo,tvc.channelip,tvc.channelport
            ,if(cg.categoryid is null,0,cg.categoryid) categoryid,if(cgc.categoryname is null,'Unknown',cgc.categoryname) 
            categoryname from tvchannels as tvc 
            left join tvchannelslist as tvl on tvc.channellistid = tvl.id
            left join channelgroup as cg on   cg.channelid=tvl.id and cg.hotelid = tvc.hotelid
            left join channelcategory as cgc on cgc.id = cg.categoryid
            where tvc.hotelid=4  
[2023-06-16 12:11:26] WizardSetupModel.INFO: Json Data : null  
[2023-06-16 12:11:32] WizardSetupModel.INFO: Query : select lc.brandid,(select bd.brandname from brand_details as bd where bd.id=lc.brandid) as brandname,lc.hotelname,lc.custmail,
            lc.location,lc.mobileno,lc.spocname,lc.address,lc.tempid,lc.channelfeedtype,tm.templatename,cf.channeltype
             FROM locations as lc 
             left join template as tm on tm.id = lc.tempid 
             left join channelfeed as cf on cf.id=lc.channelfeedtype where lc.id=4  
[2023-06-16 12:11:32] WizardSetupModel.INFO: Query : select fl.id,fl.name  from  hotelfeaturelist as hf  left join featurelist as fl on fl.id = hf.featureid
             where hf.hotelid=4  
[2023-06-16 12:11:32] WizardSetupModel.INFO: Query : select tvc.channelno,tvl.channelname,tvl.channellogo,tvc.channelip,tvc.channelport
            ,if(cg.categoryid is null,0,cg.categoryid) categoryid,if(cgc.categoryname is null,'Unknown',cgc.categoryname) 
            categoryname from tvchannels as tvc 
            left join tvchannelslist as tvl on tvc.channellistid = tvl.id
            left join channelgroup as cg on   cg.channelid=tvl.id and cg.hotelid = tvc.hotelid
            left join channelcategory as cgc on cgc.id = cg.categoryid
            where tvc.hotelid=4  
[2023-06-16 12:11:32] WizardSetupModel.INFO: Json Data : null  
[2023-06-16 12:11:39] WizardSetupModel.INFO: Query : select lc.brandid,(select bd.brandname from brand_details as bd where bd.id=lc.brandid) as brandname,lc.hotelname,lc.custmail,
            lc.location,lc.mobileno,lc.spocname,lc.address,lc.tempid,lc.channelfeedtype,tm.templatename,cf.channeltype
             FROM locations as lc 
             left join template as tm on tm.id = lc.tempid 
             left join channelfeed as cf on cf.id=lc.channelfeedtype where lc.id=4  
[2023-06-16 12:11:39] WizardSetupModel.INFO: Query : select fl.id,fl.name  from  hotelfeaturelist as hf  left join featurelist as fl on fl.id = hf.featureid
             where hf.hotelid=4  
[2023-06-16 12:11:39] WizardSetupModel.INFO: Query : select tvc.channelno,tvl.channelname,tvl.channellogo,tvc.channelip,tvc.channelport
            ,if(cg.categoryid is null,0,cg.categoryid) categoryid,if(cgc.categoryname is null,'Unknown',cgc.categoryname) 
            categoryname from tvchannels as tvc 
            left join tvchannelslist as tvl on tvc.channellistid = tvl.id
            left join channelgroup as cg on   cg.channelid=tvl.id and cg.hotelid = tvc.hotelid
            left join channelcategory as cgc on cgc.id = cg.categoryid
            where tvc.hotelid=4  
[2023-06-16 12:11:39] WizardSetupModel.INFO: Json Data : null  
[2023-06-16 12:11:46] WizardSetupModel.INFO: Query : select lc.brandid,(select bd.brandname from brand_details as bd where bd.id=lc.brandid) as brandname,lc.hotelname,lc.custmail,
            lc.location,lc.mobileno,lc.spocname,lc.address,lc.tempid,lc.channelfeedtype,tm.templatename,cf.channeltype
             FROM locations as lc 
             left join template as tm on tm.id = lc.tempid 
             left join channelfeed as cf on cf.id=lc.channelfeedtype where lc.id=4  
[2023-06-16 12:11:46] WizardSetupModel.INFO: Query : select fl.id,fl.name  from  hotelfeaturelist as hf  left join featurelist as fl on fl.id = hf.featureid
             where hf.hotelid=4  
[2023-06-16 12:11:46] WizardSetupModel.INFO: Query : select tvc.channelno,tvl.channelname,tvl.channellogo,tvc.channelip,tvc.channelport
            ,if(cg.categoryid is null,0,cg.categoryid) categoryid,if(cgc.categoryname is null,'Unknown',cgc.categoryname) 
            categoryname from tvchannels as tvc 
            left join tvchannelslist as tvl on tvc.channellistid = tvl.id
            left join channelgroup as cg on   cg.channelid=tvl.id and cg.hotelid = tvc.hotelid
            left join channelcategory as cgc on cgc.id = cg.categoryid
            where tvc.hotelid=4  
[2023-06-16 12:11:46] WizardSetupModel.INFO: Json Data : null  
[2023-06-16 12:12:00] WizardSetupModel.INFO: Query : select lc.brandid,(select bd.brandname from brand_details as bd where bd.id=lc.brandid) as brandname,lc.hotelname,lc.custmail,
            lc.location,lc.mobileno,lc.spocname,lc.address,lc.tempid,lc.channelfeedtype,tm.templatename,cf.channeltype
             FROM locations as lc 
             left join template as tm on tm.id = lc.tempid 
             left join channelfeed as cf on cf.id=lc.channelfeedtype where lc.id=4  
[2023-06-16 12:12:00] WizardSetupModel.INFO: Query : select fl.id,fl.name  from  hotelfeaturelist as hf  left join featurelist as fl on fl.id = hf.featureid
             where hf.hotelid=4  
[2023-06-16 12:12:00] WizardSetupModel.INFO: Query : select tvc.channelno,tvl.channelname,tvl.channellogo,tvc.channelip,tvc.channelport
            ,if(cg.categoryid is null,0,cg.categoryid) categoryid,if(cgc.categoryname is null,'Unknown',cgc.categoryname) 
            categoryname from tvchannels as tvc 
            left join tvchannelslist as tvl on tvc.channellistid = tvl.id
            left join channelgroup as cg on   cg.channelid=tvl.id and cg.hotelid = tvc.hotelid
            left join channelcategory as cgc on cgc.id = cg.categoryid
            where tvc.hotelid=4  
[2023-06-16 12:12:00] WizardSetupModel.INFO: Json Data : null  
[2023-06-16 12:12:15] WizardSetupModel.INFO: Query : select lc.brandid,(select bd.brandname from brand_details as bd where bd.id=lc.brandid) as brandname,lc.hotelname,lc.custmail,
            lc.location,lc.mobileno,lc.spocname,lc.address,lc.tempid,lc.channelfeedtype,tm.templatename,cf.channeltype
             FROM locations as lc 
             left join template as tm on tm.id = lc.tempid 
             left join channelfeed as cf on cf.id=lc.channelfeedtype where lc.id=4  
[2023-06-16 12:12:15] WizardSetupModel.INFO: Query : select fl.id,fl.name  from  hotelfeaturelist as hf  left join featurelist as fl on fl.id = hf.featureid
             where hf.hotelid=4  
[2023-06-16 12:12:15] WizardSetupModel.INFO: Query : select tvc.channelno,tvl.channelname,tvl.channellogo,tvc.channelip,tvc.channelport
            ,if(cg.categoryid is null,0,cg.categoryid) categoryid,if(cgc.categoryname is null,'Unknown',cgc.categoryname) 
            categoryname from tvchannels as tvc 
            left join tvchannelslist as tvl on tvc.channellistid = tvl.id
            left join channelgroup as cg on   cg.channelid=tvl.id and cg.hotelid = tvc.hotelid
            left join channelcategory as cgc on cgc.id = cg.categoryid
            where tvc.hotelid=4  
[2023-06-16 12:12:15] WizardSetupModel.INFO: Json Data : null  
[2023-06-16 12:12:37] WizardSetupModel.INFO: Query : select lc.brandid,(select bd.brandname from brand_details as bd where bd.id=lc.brandid) as brandname,lc.hotelname,lc.custmail,
            lc.location,lc.mobileno,lc.spocname,lc.address,lc.tempid,lc.channelfeedtype,tm.templatename,cf.channeltype
             FROM locations as lc 
             left join template as tm on tm.id = lc.tempid 
             left join channelfeed as cf on cf.id=lc.channelfeedtype where lc.id=4  
[2023-06-16 12:12:37] WizardSetupModel.INFO: Query : select fl.id,fl.name  from  hotelfeaturelist as hf  left join featurelist as fl on fl.id = hf.featureid
             where hf.hotelid=4  
[2023-06-16 12:12:37] WizardSetupModel.INFO: Query : select tvc.channelno,tvl.channelname,tvl.channellogo,tvc.channelip,tvc.channelport
            ,if(cg.categoryid is null,0,cg.categoryid) categoryid,if(cgc.categoryname is null,'Unknown',cgc.categoryname) 
            categoryname from tvchannels as tvc 
            left join tvchannelslist as tvl on tvc.channellistid = tvl.id
            left join channelgroup as cg on   cg.channelid=tvl.id and cg.hotelid = tvc.hotelid
            left join channelcategory as cgc on cgc.id = cg.categoryid
            where tvc.hotelid=4  
[2023-06-16 12:12:37] WizardSetupModel.INFO: Json Data : null  
[2023-06-16 12:13:42] WizardSetupModel.INFO: Query : CALL SP_WizardSetup('UPDATE',2,4,0,1)  
[2023-06-16 12:14:01] WizardSetupModel.INFO: Query : CALL SP_WizardSetup('UPDATEFEED',0,4,2,1)  
[2023-06-16 12:14:35] WizardSetupModel.INFO: Query : select lc.brandid,(select bd.brandname from brand_details as bd where bd.id=lc.brandid) as brandname,lc.hotelname,lc.custmail,
            lc.location,lc.mobileno,lc.spocname,lc.address,lc.tempid,lc.channelfeedtype,tm.templatename,cf.channeltype
             FROM locations as lc 
             left join template as tm on tm.id = lc.tempid 
             left join channelfeed as cf on cf.id=lc.channelfeedtype where lc.id=4  
[2023-06-16 12:14:35] WizardSetupModel.INFO: Query : select fl.id,fl.name  from  hotelfeaturelist as hf  left join featurelist as fl on fl.id = hf.featureid
             where hf.hotelid=4  
[2023-06-16 12:14:35] WizardSetupModel.INFO: Query : select tvc.channelno,tvl.channelname,tvl.channellogo,tvc.channelip,tvc.channelport
            ,if(cg.categoryid is null,0,cg.categoryid) categoryid,if(cgc.categoryname is null,'Unknown',cgc.categoryname) 
            categoryname from tvchannels as tvc 
            left join tvchannelslist as tvl on tvc.channellistid = tvl.id
            left join channelgroup as cg on   cg.channelid=tvl.id and cg.hotelid = tvc.hotelid
            left join channelcategory as cgc on cgc.id = cg.categoryid
            where tvc.hotelid=4  
[2023-06-16 12:14:35] WizardSetupModel.INFO: Json Data : null  
[2023-06-16 12:17:25] WizardSetupModel.INFO: Query : select lc.brandid,(select bd.brandname from brand_details as bd where bd.id=lc.brandid) as brandname,lc.hotelname,lc.custmail,
            lc.location,lc.mobileno,lc.spocname,lc.address,lc.tempid,lc.channelfeedtype,tm.templatename,cf.channeltype
             FROM locations as lc 
             left join template as tm on tm.id = lc.tempid 
             left join channelfeed as cf on cf.id=lc.channelfeedtype where lc.id=4  
[2023-06-16 12:17:25] WizardSetupModel.INFO: Query : select fl.id,fl.name  from  hotelfeaturelist as hf  left join featurelist as fl on fl.id = hf.featureid
             where hf.hotelid=4  
[2023-06-16 12:17:25] WizardSetupModel.INFO: Query : select tvc.channelno,tvl.channelname,tvl.channellogo,tvc.channelip,tvc.channelport
            ,if(cg.categoryid is null,0,cg.categoryid) categoryid,if(cgc.categoryname is null,'Unknown',cgc.categoryname) 
            categoryname from tvchannels as tvc 
            left join tvchannelslist as tvl on tvc.channellistid = tvl.id
            left join channelgroup as cg on   cg.channelid=tvl.id and cg.hotelid = tvc.hotelid
            left join channelcategory as cgc on cgc.id = cg.categoryid
            where tvc.hotelid=4  
[2023-06-16 12:17:25] WizardSetupModel.INFO: Json Data : null  
[2023-06-16 12:17:34] WizardSetupModel.INFO: Query : CALL SP_WizardSetup('UPDATE',1,4,0,1)  
[2023-06-16 12:17:47] WizardSetupModel.INFO: Query : CALL SP_WizardSetup('UPDATEFEED',0,4,1,1)  
[2023-06-16 12:17:51] WizardSetupModel.INFO: Query : CALL SP_WizardSetup('UPDATEFEED',0,4,2,1)  
[2023-06-16 12:17:55] WizardSetupModel.INFO: Query : CALL SP_WizardSetup('UPDATEFEED',0,4,3,1)  
[2023-06-16 12:17:55] WizardSetupModel.INFO: Query : select lc.brandid,(select bd.brandname from brand_details as bd where bd.id=lc.brandid) as brandname,lc.hotelname,lc.custmail,
            lc.location,lc.mobileno,lc.spocname,lc.address,lc.tempid,lc.channelfeedtype,tm.templatename,cf.channeltype
             FROM locations as lc 
             left join template as tm on tm.id = lc.tempid 
             left join channelfeed as cf on cf.id=lc.channelfeedtype where lc.id=4  
[2023-06-16 12:17:55] WizardSetupModel.INFO: Query : select fl.id,fl.name  from  hotelfeaturelist as hf  left join featurelist as fl on fl.id = hf.featureid
             where hf.hotelid=4  
[2023-06-16 12:17:55] WizardSetupModel.INFO: Query : select tvc.channelno,tvl.channelname,tvl.channellogo,tvc.channelip,tvc.channelport
            ,if(cg.categoryid is null,0,cg.categoryid) categoryid,if(cgc.categoryname is null,'Unknown',cgc.categoryname) 
            categoryname from tvchannels as tvc 
            left join tvchannelslist as tvl on tvc.channellistid = tvl.id
            left join channelgroup as cg on   cg.channelid=tvl.id and cg.hotelid = tvc.hotelid
            left join channelcategory as cgc on cgc.id = cg.categoryid
            where tvc.hotelid=4  
[2023-06-16 12:17:55] WizardSetupModel.INFO: Json Data : {"HomePageDetails":{"logo":"","bg_img":"","welcome":"","welcome_txt":"","menu":[]}}  
[2023-06-16 12:22:47] WizardSetupModel.INFO: Query : select lc.brandid,(select bd.brandname from brand_details as bd where bd.id=lc.brandid) as brandname,lc.hotelname,lc.custmail,
            lc.location,lc.mobileno,lc.spocname,lc.address,lc.tempid,lc.channelfeedtype,tm.templatename,cf.channeltype
             FROM locations as lc 
             left join template as tm on tm.id = lc.tempid 
             left join channelfeed as cf on cf.id=lc.channelfeedtype where lc.id=4  
[2023-06-16 12:22:47] WizardSetupModel.INFO: Query : select fl.id,fl.name  from  hotelfeaturelist as hf  left join featurelist as fl on fl.id = hf.featureid
             where hf.hotelid=4  
[2023-06-16 12:22:47] WizardSetupModel.INFO: Query : select tvc.channelno,tvl.channelname,tvl.channellogo,tvc.channelip,tvc.channelport
            ,if(cg.categoryid is null,0,cg.categoryid) categoryid,if(cgc.categoryname is null,'Unknown',cgc.categoryname) 
            categoryname from tvchannels as tvc 
            left join tvchannelslist as tvl on tvc.channellistid = tvl.id
            left join channelgroup as cg on   cg.channelid=tvl.id and cg.hotelid = tvc.hotelid
            left join channelcategory as cgc on cgc.id = cg.categoryid
            where tvc.hotelid=4  
[2023-06-16 12:22:47] WizardSetupModel.INFO: Json Data : null  
[2023-06-16 12:24:24] WizardSetupModel.INFO: Query : CALL SP_WizardSetup('UPDATE',2,4,0,1)  
[2023-06-16 12:24:35] WizardSetupModel.INFO: Query : CALL SP_WizardSetup('UPDATEFEED',0,4,2,1)  
[2023-06-16 12:24:39] WizardSetupModel.INFO: Query : CALL SP_WizardSetup('UPDATEFEED',0,4,3,1)  
[2023-06-16 12:24:42] WizardSetupModel.INFO: Query : CALL SP_WizardSetup('UPDATEFEED',0,4,1,1)  
[2023-06-16 12:29:15] WizardSetupModel.INFO: Query : select lc.brandid,(select bd.brandname from brand_details as bd where bd.id=lc.brandid) as brandname,lc.hotelname,lc.custmail,
            lc.location,lc.mobileno,lc.spocname,lc.address,lc.tempid,lc.channelfeedtype,tm.templatename,cf.channeltype
             FROM locations as lc 
             left join template as tm on tm.id = lc.tempid 
             left join channelfeed as cf on cf.id=lc.channelfeedtype where lc.id=4  
[2023-06-16 12:29:15] WizardSetupModel.INFO: Query : select fl.id,fl.name  from  hotelfeaturelist as hf  left join featurelist as fl on fl.id = hf.featureid
             where hf.hotelid=4  
[2023-06-16 12:29:15] WizardSetupModel.INFO: Query : select tvc.channelno,tvl.channelname,tvl.channellogo,tvc.channelip,tvc.channelport
            ,if(cg.categoryid is null,0,cg.categoryid) categoryid,if(cgc.categoryname is null,'Unknown',cgc.categoryname) 
            categoryname from tvchannels as tvc 
            left join tvchannelslist as tvl on tvc.channellistid = tvl.id
            left join channelgroup as cg on   cg.channelid=tvl.id and cg.hotelid = tvc.hotelid
            left join channelcategory as cgc on cgc.id = cg.categoryid
            where tvc.hotelid=4  
[2023-06-16 12:29:15] WizardSetupModel.INFO: Json Data : null  
[2023-06-16 12:29:18] WizardSetupModel.INFO: Query : CALL SP_WizardSetup('UPDATE',5,4,0,1)  
[2023-06-16 12:29:44] WizardSetupModel.INFO: Query : select lc.brandid,(select bd.brandname from brand_details as bd where bd.id=lc.brandid) as brandname,lc.hotelname,lc.custmail,
            lc.location,lc.mobileno,lc.spocname,lc.address,lc.tempid,lc.channelfeedtype,tm.templatename,cf.channeltype
             FROM locations as lc 
             left join template as tm on tm.id = lc.tempid 
             left join channelfeed as cf on cf.id=lc.channelfeedtype where lc.id=4  
[2023-06-16 12:29:44] WizardSetupModel.INFO: Query : select fl.id,fl.name  from  hotelfeaturelist as hf  left join featurelist as fl on fl.id = hf.featureid
             where hf.hotelid=4  
[2023-06-16 12:29:44] WizardSetupModel.INFO: Query : select tvc.channelno,tvl.channelname,tvl.channellogo,tvc.channelip,tvc.channelport
            ,if(cg.categoryid is null,0,cg.categoryid) categoryid,if(cgc.categoryname is null,'Unknown',cgc.categoryname) 
            categoryname from tvchannels as tvc 
            left join tvchannelslist as tvl on tvc.channellistid = tvl.id
            left join channelgroup as cg on   cg.channelid=tvl.id and cg.hotelid = tvc.hotelid
            left join channelcategory as cgc on cgc.id = cg.categoryid
            where tvc.hotelid=4  
[2023-06-16 12:29:44] WizardSetupModel.INFO: Json Data : ""  
[2023-06-16 12:29:54] WizardSetupModel.INFO: Query : select lc.brandid,(select bd.brandname from brand_details as bd where bd.id=lc.brandid) as brandname,lc.hotelname,lc.custmail,
            lc.location,lc.mobileno,lc.spocname,lc.address,lc.tempid,lc.channelfeedtype,tm.templatename,cf.channeltype
             FROM locations as lc 
             left join template as tm on tm.id = lc.tempid 
             left join channelfeed as cf on cf.id=lc.channelfeedtype where lc.id=4  
[2023-06-16 12:29:54] WizardSetupModel.INFO: Query : select fl.id,fl.name  from  hotelfeaturelist as hf  left join featurelist as fl on fl.id = hf.featureid
             where hf.hotelid=4  
[2023-06-16 12:29:54] WizardSetupModel.INFO: Query : select tvc.channelno,tvl.channelname,tvl.channellogo,tvc.channelip,tvc.channelport
            ,if(cg.categoryid is null,0,cg.categoryid) categoryid,if(cgc.categoryname is null,'Unknown',cgc.categoryname) 
            categoryname from tvchannels as tvc 
            left join tvchannelslist as tvl on tvc.channellistid = tvl.id
            left join channelgroup as cg on   cg.channelid=tvl.id and cg.hotelid = tvc.hotelid
            left join channelcategory as cgc on cgc.id = cg.categoryid
            where tvc.hotelid=4  
[2023-06-16 12:29:54] WizardSetupModel.INFO: Json Data : ""  
[2023-06-16 12:30:04] WizardSetupModel.INFO: Query : CALL SP_WizardSetup('UPDATE',4,4,0,1)  
[2023-06-16 12:32:22] WizardSetupModel.INFO: Query : select lc.brandid,(select bd.brandname from brand_details as bd where bd.id=lc.brandid) as brandname,lc.hotelname,lc.custmail,
            lc.location,lc.mobileno,lc.spocname,lc.address,lc.tempid,lc.channelfeedtype,tm.templatename,cf.channeltype
             FROM locations as lc 
             left join template as tm on tm.id = lc.tempid 
             left join channelfeed as cf on cf.id=lc.channelfeedtype where lc.id=4  
[2023-06-16 12:32:22] WizardSetupModel.INFO: Query : select fl.id,fl.name  from  hotelfeaturelist as hf  left join featurelist as fl on fl.id = hf.featureid
             where hf.hotelid=4  
[2023-06-16 12:32:22] WizardSetupModel.INFO: Query : select tvc.channelno,tvl.channelname,tvl.channellogo,tvc.channelip,tvc.channelport
            ,if(cg.categoryid is null,0,cg.categoryid) categoryid,if(cgc.categoryname is null,'Unknown',cgc.categoryname) 
            categoryname from tvchannels as tvc 
            left join tvchannelslist as tvl on tvc.channellistid = tvl.id
            left join channelgroup as cg on   cg.channelid=tvl.id and cg.hotelid = tvc.hotelid
            left join channelcategory as cgc on cgc.id = cg.categoryid
            where tvc.hotelid=4  
[2023-06-16 12:32:22] WizardSetupModel.INFO: Json Data : {"HomePageDetails":{"logo":"","bg_img":"","welcome":"","welcome_txt":"","menu":[]}}  
[2023-06-16 12:32:39] WizardSetupModel.INFO: Query : select lc.brandid,(select bd.brandname from brand_details as bd where bd.id=lc.brandid) as brandname,lc.hotelname,lc.custmail,
            lc.location,lc.mobileno,lc.spocname,lc.address,lc.tempid,lc.channelfeedtype,tm.templatename,cf.channeltype
             FROM locations as lc 
             left join template as tm on tm.id = lc.tempid 
             left join channelfeed as cf on cf.id=lc.channelfeedtype where lc.id=4  
[2023-06-16 12:32:39] WizardSetupModel.INFO: Query : select fl.id,fl.name  from  hotelfeaturelist as hf  left join featurelist as fl on fl.id = hf.featureid
             where hf.hotelid=4  
[2023-06-16 12:32:39] WizardSetupModel.INFO: Query : select tvc.channelno,tvl.channelname,tvl.channellogo,tvc.channelip,tvc.channelport
            ,if(cg.categoryid is null,0,cg.categoryid) categoryid,if(cgc.categoryname is null,'Unknown',cgc.categoryname) 
            categoryname from tvchannels as tvc 
            left join tvchannelslist as tvl on tvc.channellistid = tvl.id
            left join channelgroup as cg on   cg.channelid=tvl.id and cg.hotelid = tvc.hotelid
            left join channelcategory as cgc on cgc.id = cg.categoryid
            where tvc.hotelid=4  
[2023-06-16 12:32:39] WizardSetupModel.INFO: Json Data : ""  
[2023-06-16 12:33:53] WizardSetupModel.INFO: Query : CALL SP_WizardSetup('UPDATE',6,4,0,1)  
[2023-06-16 12:35:44] WizardSetupModel.INFO: Query : select lc.brandid,(select bd.brandname from brand_details as bd where bd.id=lc.brandid) as brandname,lc.hotelname,lc.custmail,
            lc.location,lc.mobileno,lc.spocname,lc.address,lc.tempid,lc.channelfeedtype,tm.templatename,cf.channeltype
             FROM locations as lc 
             left join template as tm on tm.id = lc.tempid 
             left join channelfeed as cf on cf.id=lc.channelfeedtype where lc.id=4  
[2023-06-16 12:35:44] WizardSetupModel.INFO: Query : select fl.id,fl.name  from  hotelfeaturelist as hf  left join featurelist as fl on fl.id = hf.featureid
             where hf.hotelid=4  
[2023-06-16 12:35:44] WizardSetupModel.INFO: Query : select tvc.channelno,tvl.channelname,tvl.channellogo,tvc.channelip,tvc.channelport
            ,if(cg.categoryid is null,0,cg.categoryid) categoryid,if(cgc.categoryname is null,'Unknown',cgc.categoryname) 
            categoryname from tvchannels as tvc 
            left join tvchannelslist as tvl on tvc.channellistid = tvl.id
            left join channelgroup as cg on   cg.channelid=tvl.id and cg.hotelid = tvc.hotelid
            left join channelcategory as cgc on cgc.id = cg.categoryid
            where tvc.hotelid=4  
[2023-06-16 12:35:44] WizardSetupModel.INFO: Json Data : ""  
[2023-06-16 12:35:47] WizardSetupModel.INFO: Query : CALL SP_WizardSetup('UPDATE',3,4,0,1)  
[2023-06-16 12:36:25] WizardSetupModel.INFO: Query : select lc.brandid,(select bd.brandname from brand_details as bd where bd.id=lc.brandid) as brandname,lc.hotelname,lc.custmail,
            lc.location,lc.mobileno,lc.spocname,lc.address,lc.tempid,lc.channelfeedtype,tm.templatename,cf.channeltype
             FROM locations as lc 
             left join template as tm on tm.id = lc.tempid 
             left join channelfeed as cf on cf.id=lc.channelfeedtype where lc.id=4  
[2023-06-16 12:36:25] WizardSetupModel.INFO: Query : select fl.id,fl.name  from  hotelfeaturelist as hf  left join featurelist as fl on fl.id = hf.featureid
             where hf.hotelid=4  
[2023-06-16 12:36:25] WizardSetupModel.INFO: Query : select tvc.channelno,tvl.channelname,tvl.channellogo,tvc.channelip,tvc.channelport
            ,if(cg.categoryid is null,0,cg.categoryid) categoryid,if(cgc.categoryname is null,'Unknown',cgc.categoryname) 
            categoryname from tvchannels as tvc 
            left join tvchannelslist as tvl on tvc.channellistid = tvl.id
            left join channelgroup as cg on   cg.channelid=tvl.id and cg.hotelid = tvc.hotelid
            left join channelcategory as cgc on cgc.id = cg.categoryid
            where tvc.hotelid=4  
[2023-06-16 12:36:25] WizardSetupModel.INFO: Json Data : ""  
[2023-06-16 12:36:51] WizardSetupModel.INFO: Query : select lc.brandid,(select bd.brandname from brand_details as bd where bd.id=lc.brandid) as brandname,lc.hotelname,lc.custmail,
            lc.location,lc.mobileno,lc.spocname,lc.address,lc.tempid,lc.channelfeedtype,tm.templatename,cf.channeltype
             FROM locations as lc 
             left join template as tm on tm.id = lc.tempid 
             left join channelfeed as cf on cf.id=lc.channelfeedtype where lc.id=4  
[2023-06-16 12:36:51] WizardSetupModel.INFO: Query : select fl.id,fl.name  from  hotelfeaturelist as hf  left join featurelist as fl on fl.id = hf.featureid
             where hf.hotelid=4  
[2023-06-16 12:36:51] WizardSetupModel.INFO: Query : select tvc.channelno,tvl.channelname,tvl.channellogo,tvc.channelip,tvc.channelport
            ,if(cg.categoryid is null,0,cg.categoryid) categoryid,if(cgc.categoryname is null,'Unknown',cgc.categoryname) 
            categoryname from tvchannels as tvc 
            left join tvchannelslist as tvl on tvc.channellistid = tvl.id
            left join channelgroup as cg on   cg.channelid=tvl.id and cg.hotelid = tvc.hotelid
            left join channelcategory as cgc on cgc.id = cg.categoryid
            where tvc.hotelid=4  
[2023-06-16 12:36:51] WizardSetupModel.INFO: Json Data : ""  
[2023-06-16 12:36:53] WizardSetupModel.INFO: Query : CALL SP_WizardSetup('UPDATE',3,4,0,1)  
[2023-06-16 13:00:43] WizardSetupModel.INFO: Query : select lc.brandid,(select bd.brandname from brand_details as bd where bd.id=lc.brandid) as brandname,lc.hotelname,lc.custmail,
            lc.location,lc.mobileno,lc.spocname,lc.address,lc.tempid,lc.channelfeedtype,tm.templatename,cf.channeltype
             FROM locations as lc 
             left join template as tm on tm.id = lc.tempid 
             left join channelfeed as cf on cf.id=lc.channelfeedtype where lc.id=4  
[2023-06-16 13:00:43] WizardSetupModel.INFO: Query : select fl.id,fl.name  from  hotelfeaturelist as hf  left join featurelist as fl on fl.id = hf.featureid
             where hf.hotelid=4  
[2023-06-16 13:00:43] WizardSetupModel.INFO: Query : select tvc.channelno,tvl.channelname,tvl.channellogo,tvc.channelip,tvc.channelport
            ,if(cg.categoryid is null,0,cg.categoryid) categoryid,if(cgc.categoryname is null,'Unknown',cgc.categoryname) 
            categoryname from tvchannels as tvc 
            left join tvchannelslist as tvl on tvc.channellistid = tvl.id
            left join channelgroup as cg on   cg.channelid=tvl.id and cg.hotelid = tvc.hotelid
            left join channelcategory as cgc on cgc.id = cg.categoryid
            where tvc.hotelid=4  
[2023-06-16 13:00:43] WizardSetupModel.INFO: Json Data : ""  
[2023-06-16 13:00:48] WizardSetupModel.INFO: Query : select lc.brandid,(select bd.brandname from brand_details as bd where bd.id=lc.brandid) as brandname,lc.hotelname,lc.custmail,
            lc.location,lc.mobileno,lc.spocname,lc.address,lc.tempid,lc.channelfeedtype,tm.templatename,cf.channeltype
             FROM locations as lc 
             left join template as tm on tm.id = lc.tempid 
             left join channelfeed as cf on cf.id=lc.channelfeedtype where lc.id=4  
[2023-06-16 13:00:48] WizardSetupModel.INFO: Query : select fl.id,fl.name  from  hotelfeaturelist as hf  left join featurelist as fl on fl.id = hf.featureid
             where hf.hotelid=4  
[2023-06-16 13:00:48] WizardSetupModel.INFO: Query : select tvc.channelno,tvl.channelname,tvl.channellogo,tvc.channelip,tvc.channelport
            ,if(cg.categoryid is null,0,cg.categoryid) categoryid,if(cgc.categoryname is null,'Unknown',cgc.categoryname) 
            categoryname from tvchannels as tvc 
            left join tvchannelslist as tvl on tvc.channellistid = tvl.id
            left join channelgroup as cg on   cg.channelid=tvl.id and cg.hotelid = tvc.hotelid
            left join channelcategory as cgc on cgc.id = cg.categoryid
            where tvc.hotelid=4  
[2023-06-16 13:00:48] WizardSetupModel.INFO: Json Data : ""  
[2023-06-16 13:00:51] WizardSetupModel.INFO: Query : CALL SP_WizardSetup('UPDATE',4,4,0,1)  
[2023-06-16 13:01:22] WizardSetupModel.INFO: Query : CALL SP_WizardSetup('UPDATEFEED',0,4,3,1)  
[2023-06-16 13:03:06] WizardSetupModel.INFO: Query : select lc.brandid,(select bd.brandname from brand_details as bd where bd.id=lc.brandid) as brandname,lc.hotelname,lc.custmail,
            lc.location,lc.mobileno,lc.spocname,lc.address,lc.tempid,lc.channelfeedtype,tm.templatename,cf.channeltype
             FROM locations as lc 
             left join template as tm on tm.id = lc.tempid 
             left join channelfeed as cf on cf.id=lc.channelfeedtype where lc.id=4  
[2023-06-16 13:03:06] WizardSetupModel.INFO: Query : select fl.id,fl.name  from  hotelfeaturelist as hf  left join featurelist as fl on fl.id = hf.featureid
             where hf.hotelid=4  
[2023-06-16 13:03:06] WizardSetupModel.INFO: Query : select tvc.channelno,tvl.channelname,tvl.channellogo,tvc.channelip,tvc.channelport
            ,if(cg.categoryid is null,0,cg.categoryid) categoryid,if(cgc.categoryname is null,'Unknown',cgc.categoryname) 
            categoryname from tvchannels as tvc 
            left join tvchannelslist as tvl on tvc.channellistid = tvl.id
            left join channelgroup as cg on   cg.channelid=tvl.id and cg.hotelid = tvc.hotelid
            left join channelcategory as cgc on cgc.id = cg.categoryid
            where tvc.hotelid=4  
[2023-06-16 13:03:06] WizardSetupModel.INFO: Json Data : ""  
[2023-06-16 13:07:14] WizardSetupModel.INFO: Query : select lc.brandid,(select bd.brandname from brand_details as bd where bd.id=lc.brandid) as brandname,lc.hotelname,lc.custmail,
            lc.location,lc.mobileno,lc.spocname,lc.address,lc.tempid,lc.channelfeedtype,tm.templatename,cf.channeltype
             FROM locations as lc 
             left join template as tm on tm.id = lc.tempid 
             left join channelfeed as cf on cf.id=lc.channelfeedtype where lc.id=4  
[2023-06-16 13:07:14] WizardSetupModel.INFO: Query : select fl.id,fl.name  from  hotelfeaturelist as hf  left join featurelist as fl on fl.id = hf.featureid
             where hf.hotelid=4  
[2023-06-16 13:07:14] WizardSetupModel.INFO: Query : select tvc.channelno,tvl.channelname,tvl.channellogo,tvc.channelip,tvc.channelport
            ,if(cg.categoryid is null,0,cg.categoryid) categoryid,if(cgc.categoryname is null,'Unknown',cgc.categoryname) 
            categoryname from tvchannels as tvc 
            left join tvchannelslist as tvl on tvc.channellistid = tvl.id
            left join channelgroup as cg on   cg.channelid=tvl.id and cg.hotelid = tvc.hotelid
            left join channelcategory as cgc on cgc.id = cg.categoryid
            where tvc.hotelid=4  
[2023-06-16 13:07:14] WizardSetupModel.INFO: Json Data : ""  
[2023-06-16 13:07:18] WizardSetupModel.INFO: Query : select lc.brandid,(select bd.brandname from brand_details as bd where bd.id=lc.brandid) as brandname,lc.hotelname,lc.custmail,
            lc.location,lc.mobileno,lc.spocname,lc.address,lc.tempid,lc.channelfeedtype,tm.templatename,cf.channeltype
             FROM locations as lc 
             left join template as tm on tm.id = lc.tempid 
             left join channelfeed as cf on cf.id=lc.channelfeedtype where lc.id=4  
[2023-06-16 13:07:18] WizardSetupModel.INFO: Query : select fl.id,fl.name  from  hotelfeaturelist as hf  left join featurelist as fl on fl.id = hf.featureid
             where hf.hotelid=4  
[2023-06-16 13:07:18] WizardSetupModel.INFO: Query : select tvc.channelno,tvl.channelname,tvl.channellogo,tvc.channelip,tvc.channelport
            ,if(cg.categoryid is null,0,cg.categoryid) categoryid,if(cgc.categoryname is null,'Unknown',cgc.categoryname) 
            categoryname from tvchannels as tvc 
            left join tvchannelslist as tvl on tvc.channellistid = tvl.id
            left join channelgroup as cg on   cg.channelid=tvl.id and cg.hotelid = tvc.hotelid
            left join channelcategory as cgc on cgc.id = cg.categoryid
            where tvc.hotelid=4  
[2023-06-16 13:07:18] WizardSetupModel.INFO: Json Data : ""  
[2023-06-16 13:07:21] WizardSetupModel.INFO: Query : CALL SP_WizardSetup('UPDATE',5,4,0,1)  
[2023-06-16 13:21:36] WizardSetupModel.INFO: Query : CALL SP_WizardSetup('UPDATE',6,4,0,1)  
[2023-06-16 13:21:43] WizardSetupModel.INFO: Query : select lc.brandid,(select bd.brandname from brand_details as bd where bd.id=lc.brandid) as brandname,lc.hotelname,lc.custmail,
            lc.location,lc.mobileno,lc.spocname,lc.address,lc.tempid,lc.channelfeedtype,tm.templatename,cf.channeltype
             FROM locations as lc 
             left join template as tm on tm.id = lc.tempid 
             left join channelfeed as cf on cf.id=lc.channelfeedtype where lc.id=4  
[2023-06-16 13:21:43] WizardSetupModel.INFO: Query : select fl.id,fl.name  from  hotelfeaturelist as hf  left join featurelist as fl on fl.id = hf.featureid
             where hf.hotelid=4  
[2023-06-16 13:21:43] WizardSetupModel.INFO: Query : select tvc.channelno,tvl.channelname,tvl.channellogo,tvc.channelip,tvc.channelport
            ,if(cg.categoryid is null,0,cg.categoryid) categoryid,if(cgc.categoryname is null,'Unknown',cgc.categoryname) 
            categoryname from tvchannels as tvc 
            left join tvchannelslist as tvl on tvc.channellistid = tvl.id
            left join channelgroup as cg on   cg.channelid=tvl.id and cg.hotelid = tvc.hotelid
            left join channelcategory as cgc on cgc.id = cg.categoryid
            where tvc.hotelid=4  
[2023-06-16 13:21:43] WizardSetupModel.INFO: Json Data : ""  
[2023-06-16 13:21:48] WizardSetupModel.INFO: Query : select lc.brandid,(select bd.brandname from brand_details as bd where bd.id=lc.brandid) as brandname,lc.hotelname,lc.custmail,
            lc.location,lc.mobileno,lc.spocname,lc.address,lc.tempid,lc.channelfeedtype,tm.templatename,cf.channeltype
             FROM locations as lc 
             left join template as tm on tm.id = lc.tempid 
             left join channelfeed as cf on cf.id=lc.channelfeedtype where lc.id=4  
[2023-06-16 13:21:48] WizardSetupModel.INFO: Query : select fl.id,fl.name  from  hotelfeaturelist as hf  left join featurelist as fl on fl.id = hf.featureid
             where hf.hotelid=4  
[2023-06-16 13:21:48] WizardSetupModel.INFO: Query : select tvc.channelno,tvl.channelname,tvl.channellogo,tvc.channelip,tvc.channelport
            ,if(cg.categoryid is null,0,cg.categoryid) categoryid,if(cgc.categoryname is null,'Unknown',cgc.categoryname) 
            categoryname from tvchannels as tvc 
            left join tvchannelslist as tvl on tvc.channellistid = tvl.id
            left join channelgroup as cg on   cg.channelid=tvl.id and cg.hotelid = tvc.hotelid
            left join channelcategory as cgc on cgc.id = cg.categoryid
            where tvc.hotelid=4  
[2023-06-16 13:21:48] WizardSetupModel.INFO: Json Data : ""  
[2023-06-16 13:22:02] WizardSetupModel.INFO: Query : CALL SP_WizardSetup('UPDATE',3,4,0,1)  
[2023-06-16 13:22:07] WizardSetupModel.INFO: Query : insert into temphotelfeaturelist (hotelid,featureid) values(4,1)  
[2023-06-16 13:22:07] WizardSetupModel.INFO: Query : CALL SP_WizardSetup('ADD',0,4,0,1)  
[2023-06-16 13:22:19] WizardSetupModel.INFO: Query : select lc.brandid,(select bd.brandname from brand_details as bd where bd.id=lc.brandid) as brandname,lc.hotelname,lc.custmail,
            lc.location,lc.mobileno,lc.spocname,lc.address,lc.tempid,lc.channelfeedtype,tm.templatename,cf.channeltype
             FROM locations as lc 
             left join template as tm on tm.id = lc.tempid 
             left join channelfeed as cf on cf.id=lc.channelfeedtype where lc.id=4  
[2023-06-16 13:22:19] WizardSetupModel.INFO: Query : select fl.id,fl.name  from  hotelfeaturelist as hf  left join featurelist as fl on fl.id = hf.featureid
             where hf.hotelid=4  
[2023-06-16 13:22:19] WizardSetupModel.INFO: Query : select tvc.channelno,tvl.channelname,tvl.channellogo,tvc.channelip,tvc.channelport
            ,if(cg.categoryid is null,0,cg.categoryid) categoryid,if(cgc.categoryname is null,'Unknown',cgc.categoryname) 
            categoryname from tvchannels as tvc 
            left join tvchannelslist as tvl on tvc.channellistid = tvl.id
            left join channelgroup as cg on   cg.channelid=tvl.id and cg.hotelid = tvc.hotelid
            left join channelcategory as cgc on cgc.id = cg.categoryid
            where tvc.hotelid=4  
[2023-06-16 13:22:19] WizardSetupModel.INFO: Json Data : ""  
[2023-06-16 13:22:21] WizardSetupModel.INFO: Query : CALL SP_WizardSetup('UPDATE',5,4,0,1)  
[2023-06-16 13:22:47] WizardSetupModel.INFO: Query : select lc.brandid,(select bd.brandname from brand_details as bd where bd.id=lc.brandid) as brandname,lc.hotelname,lc.custmail,
            lc.location,lc.mobileno,lc.spocname,lc.address,lc.tempid,lc.channelfeedtype,tm.templatename,cf.channeltype
             FROM locations as lc 
             left join template as tm on tm.id = lc.tempid 
             left join channelfeed as cf on cf.id=lc.channelfeedtype where lc.id=4  
[2023-06-16 13:22:47] WizardSetupModel.INFO: Query : select fl.id,fl.name  from  hotelfeaturelist as hf  left join featurelist as fl on fl.id = hf.featureid
             where hf.hotelid=4  
[2023-06-16 13:22:47] WizardSetupModel.INFO: Query : select tvc.channelno,tvl.channelname,tvl.channellogo,tvc.channelip,tvc.channelport
            ,if(cg.categoryid is null,0,cg.categoryid) categoryid,if(cgc.categoryname is null,'Unknown',cgc.categoryname) 
            categoryname from tvchannels as tvc 
            left join tvchannelslist as tvl on tvc.channellistid = tvl.id
            left join channelgroup as cg on   cg.channelid=tvl.id and cg.hotelid = tvc.hotelid
            left join channelcategory as cgc on cgc.id = cg.categoryid
            where tvc.hotelid=4  
[2023-06-16 13:22:47] WizardSetupModel.INFO: Json Data : ""  
[2023-06-16 13:22:48] WizardSetupModel.INFO: Query : CALL SP_WizardSetup('UPDATE',5,4,0,1)  
[2023-06-16 13:23:02] WizardSetupModel.INFO: Query : CALL SP_WizardSetup('UPDATEFEED',0,4,2,1)  
[2023-06-16 13:23:07] WizardSetupModel.INFO: Query : CALL SP_WizardSetup('UPDATEFEED',0,4,3,1)  
[2023-06-16 13:23:21] WizardSetupModel.INFO: Query : CALL SP_WizardSetup('UPDATEFEED',0,4,1,1)  
[2023-06-16 13:23:26] WizardSetupModel.INFO: Query : CALL SP_WizardSetup('UPDATEFEED',0,4,2,1)  
[2023-06-16 13:23:32] WizardSetupModel.INFO: Query : CALL SP_WizardSetup('UPDATEFEED',0,4,1,1)  
[2023-06-16 13:23:38] WizardSetupModel.INFO: Query : CALL SP_WizardSetup('UPDATEFEED',0,4,1,1)  
[2023-06-16 13:23:41] WizardSetupModel.INFO: Query : CALL SP_WizardSetup('UPDATEFEED',0,4,2,1)  
[2023-06-16 13:23:48] WizardSetupModel.INFO: Query : CALL SP_WizardSetup('UPDATEFEED',0,4,3,1)  
[2023-06-16 13:23:50] WizardSetupModel.INFO: Query : CALL SP_WizardSetup('UPDATEFEED',0,4,2,1)  
[2023-06-16 13:23:53] WizardSetupModel.INFO: Query : CALL SP_WizardSetup('UPDATEFEED',0,4,3,1)  
[2023-06-16 13:24:10] WizardSetupModel.INFO: Query : select lc.brandid,(select bd.brandname from brand_details as bd where bd.id=lc.brandid) as brandname,lc.hotelname,lc.custmail,
            lc.location,lc.mobileno,lc.spocname,lc.address,lc.tempid,lc.channelfeedtype,tm.templatename,cf.channeltype
             FROM locations as lc 
             left join template as tm on tm.id = lc.tempid 
             left join channelfeed as cf on cf.id=lc.channelfeedtype where lc.id=4  
[2023-06-16 13:24:10] WizardSetupModel.INFO: Query : select fl.id,fl.name  from  hotelfeaturelist as hf  left join featurelist as fl on fl.id = hf.featureid
             where hf.hotelid=4  
[2023-06-16 13:24:10] WizardSetupModel.INFO: Query : select tvc.channelno,tvl.channelname,tvl.channellogo,tvc.channelip,tvc.channelport
            ,if(cg.categoryid is null,0,cg.categoryid) categoryid,if(cgc.categoryname is null,'Unknown',cgc.categoryname) 
            categoryname from tvchannels as tvc 
            left join tvchannelslist as tvl on tvc.channellistid = tvl.id
            left join channelgroup as cg on   cg.channelid=tvl.id and cg.hotelid = tvc.hotelid
            left join channelcategory as cgc on cgc.id = cg.categoryid
            where tvc.hotelid=4  
[2023-06-16 13:24:10] WizardSetupModel.INFO: Json Data : ""  
[2023-06-16 13:24:29] WizardSetupModel.INFO: Query : select lc.brandid,(select bd.brandname from brand_details as bd where bd.id=lc.brandid) as brandname,lc.hotelname,lc.custmail,
            lc.location,lc.mobileno,lc.spocname,lc.address,lc.tempid,lc.channelfeedtype,tm.templatename,cf.channeltype
             FROM locations as lc 
             left join template as tm on tm.id = lc.tempid 
             left join channelfeed as cf on cf.id=lc.channelfeedtype where lc.id=4  
[2023-06-16 13:24:29] WizardSetupModel.INFO: Query : select fl.id,fl.name  from  hotelfeaturelist as hf  left join featurelist as fl on fl.id = hf.featureid
             where hf.hotelid=4  
[2023-06-16 13:24:29] WizardSetupModel.INFO: Query : select tvc.channelno,tvl.channelname,tvl.channellogo,tvc.channelip,tvc.channelport
            ,if(cg.categoryid is null,0,cg.categoryid) categoryid,if(cgc.categoryname is null,'Unknown',cgc.categoryname) 
            categoryname from tvchannels as tvc 
            left join tvchannelslist as tvl on tvc.channellistid = tvl.id
            left join channelgroup as cg on   cg.channelid=tvl.id and cg.hotelid = tvc.hotelid
            left join channelcategory as cgc on cgc.id = cg.categoryid
            where tvc.hotelid=4  
[2023-06-16 13:24:29] WizardSetupModel.INFO: Json Data : ""  
[2023-06-16 13:55:47] WizardSetupModel.INFO: Query : CALL SP_WizardSetup('UPDATE',3,4,0,1)  
[2023-06-16 13:55:53] WizardSetupModel.INFO: Query : select lc.brandid,(select bd.brandname from brand_details as bd where bd.id=lc.brandid) as brandname,lc.hotelname,lc.custmail,
            lc.location,lc.mobileno,lc.spocname,lc.address,lc.tempid,lc.channelfeedtype,tm.templatename,cf.channeltype
             FROM locations as lc 
             left join template as tm on tm.id = lc.tempid 
             left join channelfeed as cf on cf.id=lc.channelfeedtype where lc.id=4  
[2023-06-16 13:55:53] WizardSetupModel.INFO: Query : select fl.id,fl.name  from  hotelfeaturelist as hf  left join featurelist as fl on fl.id = hf.featureid
             where hf.hotelid=4  
[2023-06-16 13:55:53] WizardSetupModel.INFO: Query : select tvc.channelno,tvl.channelname,tvl.channellogo,tvc.channelip,tvc.channelport
            ,if(cg.categoryid is null,0,cg.categoryid) categoryid,if(cgc.categoryname is null,'Unknown',cgc.categoryname) 
            categoryname from tvchannels as tvc 
            left join tvchannelslist as tvl on tvc.channellistid = tvl.id
            left join channelgroup as cg on   cg.channelid=tvl.id and cg.hotelid = tvc.hotelid
            left join channelcategory as cgc on cgc.id = cg.categoryid
            where tvc.hotelid=4  
[2023-06-16 13:55:53] WizardSetupModel.INFO: Json Data : ""  
[2023-06-16 13:56:08] WizardSetupModel.INFO: Query : CALL SP_WizardSetup('UPDATE',4,4,0,1)  
[2023-06-16 13:58:13] WizardSetupModel.INFO: Query : CALL SP_WizardSetup('UPDATEFEED',0,4,1,1)  
[2023-06-16 13:58:27] WizardSetupModel.INFO: Query : CALL SP_WizardSetup('UPDATEFEED',0,4,2,1)  
