[2023-06-16 04:46:56] HotelAction.INFO: ======= Start Hotel Action (List) ================  
[2023-06-16 04:46:56] HotelAction.INFO: method : POST  
[2023-06-16 04:46:56] HotelAction.INFO: contentType : application/json  
[2023-06-16 04:46:56] HotelAction.INFO: Input Data : {"decoded":{"sub":"1","id":"1","userName":"super admin","userGroup":"1","email":"superadmin@msense.in","hotelId":"4","brandId":"7","iat":1686889381,"exp":1686975781}}  
[2023-06-16 04:46:56] HotelAction.INFO: ======= END Hotel Action (List) ================  
[2023-06-16 04:55:10] HotelAction.INFO: ======= Start Hotel Action (List) ================  
[2023-06-16 04:55:10] HotelAction.INFO: method : POST  
[2023-06-16 04:55:10] HotelAction.INFO: contentType : application/json  
[2023-06-16 04:55:10] HotelAction.INFO: Input Data : {"decoded":{"sub":"1","id":"1","userName":"super admin","userGroup":"1","email":"superadmin@msense.in","hotelId":"4","brandId":"7","iat":1686889381,"exp":1686975781}}  
[2023-06-16 04:55:10] HotelAction.INFO: ======= END Hotel Action (List) ================  
[2023-06-16 05:00:17] HotelAction.INFO: ======= Start Hotel Action (List) ================  
[2023-06-16 05:00:17] HotelAction.INFO: method : POST  
[2023-06-16 05:00:17] HotelAction.INFO: contentType : application/json  
[2023-06-16 05:00:17] HotelAction.INFO: Input Data : {"decoded":{"sub":"1","id":"1","userName":"super admin","userGroup":"1","email":"superadmin@msense.in","hotelId":"4","brandId":"7","iat":1686889381,"exp":1686975781}}  
[2023-06-16 05:00:17] HotelAction.INFO: ======= END Hotel Action (List) ================  
[2023-06-16 05:00:40] HotelAction.INFO: ======= Start Hotel Action (List) ================  
[2023-06-16 05:00:40] HotelAction.INFO: method : POST  
[2023-06-16 05:00:40] HotelAction.INFO: contentType : application/json  
[2023-06-16 05:00:40] HotelAction.INFO: Input Data : {"decoded":{"sub":"1","id":"1","userName":"super admin","userGroup":"1","email":"superadmin@msense.in","hotelId":"4","brandId":"7","iat":1686889381,"exp":1686975781}}  
[2023-06-16 05:00:40] HotelAction.INFO: ======= END Hotel Action (List) ================  
[2023-06-16 05:00:48] HotelAction.INFO: ======= Start Hotel Action (List) ================  
[2023-06-16 05:00:48] HotelAction.INFO: method : POST  
[2023-06-16 05:00:48] HotelAction.INFO: contentType : application/json  
[2023-06-16 05:00:48] HotelAction.INFO: Input Data : {"decoded":{"sub":"1","id":"1","userName":"super admin","userGroup":"1","email":"superadmin@msense.in","hotelId":"4","brandId":"7","iat":1686889381,"exp":1686975781}}  
[2023-06-16 05:00:48] HotelAction.INFO: ======= END Hotel Action (List) ================  
[2023-06-16 05:17:51] HotelAction.INFO: ======= Start Hotel Action (List) ================  
[2023-06-16 05:17:51] HotelAction.INFO: method : POST  
[2023-06-16 05:17:51] HotelAction.INFO: contentType : application/json  
[2023-06-16 05:17:51] HotelAction.INFO: Input Data : {"decoded":{"sub":"1","id":"1","userName":"super admin","userGroup":"1","email":"superadmin@msense.in","hotelId":"4","brandId":"7","iat":1686892076,"exp":1686978476}}  
[2023-06-16 05:17:51] HotelAction.INFO: ======= END Hotel Action (List) ================  
[2023-06-16 07:29:16] HotelAction.INFO: ======= Start Hotel Action (List) ================  
[2023-06-16 07:29:16] HotelAction.INFO: method : POST  
[2023-06-16 07:29:16] HotelAction.INFO: contentType : application/json  
[2023-06-16 07:29:16] HotelAction.INFO: Input Data : {"decoded":{"sub":"1","id":"1","userName":"super admin","userGroup":"1","email":"superadmin@msense.in","hotelId":"4","brandId":"7","iat":1686892076,"exp":1686978476}}  
[2023-06-16 07:29:16] HotelAction.INFO: ======= END Hotel Action (List) ================  
[2023-06-16 07:29:44] HotelAction.INFO: ======= Start Hotel Action (List) ================  
[2023-06-16 07:29:44] HotelAction.INFO: method : POST  
[2023-06-16 07:29:44] HotelAction.INFO: contentType : application/json  
[2023-06-16 07:29:44] HotelAction.INFO: Input Data : {"decoded":{"sub":"1","id":"1","userName":"super admin","userGroup":"1","email":"superadmin@msense.in","hotelId":"4","brandId":"7","iat":1686892076,"exp":1686978476}}  
[2023-06-16 07:29:44] HotelAction.INFO: ======= END Hotel Action (List) ================  
[2023-06-16 07:30:03] HotelAction.INFO: ======= Start Hotel Action (List) ================  
[2023-06-16 07:30:03] HotelAction.INFO: method : POST  
[2023-06-16 07:30:03] HotelAction.INFO: contentType : application/json  
[2023-06-16 07:30:03] HotelAction.INFO: Input Data : {"decoded":{"sub":"1","id":"1","userName":"super admin","userGroup":"1","email":"superadmin@msense.in","hotelId":"4","brandId":"7","iat":1686892076,"exp":1686978476}}  
[2023-06-16 07:30:03] HotelAction.INFO: ======= END Hotel Action (List) ================  
[2023-06-16 07:31:07] HotelAction.INFO: ======= Start Hotel Action (List) ================  
[2023-06-16 07:31:07] HotelAction.INFO: method : POST  
[2023-06-16 07:31:07] HotelAction.INFO: contentType : application/json  
[2023-06-16 07:31:07] HotelAction.INFO: Input Data : {"decoded":{"sub":"1","id":"1","userName":"super admin","userGroup":"1","email":"superadmin@msense.in","hotelId":"4","brandId":"7","iat":1686892076,"exp":1686978476}}  
[2023-06-16 07:31:07] HotelAction.INFO: ======= END Hotel Action (List) ================  
[2023-06-16 12:07:41] HotelAction.INFO: ======= Start Hotel Action (List) ================  
[2023-06-16 12:07:41] HotelAction.INFO: method : POST  
[2023-06-16 12:07:41] HotelAction.INFO: contentType : application/json  
[2023-06-16 12:07:41] HotelAction.INFO: Input Data : {"decoded":{"sub":"1","id":"1","userName":"super admin","userGroup":"1","email":"superadmin@msense.in","hotelId":"4","brandId":"7","iat":1686892075,"exp":1686978475}}  
[2023-06-16 12:07:41] HotelAction.INFO: ======= END Hotel Action (List) ================  
[2023-06-16 12:45:08] HotelAction.INFO: ======= Start Hotel Action (List) ================  
[2023-06-16 12:45:08] HotelAction.INFO: method : POST  
[2023-06-16 12:45:08] HotelAction.INFO: contentType : application/json  
[2023-06-16 12:45:08] HotelAction.INFO: Input Data : {"decoded":{"sub":"1","id":"1","userName":"super admin","userGroup":"1","email":"superadmin@msense.in","hotelId":"4","brandId":"7","iat":1686913695,"exp":1687000095}}  
[2023-06-16 12:45:08] HotelAction.INFO: ======= END Hotel Action (List) ================  
[2023-06-16 13:02:53] HotelAction.INFO: ======= Start Hotel Action (List) ================  
[2023-06-16 13:02:53] HotelAction.INFO: method : POST  
[2023-06-16 13:02:53] HotelAction.INFO: contentType : application/json  
[2023-06-16 13:02:53] HotelAction.INFO: Input Data : {"decoded":{"sub":"1","id":"1","userName":"super admin","userGroup":"1","email":"superadmin@msense.in","hotelId":"4","brandId":"7","iat":1686913695,"exp":1687000095}}  
[2023-06-16 13:02:53] HotelAction.INFO: ======= END Hotel Action (List) ================  
[2023-06-16 13:24:04] HotelAction.INFO: ======= Start Hotel Action (List) ================  
[2023-06-16 13:24:04] HotelAction.INFO: method : POST  
[2023-06-16 13:24:04] HotelAction.INFO: contentType : application/json  
[2023-06-16 13:24:04] HotelAction.INFO: Input Data : {"decoded":{"sub":"1","id":"1","userName":"super admin","userGroup":"1","email":"superadmin@msense.in","hotelId":"4","brandId":"7","iat":1686892075,"exp":1686978475}}  
[2023-06-16 13:24:04] HotelAction.INFO: ======= END Hotel Action (List) ================  
[2023-06-16 13:24:15] HotelAction.INFO: ======= Start Hotel Action (List) ================  
[2023-06-16 13:24:15] HotelAction.INFO: method : POST  
[2023-06-16 13:24:15] HotelAction.INFO: contentType : application/json  
[2023-06-16 13:24:15] HotelAction.INFO: Input Data : {"decoded":{"sub":"1","id":"1","userName":"super admin","userGroup":"1","email":"superadmin@msense.in","hotelId":"4","brandId":"7","iat":1686892075,"exp":1686978475}}  
[2023-06-16 13:24:15] HotelAction.INFO: ======= END Hotel Action (List) ================  
