[2023-06-16 04:23:01] LoginAction.INFO: ======= Start Login Action ================  
[2023-06-16 04:23:01] LoginAction.INFO: Input Data : {"email":"superadmin@msense.in","password":"1234567"}  
[2023-06-16 04:23:01] LoginModel.INFO: Query : call SP_Doauth('superadmin@msense.in','QUwxT0hwRExsV2g4VXpFNkdocllPQT09')  
[2023-06-16 04:23:01] LoginModel.INFO: User Data : {"username":"super admin","userGroup":"1","loginid":"1","email":"superadmin@msense.in","mobileno":"9677889090","designation":"Manage_rCate","hotelId":"4","brandId":"7"}  
[2023-06-16 04:23:01] LoginAction.INFO: ======= END Login Action ================  
[2023-06-16 04:52:18] LoginAction.INFO: ======= Start Login Action ================  
[2023-06-16 04:52:18] LoginAction.INFO: Input Data : {"email":"superadmin@msense.in","password":"1234567"}  
[2023-06-16 04:52:18] LoginModel.INFO: Query : call SP_Doauth('superadmin@msense.in','QUwxT0hwRExsV2g4VXpFNkdocllPQT09')  
[2023-06-16 04:52:18] LoginModel.INFO: User Data : {"username":"super admin","userGroup":"1","loginid":"1","email":"superadmin@msense.in","mobileno":"9677889090","designation":"Manage_rCate","hotelId":"4","brandId":"7"}  
[2023-06-16 04:52:18] LoginAction.INFO: ======= END Login Action ================  
[2023-06-16 05:07:02] LoginAction.INFO: ======= Start Login Action ================  
[2023-06-16 05:07:02] LoginAction.INFO: Input Data : {"email":"superadmin@msense.in","password":"1234567"}  
[2023-06-16 05:07:02] LoginModel.INFO: Query : call SP_Doauth('superadmin@msense.in','QUwxT0hwRExsV2g4VXpFNkdocllPQT09')  
[2023-06-16 05:07:02] LoginModel.INFO: User Data : {"username":"super admin","userGroup":"1","loginid":"1","email":"superadmin@msense.in","mobileno":"9677889090","designation":"Manage_rCate","hotelId":"4","brandId":"7"}  
[2023-06-16 05:07:02] LoginAction.INFO: ======= END Login Action ================  
[2023-06-16 05:07:55] LoginAction.INFO: ======= Start Login Action ================  
[2023-06-16 05:07:55] LoginAction.INFO: Input Data : {"email":"superadmin@msense.in","password":"1234567"}  
[2023-06-16 05:07:55] LoginModel.INFO: Query : call SP_Doauth('superadmin@msense.in','QUwxT0hwRExsV2g4VXpFNkdocllPQT09')  
[2023-06-16 05:07:55] LoginModel.INFO: User Data : {"username":"super admin","userGroup":"1","loginid":"1","email":"superadmin@msense.in","mobileno":"9677889090","designation":"Manage_rCate","hotelId":"4","brandId":"7"}  
[2023-06-16 05:07:55] LoginAction.INFO: ======= END Login Action ================  
[2023-06-16 05:07:56] LoginAction.INFO: ======= Start Login Action ================  
[2023-06-16 05:07:56] LoginAction.INFO: Input Data : {"email":"superadmin@msense.in","password":"1234567"}  
[2023-06-16 05:07:56] LoginModel.INFO: Query : call SP_Doauth('superadmin@msense.in','QUwxT0hwRExsV2g4VXpFNkdocllPQT09')  
[2023-06-16 05:07:56] LoginModel.INFO: User Data : {"username":"super admin","userGroup":"1","loginid":"1","email":"superadmin@msense.in","mobileno":"9677889090","designation":"Manage_rCate","hotelId":"4","brandId":"7"}  
[2023-06-16 05:07:56] LoginAction.INFO: ======= END Login Action ================  
[2023-06-16 05:25:38] LoginAction.INFO: ======= Start Login Action ================  
[2023-06-16 05:25:38] LoginAction.INFO: Input Data : {"email":"superadmin@msense.in","password":"1234567"}  
[2023-06-16 05:25:38] LoginModel.INFO: Query : call SP_Doauth('superadmin@msense.in','QUwxT0hwRExsV2g4VXpFNkdocllPQT09')  
[2023-06-16 05:25:38] LoginModel.INFO: User Data : {"username":"super admin","userGroup":"1","loginid":"1","email":"superadmin@msense.in","mobileno":"9677889090","designation":"Manage_rCate","hotelId":"4","brandId":"7"}  
[2023-06-16 05:25:38] LoginAction.INFO: ======= END Login Action ================  
[2023-06-16 05:28:17] LoginAction.INFO: ======= Start Login Action ================  
[2023-06-16 05:28:17] LoginAction.INFO: Input Data : {"email":"superadmin@msense.in","password":"1234567"}  
[2023-06-16 05:28:17] LoginModel.INFO: Query : call SP_Doauth('superadmin@msense.in','QUwxT0hwRExsV2g4VXpFNkdocllPQT09')  
[2023-06-16 05:28:17] LoginModel.INFO: User Data : {"username":"super admin","userGroup":"1","loginid":"1","email":"superadmin@msense.in","mobileno":"9677889090","designation":"Manage_rCate","hotelId":"4","brandId":"7"}  
[2023-06-16 05:28:17] LoginAction.INFO: ======= END Login Action ================  
[2023-06-16 09:24:41] LoginAction.INFO: ======= Start Login Action ================  
[2023-06-16 09:24:41] LoginAction.INFO: Input Data : {"email":"superadmin@msense.in","password":"1234567"}  
[2023-06-16 09:24:41] LoginModel.INFO: Query : call SP_Doauth('superadmin@msense.in','QUwxT0hwRExsV2g4VXpFNkdocllPQT09')  
[2023-06-16 09:24:41] LoginModel.INFO: User Data : {"username":"super admin","userGroup":"1","loginid":"1","email":"superadmin@msense.in","mobileno":"9677889090","designation":"Manage_rCate","hotelId":"4","brandId":"7"}  
[2023-06-16 09:24:41] LoginAction.INFO: ======= END Login Action ================  
[2023-06-16 11:08:15] LoginAction.INFO: ======= Start Login Action ================  
[2023-06-16 11:08:15] LoginAction.INFO: Input Data : {"email":"superadmin@msense.in","password":"1234567"}  
[2023-06-16 11:08:15] LoginModel.INFO: Query : call SP_Doauth('superadmin@msense.in','QUwxT0hwRExsV2g4VXpFNkdocllPQT09')  
[2023-06-16 11:08:15] LoginModel.INFO: User Data : {"username":"super admin","userGroup":"1","loginid":"1","email":"superadmin@msense.in","mobileno":"9677889090","designation":"Manage_rCate","hotelId":"4","brandId":"7"}  
[2023-06-16 11:08:15] LoginAction.INFO: ======= END Login Action ================  
[2023-06-16 12:17:45] LoginAction.INFO: ======= Start Login Action ================  
[2023-06-16 12:17:45] LoginAction.INFO: Input Data : {"email":"superadmin@msense.in","password":"1234567"}  
[2023-06-16 12:17:45] LoginModel.INFO: Query : call SP_Doauth('superadmin@msense.in','QUwxT0hwRExsV2g4VXpFNkdocllPQT09')  
[2023-06-16 12:17:45] LoginModel.INFO: User Data : {"username":"super admin","userGroup":"1","loginid":"1","email":"superadmin@msense.in","mobileno":"9677889090","designation":"Manage_rCate","hotelId":"4","brandId":"7"}  
[2023-06-16 12:17:45] LoginAction.INFO: ======= END Login Action ================  
[2023-06-16 13:00:37] LoginAction.INFO: ======= Start Login Action ================  
[2023-06-16 13:00:37] LoginAction.INFO: Input Data : {"email":"superadmin@msense.in","password":"1234567"}  
[2023-06-16 13:00:37] LoginModel.INFO: Query : call SP_Doauth('superadmin@msense.in','QUwxT0hwRExsV2g4VXpFNkdocllPQT09')  
[2023-06-16 13:00:37] LoginModel.INFO: User Data : {"username":"super admin","userGroup":"1","loginid":"1","email":"superadmin@msense.in","mobileno":"9677889090","designation":"Manage_rCate","hotelId":"4","brandId":"7"}  
[2023-06-16 13:00:37] LoginAction.INFO: ======= END Login Action ================  
[2023-06-16 13:07:09] LoginAction.INFO: ======= Start Login Action ================  
[2023-06-16 13:07:09] LoginAction.INFO: Input Data : {"email":"superadmin@msense.in","password":"1234567"}  
[2023-06-16 13:07:09] LoginModel.INFO: Query : call SP_Doauth('superadmin@msense.in','QUwxT0hwRExsV2g4VXpFNkdocllPQT09')  
[2023-06-16 13:07:09] LoginModel.INFO: User Data : {"username":"super admin","userGroup":"1","loginid":"1","email":"superadmin@msense.in","mobileno":"9677889090","designation":"Manage_rCate","hotelId":"4","brandId":"7"}  
[2023-06-16 13:07:09] LoginAction.INFO: ======= END Login Action ================  
