[2023-06-30 05:00:45] ChannelModel.INFO: Query : call SP_AddandEditChannelInfo('ADD','werwe','public/uploads/Channels/werwe.png' ,0 ,1)  
[2023-06-30 05:01:21] ChannelModel.INFO: Query : call SP_AddandEditChannelInfo('ADD','werwe','public/uploads/Channels/werwe.png' ,0 ,1)  
[2023-06-30 05:01:24] ChannelModel.INFO: Query : call SP_AddandEditChannelInfo('ADD','werwe','public/uploads/Channels/werwe.png' ,0 ,1)  
[2023-06-30 05:01:25] ChannelModel.INFO: Query : call SP_AddandEditChannelInfo('ADD','werwe','public/uploads/Channels/werwe.png' ,0 ,1)  
[2023-06-30 05:01:25] ChannelModel.INFO: Query : call SP_AddandEditChannelInfo('ADD','werwe','public/uploads/Channels/werwe.png' ,0 ,1)  
[2023-06-30 05:01:26] ChannelModel.INFO: Query : call SP_AddandEditChannelInfo('ADD','werwe','public/uploads/Channels/werwe.png' ,0 ,1)  
[2023-06-30 05:01:26] ChannelModel.INFO: Query : call SP_AddandEditChannelInfo('ADD','werwe','public/uploads/Channels/werwe.png' ,0 ,1)  
[2023-06-30 05:01:26] ChannelModel.INFO: Query : call SP_AddandEditChannelInfo('ADD','werwe','public/uploads/Channels/werwe.png' ,0 ,1)  
[2023-06-30 05:01:26] ChannelModel.INFO: Query : call SP_AddandEditChannelInfo('ADD','werwe','public/uploads/Channels/werwe.png' ,0 ,1)  
[2023-06-30 05:01:28] ChannelModel.INFO: Query : call SP_AddandEditChannelInfo('ADD','werwe','public/uploads/Channels/werwe.png' ,0 ,1)  
[2023-06-30 05:01:28] ChannelModel.INFO: Query : call SP_AddandEditChannelInfo('ADD','werwe','public/uploads/Channels/werwe.png' ,0 ,1)  
[2023-06-30 05:01:29] ChannelModel.INFO: Query : call SP_AddandEditChannelInfo('ADD','werwe','public/uploads/Channels/werwe.png' ,0 ,1)  
[2023-06-30 05:01:29] ChannelModel.INFO: Query : call SP_AddandEditChannelInfo('ADD','werwe','public/uploads/Channels/werwe.png' ,0 ,1)  
[2023-06-30 05:01:29] ChannelModel.INFO: Query : call SP_AddandEditChannelInfo('ADD','werwe','public/uploads/Channels/werwe.png' ,0 ,1)  
[2023-06-30 05:01:30] ChannelModel.INFO: Query : call SP_AddandEditChannelInfo('ADD','werwe','public/uploads/Channels/werwe.png' ,0 ,1)  
[2023-06-30 05:01:30] ChannelModel.INFO: Query : call SP_AddandEditChannelInfo('ADD','werwe','public/uploads/Channels/werwe.png' ,0 ,1)  
[2023-06-30 05:01:30] ChannelModel.INFO: Query : call SP_AddandEditChannelInfo('ADD','werwe','public/uploads/Channels/werwe.png' ,0 ,1)  
[2023-06-30 05:01:31] ChannelModel.INFO: Query : call SP_AddandEditChannelInfo('ADD','werwe','public/uploads/Channels/werwe.png' ,0 ,1)  
[2023-06-30 05:01:31] ChannelModel.INFO: Query : call SP_AddandEditChannelInfo('ADD','werwe','public/uploads/Channels/werwe.png' ,0 ,1)  
[2023-06-30 05:01:31] ChannelModel.INFO: Query : call SP_AddandEditChannelInfo('ADD','werwe','public/uploads/Channels/werwe.png' ,0 ,1)  
[2023-06-30 05:01:32] ChannelModel.INFO: Query : call SP_AddandEditChannelInfo('ADD','werwe','public/uploads/Channels/werwe.png' ,0 ,1)  
[2023-06-30 05:01:32] ChannelModel.INFO: Query : call SP_AddandEditChannelInfo('ADD','werwe','public/uploads/Channels/werwe.png' ,0 ,1)  
[2023-06-30 05:01:32] ChannelModel.INFO: Query : call SP_AddandEditChannelInfo('ADD','werwe','public/uploads/Channels/werwe.png' ,0 ,1)  
[2023-06-30 05:01:33] ChannelModel.INFO: Query : call SP_AddandEditChannelInfo('ADD','werwe','public/uploads/Channels/werwe.png' ,0 ,1)  
[2023-06-30 05:01:33] ChannelModel.INFO: Query : call SP_AddandEditChannelInfo('ADD','werwe','public/uploads/Channels/werwe.png' ,0 ,1)  
[2023-06-30 05:01:33] ChannelModel.INFO: Query : call SP_AddandEditChannelInfo('ADD','werwe','public/uploads/Channels/werwe.png' ,0 ,1)  
[2023-06-30 05:01:34] ChannelModel.INFO: Query : call SP_AddandEditChannelInfo('ADD','werwe','public/uploads/Channels/werwe.png' ,0 ,1)  
[2023-06-30 05:01:34] ChannelModel.INFO: Query : call SP_AddandEditChannelInfo('ADD','werwe','public/uploads/Channels/werwe.png' ,0 ,1)  
[2023-06-30 05:20:48] BrandRepository.ERROR: Error Code : 201Error Message : Channel image required  
[2023-06-30 05:20:48] BrandRepository.ERROR: Error File : /var/www/projects/ottproduct/api/v1/src/Domain/Repository/Channel/ChannelRepository.phpError Line : 86  
[2023-06-30 05:20:48] BrandRepository.ERROR: Error Trace String : #0 /var/www/projects/ottproduct/api/v1/src/Application/Actions/Channel/ChannelAction.php(134): App\Domain\Repository\Channel\ChannelRepository->create()
#1 /var/www/projects/ottproduct/api/v1/vendor/slim/slim/Slim/Handlers/Strategies/RequestResponse.php(38): App\Application\Actions\Channel\ChannelAction->create()
#2 /var/www/projects/ottproduct/api/v1/vendor/slim/slim/Slim/Routing/Route.php(358): Slim\Handlers\Strategies\RequestResponse->__invoke()
#3 /var/www/projects/ottproduct/api/v1/src/Application/Middleware/AuthMiddleware.php(60): Slim\Routing\Route->handle()
#4 /var/www/projects/ottproduct/api/v1/vendor/slim/slim/Slim/MiddlewareDispatcher.php(121): App\Application\Middleware\AuthMiddleware->process()
#5 /var/www/projects/ottproduct/api/v1/vendor/slim/slim/Slim/MiddlewareDispatcher.php(65): Psr\Http\Server\RequestHandlerInterface@anonymous->handle()
#6 /var/www/projects/ottproduct/api/v1/vendor/slim/slim/Slim/MiddlewareDispatcher.php(65): Slim\MiddlewareDispatcher->handle()
#7 /var/www/projects/ottproduct/api/v1/vendor/slim/slim/Slim/Routing/Route.php(315): Slim\MiddlewareDispatcher->handle()
#8 /var/www/projects/ottproduct/api/v1/vendor/slim/slim/Slim/Routing/RouteRunner.php(68): Slim\Routing\Route->run()
#9 /var/www/projects/ottproduct/api/v1/src/Application/Middleware/SessionMiddleware.php(26): Slim\Routing\RouteRunner->handle()
#10 /var/www/projects/ottproduct/api/v1/vendor/slim/slim/Slim/MiddlewareDispatcher.php(168): App\Application\Middleware\SessionMiddleware->process()
#11 /var/www/projects/ottproduct/api/v1/vendor/slim/slim/Slim/Middleware/RoutingMiddleware.php(45): Psr\Http\Server\RequestHandlerInterface@anonymous->handle()
#12 /var/www/projects/ottproduct/api/v1/vendor/slim/slim/Slim/MiddlewareDispatcher.php(121): Slim\Middleware\RoutingMiddleware->process()
#13 /var/www/projects/ottproduct/api/v1/vendor/selective/basepath/src/BasePathMiddleware.php(52): Psr\Http\Server\RequestHandlerInterface@anonymous->handle()
#14 /var/www/projects/ottproduct/api/v1/vendor/slim/slim/Slim/MiddlewareDispatcher.php(121): Selective\BasePath\BasePathMiddleware->process()
#15 /var/www/projects/ottproduct/api/v1/vendor/slim/slim/Slim/Middleware/BodyParsingMiddleware.php(64): Psr\Http\Server\RequestHandlerInterface@anonymous->handle()
#16 /var/www/projects/ottproduct/api/v1/vendor/slim/slim/Slim/MiddlewareDispatcher.php(121): Slim\Middleware\BodyParsingMiddleware->process()
#17 /var/www/projects/ottproduct/api/v1/vendor/slim/slim/Slim/Middleware/ErrorMiddleware.php(76): Psr\Http\Server\RequestHandlerInterface@anonymous->handle()
#18 /var/www/projects/ottproduct/api/v1/vendor/slim/slim/Slim/MiddlewareDispatcher.php(121): Slim\Middleware\ErrorMiddleware->process()
#19 /var/www/projects/ottproduct/api/v1/vendor/tuupola/cors-middleware/src/CorsMiddleware.php(155): Psr\Http\Server\RequestHandlerInterface@anonymous->handle()
#20 /var/www/projects/ottproduct/api/v1/vendor/slim/slim/Slim/MiddlewareDispatcher.php(121): Tuupola\Middleware\CorsMiddleware->process()
#21 /var/www/projects/ottproduct/api/v1/vendor/slim/slim/Slim/MiddlewareDispatcher.php(65): Psr\Http\Server\RequestHandlerInterface@anonymous->handle()
#22 /var/www/projects/ottproduct/api/v1/vendor/slim/slim/Slim/App.php(199): Slim\MiddlewareDispatcher->handle()
#23 /var/www/projects/ottproduct/api/v1/public/index.php(94): Slim\App->handle()
#24 {main}  
[2023-06-30 05:21:37] ChannelModel.INFO: Query : call SP_AddandEditChannelInfo('ADD','Welcome','' ,0 ,1)  
[2023-06-30 05:21:37] ChannelModel.INFO: Query : update tvchannelslist set channellogo = 'public/uploads/Channels/235.png' where id=235  
[2023-06-30 05:21:37] ChannelModel.INFO: Updated image Path : public/uploads/Channels/235.png  
[2023-06-30 05:21:37] ChannelModel.INFO: Query : call SP_AddandEditChannelInfo('ADD','Text','' ,0 ,1)  
[2023-06-30 05:21:37] ChannelModel.INFO: Query : update tvchannelslist set channellogo = 'public/uploads/Channels/236.png' where id=236  
[2023-06-30 05:21:37] ChannelModel.INFO: Updated image Path : public/uploads/Channels/236.png  
[2023-06-30 05:21:48] ChannelModel.INFO: Query : call SP_AddandEditChannelInfo('ADD','Welcome','' ,0 ,1)  
[2023-06-30 05:21:48] ChannelModel.INFO: Query : call SP_AddandEditChannelInfo('ADD','Text','' ,0 ,1)  
[2023-06-30 05:22:51] ChannelModel.INFO: Query : call SP_AddandEditChannelInfo('DELETE','', '', 232,1)  
[2023-06-30 05:22:54] ChannelModel.INFO: Query : call SP_AddandEditChannelInfo('DELETE','', '', 233,1)  
[2023-06-30 05:22:56] ChannelModel.INFO: Query : call SP_AddandEditChannelInfo('DELETE','', '', 234,1)  
[2023-06-30 05:23:16] ChannelModel.INFO: Query : call SP_AddandEditChannelInfo('DELETE','', '', 236,1)  
[2023-06-30 05:23:20] ChannelModel.INFO: Query : call SP_AddandEditChannelInfo('DELETE','', '', 235,1)  
[2023-06-30 05:24:13] ChannelModel.INFO: Query : call SP_AddandEditChannelInfo('ADD','Welcome','' ,0 ,1)  
[2023-06-30 05:24:13] ChannelModel.INFO: Query : update tvchannelslist set channellogo = 'public/uploads/Channels/237.png' where id=237  
[2023-06-30 05:24:13] ChannelModel.INFO: Updated image Path : public/uploads/Channels/237.png  
[2023-06-30 05:24:13] ChannelModel.INFO: Query : call SP_AddandEditChannelInfo('ADD','Text','' ,0 ,1)  
[2023-06-30 05:24:13] ChannelModel.INFO: Query : update tvchannelslist set channellogo = 'public/uploads/Channels/238.png' where id=238  
[2023-06-30 05:24:13] ChannelModel.INFO: Updated image Path : public/uploads/Channels/238.png  
[2023-06-30 05:24:25] ChannelModel.INFO: Query : call SP_AddandEditChannelInfo('UPDATE','Text', 'public/uploads/Channels/238.png', 238,1)  
[2023-06-30 05:24:43] ChannelModel.INFO: Query : call SP_AddandEditChannelInfo('UPDATE','Text', 'public/uploads/Channels/238.png', 238,1)  
