[2023-06-30 04:25:44] TVtempAction.INFO: ======= Start Tv Action (Get All Template List) ================  
[2023-06-30 04:25:44] TVtempAction.INFO: method : GET  
[2023-06-30 04:25:44] TVtempAction.INFO: contentType : application/json  
[2023-06-30 04:25:44] TVtempAction.INFO: Input Data : {"decoded":{"sub":"1","id":"1","userName":"super admin","userGroup":"1","email":"superadmin@msense.in","hotelId":"4","brandId":"7","iat":1688099091,"exp":1688185491}}  
[2023-06-30 04:25:44] TVtempAction.INFO: ======= Start Tv Action (Get All Template List) ================  
[2023-06-30 04:25:44] TVtempAction.INFO: method : GET  
[2023-06-30 04:25:44] TVtempAction.INFO: contentType : application/json  
[2023-06-30 04:25:44] TVtempAction.INFO: Input Data : {"decoded":{"sub":"1","id":"1","userName":"super admin","userGroup":"1","email":"superadmin@msense.in","hotelId":"4","brandId":"7","iat":1688099091,"exp":1688185491}}  
[2023-06-30 04:25:44] TVtempAction.INFO: ======= Start Tv Action (Get All Feature List) ================  
[2023-06-30 04:25:44] TVtempAction.INFO: method : GET  
[2023-06-30 04:25:44] TVtempAction.INFO: contentType : application/json  
[2023-06-30 04:25:44] TVtempAction.INFO: Input Data : {"decoded":{"sub":"1","id":"1","userName":"super admin","userGroup":"1","email":"superadmin@msense.in","hotelId":"4","brandId":"7","iat":1688099091,"exp":1688185491}}  
[2023-06-30 04:25:44] TVtempAction.INFO: ======= END Tv Action (Get All Template List) ================  
[2023-06-30 04:25:44] TVtempAction.INFO: ======= END Tv Action (Get All Feature List) ================  
[2023-06-30 04:25:44] TVtempAction.INFO: ======= END Tv Action (Get All Template List) ================  
[2023-06-30 04:36:44] TVtempAction.INFO: ======= Start Tv Action (Get All Feature List) ================  
[2023-06-30 04:36:44] TVtempAction.INFO: method : GET  
[2023-06-30 04:36:44] TVtempAction.INFO: contentType : application/json  
[2023-06-30 04:36:44] TVtempAction.INFO: Input Data : {"decoded":{"sub":"1","id":"1","userName":"super admin","userGroup":"1","email":"superadmin@msense.in","hotelId":"4","brandId":"7","iat":1688099798,"exp":1688186198}}  
[2023-06-30 04:36:44] TVtempAction.INFO: ======= Start Tv Action (Get All Template List) ================  
[2023-06-30 04:36:44] TVtempAction.INFO: method : GET  
[2023-06-30 04:36:44] TVtempAction.INFO: contentType : application/json  
[2023-06-30 04:36:44] TVtempAction.INFO: Input Data : {"decoded":{"sub":"1","id":"1","userName":"super admin","userGroup":"1","email":"superadmin@msense.in","hotelId":"4","brandId":"7","iat":1688099798,"exp":1688186198}}  
[2023-06-30 04:36:44] TVtempAction.INFO: ======= Start Tv Action (Get All Template List) ================  
[2023-06-30 04:36:44] TVtempAction.INFO: method : GET  
[2023-06-30 04:36:44] TVtempAction.INFO: contentType : application/json  
[2023-06-30 04:36:44] TVtempAction.INFO: Input Data : {"decoded":{"sub":"1","id":"1","userName":"super admin","userGroup":"1","email":"superadmin@msense.in","hotelId":"4","brandId":"7","iat":1688099798,"exp":1688186198}}  
[2023-06-30 04:36:44] TVtempAction.INFO: ======= END Tv Action (Get All Template List) ================  
[2023-06-30 04:36:44] TVtempAction.INFO: ======= END Tv Action (Get All Feature List) ================  
[2023-06-30 04:36:44] TVtempAction.INFO: ======= END Tv Action (Get All Template List) ================  
[2023-06-30 04:36:48] TVtempAction.INFO: ======= Start Tv Action (Get All Feature List) ================  
[2023-06-30 04:36:48] TVtempAction.INFO: method : GET  
[2023-06-30 04:36:48] TVtempAction.INFO: contentType : application/json  
[2023-06-30 04:36:48] TVtempAction.INFO: Input Data : {"decoded":{"sub":"1","id":"1","userName":"super admin","userGroup":"1","email":"superadmin@msense.in","hotelId":"4","brandId":"7","iat":1688099798,"exp":1688186198}}  
[2023-06-30 04:36:48] TVtempAction.INFO: ======= END Tv Action (Get All Feature List) ================  
[2023-06-30 04:36:48] TVtempAction.INFO: ======= Start Tv Action (Get All Template List) ================  
[2023-06-30 04:36:48] TVtempAction.INFO: method : GET  
[2023-06-30 04:36:48] TVtempAction.INFO: contentType : application/json  
[2023-06-30 04:36:48] TVtempAction.INFO: Input Data : {"decoded":{"sub":"1","id":"1","userName":"super admin","userGroup":"1","email":"superadmin@msense.in","hotelId":"4","brandId":"7","iat":1688099798,"exp":1688186198}}  
[2023-06-30 04:36:48] TVtempAction.INFO: ======= Start Tv Action (Get All Template List) ================  
[2023-06-30 04:36:48] TVtempAction.INFO: method : GET  
[2023-06-30 04:36:48] TVtempAction.INFO: contentType : application/json  
[2023-06-30 04:36:48] TVtempAction.INFO: Input Data : {"decoded":{"sub":"1","id":"1","userName":"super admin","userGroup":"1","email":"superadmin@msense.in","hotelId":"4","brandId":"7","iat":1688099798,"exp":1688186198}}  
[2023-06-30 04:36:48] TVtempAction.INFO: ======= END Tv Action (Get All Template List) ================  
[2023-06-30 04:36:48] TVtempAction.INFO: ======= END Tv Action (Get All Template List) ================  
[2023-06-30 04:58:36] TVtempAction.INFO: ======= Start Tv Action (Get All Template List) ================  
[2023-06-30 04:58:36] TVtempAction.INFO: method : GET  
[2023-06-30 04:58:36] TVtempAction.INFO: contentType : application/json  
[2023-06-30 04:58:36] TVtempAction.INFO: Input Data : {"decoded":{"sub":"1","id":"1","userName":"super admin","userGroup":"1","email":"superadmin@msense.in","hotelId":"4","brandId":"7","iat":1688101109,"exp":1688187509}}  
[2023-06-30 04:58:36] TVtempAction.INFO: ======= Start Tv Action (Get All Template List) ================  
[2023-06-30 04:58:36] TVtempAction.INFO: method : GET  
[2023-06-30 04:58:36] TVtempAction.INFO: contentType : application/json  
[2023-06-30 04:58:36] TVtempAction.INFO: Input Data : {"decoded":{"sub":"1","id":"1","userName":"super admin","userGroup":"1","email":"superadmin@msense.in","hotelId":"4","brandId":"7","iat":1688101109,"exp":1688187509}}  
[2023-06-30 04:58:36] TVtempAction.INFO: ======= Start Tv Action (Get All Feature List) ================  
[2023-06-30 04:58:36] TVtempAction.INFO: method : GET  
[2023-06-30 04:58:36] TVtempAction.INFO: contentType : application/json  
[2023-06-30 04:58:36] TVtempAction.INFO: Input Data : {"decoded":{"sub":"1","id":"1","userName":"super admin","userGroup":"1","email":"superadmin@msense.in","hotelId":"4","brandId":"7","iat":1688101109,"exp":1688187509}}  
[2023-06-30 04:58:36] TVtempAction.INFO: ======= END Tv Action (Get All Template List) ================  
[2023-06-30 04:58:36] TVtempAction.INFO: ======= END Tv Action (Get All Feature List) ================  
[2023-06-30 04:58:36] TVtempAction.INFO: ======= END Tv Action (Get All Template List) ================  
[2023-06-30 05:00:20] TVtempAction.INFO: ======= Start Tv Action (Get All Template List) ================  
[2023-06-30 05:00:20] TVtempAction.INFO: method : GET  
[2023-06-30 05:00:20] TVtempAction.INFO: contentType : application/json  
[2023-06-30 05:00:20] TVtempAction.INFO: Input Data : {"decoded":{"sub":"1","id":"1","userName":"super admin","userGroup":"1","email":"superadmin@msense.in","hotelId":"4","brandId":"7","iat":1688101109,"exp":1688187509}}  
[2023-06-30 05:00:20] TVtempAction.INFO: ======= Start Tv Action (Get All Template List) ================  
[2023-06-30 05:00:20] TVtempAction.INFO: method : GET  
[2023-06-30 05:00:20] TVtempAction.INFO: contentType : application/json  
[2023-06-30 05:00:20] TVtempAction.INFO: Input Data : {"decoded":{"sub":"1","id":"1","userName":"super admin","userGroup":"1","email":"superadmin@msense.in","hotelId":"4","brandId":"7","iat":1688101109,"exp":1688187509}}  
[2023-06-30 05:00:20] TVtempAction.INFO: ======= Start Tv Action (Get All Feature List) ================  
[2023-06-30 05:00:20] TVtempAction.INFO: method : GET  
[2023-06-30 05:00:20] TVtempAction.INFO: contentType : application/json  
[2023-06-30 05:00:20] TVtempAction.INFO: Input Data : {"decoded":{"sub":"1","id":"1","userName":"super admin","userGroup":"1","email":"superadmin@msense.in","hotelId":"4","brandId":"7","iat":1688101109,"exp":1688187509}}  
[2023-06-30 05:00:20] TVtempAction.INFO: ======= END Tv Action (Get All Template List) ================  
[2023-06-30 05:00:20] TVtempAction.INFO: ======= END Tv Action (Get All Template List) ================  
[2023-06-30 05:00:20] TVtempAction.INFO: ======= END Tv Action (Get All Feature List) ================  
