[2023-06-05 13:12:49] HotelChannelModel.INFO: temp channelgroup deleted successfully  
[2023-06-05 13:12:49] HotelChannelModel.INFO: Insert Query :  INSERT INTO tempchannelgroup(channelid,categoryid, hotelid) 
							  VALUES('1', '1', '1')   
[2023-06-05 13:12:49] HotelChannelModel.INFO: inserted successfully  
[2023-06-05 13:12:49] HotelChannelModel.INFO: Insert Query :  INSERT INTO tempchannelgroup(channelid,categoryid, hotelid) 
							  VALUES('2', '1', '1')   
[2023-06-05 13:12:49] HotelChannelModel.INFO: inserted successfully  
[2023-06-05 13:12:49] HotelChannelModel.INFO: Insert Query :  INSERT INTO tempchannelgroup(channelid,categoryid, hotelid) 
							  VALUES('3', '1', '1')   
[2023-06-05 13:12:49] HotelChannelModel.INFO: inserted successfully  
[2023-06-05 13:12:49] HotelChannelModel.INFO: Insert Query :  INSERT INTO tempchannelgroup(channelid,categoryid, hotelid) 
							  VALUES('4', '1', '1')   
[2023-06-05 13:12:49] HotelChannelModel.INFO: inserted successfully  
[2023-06-05 13:12:49] HotelChannelModel.INFO: Insert Query :  INSERT INTO tempchannelgroup(channelid,categoryid, hotelid) 
							  VALUES('5', '1', '1')   
[2023-06-05 13:12:49] HotelChannelModel.INFO: inserted successfully  
[2023-06-05 13:12:49] HotelChannelModel.INFO: Query : CALL SP_Assignchannels( 1, 1, 'ADD')   
[2023-06-05 13:12:49] HotelChannelModel.INFO: Insert Return : {"ErrorCode":"00","Result":"SUCCESS"}  
[2023-06-05 13:14:15] HotelChannelModel.INFO: temp channelgroup deleted successfully  
[2023-06-05 13:14:15] HotelChannelModel.INFO: Insert Query :  INSERT INTO tempchannelgroup(channelid,categoryid, hotelid) 
							  VALUES('1', '1', '1')   
[2023-06-05 13:14:15] HotelChannelModel.INFO: inserted successfully  
[2023-06-05 13:14:15] HotelChannelModel.INFO: Insert Query :  INSERT INTO tempchannelgroup(channelid,categoryid, hotelid) 
							  VALUES('2', '1', '1')   
[2023-06-05 13:14:15] HotelChannelModel.INFO: inserted successfully  
[2023-06-05 13:14:15] HotelChannelModel.INFO: Insert Query :  INSERT INTO tempchannelgroup(channelid,categoryid, hotelid) 
							  VALUES('3', '1', '1')   
[2023-06-05 13:14:15] HotelChannelModel.INFO: inserted successfully  
[2023-06-05 13:14:15] HotelChannelModel.INFO: Insert Query :  INSERT INTO tempchannelgroup(channelid,categoryid, hotelid) 
							  VALUES('4', '1', '1')   
[2023-06-05 13:14:15] HotelChannelModel.INFO: inserted successfully  
[2023-06-05 13:14:15] HotelChannelModel.INFO: Insert Query :  INSERT INTO tempchannelgroup(channelid,categoryid, hotelid) 
							  VALUES('5', '1', '1')   
[2023-06-05 13:14:15] HotelChannelModel.INFO: inserted successfully  
[2023-06-05 13:14:15] HotelChannelModel.INFO: Query : CALL SP_Assignchannels( 1, 1, 'ADD')   
[2023-06-05 13:14:15] HotelChannelModel.INFO: Insert Return : {"ErrorCode":"00","Result":"SUCCESS"}  
[2023-06-05 13:14:40] HotelChannelModel.INFO: temp channelgroup deleted successfully  
[2023-06-05 13:14:40] HotelChannelModel.INFO: Insert Query :  INSERT INTO tempchannelgroup(channelid,categoryid, hotelid) 
							  VALUES('1', '1', '1')   
[2023-06-05 13:14:40] HotelChannelModel.INFO: inserted successfully  
[2023-06-05 13:14:40] HotelChannelModel.INFO: Insert Query :  INSERT INTO tempchannelgroup(channelid,categoryid, hotelid) 
							  VALUES('2', '1', '1')   
[2023-06-05 13:14:40] HotelChannelModel.INFO: inserted successfully  
[2023-06-05 13:14:40] HotelChannelModel.INFO: Insert Query :  INSERT INTO tempchannelgroup(channelid,categoryid, hotelid) 
							  VALUES('3', '1', '1')   
[2023-06-05 13:14:40] HotelChannelModel.INFO: inserted successfully  
[2023-06-05 13:14:40] HotelChannelModel.INFO: Insert Query :  INSERT INTO tempchannelgroup(channelid,categoryid, hotelid) 
							  VALUES('4', '1', '1')   
[2023-06-05 13:14:40] HotelChannelModel.INFO: inserted successfully  
[2023-06-05 13:14:40] HotelChannelModel.INFO: Insert Query :  INSERT INTO tempchannelgroup(channelid,categoryid, hotelid) 
							  VALUES('5', '1', '1')   
[2023-06-05 13:14:40] HotelChannelModel.INFO: inserted successfully  
[2023-06-05 13:14:40] HotelChannelModel.INFO: Query : CALL SP_Assignchannels( 1, 1, 'ADD')   
[2023-06-05 13:14:40] HotelChannelModel.INFO: Insert Return : {"ErrorCode":"00","Result":"SUCCESS"}  
[2023-06-05 13:30:50] HotelChannelModel.INFO: temp channelgroup deleted successfully  
[2023-06-05 13:30:50] HotelChannelModel.INFO: Insert Query :  INSERT INTO tempchannelgroup(channelid,categoryid, hotelid) 
							  VALUES('1', '1', '1')   
[2023-06-05 13:30:50] HotelChannelModel.INFO: inserted successfully  
[2023-06-05 13:30:50] HotelChannelModel.INFO: Insert Query :  INSERT INTO tempchannelgroup(channelid,categoryid, hotelid) 
							  VALUES('2', '1', '1')   
[2023-06-05 13:30:50] HotelChannelModel.INFO: inserted successfully  
[2023-06-05 13:30:50] HotelChannelModel.INFO: Insert Query :  INSERT INTO tempchannelgroup(channelid,categoryid, hotelid) 
							  VALUES('3', '1', '1')   
[2023-06-05 13:30:50] HotelChannelModel.INFO: inserted successfully  
[2023-06-05 13:30:50] HotelChannelModel.INFO: Insert Query :  INSERT INTO tempchannelgroup(channelid,categoryid, hotelid) 
							  VALUES('4', '1', '1')   
[2023-06-05 13:30:50] HotelChannelModel.INFO: inserted successfully  
[2023-06-05 13:30:50] HotelChannelModel.INFO: Insert Query :  INSERT INTO tempchannelgroup(channelid,categoryid, hotelid) 
							  VALUES('5', '1', '1')   
[2023-06-05 13:30:50] HotelChannelModel.INFO: inserted successfully  
[2023-06-05 13:30:50] HotelChannelModel.INFO: Query : CALL SP_Assignchannels( 1, 1, 'ADD')   
[2023-06-05 13:30:50] HotelChannelModel.INFO: Insert Return : {"ErrorCode":"00","Result":"SUCCESS"}  
