[2023-06-06 05:38:21] ChannelRepository.INFO: ======= Start Channel Repository ================  
[2023-06-06 05:38:21] ChannelRepository.INFO: ======= End Channel Repository ================  
[2023-06-06 05:51:37] ChannelRepository.INFO: ======= Start Channel Repository ================  
[2023-06-06 05:51:37] ChannelRepository.INFO: ======= End Channel Repository ================  
[2023-06-06 05:51:43] ChannelRepository.INFO: ======= Start Channel Repository ================  
[2023-06-06 05:51:43] ChannelRepository.INFO: ======= End Channel Repository ================  
[2023-06-06 05:51:47] ChannelRepository.INFO: ======= Start Channel Repository ================  
[2023-06-06 05:51:47] ChannelRepository.INFO: ======= End Channel Repository ================  
[2023-06-06 06:38:46] ChannelRepository.INFO: ======= Start Channel Repository ================  
[2023-06-06 06:38:46] ChannelRepository.INFO: ======= End Channel Repository ================  
[2023-06-06 06:40:30] ChannelRepository.INFO: ======= Start Channel Repository ================  
[2023-06-06 06:40:30] ChannelRepository.INFO: ======= End Channel Repository ================  
[2023-06-06 06:40:55] ChannelRepository.INFO: ======= Start Channel Repository ================  
[2023-06-06 06:40:55] ChannelRepository.INFO: ======= End Channel Repository ================  
[2023-06-06 06:40:59] ChannelRepository.INFO: ======= Start Channel Repository ================  
[2023-06-06 06:40:59] ChannelRepository.INFO: ======= End Channel Repository ================  
[2023-06-06 06:41:44] ChannelRepository.INFO: ======= Start Channel Repository ================  
[2023-06-06 06:41:44] ChannelRepository.INFO: ======= End Channel Repository ================  
[2023-06-06 06:42:11] ChannelRepository.INFO: ======= Start Channel Repository ================  
[2023-06-06 06:42:11] ChannelRepository.INFO: ======= End Channel Repository ================  
[2023-06-06 06:48:05] ChannelRepository.INFO: ======= Start Channel Repository ================  
[2023-06-06 06:48:05] ChannelRepository.INFO: ======= End Channel Repository ================  
[2023-06-06 06:54:45] ChannelRepository.INFO: ======= Start Channel Repository ================  
[2023-06-06 06:54:45] ChannelRepository.INFO: ======= End Channel Repository ================  
[2023-06-06 06:55:23] ChannelRepository.INFO: ======= Start Channel Repository ================  
[2023-06-06 06:55:23] ChannelRepository.INFO: ======= End Channel Repository ================  
[2023-06-06 06:56:16] ChannelRepository.INFO: ======= Start Channel Repository ================  
[2023-06-06 06:56:16] ChannelRepository.INFO: ======= End Channel Repository ================  
[2023-06-06 06:56:45] ChannelRepository.INFO: ======= Start Channel Repository ================  
[2023-06-06 06:56:45] ChannelRepository.INFO: ======= End Channel Repository ================  
[2023-06-06 06:57:23] ChannelRepository.INFO: ======= Start Channel Repository ================  
[2023-06-06 06:57:23] ChannelRepository.INFO: ======= End Channel Repository ================  
[2023-06-06 06:57:51] ChannelRepository.INFO: ======= Start Channel Repository ================  
[2023-06-06 06:57:51] ChannelRepository.INFO: ======= End Channel Repository ================  
[2023-06-06 06:58:15] ChannelRepository.INFO: ======= Start Channel Repository ================  
[2023-06-06 06:58:15] ChannelRepository.INFO: ======= End Channel Repository ================  
[2023-06-06 06:58:20] ChannelRepository.INFO: ======= Start Channel Repository ================  
[2023-06-06 06:58:20] ChannelRepository.INFO: ======= End Channel Repository ================  
[2023-06-06 06:59:54] ChannelRepository.INFO: ======= Start Channel Repository ================  
[2023-06-06 06:59:54] ChannelRepository.INFO: ======= End Channel Repository ================  
[2023-06-06 07:00:54] ChannelRepository.INFO: ======= Start Channel Repository ================  
[2023-06-06 07:00:54] ChannelRepository.INFO: ======= End Channel Repository ================  
[2023-06-06 07:03:19] ChannelRepository.INFO: ======= Start Channel Repository ================  
[2023-06-06 07:03:19] ChannelRepository.INFO: ======= End Channel Repository ================  
[2023-06-06 09:17:42] ChannelRepository.INFO: ======= Start Channel Repository ================  
[2023-06-06 09:17:42] ChannelRepository.INFO: ======= End Channel Repository ================  
[2023-06-06 09:46:26] ChannelRepository.INFO: ======= Start Channel Repository ================  
[2023-06-06 09:46:26] ChannelRepository.INFO: ======= End Channel Repository ================  
[2023-06-06 09:48:14] ChannelRepository.INFO: ======= Start Channel Repository ================  
[2023-06-06 09:48:14] ChannelRepository.INFO: ======= End Channel Repository ================  
[2023-06-06 09:49:03] ChannelRepository.INFO: ======= Start Channel Repository ================  
[2023-06-06 09:49:03] ChannelRepository.INFO: ======= End Channel Repository ================  
[2023-06-06 09:49:22] ChannelRepository.INFO: ======= Start Channel Repository ================  
[2023-06-06 09:49:22] ChannelRepository.INFO: ======= End Channel Repository ================  
[2023-06-06 09:57:38] ChannelRepository.INFO: ======= Start Channel Repository ================  
[2023-06-06 09:57:38] ChannelRepository.INFO: ======= End Channel Repository ================  
[2023-06-06 09:58:29] ChannelRepository.INFO: ======= Start Channel Repository ================  
[2023-06-06 09:58:29] ChannelRepository.INFO: ======= End Channel Repository ================  
[2023-06-06 09:58:55] ChannelRepository.INFO: ======= Start Channel Repository ================  
[2023-06-06 09:58:55] ChannelRepository.INFO: ======= End Channel Repository ================  
[2023-06-06 09:59:27] ChannelRepository.INFO: ======= Start Channel Repository ================  
[2023-06-06 09:59:27] ChannelRepository.INFO: ======= End Channel Repository ================  
[2023-06-06 10:01:00] ChannelRepository.INFO: ======= Start Channel Repository ================  
[2023-06-06 10:01:00] ChannelRepository.INFO: ======= End Channel Repository ================  
[2023-06-06 10:01:34] ChannelRepository.INFO: ======= Start Channel Repository ================  
[2023-06-06 10:01:34] ChannelRepository.INFO: Input Data : {"decoded":{"sub":"1","id":"1","userName":"super admin","userGroup":"1","email":"superadmin@example.com","iat":1686026828,"exp":1686113228}}  
[2023-06-06 10:01:34] ChannelRepository.ERROR: Error Code : 401Error Message : Channel Name required  
[2023-06-06 10:01:34] ChannelRepository.ERROR: Error File : /var/www/projects/ottproduct/api/v1/src/Domain/Repository/Channel/ChannelRepository.phpError Line : 160  
[2023-06-06 10:01:34] ChannelRepository.INFO: ======= End Channel Repository ================  
[2023-06-06 10:01:39] ChannelRepository.INFO: ======= Start Channel Repository ================  
[2023-06-06 10:01:39] ChannelRepository.INFO: Input Data : {"decoded":{"sub":"1","id":"1","userName":"super admin","userGroup":"1","email":"superadmin@example.com","iat":1686026828,"exp":1686113228}}  
[2023-06-06 10:01:39] ChannelRepository.ERROR: Error Code : 401Error Message : Channel Name required  
[2023-06-06 10:01:39] ChannelRepository.ERROR: Error File : /var/www/projects/ottproduct/api/v1/src/Domain/Repository/Channel/ChannelRepository.phpError Line : 160  
[2023-06-06 10:01:39] ChannelRepository.INFO: ======= End Channel Repository ================  
[2023-06-06 10:03:43] ChannelRepository.INFO: ======= Start Channel Repository ================  
[2023-06-06 10:03:43] ChannelRepository.INFO: ======= End Channel Repository ================  
[2023-06-06 10:03:51] ChannelRepository.INFO: ======= Start Channel Repository ================  
[2023-06-06 10:03:51] ChannelRepository.INFO: Input Data : {"decoded":{"sub":"1","id":"1","userName":"super admin","userGroup":"1","email":"superadmin@example.com","iat":1686026828,"exp":1686113228}}  
[2023-06-06 10:03:51] ChannelRepository.ERROR: Error Code : 401Error Message : Channel Name required  
[2023-06-06 10:03:51] ChannelRepository.ERROR: Error File : /var/www/projects/ottproduct/api/v1/src/Domain/Repository/Channel/ChannelRepository.phpError Line : 160  
[2023-06-06 10:03:51] ChannelRepository.INFO: ======= End Channel Repository ================  
[2023-06-06 10:03:55] ChannelRepository.INFO: ======= Start Channel Repository ================  
[2023-06-06 10:03:55] ChannelRepository.INFO: ======= End Channel Repository ================  
[2023-06-06 10:04:25] ChannelRepository.INFO: ======= Start Channel Repository ================  
[2023-06-06 10:04:25] ChannelRepository.INFO: ======= End Channel Repository ================  
[2023-06-06 10:05:07] ChannelRepository.INFO: ======= Start Channel Repository ================  
[2023-06-06 10:05:07] ChannelRepository.INFO: ======= End Channel Repository ================  
[2023-06-06 10:05:15] ChannelRepository.INFO: ======= Start Channel Repository ================  
[2023-06-06 10:05:15] ChannelRepository.INFO: Input Data : {"decoded":{"sub":"1","id":"1","userName":"super admin","userGroup":"1","email":"superadmin@example.com","iat":1686026828,"exp":1686113228}}  
[2023-06-06 10:05:15] ChannelRepository.ERROR: Error Code : 401Error Message : Channel Name required  
[2023-06-06 10:05:15] ChannelRepository.ERROR: Error File : /var/www/projects/ottproduct/api/v1/src/Domain/Repository/Channel/ChannelRepository.phpError Line : 160  
[2023-06-06 10:05:15] ChannelRepository.INFO: ======= End Channel Repository ================  
[2023-06-06 10:06:29] ChannelRepository.INFO: ======= Start Channel Repository ================  
[2023-06-06 10:06:29] ChannelRepository.INFO: ======= End Channel Repository ================  
[2023-06-06 10:06:52] ChannelRepository.INFO: ======= Start Channel Repository ================  
[2023-06-06 10:06:52] ChannelRepository.INFO: ======= End Channel Repository ================  
[2023-06-06 10:07:06] ChannelRepository.INFO: ======= Start Channel Repository ================  
[2023-06-06 10:07:06] ChannelRepository.INFO: ======= End Channel Repository ================  
[2023-06-06 10:07:17] ChannelRepository.INFO: ======= Start Channel Repository ================  
[2023-06-06 10:07:17] ChannelRepository.INFO: Input Data : {"decoded":{"sub":"1","id":"1","userName":"super admin","userGroup":"1","email":"superadmin@example.com","iat":1686026828,"exp":1686113228}}  
[2023-06-06 10:07:17] ChannelRepository.ERROR: Error Code : 401Error Message : Channel Name required  
[2023-06-06 10:07:17] ChannelRepository.ERROR: Error File : /var/www/projects/ottproduct/api/v1/src/Domain/Repository/Channel/ChannelRepository.phpError Line : 160  
[2023-06-06 10:07:17] ChannelRepository.INFO: ======= End Channel Repository ================  
