[2023-06-06 04:47:08] LoginAction.INFO: ======= Start Login Action ================  
[2023-06-06 04:47:08] LoginAction.INFO: Input Data : {"email":"superadmin@example.com","password":"Nms@123$"}  
[2023-06-06 04:47:08] LoginModel.INFO: Query : call SP_Doauth('superadmin@example.com','ZTJKWGJiQTZ2S2JOeVhSRUF1MWoyUT09')  
[2023-06-06 04:47:08] LoginModel.INFO: User Data : {"username":"super admin","userGroup":"1","loginid":"1","email":"superadmin@example.com","mobileno":"9677889090","designation":"Manage_rCate","hotelId":"1","brandId":null}  
[2023-06-06 04:47:08] LoginAction.INFO: ======= END Login Action ================  
[2023-06-06 04:52:55] LoginAction.INFO: ======= Start Login Action ================  
[2023-06-06 04:52:55] LoginAction.INFO: Input Data : {"email":"superadmin@example.com","password":"Nms@123$"}  
[2023-06-06 04:52:55] LoginModel.INFO: Query : call SP_Doauth('superadmin@example.com','ZTJKWGJiQTZ2S2JOeVhSRUF1MWoyUT09')  
[2023-06-06 04:52:56] LoginModel.INFO: User Data : {"username":"super admin","userGroup":"1","loginid":"1","email":"superadmin@example.com","mobileno":"9677889090","designation":"Manage_rCate","hotelId":"1","brandId":null}  
[2023-06-06 04:52:56] LoginAction.INFO: ======= END Login Action ================  
[2023-06-06 09:55:11] LoginAction.INFO: ======= Start Login Action ================  
[2023-06-06 09:55:11] LoginAction.INFO: Input Data : {"email":"superadmin@example.com","password":"Nms@123$"}  
[2023-06-06 09:55:11] LoginModel.INFO: Query : call SP_Doauth('superadmin@example.com','ZTJKWGJiQTZ2S2JOeVhSRUF1MWoyUT09')  
[2023-06-06 09:55:11] LoginModel.INFO: User Data : {"username":"super admin","userGroup":"1","loginid":"1","email":"superadmin@example.com","mobileno":"9677889090","designation":"Manage_rCate","hotelId":"1","brandId":null}  
[2023-06-06 09:55:11] LoginAction.INFO: ======= END Login Action ================  
[2023-06-06 09:59:42] LoginAction.INFO: ======= Start Login Action ================  
[2023-06-06 09:59:42] LoginAction.INFO: Input Data : {"email":"superadmin@example.com","password":"Nms@123$"}  
[2023-06-06 09:59:42] LoginModel.INFO: Query : call SP_Doauth('superadmin@example.com','ZTJKWGJiQTZ2S2JOeVhSRUF1MWoyUT09')  
[2023-06-06 09:59:42] LoginModel.INFO: User Data : {"username":"super admin","userGroup":"1","loginid":"1","email":"superadmin@example.com","mobileno":"9677889090","designation":"Manage_rCate","hotelId":"1","brandId":null}  
[2023-06-06 09:59:42] LoginAction.INFO: ======= END Login Action ================  
