[2023-06-06 04:47:12] AdmnGrpsRepository.INFO: ======= Start AdmnGrps Repository ================  
[2023-06-06 04:47:12] AdmnGrpsRepository.INFO: Input Data : {"decoded":{"sub":"1","id":"1","userName":"super admin","userGroup":"1","email":"superadmin@example.com","iat":1686026828,"exp":1686113228}}  
[2023-06-06 04:47:12] AdmnGrpModel.INFO: Query : CALL SP_GroupConfig('0', '0', 0, '', 
            1, '', 10, '0', 
            0, '', 'DESC', 'GETALL')  
[2023-06-06 04:47:12] AdmnGrpModel.INFO: Group List Avaliable Group list count : 30  
[2023-06-06 04:47:12] AdmnGrpsRepository.INFO: ======= End AdmnGrps Repository ================  
[2023-06-06 04:50:24] AdmnGrpsRepository.INFO: ======= Start AdmnGrps Repository ================  
[2023-06-06 04:50:24] AdmnGrpsRepository.INFO: Input Data : {"decoded":{"sub":"1","id":"1","userName":"super admin","userGroup":"1","email":"superadmin@example.com","iat":1686026828,"exp":1686113228}}  
[2023-06-06 04:50:24] AdmnGrpModel.INFO: Query : CALL SP_GroupConfig('0', '0', 0, '', 
            1, '', 10, '0', 
            0, '', 'DESC', 'GETALL')  
[2023-06-06 04:50:24] AdmnGrpModel.INFO: Group List Avaliable Group list count : 30  
[2023-06-06 04:50:24] AdmnGrpsRepository.INFO: ======= End AdmnGrps Repository ================  
[2023-06-06 04:54:03] AdmnGrpsRepository.INFO: ======= Start AdmnGrps Repository ================  
[2023-06-06 04:54:03] AdmnGrpsRepository.INFO: Input Data : {"decoded":{"sub":"1","id":"1","userName":"super admin","userGroup":"1","email":"superadmin@example.com","iat":1686026828,"exp":1686113228}}  
[2023-06-06 04:54:03] AdmnGrpModel.INFO: Query : CALL SP_GroupConfig('0', '0', 0, '', 
            1, '', 10, '0', 
            0, '', 'DESC', 'GETALL')  
[2023-06-06 04:54:03] AdmnGrpModel.INFO: Group List Avaliable Group list count : 30  
[2023-06-06 04:54:03] AdmnGrpsRepository.INFO: ======= End AdmnGrps Repository ================  
[2023-06-06 04:54:30] AdmnGrpsRepository.INFO: ======= Start AdmnGrps Repository ================  
[2023-06-06 04:54:30] AdmnGrpsRepository.INFO: Input Data : {"decoded":{"sub":"1","id":"1","userName":"super admin","userGroup":"1","email":"superadmin@example.com","iat":1686026828,"exp":1686113228}}  
[2023-06-06 04:54:30] AdmnGrpModel.INFO: Query : CALL SP_GroupConfig('0', '0', 0, '', 
            1, '', 10, '0', 
            0, '', 'DESC', 'GETALL')  
[2023-06-06 04:54:30] AdmnGrpModel.INFO: Group List Avaliable Group list count : 30  
[2023-06-06 04:54:30] AdmnGrpsRepository.INFO: ======= End AdmnGrps Repository ================  
[2023-06-06 04:56:23] AdmnGrpsRepository.INFO: ======= Start AdmnGrps Repository ================  
[2023-06-06 04:56:23] AdmnGrpsRepository.INFO: Input Data : {"decoded":{"sub":"1","id":"1","userName":"super admin","userGroup":"1","email":"superadmin@example.com","iat":1686026828,"exp":1686113228}}  
[2023-06-06 04:56:23] AdmnGrpModel.INFO: Query : CALL SP_GroupConfig('0', '0', 0, '', 
            1, '', 10, '0', 
            0, '', 'DESC', 'GETALL')  
[2023-06-06 04:56:23] AdmnGrpModel.INFO: Group List Avaliable Group list count : 30  
[2023-06-06 04:56:23] AdmnGrpsRepository.INFO: ======= End AdmnGrps Repository ================  
[2023-06-06 04:56:28] AdmnGrpsRepository.INFO: ======= Start AdmnGrps Repository ================  
[2023-06-06 04:56:28] AdmnGrpsRepository.INFO: Input Data : {"decoded":{"sub":"1","id":"1","userName":"super admin","userGroup":"1","email":"superadmin@example.com","iat":1686026828,"exp":1686113228}}  
[2023-06-06 04:56:28] AdmnGrpModel.INFO: Query : CALL SP_GroupConfig('0', '0', 0, '', 
            1, '', 10, '0', 
            0, '', 'DESC', 'GETALL')  
[2023-06-06 04:56:28] AdmnGrpModel.INFO: Group List Avaliable Group list count : 30  
[2023-06-06 04:56:28] AdmnGrpsRepository.INFO: ======= End AdmnGrps Repository ================  
[2023-06-06 04:57:22] AdmnGrpsRepository.INFO: ======= Start AdmnGrps Repository ================  
[2023-06-06 04:57:22] AdmnGrpsRepository.INFO: Input Data : {"decoded":{"sub":"1","id":"1","userName":"super admin","userGroup":"1","email":"superadmin@example.com","iat":1686026828,"exp":1686113228}}  
[2023-06-06 04:57:22] AdmnGrpModel.INFO: Query : CALL SP_GroupConfig('0', '0', 0, '', 
            1, '', 10, '0', 
            0, '', 'DESC', 'GETALL')  
[2023-06-06 04:57:22] AdmnGrpModel.INFO: Group List Avaliable Group list count : 30  
[2023-06-06 04:57:22] AdmnGrpsRepository.INFO: ======= End AdmnGrps Repository ================  
[2023-06-06 04:57:50] AdmnGrpsRepository.INFO: ======= Start AdmnGrps Repository ================  
[2023-06-06 04:57:50] AdmnGrpsRepository.INFO: Input Data : {"decoded":{"sub":"1","id":"1","userName":"super admin","userGroup":"1","email":"superadmin@example.com","iat":1686026828,"exp":1686113228}}  
[2023-06-06 04:57:50] AdmnGrpModel.INFO: Query : CALL SP_GroupConfig('0', '0', 0, '', 
            1, '', 10, '0', 
            0, '', 'DESC', 'GETALL')  
[2023-06-06 04:57:50] AdmnGrpModel.INFO: Group List Avaliable Group list count : 30  
[2023-06-06 04:57:50] AdmnGrpsRepository.INFO: ======= End AdmnGrps Repository ================  
[2023-06-06 05:03:54] AdmnGrpsRepository.INFO: ======= Start AdmnGrps Repository ================  
[2023-06-06 05:03:54] AdmnGrpsRepository.INFO: Input Data : {"decoded":{"sub":"1","id":"1","userName":"super admin","userGroup":"1","email":"superadmin@example.com","iat":1686026828,"exp":1686113228}}  
[2023-06-06 05:03:54] AdmnGrpModel.INFO: Query : CALL SP_GroupConfig('0', '0', 0, '', 
            1, '', 10, '0', 
            0, '', 'DESC', 'GETALL')  
[2023-06-06 05:03:54] AdmnGrpModel.INFO: Group List Avaliable Group list count : 30  
[2023-06-06 05:03:54] AdmnGrpsRepository.INFO: ======= End AdmnGrps Repository ================  
[2023-06-06 05:04:04] AdmnGrpsRepository.INFO: ======= Start AdmnGrps Repository ================  
[2023-06-06 05:04:04] AdmnGrpsRepository.INFO: Input Data : {"decoded":{"sub":"1","id":"1","userName":"super admin","userGroup":"1","email":"superadmin@example.com","iat":1686026828,"exp":1686113228}}  
[2023-06-06 05:04:04] AdmnGrpModel.INFO: Query : CALL SP_GroupConfig('0', '0', 0, '', 
            1, '', 10, '0', 
            0, '', 'DESC', 'GETALL')  
[2023-06-06 05:04:04] AdmnGrpModel.INFO: Group List Avaliable Group list count : 30  
[2023-06-06 05:04:04] AdmnGrpsRepository.INFO: ======= End AdmnGrps Repository ================  
[2023-06-06 05:05:06] AdmnGrpsRepository.INFO: ======= Start AdmnGrps Repository ================  
[2023-06-06 05:05:06] AdmnGrpsRepository.INFO: Input Data : {"decoded":{"sub":"1","id":"1","userName":"super admin","userGroup":"1","email":"superadmin@example.com","iat":1686026828,"exp":1686113228}}  
[2023-06-06 05:05:06] AdmnGrpModel.INFO: Query : CALL SP_GroupConfig('0', '0', 0, '', 
            1, '', 10, '0', 
            0, '', 'DESC', 'GETALL')  
[2023-06-06 05:05:06] AdmnGrpModel.INFO: Group List Avaliable Group list count : 30  
[2023-06-06 05:05:06] AdmnGrpsRepository.INFO: ======= End AdmnGrps Repository ================  
[2023-06-06 05:05:23] AdmnGrpsRepository.INFO: ======= Start AdmnGrps Repository ================  
[2023-06-06 05:05:23] AdmnGrpsRepository.INFO: Input Data : {"decoded":{"sub":"1","id":"1","userName":"super admin","userGroup":"1","email":"superadmin@example.com","iat":1686026828,"exp":1686113228}}  
[2023-06-06 05:05:23] AdmnGrpModel.INFO: Query : CALL SP_GroupConfig('0', '0', 0, '', 
            1, '', 10, '0', 
            0, '', 'DESC', 'GETALL')  
[2023-06-06 05:05:23] AdmnGrpModel.INFO: Group List Avaliable Group list count : 30  
[2023-06-06 05:05:23] AdmnGrpsRepository.INFO: ======= End AdmnGrps Repository ================  
[2023-06-06 05:06:58] AdmnGrpsRepository.INFO: ======= Start AdmnGrps Repository ================  
[2023-06-06 05:06:58] AdmnGrpsRepository.INFO: Input Data : {"decoded":{"sub":"1","id":"1","userName":"super admin","userGroup":"1","email":"superadmin@example.com","iat":1686026828,"exp":1686113228}}  
[2023-06-06 05:06:58] AdmnGrpModel.INFO: Query : CALL SP_GroupConfig('0', '0', 0, '', 
            1, '', 10, '0', 
            0, '', 'DESC', 'GETALL')  
[2023-06-06 05:06:58] AdmnGrpModel.INFO: Group List Avaliable Group list count : 30  
[2023-06-06 05:06:58] AdmnGrpsRepository.INFO: ======= End AdmnGrps Repository ================  
[2023-06-06 05:07:23] AdmnGrpsRepository.INFO: ======= Start AdmnGrps Repository ================  
[2023-06-06 05:07:23] AdmnGrpsRepository.INFO: Input Data : {"decoded":{"sub":"1","id":"1","userName":"super admin","userGroup":"1","email":"superadmin@example.com","iat":1686026828,"exp":1686113228}}  
[2023-06-06 05:07:23] AdmnGrpModel.INFO: Query : CALL SP_GroupConfig('0', '0', 0, '', 
            1, '', 10, '0', 
            0, '', 'DESC', 'GETALL')  
[2023-06-06 05:07:23] AdmnGrpModel.INFO: Group List Avaliable Group list count : 30  
[2023-06-06 05:07:23] AdmnGrpsRepository.INFO: ======= End AdmnGrps Repository ================  
[2023-06-06 05:07:57] AdmnGrpsRepository.INFO: ======= Start AdmnGrps Repository ================  
[2023-06-06 05:07:57] AdmnGrpsRepository.INFO: Input Data : {"decoded":{"sub":"1","id":"1","userName":"super admin","userGroup":"1","email":"superadmin@example.com","iat":1686026828,"exp":1686113228}}  
[2023-06-06 05:07:57] AdmnGrpModel.INFO: Query : CALL SP_GroupConfig('0', '0', 0, '', 
            1, '', 10, '0', 
            0, '', 'DESC', 'GETALL')  
[2023-06-06 05:07:57] AdmnGrpModel.INFO: Group List Avaliable Group list count : 30  
[2023-06-06 05:07:57] AdmnGrpsRepository.INFO: ======= End AdmnGrps Repository ================  
[2023-06-06 05:09:28] AdmnGrpsRepository.INFO: ======= Start AdmnGrps Repository ================  
[2023-06-06 05:09:28] AdmnGrpsRepository.INFO: Input Data : {"decoded":{"sub":"1","id":"1","userName":"super admin","userGroup":"1","email":"superadmin@example.com","iat":1686026828,"exp":1686113228}}  
[2023-06-06 05:09:28] AdmnGrpModel.INFO: Query : CALL SP_GroupConfig('0', '0', 0, '', 
            1, '', 10, '0', 
            0, '', 'DESC', 'GETALL')  
[2023-06-06 05:09:28] AdmnGrpModel.INFO: Group List Avaliable Group list count : 30  
[2023-06-06 05:09:28] AdmnGrpsRepository.INFO: ======= End AdmnGrps Repository ================  
[2023-06-06 05:09:32] AdmnGrpsRepository.INFO: ======= Start AdmnGrps Repository ================  
[2023-06-06 05:09:32] AdmnGrpsRepository.INFO: Input Data : {"decoded":{"sub":"1","id":"1","userName":"super admin","userGroup":"1","email":"superadmin@example.com","iat":1686026828,"exp":1686113228}}  
[2023-06-06 05:09:32] AdmnGrpModel.INFO: Query : CALL SP_GroupConfig('0', '0', 0, '', 
            1, '', 10, '0', 
            0, '', 'DESC', 'GETALL')  
[2023-06-06 05:09:32] AdmnGrpModel.INFO: Group List Avaliable Group list count : 30  
[2023-06-06 05:09:32] AdmnGrpsRepository.INFO: ======= End AdmnGrps Repository ================  
[2023-06-06 05:09:36] AdmnGrpsRepository.INFO: ======= Start AdmnGrps Repository ================  
[2023-06-06 05:09:36] AdmnGrpsRepository.INFO: Input Data : {"decoded":{"sub":"1","id":"1","userName":"super admin","userGroup":"1","email":"superadmin@example.com","iat":1686026828,"exp":1686113228}}  
[2023-06-06 05:09:36] AdmnGrpModel.INFO: Query : CALL SP_GroupConfig('0', '0', 0, '', 
            1, '', 10, '0', 
            0, '', 'DESC', 'GETALL')  
[2023-06-06 05:09:36] AdmnGrpModel.INFO: Group List Avaliable Group list count : 30  
[2023-06-06 05:09:36] AdmnGrpsRepository.INFO: ======= End AdmnGrps Repository ================  
[2023-06-06 05:09:48] AdmnGrpsRepository.INFO: ======= Start AdmnGrps Repository ================  
[2023-06-06 05:09:48] AdmnGrpsRepository.INFO: Input Data : {"decoded":{"sub":"1","id":"1","userName":"super admin","userGroup":"1","email":"superadmin@example.com","iat":1686026828,"exp":1686113228}}  
[2023-06-06 05:09:48] AdmnGrpModel.INFO: Query : CALL SP_GroupConfig('0', '0', 0, '', 
            1, '', 10, '0', 
            0, '', 'DESC', 'GETALL')  
[2023-06-06 05:09:48] AdmnGrpModel.INFO: Group List Avaliable Group list count : 30  
[2023-06-06 05:09:48] AdmnGrpsRepository.INFO: ======= End AdmnGrps Repository ================  
[2023-06-06 05:09:56] AdmnGrpsRepository.INFO: ======= Start AdmnGrps Repository ================  
[2023-06-06 05:09:56] AdmnGrpsRepository.INFO: Input Data : {"decoded":{"sub":"1","id":"1","userName":"super admin","userGroup":"1","email":"superadmin@example.com","iat":1686026828,"exp":1686113228}}  
[2023-06-06 05:09:56] AdmnGrpModel.INFO: Query : CALL SP_GroupConfig('0', '0', 0, '', 
            1, '', 10, '0', 
            0, '', 'DESC', 'GETALL')  
[2023-06-06 05:09:56] AdmnGrpModel.INFO: Group List Avaliable Group list count : 30  
[2023-06-06 05:09:56] AdmnGrpsRepository.INFO: ======= End AdmnGrps Repository ================  
[2023-06-06 05:09:59] AdmnGrpsRepository.INFO: ======= Start AdmnGrps Repository ================  
[2023-06-06 05:09:59] AdmnGrpsRepository.INFO: Input Data : {"decoded":{"sub":"1","id":"1","userName":"super admin","userGroup":"1","email":"superadmin@example.com","iat":1686026828,"exp":1686113228}}  
[2023-06-06 05:09:59] AdmnGrpModel.INFO: Query : CALL SP_GroupConfig('0', '0', 0, '', 
            1, '', 10, '0', 
            0, '', 'DESC', 'GETALL')  
[2023-06-06 05:09:59] AdmnGrpModel.INFO: Group List Avaliable Group list count : 30  
[2023-06-06 05:09:59] AdmnGrpsRepository.INFO: ======= End AdmnGrps Repository ================  
[2023-06-06 05:11:03] AdmnGrpsRepository.INFO: ======= Start AdmnGrps Repository ================  
[2023-06-06 05:11:03] AdmnGrpsRepository.INFO: Input Data : {"decoded":{"sub":"1","id":"1","userName":"super admin","userGroup":"1","email":"superadmin@example.com","iat":1686026828,"exp":1686113228}}  
[2023-06-06 05:11:03] AdmnGrpModel.INFO: Query : CALL SP_GroupConfig('0', '0', 0, '', 
            1, '', 10, '0', 
            0, '', 'DESC', 'GETALL')  
[2023-06-06 05:11:03] AdmnGrpModel.INFO: Group List Avaliable Group list count : 30  
[2023-06-06 05:11:03] AdmnGrpsRepository.INFO: ======= End AdmnGrps Repository ================  
[2023-06-06 05:11:21] AdmnGrpsRepository.INFO: ======= Start AdmnGrps Repository ================  
[2023-06-06 05:11:21] AdmnGrpsRepository.INFO: Input Data : {"decoded":{"sub":"1","id":"1","userName":"super admin","userGroup":"1","email":"superadmin@example.com","iat":1686026828,"exp":1686113228}}  
[2023-06-06 05:11:21] AdmnGrpModel.INFO: Query : CALL SP_GroupConfig('0', '0', 0, '', 
            1, '', 10, '0', 
            0, '', 'DESC', 'GETALL')  
[2023-06-06 05:11:21] AdmnGrpModel.INFO: Group List Avaliable Group list count : 30  
[2023-06-06 05:11:21] AdmnGrpsRepository.INFO: ======= End AdmnGrps Repository ================  
[2023-06-06 05:11:32] AdmnGrpsRepository.INFO: ======= Start AdmnGrps Repository ================  
[2023-06-06 05:11:32] AdmnGrpsRepository.INFO: Input Data : {"decoded":{"sub":"1","id":"1","userName":"super admin","userGroup":"1","email":"superadmin@example.com","iat":1686026828,"exp":1686113228}}  
[2023-06-06 05:11:32] AdmnGrpModel.INFO: Query : CALL SP_GroupConfig('0', '0', 0, '', 
            1, '', 10, '0', 
            0, '', 'DESC', 'GETALL')  
[2023-06-06 05:11:32] AdmnGrpModel.INFO: Group List Avaliable Group list count : 30  
[2023-06-06 05:11:32] AdmnGrpsRepository.INFO: ======= End AdmnGrps Repository ================  
[2023-06-06 05:15:29] AdmnGrpsRepository.INFO: ======= Start AdmnGrps Repository ================  
[2023-06-06 05:15:29] AdmnGrpsRepository.INFO: Input Data : {"decoded":{"sub":"1","id":"1","userName":"super admin","userGroup":"1","email":"superadmin@example.com","iat":1686026828,"exp":1686113228}}  
[2023-06-06 05:15:29] AdmnGrpModel.INFO: Query : CALL SP_GroupConfig('0', '0', 0, '', 
            1, '', 10, '0', 
            0, '', 'DESC', 'GETALL')  
[2023-06-06 05:15:29] AdmnGrpModel.INFO: Group List Avaliable Group list count : 30  
[2023-06-06 05:15:29] AdmnGrpsRepository.INFO: ======= End AdmnGrps Repository ================  
[2023-06-06 05:15:47] AdmnGrpsRepository.INFO: ======= Start AdmnGrps Repository ================  
[2023-06-06 05:15:47] AdmnGrpsRepository.INFO: Input Data : {"decoded":{"sub":"1","id":"1","userName":"super admin","userGroup":"1","email":"superadmin@example.com","iat":1686026828,"exp":1686113228}}  
[2023-06-06 05:15:47] AdmnGrpModel.INFO: Query : CALL SP_GroupConfig('0', '0', 0, '', 
            1, '', 10, '0', 
            0, '', 'DESC', 'GETALL')  
[2023-06-06 05:15:47] AdmnGrpModel.INFO: Group List Avaliable Group list count : 30  
[2023-06-06 05:15:47] AdmnGrpsRepository.INFO: ======= End AdmnGrps Repository ================  
[2023-06-06 05:19:44] AdmnGrpsRepository.INFO: ======= Start AdmnGrps Repository ================  
[2023-06-06 05:19:44] AdmnGrpsRepository.INFO: Input Data : {"decoded":{"sub":"1","id":"1","userName":"super admin","userGroup":"1","email":"superadmin@example.com","iat":1686026828,"exp":1686113228}}  
[2023-06-06 05:19:44] AdmnGrpModel.INFO: Query : CALL SP_GroupConfig('0', '0', 0, '', 
            1, '', 10, '0', 
            0, '', 'DESC', 'GETALL')  
[2023-06-06 05:19:44] AdmnGrpModel.INFO: Group List Avaliable Group list count : 30  
[2023-06-06 05:19:44] AdmnGrpsRepository.INFO: ======= End AdmnGrps Repository ================  
[2023-06-06 05:21:09] AdmnGrpsRepository.INFO: ======= Start AdmnGrps Repository ================  
[2023-06-06 05:21:09] AdmnGrpsRepository.INFO: Input Data : {"decoded":{"sub":"1","id":"1","userName":"super admin","userGroup":"1","email":"superadmin@example.com","iat":1686026828,"exp":1686113228}}  
[2023-06-06 05:21:09] AdmnGrpModel.INFO: Query : CALL SP_GroupConfig('0', '0', 0, '', 
            1, '', 10, '0', 
            0, '', 'DESC', 'GETALL')  
[2023-06-06 05:21:09] AdmnGrpModel.INFO: Group List Avaliable Group list count : 30  
[2023-06-06 05:21:09] AdmnGrpsRepository.INFO: ======= End AdmnGrps Repository ================  
[2023-06-06 05:21:20] AdmnGrpsRepository.INFO: ======= Start AdmnGrps Repository ================  
[2023-06-06 05:21:20] AdmnGrpsRepository.INFO: Input Data : {"decoded":{"sub":"1","id":"1","userName":"super admin","userGroup":"1","email":"superadmin@example.com","iat":1686026828,"exp":1686113228}}  
[2023-06-06 05:21:20] AdmnGrpModel.INFO: Query : CALL SP_GroupConfig('0', '0', 0, '', 
            1, '', 10, '0', 
            0, '', 'DESC', 'GETALL')  
[2023-06-06 05:21:20] AdmnGrpModel.INFO: Group List Avaliable Group list count : 30  
[2023-06-06 05:21:20] AdmnGrpsRepository.INFO: ======= End AdmnGrps Repository ================  
[2023-06-06 05:21:23] AdmnGrpsRepository.INFO: ======= Start AdmnGrps Repository ================  
[2023-06-06 05:21:23] AdmnGrpsRepository.INFO: Input Data : {"decoded":{"sub":"1","id":"1","userName":"super admin","userGroup":"1","email":"superadmin@example.com","iat":1686026828,"exp":1686113228}}  
[2023-06-06 05:21:23] AdmnGrpModel.INFO: Query : CALL SP_GroupConfig('0', '0', 0, '', 
            1, '', 10, '0', 
            0, '', 'DESC', 'GETALL')  
[2023-06-06 05:21:23] AdmnGrpModel.INFO: Group List Avaliable Group list count : 30  
[2023-06-06 05:21:23] AdmnGrpsRepository.INFO: ======= End AdmnGrps Repository ================  
[2023-06-06 05:25:41] AdmnGrpsRepository.INFO: ======= Start AdmnGrps Repository ================  
[2023-06-06 05:25:41] AdmnGrpsRepository.INFO: Input Data : {"decoded":{"sub":"1","id":"1","userName":"super admin","userGroup":"1","email":"superadmin@example.com","iat":1686026828,"exp":1686113228}}  
[2023-06-06 05:25:41] AdmnGrpModel.INFO: Query : CALL SP_GroupConfig('0', '0', 0, '', 
            1, '', 10, '0', 
            0, '', 'DESC', 'GETALL')  
[2023-06-06 05:25:41] AdmnGrpModel.INFO: Group List Avaliable Group list count : 30  
[2023-06-06 05:25:41] AdmnGrpsRepository.INFO: ======= End AdmnGrps Repository ================  
[2023-06-06 05:26:03] AdmnGrpsRepository.INFO: ======= Start AdmnGrps Repository ================  
[2023-06-06 05:26:03] AdmnGrpsRepository.INFO: Input Data : {"decoded":{"sub":"1","id":"1","userName":"super admin","userGroup":"1","email":"superadmin@example.com","iat":1686026828,"exp":1686113228}}  
[2023-06-06 05:26:03] AdmnGrpModel.INFO: Query : CALL SP_GroupConfig('0', '0', 0, '', 
            1, '', 10, '0', 
            0, '', 'DESC', 'GETALL')  
[2023-06-06 05:26:03] AdmnGrpModel.INFO: Group List Avaliable Group list count : 30  
[2023-06-06 05:26:03] AdmnGrpsRepository.INFO: ======= End AdmnGrps Repository ================  
[2023-06-06 05:27:22] AdmnGrpsRepository.INFO: ======= Start AdmnGrps Repository ================  
[2023-06-06 05:27:22] AdmnGrpsRepository.INFO: Input Data : {"decoded":{"sub":"1","id":"1","userName":"super admin","userGroup":"1","email":"superadmin@example.com","iat":1686026828,"exp":1686113228}}  
[2023-06-06 05:27:22] AdmnGrpModel.INFO: Query : CALL SP_GroupConfig('0', '0', 0, '', 
            1, '', 10, '0', 
            0, '', 'DESC', 'GETALL')  
[2023-06-06 05:27:22] AdmnGrpModel.INFO: Group List Avaliable Group list count : 30  
[2023-06-06 05:27:22] AdmnGrpsRepository.INFO: ======= End AdmnGrps Repository ================  
[2023-06-06 05:30:41] AdmnGrpsRepository.INFO: ======= Start AdmnGrps Repository ================  
[2023-06-06 05:30:41] AdmnGrpsRepository.INFO: Input Data : {"decoded":{"sub":"1","id":"1","userName":"super admin","userGroup":"1","email":"superadmin@example.com","iat":1686026828,"exp":1686113228}}  
[2023-06-06 05:30:41] AdmnGrpModel.INFO: Query : CALL SP_GroupConfig('0', '0', 0, '', 
            1, '', 10, '0', 
            0, '', 'DESC', 'GETALL')  
[2023-06-06 05:30:41] AdmnGrpModel.INFO: Group List Avaliable Group list count : 30  
[2023-06-06 05:30:41] AdmnGrpsRepository.INFO: ======= End AdmnGrps Repository ================  
[2023-06-06 05:30:44] AdmnGrpsRepository.INFO: ======= Start AdmnGrps Repository ================  
[2023-06-06 05:30:44] AdmnGrpsRepository.INFO: Input Data : {"decoded":{"sub":"1","id":"1","userName":"super admin","userGroup":"1","email":"superadmin@example.com","iat":1686026828,"exp":1686113228}}  
[2023-06-06 05:30:44] AdmnGrpModel.INFO: Query : CALL SP_GroupConfig('0', '0', 0, '', 
            1, '', 10, '0', 
            0, '', 'DESC', 'GETALL')  
[2023-06-06 05:30:44] AdmnGrpModel.INFO: Group List Avaliable Group list count : 30  
[2023-06-06 05:30:44] AdmnGrpsRepository.INFO: ======= End AdmnGrps Repository ================  
[2023-06-06 05:31:04] AdmnGrpsRepository.INFO: ======= Start AdmnGrps Repository ================  
[2023-06-06 05:31:04] AdmnGrpsRepository.INFO: Input Data : {"decoded":{"sub":"1","id":"1","userName":"super admin","userGroup":"1","email":"superadmin@example.com","iat":1686026828,"exp":1686113228}}  
[2023-06-06 05:31:04] AdmnGrpModel.INFO: Query : CALL SP_GroupConfig('0', '0', 0, '', 
            1, '', 10, '0', 
            0, '', 'DESC', 'GETALL')  
[2023-06-06 05:31:04] AdmnGrpModel.INFO: Group List Avaliable Group list count : 30  
[2023-06-06 05:31:04] AdmnGrpsRepository.INFO: ======= End AdmnGrps Repository ================  
[2023-06-06 05:31:34] AdmnGrpsRepository.INFO: ======= Start AdmnGrps Repository ================  
[2023-06-06 05:31:34] AdmnGrpsRepository.INFO: Input Data : {"decoded":{"sub":"1","id":"1","userName":"super admin","userGroup":"1","email":"superadmin@example.com","iat":1686026828,"exp":1686113228}}  
[2023-06-06 05:31:34] AdmnGrpModel.INFO: Query : CALL SP_GroupConfig('0', '0', 0, '', 
            1, '', 10, '0', 
            0, '', 'DESC', 'GETALL')  
[2023-06-06 05:31:34] AdmnGrpModel.INFO: Group List Avaliable Group list count : 30  
[2023-06-06 05:31:34] AdmnGrpsRepository.INFO: ======= End AdmnGrps Repository ================  
[2023-06-06 05:32:13] AdmnGrpsRepository.INFO: ======= Start AdmnGrps Repository ================  
[2023-06-06 05:32:13] AdmnGrpsRepository.INFO: Input Data : {"decoded":{"sub":"1","id":"1","userName":"super admin","userGroup":"1","email":"superadmin@example.com","iat":1686026828,"exp":1686113228}}  
[2023-06-06 05:32:13] AdmnGrpModel.INFO: Query : CALL SP_GroupConfig('0', '0', 0, '', 
            1, '', 10, '0', 
            0, '', 'DESC', 'GETALL')  
[2023-06-06 05:32:13] AdmnGrpModel.INFO: Group List Avaliable Group list count : 30  
[2023-06-06 05:32:13] AdmnGrpsRepository.INFO: ======= End AdmnGrps Repository ================  
[2023-06-06 05:32:24] AdmnGrpsRepository.INFO: ======= Start AdmnGrps Repository ================  
[2023-06-06 05:32:24] AdmnGrpsRepository.INFO: Input Data : {"decoded":{"sub":"1","id":"1","userName":"super admin","userGroup":"1","email":"superadmin@example.com","iat":1686026828,"exp":1686113228}}  
[2023-06-06 05:32:24] AdmnGrpModel.INFO: Query : CALL SP_GroupConfig('0', '0', 0, '', 
            1, '', 10, '0', 
            0, '', 'DESC', 'GETALL')  
[2023-06-06 05:32:24] AdmnGrpModel.INFO: Group List Avaliable Group list count : 30  
[2023-06-06 05:32:24] AdmnGrpsRepository.INFO: ======= End AdmnGrps Repository ================  
[2023-06-06 05:32:37] AdmnGrpsRepository.INFO: ======= Start AdmnGrps Repository ================  
[2023-06-06 05:32:37] AdmnGrpsRepository.INFO: Input Data : {"decoded":{"sub":"1","id":"1","userName":"super admin","userGroup":"1","email":"superadmin@example.com","iat":1686026828,"exp":1686113228}}  
[2023-06-06 05:32:37] AdmnGrpModel.INFO: Query : CALL SP_GroupConfig('0', '0', 0, '', 
            1, '', 10, '0', 
            0, '', 'DESC', 'GETALL')  
[2023-06-06 05:32:37] AdmnGrpModel.INFO: Group List Avaliable Group list count : 30  
[2023-06-06 05:32:37] AdmnGrpsRepository.INFO: ======= End AdmnGrps Repository ================  
[2023-06-06 05:33:09] AdmnGrpsRepository.INFO: ======= Start AdmnGrps Repository ================  
[2023-06-06 05:33:09] AdmnGrpsRepository.INFO: Input Data : {"decoded":{"sub":"1","id":"1","userName":"super admin","userGroup":"1","email":"superadmin@example.com","iat":1686026828,"exp":1686113228}}  
[2023-06-06 05:33:09] AdmnGrpModel.INFO: Query : CALL SP_GroupConfig('0', '0', 0, '', 
            1, '', 10, '0', 
            0, '', 'DESC', 'GETALL')  
[2023-06-06 05:33:09] AdmnGrpModel.INFO: Group List Avaliable Group list count : 30  
[2023-06-06 05:33:09] AdmnGrpsRepository.INFO: ======= End AdmnGrps Repository ================  
[2023-06-06 05:33:20] AdmnGrpsRepository.INFO: ======= Start AdmnGrps Repository ================  
[2023-06-06 05:33:20] AdmnGrpsRepository.INFO: Input Data : {"decoded":{"sub":"1","id":"1","userName":"super admin","userGroup":"1","email":"superadmin@example.com","iat":1686026828,"exp":1686113228}}  
[2023-06-06 05:33:20] AdmnGrpModel.INFO: Query : CALL SP_GroupConfig('0', '0', 0, '', 
            1, '', 10, '0', 
            0, '', 'DESC', 'GETALL')  
[2023-06-06 05:33:20] AdmnGrpModel.INFO: Group List Avaliable Group list count : 30  
[2023-06-06 05:33:20] AdmnGrpsRepository.INFO: ======= End AdmnGrps Repository ================  
[2023-06-06 05:33:25] AdmnGrpsRepository.INFO: ======= Start AdmnGrps Repository ================  
[2023-06-06 05:33:25] AdmnGrpsRepository.INFO: Input Data : {"decoded":{"sub":"1","id":"1","userName":"super admin","userGroup":"1","email":"superadmin@example.com","iat":1686026828,"exp":1686113228}}  
[2023-06-06 05:33:25] AdmnGrpModel.INFO: Query : CALL SP_GroupConfig('0', '0', 0, '', 
            1, '', 10, '0', 
            0, '', 'DESC', 'GETALL')  
[2023-06-06 05:33:25] AdmnGrpModel.INFO: Group List Avaliable Group list count : 30  
[2023-06-06 05:33:25] AdmnGrpsRepository.INFO: ======= End AdmnGrps Repository ================  
[2023-06-06 05:33:49] AdmnGrpsRepository.INFO: ======= Start AdmnGrps Repository ================  
[2023-06-06 05:33:49] AdmnGrpsRepository.INFO: Input Data : {"decoded":{"sub":"1","id":"1","userName":"super admin","userGroup":"1","email":"superadmin@example.com","iat":1686026828,"exp":1686113228}}  
[2023-06-06 05:33:49] AdmnGrpModel.INFO: Query : CALL SP_GroupConfig('0', '0', 0, '', 
            1, '', 10, '0', 
            0, '', 'DESC', 'GETALL')  
[2023-06-06 05:33:49] AdmnGrpModel.INFO: Group List Avaliable Group list count : 30  
[2023-06-06 05:33:49] AdmnGrpsRepository.INFO: ======= End AdmnGrps Repository ================  
[2023-06-06 05:34:07] AdmnGrpsRepository.INFO: ======= Start AdmnGrps Repository ================  
[2023-06-06 05:34:07] AdmnGrpsRepository.INFO: Input Data : {"decoded":{"sub":"1","id":"1","userName":"super admin","userGroup":"1","email":"superadmin@example.com","iat":1686026828,"exp":1686113228}}  
[2023-06-06 05:34:07] AdmnGrpModel.INFO: Query : CALL SP_GroupConfig('0', '0', 0, '', 
            1, '', 10, '0', 
            0, '', 'DESC', 'GETALL')  
[2023-06-06 05:34:07] AdmnGrpModel.INFO: Group List Avaliable Group list count : 30  
[2023-06-06 05:34:07] AdmnGrpsRepository.INFO: ======= End AdmnGrps Repository ================  
[2023-06-06 05:34:28] AdmnGrpsRepository.INFO: ======= Start AdmnGrps Repository ================  
[2023-06-06 05:34:28] AdmnGrpsRepository.INFO: Input Data : {"decoded":{"sub":"1","id":"1","userName":"super admin","userGroup":"1","email":"superadmin@example.com","iat":1686026828,"exp":1686113228}}  
[2023-06-06 05:34:28] AdmnGrpModel.INFO: Query : CALL SP_GroupConfig('0', '0', 0, '', 
            1, '', 10, '0', 
            0, '', 'DESC', 'GETALL')  
[2023-06-06 05:34:28] AdmnGrpModel.INFO: Group List Avaliable Group list count : 30  
[2023-06-06 05:34:28] AdmnGrpsRepository.INFO: ======= End AdmnGrps Repository ================  
[2023-06-06 05:35:02] AdmnGrpsRepository.INFO: ======= Start AdmnGrps Repository ================  
[2023-06-06 05:35:02] AdmnGrpsRepository.INFO: Input Data : {"decoded":{"sub":"1","id":"1","userName":"super admin","userGroup":"1","email":"superadmin@example.com","iat":1686026828,"exp":1686113228}}  
[2023-06-06 05:35:02] AdmnGrpModel.INFO: Query : CALL SP_GroupConfig('0', '0', 0, '', 
            1, '', 10, '0', 
            0, '', 'DESC', 'GETALL')  
[2023-06-06 05:35:02] AdmnGrpModel.INFO: Group List Avaliable Group list count : 30  
[2023-06-06 05:35:02] AdmnGrpsRepository.INFO: ======= End AdmnGrps Repository ================  
[2023-06-06 05:35:12] AdmnGrpsRepository.INFO: ======= Start AdmnGrps Repository ================  
[2023-06-06 05:35:12] AdmnGrpsRepository.INFO: Input Data : {"decoded":{"sub":"1","id":"1","userName":"super admin","userGroup":"1","email":"superadmin@example.com","iat":1686026828,"exp":1686113228}}  
[2023-06-06 05:35:12] AdmnGrpModel.INFO: Query : CALL SP_GroupConfig('0', '0', 0, '', 
            1, '', 10, '0', 
            0, '', 'DESC', 'GETALL')  
[2023-06-06 05:35:12] AdmnGrpModel.INFO: Group List Avaliable Group list count : 30  
[2023-06-06 05:35:12] AdmnGrpsRepository.INFO: ======= End AdmnGrps Repository ================  
[2023-06-06 05:35:26] AdmnGrpsRepository.INFO: ======= Start AdmnGrps Repository ================  
[2023-06-06 05:35:26] AdmnGrpsRepository.INFO: Input Data : {"decoded":{"sub":"1","id":"1","userName":"super admin","userGroup":"1","email":"superadmin@example.com","iat":1686026828,"exp":1686113228}}  
[2023-06-06 05:35:26] AdmnGrpModel.INFO: Query : CALL SP_GroupConfig('0', '0', 0, '', 
            1, '', 10, '0', 
            0, '', 'DESC', 'GETALL')  
[2023-06-06 05:35:26] AdmnGrpModel.INFO: Group List Avaliable Group list count : 30  
[2023-06-06 05:35:26] AdmnGrpsRepository.INFO: ======= End AdmnGrps Repository ================  
[2023-06-06 05:35:48] AdmnGrpsRepository.INFO: ======= Start AdmnGrps Repository ================  
[2023-06-06 05:35:48] AdmnGrpsRepository.INFO: Input Data : {"decoded":{"sub":"1","id":"1","userName":"super admin","userGroup":"1","email":"superadmin@example.com","iat":1686026828,"exp":1686113228}}  
[2023-06-06 05:35:48] AdmnGrpModel.INFO: Query : CALL SP_GroupConfig('0', '0', 0, '', 
            1, '', 10, '0', 
            0, '', 'DESC', 'GETALL')  
[2023-06-06 05:35:48] AdmnGrpModel.INFO: Group List Avaliable Group list count : 30  
[2023-06-06 05:35:48] AdmnGrpsRepository.INFO: ======= End AdmnGrps Repository ================  
[2023-06-06 05:36:29] AdmnGrpsRepository.INFO: ======= Start AdmnGrps Repository ================  
[2023-06-06 05:36:29] AdmnGrpsRepository.INFO: Input Data : {"decoded":{"sub":"1","id":"1","userName":"super admin","userGroup":"1","email":"superadmin@example.com","iat":1686026828,"exp":1686113228}}  
[2023-06-06 05:36:29] AdmnGrpModel.INFO: Query : CALL SP_GroupConfig('0', '0', 0, '', 
            1, '', 10, '0', 
            0, '', 'DESC', 'GETALL')  
[2023-06-06 05:36:29] AdmnGrpModel.INFO: Group List Avaliable Group list count : 30  
[2023-06-06 05:36:29] AdmnGrpsRepository.INFO: ======= End AdmnGrps Repository ================  
[2023-06-06 05:36:45] AdmnGrpsRepository.INFO: ======= Start AdmnGrps Repository ================  
[2023-06-06 05:36:45] AdmnGrpsRepository.INFO: Input Data : {"decoded":{"sub":"1","id":"1","userName":"super admin","userGroup":"1","email":"superadmin@example.com","iat":1686026828,"exp":1686113228}}  
[2023-06-06 05:36:45] AdmnGrpModel.INFO: Query : CALL SP_GroupConfig('0', '0', 0, '', 
            1, '', 10, '0', 
            0, '', 'DESC', 'GETALL')  
[2023-06-06 05:36:45] AdmnGrpModel.INFO: Group List Avaliable Group list count : 30  
[2023-06-06 05:36:45] AdmnGrpsRepository.INFO: ======= End AdmnGrps Repository ================  
[2023-06-06 05:36:58] AdmnGrpsRepository.INFO: ======= Start AdmnGrps Repository ================  
[2023-06-06 05:36:58] AdmnGrpsRepository.INFO: Input Data : {"decoded":{"sub":"1","id":"1","userName":"super admin","userGroup":"1","email":"superadmin@example.com","iat":1686026828,"exp":1686113228}}  
[2023-06-06 05:36:58] AdmnGrpModel.INFO: Query : CALL SP_GroupConfig('0', '0', 0, '', 
            1, '', 10, '0', 
            0, '', 'DESC', 'GETALL')  
[2023-06-06 05:36:58] AdmnGrpModel.INFO: Group List Avaliable Group list count : 30  
[2023-06-06 05:36:58] AdmnGrpsRepository.INFO: ======= End AdmnGrps Repository ================  
[2023-06-06 05:37:11] AdmnGrpsRepository.INFO: ======= Start AdmnGrps Repository ================  
[2023-06-06 05:37:11] AdmnGrpsRepository.INFO: Input Data : {"decoded":{"sub":"1","id":"1","userName":"super admin","userGroup":"1","email":"superadmin@example.com","iat":1686026828,"exp":1686113228}}  
[2023-06-06 05:37:11] AdmnGrpModel.INFO: Query : CALL SP_GroupConfig('0', '0', 0, '', 
            1, '', 10, '0', 
            0, '', 'DESC', 'GETALL')  
[2023-06-06 05:37:11] AdmnGrpModel.INFO: Group List Avaliable Group list count : 30  
[2023-06-06 05:37:11] AdmnGrpsRepository.INFO: ======= End AdmnGrps Repository ================  
[2023-06-06 05:37:16] AdmnGrpsRepository.INFO: ======= Start AdmnGrps Repository ================  
[2023-06-06 05:37:16] AdmnGrpsRepository.INFO: Input Data : {"decoded":{"sub":"1","id":"1","userName":"super admin","userGroup":"1","email":"superadmin@example.com","iat":1686026828,"exp":1686113228}}  
[2023-06-06 05:37:16] AdmnGrpModel.INFO: Query : CALL SP_GroupConfig('0', '0', 0, '', 
            1, '', 10, '0', 
            0, '', 'DESC', 'GETALL')  
[2023-06-06 05:37:16] AdmnGrpModel.INFO: Group List Avaliable Group list count : 30  
[2023-06-06 05:37:16] AdmnGrpsRepository.INFO: ======= End AdmnGrps Repository ================  
[2023-06-06 05:51:50] AdmnGrpsRepository.INFO: ======= Start AdmnGrps Repository ================  
[2023-06-06 05:51:50] AdmnGrpsRepository.INFO: Input Data : {"decoded":{"sub":"1","id":"1","userName":"super admin","userGroup":"1","email":"superadmin@example.com","iat":1686026828,"exp":1686113228}}  
[2023-06-06 05:51:50] AdmnGrpModel.INFO: Query : CALL SP_GroupConfig('0', '0', 0, '', 
            1, '', 10, '0', 
            0, '', 'DESC', 'GETALL')  
[2023-06-06 05:51:50] AdmnGrpModel.INFO: Group List Avaliable Group list count : 30  
[2023-06-06 05:51:50] AdmnGrpsRepository.INFO: ======= End AdmnGrps Repository ================  
[2023-06-06 05:51:56] AdmnGrpsRepository.INFO: ======= Start AdmnGrps Repository ================  
[2023-06-06 05:51:56] AdmnGrpsRepository.INFO: Input Data : {"decoded":{"sub":"1","id":"1","userName":"super admin","userGroup":"1","email":"superadmin@example.com","iat":1686026828,"exp":1686113228}}  
[2023-06-06 05:51:56] AdmnGrpModel.INFO: Query : CALL SP_GroupConfig('0', '0', 0, '', 
            1, '', 10, '0', 
            0, '', 'DESC', 'GETALL')  
[2023-06-06 05:51:56] AdmnGrpModel.INFO: Group List Avaliable Group list count : 30  
[2023-06-06 05:51:56] AdmnGrpsRepository.INFO: ======= End AdmnGrps Repository ================  
[2023-06-06 05:52:47] AdmnGrpsRepository.INFO: ======= Start AdmnGrps Repository ================  
[2023-06-06 05:52:47] AdmnGrpsRepository.INFO: Input Data : {"decoded":{"sub":"1","id":"1","userName":"super admin","userGroup":"1","email":"superadmin@example.com","iat":1686026828,"exp":1686113228}}  
[2023-06-06 05:52:47] AdmnGrpModel.INFO: Query : CALL SP_GroupConfig('0', '0', 0, '', 
            1, '', 10, '0', 
            0, '', 'DESC', 'GETALL')  
[2023-06-06 05:52:47] AdmnGrpModel.INFO: Group List Avaliable Group list count : 30  
[2023-06-06 05:52:47] AdmnGrpsRepository.INFO: ======= End AdmnGrps Repository ================  
[2023-06-06 05:52:53] AdmnGrpsRepository.INFO: ======= Start AdmnGrps Repository ================  
[2023-06-06 05:52:53] AdmnGrpsRepository.INFO: Input Data : {"decoded":{"sub":"1","id":"1","userName":"super admin","userGroup":"1","email":"superadmin@example.com","iat":1686026828,"exp":1686113228}}  
[2023-06-06 05:52:53] AdmnGrpModel.INFO: Query : CALL SP_GroupConfig('0', '0', 0, '', 
            1, '', 10, '0', 
            0, '', 'DESC', 'GETALL')  
[2023-06-06 05:52:53] AdmnGrpModel.INFO: Group List Avaliable Group list count : 30  
[2023-06-06 05:52:53] AdmnGrpsRepository.INFO: ======= End AdmnGrps Repository ================  
[2023-06-06 05:53:13] AdmnGrpsRepository.INFO: ======= Start AdmnGrps Repository ================  
[2023-06-06 05:53:13] AdmnGrpsRepository.INFO: Input Data : {"decoded":{"sub":"1","id":"1","userName":"super admin","userGroup":"1","email":"superadmin@example.com","iat":1686026828,"exp":1686113228}}  
[2023-06-06 05:53:13] AdmnGrpModel.INFO: Query : CALL SP_GroupConfig('0', '0', 0, '', 
            1, '', 10, '0', 
            0, '', 'DESC', 'GETALL')  
[2023-06-06 05:53:13] AdmnGrpModel.INFO: Group List Avaliable Group list count : 30  
[2023-06-06 05:53:13] AdmnGrpsRepository.INFO: ======= End AdmnGrps Repository ================  
[2023-06-06 05:53:18] AdmnGrpsRepository.INFO: ======= Start AdmnGrps Repository ================  
[2023-06-06 05:53:18] AdmnGrpsRepository.INFO: Input Data : {"decoded":{"sub":"1","id":"1","userName":"super admin","userGroup":"1","email":"superadmin@example.com","iat":1686026828,"exp":1686113228}}  
[2023-06-06 05:53:18] AdmnGrpModel.INFO: Query : CALL SP_GroupConfig('0', '0', 0, '', 
            1, '', 10, '0', 
            0, '', 'DESC', 'GETALL')  
[2023-06-06 05:53:18] AdmnGrpModel.INFO: Group List Avaliable Group list count : 30  
[2023-06-06 05:53:18] AdmnGrpsRepository.INFO: ======= End AdmnGrps Repository ================  
[2023-06-06 05:55:13] AdmnGrpsRepository.INFO: ======= Start AdmnGrps Repository ================  
[2023-06-06 05:55:13] AdmnGrpsRepository.INFO: Input Data : {"decoded":{"sub":"1","id":"1","userName":"super admin","userGroup":"1","email":"superadmin@example.com","iat":1686026828,"exp":1686113228}}  
[2023-06-06 05:55:13] AdmnGrpModel.INFO: Query : CALL SP_GroupConfig('0', '0', 0, '', 
            1, '', 10, '0', 
            0, '', 'DESC', 'GETALL')  
[2023-06-06 05:55:13] AdmnGrpModel.INFO: Group List Avaliable Group list count : 30  
[2023-06-06 05:55:13] AdmnGrpsRepository.INFO: ======= End AdmnGrps Repository ================  
[2023-06-06 05:55:18] AdmnGrpsRepository.INFO: ======= Start AdmnGrps Repository ================  
[2023-06-06 05:55:18] AdmnGrpsRepository.INFO: Input Data : {"decoded":{"sub":"1","id":"1","userName":"super admin","userGroup":"1","email":"superadmin@example.com","iat":1686026828,"exp":1686113228}}  
[2023-06-06 05:55:18] AdmnGrpModel.INFO: Query : CALL SP_GroupConfig('0', '0', 0, '', 
            1, '', 10, '0', 
            0, '', 'DESC', 'GETALL')  
[2023-06-06 05:55:18] AdmnGrpModel.INFO: Group List Avaliable Group list count : 30  
[2023-06-06 05:55:18] AdmnGrpsRepository.INFO: ======= End AdmnGrps Repository ================  
[2023-06-06 06:29:47] AdmnGrpsRepository.INFO: ======= Start AdmnGrps Repository ================  
[2023-06-06 06:29:47] AdmnGrpsRepository.INFO: Input Data : {"decoded":{"sub":"1","id":"1","userName":"super admin","userGroup":"1","email":"superadmin@example.com","iat":1686026828,"exp":1686113228}}  
[2023-06-06 06:29:47] AdmnGrpModel.INFO: Query : CALL SP_GroupConfig('0', '0', 0, '', 
            1, '', 10, '0', 
            0, '', 'DESC', 'GETALL')  
[2023-06-06 06:29:47] AdmnGrpModel.INFO: Group List Avaliable Group list count : 30  
[2023-06-06 06:29:47] AdmnGrpsRepository.INFO: ======= End AdmnGrps Repository ================  
[2023-06-06 06:31:26] AdmnGrpsRepository.INFO: ======= Start AdmnGrps Repository ================  
[2023-06-06 06:31:26] AdmnGrpsRepository.INFO: Input Data : {"decoded":{"sub":"1","id":"1","userName":"super admin","userGroup":"1","email":"superadmin@example.com","iat":1686026828,"exp":1686113228}}  
[2023-06-06 06:31:26] AdmnGrpModel.INFO: Query : CALL SP_GroupConfig('0', '0', 0, '', 
            1, '', 10, '0', 
            0, '', 'DESC', 'GETALL')  
[2023-06-06 06:31:26] AdmnGrpModel.INFO: Group List Avaliable Group list count : 30  
[2023-06-06 06:31:26] AdmnGrpsRepository.INFO: ======= End AdmnGrps Repository ================  
[2023-06-06 10:03:07] AdmnGrpsRepository.INFO: ======= Start AdmnGrps Repository ================  
[2023-06-06 10:03:07] AdmnGrpsRepository.INFO: Input Data : {"decoded":{"sub":"1","id":"1","userName":"super admin","userGroup":"1","email":"superadmin@example.com","hotelId":"1","brandId":null,"iat":1686045582,"exp":1686131982}}  
[2023-06-06 10:05:05] AdmnGrpsRepository.INFO: ======= Start AdmnGrps Repository ================  
[2023-06-06 10:05:05] AdmnGrpsRepository.INFO: Input Data : {"decoded":{"sub":"1","id":"1","userName":"super admin","userGroup":"1","email":"superadmin@example.com","hotelId":"1","brandId":null,"iat":1686045582,"exp":1686131982}}  
