[2023-06-06 05:12:55] BrandRepository.ERROR: Error Code : 401Error Message : Channel image required  
[2023-06-06 05:12:55] BrandRepository.ERROR: Error File : /var/www/projects/ottproduct/api/v1/src/Domain/Repository/Channel/ChannelRepository.phpError Line : 86  
[2023-06-06 05:12:55] BrandRepository.ERROR: Error Trace String : #0 /var/www/projects/ottproduct/api/v1/src/Application/Actions/Channel/ChannelAction.php(132): App\Domain\Repository\Channel\ChannelRepository->create()
#1 /var/www/projects/ottproduct/api/v1/vendor/slim/slim/Slim/Handlers/Strategies/RequestResponse.php(38): App\Application\Actions\Channel\ChannelAction->create()
#2 /var/www/projects/ottproduct/api/v1/vendor/slim/slim/Slim/Routing/Route.php(358): Slim\Handlers\Strategies\RequestResponse->__invoke()
#3 /var/www/projects/ottproduct/api/v1/src/Application/Middleware/AuthMiddleware.php(33): Slim\Routing\Route->handle()
#4 /var/www/projects/ottproduct/api/v1/vendor/slim/slim/Slim/MiddlewareDispatcher.php(121): App\Application\Middleware\AuthMiddleware->process()
#5 /var/www/projects/ottproduct/api/v1/vendor/slim/slim/Slim/MiddlewareDispatcher.php(65): Psr\Http\Server\RequestHandlerInterface@anonymous->handle()
#6 /var/www/projects/ottproduct/api/v1/vendor/slim/slim/Slim/MiddlewareDispatcher.php(65): Slim\MiddlewareDispatcher->handle()
#7 /var/www/projects/ottproduct/api/v1/vendor/slim/slim/Slim/Routing/Route.php(315): Slim\MiddlewareDispatcher->handle()
#8 /var/www/projects/ottproduct/api/v1/vendor/slim/slim/Slim/Routing/RouteRunner.php(68): Slim\Routing\Route->run()
#9 /var/www/projects/ottproduct/api/v1/src/Application/Middleware/SessionMiddleware.php(26): Slim\Routing\RouteRunner->handle()
#10 /var/www/projects/ottproduct/api/v1/vendor/slim/slim/Slim/MiddlewareDispatcher.php(168): App\Application\Middleware\SessionMiddleware->process()
#11 /var/www/projects/ottproduct/api/v1/vendor/slim/slim/Slim/Middleware/RoutingMiddleware.php(45): Psr\Http\Server\RequestHandlerInterface@anonymous->handle()
#12 /var/www/projects/ottproduct/api/v1/vendor/slim/slim/Slim/MiddlewareDispatcher.php(121): Slim\Middleware\RoutingMiddleware->process()
#13 /var/www/projects/ottproduct/api/v1/vendor/selective/basepath/src/BasePathMiddleware.php(52): Psr\Http\Server\RequestHandlerInterface@anonymous->handle()
#14 /var/www/projects/ottproduct/api/v1/vendor/slim/slim/Slim/MiddlewareDispatcher.php(121): Selective\BasePath\BasePathMiddleware->process()
#15 /var/www/projects/ottproduct/api/v1/vendor/slim/slim/Slim/Middleware/BodyParsingMiddleware.php(64): Psr\Http\Server\RequestHandlerInterface@anonymous->handle()
#16 /var/www/projects/ottproduct/api/v1/vendor/slim/slim/Slim/MiddlewareDispatcher.php(121): Slim\Middleware\BodyParsingMiddleware->process()
#17 /var/www/projects/ottproduct/api/v1/vendor/slim/slim/Slim/Middleware/ErrorMiddleware.php(76): Psr\Http\Server\RequestHandlerInterface@anonymous->handle()
#18 /var/www/projects/ottproduct/api/v1/vendor/slim/slim/Slim/MiddlewareDispatcher.php(121): Slim\Middleware\ErrorMiddleware->process()
#19 /var/www/projects/ottproduct/api/v1/vendor/tuupola/cors-middleware/src/CorsMiddleware.php(155): Psr\Http\Server\RequestHandlerInterface@anonymous->handle()
#20 /var/www/projects/ottproduct/api/v1/vendor/slim/slim/Slim/MiddlewareDispatcher.php(121): Tuupola\Middleware\CorsMiddleware->process()
#21 /var/www/projects/ottproduct/api/v1/vendor/slim/slim/Slim/MiddlewareDispatcher.php(65): Psr\Http\Server\RequestHandlerInterface@anonymous->handle()
#22 /var/www/projects/ottproduct/api/v1/vendor/slim/slim/Slim/App.php(199): Slim\MiddlewareDispatcher->handle()
#23 /var/www/projects/ottproduct/api/v1/public/index.php(93): Slim\App->handle()
#24 {main}  
[2023-06-06 05:12:57] BrandRepository.ERROR: Error Code : 401Error Message : Channel image required  
[2023-06-06 05:12:57] BrandRepository.ERROR: Error File : /var/www/projects/ottproduct/api/v1/src/Domain/Repository/Channel/ChannelRepository.phpError Line : 86  
[2023-06-06 05:12:57] BrandRepository.ERROR: Error Trace String : #0 /var/www/projects/ottproduct/api/v1/src/Application/Actions/Channel/ChannelAction.php(132): App\Domain\Repository\Channel\ChannelRepository->create()
#1 /var/www/projects/ottproduct/api/v1/vendor/slim/slim/Slim/Handlers/Strategies/RequestResponse.php(38): App\Application\Actions\Channel\ChannelAction->create()
#2 /var/www/projects/ottproduct/api/v1/vendor/slim/slim/Slim/Routing/Route.php(358): Slim\Handlers\Strategies\RequestResponse->__invoke()
#3 /var/www/projects/ottproduct/api/v1/src/Application/Middleware/AuthMiddleware.php(33): Slim\Routing\Route->handle()
#4 /var/www/projects/ottproduct/api/v1/vendor/slim/slim/Slim/MiddlewareDispatcher.php(121): App\Application\Middleware\AuthMiddleware->process()
#5 /var/www/projects/ottproduct/api/v1/vendor/slim/slim/Slim/MiddlewareDispatcher.php(65): Psr\Http\Server\RequestHandlerInterface@anonymous->handle()
#6 /var/www/projects/ottproduct/api/v1/vendor/slim/slim/Slim/MiddlewareDispatcher.php(65): Slim\MiddlewareDispatcher->handle()
#7 /var/www/projects/ottproduct/api/v1/vendor/slim/slim/Slim/Routing/Route.php(315): Slim\MiddlewareDispatcher->handle()
#8 /var/www/projects/ottproduct/api/v1/vendor/slim/slim/Slim/Routing/RouteRunner.php(68): Slim\Routing\Route->run()
#9 /var/www/projects/ottproduct/api/v1/src/Application/Middleware/SessionMiddleware.php(26): Slim\Routing\RouteRunner->handle()
#10 /var/www/projects/ottproduct/api/v1/vendor/slim/slim/Slim/MiddlewareDispatcher.php(168): App\Application\Middleware\SessionMiddleware->process()
#11 /var/www/projects/ottproduct/api/v1/vendor/slim/slim/Slim/Middleware/RoutingMiddleware.php(45): Psr\Http\Server\RequestHandlerInterface@anonymous->handle()
#12 /var/www/projects/ottproduct/api/v1/vendor/slim/slim/Slim/MiddlewareDispatcher.php(121): Slim\Middleware\RoutingMiddleware->process()
#13 /var/www/projects/ottproduct/api/v1/vendor/selective/basepath/src/BasePathMiddleware.php(52): Psr\Http\Server\RequestHandlerInterface@anonymous->handle()
#14 /var/www/projects/ottproduct/api/v1/vendor/slim/slim/Slim/MiddlewareDispatcher.php(121): Selective\BasePath\BasePathMiddleware->process()
#15 /var/www/projects/ottproduct/api/v1/vendor/slim/slim/Slim/Middleware/BodyParsingMiddleware.php(64): Psr\Http\Server\RequestHandlerInterface@anonymous->handle()
#16 /var/www/projects/ottproduct/api/v1/vendor/slim/slim/Slim/MiddlewareDispatcher.php(121): Slim\Middleware\BodyParsingMiddleware->process()
#17 /var/www/projects/ottproduct/api/v1/vendor/slim/slim/Slim/Middleware/ErrorMiddleware.php(76): Psr\Http\Server\RequestHandlerInterface@anonymous->handle()
#18 /var/www/projects/ottproduct/api/v1/vendor/slim/slim/Slim/MiddlewareDispatcher.php(121): Slim\Middleware\ErrorMiddleware->process()
#19 /var/www/projects/ottproduct/api/v1/vendor/tuupola/cors-middleware/src/CorsMiddleware.php(155): Psr\Http\Server\RequestHandlerInterface@anonymous->handle()
#20 /var/www/projects/ottproduct/api/v1/vendor/slim/slim/Slim/MiddlewareDispatcher.php(121): Tuupola\Middleware\CorsMiddleware->process()
#21 /var/www/projects/ottproduct/api/v1/vendor/slim/slim/Slim/MiddlewareDispatcher.php(65): Psr\Http\Server\RequestHandlerInterface@anonymous->handle()
#22 /var/www/projects/ottproduct/api/v1/vendor/slim/slim/Slim/App.php(199): Slim\MiddlewareDispatcher->handle()
#23 /var/www/projects/ottproduct/api/v1/public/index.php(93): Slim\App->handle()
#24 {main}  
[2023-06-06 05:13:00] BrandRepository.ERROR: Error Code : 401Error Message : Channel image required  
[2023-06-06 05:13:00] BrandRepository.ERROR: Error File : /var/www/projects/ottproduct/api/v1/src/Domain/Repository/Channel/ChannelRepository.phpError Line : 86  
[2023-06-06 05:13:00] BrandRepository.ERROR: Error Trace String : #0 /var/www/projects/ottproduct/api/v1/src/Application/Actions/Channel/ChannelAction.php(132): App\Domain\Repository\Channel\ChannelRepository->create()
#1 /var/www/projects/ottproduct/api/v1/vendor/slim/slim/Slim/Handlers/Strategies/RequestResponse.php(38): App\Application\Actions\Channel\ChannelAction->create()
#2 /var/www/projects/ottproduct/api/v1/vendor/slim/slim/Slim/Routing/Route.php(358): Slim\Handlers\Strategies\RequestResponse->__invoke()
#3 /var/www/projects/ottproduct/api/v1/src/Application/Middleware/AuthMiddleware.php(33): Slim\Routing\Route->handle()
#4 /var/www/projects/ottproduct/api/v1/vendor/slim/slim/Slim/MiddlewareDispatcher.php(121): App\Application\Middleware\AuthMiddleware->process()
#5 /var/www/projects/ottproduct/api/v1/vendor/slim/slim/Slim/MiddlewareDispatcher.php(65): Psr\Http\Server\RequestHandlerInterface@anonymous->handle()
#6 /var/www/projects/ottproduct/api/v1/vendor/slim/slim/Slim/MiddlewareDispatcher.php(65): Slim\MiddlewareDispatcher->handle()
#7 /var/www/projects/ottproduct/api/v1/vendor/slim/slim/Slim/Routing/Route.php(315): Slim\MiddlewareDispatcher->handle()
#8 /var/www/projects/ottproduct/api/v1/vendor/slim/slim/Slim/Routing/RouteRunner.php(68): Slim\Routing\Route->run()
#9 /var/www/projects/ottproduct/api/v1/src/Application/Middleware/SessionMiddleware.php(26): Slim\Routing\RouteRunner->handle()
#10 /var/www/projects/ottproduct/api/v1/vendor/slim/slim/Slim/MiddlewareDispatcher.php(168): App\Application\Middleware\SessionMiddleware->process()
#11 /var/www/projects/ottproduct/api/v1/vendor/slim/slim/Slim/Middleware/RoutingMiddleware.php(45): Psr\Http\Server\RequestHandlerInterface@anonymous->handle()
#12 /var/www/projects/ottproduct/api/v1/vendor/slim/slim/Slim/MiddlewareDispatcher.php(121): Slim\Middleware\RoutingMiddleware->process()
#13 /var/www/projects/ottproduct/api/v1/vendor/selective/basepath/src/BasePathMiddleware.php(52): Psr\Http\Server\RequestHandlerInterface@anonymous->handle()
#14 /var/www/projects/ottproduct/api/v1/vendor/slim/slim/Slim/MiddlewareDispatcher.php(121): Selective\BasePath\BasePathMiddleware->process()
#15 /var/www/projects/ottproduct/api/v1/vendor/slim/slim/Slim/Middleware/BodyParsingMiddleware.php(64): Psr\Http\Server\RequestHandlerInterface@anonymous->handle()
#16 /var/www/projects/ottproduct/api/v1/vendor/slim/slim/Slim/MiddlewareDispatcher.php(121): Slim\Middleware\BodyParsingMiddleware->process()
#17 /var/www/projects/ottproduct/api/v1/vendor/slim/slim/Slim/Middleware/ErrorMiddleware.php(76): Psr\Http\Server\RequestHandlerInterface@anonymous->handle()
#18 /var/www/projects/ottproduct/api/v1/vendor/slim/slim/Slim/MiddlewareDispatcher.php(121): Slim\Middleware\ErrorMiddleware->process()
#19 /var/www/projects/ottproduct/api/v1/vendor/tuupola/cors-middleware/src/CorsMiddleware.php(155): Psr\Http\Server\RequestHandlerInterface@anonymous->handle()
#20 /var/www/projects/ottproduct/api/v1/vendor/slim/slim/Slim/MiddlewareDispatcher.php(121): Tuupola\Middleware\CorsMiddleware->process()
#21 /var/www/projects/ottproduct/api/v1/vendor/slim/slim/Slim/MiddlewareDispatcher.php(65): Psr\Http\Server\RequestHandlerInterface@anonymous->handle()
#22 /var/www/projects/ottproduct/api/v1/vendor/slim/slim/Slim/App.php(199): Slim\MiddlewareDispatcher->handle()
#23 /var/www/projects/ottproduct/api/v1/public/index.php(93): Slim\App->handle()
#24 {main}  
[2023-06-06 05:35:26] ChannelModel.INFO: Query : call SP_AddandEditChannelInfo('ADD','hari','../uploads/Channels/hari.jpg' ,0 ,1)  
[2023-06-06 05:35:27] ChannelModel.INFO: Query : call SP_AddandEditChannelInfo('ADD','hari','../uploads/Channels/hari.jpg' ,0 ,1)  
[2023-06-06 05:38:14] ChannelModel.INFO: Query : call SP_AddandEditChannelInfo('ADD','wdwd','../uploads/Channels/wdwd.jpg' ,0 ,1)  
[2023-06-06 05:38:21] ChannelModel.INFO: Query : call SP_AddandEditChannelInfo('GETONE','', '', 25,1)  
[2023-06-06 05:38:40] ChannelModel.INFO: Query : call SP_AddandEditChannelInfo('ADD','krish','../uploads/Channels/krish.jpg' ,0 ,1)  
[2023-06-06 05:51:37] ChannelModel.INFO: Query : call SP_AddandEditChannelInfo('DELETE','', '', 25,1)  
[2023-06-06 05:51:43] ChannelModel.INFO: Query : call SP_AddandEditChannelInfo('DELETE','', '', 25,1)  
[2023-06-06 05:51:47] ChannelModel.INFO: Query : call SP_AddandEditChannelInfo('GETONE','', '', 33,1)  
[2023-06-06 06:37:00] ChannelModel.INFO: Query : call SP_AddandEditChannelInfo('ADD','swdd','public/uploads/Channels/swdd.jpg' ,0 ,1)  
[2023-06-06 06:38:46] ChannelModel.INFO: Query : call SP_AddandEditChannelInfo('GETONE','', '', 33,1)  
[2023-06-06 06:39:20] ChannelModel.INFO: Query : call SP_AddandEditChannelInfo('ADD','sun','public/uploads/Channels/sun.jpg' ,0 ,1)  
[2023-06-06 06:40:30] ChannelModel.INFO: Query : call SP_AddandEditChannelInfo('DELETE','', '', 38,1)  
[2023-06-06 06:40:55] ChannelModel.INFO: Query : call SP_AddandEditChannelInfo('DELETE','', '', 38,1)  
[2023-06-06 06:40:59] ChannelModel.INFO: Query : call SP_AddandEditChannelInfo('DELETE','', '', 38,1)  
[2023-06-06 06:41:44] ChannelModel.INFO: Query : call SP_AddandEditChannelInfo('DELETE','', '', 37,1)  
[2023-06-06 06:42:11] ChannelModel.INFO: Query : call SP_AddandEditChannelInfo('GETONE','', '', 33,1)  
[2023-06-06 06:42:30] ChannelModel.INFO: Query : call SP_AddandEditChannelInfo('ADD','ktv','public/uploads/Channels/ktv.jpg' ,0 ,1)  
[2023-06-06 06:48:05] ChannelModel.INFO: Query : call SP_AddandEditChannelInfo('GETONE','', '', 33,1)  
[2023-06-06 06:50:50] ChannelModel.INFO: Query : call SP_AddandEditChannelInfo('ADD','2q','public/uploads/Channels/2q.jpg' ,0 ,1)  
[2023-06-06 06:52:46] ChannelModel.INFO: Query : call SP_AddandEditChannelInfo('ADD','1123','public/uploads/Channels/1123.jpg' ,0 ,1)  
[2023-06-06 06:53:46] ChannelModel.INFO: Query : call SP_AddandEditChannelInfo('ADD','asd','public/uploads/Channels/asd.jpg' ,0 ,1)  
[2023-06-06 06:54:06] ChannelModel.INFO: Query : call SP_AddandEditChannelInfo('ADD','gr','public/uploads/Channels/gr.jpg' ,0 ,1)  
[2023-06-06 06:54:45] ChannelModel.INFO: Query : call SP_AddandEditChannelInfo('GETONE','', '', 36,1)  
[2023-06-06 06:55:23] ChannelModel.INFO: Query : call SP_AddandEditChannelInfo('GETONE','', '', 33,1)  
[2023-06-06 06:56:16] ChannelModel.INFO: Query : call SP_AddandEditChannelInfo('GETONE','', '', 33,1)  
[2023-06-06 06:56:45] ChannelModel.INFO: Query : call SP_AddandEditChannelInfo('GETONE','', '', 33,1)  
[2023-06-06 06:57:23] ChannelModel.INFO: Query : call SP_AddandEditChannelInfo('GETONE','', '', 33,1)  
[2023-06-06 06:57:51] ChannelModel.INFO: Query : call SP_AddandEditChannelInfo('GETONE','', '', 33,1)  
[2023-06-06 06:58:15] ChannelModel.INFO: Query : call SP_AddandEditChannelInfo('GETONE','', '', 33,1)  
[2023-06-06 06:58:20] ChannelModel.INFO: Query : call SP_AddandEditChannelInfo('GETONE','', '', 39,1)  
[2023-06-06 06:59:54] ChannelModel.INFO: Query : call SP_AddandEditChannelInfo('GETONE','', '', 33,1)  
[2023-06-06 07:00:54] ChannelModel.INFO: Query : call SP_AddandEditChannelInfo('GETONE','', '', 33,1)  
[2023-06-06 07:03:19] ChannelModel.INFO: Query : call SP_AddandEditChannelInfo('GETONE','', '', 33,1)  
[2023-06-06 07:15:19] ChannelModel.INFO: Query : call SP_AddandEditChannelInfo('ADD','sd','public/uploads/Channels/sd.png' ,0 ,1)  
[2023-06-06 07:15:34] ChannelModel.INFO: Query : call SP_AddandEditChannelInfo('ADD','fefefe','public/uploads/Channels/fefefe.png' ,0 ,1)  
[2023-06-06 07:16:07] ChannelModel.INFO: Query : call SP_AddandEditChannelInfo('ADD','dwd','public/uploads/Channels/dwd.png' ,0 ,1)  
[2023-06-06 08:48:08] ChannelModel.INFO: Query : call SP_AddandEditChannelInfo('ADD','chutti','public/uploads/Channels/chutti.jpg' ,0 ,1)  
[2023-06-06 09:17:39] ChannelModel.INFO: Query : call SP_AddandEditChannelInfo('ADD','ff','public/uploads/Channels/ff.png' ,0 ,1)  
[2023-06-06 09:17:42] ChannelModel.INFO: Query : call SP_AddandEditChannelInfo('GETONE','', '', 49,1)  
[2023-06-06 09:19:54] ChannelModel.INFO: Query : call SP_AddandEditChannelInfo('ADD','df','public/uploads/Channels/df.png' ,0 ,1)  
[2023-06-06 09:45:09] ChannelModel.INFO: Query : call SP_AddandEditChannelInfo('ADD','123','public/uploads/Channels/123.png' ,0 ,1)  
[2023-06-06 09:45:52] ChannelModel.INFO: Query : call SP_AddandEditChannelInfo('ADD','wdwd','public/uploads/Channels/wdwd.png' ,0 ,1)  
[2023-06-06 09:46:26] ChannelModel.INFO: Query : call SP_AddandEditChannelInfo('GETONE','', '', 51,1)  
[2023-06-06 09:48:14] ChannelModel.INFO: Query : call SP_AddandEditChannelInfo('GETONE','', '', 51,1)  
[2023-06-06 09:49:03] ChannelModel.INFO: Query : call SP_AddandEditChannelInfo('DELETE','', '', 51,1)  
[2023-06-06 09:49:22] ChannelModel.INFO: Query : call SP_AddandEditChannelInfo('DELETE','', '', 49,1)  
[2023-06-06 09:57:38] ChannelModel.INFO: Query : call SP_AddandEditChannelInfo('GETONE','', '', 50,1)  
[2023-06-06 09:58:29] ChannelModel.INFO: Query : call SP_AddandEditChannelInfo('GETONE','', '', 50,1)  
[2023-06-06 09:58:55] ChannelModel.INFO: Query : call SP_AddandEditChannelInfo('GETONE','', '', 50,1)  
[2023-06-06 09:59:27] ChannelModel.INFO: Query : call SP_AddandEditChannelInfo('GETONE','', '', 50,1)  
[2023-06-06 10:01:00] ChannelModel.INFO: Query : call SP_AddandEditChannelInfo('GETONE','', '', 50,1)  
[2023-06-06 10:03:43] ChannelModel.INFO: Query : call SP_AddandEditChannelInfo('GETONE','', '', 50,1)  
[2023-06-06 10:03:55] ChannelModel.INFO: Query : call SP_AddandEditChannelInfo('GETONE','', '', 50,1)  
[2023-06-06 10:04:25] ChannelModel.INFO: Query : call SP_AddandEditChannelInfo('GETONE','', '', 50,1)  
[2023-06-06 10:05:07] ChannelModel.INFO: Query : call SP_AddandEditChannelInfo('GETONE','', '', 50,1)  
[2023-06-06 10:06:29] ChannelModel.INFO: Query : call SP_AddandEditChannelInfo('GETONE','', '', 50,1)  
[2023-06-06 10:06:52] ChannelModel.INFO: Query : call SP_AddandEditChannelInfo('GETONE','', '', 50,1)  
[2023-06-06 10:07:04] ChannelModel.INFO: Query : call SP_AddandEditChannelInfo('ADD','dfef','public/uploads/Channels/dfef.png' ,0 ,1)  
[2023-06-06 10:07:06] ChannelModel.INFO: Query : call SP_AddandEditChannelInfo('GETONE','', '', 52,1)  
