[2023-06-12 04:32:57] AdmnGrpsAction.INFO: ======= Start AdmnGrps Action (List) ================  
[2023-06-12 04:32:57] AdmnGrpsAction.INFO: method : POST  
[2023-06-12 04:32:57] AdmnGrpsAction.INFO: contentType : application/json  
[2023-06-12 04:32:57] AdmnGrpsAction.INFO: Input Data : {"decoded":{"sub":"1","id":"1","userName":"super admin","userGroup":"1","email":"superadmin@msense.in","hotelId":"1","brandId":null,"iat":1686544372,"exp":1686630772}}  
[2023-06-12 04:32:57] AdmnGrpsAction.INFO: ======= END AdmnGrps Action (List) ================  
[2023-06-12 04:33:06] AdmnGrpsAction.INFO: ======= Start AdmnGrps Action (List) ================  
[2023-06-12 04:33:06] AdmnGrpsAction.INFO: method : POST  
[2023-06-12 04:33:06] AdmnGrpsAction.INFO: contentType : application/json  
[2023-06-12 04:33:06] AdmnGrpsAction.INFO: Input Data : {"decoded":{"sub":"1","id":"1","userName":"super admin","userGroup":"1","email":"superadmin@msense.in","hotelId":"1","brandId":null,"iat":1686544126,"exp":1686630526}}  
[2023-06-12 04:33:06] AdmnGrpsAction.INFO: ======= END AdmnGrps Action (List) ================  
[2023-06-12 04:52:05] AdmnGrpsAction.INFO: ======= Start AdmnGrps Action (List) ================  
[2023-06-12 04:52:05] AdmnGrpsAction.INFO: method : POST  
[2023-06-12 04:52:05] AdmnGrpsAction.INFO: contentType : application/json  
[2023-06-12 04:52:05] AdmnGrpsAction.INFO: Input Data : {"decoded":{"sub":"1","id":"1","userName":"super admin","userGroup":"1","email":"superadmin@msense.in","hotelId":"1","brandId":null,"iat":1686543360,"exp":1686629760}}  
[2023-06-12 04:52:05] AdmnGrpsAction.INFO: ======= END AdmnGrps Action (List) ================  
[2023-06-12 04:56:15] AdmnGrpsAction.INFO: ======= Start AdmnGrps Action (List) ================  
[2023-06-12 04:56:15] AdmnGrpsAction.INFO: method : POST  
[2023-06-12 04:56:15] AdmnGrpsAction.INFO: contentType : application/json  
[2023-06-12 04:56:15] AdmnGrpsAction.INFO: Input Data : {"decoded":{"sub":"1","id":"1","userName":"super admin","userGroup":"1","email":"superadmin@msense.in","hotelId":"1","brandId":null,"iat":1686543532,"exp":1686629932}}  
[2023-06-12 04:56:15] AdmnGrpsAction.INFO: ======= END AdmnGrps Action (List) ================  
[2023-06-12 04:57:30] AdmnGrpsAction.INFO: ======= Start AdmnGrps Action (List) ================  
[2023-06-12 04:57:30] AdmnGrpsAction.INFO: method : POST  
[2023-06-12 04:57:30] AdmnGrpsAction.INFO: contentType : application/json  
[2023-06-12 04:57:30] AdmnGrpsAction.INFO: Input Data : {"decoded":{"sub":"1","id":"1","userName":"super admin","userGroup":"1","email":"superadmin@msense.in","hotelId":"1","brandId":null,"iat":1686543532,"exp":1686629932}}  
[2023-06-12 04:57:30] AdmnGrpsAction.INFO: ======= END AdmnGrps Action (List) ================  
[2023-06-12 04:58:17] AdmnGrpsAction.INFO: ======= Start AdmnGrps Action (List) ================  
[2023-06-12 04:58:17] AdmnGrpsAction.INFO: method : POST  
[2023-06-12 04:58:17] AdmnGrpsAction.INFO: contentType : application/json  
[2023-06-12 04:58:17] AdmnGrpsAction.INFO: Input Data : {"decoded":{"sub":"1","id":"1","userName":"super admin","userGroup":"1","email":"superadmin@msense.in","hotelId":"1","brandId":null,"iat":1686543532,"exp":1686629932}}  
[2023-06-12 04:58:17] AdmnGrpsAction.INFO: ======= END AdmnGrps Action (List) ================  
[2023-06-12 05:19:09] AdmnGrpsAction.INFO: ======= Start AdmnGrps Action (List) ================  
[2023-06-12 05:19:09] AdmnGrpsAction.INFO: method : POST  
[2023-06-12 05:19:09] AdmnGrpsAction.INFO: contentType : application/json  
[2023-06-12 05:19:09] AdmnGrpsAction.INFO: Input Data : {"decoded":{"sub":"1","id":"1","userName":"super admin","userGroup":"1","email":"superadmin@msense.in","hotelId":"1","brandId":null,"iat":1686543532,"exp":1686629932}}  
[2023-06-12 05:19:09] AdmnGrpsAction.INFO: ======= END AdmnGrps Action (List) ================  
[2023-06-12 05:19:16] AdmnGrpsAction.INFO: ======= Start AdmnGrps Action (List) ================  
[2023-06-12 05:19:16] AdmnGrpsAction.INFO: method : POST  
[2023-06-12 05:19:16] AdmnGrpsAction.INFO: contentType : application/json  
[2023-06-12 05:19:16] AdmnGrpsAction.INFO: Input Data : {"decoded":{"sub":"1","id":"1","userName":"super admin","userGroup":"1","email":"superadmin@msense.in","hotelId":"1","brandId":null,"iat":1686543532,"exp":1686629932}}  
[2023-06-12 05:19:16] AdmnGrpsAction.INFO: ======= END AdmnGrps Action (List) ================  
[2023-06-12 05:20:57] AdmnGrpsAction.INFO: ======= Start AdmnGrps Action (List) ================  
[2023-06-12 05:20:57] AdmnGrpsAction.INFO: method : POST  
[2023-06-12 05:20:57] AdmnGrpsAction.INFO: contentType : application/json  
[2023-06-12 05:20:57] AdmnGrpsAction.INFO: Input Data : {"decoded":{"sub":"1","id":"1","userName":"super admin","userGroup":"1","email":"superadmin@msense.in","hotelId":"1","brandId":null,"iat":1686543532,"exp":1686629932}}  
[2023-06-12 05:20:57] AdmnGrpsAction.INFO: ======= END AdmnGrps Action (List) ================  
[2023-06-12 05:22:09] AdmnGrpsAction.INFO: ======= Start AdmnGrps Action (List) ================  
[2023-06-12 05:22:09] AdmnGrpsAction.INFO: method : POST  
[2023-06-12 05:22:09] AdmnGrpsAction.INFO: contentType : application/json  
[2023-06-12 05:22:09] AdmnGrpsAction.INFO: Input Data : {"decoded":{"sub":"1","id":"1","userName":"super admin","userGroup":"1","email":"superadmin@msense.in","hotelId":"1","brandId":null,"iat":1686543532,"exp":1686629932}}  
[2023-06-12 05:22:09] AdmnGrpsAction.INFO: ======= END AdmnGrps Action (List) ================  
[2023-06-12 05:22:24] AdmnGrpsAction.INFO: ======= Start AdmnGrps Action (List) ================  
[2023-06-12 05:22:24] AdmnGrpsAction.INFO: method : POST  
[2023-06-12 05:22:24] AdmnGrpsAction.INFO: contentType : application/json  
[2023-06-12 05:22:24] AdmnGrpsAction.INFO: Input Data : {"decoded":{"sub":"1","id":"1","userName":"super admin","userGroup":"1","email":"superadmin@msense.in","hotelId":"1","brandId":null,"iat":1686543532,"exp":1686629932}}  
[2023-06-12 05:22:24] AdmnGrpsAction.INFO: ======= END AdmnGrps Action (List) ================  
[2023-06-12 05:30:06] AdmnGrpsAction.INFO: ======= Start AdmnGrps Action (List) ================  
[2023-06-12 05:30:06] AdmnGrpsAction.INFO: method : POST  
[2023-06-12 05:30:06] AdmnGrpsAction.INFO: contentType : application/json  
[2023-06-12 05:30:06] AdmnGrpsAction.INFO: Input Data : {"decoded":{"sub":"1","id":"1","userName":"super admin","userGroup":"1","email":"superadmin@msense.in","hotelId":"1","brandId":null,"iat":1686543532,"exp":1686629932}}  
[2023-06-12 05:30:06] AdmnGrpsAction.INFO: ======= END AdmnGrps Action (List) ================  
[2023-06-12 06:00:45] AdmnGrpsAction.INFO: ======= Start AdmnGrps Action (List) ================  
[2023-06-12 06:00:45] AdmnGrpsAction.INFO: method : POST  
[2023-06-12 06:00:45] AdmnGrpsAction.INFO: contentType : application/json  
[2023-06-12 06:00:45] AdmnGrpsAction.INFO: Input Data : {"decoded":{"sub":"1","id":"1","userName":"super admin","userGroup":"1","email":"superadmin@msense.in","hotelId":"1","brandId":null,"iat":1686543532,"exp":1686629932}}  
[2023-06-12 06:00:45] AdmnGrpsAction.INFO: ======= END AdmnGrps Action (List) ================  
[2023-06-12 06:25:59] AdmnGrpsAction.INFO: ======= Start AdmnGrps Action (List) ================  
[2023-06-12 06:25:59] AdmnGrpsAction.INFO: method : POST  
[2023-06-12 06:25:59] AdmnGrpsAction.INFO: contentType : application/json  
[2023-06-12 06:25:59] AdmnGrpsAction.INFO: Input Data : {"decoded":{"sub":"1","id":"1","userName":"super admin","userGroup":"1","email":"superadmin@msense.in","hotelId":"1","brandId":null,"iat":1686543532,"exp":1686629932}}  
[2023-06-12 06:25:59] AdmnGrpsAction.INFO: ======= END AdmnGrps Action (List) ================  
[2023-06-12 06:26:01] AdmnGrpsAction.INFO: ======= Start AdmnGrps Action (List) ================  
[2023-06-12 06:26:01] AdmnGrpsAction.INFO: method : POST  
[2023-06-12 06:26:01] AdmnGrpsAction.INFO: contentType : application/json  
[2023-06-12 06:26:01] AdmnGrpsAction.INFO: Input Data : {"decoded":{"sub":"1","id":"1","userName":"super admin","userGroup":"1","email":"superadmin@msense.in","hotelId":"1","brandId":null,"iat":1686543532,"exp":1686629932}}  
[2023-06-12 06:26:01] AdmnGrpsAction.INFO: ======= END AdmnGrps Action (List) ================  
[2023-06-12 07:12:28] AdmnGrpsAction.INFO: ======= Start AdmnGrps Action (List) ================  
[2023-06-12 07:12:28] AdmnGrpsAction.INFO: method : POST  
[2023-06-12 07:12:28] AdmnGrpsAction.INFO: contentType : application/json  
[2023-06-12 07:12:28] AdmnGrpsAction.INFO: Input Data : {"decoded":{"sub":"1","id":"1","userName":"super admin","userGroup":"1","email":"superadmin@msense.in","hotelId":"1","brandId":null,"iat":1686545424,"exp":1686631824}}  
[2023-06-12 07:12:28] AdmnGrpsAction.INFO: ======= END AdmnGrps Action (List) ================  
[2023-06-12 07:12:35] AdmnGrpsAction.INFO: ======= Start AdmnGrps Action (List) ================  
[2023-06-12 07:12:35] AdmnGrpsAction.INFO: method : POST  
[2023-06-12 07:12:35] AdmnGrpsAction.INFO: contentType : application/json  
[2023-06-12 07:12:35] AdmnGrpsAction.INFO: Input Data : {"decoded":{"sub":"1","id":"1","userName":"super admin","userGroup":"1","email":"superadmin@msense.in","hotelId":"1","brandId":null,"iat":1686545424,"exp":1686631824}}  
[2023-06-12 07:12:35] AdmnGrpsAction.INFO: ======= END AdmnGrps Action (List) ================  
[2023-06-12 07:12:47] AdmnGrpsAction.INFO: ======= Start AdmnGrps Action (List) ================  
[2023-06-12 07:12:47] AdmnGrpsAction.INFO: method : POST  
[2023-06-12 07:12:47] AdmnGrpsAction.INFO: contentType : application/json  
[2023-06-12 07:12:47] AdmnGrpsAction.INFO: Input Data : {"decoded":{"sub":"1","id":"1","userName":"super admin","userGroup":"1","email":"superadmin@msense.in","hotelId":"1","brandId":null,"iat":1686545424,"exp":1686631824}}  
[2023-06-12 07:12:47] AdmnGrpsAction.INFO: ======= END AdmnGrps Action (List) ================  
[2023-06-12 09:25:26] AdmnGrpsAction.INFO: ======= Start AdmnGrps Action (List) ================  
[2023-06-12 09:25:26] AdmnGrpsAction.INFO: method : POST  
[2023-06-12 09:25:26] AdmnGrpsAction.INFO: contentType : application/json  
[2023-06-12 09:25:26] AdmnGrpsAction.INFO: Input Data : {"decoded":{"sub":"1","id":"1","userName":"super admin","userGroup":"1","email":"superadmin@msense.in","hotelId":"1","brandId":null,"iat":1686561920,"exp":1686648320}}  
[2023-06-12 09:25:26] AdmnGrpsAction.INFO: ======= END AdmnGrps Action (List) ================  
[2023-06-12 10:53:16] AdmnGrpsAction.INFO: ======= Start AdmnGrps Action (List) ================  
[2023-06-12 10:53:16] AdmnGrpsAction.INFO: method : POST  
[2023-06-12 10:53:16] AdmnGrpsAction.INFO: contentType : application/json  
[2023-06-12 10:53:16] AdmnGrpsAction.INFO: Input Data : {"decoded":{"sub":"1","id":"1","userName":"super admin","userGroup":"1","email":"superadmin@msense.in","hotelId":"1","brandId":null,"iat":1686561920,"exp":1686648320}}  
[2023-06-12 10:53:16] AdmnGrpsAction.INFO: ======= END AdmnGrps Action (List) ================  
