[2023-06-12 04:32:57] CommonAction.INFO: ======= Start Common Action (getAllBrand) ================  
[2023-06-12 04:32:57] CommonAction.INFO: method : GET  
[2023-06-12 04:32:57] CommonAction.INFO: contentType : application/json  
[2023-06-12 04:32:57] CommonAction.INFO: Input Data : {"decoded":{"sub":"1","id":"1","userName":"super admin","userGroup":"1","email":"superadmin@msense.in","hotelId":"1","brandId":null,"iat":1686544372,"exp":1686630772}}  
[2023-06-12 04:32:57] CommonAction.INFO: ======= END Common Action (getAllBrand) ================  
[2023-06-12 04:33:06] CommonAction.INFO: ======= Start Common Action (getAllBrand) ================  
[2023-06-12 04:33:06] CommonAction.INFO: method : GET  
[2023-06-12 04:33:06] CommonAction.INFO: contentType : application/json  
[2023-06-12 04:33:06] CommonAction.INFO: Input Data : {"decoded":{"sub":"1","id":"1","userName":"super admin","userGroup":"1","email":"superadmin@msense.in","hotelId":"1","brandId":null,"iat":1686544126,"exp":1686630526}}  
[2023-06-12 04:33:06] CommonAction.INFO: ======= END Common Action (getAllBrand) ================  
[2023-06-12 04:52:05] CommonAction.INFO: ======= Start Common Action (getAllBrand) ================  
[2023-06-12 04:52:05] CommonAction.INFO: method : GET  
[2023-06-12 04:52:05] CommonAction.INFO: contentType : application/json  
[2023-06-12 04:52:05] CommonAction.INFO: Input Data : {"decoded":{"sub":"1","id":"1","userName":"super admin","userGroup":"1","email":"superadmin@msense.in","hotelId":"1","brandId":null,"iat":1686543360,"exp":1686629760}}  
[2023-06-12 04:52:05] CommonAction.INFO: ======= END Common Action (getAllBrand) ================  
[2023-06-12 04:56:15] CommonAction.INFO: ======= Start Common Action (getAllBrand) ================  
[2023-06-12 04:56:15] CommonAction.INFO: method : GET  
[2023-06-12 04:56:15] CommonAction.INFO: contentType : application/json  
[2023-06-12 04:56:15] CommonAction.INFO: Input Data : {"decoded":{"sub":"1","id":"1","userName":"super admin","userGroup":"1","email":"superadmin@msense.in","hotelId":"1","brandId":null,"iat":1686543532,"exp":1686629932}}  
[2023-06-12 04:56:15] CommonAction.INFO: ======= END Common Action (getAllBrand) ================  
[2023-06-12 04:57:30] CommonAction.INFO: ======= Start Common Action (getAllBrand) ================  
[2023-06-12 04:57:30] CommonAction.INFO: method : GET  
[2023-06-12 04:57:30] CommonAction.INFO: contentType : application/json  
[2023-06-12 04:57:30] CommonAction.INFO: Input Data : {"decoded":{"sub":"1","id":"1","userName":"super admin","userGroup":"1","email":"superadmin@msense.in","hotelId":"1","brandId":null,"iat":1686543532,"exp":1686629932}}  
[2023-06-12 04:57:30] CommonAction.INFO: ======= END Common Action (getAllBrand) ================  
[2023-06-12 04:58:17] CommonAction.INFO: ======= Start Common Action (getAllBrand) ================  
[2023-06-12 04:58:17] CommonAction.INFO: method : GET  
[2023-06-12 04:58:17] CommonAction.INFO: contentType : application/json  
[2023-06-12 04:58:17] CommonAction.INFO: Input Data : {"decoded":{"sub":"1","id":"1","userName":"super admin","userGroup":"1","email":"superadmin@msense.in","hotelId":"1","brandId":null,"iat":1686543532,"exp":1686629932}}  
[2023-06-12 04:58:17] CommonAction.INFO: ======= END Common Action (getAllBrand) ================  
[2023-06-12 05:20:57] CommonAction.INFO: ======= Start Common Action (getAllBrand) ================  
[2023-06-12 05:20:57] CommonAction.INFO: method : GET  
[2023-06-12 05:20:57] CommonAction.INFO: contentType : application/json  
[2023-06-12 05:20:57] CommonAction.INFO: Input Data : {"decoded":{"sub":"1","id":"1","userName":"super admin","userGroup":"1","email":"superadmin@msense.in","hotelId":"1","brandId":null,"iat":1686543532,"exp":1686629932}}  
[2023-06-12 05:20:57] CommonAction.INFO: ======= END Common Action (getAllBrand) ================  
[2023-06-12 05:22:09] CommonAction.INFO: ======= Start Common Action (getAllBrand) ================  
[2023-06-12 05:22:09] CommonAction.INFO: method : GET  
[2023-06-12 05:22:09] CommonAction.INFO: contentType : application/json  
[2023-06-12 05:22:09] CommonAction.INFO: Input Data : {"decoded":{"sub":"1","id":"1","userName":"super admin","userGroup":"1","email":"superadmin@msense.in","hotelId":"1","brandId":null,"iat":1686543532,"exp":1686629932}}  
[2023-06-12 05:22:09] CommonAction.INFO: ======= END Common Action (getAllBrand) ================  
[2023-06-12 05:22:24] CommonAction.INFO: ======= Start Common Action (getAllBrand) ================  
[2023-06-12 05:22:24] CommonAction.INFO: method : GET  
[2023-06-12 05:22:24] CommonAction.INFO: contentType : application/json  
[2023-06-12 05:22:24] CommonAction.INFO: Input Data : {"decoded":{"sub":"1","id":"1","userName":"super admin","userGroup":"1","email":"superadmin@msense.in","hotelId":"1","brandId":null,"iat":1686543532,"exp":1686629932}}  
[2023-06-12 05:22:24] CommonAction.INFO: ======= END Common Action (getAllBrand) ================  
[2023-06-12 05:30:06] CommonAction.INFO: ======= Start Common Action (getAllBrand) ================  
[2023-06-12 05:30:06] CommonAction.INFO: method : GET  
[2023-06-12 05:30:06] CommonAction.INFO: contentType : application/json  
[2023-06-12 05:30:06] CommonAction.INFO: Input Data : {"decoded":{"sub":"1","id":"1","userName":"super admin","userGroup":"1","email":"superadmin@msense.in","hotelId":"1","brandId":null,"iat":1686543532,"exp":1686629932}}  
[2023-06-12 05:30:06] CommonAction.INFO: ======= END Common Action (getAllBrand) ================  
[2023-06-12 06:00:45] CommonAction.INFO: ======= Start Common Action (getAllBrand) ================  
[2023-06-12 06:00:45] CommonAction.INFO: method : GET  
[2023-06-12 06:00:45] CommonAction.INFO: contentType : application/json  
[2023-06-12 06:00:45] CommonAction.INFO: Input Data : {"decoded":{"sub":"1","id":"1","userName":"super admin","userGroup":"1","email":"superadmin@msense.in","hotelId":"1","brandId":null,"iat":1686543532,"exp":1686629932}}  
[2023-06-12 06:00:45] CommonAction.INFO: ======= END Common Action (getAllBrand) ================  
[2023-06-12 06:25:59] CommonAction.INFO: ======= Start Common Action (getAllBrand) ================  
[2023-06-12 06:25:59] CommonAction.INFO: method : GET  
[2023-06-12 06:25:59] CommonAction.INFO: contentType : application/json  
[2023-06-12 06:25:59] CommonAction.INFO: Input Data : {"decoded":{"sub":"1","id":"1","userName":"super admin","userGroup":"1","email":"superadmin@msense.in","hotelId":"1","brandId":null,"iat":1686543532,"exp":1686629932}}  
[2023-06-12 06:25:59] CommonAction.INFO: ======= END Common Action (getAllBrand) ================  
[2023-06-12 06:26:01] CommonAction.INFO: ======= Start Common Action (getAllBrand) ================  
[2023-06-12 06:26:01] CommonAction.INFO: method : GET  
[2023-06-12 06:26:01] CommonAction.INFO: contentType : application/json  
[2023-06-12 06:26:01] CommonAction.INFO: Input Data : {"decoded":{"sub":"1","id":"1","userName":"super admin","userGroup":"1","email":"superadmin@msense.in","hotelId":"1","brandId":null,"iat":1686543532,"exp":1686629932}}  
[2023-06-12 06:26:01] CommonAction.INFO: ======= END Common Action (getAllBrand) ================  
[2023-06-12 07:12:28] CommonAction.INFO: ======= Start Common Action (getAllBrand) ================  
[2023-06-12 07:12:28] CommonAction.INFO: method : GET  
[2023-06-12 07:12:28] CommonAction.INFO: contentType : application/json  
[2023-06-12 07:12:28] CommonAction.INFO: Input Data : {"decoded":{"sub":"1","id":"1","userName":"super admin","userGroup":"1","email":"superadmin@msense.in","hotelId":"1","brandId":null,"iat":1686545424,"exp":1686631824}}  
[2023-06-12 07:12:28] CommonAction.INFO: ======= END Common Action (getAllBrand) ================  
[2023-06-12 07:12:47] CommonAction.INFO: ======= Start Common Action (getAllBrand) ================  
[2023-06-12 07:12:47] CommonAction.INFO: method : GET  
[2023-06-12 07:12:47] CommonAction.INFO: contentType : application/json  
[2023-06-12 07:12:47] CommonAction.INFO: Input Data : {"decoded":{"sub":"1","id":"1","userName":"super admin","userGroup":"1","email":"superadmin@msense.in","hotelId":"1","brandId":null,"iat":1686545424,"exp":1686631824}}  
[2023-06-12 07:12:47] CommonAction.INFO: ======= END Common Action (getAllBrand) ================  
[2023-06-12 09:25:26] CommonAction.INFO: ======= Start Common Action (getAllBrand) ================  
[2023-06-12 09:25:26] CommonAction.INFO: method : GET  
[2023-06-12 09:25:26] CommonAction.INFO: contentType : application/json  
[2023-06-12 09:25:26] CommonAction.INFO: Input Data : {"decoded":{"sub":"1","id":"1","userName":"super admin","userGroup":"1","email":"superadmin@msense.in","hotelId":"1","brandId":null,"iat":1686561920,"exp":1686648320}}  
[2023-06-12 09:25:26] CommonAction.INFO: ======= END Common Action (getAllBrand) ================  
[2023-06-12 10:53:16] CommonAction.INFO: ======= Start Common Action (getAllBrand) ================  
[2023-06-12 10:53:16] CommonAction.INFO: method : GET  
[2023-06-12 10:53:16] CommonAction.INFO: contentType : application/json  
[2023-06-12 10:53:16] CommonAction.INFO: Input Data : {"decoded":{"sub":"1","id":"1","userName":"super admin","userGroup":"1","email":"superadmin@msense.in","hotelId":"1","brandId":null,"iat":1686561920,"exp":1686648320}}  
[2023-06-12 10:53:16] CommonAction.INFO: ======= END Common Action (getAllBrand) ================  
