[2023-06-12 04:41:12] ChannelAction.INFO: ======= Start Channel Action (List) ================  
[2023-06-12 04:41:12] ChannelAction.INFO: method : POST  
[2023-06-12 04:41:12] ChannelAction.INFO: contentType : application/json  
[2023-06-12 04:41:12] ChannelAction.INFO: Input Data : {"decoded":{"sub":"1","id":"1","userName":"super admin","userGroup":"1","email":"superadmin@msense.in","hotelId":"1","brandId":null,"iat":1686544442,"exp":1686630842}}  
[2023-06-12 04:41:12] ChannelAction.INFO: ======= END Channel Action (List) ================  
[2023-06-12 04:41:39] ChannelAction.INFO: ======= Start Channel Action (List) ================  
[2023-06-12 04:41:39] ChannelAction.INFO: method : POST  
[2023-06-12 04:41:39] ChannelAction.INFO: contentType : application/json  
[2023-06-12 04:41:39] ChannelAction.INFO: Input Data : {"decoded":{"sub":"1","id":"1","userName":"super admin","userGroup":"1","email":"superadmin@msense.in","hotelId":"1","brandId":null,"iat":1686544442,"exp":1686630842}}  
[2023-06-12 04:41:39] ChannelAction.INFO: ======= END Channel Action (List) ================  
[2023-06-12 05:15:24] ChannelAction.INFO: ======= Start Channel Action (List) ================  
[2023-06-12 05:15:24] ChannelAction.INFO: method : POST  
[2023-06-12 05:15:24] ChannelAction.INFO: contentType : application/json  
[2023-06-12 05:15:24] ChannelAction.INFO: Input Data : {"decoded":{"sub":"1","id":"1","userName":"super admin","userGroup":"1","email":"superadmin@msense.in","hotelId":"1","brandId":null,"iat":1686545424,"exp":1686631824}}  
[2023-06-12 05:15:24] ChannelAction.INFO: ======= END Channel Action (List) ================  
[2023-06-12 05:16:57] ChannelAction.INFO: ======= Start Channel Action (List) ================  
[2023-06-12 05:16:57] ChannelAction.INFO: method : POST  
[2023-06-12 05:16:57] ChannelAction.INFO: contentType : application/json  
[2023-06-12 05:16:57] ChannelAction.INFO: Input Data : {"decoded":{"sub":"1","id":"1","userName":"super admin","userGroup":"1","email":"superadmin@msense.in","hotelId":"1","brandId":null,"iat":1686545424,"exp":1686631824}}  
[2023-06-12 05:16:57] ChannelAction.INFO: ======= END Channel Action (List) ================  
[2023-06-12 08:55:41] ChannelAction.INFO: ======= Start Channel Action (List) ================  
[2023-06-12 08:55:41] ChannelAction.INFO: method : POST  
[2023-06-12 08:55:41] ChannelAction.INFO: contentType : application/json  
[2023-06-12 08:55:41] ChannelAction.INFO: Input Data : {"decoded":{"sub":"1","id":"1","userName":"super admin","userGroup":"1","email":"superadmin@msense.in","hotelId":"1","brandId":null,"iat":1686559971,"exp":1686646371}}  
[2023-06-12 08:55:41] ChannelAction.INFO: ======= END Channel Action (List) ================  
[2023-06-12 09:05:13] ChannelAction.INFO: ======= Start Channel Action (List) ================  
[2023-06-12 09:05:13] ChannelAction.INFO: method : POST  
[2023-06-12 09:05:13] ChannelAction.INFO: contentType : application/json  
[2023-06-12 09:05:13] ChannelAction.INFO: Input Data : {"decoded":{"sub":"1","id":"1","userName":"super admin","userGroup":"1","email":"superadmin@msense.in","hotelId":"1","brandId":null,"iat":1686559971,"exp":1686646371}}  
[2023-06-12 09:05:13] ChannelAction.INFO: ======= END Channel Action (List) ================  
[2023-06-12 11:38:24] ChannelAction.INFO: ======= Start Channel Action (List) ================  
[2023-06-12 11:38:24] ChannelAction.INFO: method : POST  
[2023-06-12 11:38:24] ChannelAction.INFO: contentType : application/json  
[2023-06-12 11:38:24] ChannelAction.INFO: Input Data : {"decoded":{"sub":"1","id":"1","userName":"super admin","userGroup":"1","email":"superadmin@msense.in","hotelId":"1","brandId":null,"iat":1686545424,"exp":1686631824}}  
[2023-06-12 11:38:24] ChannelAction.INFO: ======= END Channel Action (List) ================  
[2023-06-12 11:38:27] ChannelAction.INFO: ======= Start Edit Brand Action ================  
[2023-06-12 11:38:27] ChannelAction.INFO: method : DELETE  
[2023-06-12 11:38:27] ChannelAction.INFO: contentType : application/json  
[2023-06-12 11:38:27] ChannelAction.INFO: Input Data : {"decoded":{"sub":"1","id":"1","userName":"super admin","userGroup":"1","email":"superadmin@msense.in","hotelId":"1","brandId":null,"iat":1686545424,"exp":1686631824}}  
[2023-06-12 11:38:27] ChannelAction.INFO: ======= END Edit Brand Action ================  
[2023-06-12 11:38:27] ChannelAction.INFO: ======= Start Channel Action (List) ================  
[2023-06-12 11:38:27] ChannelAction.INFO: method : POST  
[2023-06-12 11:38:27] ChannelAction.INFO: contentType : application/json  
[2023-06-12 11:38:27] ChannelAction.INFO: Input Data : {"decoded":{"sub":"1","id":"1","userName":"super admin","userGroup":"1","email":"superadmin@msense.in","hotelId":"1","brandId":null,"iat":1686545424,"exp":1686631824}}  
[2023-06-12 11:38:27] ChannelAction.INFO: ======= END Channel Action (List) ================  
[2023-06-12 11:38:30] ChannelAction.INFO: ======= Start Edit Brand Action ================  
[2023-06-12 11:38:30] ChannelAction.INFO: method : DELETE  
[2023-06-12 11:38:30] ChannelAction.INFO: contentType : application/json  
[2023-06-12 11:38:30] ChannelAction.INFO: Input Data : {"decoded":{"sub":"1","id":"1","userName":"super admin","userGroup":"1","email":"superadmin@msense.in","hotelId":"1","brandId":null,"iat":1686545424,"exp":1686631824}}  
[2023-06-12 11:38:30] ChannelAction.INFO: ======= END Edit Brand Action ================  
[2023-06-12 11:38:30] ChannelAction.INFO: ======= Start Channel Action (List) ================  
[2023-06-12 11:38:30] ChannelAction.INFO: method : POST  
[2023-06-12 11:38:30] ChannelAction.INFO: contentType : application/json  
[2023-06-12 11:38:30] ChannelAction.INFO: Input Data : {"decoded":{"sub":"1","id":"1","userName":"super admin","userGroup":"1","email":"superadmin@msense.in","hotelId":"1","brandId":null,"iat":1686545424,"exp":1686631824}}  
[2023-06-12 11:38:30] ChannelAction.INFO: ======= END Channel Action (List) ================  
[2023-06-12 11:38:32] ChannelAction.INFO: ======= Start Edit Brand Action ================  
[2023-06-12 11:38:32] ChannelAction.INFO: method : DELETE  
[2023-06-12 11:38:32] ChannelAction.INFO: contentType : application/json  
[2023-06-12 11:38:32] ChannelAction.INFO: Input Data : {"decoded":{"sub":"1","id":"1","userName":"super admin","userGroup":"1","email":"superadmin@msense.in","hotelId":"1","brandId":null,"iat":1686545424,"exp":1686631824}}  
[2023-06-12 11:38:32] ChannelAction.INFO: ======= END Edit Brand Action ================  
[2023-06-12 11:38:32] ChannelAction.INFO: ======= Start Channel Action (List) ================  
[2023-06-12 11:38:32] ChannelAction.INFO: method : POST  
[2023-06-12 11:38:32] ChannelAction.INFO: contentType : application/json  
[2023-06-12 11:38:32] ChannelAction.INFO: Input Data : {"decoded":{"sub":"1","id":"1","userName":"super admin","userGroup":"1","email":"superadmin@msense.in","hotelId":"1","brandId":null,"iat":1686545424,"exp":1686631824}}  
[2023-06-12 11:38:32] ChannelAction.INFO: ======= END Channel Action (List) ================  
[2023-06-12 11:38:35] ChannelAction.INFO: ======= Start Edit Brand Action ================  
[2023-06-12 11:38:35] ChannelAction.INFO: method : DELETE  
[2023-06-12 11:38:35] ChannelAction.INFO: contentType : application/json  
[2023-06-12 11:38:35] ChannelAction.INFO: Input Data : {"decoded":{"sub":"1","id":"1","userName":"super admin","userGroup":"1","email":"superadmin@msense.in","hotelId":"1","brandId":null,"iat":1686545424,"exp":1686631824}}  
[2023-06-12 11:38:35] ChannelAction.INFO: ======= END Edit Brand Action ================  
[2023-06-12 11:38:35] ChannelAction.INFO: ======= Start Channel Action (List) ================  
[2023-06-12 11:38:35] ChannelAction.INFO: method : POST  
[2023-06-12 11:38:35] ChannelAction.INFO: contentType : application/json  
[2023-06-12 11:38:35] ChannelAction.INFO: Input Data : {"decoded":{"sub":"1","id":"1","userName":"super admin","userGroup":"1","email":"superadmin@msense.in","hotelId":"1","brandId":null,"iat":1686545424,"exp":1686631824}}  
[2023-06-12 11:38:42] ChannelAction.INFO: ======= Start Edit Brand Action ================  
[2023-06-12 11:38:42] ChannelAction.INFO: method : DELETE  
[2023-06-12 11:38:42] ChannelAction.INFO: contentType : application/json  
[2023-06-12 11:38:42] ChannelAction.INFO: Input Data : {"decoded":{"sub":"1","id":"1","userName":"super admin","userGroup":"1","email":"superadmin@msense.in","hotelId":"1","brandId":null,"iat":1686545424,"exp":1686631824}}  
[2023-06-12 11:38:42] ChannelAction.INFO: ======= END Edit Brand Action ================  
[2023-06-12 11:38:42] ChannelAction.INFO: ======= Start Channel Action (List) ================  
[2023-06-12 11:38:42] ChannelAction.INFO: method : POST  
[2023-06-12 11:38:42] ChannelAction.INFO: contentType : application/json  
[2023-06-12 11:38:42] ChannelAction.INFO: Input Data : {"decoded":{"sub":"1","id":"1","userName":"super admin","userGroup":"1","email":"superadmin@msense.in","hotelId":"1","brandId":null,"iat":1686545424,"exp":1686631824}}  
[2023-06-12 11:38:47] ChannelAction.INFO: ======= Start Channel Action (List) ================  
[2023-06-12 11:38:47] ChannelAction.INFO: method : POST  
[2023-06-12 11:38:47] ChannelAction.INFO: contentType : application/json  
[2023-06-12 11:38:47] ChannelAction.INFO: Input Data : {"decoded":{"sub":"1","id":"1","userName":"super admin","userGroup":"1","email":"superadmin@msense.in","hotelId":"1","brandId":null,"iat":1686545424,"exp":1686631824}}  
[2023-06-12 11:40:13] ChannelAction.INFO: ======= Start Channel Action (CREATE) ================  
[2023-06-12 11:40:13] ChannelAction.INFO: method : POST  
[2023-06-12 11:40:13] ChannelAction.INFO: Input Data : {"channelname":"SunTv","decoded":{"sub":"1","id":"1","userName":"super admin","userGroup":"1","email":"superadmin@msense.in","hotelId":"1","brandId":null,"iat":1686545424,"exp":1686631824}}  
[2023-06-12 11:40:13] ChannelAction.INFO: Insert Status : {"msg":"Channel Added SuccessFully","status":"Success"}  
[2023-06-12 11:40:13] ChannelAction.INFO: ======= END Channel Action (CREATE) ================  
[2023-06-12 11:40:13] ChannelAction.INFO: ======= Start Channel Action (List) ================  
[2023-06-12 11:40:13] ChannelAction.INFO: method : POST  
[2023-06-12 11:40:13] ChannelAction.INFO: contentType : application/json  
[2023-06-12 11:40:13] ChannelAction.INFO: Input Data : {"decoded":{"sub":"1","id":"1","userName":"super admin","userGroup":"1","email":"superadmin@msense.in","hotelId":"1","brandId":null,"iat":1686545424,"exp":1686631824}}  
[2023-06-12 11:40:13] ChannelAction.INFO: ======= END Channel Action (List) ================  
[2023-06-12 11:40:54] ChannelAction.INFO: ======= Start Channel Action (CREATE) ================  
[2023-06-12 11:40:54] ChannelAction.INFO: method : POST  
[2023-06-12 11:40:54] ChannelAction.INFO: Input Data : {"channelname":"KTV","decoded":{"sub":"1","id":"1","userName":"super admin","userGroup":"1","email":"superadmin@msense.in","hotelId":"1","brandId":null,"iat":1686545424,"exp":1686631824}}  
[2023-06-12 11:40:54] ChannelAction.INFO: Insert Status : {"msg":"Channel Added SuccessFully","status":"Success"}  
[2023-06-12 11:40:54] ChannelAction.INFO: ======= END Channel Action (CREATE) ================  
[2023-06-12 11:40:54] ChannelAction.INFO: ======= Start Channel Action (List) ================  
[2023-06-12 11:40:54] ChannelAction.INFO: method : POST  
[2023-06-12 11:40:54] ChannelAction.INFO: contentType : application/json  
[2023-06-12 11:40:54] ChannelAction.INFO: Input Data : {"decoded":{"sub":"1","id":"1","userName":"super admin","userGroup":"1","email":"superadmin@msense.in","hotelId":"1","brandId":null,"iat":1686545424,"exp":1686631824}}  
[2023-06-12 11:40:54] ChannelAction.INFO: ======= END Channel Action (List) ================  
[2023-06-12 11:41:23] ChannelAction.INFO: ======= Start Channel Action (CREATE) ================  
[2023-06-12 11:41:23] ChannelAction.INFO: method : POST  
[2023-06-12 11:41:23] ChannelAction.INFO: Input Data : {"channelname":"HBO","decoded":{"sub":"1","id":"1","userName":"super admin","userGroup":"1","email":"superadmin@msense.in","hotelId":"1","brandId":null,"iat":1686545424,"exp":1686631824}}  
[2023-06-12 11:41:23] ChannelAction.INFO: Insert Status : {"msg":"Channel Added SuccessFully","status":"Success"}  
[2023-06-12 11:41:23] ChannelAction.INFO: ======= END Channel Action (CREATE) ================  
[2023-06-12 11:41:23] ChannelAction.INFO: ======= Start Channel Action (List) ================  
[2023-06-12 11:41:23] ChannelAction.INFO: method : POST  
[2023-06-12 11:41:23] ChannelAction.INFO: contentType : application/json  
[2023-06-12 11:41:23] ChannelAction.INFO: Input Data : {"decoded":{"sub":"1","id":"1","userName":"super admin","userGroup":"1","email":"superadmin@msense.in","hotelId":"1","brandId":null,"iat":1686545424,"exp":1686631824}}  
[2023-06-12 11:41:23] ChannelAction.INFO: ======= END Channel Action (List) ================  
[2023-06-12 11:41:40] ChannelAction.INFO: ======= Start Channel Action (CREATE) ================  
[2023-06-12 11:41:40] ChannelAction.INFO: method : POST  
[2023-06-12 11:41:40] ChannelAction.INFO: Input Data : {"channelname":"MoviesNow","decoded":{"sub":"1","id":"1","userName":"super admin","userGroup":"1","email":"superadmin@msense.in","hotelId":"1","brandId":null,"iat":1686545424,"exp":1686631824}}  
[2023-06-12 11:41:40] ChannelAction.INFO: Insert Status : {"msg":"Channel Added SuccessFully","status":"Success"}  
[2023-06-12 11:41:40] ChannelAction.INFO: ======= END Channel Action (CREATE) ================  
[2023-06-12 11:41:40] ChannelAction.INFO: ======= Start Channel Action (List) ================  
[2023-06-12 11:41:40] ChannelAction.INFO: method : POST  
[2023-06-12 11:41:40] ChannelAction.INFO: contentType : application/json  
[2023-06-12 11:41:40] ChannelAction.INFO: Input Data : {"decoded":{"sub":"1","id":"1","userName":"super admin","userGroup":"1","email":"superadmin@msense.in","hotelId":"1","brandId":null,"iat":1686545424,"exp":1686631824}}  
[2023-06-12 11:41:40] ChannelAction.INFO: ======= END Channel Action (List) ================  
[2023-06-12 11:42:46] ChannelAction.INFO: ======= Start Channel Action (CREATE) ================  
[2023-06-12 11:42:46] ChannelAction.INFO: method : POST  
[2023-06-12 11:42:46] ChannelAction.INFO: Input Data : {"channelname":"TenSports","decoded":{"sub":"1","id":"1","userName":"super admin","userGroup":"1","email":"superadmin@msense.in","hotelId":"1","brandId":null,"iat":1686545424,"exp":1686631824}}  
[2023-06-12 11:42:46] ChannelAction.INFO: Insert Status : {"msg":"Channel Added SuccessFully","status":"Success"}  
[2023-06-12 11:42:46] ChannelAction.INFO: ======= END Channel Action (CREATE) ================  
[2023-06-12 11:42:46] ChannelAction.INFO: ======= Start Channel Action (List) ================  
[2023-06-12 11:42:46] ChannelAction.INFO: method : POST  
[2023-06-12 11:42:46] ChannelAction.INFO: contentType : application/json  
[2023-06-12 11:42:46] ChannelAction.INFO: Input Data : {"decoded":{"sub":"1","id":"1","userName":"super admin","userGroup":"1","email":"superadmin@msense.in","hotelId":"1","brandId":null,"iat":1686545424,"exp":1686631824}}  
[2023-06-12 11:42:46] ChannelAction.INFO: ======= END Channel Action (List) ================  
[2023-06-12 11:43:06] ChannelAction.INFO: ======= Start Channel Action (CREATE) ================  
[2023-06-12 11:43:06] ChannelAction.INFO: method : POST  
[2023-06-12 11:43:06] ChannelAction.INFO: Input Data : {"channelname":"StarSports2","decoded":{"sub":"1","id":"1","userName":"super admin","userGroup":"1","email":"superadmin@msense.in","hotelId":"1","brandId":null,"iat":1686545424,"exp":1686631824}}  
[2023-06-12 11:43:06] ChannelAction.INFO: Insert Status : {"msg":"Channel Added SuccessFully","status":"Success"}  
[2023-06-12 11:43:06] ChannelAction.INFO: ======= END Channel Action (CREATE) ================  
[2023-06-12 11:43:06] ChannelAction.INFO: ======= Start Channel Action (List) ================  
[2023-06-12 11:43:06] ChannelAction.INFO: method : POST  
[2023-06-12 11:43:06] ChannelAction.INFO: contentType : application/json  
[2023-06-12 11:43:06] ChannelAction.INFO: Input Data : {"decoded":{"sub":"1","id":"1","userName":"super admin","userGroup":"1","email":"superadmin@msense.in","hotelId":"1","brandId":null,"iat":1686545424,"exp":1686631824}}  
[2023-06-12 11:43:06] ChannelAction.INFO: ======= END Channel Action (List) ================  
[2023-06-12 11:43:44] ChannelAction.INFO: ======= Start Channel Action (CREATE) ================  
[2023-06-12 11:43:44] ChannelAction.INFO: method : POST  
[2023-06-12 11:43:44] ChannelAction.INFO: Input Data : {"channelname":"CN","decoded":{"sub":"1","id":"1","userName":"super admin","userGroup":"1","email":"superadmin@msense.in","hotelId":"1","brandId":null,"iat":1686545424,"exp":1686631824}}  
[2023-06-12 11:43:44] ChannelAction.INFO: Insert Status : {"msg":"Channel Added SuccessFully","status":"Success"}  
[2023-06-12 11:43:44] ChannelAction.INFO: ======= END Channel Action (CREATE) ================  
[2023-06-12 11:43:44] ChannelAction.INFO: ======= Start Channel Action (List) ================  
[2023-06-12 11:43:44] ChannelAction.INFO: method : POST  
[2023-06-12 11:43:44] ChannelAction.INFO: contentType : application/json  
[2023-06-12 11:43:44] ChannelAction.INFO: Input Data : {"decoded":{"sub":"1","id":"1","userName":"super admin","userGroup":"1","email":"superadmin@msense.in","hotelId":"1","brandId":null,"iat":1686545424,"exp":1686631824}}  
[2023-06-12 11:43:44] ChannelAction.INFO: ======= END Channel Action (List) ================  
[2023-06-12 11:43:58] ChannelAction.INFO: ======= Start Channel Action (CREATE) ================  
[2023-06-12 11:43:58] ChannelAction.INFO: method : POST  
[2023-06-12 11:43:58] ChannelAction.INFO: Input Data : {"channelname":"Pogo","decoded":{"sub":"1","id":"1","userName":"super admin","userGroup":"1","email":"superadmin@msense.in","hotelId":"1","brandId":null,"iat":1686545424,"exp":1686631824}}  
[2023-06-12 11:43:58] ChannelAction.INFO: Insert Status : {"msg":"Channel Added SuccessFully","status":"Success"}  
[2023-06-12 11:43:58] ChannelAction.INFO: ======= END Channel Action (CREATE) ================  
[2023-06-12 11:43:58] ChannelAction.INFO: ======= Start Channel Action (List) ================  
[2023-06-12 11:43:58] ChannelAction.INFO: method : POST  
[2023-06-12 11:43:58] ChannelAction.INFO: contentType : application/json  
[2023-06-12 11:43:58] ChannelAction.INFO: Input Data : {"decoded":{"sub":"1","id":"1","userName":"super admin","userGroup":"1","email":"superadmin@msense.in","hotelId":"1","brandId":null,"iat":1686545424,"exp":1686631824}}  
[2023-06-12 11:43:58] ChannelAction.INFO: ======= END Channel Action (List) ================  
[2023-06-12 11:45:31] ChannelAction.INFO: ======= Start Channel Action (List) ================  
[2023-06-12 11:45:31] ChannelAction.INFO: method : POST  
[2023-06-12 11:45:31] ChannelAction.INFO: contentType : application/json  
[2023-06-12 11:45:31] ChannelAction.INFO: Input Data : {"decoded":{"sub":"1","id":"1","userName":"super admin","userGroup":"1","email":"superadmin@msense.in","hotelId":"1","brandId":null,"iat":1686545424,"exp":1686631824}}  
[2023-06-12 11:45:31] ChannelAction.INFO: ======= END Channel Action (List) ================  
[2023-06-12 11:47:23] ChannelAction.INFO: ======= Start Channel Action (List) ================  
[2023-06-12 11:47:23] ChannelAction.INFO: method : POST  
[2023-06-12 11:47:23] ChannelAction.INFO: contentType : application/json  
[2023-06-12 11:47:23] ChannelAction.INFO: Input Data : {"decoded":{"sub":"1","id":"1","userName":"super admin","userGroup":"1","email":"superadmin@msense.in","hotelId":"1","brandId":null,"iat":1686545424,"exp":1686631824}}  
[2023-06-12 11:47:23] ChannelAction.INFO: ======= END Channel Action (List) ================  
[2023-06-12 11:47:33] ChannelAction.INFO: ======= Start Channel Action (List) ================  
[2023-06-12 11:47:33] ChannelAction.INFO: method : POST  
[2023-06-12 11:47:33] ChannelAction.INFO: contentType : application/json  
[2023-06-12 11:47:33] ChannelAction.INFO: Input Data : {"decoded":{"sub":"1","id":"1","userName":"super admin","userGroup":"1","email":"superadmin@msense.in","hotelId":"1","brandId":null,"iat":1686545424,"exp":1686631824}}  
[2023-06-12 11:47:33] ChannelAction.INFO: ======= END Channel Action (List) ================  
[2023-06-12 11:47:35] ChannelAction.INFO: ======= Start Channel Action (Single One) ================  
[2023-06-12 11:47:35] ChannelAction.INFO: Input Type : string  
[2023-06-12 11:47:35] ChannelAction.INFO: method : GET  
[2023-06-12 11:47:35] ChannelAction.INFO: contentType : application/json  
[2023-06-12 11:47:35] ChannelAction.INFO: Input Data : {"decoded":{"sub":"1","id":"1","userName":"super admin","userGroup":"1","email":"superadmin@msense.in","hotelId":"1","brandId":null,"iat":1686545424,"exp":1686631824}}  
[2023-06-12 11:47:35] ChannelAction.INFO: group id : 15  
[2023-06-12 11:47:35] ChannelAction.INFO: ======= END Channel Action (Single One) ================  
