[2023-06-12 04:32:57] AdmnGrpsRepository.INFO: ======= Start AdmnGrps Repository ================  
[2023-06-12 04:32:57] AdmnGrpsRepository.INFO: Input Data : {"decoded":{"sub":"1","id":"1","userName":"super admin","userGroup":"1","email":"superadmin@msense.in","hotelId":"1","brandId":null,"iat":1686544372,"exp":1686630772}}  
[2023-06-12 04:32:57] AdmnGrpModel.INFO: Query : CALL SP_GroupConfig('0', '0', 0, '', 
            1, '', 10, '0', 
            0, '', 'DESC', 'GETALL')  
[2023-06-12 04:32:57] AdmnGrpModel.INFO: Group List Avaliable Group list count : 30  
[2023-06-12 04:32:57] AdmnGrpsRepository.INFO: ======= End AdmnGrps Repository ================  
[2023-06-12 04:33:06] AdmnGrpsRepository.INFO: ======= Start AdmnGrps Repository ================  
[2023-06-12 04:33:06] AdmnGrpsRepository.INFO: Input Data : {"decoded":{"sub":"1","id":"1","userName":"super admin","userGroup":"1","email":"superadmin@msense.in","hotelId":"1","brandId":null,"iat":1686544126,"exp":1686630526}}  
[2023-06-12 04:33:06] AdmnGrpModel.INFO: Query : CALL SP_GroupConfig('0', '0', 0, '', 
            1, '', 10, '0', 
            0, '', 'DESC', 'GETALL')  
[2023-06-12 04:33:06] AdmnGrpModel.INFO: Group List Avaliable Group list count : 30  
[2023-06-12 04:33:06] AdmnGrpsRepository.INFO: ======= End AdmnGrps Repository ================  
[2023-06-12 04:52:05] AdmnGrpsRepository.INFO: ======= Start AdmnGrps Repository ================  
[2023-06-12 04:52:05] AdmnGrpsRepository.INFO: Input Data : {"decoded":{"sub":"1","id":"1","userName":"super admin","userGroup":"1","email":"superadmin@msense.in","hotelId":"1","brandId":null,"iat":1686543360,"exp":1686629760}}  
[2023-06-12 04:52:05] AdmnGrpModel.INFO: Query : CALL SP_GroupConfig('0', '0', 0, '', 
            1, '', 10, '0', 
            0, '', 'DESC', 'GETALL')  
[2023-06-12 04:52:05] AdmnGrpModel.INFO: Group List Avaliable Group list count : 30  
[2023-06-12 04:52:05] AdmnGrpsRepository.INFO: ======= End AdmnGrps Repository ================  
[2023-06-12 04:56:15] AdmnGrpsRepository.INFO: ======= Start AdmnGrps Repository ================  
[2023-06-12 04:56:15] AdmnGrpsRepository.INFO: Input Data : {"decoded":{"sub":"1","id":"1","userName":"super admin","userGroup":"1","email":"superadmin@msense.in","hotelId":"1","brandId":null,"iat":1686543532,"exp":1686629932}}  
[2023-06-12 04:56:15] AdmnGrpModel.INFO: Query : CALL SP_GroupConfig('0', '0', 0, '', 
            1, '', 10, '0', 
            0, '', 'DESC', 'GETALL')  
[2023-06-12 04:56:15] AdmnGrpModel.INFO: Group List Avaliable Group list count : 30  
[2023-06-12 04:56:15] AdmnGrpsRepository.INFO: ======= End AdmnGrps Repository ================  
[2023-06-12 04:57:30] AdmnGrpsRepository.INFO: ======= Start AdmnGrps Repository ================  
[2023-06-12 04:57:30] AdmnGrpsRepository.INFO: Input Data : {"decoded":{"sub":"1","id":"1","userName":"super admin","userGroup":"1","email":"superadmin@msense.in","hotelId":"1","brandId":null,"iat":1686543532,"exp":1686629932}}  
[2023-06-12 04:57:30] AdmnGrpModel.INFO: Query : CALL SP_GroupConfig('0', '0', 0, '', 
            1, '', 10, '0', 
            0, '', 'DESC', 'GETALL')  
[2023-06-12 04:57:30] AdmnGrpModel.INFO: Group List Avaliable Group list count : 30  
[2023-06-12 04:57:30] AdmnGrpsRepository.INFO: ======= End AdmnGrps Repository ================  
[2023-06-12 04:58:17] AdmnGrpsRepository.INFO: ======= Start AdmnGrps Repository ================  
[2023-06-12 04:58:17] AdmnGrpsRepository.INFO: Input Data : {"decoded":{"sub":"1","id":"1","userName":"super admin","userGroup":"1","email":"superadmin@msense.in","hotelId":"1","brandId":null,"iat":1686543532,"exp":1686629932}}  
[2023-06-12 04:58:17] AdmnGrpModel.INFO: Query : CALL SP_GroupConfig('0', '0', 0, '', 
            1, '', 10, '0', 
            0, '', 'DESC', 'GETALL')  
[2023-06-12 04:58:17] AdmnGrpModel.INFO: Group List Avaliable Group list count : 30  
[2023-06-12 04:58:17] AdmnGrpsRepository.INFO: ======= End AdmnGrps Repository ================  
[2023-06-12 05:19:09] AdmnGrpsRepository.INFO: ======= Start AdmnGrps Repository ================  
[2023-06-12 05:19:09] AdmnGrpsRepository.INFO: Input Data : {"decoded":{"sub":"1","id":"1","userName":"super admin","userGroup":"1","email":"superadmin@msense.in","hotelId":"1","brandId":null,"iat":1686543532,"exp":1686629932}}  
[2023-06-12 05:19:09] AdmnGrpModel.INFO: Query : CALL SP_GroupConfig('0', '0', 0, '', 
            1, '', 10, '0', 
            0, '', 'DESC', 'GETALL')  
[2023-06-12 05:19:09] AdmnGrpModel.INFO: Group List Avaliable Group list count : 30  
[2023-06-12 05:19:09] AdmnGrpsRepository.INFO: ======= End AdmnGrps Repository ================  
[2023-06-12 05:19:16] AdmnGrpsRepository.INFO: ======= Start AdmnGrps Repository ================  
[2023-06-12 05:19:16] AdmnGrpsRepository.INFO: Input Data : {"decoded":{"sub":"1","id":"1","userName":"super admin","userGroup":"1","email":"superadmin@msense.in","hotelId":"1","brandId":null,"iat":1686543532,"exp":1686629932}}  
[2023-06-12 05:19:16] AdmnGrpModel.INFO: Query : CALL SP_GroupConfig('0', '0', 0, '', 
            1, '', 10, '0', 
            0, '', 'DESC', 'GETALL')  
[2023-06-12 05:19:16] AdmnGrpModel.INFO: Group List Avaliable Group list count : 30  
[2023-06-12 05:19:16] AdmnGrpsRepository.INFO: ======= End AdmnGrps Repository ================  
[2023-06-12 05:20:57] AdmnGrpsRepository.INFO: ======= Start AdmnGrps Repository ================  
[2023-06-12 05:20:57] AdmnGrpsRepository.INFO: Input Data : {"decoded":{"sub":"1","id":"1","userName":"super admin","userGroup":"1","email":"superadmin@msense.in","hotelId":"1","brandId":null,"iat":1686543532,"exp":1686629932}}  
[2023-06-12 05:20:57] AdmnGrpModel.INFO: Query : CALL SP_GroupConfig('0', '0', 0, '', 
            1, '', 10, '0', 
            0, '', 'DESC', 'GETALL')  
[2023-06-12 05:20:57] AdmnGrpModel.INFO: Group List Avaliable Group list count : 30  
[2023-06-12 05:20:57] AdmnGrpsRepository.INFO: ======= End AdmnGrps Repository ================  
[2023-06-12 05:22:09] AdmnGrpsRepository.INFO: ======= Start AdmnGrps Repository ================  
[2023-06-12 05:22:09] AdmnGrpsRepository.INFO: Input Data : {"decoded":{"sub":"1","id":"1","userName":"super admin","userGroup":"1","email":"superadmin@msense.in","hotelId":"1","brandId":null,"iat":1686543532,"exp":1686629932}}  
[2023-06-12 05:22:09] AdmnGrpModel.INFO: Query : CALL SP_GroupConfig('0', '0', 0, '', 
            1, '', 10, '0', 
            0, '', 'DESC', 'GETALL')  
[2023-06-12 05:22:09] AdmnGrpModel.INFO: Group List Avaliable Group list count : 30  
[2023-06-12 05:22:09] AdmnGrpsRepository.INFO: ======= End AdmnGrps Repository ================  
[2023-06-12 05:22:24] AdmnGrpsRepository.INFO: ======= Start AdmnGrps Repository ================  
[2023-06-12 05:22:24] AdmnGrpsRepository.INFO: Input Data : {"decoded":{"sub":"1","id":"1","userName":"super admin","userGroup":"1","email":"superadmin@msense.in","hotelId":"1","brandId":null,"iat":1686543532,"exp":1686629932}}  
[2023-06-12 05:22:24] AdmnGrpModel.INFO: Query : CALL SP_GroupConfig('0', '0', 0, '', 
            1, '', 10, '0', 
            0, '', 'DESC', 'GETALL')  
[2023-06-12 05:22:24] AdmnGrpModel.INFO: Group List Avaliable Group list count : 30  
[2023-06-12 05:22:24] AdmnGrpsRepository.INFO: ======= End AdmnGrps Repository ================  
[2023-06-12 05:30:06] AdmnGrpsRepository.INFO: ======= Start AdmnGrps Repository ================  
[2023-06-12 05:30:06] AdmnGrpsRepository.INFO: Input Data : {"decoded":{"sub":"1","id":"1","userName":"super admin","userGroup":"1","email":"superadmin@msense.in","hotelId":"1","brandId":null,"iat":1686543532,"exp":1686629932}}  
[2023-06-12 05:30:06] AdmnGrpModel.INFO: Query : CALL SP_GroupConfig('0', '0', 0, '', 
            1, '', 10, '0', 
            0, '', 'DESC', 'GETALL')  
[2023-06-12 05:30:06] AdmnGrpModel.INFO: Group List Avaliable Group list count : 30  
[2023-06-12 05:30:06] AdmnGrpsRepository.INFO: ======= End AdmnGrps Repository ================  
[2023-06-12 06:00:45] AdmnGrpsRepository.INFO: ======= Start AdmnGrps Repository ================  
[2023-06-12 06:00:45] AdmnGrpsRepository.INFO: Input Data : {"decoded":{"sub":"1","id":"1","userName":"super admin","userGroup":"1","email":"superadmin@msense.in","hotelId":"1","brandId":null,"iat":1686543532,"exp":1686629932}}  
[2023-06-12 06:00:45] AdmnGrpModel.INFO: Query : CALL SP_GroupConfig('0', '0', 0, '', 
            1, '', 10, '0', 
            0, '', 'DESC', 'GETALL')  
[2023-06-12 06:00:45] AdmnGrpModel.INFO: Group List Avaliable Group list count : 30  
[2023-06-12 06:00:45] AdmnGrpsRepository.INFO: ======= End AdmnGrps Repository ================  
[2023-06-12 06:25:59] AdmnGrpsRepository.INFO: ======= Start AdmnGrps Repository ================  
[2023-06-12 06:25:59] AdmnGrpsRepository.INFO: Input Data : {"decoded":{"sub":"1","id":"1","userName":"super admin","userGroup":"1","email":"superadmin@msense.in","hotelId":"1","brandId":null,"iat":1686543532,"exp":1686629932}}  
[2023-06-12 06:25:59] AdmnGrpModel.INFO: Query : CALL SP_GroupConfig('0', '0', 0, '', 
            1, '', 10, '0', 
            0, '', 'DESC', 'GETALL')  
[2023-06-12 06:25:59] AdmnGrpModel.INFO: Group List Avaliable Group list count : 30  
[2023-06-12 06:25:59] AdmnGrpsRepository.INFO: ======= End AdmnGrps Repository ================  
[2023-06-12 06:26:01] AdmnGrpsRepository.INFO: ======= Start AdmnGrps Repository ================  
[2023-06-12 06:26:01] AdmnGrpsRepository.INFO: Input Data : {"decoded":{"sub":"1","id":"1","userName":"super admin","userGroup":"1","email":"superadmin@msense.in","hotelId":"1","brandId":null,"iat":1686543532,"exp":1686629932}}  
[2023-06-12 06:26:01] AdmnGrpModel.INFO: Query : CALL SP_GroupConfig('0', '0', 0, '', 
            1, '', 10, '0', 
            0, '', 'DESC', 'GETALL')  
[2023-06-12 06:26:01] AdmnGrpModel.INFO: Group List Avaliable Group list count : 30  
[2023-06-12 06:26:01] AdmnGrpsRepository.INFO: ======= End AdmnGrps Repository ================  
[2023-06-12 07:12:28] AdmnGrpsRepository.INFO: ======= Start AdmnGrps Repository ================  
[2023-06-12 07:12:28] AdmnGrpsRepository.INFO: Input Data : {"decoded":{"sub":"1","id":"1","userName":"super admin","userGroup":"1","email":"superadmin@msense.in","hotelId":"1","brandId":null,"iat":1686545424,"exp":1686631824}}  
[2023-06-12 07:12:28] AdmnGrpModel.INFO: Query : CALL SP_GroupConfig('0', '0', 0, '', 
            1, '', 10, '0', 
            0, '', 'DESC', 'GETALL')  
[2023-06-12 07:12:28] AdmnGrpModel.INFO: Group List Avaliable Group list count : 30  
[2023-06-12 07:12:28] AdmnGrpsRepository.INFO: ======= End AdmnGrps Repository ================  
[2023-06-12 07:12:35] AdmnGrpsRepository.INFO: ======= Start AdmnGrps Repository ================  
[2023-06-12 07:12:35] AdmnGrpsRepository.INFO: Input Data : {"decoded":{"sub":"1","id":"1","userName":"super admin","userGroup":"1","email":"superadmin@msense.in","hotelId":"1","brandId":null,"iat":1686545424,"exp":1686631824}}  
[2023-06-12 07:12:35] AdmnGrpModel.INFO: Query : CALL SP_GroupConfig('0', '0', 0, '', 
            1, '', 10, '0', 
            0, '', 'DESC', 'GETALL')  
[2023-06-12 07:12:35] AdmnGrpModel.INFO: Group List Avaliable Group list count : 30  
[2023-06-12 07:12:35] AdmnGrpsRepository.INFO: ======= End AdmnGrps Repository ================  
[2023-06-12 07:12:47] AdmnGrpsRepository.INFO: ======= Start AdmnGrps Repository ================  
[2023-06-12 07:12:47] AdmnGrpsRepository.INFO: Input Data : {"decoded":{"sub":"1","id":"1","userName":"super admin","userGroup":"1","email":"superadmin@msense.in","hotelId":"1","brandId":null,"iat":1686545424,"exp":1686631824}}  
[2023-06-12 07:12:47] AdmnGrpModel.INFO: Query : CALL SP_GroupConfig('0', '0', 0, '', 
            1, '', 10, '0', 
            0, '', 'DESC', 'GETALL')  
[2023-06-12 07:12:47] AdmnGrpModel.INFO: Group List Avaliable Group list count : 30  
[2023-06-12 07:12:47] AdmnGrpsRepository.INFO: ======= End AdmnGrps Repository ================  
[2023-06-12 09:25:26] AdmnGrpsRepository.INFO: ======= Start AdmnGrps Repository ================  
[2023-06-12 09:25:26] AdmnGrpsRepository.INFO: Input Data : {"decoded":{"sub":"1","id":"1","userName":"super admin","userGroup":"1","email":"superadmin@msense.in","hotelId":"1","brandId":null,"iat":1686561920,"exp":1686648320}}  
[2023-06-12 09:25:26] AdmnGrpModel.INFO: Query : CALL SP_GroupConfig('0', '0', 0, '', 
            1, '', 10, '0', 
            0, '', 'DESC', 'GETALL')  
[2023-06-12 09:25:26] AdmnGrpModel.INFO: Group List Avaliable Group list count : 30  
[2023-06-12 09:25:26] AdmnGrpsRepository.INFO: ======= End AdmnGrps Repository ================  
[2023-06-12 10:53:16] AdmnGrpsRepository.INFO: ======= Start AdmnGrps Repository ================  
[2023-06-12 10:53:16] AdmnGrpsRepository.INFO: Input Data : {"decoded":{"sub":"1","id":"1","userName":"super admin","userGroup":"1","email":"superadmin@msense.in","hotelId":"1","brandId":null,"iat":1686561920,"exp":1686648320}}  
[2023-06-12 10:53:16] AdmnGrpModel.INFO: Query : CALL SP_GroupConfig('0', '0', 0, '', 
            1, '', 10, '0', 
            0, '', 'DESC', 'GETALL')  
[2023-06-12 10:53:16] AdmnGrpModel.INFO: Group List Avaliable Group list count : 30  
[2023-06-12 10:53:16] AdmnGrpsRepository.INFO: ======= End AdmnGrps Repository ================  
