[2023-06-21 06:08:04] AdmnGrpsRepository.INFO: ======= Start AdmnGrps Repository ================  
[2023-06-21 06:08:04] AdmnGrpsRepository.INFO: Input Data : {"decoded":{"sub":"1","id":"1","userName":"super admin","userGroup":"1","email":"superadmin@msense.in","hotelId":"4","brandId":"7","iat":1687321654,"exp":1687408054}}  
[2023-06-21 06:08:04] AdmnGrpModel.INFO: Query : CALL SP_GroupConfig('0', '0', 0, '', 
            1, '', 10, '0', 
            0, '', 'DESC', 'GETALL')  
[2023-06-21 06:08:04] AdmnGrpModel.INFO: Group List Avaliable Group list count : 30  
[2023-06-21 06:08:04] AdmnGrpsRepository.INFO: ======= End AdmnGrps Repository ================  
[2023-06-21 07:02:45] AdmnGrpsRepository.INFO: ======= Start AdmnGrps Repository ================  
[2023-06-21 07:02:45] AdmnGrpsRepository.INFO: Input Data : {"decoded":{"sub":"1","id":"1","userName":"super admin","userGroup":"1","email":"superadmin@msense.in","hotelId":"4","brandId":"7","iat":1687321654,"exp":1687408054}}  
[2023-06-21 07:02:45] AdmnGrpModel.INFO: Query : CALL SP_GroupConfig('0', '0', 0, '', 
            1, '', 10, '0', 
            0, '', 'DESC', 'GETALL')  
[2023-06-21 07:02:45] AdmnGrpModel.INFO: Group List Avaliable Group list count : 30  
[2023-06-21 07:02:45] AdmnGrpsRepository.INFO: ======= End AdmnGrps Repository ================  
[2023-06-21 09:15:38] AdmnGrpsRepository.INFO: ======= Start AdmnGrps Repository ================  
[2023-06-21 09:15:38] AdmnGrpsRepository.INFO: Input Data : {"decoded":{"sub":"1","id":"1","userName":"super admin","userGroup":"1","email":"superadmin@msense.in","hotelId":"4","brandId":"7","iat":1687321654,"exp":1687408054}}  
[2023-06-21 09:15:38] AdmnGrpModel.INFO: Query : CALL SP_GroupConfig('0', '0', 0, '', 
            1, '', 10, '0', 
            0, '', 'DESC', 'GETALL')  
[2023-06-21 09:15:38] AdmnGrpModel.INFO: Group List Avaliable Group list count : 30  
[2023-06-21 09:15:38] AdmnGrpsRepository.INFO: ======= End AdmnGrps Repository ================  
[2023-06-21 10:02:23] AdmnGrpsRepository.INFO: ======= Start AdmnGrps Repository ================  
[2023-06-21 10:02:23] AdmnGrpsRepository.INFO: Input Data : {"decoded":{"sub":"1","id":"1","userName":"super admin","userGroup":"1","email":"superadmin@msense.in","hotelId":"4","brandId":"7","iat":1687321654,"exp":1687408054}}  
[2023-06-21 10:02:23] AdmnGrpModel.INFO: Query : CALL SP_GroupConfig('0', '0', 0, '', 
            1, '', 10, '0', 
            0, '', 'DESC', 'GETALL')  
[2023-06-21 10:02:23] AdmnGrpModel.INFO: Group List Avaliable Group list count : 30  
[2023-06-21 10:02:23] AdmnGrpsRepository.INFO: ======= End AdmnGrps Repository ================  
[2023-06-21 10:39:35] AdmnGrpsRepository.INFO: ======= Start AdmnGrps Repository ================  
[2023-06-21 10:39:35] AdmnGrpsRepository.INFO: Input Data : {"decoded":{"sub":"1","id":"1","userName":"super admin","userGroup":"1","email":"superadmin@msense.in","hotelId":"4","brandId":"7","iat":1687321654,"exp":1687408054}}  
[2023-06-21 10:39:35] AdmnGrpModel.INFO: Query : CALL SP_GroupConfig('0', '0', 0, '', 
            1, '', 10, '0', 
            0, '', 'DESC', 'GETALL')  
[2023-06-21 10:39:35] AdmnGrpModel.INFO: Group List Avaliable Group list count : 30  
[2023-06-21 10:39:35] AdmnGrpsRepository.INFO: ======= End AdmnGrps Repository ================  
[2023-06-21 10:39:55] AdmnGrpsRepository.INFO: ======= Start AdmnGrps Repository ================  
[2023-06-21 10:39:55] AdmnGrpsRepository.INFO: Input Data : {"decoded":{"sub":"1","id":"1","userName":"super admin","userGroup":"1","email":"superadmin@msense.in","hotelId":"4","brandId":"7","iat":1687321654,"exp":1687408054}}  
[2023-06-21 10:39:55] AdmnGrpModel.INFO: Query : CALL SP_GroupConfig('0', '0', 0, '', 
            1, '', 10, '0', 
            0, '', 'DESC', 'GETALL')  
[2023-06-21 10:39:55] AdmnGrpModel.INFO: Group List Avaliable Group list count : 30  
[2023-06-21 10:39:55] AdmnGrpsRepository.INFO: ======= End AdmnGrps Repository ================  
[2023-06-21 10:51:47] AdmnGrpsRepository.INFO: ======= Start AdmnGrps Repository ================  
[2023-06-21 10:51:47] AdmnGrpsRepository.INFO: Input Data : {"decoded":{"sub":"1","id":"1","userName":"super admin","userGroup":"1","email":"superadmin@msense.in","hotelId":"4","brandId":"7","iat":1687344699,"exp":1687431099}}  
[2023-06-21 10:51:47] AdmnGrpModel.INFO: Query : CALL SP_GroupConfig('0', '0', 0, '', 
            1, '', 10, '0', 
            0, '', 'DESC', 'GETALL')  
[2023-06-21 10:51:47] AdmnGrpModel.INFO: Group List Avaliable Group list count : 30  
[2023-06-21 10:51:47] AdmnGrpsRepository.INFO: ======= End AdmnGrps Repository ================  
[2023-06-21 10:51:51] AdmnGrpsRepository.INFO: ======= Start AdmnGrps Repository ================  
[2023-06-21 10:51:51] AdmnGrpsRepository.INFO: Input Data : {"decoded":{"sub":"1","id":"1","userName":"super admin","userGroup":"1","email":"superadmin@msense.in","hotelId":"4","brandId":"7","iat":1687344699,"exp":1687431099}}  
[2023-06-21 10:51:51] AdmnGrpModel.INFO: Query : CALL SP_GroupConfig('0', '0', 0, '', 
            1, '', 10, '0', 
            0, '', 'DESC', 'GETALL')  
[2023-06-21 10:51:51] AdmnGrpModel.INFO: Group List Avaliable Group list count : 30  
[2023-06-21 10:51:51] AdmnGrpsRepository.INFO: ======= End AdmnGrps Repository ================  
[2023-06-21 10:51:55] AdmnGrpsRepository.INFO: ======= Start AdmnGrps Repository ================  
[2023-06-21 10:51:55] AdmnGrpsRepository.INFO: Input Data : {"decoded":{"sub":"1","id":"1","userName":"super admin","userGroup":"1","email":"superadmin@msense.in","hotelId":"4","brandId":"7","iat":1687344699,"exp":1687431099}}  
[2023-06-21 10:51:55] AdmnGrpModel.INFO: Query : CALL SP_GroupConfig('0', '0', 0, '', 
            1, '', 10, '0', 
            0, '', 'DESC', 'GETALL')  
[2023-06-21 10:51:55] AdmnGrpModel.INFO: Group List Avaliable Group list count : 30  
[2023-06-21 10:51:55] AdmnGrpsRepository.INFO: ======= End AdmnGrps Repository ================  
[2023-06-21 10:51:59] AdmnGrpsRepository.INFO: ======= Start AdmnGrps Repository ================  
[2023-06-21 10:51:59] AdmnGrpsRepository.INFO: Input Data : {"decoded":{"sub":"1","id":"1","userName":"super admin","userGroup":"1","email":"superadmin@msense.in","hotelId":"4","brandId":"7","iat":1687344699,"exp":1687431099}}  
[2023-06-21 10:51:59] AdmnGrpModel.INFO: Query : CALL SP_GroupConfig('0', '0', 0, '', 
            1, '', 10, '0', 
            0, '', 'DESC', 'GETALL')  
[2023-06-21 10:51:59] AdmnGrpModel.INFO: Group List Avaliable Group list count : 30  
[2023-06-21 10:51:59] AdmnGrpsRepository.INFO: ======= End AdmnGrps Repository ================  
[2023-06-21 10:52:19] AdmnGrpsRepository.INFO: ======= Start AdmnGrps Repository ================  
[2023-06-21 10:52:19] AdmnGrpsRepository.INFO: Input Data : {"decoded":{"sub":"1","id":"1","userName":"super admin","userGroup":"1","email":"superadmin@msense.in","hotelId":"4","brandId":"7","iat":1687344699,"exp":1687431099}}  
[2023-06-21 10:52:19] AdmnGrpModel.INFO: Query : CALL SP_GroupConfig('0', '0', 0, '', 
            1, '', 10, '0', 
            0, '', 'DESC', 'GETALL')  
[2023-06-21 10:52:19] AdmnGrpModel.INFO: Group List Avaliable Group list count : 30  
[2023-06-21 10:52:19] AdmnGrpsRepository.INFO: ======= End AdmnGrps Repository ================  
[2023-06-21 10:52:20] AdmnGrpsRepository.INFO: ======= Start AdmnGrps Repository ================  
[2023-06-21 10:52:20] AdmnGrpsRepository.INFO: Input Data : {"decoded":{"sub":"1","id":"1","userName":"super admin","userGroup":"1","email":"superadmin@msense.in","hotelId":"4","brandId":"7","iat":1687344699,"exp":1687431099}}  
[2023-06-21 10:52:20] AdmnGrpModel.INFO: Query : CALL SP_GroupConfig('0', '0', 0, '', 
            1, '', 10, '0', 
            0, '', 'DESC', 'GETALL')  
[2023-06-21 10:52:20] AdmnGrpModel.INFO: Group List Avaliable Group list count : 30  
[2023-06-21 10:52:20] AdmnGrpsRepository.INFO: ======= End AdmnGrps Repository ================  
[2023-06-21 11:09:43] AdmnGrpsRepository.INFO: ======= Start AdmnGrps Repository ================  
[2023-06-21 11:09:43] AdmnGrpsRepository.INFO: Input Data : {"decoded":{"sub":"1","id":"1","userName":"super admin","userGroup":"1","email":"superadmin@msense.in","hotelId":"4","brandId":"7","iat":1687344839,"exp":1687431239}}  
[2023-06-21 11:09:43] AdmnGrpModel.INFO: Query : CALL SP_GroupConfig('0', '0', 0, '', 
            1, '', 10, '0', 
            0, '', 'DESC', 'GETALL')  
[2023-06-21 11:09:43] AdmnGrpModel.INFO: Group List Avaliable Group list count : 30  
[2023-06-21 11:09:43] AdmnGrpsRepository.INFO: ======= End AdmnGrps Repository ================  
[2023-06-21 11:10:27] AdmnGrpsRepository.INFO: ======= Start AdmnGrps Repository ================  
[2023-06-21 11:10:27] AdmnGrpsRepository.INFO: Input Data : {"decoded":{"sub":"1","id":"1","userName":"super admin","userGroup":"1","email":"superadmin@msense.in","hotelId":"4","brandId":"7","iat":1687345806,"exp":1687432206}}  
[2023-06-21 11:10:27] AdmnGrpModel.INFO: Query : CALL SP_GroupConfig('0', '0', 0, '', 
            1, '', 10, '0', 
            0, '', 'DESC', 'GETALL')  
[2023-06-21 11:10:27] AdmnGrpModel.INFO: Group List Avaliable Group list count : 30  
[2023-06-21 11:10:27] AdmnGrpsRepository.INFO: ======= End AdmnGrps Repository ================  
[2023-06-21 11:10:39] AdmnGrpsRepository.INFO: ======= Start AdmnGrps Repository ================  
[2023-06-21 11:10:39] AdmnGrpsRepository.INFO: Input Data : {"decoded":{"sub":"1","id":"1","userName":"super admin","userGroup":"1","email":"superadmin@msense.in","hotelId":"4","brandId":"7","iat":1687345806,"exp":1687432206}}  
[2023-06-21 11:10:39] AdmnGrpModel.INFO: Query : CALL SP_GroupConfig('0', '0', 0, '', 
            1, '', 10, '0', 
            0, '', 'DESC', 'GETALL')  
[2023-06-21 11:10:39] AdmnGrpModel.INFO: Group List Avaliable Group list count : 30  
[2023-06-21 11:10:39] AdmnGrpsRepository.INFO: ======= End AdmnGrps Repository ================  
[2023-06-21 11:11:12] AdmnGrpsRepository.INFO: ======= Start AdmnGrps Repository ================  
[2023-06-21 11:11:12] AdmnGrpsRepository.INFO: Input Data : {"decoded":{"sub":"1","id":"1","userName":"super admin","userGroup":"1","email":"superadmin@msense.in","hotelId":"4","brandId":"7","iat":1687345806,"exp":1687432206}}  
[2023-06-21 11:11:12] AdmnGrpModel.INFO: Query : CALL SP_GroupConfig('0', '0', 0, '', 
            1, '', 10, '0', 
            0, '', 'DESC', 'GETALL')  
[2023-06-21 11:11:12] AdmnGrpModel.INFO: Group List Avaliable Group list count : 30  
[2023-06-21 11:11:12] AdmnGrpsRepository.INFO: ======= End AdmnGrps Repository ================  
[2023-06-21 11:12:58] AdmnGrpsRepository.INFO: ======= Start AdmnGrps Repository ================  
[2023-06-21 11:12:58] AdmnGrpsRepository.INFO: Input Data : {"decoded":{"sub":"1","id":"1","userName":"super admin","userGroup":"1","email":"superadmin@msense.in","hotelId":"4","brandId":"7","iat":1687345957,"exp":1687432357}}  
[2023-06-21 11:12:58] AdmnGrpModel.INFO: Query : CALL SP_GroupConfig('0', '0', 0, '', 
            1, '', 10, '0', 
            0, '', 'DESC', 'GETALL')  
[2023-06-21 11:12:58] AdmnGrpModel.INFO: Group List Avaliable Group list count : 30  
[2023-06-21 11:12:58] AdmnGrpsRepository.INFO: ======= End AdmnGrps Repository ================  
[2023-06-21 11:17:23] AdmnGrpsRepository.INFO: ======= Start AdmnGrps Repository ================  
[2023-06-21 11:17:23] AdmnGrpsRepository.INFO: Input Data : {"decoded":{"sub":"1","id":"1","userName":"super admin","userGroup":"1","email":"superadmin@msense.in","hotelId":"4","brandId":"7","iat":1687345957,"exp":1687432357}}  
[2023-06-21 11:17:23] AdmnGrpModel.INFO: Query : CALL SP_GroupConfig('0', '0', 0, '', 
            1, '', 10, '0', 
            0, '', 'DESC', 'GETALL')  
[2023-06-21 11:17:23] AdmnGrpModel.INFO: Group List Avaliable Group list count : 30  
[2023-06-21 11:17:23] AdmnGrpsRepository.INFO: ======= End AdmnGrps Repository ================  
[2023-06-21 11:17:27] AdmnGrpsRepository.INFO: ======= Start AdmnGrps Repository ================  
[2023-06-21 11:17:27] AdmnGrpsRepository.INFO: Input Data : {"decoded":{"sub":"1","id":"1","userName":"super admin","userGroup":"1","email":"superadmin@msense.in","hotelId":"4","brandId":"7","iat":1687345957,"exp":1687432357}}  
[2023-06-21 11:17:27] AdmnGrpModel.INFO: Query : CALL SP_GroupConfig('0', '0', 0, '', 
            1, '', 10, '0', 
            0, '', 'DESC', 'GETALL')  
[2023-06-21 11:17:27] AdmnGrpModel.INFO: Group List Avaliable Group list count : 30  
[2023-06-21 11:17:27] AdmnGrpsRepository.INFO: ======= End AdmnGrps Repository ================  
[2023-06-21 11:17:29] AdmnGrpsRepository.INFO: ======= Start AdmnGrps Repository ================  
[2023-06-21 11:17:29] AdmnGrpModel.INFO: Query : CALL SP_GroupConfig('0', '0', 30, '', 
            1, '', 0, '', 0, '', '', 'GETONE')  
[2023-06-21 11:17:29] AdmnGrpsRepository.INFO: ======= End AdmnGrps Repository ================  
[2023-06-21 11:18:33] AdmnGrpsRepository.INFO: ======= Start AdmnGrps Repository ================  
[2023-06-21 11:18:33] AdmnGrpsRepository.INFO: Input Data : {"decoded":{"sub":"1","id":"1","userName":"super admin","userGroup":"1","email":"superadmin@msense.in","hotelId":"4","brandId":"7","iat":1687345957,"exp":1687432357}}  
[2023-06-21 11:18:33] AdmnGrpModel.INFO: Query : CALL SP_GroupConfig('0', '0', 0, '', 
            1, '', 10, '0', 
            0, '', 'DESC', 'GETALL')  
[2023-06-21 11:18:33] AdmnGrpModel.INFO: Group List Avaliable Group list count : 30  
[2023-06-21 11:18:33] AdmnGrpsRepository.INFO: ======= End AdmnGrps Repository ================  
[2023-06-21 12:54:34] AdmnGrpsRepository.INFO: ======= Start AdmnGrps Repository ================  
[2023-06-21 12:54:34] AdmnGrpsRepository.INFO: Input Data : {"decoded":{"sub":"1","id":"1","userName":"super admin","userGroup":"1","email":"superadmin@msense.in","hotelId":"4","brandId":"7","iat":1687321654,"exp":1687408054}}  
[2023-06-21 12:54:34] AdmnGrpModel.INFO: Query : CALL SP_GroupConfig('0', '0', 0, '', 
            1, '', 10, '0', 
            0, '', 'DESC', 'GETALL')  
[2023-06-21 12:54:34] AdmnGrpModel.INFO: Group List Avaliable Group list count : 30  
[2023-06-21 12:54:34] AdmnGrpsRepository.INFO: ======= End AdmnGrps Repository ================  
[2023-06-21 12:54:35] AdmnGrpsRepository.INFO: ======= Start AdmnGrps Repository ================  
[2023-06-21 12:54:35] AdmnGrpsRepository.INFO: Input Data : {"decoded":{"sub":"1","id":"1","userName":"super admin","userGroup":"1","email":"superadmin@msense.in","hotelId":"4","brandId":"7","iat":1687321654,"exp":1687408054}}  
[2023-06-21 12:54:35] AdmnGrpModel.INFO: Query : CALL SP_GroupConfig('0', '0', 0, '', 
            1, '', 10, '0', 
            0, '', 'DESC', 'GETALL')  
[2023-06-21 12:54:35] AdmnGrpModel.INFO: Group List Avaliable Group list count : 30  
[2023-06-21 12:54:35] AdmnGrpsRepository.INFO: ======= End AdmnGrps Repository ================  
