[2023-06-21 06:08:04] AdmnGrpsAction.INFO: ======= Start AdmnGrps Action (List) ================  
[2023-06-21 06:08:04] AdmnGrpsAction.INFO: method : POST  
[2023-06-21 06:08:04] AdmnGrpsAction.INFO: contentType : application/json  
[2023-06-21 06:08:04] AdmnGrpsAction.INFO: Input Data : {"decoded":{"sub":"1","id":"1","userName":"super admin","userGroup":"1","email":"superadmin@msense.in","hotelId":"4","brandId":"7","iat":1687321654,"exp":1687408054}}  
[2023-06-21 06:08:04] AdmnGrpsAction.INFO: ======= END AdmnGrps Action (List) ================  
[2023-06-21 07:02:45] AdmnGrpsAction.INFO: ======= Start AdmnGrps Action (List) ================  
[2023-06-21 07:02:45] AdmnGrpsAction.INFO: method : POST  
[2023-06-21 07:02:45] AdmnGrpsAction.INFO: contentType : application/json  
[2023-06-21 07:02:45] AdmnGrpsAction.INFO: Input Data : {"decoded":{"sub":"1","id":"1","userName":"super admin","userGroup":"1","email":"superadmin@msense.in","hotelId":"4","brandId":"7","iat":1687321654,"exp":1687408054}}  
[2023-06-21 07:02:45] AdmnGrpsAction.INFO: ======= END AdmnGrps Action (List) ================  
[2023-06-21 09:15:38] AdmnGrpsAction.INFO: ======= Start AdmnGrps Action (List) ================  
[2023-06-21 09:15:38] AdmnGrpsAction.INFO: method : POST  
[2023-06-21 09:15:38] AdmnGrpsAction.INFO: contentType : application/json  
[2023-06-21 09:15:38] AdmnGrpsAction.INFO: Input Data : {"decoded":{"sub":"1","id":"1","userName":"super admin","userGroup":"1","email":"superadmin@msense.in","hotelId":"4","brandId":"7","iat":1687321654,"exp":1687408054}}  
[2023-06-21 09:15:38] AdmnGrpsAction.INFO: ======= END AdmnGrps Action (List) ================  
[2023-06-21 10:02:23] AdmnGrpsAction.INFO: ======= Start AdmnGrps Action (List) ================  
[2023-06-21 10:02:23] AdmnGrpsAction.INFO: method : POST  
[2023-06-21 10:02:23] AdmnGrpsAction.INFO: contentType : application/json  
[2023-06-21 10:02:23] AdmnGrpsAction.INFO: Input Data : {"decoded":{"sub":"1","id":"1","userName":"super admin","userGroup":"1","email":"superadmin@msense.in","hotelId":"4","brandId":"7","iat":1687321654,"exp":1687408054}}  
[2023-06-21 10:02:23] AdmnGrpsAction.INFO: ======= END AdmnGrps Action (List) ================  
[2023-06-21 10:39:35] AdmnGrpsAction.INFO: ======= Start AdmnGrps Action (List) ================  
[2023-06-21 10:39:35] AdmnGrpsAction.INFO: method : POST  
[2023-06-21 10:39:35] AdmnGrpsAction.INFO: contentType : application/json  
[2023-06-21 10:39:35] AdmnGrpsAction.INFO: Input Data : {"decoded":{"sub":"1","id":"1","userName":"super admin","userGroup":"1","email":"superadmin@msense.in","hotelId":"4","brandId":"7","iat":1687321654,"exp":1687408054}}  
[2023-06-21 10:39:35] AdmnGrpsAction.INFO: ======= END AdmnGrps Action (List) ================  
[2023-06-21 10:39:55] AdmnGrpsAction.INFO: ======= Start AdmnGrps Action (List) ================  
[2023-06-21 10:39:55] AdmnGrpsAction.INFO: method : POST  
[2023-06-21 10:39:55] AdmnGrpsAction.INFO: contentType : application/json  
[2023-06-21 10:39:55] AdmnGrpsAction.INFO: Input Data : {"decoded":{"sub":"1","id":"1","userName":"super admin","userGroup":"1","email":"superadmin@msense.in","hotelId":"4","brandId":"7","iat":1687321654,"exp":1687408054}}  
[2023-06-21 10:39:55] AdmnGrpsAction.INFO: ======= END AdmnGrps Action (List) ================  
[2023-06-21 10:51:47] AdmnGrpsAction.INFO: ======= Start AdmnGrps Action (List) ================  
[2023-06-21 10:51:47] AdmnGrpsAction.INFO: method : POST  
[2023-06-21 10:51:47] AdmnGrpsAction.INFO: contentType : application/json  
[2023-06-21 10:51:47] AdmnGrpsAction.INFO: Input Data : {"decoded":{"sub":"1","id":"1","userName":"super admin","userGroup":"1","email":"superadmin@msense.in","hotelId":"4","brandId":"7","iat":1687344699,"exp":1687431099}}  
[2023-06-21 10:51:47] AdmnGrpsAction.INFO: ======= END AdmnGrps Action (List) ================  
[2023-06-21 10:51:51] AdmnGrpsAction.INFO: ======= Start AdmnGrps Action (List) ================  
[2023-06-21 10:51:51] AdmnGrpsAction.INFO: method : POST  
[2023-06-21 10:51:51] AdmnGrpsAction.INFO: contentType : application/json  
[2023-06-21 10:51:51] AdmnGrpsAction.INFO: Input Data : {"decoded":{"sub":"1","id":"1","userName":"super admin","userGroup":"1","email":"superadmin@msense.in","hotelId":"4","brandId":"7","iat":1687344699,"exp":1687431099}}  
[2023-06-21 10:51:51] AdmnGrpsAction.INFO: ======= END AdmnGrps Action (List) ================  
[2023-06-21 10:51:55] AdmnGrpsAction.INFO: ======= Start AdmnGrps Action (List) ================  
[2023-06-21 10:51:55] AdmnGrpsAction.INFO: method : POST  
[2023-06-21 10:51:55] AdmnGrpsAction.INFO: contentType : application/json  
[2023-06-21 10:51:55] AdmnGrpsAction.INFO: Input Data : {"decoded":{"sub":"1","id":"1","userName":"super admin","userGroup":"1","email":"superadmin@msense.in","hotelId":"4","brandId":"7","iat":1687344699,"exp":1687431099}}  
[2023-06-21 10:51:55] AdmnGrpsAction.INFO: ======= END AdmnGrps Action (List) ================  
[2023-06-21 10:51:59] AdmnGrpsAction.INFO: ======= Start AdmnGrps Action (List) ================  
[2023-06-21 10:51:59] AdmnGrpsAction.INFO: method : POST  
[2023-06-21 10:51:59] AdmnGrpsAction.INFO: contentType : application/json  
[2023-06-21 10:51:59] AdmnGrpsAction.INFO: Input Data : {"decoded":{"sub":"1","id":"1","userName":"super admin","userGroup":"1","email":"superadmin@msense.in","hotelId":"4","brandId":"7","iat":1687344699,"exp":1687431099}}  
[2023-06-21 10:51:59] AdmnGrpsAction.INFO: ======= END AdmnGrps Action (List) ================  
[2023-06-21 10:52:19] AdmnGrpsAction.INFO: ======= Start AdmnGrps Action (List) ================  
[2023-06-21 10:52:19] AdmnGrpsAction.INFO: method : POST  
[2023-06-21 10:52:19] AdmnGrpsAction.INFO: contentType : application/json  
[2023-06-21 10:52:19] AdmnGrpsAction.INFO: Input Data : {"decoded":{"sub":"1","id":"1","userName":"super admin","userGroup":"1","email":"superadmin@msense.in","hotelId":"4","brandId":"7","iat":1687344699,"exp":1687431099}}  
[2023-06-21 10:52:19] AdmnGrpsAction.INFO: ======= END AdmnGrps Action (List) ================  
[2023-06-21 10:52:20] AdmnGrpsAction.INFO: ======= Start AdmnGrps Action (List) ================  
[2023-06-21 10:52:20] AdmnGrpsAction.INFO: method : POST  
[2023-06-21 10:52:20] AdmnGrpsAction.INFO: contentType : application/json  
[2023-06-21 10:52:20] AdmnGrpsAction.INFO: Input Data : {"decoded":{"sub":"1","id":"1","userName":"super admin","userGroup":"1","email":"superadmin@msense.in","hotelId":"4","brandId":"7","iat":1687344699,"exp":1687431099}}  
[2023-06-21 10:52:20] AdmnGrpsAction.INFO: ======= END AdmnGrps Action (List) ================  
[2023-06-21 11:09:43] AdmnGrpsAction.INFO: ======= Start AdmnGrps Action (List) ================  
[2023-06-21 11:09:43] AdmnGrpsAction.INFO: method : POST  
[2023-06-21 11:09:43] AdmnGrpsAction.INFO: contentType : application/json  
[2023-06-21 11:09:43] AdmnGrpsAction.INFO: Input Data : {"decoded":{"sub":"1","id":"1","userName":"super admin","userGroup":"1","email":"superadmin@msense.in","hotelId":"4","brandId":"7","iat":1687344839,"exp":1687431239}}  
[2023-06-21 11:09:43] AdmnGrpsAction.INFO: ======= END AdmnGrps Action (List) ================  
[2023-06-21 11:10:27] AdmnGrpsAction.INFO: ======= Start AdmnGrps Action (List) ================  
[2023-06-21 11:10:27] AdmnGrpsAction.INFO: method : POST  
[2023-06-21 11:10:27] AdmnGrpsAction.INFO: contentType : application/json  
[2023-06-21 11:10:27] AdmnGrpsAction.INFO: Input Data : {"decoded":{"sub":"1","id":"1","userName":"super admin","userGroup":"1","email":"superadmin@msense.in","hotelId":"4","brandId":"7","iat":1687345806,"exp":1687432206}}  
[2023-06-21 11:10:27] AdmnGrpsAction.INFO: ======= END AdmnGrps Action (List) ================  
[2023-06-21 11:10:39] AdmnGrpsAction.INFO: ======= Start AdmnGrps Action (List) ================  
[2023-06-21 11:10:39] AdmnGrpsAction.INFO: method : POST  
[2023-06-21 11:10:39] AdmnGrpsAction.INFO: contentType : application/json  
[2023-06-21 11:10:39] AdmnGrpsAction.INFO: Input Data : {"decoded":{"sub":"1","id":"1","userName":"super admin","userGroup":"1","email":"superadmin@msense.in","hotelId":"4","brandId":"7","iat":1687345806,"exp":1687432206}}  
[2023-06-21 11:10:39] AdmnGrpsAction.INFO: ======= END AdmnGrps Action (List) ================  
[2023-06-21 11:11:12] AdmnGrpsAction.INFO: ======= Start AdmnGrps Action (List) ================  
[2023-06-21 11:11:12] AdmnGrpsAction.INFO: method : POST  
[2023-06-21 11:11:12] AdmnGrpsAction.INFO: contentType : application/json  
[2023-06-21 11:11:12] AdmnGrpsAction.INFO: Input Data : {"decoded":{"sub":"1","id":"1","userName":"super admin","userGroup":"1","email":"superadmin@msense.in","hotelId":"4","brandId":"7","iat":1687345806,"exp":1687432206}}  
[2023-06-21 11:11:12] AdmnGrpsAction.INFO: ======= END AdmnGrps Action (List) ================  
[2023-06-21 11:12:58] AdmnGrpsAction.INFO: ======= Start AdmnGrps Action (List) ================  
[2023-06-21 11:12:58] AdmnGrpsAction.INFO: method : POST  
[2023-06-21 11:12:58] AdmnGrpsAction.INFO: contentType : application/json  
[2023-06-21 11:12:58] AdmnGrpsAction.INFO: Input Data : {"decoded":{"sub":"1","id":"1","userName":"super admin","userGroup":"1","email":"superadmin@msense.in","hotelId":"4","brandId":"7","iat":1687345957,"exp":1687432357}}  
[2023-06-21 11:12:58] AdmnGrpsAction.INFO: ======= END AdmnGrps Action (List) ================  
[2023-06-21 11:17:23] AdmnGrpsAction.INFO: ======= Start AdmnGrps Action (List) ================  
[2023-06-21 11:17:23] AdmnGrpsAction.INFO: method : POST  
[2023-06-21 11:17:23] AdmnGrpsAction.INFO: contentType : application/json  
[2023-06-21 11:17:23] AdmnGrpsAction.INFO: Input Data : {"decoded":{"sub":"1","id":"1","userName":"super admin","userGroup":"1","email":"superadmin@msense.in","hotelId":"4","brandId":"7","iat":1687345957,"exp":1687432357}}  
[2023-06-21 11:17:23] AdmnGrpsAction.INFO: ======= END AdmnGrps Action (List) ================  
[2023-06-21 11:17:27] AdmnGrpsAction.INFO: ======= Start AdmnGrps Action (List) ================  
[2023-06-21 11:17:27] AdmnGrpsAction.INFO: method : POST  
[2023-06-21 11:17:27] AdmnGrpsAction.INFO: contentType : application/json  
[2023-06-21 11:17:27] AdmnGrpsAction.INFO: Input Data : {"decoded":{"sub":"1","id":"1","userName":"super admin","userGroup":"1","email":"superadmin@msense.in","hotelId":"4","brandId":"7","iat":1687345957,"exp":1687432357}}  
[2023-06-21 11:17:27] AdmnGrpsAction.INFO: ======= END AdmnGrps Action (List) ================  
[2023-06-21 11:17:29] AdmnGrpsAction.INFO: ======= Start AdmnGrps Action (Single One) ================  
[2023-06-21 11:17:29] AdmnGrpsAction.INFO: method : GET  
[2023-06-21 11:17:29] AdmnGrpsAction.INFO: contentType : application/json  
[2023-06-21 11:17:29] AdmnGrpsAction.INFO: Input Data : {"decoded":{"sub":"1","id":"1","userName":"super admin","userGroup":"1","email":"superadmin@msense.in","hotelId":"4","brandId":"7","iat":1687345957,"exp":1687432357}}  
[2023-06-21 11:17:29] AdmnGrpsAction.INFO: group id : 30  
[2023-06-21 11:17:29] AdmnGrpsAction.INFO: ======= END AdmnGrps Action (Single One) ================  
[2023-06-21 11:18:33] AdmnGrpsAction.INFO: ======= Start AdmnGrps Action (List) ================  
[2023-06-21 11:18:33] AdmnGrpsAction.INFO: method : POST  
[2023-06-21 11:18:33] AdmnGrpsAction.INFO: contentType : application/json  
[2023-06-21 11:18:33] AdmnGrpsAction.INFO: Input Data : {"decoded":{"sub":"1","id":"1","userName":"super admin","userGroup":"1","email":"superadmin@msense.in","hotelId":"4","brandId":"7","iat":1687345957,"exp":1687432357}}  
[2023-06-21 11:18:33] AdmnGrpsAction.INFO: ======= END AdmnGrps Action (List) ================  
[2023-06-21 12:54:34] AdmnGrpsAction.INFO: ======= Start AdmnGrps Action (List) ================  
[2023-06-21 12:54:34] AdmnGrpsAction.INFO: method : POST  
[2023-06-21 12:54:34] AdmnGrpsAction.INFO: contentType : application/json  
[2023-06-21 12:54:34] AdmnGrpsAction.INFO: Input Data : {"decoded":{"sub":"1","id":"1","userName":"super admin","userGroup":"1","email":"superadmin@msense.in","hotelId":"4","brandId":"7","iat":1687321654,"exp":1687408054}}  
[2023-06-21 12:54:34] AdmnGrpsAction.INFO: ======= END AdmnGrps Action (List) ================  
[2023-06-21 12:54:35] AdmnGrpsAction.INFO: ======= Start AdmnGrps Action (List) ================  
[2023-06-21 12:54:35] AdmnGrpsAction.INFO: method : POST  
[2023-06-21 12:54:35] AdmnGrpsAction.INFO: contentType : application/json  
[2023-06-21 12:54:35] AdmnGrpsAction.INFO: Input Data : {"decoded":{"sub":"1","id":"1","userName":"super admin","userGroup":"1","email":"superadmin@msense.in","hotelId":"4","brandId":"7","iat":1687321654,"exp":1687408054}}  
[2023-06-21 12:54:35] AdmnGrpsAction.INFO: ======= END AdmnGrps Action (List) ================  
