[2023-06-21 06:08:06] HotelAction.INFO: ======= Start Hotel Action (List) ================  
[2023-06-21 06:08:06] HotelAction.INFO: method : POST  
[2023-06-21 06:08:06] HotelAction.INFO: contentType : application/json  
[2023-06-21 06:08:06] HotelAction.INFO: Input Data : {"decoded":{"sub":"1","id":"1","userName":"super admin","userGroup":"1","email":"superadmin@msense.in","hotelId":"4","brandId":"7","iat":1687321654,"exp":1687408054}}  
[2023-06-21 06:08:06] HotelAction.INFO: ======= END Hotel Action (List) ================  
[2023-06-21 06:09:28] HotelAction.INFO: ======= Start Hotel Action (List) ================  
[2023-06-21 06:09:28] HotelAction.INFO: method : POST  
[2023-06-21 06:09:28] HotelAction.INFO: contentType : application/json  
[2023-06-21 06:09:28] HotelAction.INFO: Input Data : {"decoded":{"sub":"1","id":"1","userName":"super admin","userGroup":"1","email":"superadmin@msense.in","hotelId":"4","brandId":"7","iat":1687321654,"exp":1687408054}}  
[2023-06-21 06:09:28] HotelAction.INFO: ======= END Hotel Action (List) ================  
[2023-06-21 06:53:10] HotelAction.INFO: ======= Start Hotel Action (List) ================  
[2023-06-21 06:53:10] HotelAction.INFO: method : POST  
[2023-06-21 06:53:10] HotelAction.INFO: contentType : application/json  
[2023-06-21 06:53:10] HotelAction.INFO: Input Data : {"decoded":{"sub":"1","id":"1","userName":"super admin","userGroup":"1","email":"superadmin@msense.in","hotelId":"4","brandId":"7","iat":1687321654,"exp":1687408054}}  
[2023-06-21 06:53:10] HotelAction.INFO: ======= END Hotel Action (List) ================  
[2023-06-21 07:02:47] HotelAction.INFO: ======= Start Hotel Action (List) ================  
[2023-06-21 07:02:47] HotelAction.INFO: method : POST  
[2023-06-21 07:02:47] HotelAction.INFO: contentType : application/json  
[2023-06-21 07:02:47] HotelAction.INFO: Input Data : {"decoded":{"sub":"1","id":"1","userName":"super admin","userGroup":"1","email":"superadmin@msense.in","hotelId":"4","brandId":"7","iat":1687321654,"exp":1687408054}}  
[2023-06-21 07:02:47] HotelAction.INFO: ======= END Hotel Action (List) ================  
[2023-06-21 08:41:19] HotelAction.INFO: ======= Start Hotel Action (List) ================  
[2023-06-21 08:41:19] HotelAction.INFO: method : POST  
[2023-06-21 08:41:19] HotelAction.INFO: contentType : application/json  
[2023-06-21 08:41:19] HotelAction.INFO: Input Data : {"decoded":{"sub":"1","id":"1","userName":"super admin","userGroup":"1","email":"superadmin@msense.in","hotelId":"4","brandId":"7","iat":1687321654,"exp":1687408054}}  
[2023-06-21 08:41:19] HotelAction.INFO: ======= END Hotel Action (List) ================  
[2023-06-21 08:44:13] HotelAction.INFO: ======= Start Hotel Action (List) ================  
[2023-06-21 08:44:13] HotelAction.INFO: method : POST  
[2023-06-21 08:44:13] HotelAction.INFO: contentType : application/json  
[2023-06-21 08:44:13] HotelAction.INFO: Input Data : {"decoded":{"sub":"1","id":"1","userName":"super admin","userGroup":"1","email":"superadmin@msense.in","hotelId":"4","brandId":"7","iat":1687321654,"exp":1687408054}}  
[2023-06-21 08:44:13] HotelAction.INFO: ======= END Hotel Action (List) ================  
[2023-06-21 08:44:44] HotelAction.INFO: ======= Start Hotel Action (List) ================  
[2023-06-21 08:44:44] HotelAction.INFO: method : POST  
[2023-06-21 08:44:44] HotelAction.INFO: contentType : application/json  
[2023-06-21 08:44:44] HotelAction.INFO: Input Data : {"decoded":{"sub":"1","id":"1","userName":"super admin","userGroup":"1","email":"superadmin@msense.in","hotelId":"4","brandId":"7","iat":1687321654,"exp":1687408054}}  
[2023-06-21 08:44:44] HotelAction.INFO: ======= END Hotel Action (List) ================  
[2023-06-21 08:52:53] HotelAction.INFO: ======= Start Hotel Action (List) ================  
[2023-06-21 08:52:53] HotelAction.INFO: method : POST  
[2023-06-21 08:52:53] HotelAction.INFO: contentType : application/json  
[2023-06-21 08:52:53] HotelAction.INFO: Input Data : {"decoded":{"sub":"1","id":"1","userName":"super admin","userGroup":"1","email":"superadmin@msense.in","hotelId":"4","brandId":"7","iat":1687337570,"exp":1687423970}}  
[2023-06-21 08:52:53] HotelAction.INFO: ======= END Hotel Action (List) ================  
[2023-06-21 09:04:49] HotelAction.INFO: ======= Start Hotel Action (List) ================  
[2023-06-21 09:04:49] HotelAction.INFO: method : POST  
[2023-06-21 09:04:49] HotelAction.INFO: contentType : application/json  
[2023-06-21 09:04:49] HotelAction.INFO: Input Data : {"decoded":{"sub":"1","id":"1","userName":"super admin","userGroup":"1","email":"superadmin@msense.in","hotelId":"4","brandId":"7","iat":1687321654,"exp":1687408054}}  
[2023-06-21 09:04:49] HotelAction.INFO: ======= END Hotel Action (List) ================  
[2023-06-21 09:25:48] HotelAction.INFO: ======= Start Hotel Action (List) ================  
[2023-06-21 09:25:48] HotelAction.INFO: method : POST  
[2023-06-21 09:25:48] HotelAction.INFO: contentType : application/json  
[2023-06-21 09:25:48] HotelAction.INFO: Input Data : {"decoded":{"sub":"1","id":"1","userName":"super admin","userGroup":"1","email":"superadmin@msense.in","hotelId":"4","brandId":"7","iat":1687321654,"exp":1687408054}}  
[2023-06-21 09:25:48] HotelAction.INFO: ======= END Hotel Action (List) ================  
[2023-06-21 09:40:09] HotelAction.INFO: ======= Start Hotel Action (List) ================  
[2023-06-21 09:40:09] HotelAction.INFO: method : POST  
[2023-06-21 09:40:09] HotelAction.INFO: contentType : application/json  
[2023-06-21 09:40:09] HotelAction.INFO: Input Data : {"decoded":{"sub":"1","id":"1","userName":"super admin","userGroup":"1","email":"superadmin@msense.in","hotelId":"4","brandId":"7","iat":1687321654,"exp":1687408054}}  
[2023-06-21 09:40:09] HotelAction.INFO: ======= END Hotel Action (List) ================  
[2023-06-21 10:02:26] HotelAction.INFO: ======= Start Hotel Action (List) ================  
[2023-06-21 10:02:26] HotelAction.INFO: method : POST  
[2023-06-21 10:02:26] HotelAction.INFO: contentType : application/json  
[2023-06-21 10:02:26] HotelAction.INFO: Input Data : {"decoded":{"sub":"1","id":"1","userName":"super admin","userGroup":"1","email":"superadmin@msense.in","hotelId":"4","brandId":"7","iat":1687321654,"exp":1687408054}}  
[2023-06-21 10:02:26] HotelAction.INFO: ======= END Hotel Action (List) ================  
[2023-06-21 10:24:42] HotelAction.INFO: ======= Start Hotel Action (List) ================  
[2023-06-21 10:24:42] HotelAction.INFO: method : POST  
[2023-06-21 10:24:42] HotelAction.INFO: contentType : application/json  
[2023-06-21 10:24:42] HotelAction.INFO: Input Data : {"decoded":{"sub":"1","id":"1","userName":"super admin","userGroup":"1","email":"superadmin@msense.in","hotelId":"4","brandId":"7","iat":1687321654,"exp":1687408054}}  
[2023-06-21 10:24:42] HotelAction.INFO: ======= END Hotel Action (List) ================  
[2023-06-21 10:25:57] HotelAction.INFO: ======= Start Hotel Action (List) ================  
[2023-06-21 10:25:57] HotelAction.INFO: method : POST  
[2023-06-21 10:25:57] HotelAction.INFO: contentType : application/json  
[2023-06-21 10:25:57] HotelAction.INFO: Input Data : {"decoded":{"sub":"1","id":"1","userName":"super admin","userGroup":"1","email":"superadmin@msense.in","hotelId":"4","brandId":"7","iat":1687321654,"exp":1687408054}}  
[2023-06-21 10:25:57] HotelAction.INFO: ======= END Hotel Action (List) ================  
[2023-06-21 10:39:20] HotelAction.INFO: ======= Start Hotel Action (List) ================  
[2023-06-21 10:39:20] HotelAction.INFO: method : POST  
[2023-06-21 10:39:20] HotelAction.INFO: contentType : application/json  
[2023-06-21 10:39:20] HotelAction.INFO: Input Data : {"decoded":{"sub":"1","id":"1","userName":"super admin","userGroup":"1","email":"superadmin@msense.in","hotelId":"4","brandId":"7","iat":1687321654,"exp":1687408054}}  
[2023-06-21 10:39:20] HotelAction.INFO: ======= END Hotel Action (List) ================  
[2023-06-21 10:39:24] HotelAction.INFO: ======= Start Hotel Action (Single One) ================  
[2023-06-21 10:39:24] HotelAction.INFO: method : GET  
[2023-06-21 10:39:24] HotelAction.INFO: contentType : application/json  
[2023-06-21 10:39:24] HotelAction.INFO: Input Data : {"decoded":{"sub":"1","id":"1","userName":"super admin","userGroup":"1","email":"superadmin@msense.in","hotelId":"4","brandId":"7","iat":1687321654,"exp":1687408054}}  
[2023-06-21 10:39:24] HotelAction.INFO: group id : 12  
[2023-06-21 10:39:24] HotelAction.INFO: ======= END Hotel Action (Single One) ================  
[2023-06-21 10:39:58] HotelAction.INFO: ======= Start Hotel Action (List) ================  
[2023-06-21 10:39:58] HotelAction.INFO: method : POST  
[2023-06-21 10:39:58] HotelAction.INFO: contentType : application/json  
[2023-06-21 10:39:58] HotelAction.INFO: Input Data : {"decoded":{"sub":"1","id":"1","userName":"super admin","userGroup":"1","email":"superadmin@msense.in","hotelId":"4","brandId":"7","iat":1687321654,"exp":1687408054}}  
[2023-06-21 10:39:58] HotelAction.INFO: ======= END Hotel Action (List) ================  
[2023-06-21 10:51:43] HotelAction.INFO: ======= Start Hotel Action (List) ================  
[2023-06-21 10:51:43] HotelAction.INFO: method : POST  
[2023-06-21 10:51:43] HotelAction.INFO: contentType : application/json  
[2023-06-21 10:51:43] HotelAction.INFO: Input Data : {"decoded":{"sub":"1","id":"1","userName":"super admin","userGroup":"1","email":"superadmin@msense.in","hotelId":"4","brandId":"7","iat":1687344699,"exp":1687431099}}  
[2023-06-21 10:51:43] HotelAction.INFO: ======= END Hotel Action (List) ================  
[2023-06-21 11:17:50] HotelAction.INFO: ======= Start Hotel Action (List) ================  
[2023-06-21 11:17:50] HotelAction.INFO: method : POST  
[2023-06-21 11:17:50] HotelAction.INFO: contentType : application/json  
[2023-06-21 11:17:50] HotelAction.INFO: Input Data : {"decoded":{"sub":"1","id":"1","userName":"super admin","userGroup":"1","email":"superadmin@msense.in","hotelId":"4","brandId":"7","iat":1687345957,"exp":1687432357}}  
[2023-06-21 11:17:50] HotelAction.INFO: ======= END Hotel Action (List) ================  
[2023-06-21 11:18:38] HotelAction.INFO: ======= Start Hotel Action (List) ================  
[2023-06-21 11:18:38] HotelAction.INFO: method : POST  
[2023-06-21 11:18:38] HotelAction.INFO: contentType : application/json  
[2023-06-21 11:18:38] HotelAction.INFO: Input Data : {"decoded":{"sub":"1","id":"1","userName":"super admin","userGroup":"1","email":"superadmin@msense.in","hotelId":"4","brandId":"7","iat":1687345957,"exp":1687432357}}  
[2023-06-21 11:18:38] HotelAction.INFO: ======= END Hotel Action (List) ================  
[2023-06-21 11:18:50] HotelAction.INFO: ======= Start Hotel Action (List) ================  
[2023-06-21 11:18:50] HotelAction.INFO: method : POST  
[2023-06-21 11:18:50] HotelAction.INFO: contentType : application/json  
[2023-06-21 11:18:50] HotelAction.INFO: Input Data : {"decoded":{"sub":"1","id":"1","userName":"super admin","userGroup":"1","email":"superadmin@msense.in","hotelId":"4","brandId":"7","iat":1687321654,"exp":1687408054}}  
[2023-06-21 11:18:50] HotelAction.INFO: ======= END Hotel Action (List) ================  
[2023-06-21 11:36:08] HotelAction.INFO: ======= Start Hotel Action (List) ================  
[2023-06-21 11:36:08] HotelAction.INFO: method : POST  
[2023-06-21 11:36:08] HotelAction.INFO: contentType : application/json  
[2023-06-21 11:36:08] HotelAction.INFO: Input Data : {"decoded":{"sub":"1","id":"1","userName":"super admin","userGroup":"1","email":"superadmin@msense.in","hotelId":"4","brandId":"7","iat":1687321654,"exp":1687408054}}  
[2023-06-21 11:36:08] HotelAction.INFO: ======= END Hotel Action (List) ================  
[2023-06-21 11:38:03] HotelAction.INFO: ======= Start Hotel Action (List) ================  
[2023-06-21 11:38:03] HotelAction.INFO: method : POST  
[2023-06-21 11:38:03] HotelAction.INFO: contentType : application/json  
[2023-06-21 11:38:03] HotelAction.INFO: Input Data : {"decoded":{"sub":"1","id":"1","userName":"super admin","userGroup":"1","email":"superadmin@msense.in","hotelId":"4","brandId":"7","iat":1687321654,"exp":1687408054}}  
[2023-06-21 11:38:03] HotelAction.INFO: ======= END Hotel Action (List) ================  
[2023-06-21 11:56:38] HotelAction.INFO: ======= Start Hotel Action (List) ================  
[2023-06-21 11:56:38] HotelAction.INFO: method : POST  
[2023-06-21 11:56:38] HotelAction.INFO: contentType : application/json  
[2023-06-21 11:56:38] HotelAction.INFO: Input Data : {"decoded":{"sub":"1","id":"1","userName":"super admin","userGroup":"1","email":"superadmin@msense.in","hotelId":"4","brandId":"7","iat":1687321654,"exp":1687408054}}  
[2023-06-21 11:56:38] HotelAction.INFO: ======= END Hotel Action (List) ================  
[2023-06-21 12:54:32] HotelAction.INFO: ======= Start Hotel Action (List) ================  
[2023-06-21 12:54:32] HotelAction.INFO: method : POST  
[2023-06-21 12:54:32] HotelAction.INFO: contentType : application/json  
[2023-06-21 12:54:32] HotelAction.INFO: Input Data : {"decoded":{"sub":"1","id":"1","userName":"super admin","userGroup":"1","email":"superadmin@msense.in","hotelId":"4","brandId":"7","iat":1687321654,"exp":1687408054}}  
[2023-06-21 12:54:32] HotelAction.INFO: ======= END Hotel Action (List) ================  
[2023-06-21 12:55:29] HotelAction.INFO: ======= Start Hotel Action (List) ================  
[2023-06-21 12:55:29] HotelAction.INFO: method : POST  
[2023-06-21 12:55:29] HotelAction.INFO: contentType : application/json  
[2023-06-21 12:55:29] HotelAction.INFO: Input Data : {"decoded":{"sub":"1","id":"1","userName":"super admin","userGroup":"1","email":"superadmin@msense.in","hotelId":"4","brandId":"7","iat":1687321654,"exp":1687408054}}  
[2023-06-21 12:55:29] HotelAction.INFO: ======= END Hotel Action (List) ================  
[2023-06-21 13:05:41] HotelAction.INFO: ======= Start Hotel Action (List) ================  
[2023-06-21 13:05:41] HotelAction.INFO: method : POST  
[2023-06-21 13:05:41] HotelAction.INFO: contentType : application/json  
[2023-06-21 13:05:41] HotelAction.INFO: Input Data : {"decoded":{"sub":"1","id":"1","userName":"super admin","userGroup":"1","email":"superadmin@msense.in","hotelId":"4","brandId":"7","iat":1687321654,"exp":1687408054}}  
[2023-06-21 13:05:41] HotelAction.INFO: ======= END Hotel Action (List) ================  
[2023-06-21 13:07:35] HotelAction.INFO: ======= Start Hotel Action (List) ================  
[2023-06-21 13:07:35] HotelAction.INFO: method : POST  
[2023-06-21 13:07:35] HotelAction.INFO: contentType : application/json  
[2023-06-21 13:07:35] HotelAction.INFO: Input Data : {"decoded":{"sub":"1","id":"1","userName":"super admin","userGroup":"1","email":"superadmin@msense.in","hotelId":"4","brandId":"7","iat":1687321654,"exp":1687408054}}  
[2023-06-21 13:07:35] HotelAction.INFO: ======= END Hotel Action (List) ================  
[2023-06-21 13:32:25] HotelAction.INFO: ======= Start Hotel Action (List) ================  
[2023-06-21 13:32:25] HotelAction.INFO: method : POST  
[2023-06-21 13:32:25] HotelAction.INFO: contentType : application/json  
[2023-06-21 13:32:25] HotelAction.INFO: Input Data : {"decoded":{"sub":"1","id":"1","userName":"super admin","userGroup":"1","email":"superadmin@msense.in","hotelId":"4","brandId":"7","iat":1687321654,"exp":1687408054}}  
[2023-06-21 13:32:25] HotelAction.INFO: ======= END Hotel Action (List) ================  
