[2023-06-21 06:08:04] AdmnUsrsAction.INFO: ======= Start AdmnUsrs Action (List) ================  
[2023-06-21 06:08:04] AdmnUsrsAction.INFO: method : POST  
[2023-06-21 06:08:04] AdmnUsrsAction.INFO: contentType : application/json  
[2023-06-21 06:08:04] AdmnUsrsAction.INFO: Input Data : {"decoded":{"sub":"1","id":"1","userName":"super admin","userGroup":"1","email":"superadmin@msense.in","hotelId":"4","brandId":"7","iat":1687321654,"exp":1687408054}}  
[2023-06-21 06:08:04] AdmnUsrsAction.INFO: ======= END AdmnUsrs Action (List) ================  
[2023-06-21 07:02:45] AdmnUsrsAction.INFO: ======= Start AdmnUsrs Action (List) ================  
[2023-06-21 07:02:45] AdmnUsrsAction.INFO: method : POST  
[2023-06-21 07:02:45] AdmnUsrsAction.INFO: contentType : application/json  
[2023-06-21 07:02:45] AdmnUsrsAction.INFO: Input Data : {"decoded":{"sub":"1","id":"1","userName":"super admin","userGroup":"1","email":"superadmin@msense.in","hotelId":"4","brandId":"7","iat":1687321654,"exp":1687408054}}  
[2023-06-21 07:02:45] AdmnUsrsAction.INFO: ======= END AdmnUsrs Action (List) ================  
[2023-06-21 09:15:38] AdmnUsrsAction.INFO: ======= Start AdmnUsrs Action (List) ================  
[2023-06-21 09:15:38] AdmnUsrsAction.INFO: method : POST  
[2023-06-21 09:15:38] AdmnUsrsAction.INFO: contentType : application/json  
[2023-06-21 09:15:38] AdmnUsrsAction.INFO: Input Data : {"decoded":{"sub":"1","id":"1","userName":"super admin","userGroup":"1","email":"superadmin@msense.in","hotelId":"4","brandId":"7","iat":1687321654,"exp":1687408054}}  
[2023-06-21 09:15:38] AdmnUsrsAction.INFO: ======= END AdmnUsrs Action (List) ================  
[2023-06-21 10:02:23] AdmnUsrsAction.INFO: ======= Start AdmnUsrs Action (List) ================  
[2023-06-21 10:02:23] AdmnUsrsAction.INFO: method : POST  
[2023-06-21 10:02:23] AdmnUsrsAction.INFO: contentType : application/json  
[2023-06-21 10:02:23] AdmnUsrsAction.INFO: Input Data : {"decoded":{"sub":"1","id":"1","userName":"super admin","userGroup":"1","email":"superadmin@msense.in","hotelId":"4","brandId":"7","iat":1687321654,"exp":1687408054}}  
[2023-06-21 10:02:23] AdmnUsrsAction.INFO: ======= END AdmnUsrs Action (List) ================  
[2023-06-21 10:39:35] AdmnUsrsAction.INFO: ======= Start AdmnUsrs Action (List) ================  
[2023-06-21 10:39:35] AdmnUsrsAction.INFO: method : POST  
[2023-06-21 10:39:35] AdmnUsrsAction.INFO: contentType : application/json  
[2023-06-21 10:39:35] AdmnUsrsAction.INFO: Input Data : {"decoded":{"sub":"1","id":"1","userName":"super admin","userGroup":"1","email":"superadmin@msense.in","hotelId":"4","brandId":"7","iat":1687321654,"exp":1687408054}}  
[2023-06-21 10:39:35] AdmnUsrsAction.INFO: ======= END AdmnUsrs Action (List) ================  
[2023-06-21 10:39:55] AdmnUsrsAction.INFO: ======= Start AdmnUsrs Action (List) ================  
[2023-06-21 10:39:55] AdmnUsrsAction.INFO: method : POST  
[2023-06-21 10:39:55] AdmnUsrsAction.INFO: contentType : application/json  
[2023-06-21 10:39:55] AdmnUsrsAction.INFO: Input Data : {"decoded":{"sub":"1","id":"1","userName":"super admin","userGroup":"1","email":"superadmin@msense.in","hotelId":"4","brandId":"7","iat":1687321654,"exp":1687408054}}  
[2023-06-21 10:39:55] AdmnUsrsAction.INFO: ======= END AdmnUsrs Action (List) ================  
[2023-06-21 10:51:47] AdmnUsrsAction.INFO: ======= Start AdmnUsrs Action (List) ================  
[2023-06-21 10:51:47] AdmnUsrsAction.INFO: method : POST  
[2023-06-21 10:51:47] AdmnUsrsAction.INFO: contentType : application/json  
[2023-06-21 10:51:47] AdmnUsrsAction.INFO: Input Data : {"decoded":{"sub":"1","id":"1","userName":"super admin","userGroup":"1","email":"superadmin@msense.in","hotelId":"4","brandId":"7","iat":1687344699,"exp":1687431099}}  
[2023-06-21 10:51:47] AdmnUsrsAction.INFO: ======= END AdmnUsrs Action (List) ================  
[2023-06-21 10:51:51] AdmnUsrsAction.INFO: ======= Start AdmnUsrs Action (Activate De-Activate User) ================  
[2023-06-21 10:51:51] AdmnUsrsAction.INFO: method : PUT  
[2023-06-21 10:51:51] AdmnUsrsAction.INFO: contentType : application/json  
[2023-06-21 10:51:51] AdmnUsrsAction.INFO: Input Data : {"decoded":{"sub":"1","id":"1","userName":"super admin","userGroup":"1","email":"superadmin@msense.in","hotelId":"4","brandId":"7","iat":1687344699,"exp":1687431099}}  
[2023-06-21 10:51:51] AdmnUsrsAction.INFO: admin user id : 10  
[2023-06-21 10:51:51] AdmnUsrsRepository.INFO: ======= Start AdmnUsrs Repository (activeOrDeactiveUser) ================  
[2023-06-21 10:51:51] AdmnUsrsRepository.INFO: Update Status : User Deactivated Successfully  
[2023-06-21 10:51:51] AdmnUsrsRepository.INFO: ======= End AdmnUsrs Repository (activeOrDeactiveUser) ================  
[2023-06-21 10:51:51] AdmnUsrsAction.INFO: update Status : User Deactivated Successfully  
[2023-06-21 10:51:51] AdmnUsrsAction.INFO: ======= END AdmnUsrs Action (Activate De-Activate User) ================  
[2023-06-21 10:51:51] AdmnUsrsAction.INFO: ======= Start AdmnUsrs Action (List) ================  
[2023-06-21 10:51:51] AdmnUsrsAction.INFO: method : POST  
[2023-06-21 10:51:51] AdmnUsrsAction.INFO: contentType : application/json  
[2023-06-21 10:51:51] AdmnUsrsAction.INFO: Input Data : {"decoded":{"sub":"1","id":"1","userName":"super admin","userGroup":"1","email":"superadmin@msense.in","hotelId":"4","brandId":"7","iat":1687344699,"exp":1687431099}}  
[2023-06-21 10:51:51] AdmnUsrsAction.INFO: ======= END AdmnUsrs Action (List) ================  
[2023-06-21 10:51:55] AdmnUsrsAction.INFO: ======= Start AdmnUsrs Action (Activate De-Activate User) ================  
[2023-06-21 10:51:55] AdmnUsrsAction.INFO: method : PUT  
[2023-06-21 10:51:55] AdmnUsrsAction.INFO: contentType : application/json  
[2023-06-21 10:51:55] AdmnUsrsAction.INFO: Input Data : {"decoded":{"sub":"1","id":"1","userName":"super admin","userGroup":"1","email":"superadmin@msense.in","hotelId":"4","brandId":"7","iat":1687344699,"exp":1687431099}}  
[2023-06-21 10:51:55] AdmnUsrsAction.INFO: admin user id : 10  
[2023-06-21 10:51:55] AdmnUsrsRepository.INFO: ======= Start AdmnUsrs Repository (activeOrDeactiveUser) ================  
[2023-06-21 10:51:55] AdmnUsrsRepository.INFO: Update Status : User Activated Successfully  
[2023-06-21 10:51:55] AdmnUsrsRepository.INFO: ======= End AdmnUsrs Repository (activeOrDeactiveUser) ================  
[2023-06-21 10:51:55] AdmnUsrsAction.INFO: update Status : User Activated Successfully  
[2023-06-21 10:51:55] AdmnUsrsAction.INFO: ======= END AdmnUsrs Action (Activate De-Activate User) ================  
[2023-06-21 10:51:55] AdmnUsrsAction.INFO: ======= Start AdmnUsrs Action (List) ================  
[2023-06-21 10:51:55] AdmnUsrsAction.INFO: method : POST  
[2023-06-21 10:51:55] AdmnUsrsAction.INFO: contentType : application/json  
[2023-06-21 10:51:55] AdmnUsrsAction.INFO: Input Data : {"decoded":{"sub":"1","id":"1","userName":"super admin","userGroup":"1","email":"superadmin@msense.in","hotelId":"4","brandId":"7","iat":1687344699,"exp":1687431099}}  
[2023-06-21 10:51:55] AdmnUsrsAction.INFO: ======= END AdmnUsrs Action (List) ================  
[2023-06-21 10:51:59] AdmnUsrsAction.INFO: ======= Start AdmnUsrs Action (Activate De-Activate User) ================  
[2023-06-21 10:51:59] AdmnUsrsAction.INFO: method : PUT  
[2023-06-21 10:51:59] AdmnUsrsAction.INFO: contentType : application/json  
[2023-06-21 10:51:59] AdmnUsrsAction.INFO: Input Data : {"decoded":{"sub":"1","id":"1","userName":"super admin","userGroup":"1","email":"superadmin@msense.in","hotelId":"4","brandId":"7","iat":1687344699,"exp":1687431099}}  
[2023-06-21 10:51:59] AdmnUsrsAction.INFO: admin user id : 1  
[2023-06-21 10:51:59] AdmnUsrsRepository.INFO: ======= Start AdmnUsrs Repository (activeOrDeactiveUser) ================  
[2023-06-21 10:51:59] AdmnUsrsRepository.INFO: Update Status : User Deactivated Successfully  
[2023-06-21 10:51:59] AdmnUsrsRepository.INFO: ======= End AdmnUsrs Repository (activeOrDeactiveUser) ================  
[2023-06-21 10:51:59] AdmnUsrsAction.INFO: update Status : User Deactivated Successfully  
[2023-06-21 10:51:59] AdmnUsrsAction.INFO: ======= END AdmnUsrs Action (Activate De-Activate User) ================  
[2023-06-21 10:51:59] AdmnUsrsAction.INFO: ======= Start AdmnUsrs Action (List) ================  
[2023-06-21 10:51:59] AdmnUsrsAction.INFO: method : POST  
[2023-06-21 10:51:59] AdmnUsrsAction.INFO: contentType : application/json  
[2023-06-21 10:51:59] AdmnUsrsAction.INFO: Input Data : {"decoded":{"sub":"1","id":"1","userName":"super admin","userGroup":"1","email":"superadmin@msense.in","hotelId":"4","brandId":"7","iat":1687344699,"exp":1687431099}}  
[2023-06-21 10:51:59] AdmnUsrsAction.INFO: ======= END AdmnUsrs Action (List) ================  
[2023-06-21 10:52:20] AdmnUsrsAction.INFO: ======= Start AdmnUsrs Action (List) ================  
[2023-06-21 10:52:20] AdmnUsrsAction.INFO: method : POST  
[2023-06-21 10:52:20] AdmnUsrsAction.INFO: contentType : application/json  
[2023-06-21 10:52:20] AdmnUsrsAction.INFO: Input Data : {"decoded":{"sub":"1","id":"1","userName":"super admin","userGroup":"1","email":"superadmin@msense.in","hotelId":"4","brandId":"7","iat":1687344699,"exp":1687431099}}  
[2023-06-21 10:52:20] AdmnUsrsAction.INFO: ======= END AdmnUsrs Action (List) ================  
[2023-06-21 11:09:43] AdmnUsrsAction.INFO: ======= Start AdmnUsrs Action (List) ================  
[2023-06-21 11:09:43] AdmnUsrsAction.INFO: method : POST  
[2023-06-21 11:09:43] AdmnUsrsAction.INFO: contentType : application/json  
[2023-06-21 11:09:43] AdmnUsrsAction.INFO: Input Data : {"decoded":{"sub":"1","id":"1","userName":"super admin","userGroup":"1","email":"superadmin@msense.in","hotelId":"4","brandId":"7","iat":1687344839,"exp":1687431239}}  
[2023-06-21 11:09:43] AdmnUsrsAction.INFO: ======= END AdmnUsrs Action (List) ================  
[2023-06-21 11:10:27] AdmnUsrsAction.INFO: ======= Start AdmnUsrs Action (List) ================  
[2023-06-21 11:10:27] AdmnUsrsAction.INFO: method : POST  
[2023-06-21 11:10:27] AdmnUsrsAction.INFO: contentType : application/json  
[2023-06-21 11:10:27] AdmnUsrsAction.INFO: Input Data : {"decoded":{"sub":"1","id":"1","userName":"super admin","userGroup":"1","email":"superadmin@msense.in","hotelId":"4","brandId":"7","iat":1687345806,"exp":1687432206}}  
[2023-06-21 11:10:27] AdmnUsrsAction.INFO: ======= END AdmnUsrs Action (List) ================  
[2023-06-21 11:10:39] AdmnUsrsAction.INFO: ======= Start AdmnUsrs Action (Activate De-Activate User) ================  
[2023-06-21 11:10:39] AdmnUsrsAction.INFO: method : PUT  
[2023-06-21 11:10:39] AdmnUsrsAction.INFO: contentType : application/json  
[2023-06-21 11:10:39] AdmnUsrsAction.INFO: Input Data : {"decoded":{"sub":"1","id":"1","userName":"super admin","userGroup":"1","email":"superadmin@msense.in","hotelId":"4","brandId":"7","iat":1687345806,"exp":1687432206}}  
[2023-06-21 11:10:39] AdmnUsrsAction.INFO: admin user id : 1  
[2023-06-21 11:10:39] AdmnUsrsRepository.INFO: ======= Start AdmnUsrs Repository (activeOrDeactiveUser) ================  
[2023-06-21 11:10:39] AdmnUsrsRepository.INFO: Update Status : User Activated Successfully  
[2023-06-21 11:10:39] AdmnUsrsRepository.INFO: ======= End AdmnUsrs Repository (activeOrDeactiveUser) ================  
[2023-06-21 11:10:39] AdmnUsrsAction.INFO: update Status : User Activated Successfully  
[2023-06-21 11:10:39] AdmnUsrsAction.INFO: ======= END AdmnUsrs Action (Activate De-Activate User) ================  
[2023-06-21 11:10:39] AdmnUsrsAction.INFO: ======= Start AdmnUsrs Action (List) ================  
[2023-06-21 11:10:39] AdmnUsrsAction.INFO: method : POST  
[2023-06-21 11:10:39] AdmnUsrsAction.INFO: contentType : application/json  
[2023-06-21 11:10:39] AdmnUsrsAction.INFO: Input Data : {"decoded":{"sub":"1","id":"1","userName":"super admin","userGroup":"1","email":"superadmin@msense.in","hotelId":"4","brandId":"7","iat":1687345806,"exp":1687432206}}  
[2023-06-21 11:10:39] AdmnUsrsAction.INFO: ======= END AdmnUsrs Action (List) ================  
[2023-06-21 11:11:12] AdmnUsrsAction.INFO: ======= Start AdmnUsrs Action (Activate De-Activate User) ================  
[2023-06-21 11:11:12] AdmnUsrsAction.INFO: method : PUT  
[2023-06-21 11:11:12] AdmnUsrsAction.INFO: contentType : application/json  
[2023-06-21 11:11:12] AdmnUsrsAction.INFO: Input Data : {"decoded":{"sub":"1","id":"1","userName":"super admin","userGroup":"1","email":"superadmin@msense.in","hotelId":"4","brandId":"7","iat":1687345806,"exp":1687432206}}  
[2023-06-21 11:11:12] AdmnUsrsAction.INFO: admin user id : 9  
[2023-06-21 11:11:12] AdmnUsrsRepository.INFO: ======= Start AdmnUsrs Repository (activeOrDeactiveUser) ================  
[2023-06-21 11:11:12] AdmnUsrsRepository.INFO: Update Status : User Activated Successfully  
[2023-06-21 11:11:12] AdmnUsrsRepository.INFO: ======= End AdmnUsrs Repository (activeOrDeactiveUser) ================  
[2023-06-21 11:11:12] AdmnUsrsAction.INFO: update Status : User Activated Successfully  
[2023-06-21 11:11:12] AdmnUsrsAction.INFO: ======= END AdmnUsrs Action (Activate De-Activate User) ================  
[2023-06-21 11:11:12] AdmnUsrsAction.INFO: ======= Start AdmnUsrs Action (List) ================  
[2023-06-21 11:11:12] AdmnUsrsAction.INFO: method : POST  
[2023-06-21 11:11:12] AdmnUsrsAction.INFO: contentType : application/json  
[2023-06-21 11:11:12] AdmnUsrsAction.INFO: Input Data : {"decoded":{"sub":"1","id":"1","userName":"super admin","userGroup":"1","email":"superadmin@msense.in","hotelId":"4","brandId":"7","iat":1687345806,"exp":1687432206}}  
[2023-06-21 11:11:12] AdmnUsrsAction.INFO: ======= END AdmnUsrs Action (List) ================  
[2023-06-21 11:12:58] AdmnUsrsAction.INFO: ======= Start AdmnUsrs Action (List) ================  
[2023-06-21 11:12:58] AdmnUsrsAction.INFO: method : POST  
[2023-06-21 11:12:58] AdmnUsrsAction.INFO: contentType : application/json  
[2023-06-21 11:12:58] AdmnUsrsAction.INFO: Input Data : {"decoded":{"sub":"1","id":"1","userName":"super admin","userGroup":"1","email":"superadmin@msense.in","hotelId":"4","brandId":"7","iat":1687345957,"exp":1687432357}}  
[2023-06-21 11:12:58] AdmnUsrsAction.INFO: ======= END AdmnUsrs Action (List) ================  
[2023-06-21 12:54:34] AdmnUsrsAction.INFO: ======= Start AdmnUsrs Action (List) ================  
[2023-06-21 12:54:34] AdmnUsrsAction.INFO: method : POST  
[2023-06-21 12:54:34] AdmnUsrsAction.INFO: contentType : application/json  
[2023-06-21 12:54:34] AdmnUsrsAction.INFO: Input Data : {"decoded":{"sub":"1","id":"1","userName":"super admin","userGroup":"1","email":"superadmin@msense.in","hotelId":"4","brandId":"7","iat":1687321654,"exp":1687408054}}  
[2023-06-21 12:54:34] AdmnUsrsAction.INFO: ======= END AdmnUsrs Action (List) ================  
