[2023-06-21 09:28:47] HotelChannelModel.INFO: temp channelgroup deleted successfully  
[2023-06-21 09:28:47] HotelChannelModel.INFO: Insert Query :  INSERT INTO tempchannelgroup(channelid,categoryid, hotelid) 
							  VALUES(30, 1, '4')   
[2023-06-21 09:28:47] HotelChannelModel.INFO: inserted successfully  
[2023-06-21 09:28:47] HotelChannelModel.INFO: Insert Query :  INSERT INTO tempchannelgroup(channelid,categoryid, hotelid) 
							  VALUES(31, 1, '4')   
[2023-06-21 09:28:47] HotelChannelModel.INFO: inserted successfully  
[2023-06-21 09:28:47] HotelChannelModel.INFO: Insert Query :  INSERT INTO tempchannelgroup(channelid,categoryid, hotelid) 
							  VALUES(32, 1, '4')   
[2023-06-21 09:28:47] HotelChannelModel.INFO: inserted successfully  
[2023-06-21 09:28:47] HotelChannelModel.INFO: Insert Query :  INSERT INTO tempchannelgroup(channelid,categoryid, hotelid) 
							  VALUES(33, 1, '4')   
[2023-06-21 09:28:47] HotelChannelModel.INFO: inserted successfully  
[2023-06-21 09:28:47] HotelChannelModel.INFO: Insert Query :  INSERT INTO tempchannelgroup(channelid,categoryid, hotelid) 
							  VALUES(34, 1, '4')   
[2023-06-21 09:28:47] HotelChannelModel.INFO: inserted successfully  
[2023-06-21 09:28:47] HotelChannelModel.INFO: Insert Query :  INSERT INTO tempchannelgroup(channelid,categoryid, hotelid) 
							  VALUES(35, 1, '4')   
[2023-06-21 09:28:47] HotelChannelModel.INFO: inserted successfully  
[2023-06-21 09:28:47] HotelChannelModel.INFO: Insert Query :  INSERT INTO tempchannelgroup(channelid,categoryid, hotelid) 
							  VALUES(38, 1, '4')   
[2023-06-21 09:28:47] HotelChannelModel.INFO: inserted successfully  
[2023-06-21 09:28:47] HotelChannelModel.INFO: Insert Query :  INSERT INTO tempchannelgroup(channelid,categoryid, hotelid) 
							  VALUES(75, 1, '4')   
[2023-06-21 09:28:47] HotelChannelModel.INFO: inserted successfully  
[2023-06-21 09:28:47] HotelChannelModel.INFO: Insert Query :  INSERT INTO tempchannelgroup(channelid,categoryid, hotelid) 
							  VALUES(77, 1, '4')   
[2023-06-21 09:28:47] HotelChannelModel.INFO: inserted successfully  
[2023-06-21 09:28:47] HotelChannelModel.INFO: Insert Query :  INSERT INTO tempchannelgroup(channelid,categoryid, hotelid) 
							  VALUES(78, 1, '4')   
[2023-06-21 09:28:47] HotelChannelModel.INFO: inserted successfully  
[2023-06-21 09:28:47] HotelChannelModel.INFO: Query : CALL SP_Assignchannels( 4, 1, 1,'ADD')   
[2023-06-21 09:28:47] HotelChannelModel.INFO: Insert Return : {"ErrorCode":"00","Result":"SUCCESS"}  
[2023-06-21 09:29:02] HotelChannelModel.INFO: temp channelgroup deleted successfully  
[2023-06-21 09:29:02] HotelChannelModel.INFO: Insert Query :  INSERT INTO tempchannelgroup(channelid,categoryid, hotelid) 
							  VALUES(38, 3, '4')   
[2023-06-21 09:29:02] HotelChannelModel.INFO: inserted successfully  
[2023-06-21 09:29:02] HotelChannelModel.INFO: Insert Query :  INSERT INTO tempchannelgroup(channelid,categoryid, hotelid) 
							  VALUES(39, 3, '4')   
[2023-06-21 09:29:02] HotelChannelModel.INFO: inserted successfully  
[2023-06-21 09:29:02] HotelChannelModel.INFO: Insert Query :  INSERT INTO tempchannelgroup(channelid,categoryid, hotelid) 
							  VALUES(40, 3, '4')   
[2023-06-21 09:29:02] HotelChannelModel.INFO: inserted successfully  
[2023-06-21 09:29:02] HotelChannelModel.INFO: Insert Query :  INSERT INTO tempchannelgroup(channelid,categoryid, hotelid) 
							  VALUES(41, 3, '4')   
[2023-06-21 09:29:02] HotelChannelModel.INFO: inserted successfully  
[2023-06-21 09:29:02] HotelChannelModel.INFO: Insert Query :  INSERT INTO tempchannelgroup(channelid,categoryid, hotelid) 
							  VALUES(42, 3, '4')   
[2023-06-21 09:29:02] HotelChannelModel.INFO: inserted successfully  
[2023-06-21 09:29:02] HotelChannelModel.INFO: Insert Query :  INSERT INTO tempchannelgroup(channelid,categoryid, hotelid) 
							  VALUES(43, 3, '4')   
[2023-06-21 09:29:02] HotelChannelModel.INFO: inserted successfully  
[2023-06-21 09:29:02] HotelChannelModel.INFO: Insert Query :  INSERT INTO tempchannelgroup(channelid,categoryid, hotelid) 
							  VALUES(53, 3, '4')   
[2023-06-21 09:29:02] HotelChannelModel.INFO: inserted successfully  
[2023-06-21 09:29:02] HotelChannelModel.INFO: Query : CALL SP_Assignchannels( 4, 3, 1,'ADD')   
[2023-06-21 09:29:02] HotelChannelModel.INFO: Insert Return : {"ErrorCode":"00","Result":"SUCCESS"}  
[2023-06-21 09:29:13] HotelChannelModel.INFO: temp channelgroup deleted successfully  
[2023-06-21 09:29:13] HotelChannelModel.INFO: Insert Query :  INSERT INTO tempchannelgroup(channelid,categoryid, hotelid) 
							  VALUES(65, 4, '4')   
[2023-06-21 09:29:13] HotelChannelModel.INFO: inserted successfully  
[2023-06-21 09:29:13] HotelChannelModel.INFO: Insert Query :  INSERT INTO tempchannelgroup(channelid,categoryid, hotelid) 
							  VALUES(66, 4, '4')   
[2023-06-21 09:29:13] HotelChannelModel.INFO: inserted successfully  
[2023-06-21 09:29:13] HotelChannelModel.INFO: Insert Query :  INSERT INTO tempchannelgroup(channelid,categoryid, hotelid) 
							  VALUES(67, 4, '4')   
[2023-06-21 09:29:13] HotelChannelModel.INFO: inserted successfully  
[2023-06-21 09:29:13] HotelChannelModel.INFO: Insert Query :  INSERT INTO tempchannelgroup(channelid,categoryid, hotelid) 
							  VALUES(68, 4, '4')   
[2023-06-21 09:29:13] HotelChannelModel.INFO: inserted successfully  
[2023-06-21 09:29:13] HotelChannelModel.INFO: Insert Query :  INSERT INTO tempchannelgroup(channelid,categoryid, hotelid) 
							  VALUES(69, 4, '4')   
[2023-06-21 09:29:13] HotelChannelModel.INFO: inserted successfully  
[2023-06-21 09:29:13] HotelChannelModel.INFO: Insert Query :  INSERT INTO tempchannelgroup(channelid,categoryid, hotelid) 
							  VALUES(70, 4, '4')   
[2023-06-21 09:29:13] HotelChannelModel.INFO: inserted successfully  
[2023-06-21 09:29:13] HotelChannelModel.INFO: Insert Query :  INSERT INTO tempchannelgroup(channelid,categoryid, hotelid) 
							  VALUES(73, 4, '4')   
[2023-06-21 09:29:13] HotelChannelModel.INFO: inserted successfully  
[2023-06-21 09:29:13] HotelChannelModel.INFO: Insert Query :  INSERT INTO tempchannelgroup(channelid,categoryid, hotelid) 
							  VALUES(74, 4, '4')   
[2023-06-21 09:29:13] HotelChannelModel.INFO: inserted successfully  
[2023-06-21 09:29:13] HotelChannelModel.INFO: Insert Query :  INSERT INTO tempchannelgroup(channelid,categoryid, hotelid) 
							  VALUES(76, 4, '4')   
[2023-06-21 09:29:13] HotelChannelModel.INFO: inserted successfully  
[2023-06-21 09:29:13] HotelChannelModel.INFO: Insert Query :  INSERT INTO tempchannelgroup(channelid,categoryid, hotelid) 
							  VALUES(77, 4, '4')   
[2023-06-21 09:29:13] HotelChannelModel.INFO: inserted successfully  
[2023-06-21 09:29:13] HotelChannelModel.INFO: Query : CALL SP_Assignchannels( 4, 4, 1,'ADD')   
[2023-06-21 09:29:13] HotelChannelModel.INFO: Insert Return : {"ErrorCode":"00","Result":"SUCCESS"}  
[2023-06-21 09:29:24] HotelChannelModel.INFO: temp channelgroup deleted successfully  
[2023-06-21 09:29:24] HotelChannelModel.INFO: Insert Query :  INSERT INTO tempchannelgroup(channelid,categoryid, hotelid) 
							  VALUES(30, 5, '4')   
[2023-06-21 09:29:24] HotelChannelModel.INFO: inserted successfully  
[2023-06-21 09:29:24] HotelChannelModel.INFO: Insert Query :  INSERT INTO tempchannelgroup(channelid,categoryid, hotelid) 
							  VALUES(32, 5, '4')   
[2023-06-21 09:29:24] HotelChannelModel.INFO: inserted successfully  
[2023-06-21 09:29:24] HotelChannelModel.INFO: Insert Query :  INSERT INTO tempchannelgroup(channelid,categoryid, hotelid) 
							  VALUES(33, 5, '4')   
[2023-06-21 09:29:24] HotelChannelModel.INFO: inserted successfully  
[2023-06-21 09:29:24] HotelChannelModel.INFO: Insert Query :  INSERT INTO tempchannelgroup(channelid,categoryid, hotelid) 
							  VALUES(34, 5, '4')   
[2023-06-21 09:29:24] HotelChannelModel.INFO: inserted successfully  
[2023-06-21 09:29:24] HotelChannelModel.INFO: Insert Query :  INSERT INTO tempchannelgroup(channelid,categoryid, hotelid) 
							  VALUES(35, 5, '4')   
[2023-06-21 09:29:24] HotelChannelModel.INFO: inserted successfully  
[2023-06-21 09:29:24] HotelChannelModel.INFO: Insert Query :  INSERT INTO tempchannelgroup(channelid,categoryid, hotelid) 
							  VALUES(38, 5, '4')   
[2023-06-21 09:29:24] HotelChannelModel.INFO: inserted successfully  
[2023-06-21 09:29:24] HotelChannelModel.INFO: Insert Query :  INSERT INTO tempchannelgroup(channelid,categoryid, hotelid) 
							  VALUES(39, 5, '4')   
[2023-06-21 09:29:24] HotelChannelModel.INFO: inserted successfully  
[2023-06-21 09:29:24] HotelChannelModel.INFO: Query : CALL SP_Assignchannels( 4, 5, 1,'ADD')   
[2023-06-21 09:29:24] HotelChannelModel.INFO: Insert Return : {"ErrorCode":"00","Result":"SUCCESS"}  
[2023-06-21 09:29:36] HotelChannelModel.INFO: temp channelgroup deleted successfully  
[2023-06-21 09:29:36] HotelChannelModel.INFO: Insert Query :  INSERT INTO tempchannelgroup(channelid,categoryid, hotelid) 
							  VALUES(48, 6, '4')   
[2023-06-21 09:29:36] HotelChannelModel.INFO: inserted successfully  
[2023-06-21 09:29:36] HotelChannelModel.INFO: Insert Query :  INSERT INTO tempchannelgroup(channelid,categoryid, hotelid) 
							  VALUES(49, 6, '4')   
[2023-06-21 09:29:36] HotelChannelModel.INFO: inserted successfully  
[2023-06-21 09:29:36] HotelChannelModel.INFO: Insert Query :  INSERT INTO tempchannelgroup(channelid,categoryid, hotelid) 
							  VALUES(50, 6, '4')   
[2023-06-21 09:29:36] HotelChannelModel.INFO: inserted successfully  
[2023-06-21 09:29:36] HotelChannelModel.INFO: Insert Query :  INSERT INTO tempchannelgroup(channelid,categoryid, hotelid) 
							  VALUES(51, 6, '4')   
[2023-06-21 09:29:36] HotelChannelModel.INFO: inserted successfully  
[2023-06-21 09:29:36] HotelChannelModel.INFO: Insert Query :  INSERT INTO tempchannelgroup(channelid,categoryid, hotelid) 
							  VALUES(52, 6, '4')   
[2023-06-21 09:29:36] HotelChannelModel.INFO: inserted successfully  
[2023-06-21 09:29:36] HotelChannelModel.INFO: Insert Query :  INSERT INTO tempchannelgroup(channelid,categoryid, hotelid) 
							  VALUES(53, 6, '4')   
[2023-06-21 09:29:36] HotelChannelModel.INFO: inserted successfully  
[2023-06-21 09:29:36] HotelChannelModel.INFO: Query : CALL SP_Assignchannels( 4, 6, 1,'ADD')   
[2023-06-21 09:29:36] HotelChannelModel.INFO: Insert Return : {"ErrorCode":"00","Result":"SUCCESS"}  
[2023-06-21 09:29:46] HotelChannelModel.INFO: temp channelgroup deleted successfully  
[2023-06-21 09:29:46] HotelChannelModel.INFO: Insert Query :  INSERT INTO tempchannelgroup(channelid,categoryid, hotelid) 
							  VALUES(54, 7, '4')   
[2023-06-21 09:29:46] HotelChannelModel.INFO: inserted successfully  
[2023-06-21 09:29:46] HotelChannelModel.INFO: Insert Query :  INSERT INTO tempchannelgroup(channelid,categoryid, hotelid) 
							  VALUES(55, 7, '4')   
[2023-06-21 09:29:46] HotelChannelModel.INFO: inserted successfully  
[2023-06-21 09:29:46] HotelChannelModel.INFO: Insert Query :  INSERT INTO tempchannelgroup(channelid,categoryid, hotelid) 
							  VALUES(56, 7, '4')   
[2023-06-21 09:29:46] HotelChannelModel.INFO: inserted successfully  
[2023-06-21 09:29:46] HotelChannelModel.INFO: Insert Query :  INSERT INTO tempchannelgroup(channelid,categoryid, hotelid) 
							  VALUES(57, 7, '4')   
[2023-06-21 09:29:46] HotelChannelModel.INFO: inserted successfully  
[2023-06-21 09:29:46] HotelChannelModel.INFO: Insert Query :  INSERT INTO tempchannelgroup(channelid,categoryid, hotelid) 
							  VALUES(58, 7, '4')   
[2023-06-21 09:29:46] HotelChannelModel.INFO: inserted successfully  
[2023-06-21 09:29:46] HotelChannelModel.INFO: Insert Query :  INSERT INTO tempchannelgroup(channelid,categoryid, hotelid) 
							  VALUES(59, 7, '4')   
[2023-06-21 09:29:46] HotelChannelModel.INFO: inserted successfully  
[2023-06-21 09:29:46] HotelChannelModel.INFO: Query : CALL SP_Assignchannels( 4, 7, 1,'ADD')   
[2023-06-21 09:29:46] HotelChannelModel.INFO: Insert Return : {"ErrorCode":"00","Result":"SUCCESS"}  
[2023-06-21 10:07:22] HotelChannelModel.INFO: temp channelgroup deleted successfully  
[2023-06-21 10:07:22] HotelChannelModel.INFO: Insert Query :  INSERT INTO tempchannelgroup(channelid,categoryid, hotelid) 
							  VALUES(95, 2, '4')   
[2023-06-21 10:07:22] HotelChannelModel.INFO: inserted successfully  
[2023-06-21 10:07:22] HotelChannelModel.INFO: Insert Query :  INSERT INTO tempchannelgroup(channelid,categoryid, hotelid) 
							  VALUES(96, 2, '4')   
[2023-06-21 10:07:22] HotelChannelModel.INFO: inserted successfully  
[2023-06-21 10:07:22] HotelChannelModel.INFO: Insert Query :  INSERT INTO tempchannelgroup(channelid,categoryid, hotelid) 
							  VALUES(97, 2, '4')   
[2023-06-21 10:07:22] HotelChannelModel.INFO: inserted successfully  
[2023-06-21 10:07:22] HotelChannelModel.INFO: Insert Query :  INSERT INTO tempchannelgroup(channelid,categoryid, hotelid) 
							  VALUES(98, 2, '4')   
[2023-06-21 10:07:22] HotelChannelModel.INFO: inserted successfully  
[2023-06-21 10:07:22] HotelChannelModel.INFO: Insert Query :  INSERT INTO tempchannelgroup(channelid,categoryid, hotelid) 
							  VALUES(99, 2, '4')   
[2023-06-21 10:07:22] HotelChannelModel.INFO: inserted successfully  
[2023-06-21 10:07:22] HotelChannelModel.INFO: Insert Query :  INSERT INTO tempchannelgroup(channelid,categoryid, hotelid) 
							  VALUES(100, 2, '4')   
[2023-06-21 10:07:22] HotelChannelModel.INFO: inserted successfully  
[2023-06-21 10:07:22] HotelChannelModel.INFO: Insert Query :  INSERT INTO tempchannelgroup(channelid,categoryid, hotelid) 
							  VALUES(101, 2, '4')   
[2023-06-21 10:07:22] HotelChannelModel.INFO: inserted successfully  
[2023-06-21 10:07:22] HotelChannelModel.INFO: Insert Query :  INSERT INTO tempchannelgroup(channelid,categoryid, hotelid) 
							  VALUES(102, 2, '4')   
[2023-06-21 10:07:22] HotelChannelModel.INFO: inserted successfully  
[2023-06-21 10:07:22] HotelChannelModel.INFO: Insert Query :  INSERT INTO tempchannelgroup(channelid,categoryid, hotelid) 
							  VALUES(103, 2, '4')   
[2023-06-21 10:07:22] HotelChannelModel.INFO: inserted successfully  
[2023-06-21 10:07:22] HotelChannelModel.INFO: Query : CALL SP_Assignchannels( 4, 2, 1,'ADD')   
[2023-06-21 10:07:22] HotelChannelModel.INFO: Insert Return : {"ErrorCode":"00","Result":"SUCCESS"}  
[2023-06-21 10:07:37] HotelChannelModel.INFO: temp channelgroup deleted successfully  
[2023-06-21 10:07:37] HotelChannelModel.INFO: Insert Query :  INSERT INTO tempchannelgroup(channelid,categoryid, hotelid) 
							  VALUES(104, 9, '4')   
[2023-06-21 10:07:37] HotelChannelModel.INFO: inserted successfully  
[2023-06-21 10:07:37] HotelChannelModel.INFO: Insert Query :  INSERT INTO tempchannelgroup(channelid,categoryid, hotelid) 
							  VALUES(105, 9, '4')   
[2023-06-21 10:07:37] HotelChannelModel.INFO: inserted successfully  
[2023-06-21 10:07:37] HotelChannelModel.INFO: Insert Query :  INSERT INTO tempchannelgroup(channelid,categoryid, hotelid) 
							  VALUES(106, 9, '4')   
[2023-06-21 10:07:37] HotelChannelModel.INFO: inserted successfully  
[2023-06-21 10:07:37] HotelChannelModel.INFO: Insert Query :  INSERT INTO tempchannelgroup(channelid,categoryid, hotelid) 
							  VALUES(107, 9, '4')   
[2023-06-21 10:07:37] HotelChannelModel.INFO: inserted successfully  
[2023-06-21 10:07:37] HotelChannelModel.INFO: Insert Query :  INSERT INTO tempchannelgroup(channelid,categoryid, hotelid) 
							  VALUES(108, 9, '4')   
[2023-06-21 10:07:37] HotelChannelModel.INFO: inserted successfully  
[2023-06-21 10:07:37] HotelChannelModel.INFO: Query : CALL SP_Assignchannels( 4, 9, 1,'ADD')   
[2023-06-21 10:07:37] HotelChannelModel.INFO: Insert Return : {"ErrorCode":"00","Result":"SUCCESS"}  
[2023-06-21 10:07:47] HotelChannelModel.INFO: temp channelgroup deleted successfully  
[2023-06-21 10:07:47] HotelChannelModel.INFO: Insert Query :  INSERT INTO tempchannelgroup(channelid,categoryid, hotelid) 
							  VALUES(85, 10, '4')   
[2023-06-21 10:07:47] HotelChannelModel.INFO: inserted successfully  
[2023-06-21 10:07:47] HotelChannelModel.INFO: Insert Query :  INSERT INTO tempchannelgroup(channelid,categoryid, hotelid) 
							  VALUES(86, 10, '4')   
[2023-06-21 10:07:47] HotelChannelModel.INFO: inserted successfully  
[2023-06-21 10:07:47] HotelChannelModel.INFO: Insert Query :  INSERT INTO tempchannelgroup(channelid,categoryid, hotelid) 
							  VALUES(87, 10, '4')   
[2023-06-21 10:07:47] HotelChannelModel.INFO: inserted successfully  
[2023-06-21 10:07:47] HotelChannelModel.INFO: Insert Query :  INSERT INTO tempchannelgroup(channelid,categoryid, hotelid) 
							  VALUES(88, 10, '4')   
[2023-06-21 10:07:47] HotelChannelModel.INFO: inserted successfully  
[2023-06-21 10:07:47] HotelChannelModel.INFO: Insert Query :  INSERT INTO tempchannelgroup(channelid,categoryid, hotelid) 
							  VALUES(89, 10, '4')   
[2023-06-21 10:07:47] HotelChannelModel.INFO: inserted successfully  
[2023-06-21 10:07:47] HotelChannelModel.INFO: Insert Query :  INSERT INTO tempchannelgroup(channelid,categoryid, hotelid) 
							  VALUES(90, 10, '4')   
[2023-06-21 10:07:47] HotelChannelModel.INFO: inserted successfully  
[2023-06-21 10:07:47] HotelChannelModel.INFO: Insert Query :  INSERT INTO tempchannelgroup(channelid,categoryid, hotelid) 
							  VALUES(91, 10, '4')   
[2023-06-21 10:07:47] HotelChannelModel.INFO: inserted successfully  
[2023-06-21 10:07:47] HotelChannelModel.INFO: Insert Query :  INSERT INTO tempchannelgroup(channelid,categoryid, hotelid) 
							  VALUES(92, 10, '4')   
[2023-06-21 10:07:47] HotelChannelModel.INFO: inserted successfully  
[2023-06-21 10:07:47] HotelChannelModel.INFO: Insert Query :  INSERT INTO tempchannelgroup(channelid,categoryid, hotelid) 
							  VALUES(93, 10, '4')   
[2023-06-21 10:07:47] HotelChannelModel.INFO: inserted successfully  
[2023-06-21 10:07:47] HotelChannelModel.INFO: Insert Query :  INSERT INTO tempchannelgroup(channelid,categoryid, hotelid) 
							  VALUES(94, 10, '4')   
[2023-06-21 10:07:47] HotelChannelModel.INFO: inserted successfully  
[2023-06-21 10:07:47] HotelChannelModel.INFO: Query : CALL SP_Assignchannels( 4, 10, 1,'ADD')   
[2023-06-21 10:07:47] HotelChannelModel.INFO: Insert Return : {"ErrorCode":"00","Result":"SUCCESS"}  
