[2023-06-21 06:08:06] BrandAction.INFO: ======= Start Brand Action (VIEW)================  
[2023-06-21 06:08:06] BrandAction.INFO: method : POST  
[2023-06-21 06:08:06] BrandAction.INFO: contentType : application/json  
[2023-06-21 06:08:06] BrandAction.INFO: Input Data : {"decoded":{"sub":"1","id":"1","userName":"super admin","userGroup":"1","email":"superadmin@msense.in","hotelId":"4","brandId":"7","iat":1687321654,"exp":1687408054}}  
[2023-06-21 06:08:06] BrandModel.INFO: Query : call SP_AddandEditBrand('VIEW','','',0,0)  
[2023-06-21 06:08:06] BrandAction.INFO: ======= END Brand Action (VIEW)================  
[2023-06-21 06:09:28] BrandAction.INFO: ======= Start Brand Action (VIEW)================  
[2023-06-21 06:09:28] BrandAction.INFO: method : POST  
[2023-06-21 06:09:28] BrandAction.INFO: contentType : application/json  
[2023-06-21 06:09:28] BrandAction.INFO: Input Data : {"decoded":{"sub":"1","id":"1","userName":"super admin","userGroup":"1","email":"superadmin@msense.in","hotelId":"4","brandId":"7","iat":1687321654,"exp":1687408054}}  
[2023-06-21 06:09:28] BrandModel.INFO: Query : call SP_AddandEditBrand('VIEW','','',0,0)  
[2023-06-21 06:09:28] BrandAction.INFO: ======= END Brand Action (VIEW)================  
[2023-06-21 06:53:10] BrandAction.INFO: ======= Start Brand Action (VIEW)================  
[2023-06-21 06:53:10] BrandAction.INFO: method : POST  
[2023-06-21 06:53:10] BrandAction.INFO: contentType : application/json  
[2023-06-21 06:53:10] BrandAction.INFO: Input Data : {"decoded":{"sub":"1","id":"1","userName":"super admin","userGroup":"1","email":"superadmin@msense.in","hotelId":"4","brandId":"7","iat":1687321654,"exp":1687408054}}  
[2023-06-21 06:53:10] BrandModel.INFO: Query : call SP_AddandEditBrand('VIEW','','',0,0)  
[2023-06-21 06:53:10] BrandAction.INFO: ======= END Brand Action (VIEW)================  
[2023-06-21 07:02:47] BrandAction.INFO: ======= Start Brand Action (VIEW)================  
[2023-06-21 07:02:47] BrandAction.INFO: method : POST  
[2023-06-21 07:02:47] BrandAction.INFO: contentType : application/json  
[2023-06-21 07:02:47] BrandAction.INFO: Input Data : {"decoded":{"sub":"1","id":"1","userName":"super admin","userGroup":"1","email":"superadmin@msense.in","hotelId":"4","brandId":"7","iat":1687321654,"exp":1687408054}}  
[2023-06-21 07:02:47] BrandModel.INFO: Query : call SP_AddandEditBrand('VIEW','','',0,0)  
[2023-06-21 07:02:47] BrandAction.INFO: ======= END Brand Action (VIEW)================  
[2023-06-21 08:41:19] BrandAction.INFO: ======= Start Brand Action (VIEW)================  
[2023-06-21 08:41:19] BrandAction.INFO: method : POST  
[2023-06-21 08:41:19] BrandAction.INFO: contentType : application/json  
[2023-06-21 08:41:19] BrandAction.INFO: Input Data : {"decoded":{"sub":"1","id":"1","userName":"super admin","userGroup":"1","email":"superadmin@msense.in","hotelId":"4","brandId":"7","iat":1687321654,"exp":1687408054}}  
[2023-06-21 08:41:19] BrandModel.INFO: Query : call SP_AddandEditBrand('VIEW','','',0,0)  
[2023-06-21 08:41:19] BrandAction.INFO: ======= END Brand Action (VIEW)================  
[2023-06-21 08:44:13] BrandAction.INFO: ======= Start Brand Action (VIEW)================  
[2023-06-21 08:44:13] BrandAction.INFO: method : POST  
[2023-06-21 08:44:13] BrandAction.INFO: contentType : application/json  
[2023-06-21 08:44:13] BrandAction.INFO: Input Data : {"decoded":{"sub":"1","id":"1","userName":"super admin","userGroup":"1","email":"superadmin@msense.in","hotelId":"4","brandId":"7","iat":1687321654,"exp":1687408054}}  
[2023-06-21 08:44:13] BrandModel.INFO: Query : call SP_AddandEditBrand('VIEW','','',0,0)  
[2023-06-21 08:44:13] BrandAction.INFO: ======= END Brand Action (VIEW)================  
[2023-06-21 08:44:44] BrandAction.INFO: ======= Start Brand Action (VIEW)================  
[2023-06-21 08:44:44] BrandAction.INFO: method : POST  
[2023-06-21 08:44:44] BrandAction.INFO: contentType : application/json  
[2023-06-21 08:44:44] BrandAction.INFO: Input Data : {"decoded":{"sub":"1","id":"1","userName":"super admin","userGroup":"1","email":"superadmin@msense.in","hotelId":"4","brandId":"7","iat":1687321654,"exp":1687408054}}  
[2023-06-21 08:44:44] BrandModel.INFO: Query : call SP_AddandEditBrand('VIEW','','',0,0)  
[2023-06-21 08:44:44] BrandAction.INFO: ======= END Brand Action (VIEW)================  
[2023-06-21 08:52:53] BrandAction.INFO: ======= Start Brand Action (VIEW)================  
[2023-06-21 08:52:53] BrandAction.INFO: method : POST  
[2023-06-21 08:52:53] BrandAction.INFO: contentType : application/json  
[2023-06-21 08:52:53] BrandAction.INFO: Input Data : {"decoded":{"sub":"1","id":"1","userName":"super admin","userGroup":"1","email":"superadmin@msense.in","hotelId":"4","brandId":"7","iat":1687337570,"exp":1687423970}}  
[2023-06-21 08:52:53] BrandModel.INFO: Query : call SP_AddandEditBrand('VIEW','','',0,0)  
[2023-06-21 08:52:53] BrandAction.INFO: ======= END Brand Action (VIEW)================  
[2023-06-21 09:04:49] BrandAction.INFO: ======= Start Brand Action (VIEW)================  
[2023-06-21 09:04:49] BrandAction.INFO: method : POST  
[2023-06-21 09:04:49] BrandAction.INFO: contentType : application/json  
[2023-06-21 09:04:49] BrandAction.INFO: Input Data : {"decoded":{"sub":"1","id":"1","userName":"super admin","userGroup":"1","email":"superadmin@msense.in","hotelId":"4","brandId":"7","iat":1687321654,"exp":1687408054}}  
[2023-06-21 09:04:49] BrandModel.INFO: Query : call SP_AddandEditBrand('VIEW','','',0,0)  
[2023-06-21 09:04:49] BrandAction.INFO: ======= END Brand Action (VIEW)================  
[2023-06-21 09:25:48] BrandAction.INFO: ======= Start Brand Action (VIEW)================  
[2023-06-21 09:25:48] BrandAction.INFO: method : POST  
[2023-06-21 09:25:48] BrandAction.INFO: contentType : application/json  
[2023-06-21 09:25:48] BrandAction.INFO: Input Data : {"decoded":{"sub":"1","id":"1","userName":"super admin","userGroup":"1","email":"superadmin@msense.in","hotelId":"4","brandId":"7","iat":1687321654,"exp":1687408054}}  
[2023-06-21 09:25:48] BrandModel.INFO: Query : call SP_AddandEditBrand('VIEW','','',0,0)  
[2023-06-21 09:25:48] BrandAction.INFO: ======= END Brand Action (VIEW)================  
[2023-06-21 09:40:09] BrandAction.INFO: ======= Start Brand Action (VIEW)================  
[2023-06-21 09:40:09] BrandAction.INFO: method : POST  
[2023-06-21 09:40:09] BrandAction.INFO: contentType : application/json  
[2023-06-21 09:40:09] BrandAction.INFO: Input Data : {"decoded":{"sub":"1","id":"1","userName":"super admin","userGroup":"1","email":"superadmin@msense.in","hotelId":"4","brandId":"7","iat":1687321654,"exp":1687408054}}  
[2023-06-21 09:40:09] BrandModel.INFO: Query : call SP_AddandEditBrand('VIEW','','',0,0)  
[2023-06-21 09:40:09] BrandAction.INFO: ======= END Brand Action (VIEW)================  
[2023-06-21 10:02:26] BrandAction.INFO: ======= Start Brand Action (VIEW)================  
[2023-06-21 10:02:26] BrandAction.INFO: method : POST  
[2023-06-21 10:02:26] BrandAction.INFO: contentType : application/json  
[2023-06-21 10:02:26] BrandAction.INFO: Input Data : {"decoded":{"sub":"1","id":"1","userName":"super admin","userGroup":"1","email":"superadmin@msense.in","hotelId":"4","brandId":"7","iat":1687321654,"exp":1687408054}}  
[2023-06-21 10:02:26] BrandModel.INFO: Query : call SP_AddandEditBrand('VIEW','','',0,0)  
[2023-06-21 10:02:26] BrandAction.INFO: ======= END Brand Action (VIEW)================  
[2023-06-21 10:24:42] BrandAction.INFO: ======= Start Brand Action (VIEW)================  
[2023-06-21 10:24:42] BrandAction.INFO: method : POST  
[2023-06-21 10:24:42] BrandAction.INFO: contentType : application/json  
[2023-06-21 10:24:42] BrandAction.INFO: Input Data : {"decoded":{"sub":"1","id":"1","userName":"super admin","userGroup":"1","email":"superadmin@msense.in","hotelId":"4","brandId":"7","iat":1687321654,"exp":1687408054}}  
[2023-06-21 10:24:42] BrandModel.INFO: Query : call SP_AddandEditBrand('VIEW','','',0,0)  
[2023-06-21 10:24:42] BrandAction.INFO: ======= END Brand Action (VIEW)================  
[2023-06-21 10:25:57] BrandAction.INFO: ======= Start Brand Action (VIEW)================  
[2023-06-21 10:25:57] BrandAction.INFO: method : POST  
[2023-06-21 10:25:57] BrandAction.INFO: contentType : application/json  
[2023-06-21 10:25:57] BrandAction.INFO: Input Data : {"decoded":{"sub":"1","id":"1","userName":"super admin","userGroup":"1","email":"superadmin@msense.in","hotelId":"4","brandId":"7","iat":1687321654,"exp":1687408054}}  
[2023-06-21 10:25:57] BrandModel.INFO: Query : call SP_AddandEditBrand('VIEW','','',0,0)  
[2023-06-21 10:25:57] BrandAction.INFO: ======= END Brand Action (VIEW)================  
[2023-06-21 10:39:20] BrandAction.INFO: ======= Start Brand Action (VIEW)================  
[2023-06-21 10:39:20] BrandAction.INFO: method : POST  
[2023-06-21 10:39:20] BrandAction.INFO: contentType : application/json  
[2023-06-21 10:39:20] BrandAction.INFO: Input Data : {"decoded":{"sub":"1","id":"1","userName":"super admin","userGroup":"1","email":"superadmin@msense.in","hotelId":"4","brandId":"7","iat":1687321654,"exp":1687408054}}  
[2023-06-21 10:39:20] BrandModel.INFO: Query : call SP_AddandEditBrand('VIEW','','',0,0)  
[2023-06-21 10:39:20] BrandAction.INFO: ======= END Brand Action (VIEW)================  
[2023-06-21 10:39:58] BrandAction.INFO: ======= Start Brand Action (VIEW)================  
[2023-06-21 10:39:58] BrandAction.INFO: method : POST  
[2023-06-21 10:39:58] BrandAction.INFO: contentType : application/json  
[2023-06-21 10:39:58] BrandAction.INFO: Input Data : {"decoded":{"sub":"1","id":"1","userName":"super admin","userGroup":"1","email":"superadmin@msense.in","hotelId":"4","brandId":"7","iat":1687321654,"exp":1687408054}}  
[2023-06-21 10:39:58] BrandModel.INFO: Query : call SP_AddandEditBrand('VIEW','','',0,0)  
[2023-06-21 10:39:58] BrandAction.INFO: ======= END Brand Action (VIEW)================  
[2023-06-21 10:51:43] BrandAction.INFO: ======= Start Brand Action (VIEW)================  
[2023-06-21 10:51:43] BrandAction.INFO: method : POST  
[2023-06-21 10:51:43] BrandAction.INFO: contentType : application/json  
[2023-06-21 10:51:43] BrandAction.INFO: Input Data : {"decoded":{"sub":"1","id":"1","userName":"super admin","userGroup":"1","email":"superadmin@msense.in","hotelId":"4","brandId":"7","iat":1687344699,"exp":1687431099}}  
[2023-06-21 10:51:43] BrandModel.INFO: Query : call SP_AddandEditBrand('VIEW','','',0,0)  
[2023-06-21 10:51:43] BrandAction.INFO: ======= END Brand Action (VIEW)================  
[2023-06-21 11:17:50] BrandAction.INFO: ======= Start Brand Action (VIEW)================  
[2023-06-21 11:17:50] BrandAction.INFO: method : POST  
[2023-06-21 11:17:50] BrandAction.INFO: contentType : application/json  
[2023-06-21 11:17:50] BrandAction.INFO: Input Data : {"decoded":{"sub":"1","id":"1","userName":"super admin","userGroup":"1","email":"superadmin@msense.in","hotelId":"4","brandId":"7","iat":1687345957,"exp":1687432357}}  
[2023-06-21 11:17:50] BrandModel.INFO: Query : call SP_AddandEditBrand('VIEW','','',0,0)  
[2023-06-21 11:17:50] BrandAction.INFO: ======= END Brand Action (VIEW)================  
[2023-06-21 11:18:38] BrandAction.INFO: ======= Start Brand Action (VIEW)================  
[2023-06-21 11:18:38] BrandAction.INFO: method : POST  
[2023-06-21 11:18:38] BrandAction.INFO: contentType : application/json  
[2023-06-21 11:18:38] BrandAction.INFO: Input Data : {"decoded":{"sub":"1","id":"1","userName":"super admin","userGroup":"1","email":"superadmin@msense.in","hotelId":"4","brandId":"7","iat":1687345957,"exp":1687432357}}  
[2023-06-21 11:18:38] BrandModel.INFO: Query : call SP_AddandEditBrand('VIEW','','',0,0)  
[2023-06-21 11:18:38] BrandAction.INFO: ======= END Brand Action (VIEW)================  
[2023-06-21 11:18:50] BrandAction.INFO: ======= Start Brand Action (VIEW)================  
[2023-06-21 11:18:50] BrandAction.INFO: method : POST  
[2023-06-21 11:18:50] BrandAction.INFO: contentType : application/json  
[2023-06-21 11:18:50] BrandAction.INFO: Input Data : {"decoded":{"sub":"1","id":"1","userName":"super admin","userGroup":"1","email":"superadmin@msense.in","hotelId":"4","brandId":"7","iat":1687321654,"exp":1687408054}}  
[2023-06-21 11:18:50] BrandModel.INFO: Query : call SP_AddandEditBrand('VIEW','','',0,0)  
[2023-06-21 11:18:50] BrandAction.INFO: ======= END Brand Action (VIEW)================  
[2023-06-21 11:36:08] BrandAction.INFO: ======= Start Brand Action (VIEW)================  
[2023-06-21 11:36:08] BrandAction.INFO: method : POST  
[2023-06-21 11:36:08] BrandAction.INFO: contentType : application/json  
[2023-06-21 11:36:08] BrandAction.INFO: Input Data : {"decoded":{"sub":"1","id":"1","userName":"super admin","userGroup":"1","email":"superadmin@msense.in","hotelId":"4","brandId":"7","iat":1687321654,"exp":1687408054}}  
[2023-06-21 11:36:08] BrandModel.INFO: Query : call SP_AddandEditBrand('VIEW','','',0,0)  
[2023-06-21 11:36:08] BrandAction.INFO: ======= END Brand Action (VIEW)================  
[2023-06-21 11:38:03] BrandAction.INFO: ======= Start Brand Action (VIEW)================  
[2023-06-21 11:38:03] BrandAction.INFO: method : POST  
[2023-06-21 11:38:03] BrandAction.INFO: contentType : application/json  
[2023-06-21 11:38:03] BrandAction.INFO: Input Data : {"decoded":{"sub":"1","id":"1","userName":"super admin","userGroup":"1","email":"superadmin@msense.in","hotelId":"4","brandId":"7","iat":1687321654,"exp":1687408054}}  
[2023-06-21 11:38:03] BrandModel.INFO: Query : call SP_AddandEditBrand('VIEW','','',0,0)  
[2023-06-21 11:38:03] BrandAction.INFO: ======= END Brand Action (VIEW)================  
[2023-06-21 11:56:38] BrandAction.INFO: ======= Start Brand Action (VIEW)================  
[2023-06-21 11:56:38] BrandAction.INFO: method : POST  
[2023-06-21 11:56:38] BrandAction.INFO: contentType : application/json  
[2023-06-21 11:56:38] BrandAction.INFO: Input Data : {"decoded":{"sub":"1","id":"1","userName":"super admin","userGroup":"1","email":"superadmin@msense.in","hotelId":"4","brandId":"7","iat":1687321654,"exp":1687408054}}  
[2023-06-21 11:56:38] BrandModel.INFO: Query : call SP_AddandEditBrand('VIEW','','',0,0)  
[2023-06-21 11:56:38] BrandAction.INFO: ======= END Brand Action (VIEW)================  
[2023-06-21 12:54:32] BrandAction.INFO: ======= Start Brand Action (VIEW)================  
[2023-06-21 12:54:32] BrandAction.INFO: method : POST  
[2023-06-21 12:54:32] BrandAction.INFO: contentType : application/json  
[2023-06-21 12:54:32] BrandAction.INFO: Input Data : {"decoded":{"sub":"1","id":"1","userName":"super admin","userGroup":"1","email":"superadmin@msense.in","hotelId":"4","brandId":"7","iat":1687321654,"exp":1687408054}}  
[2023-06-21 12:54:32] BrandModel.INFO: Query : call SP_AddandEditBrand('VIEW','','',0,0)  
[2023-06-21 12:54:32] BrandAction.INFO: ======= END Brand Action (VIEW)================  
[2023-06-21 12:55:29] BrandAction.INFO: ======= Start Brand Action (VIEW)================  
[2023-06-21 12:55:29] BrandAction.INFO: method : POST  
[2023-06-21 12:55:29] BrandAction.INFO: contentType : application/json  
[2023-06-21 12:55:29] BrandAction.INFO: Input Data : {"decoded":{"sub":"1","id":"1","userName":"super admin","userGroup":"1","email":"superadmin@msense.in","hotelId":"4","brandId":"7","iat":1687321654,"exp":1687408054}}  
[2023-06-21 12:55:29] BrandModel.INFO: Query : call SP_AddandEditBrand('VIEW','','',0,0)  
[2023-06-21 12:55:29] BrandAction.INFO: ======= END Brand Action (VIEW)================  
[2023-06-21 13:05:41] BrandAction.INFO: ======= Start Brand Action (VIEW)================  
[2023-06-21 13:05:41] BrandAction.INFO: method : POST  
[2023-06-21 13:05:41] BrandAction.INFO: contentType : application/json  
[2023-06-21 13:05:41] BrandAction.INFO: Input Data : {"decoded":{"sub":"1","id":"1","userName":"super admin","userGroup":"1","email":"superadmin@msense.in","hotelId":"4","brandId":"7","iat":1687321654,"exp":1687408054}}  
[2023-06-21 13:05:41] BrandModel.INFO: Query : call SP_AddandEditBrand('VIEW','','',0,0)  
[2023-06-21 13:05:41] BrandAction.INFO: ======= END Brand Action (VIEW)================  
[2023-06-21 13:07:35] BrandAction.INFO: ======= Start Brand Action (VIEW)================  
[2023-06-21 13:07:35] BrandAction.INFO: method : POST  
[2023-06-21 13:07:35] BrandAction.INFO: contentType : application/json  
[2023-06-21 13:07:35] BrandAction.INFO: Input Data : {"decoded":{"sub":"1","id":"1","userName":"super admin","userGroup":"1","email":"superadmin@msense.in","hotelId":"4","brandId":"7","iat":1687321654,"exp":1687408054}}  
[2023-06-21 13:07:35] BrandModel.INFO: Query : call SP_AddandEditBrand('VIEW','','',0,0)  
[2023-06-21 13:07:35] BrandAction.INFO: ======= END Brand Action (VIEW)================  
[2023-06-21 13:32:25] BrandAction.INFO: ======= Start Brand Action (VIEW)================  
[2023-06-21 13:32:25] BrandAction.INFO: method : POST  
[2023-06-21 13:32:25] BrandAction.INFO: contentType : application/json  
[2023-06-21 13:32:25] BrandAction.INFO: Input Data : {"decoded":{"sub":"1","id":"1","userName":"super admin","userGroup":"1","email":"superadmin@msense.in","hotelId":"4","brandId":"7","iat":1687321654,"exp":1687408054}}  
[2023-06-21 13:32:25] BrandModel.INFO: Query : call SP_AddandEditBrand('VIEW','','',0,0)  
[2023-06-21 13:32:25] BrandAction.INFO: ======= END Brand Action (VIEW)================  
