[2023-06-28 10:56:21] CommonAction.INFO: ======= Start Common Action (getAllSideBarMenu) ================  
[2023-06-28 10:56:21] CommonAction.INFO: method : GET  
[2023-06-28 10:56:21] CommonAction.INFO: contentType : application/json  
[2023-06-28 10:56:21] CommonAction.INFO: Input Data : {"decoded":{"sub":"1","id":"1","userName":"super admin","userGroup":"1","email":"superadmin@msense.in","hotelId":"4","brandId":"7","iat":1687930001,"exp":1688016401}}  
[2023-06-28 10:56:21] CommonAction.INFO: ======= END Common Action (getAllSideBarMenu) ================  
[2023-06-28 10:57:51] CommonAction.INFO: ======= Start Common Action (getAllSideBarMenu) ================  
[2023-06-28 10:57:51] CommonAction.INFO: method : GET  
[2023-06-28 10:57:51] CommonAction.INFO: contentType : application/json  
[2023-06-28 10:57:51] CommonAction.INFO: Input Data : {"decoded":{"sub":"1","id":"1","userName":"super admin","userGroup":"1","email":"superadmin@msense.in","hotelId":"4","brandId":"7","iat":1687930001,"exp":1688016401}}  
[2023-06-28 10:57:51] CommonAction.INFO: ======= END Common Action (getAllSideBarMenu) ================  
[2023-06-28 10:58:02] CommonAction.INFO: ======= Start Common Action (getAllSideBarMenu) ================  
[2023-06-28 10:58:02] CommonAction.INFO: method : GET  
[2023-06-28 10:58:02] CommonAction.INFO: contentType : application/json  
[2023-06-28 10:58:02] CommonAction.INFO: Input Data : {"decoded":{"sub":"1","id":"1","userName":"super admin","userGroup":"1","email":"superadmin@msense.in","hotelId":"4","brandId":"7","iat":1687949549,"exp":1688035949}}  
[2023-06-28 10:58:03] CommonAction.INFO: ======= END Common Action (getAllSideBarMenu) ================  
[2023-06-28 10:58:11] CommonAction.INFO: ======= Start Common Action (getAllSideBarMenu) ================  
[2023-06-28 10:58:11] CommonAction.INFO: method : GET  
[2023-06-28 10:58:11] CommonAction.INFO: contentType : application/json  
[2023-06-28 10:58:11] CommonAction.INFO: Input Data : {"decoded":{"sub":"1","id":"1","userName":"super admin","userGroup":"1","email":"superadmin@msense.in","hotelId":"4","brandId":"7","iat":1687949549,"exp":1688035949}}  
[2023-06-28 10:58:11] CommonAction.INFO: ======= END Common Action (getAllSideBarMenu) ================  
[2023-06-28 10:59:56] CommonAction.INFO: ======= Start Common Action (getAllSideBarMenu) ================  
[2023-06-28 10:59:56] CommonAction.INFO: method : GET  
[2023-06-28 10:59:56] CommonAction.INFO: contentType : application/json  
[2023-06-28 10:59:56] CommonAction.INFO: Input Data : {"decoded":{"sub":"1","id":"1","userName":"super admin","userGroup":"1","email":"superadmin@msense.in","hotelId":"4","brandId":"7","iat":1687949549,"exp":1688035949}}  
[2023-06-28 10:59:56] CommonAction.INFO: ======= END Common Action (getAllSideBarMenu) ================  
[2023-06-28 11:00:28] CommonAction.INFO: ======= Start Common Action (getAllSideBarMenu) ================  
[2023-06-28 11:00:28] CommonAction.INFO: method : GET  
[2023-06-28 11:00:28] CommonAction.INFO: contentType : application/json  
[2023-06-28 11:00:28] CommonAction.INFO: Input Data : {"decoded":{"sub":"1","id":"1","userName":"super admin","userGroup":"1","email":"superadmin@msense.in","hotelId":"4","brandId":"7","iat":1687949549,"exp":1688035949}}  
[2023-06-28 11:00:28] CommonAction.INFO: ======= END Common Action (getAllSideBarMenu) ================  
[2023-06-28 11:02:46] CommonAction.INFO: ======= Start Common Action (getAllSideBarMenu) ================  
[2023-06-28 11:02:46] CommonAction.INFO: method : GET  
[2023-06-28 11:02:46] CommonAction.INFO: contentType : application/json  
[2023-06-28 11:02:46] CommonAction.INFO: Input Data : {"decoded":{"sub":"1","id":"1","userName":"super admin","userGroup":"1","email":"superadmin@msense.in","hotelId":"4","brandId":"7","iat":1687949549,"exp":1688035949}}  
[2023-06-28 11:02:46] CommonAction.INFO: ======= END Common Action (getAllSideBarMenu) ================  
[2023-06-28 11:04:33] CommonAction.INFO: ======= Start Common Action (getAllSideBarMenu) ================  
[2023-06-28 11:04:33] CommonAction.INFO: method : GET  
[2023-06-28 11:04:33] CommonAction.INFO: contentType : application/json  
[2023-06-28 11:04:33] CommonAction.INFO: Input Data : {"decoded":{"sub":"1","id":"1","userName":"super admin","userGroup":"1","email":"superadmin@msense.in","hotelId":"4","brandId":"7","iat":1687949549,"exp":1688035949}}  
[2023-06-28 11:04:33] CommonAction.INFO: ======= END Common Action (getAllSideBarMenu) ================  
[2023-06-28 11:05:47] CommonAction.INFO: ======= Start Common Action (getAllSideBarMenu) ================  
[2023-06-28 11:05:47] CommonAction.INFO: method : GET  
[2023-06-28 11:05:47] CommonAction.INFO: contentType : application/json  
[2023-06-28 11:05:47] CommonAction.INFO: Input Data : {"decoded":{"sub":"1","id":"1","userName":"super admin","userGroup":"1","email":"superadmin@msense.in","hotelId":"4","brandId":"7","iat":1687949549,"exp":1688035949}}  
[2023-06-28 11:05:48] CommonAction.INFO: ======= END Common Action (getAllSideBarMenu) ================  
[2023-06-28 11:07:04] CommonAction.INFO: ======= Start Common Action (getAllSideBarMenu) ================  
[2023-06-28 11:07:04] CommonAction.INFO: method : GET  
[2023-06-28 11:07:04] CommonAction.INFO: contentType : application/json  
[2023-06-28 11:07:04] CommonAction.INFO: Input Data : {"decoded":{"sub":"1","id":"1","userName":"super admin","userGroup":"1","email":"superadmin@msense.in","hotelId":"4","brandId":"7","iat":1687949549,"exp":1688035949}}  
[2023-06-28 11:07:04] CommonAction.INFO: ======= END Common Action (getAllSideBarMenu) ================  
[2023-06-28 11:07:43] CommonAction.INFO: ======= Start Common Action (getAllSideBarMenu) ================  
[2023-06-28 11:07:43] CommonAction.INFO: method : GET  
[2023-06-28 11:07:43] CommonAction.INFO: contentType : application/json  
[2023-06-28 11:07:43] CommonAction.INFO: Input Data : {"decoded":{"sub":"1","id":"1","userName":"super admin","userGroup":"1","email":"superadmin@msense.in","hotelId":"4","brandId":"7","iat":1687949549,"exp":1688035949}}  
[2023-06-28 11:07:43] CommonAction.INFO: ======= END Common Action (getAllSideBarMenu) ================  
[2023-06-28 11:08:04] CommonAction.INFO: ======= Start Common Action (getAllSideBarMenu) ================  
[2023-06-28 11:08:04] CommonAction.INFO: method : GET  
[2023-06-28 11:08:04] CommonAction.INFO: contentType : application/json  
[2023-06-28 11:08:04] CommonAction.INFO: Input Data : {"decoded":{"sub":"1","id":"1","userName":"super admin","userGroup":"1","email":"superadmin@msense.in","hotelId":"4","brandId":"7","iat":1687949549,"exp":1688035949}}  
[2023-06-28 11:08:04] CommonAction.INFO: ======= END Common Action (getAllSideBarMenu) ================  
[2023-06-28 11:08:06] CommonAction.INFO: ======= Start Common Action (getAllSideBarMenu) ================  
[2023-06-28 11:08:06] CommonAction.INFO: method : GET  
[2023-06-28 11:08:06] CommonAction.INFO: contentType : application/json  
[2023-06-28 11:08:06] CommonAction.INFO: Input Data : {"decoded":{"sub":"1","id":"1","userName":"super admin","userGroup":"1","email":"superadmin@msense.in","hotelId":"4","brandId":"7","iat":1687949549,"exp":1688035949}}  
[2023-06-28 11:08:06] CommonAction.INFO: ======= END Common Action (getAllSideBarMenu) ================  
[2023-06-28 11:08:46] CommonAction.INFO: ======= Start Common Action (getAllSideBarMenu) ================  
[2023-06-28 11:08:46] CommonAction.INFO: method : GET  
[2023-06-28 11:08:46] CommonAction.INFO: contentType : application/json  
[2023-06-28 11:08:46] CommonAction.INFO: Input Data : {"decoded":{"sub":"1","id":"1","userName":"super admin","userGroup":"1","email":"superadmin@msense.in","hotelId":"4","brandId":"7","iat":1687949549,"exp":1688035949}}  
[2023-06-28 11:08:46] CommonAction.INFO: ======= END Common Action (getAllSideBarMenu) ================  
[2023-06-28 11:09:15] CommonAction.INFO: ======= Start Common Action (getAllSideBarMenu) ================  
[2023-06-28 11:09:15] CommonAction.INFO: method : GET  
[2023-06-28 11:09:15] CommonAction.INFO: contentType : application/json  
[2023-06-28 11:09:15] CommonAction.INFO: Input Data : {"decoded":{"sub":"1","id":"1","userName":"super admin","userGroup":"1","email":"superadmin@msense.in","hotelId":"4","brandId":"7","iat":1687930001,"exp":1688016401}}  
[2023-06-28 11:09:15] CommonAction.INFO: ======= END Common Action (getAllSideBarMenu) ================  
[2023-06-28 11:12:21] CommonAction.INFO: ======= Start Common Action (getAllSideBarMenu) ================  
[2023-06-28 11:12:21] CommonAction.INFO: method : GET  
[2023-06-28 11:12:21] CommonAction.INFO: contentType : application/json  
[2023-06-28 11:12:21] CommonAction.INFO: Input Data : {"decoded":{"sub":"1","id":"1","userName":"super admin","userGroup":"1","email":"superadmin@msense.in","hotelId":"4","brandId":"7","iat":1687930001,"exp":1688016401}}  
[2023-06-28 11:12:21] CommonAction.INFO: ======= END Common Action (getAllSideBarMenu) ================  
[2023-06-28 11:13:04] CommonAction.INFO: ======= Start Common Action (getAllSideBarMenu) ================  
[2023-06-28 11:13:04] CommonAction.INFO: method : GET  
[2023-06-28 11:13:04] CommonAction.INFO: contentType : application/json  
[2023-06-28 11:13:04] CommonAction.INFO: Input Data : {"decoded":{"sub":"1","id":"1","userName":"super admin","userGroup":"1","email":"superadmin@msense.in","hotelId":"4","brandId":"7","iat":1687930001,"exp":1688016401}}  
[2023-06-28 11:13:04] CommonAction.INFO: ======= END Common Action (getAllSideBarMenu) ================  
[2023-06-28 11:13:39] CommonAction.INFO: ======= Start Common Action (getAllSideBarMenu) ================  
[2023-06-28 11:13:39] CommonAction.INFO: method : GET  
[2023-06-28 11:13:39] CommonAction.INFO: contentType : application/json  
[2023-06-28 11:13:39] CommonAction.INFO: Input Data : {"decoded":{"sub":"1","id":"1","userName":"super admin","userGroup":"1","email":"superadmin@msense.in","hotelId":"4","brandId":"7","iat":1687930001,"exp":1688016401}}  
[2023-06-28 11:13:39] CommonAction.INFO: ======= END Common Action (getAllSideBarMenu) ================  
[2023-06-28 11:20:10] CommonAction.INFO: ======= Start Common Action (getAllSideBarMenu) ================  
[2023-06-28 11:20:10] CommonAction.INFO: method : GET  
[2023-06-28 11:20:10] CommonAction.INFO: contentType : application/json  
[2023-06-28 11:20:10] CommonAction.INFO: Input Data : {"decoded":{"sub":"1","id":"1","userName":"super admin","userGroup":"1","email":"superadmin@msense.in","hotelId":"4","brandId":"7","iat":1687951210,"exp":1688037610}}  
[2023-06-28 11:20:10] CommonAction.INFO: ======= END Common Action (getAllSideBarMenu) ================  
[2023-06-28 11:25:50] CommonAction.INFO: ======= Start Common Action (getAllSideBarMenu) ================  
[2023-06-28 11:25:50] CommonAction.INFO: method : GET  
[2023-06-28 11:25:50] CommonAction.INFO: contentType : application/json  
[2023-06-28 11:25:50] CommonAction.INFO: Input Data : {"decoded":{"sub":"1","id":"1","userName":"super admin","userGroup":"1","email":"superadmin@msense.in","hotelId":"4","brandId":"7","iat":1687951550,"exp":1688037950}}  
[2023-06-28 11:25:50] CommonAction.INFO: ======= END Common Action (getAllSideBarMenu) ================  
[2023-06-28 11:29:23] CommonAction.INFO: ======= Start Common Action (getAllSideBarMenu) ================  
[2023-06-28 11:29:23] CommonAction.INFO: method : GET  
[2023-06-28 11:29:23] CommonAction.INFO: contentType : application/json  
[2023-06-28 11:29:23] CommonAction.INFO: Input Data : {"decoded":{"sub":"1","id":"1","userName":"super admin","userGroup":"1","email":"superadmin@msense.in","hotelId":"4","brandId":"7","iat":1687951762,"exp":1688038162}}  
[2023-06-28 11:29:23] CommonAction.INFO: ======= END Common Action (getAllSideBarMenu) ================  
[2023-06-28 11:38:14] CommonAction.INFO: ======= Start Common Action (getAllSideBarMenu) ================  
[2023-06-28 11:38:14] CommonAction.INFO: method : GET  
[2023-06-28 11:38:14] CommonAction.INFO: contentType : application/json  
[2023-06-28 11:38:14] CommonAction.INFO: Input Data : {"decoded":{"sub":"1","id":"1","userName":"super admin","userGroup":"1","email":"superadmin@msense.in","hotelId":"4","brandId":"7","iat":1687951762,"exp":1688038162}}  
[2023-06-28 11:38:14] CommonAction.INFO: ======= END Common Action (getAllSideBarMenu) ================  
[2023-06-28 11:38:20] CommonAction.INFO: ======= Start Common Action (getAllSideBarMenu) ================  
[2023-06-28 11:38:20] CommonAction.INFO: method : GET  
[2023-06-28 11:38:20] CommonAction.INFO: contentType : application/json  
[2023-06-28 11:38:20] CommonAction.INFO: Input Data : {"decoded":{"sub":"1","id":"1","userName":"super admin","userGroup":"1","email":"superadmin@msense.in","hotelId":"4","brandId":"7","iat":1687951762,"exp":1688038162}}  
[2023-06-28 11:38:20] CommonAction.INFO: ======= END Common Action (getAllSideBarMenu) ================  
[2023-06-28 12:03:39] CommonAction.INFO: ======= Start Common Action (getAllSideBarMenu) ================  
[2023-06-28 12:03:39] CommonAction.INFO: method : GET  
[2023-06-28 12:03:39] CommonAction.INFO: contentType : application/json  
[2023-06-28 12:03:39] CommonAction.INFO: Input Data : {"decoded":{"sub":"1","id":"1","userName":"super admin","userGroup":"1","email":"superadmin@msense.in","hotelId":"4","brandId":"7","iat":1687930001,"exp":1688016401}}  
[2023-06-28 12:03:39] CommonAction.INFO: ======= END Common Action (getAllSideBarMenu) ================  
[2023-06-28 12:03:47] CommonAction.INFO: ======= Start Common Action (getAllSideBarMenu) ================  
[2023-06-28 12:03:47] CommonAction.INFO: method : GET  
[2023-06-28 12:03:47] CommonAction.INFO: contentType : application/json  
[2023-06-28 12:03:47] CommonAction.INFO: Input Data : {"decoded":{"sub":"1","id":"1","userName":"super admin","userGroup":"1","email":"superadmin@msense.in","hotelId":"4","brandId":"7","iat":1687930001,"exp":1688016401}}  
[2023-06-28 12:03:47] CommonAction.INFO: ======= END Common Action (getAllSideBarMenu) ================  
[2023-06-28 12:04:53] CommonAction.INFO: ======= Start Common Action (getAllSideBarMenu) ================  
[2023-06-28 12:04:53] CommonAction.INFO: method : GET  
[2023-06-28 12:04:53] CommonAction.INFO: contentType : application/json  
[2023-06-28 12:04:53] CommonAction.INFO: Input Data : {"decoded":{"sub":"1","id":"1","userName":"super admin","userGroup":"1","email":"superadmin@msense.in","hotelId":"4","brandId":"7","iat":1687930001,"exp":1688016401}}  
[2023-06-28 12:04:53] CommonAction.INFO: ======= END Common Action (getAllSideBarMenu) ================  
[2023-06-28 12:04:58] CommonAction.INFO: ======= Start Common Action (getAllSideBarMenu) ================  
[2023-06-28 12:04:58] CommonAction.INFO: method : GET  
[2023-06-28 12:04:58] CommonAction.INFO: contentType : application/json  
[2023-06-28 12:04:58] CommonAction.INFO: Input Data : {"decoded":{"sub":"1","id":"1","userName":"super admin","userGroup":"1","email":"superadmin@msense.in","hotelId":"4","brandId":"7","iat":1687930001,"exp":1688016401}}  
[2023-06-28 12:04:58] CommonAction.INFO: ======= END Common Action (getAllSideBarMenu) ================  
[2023-06-28 12:29:57] CommonAction.INFO: ======= Start Common Action (getAllSideBarMenu) ================  
[2023-06-28 12:29:57] CommonAction.INFO: method : GET  
[2023-06-28 12:29:57] CommonAction.INFO: contentType : application/json  
[2023-06-28 12:29:57] CommonAction.INFO: Input Data : {"decoded":{"sub":"1","id":"1","userName":"super admin","userGroup":"1","email":"superadmin@msense.in","hotelId":"4","brandId":"7","iat":1687930001,"exp":1688016401}}  
[2023-06-28 12:29:57] CommonAction.INFO: ======= END Common Action (getAllSideBarMenu) ================  
[2023-06-28 12:30:31] CommonAction.INFO: ======= Start Common Action (getAllSideBarMenu) ================  
[2023-06-28 12:30:31] CommonAction.INFO: method : GET  
[2023-06-28 12:30:31] CommonAction.INFO: contentType : application/json  
[2023-06-28 12:30:31] CommonAction.INFO: Input Data : {"decoded":{"sub":"1","id":"1","userName":"super admin","userGroup":"1","email":"superadmin@msense.in","hotelId":"4","brandId":"7","iat":1687930001,"exp":1688016401}}  
[2023-06-28 12:30:31] CommonAction.INFO: ======= END Common Action (getAllSideBarMenu) ================  
[2023-06-28 12:39:12] CommonAction.INFO: ======= Start Common Action (getAllSideBarMenu) ================  
[2023-06-28 12:39:12] CommonAction.INFO: method : GET  
[2023-06-28 12:39:12] CommonAction.INFO: contentType : application/json  
[2023-06-28 12:39:12] CommonAction.INFO: Input Data : {"decoded":{"sub":"1","id":"1","userName":"super admin","userGroup":"1","email":"superadmin@msense.in","hotelId":"4","brandId":"7","iat":1687955952,"exp":1688042352}}  
[2023-06-28 12:39:13] CommonAction.INFO: ======= END Common Action (getAllSideBarMenu) ================  
[2023-06-28 12:39:23] CommonAction.INFO: ======= Start Common Action (getAllSideBarMenu) ================  
[2023-06-28 12:39:23] CommonAction.INFO: method : GET  
[2023-06-28 12:39:23] CommonAction.INFO: contentType : application/json  
[2023-06-28 12:39:23] CommonAction.INFO: Input Data : {"decoded":{"sub":"1","id":"1","userName":"super admin","userGroup":"1","email":"superadmin@msense.in","hotelId":"4","brandId":"7","iat":1687955952,"exp":1688042352}}  
[2023-06-28 12:39:23] CommonAction.INFO: ======= END Common Action (getAllSideBarMenu) ================  
[2023-06-28 12:39:26] CommonAction.INFO: ======= Start Common Action (getAllSideBarMenu) ================  
[2023-06-28 12:39:26] CommonAction.INFO: method : GET  
[2023-06-28 12:39:26] CommonAction.INFO: contentType : application/json  
[2023-06-28 12:39:26] CommonAction.INFO: Input Data : {"decoded":{"sub":"1","id":"1","userName":"super admin","userGroup":"1","email":"superadmin@msense.in","hotelId":"4","brandId":"7","iat":1687955952,"exp":1688042352}}  
[2023-06-28 12:39:26] CommonAction.INFO: ======= END Common Action (getAllSideBarMenu) ================  
[2023-06-28 12:39:47] CommonAction.INFO: ======= Start Common Action (getAllSideBarMenu) ================  
[2023-06-28 12:39:47] CommonAction.INFO: method : GET  
[2023-06-28 12:39:47] CommonAction.INFO: contentType : application/json  
[2023-06-28 12:39:47] CommonAction.INFO: Input Data : {"decoded":{"sub":"1","id":"1","userName":"super admin","userGroup":"1","email":"superadmin@msense.in","hotelId":"4","brandId":"7","iat":1687955952,"exp":1688042352}}  
[2023-06-28 12:39:47] CommonAction.INFO: ======= END Common Action (getAllSideBarMenu) ================  
[2023-06-28 12:42:01] CommonAction.INFO: ======= Start Common Action (getAllSideBarMenu) ================  
[2023-06-28 12:42:01] CommonAction.INFO: method : GET  
[2023-06-28 12:42:01] CommonAction.INFO: contentType : application/json  
[2023-06-28 12:42:01] CommonAction.INFO: Input Data : {"decoded":{"sub":"1","id":"1","userName":"super admin","userGroup":"1","email":"superadmin@msense.in","hotelId":"4","brandId":"7","iat":1687955952,"exp":1688042352}}  
[2023-06-28 12:42:01] CommonAction.INFO: ======= END Common Action (getAllSideBarMenu) ================  
[2023-06-28 12:42:26] CommonAction.INFO: ======= Start Common Action (getAllSideBarMenu) ================  
[2023-06-28 12:42:26] CommonAction.INFO: method : GET  
[2023-06-28 12:42:26] CommonAction.INFO: contentType : application/json  
[2023-06-28 12:42:26] CommonAction.INFO: Input Data : {"decoded":{"sub":"1","id":"1","userName":"super admin","userGroup":"1","email":"superadmin@msense.in","hotelId":"4","brandId":"7","iat":1687955952,"exp":1688042352}}  
[2023-06-28 12:42:26] CommonAction.INFO: ======= END Common Action (getAllSideBarMenu) ================  
[2023-06-28 12:42:55] CommonAction.INFO: ======= Start Common Action (getAllSideBarMenu) ================  
[2023-06-28 12:42:55] CommonAction.INFO: method : GET  
[2023-06-28 12:42:55] CommonAction.INFO: contentType : application/json  
[2023-06-28 12:42:55] CommonAction.INFO: Input Data : {"decoded":{"sub":"1","id":"1","userName":"super admin","userGroup":"1","email":"superadmin@msense.in","hotelId":"4","brandId":"7","iat":1687955952,"exp":1688042352}}  
[2023-06-28 12:42:55] CommonAction.INFO: ======= END Common Action (getAllSideBarMenu) ================  
[2023-06-28 12:44:49] CommonAction.INFO: ======= Start Common Action (getAllSideBarMenu) ================  
[2023-06-28 12:44:49] CommonAction.INFO: method : GET  
[2023-06-28 12:44:49] CommonAction.INFO: contentType : application/json  
[2023-06-28 12:44:49] CommonAction.INFO: Input Data : {"decoded":{"sub":"1","id":"1","userName":"super admin","userGroup":"1","email":"superadmin@msense.in","hotelId":"4","brandId":"7","iat":1687955952,"exp":1688042352}}  
[2023-06-28 12:44:49] CommonAction.INFO: ======= END Common Action (getAllSideBarMenu) ================  
[2023-06-28 12:45:05] CommonAction.INFO: ======= Start Common Action (getAllSideBarMenu) ================  
[2023-06-28 12:45:05] CommonAction.INFO: method : GET  
[2023-06-28 12:45:05] CommonAction.INFO: contentType : application/json  
[2023-06-28 12:45:05] CommonAction.INFO: Input Data : {"decoded":{"sub":"1","id":"1","userName":"super admin","userGroup":"1","email":"superadmin@msense.in","hotelId":"4","brandId":"7","iat":1687955952,"exp":1688042352}}  
[2023-06-28 12:45:05] CommonAction.INFO: ======= END Common Action (getAllSideBarMenu) ================  
[2023-06-28 12:45:31] CommonAction.INFO: ======= Start Common Action (getAllSideBarMenu) ================  
[2023-06-28 12:45:31] CommonAction.INFO: method : GET  
[2023-06-28 12:45:31] CommonAction.INFO: contentType : application/json  
[2023-06-28 12:45:31] CommonAction.INFO: Input Data : {"decoded":{"sub":"1","id":"1","userName":"super admin","userGroup":"1","email":"superadmin@msense.in","hotelId":"4","brandId":"7","iat":1687955952,"exp":1688042352}}  
[2023-06-28 12:45:31] CommonAction.INFO: ======= END Common Action (getAllSideBarMenu) ================  
[2023-06-28 12:45:54] CommonAction.INFO: ======= Start Common Action (getAllSideBarMenu) ================  
[2023-06-28 12:45:54] CommonAction.INFO: method : GET  
[2023-06-28 12:45:54] CommonAction.INFO: contentType : application/json  
[2023-06-28 12:45:54] CommonAction.INFO: Input Data : {"decoded":{"sub":"1","id":"1","userName":"super admin","userGroup":"1","email":"superadmin@msense.in","hotelId":"4","brandId":"7","iat":1687955952,"exp":1688042352}}  
[2023-06-28 12:45:54] CommonAction.INFO: ======= END Common Action (getAllSideBarMenu) ================  
[2023-06-28 12:48:41] CommonAction.INFO: ======= Start Common Action (getAllSideBarMenu) ================  
[2023-06-28 12:48:41] CommonAction.INFO: method : GET  
[2023-06-28 12:48:41] CommonAction.INFO: contentType : application/json  
[2023-06-28 12:48:41] CommonAction.INFO: Input Data : {"decoded":{"sub":"1","id":"1","userName":"super admin","userGroup":"1","email":"superadmin@msense.in","hotelId":"4","brandId":"7","iat":1687955952,"exp":1688042352}}  
[2023-06-28 12:48:41] CommonAction.INFO: ======= END Common Action (getAllSideBarMenu) ================  
[2023-06-28 12:50:16] CommonAction.INFO: ======= Start Common Action (getAllSideBarMenu) ================  
[2023-06-28 12:50:16] CommonAction.INFO: method : GET  
[2023-06-28 12:50:16] CommonAction.INFO: contentType : application/json  
[2023-06-28 12:50:16] CommonAction.INFO: Input Data : {"decoded":{"sub":"1","id":"1","userName":"super admin","userGroup":"1","email":"superadmin@msense.in","hotelId":"4","brandId":"7","iat":1687955952,"exp":1688042352}}  
[2023-06-28 12:50:16] CommonAction.INFO: ======= END Common Action (getAllSideBarMenu) ================  
[2023-06-28 12:50:48] CommonAction.INFO: ======= Start Common Action (getAllSideBarMenu) ================  
[2023-06-28 12:50:48] CommonAction.INFO: method : GET  
[2023-06-28 12:50:48] CommonAction.INFO: contentType : application/json  
[2023-06-28 12:50:48] CommonAction.INFO: Input Data : {"decoded":{"sub":"1","id":"1","userName":"super admin","userGroup":"1","email":"superadmin@msense.in","hotelId":"4","brandId":"7","iat":1687955952,"exp":1688042352}}  
[2023-06-28 12:50:48] CommonAction.INFO: ======= END Common Action (getAllSideBarMenu) ================  
[2023-06-28 12:51:47] CommonAction.INFO: ======= Start Common Action (getAllSideBarMenu) ================  
[2023-06-28 12:51:47] CommonAction.INFO: method : GET  
[2023-06-28 12:51:47] CommonAction.INFO: contentType : application/json  
[2023-06-28 12:51:47] CommonAction.INFO: Input Data : {"decoded":{"sub":"1","id":"1","userName":"super admin","userGroup":"1","email":"superadmin@msense.in","hotelId":"4","brandId":"7","iat":1687955952,"exp":1688042352}}  
[2023-06-28 12:51:47] CommonAction.INFO: ======= END Common Action (getAllSideBarMenu) ================  
[2023-06-28 12:53:15] CommonAction.INFO: ======= Start Common Action (getAllSideBarMenu) ================  
[2023-06-28 12:53:15] CommonAction.INFO: method : GET  
[2023-06-28 12:53:15] CommonAction.INFO: contentType : application/json  
[2023-06-28 12:53:15] CommonAction.INFO: Input Data : {"decoded":{"sub":"1","id":"1","userName":"super admin","userGroup":"1","email":"superadmin@msense.in","hotelId":"4","brandId":"7","iat":1687955952,"exp":1688042352}}  
[2023-06-28 12:53:15] CommonAction.INFO: ======= END Common Action (getAllSideBarMenu) ================  
[2023-06-28 12:54:11] CommonAction.INFO: ======= Start Common Action (getAllSideBarMenu) ================  
[2023-06-28 12:54:11] CommonAction.INFO: method : GET  
[2023-06-28 12:54:11] CommonAction.INFO: contentType : application/json  
[2023-06-28 12:54:11] CommonAction.INFO: Input Data : {"decoded":{"sub":"1","id":"1","userName":"super admin","userGroup":"1","email":"superadmin@msense.in","hotelId":"4","brandId":"7","iat":1687955952,"exp":1688042352}}  
[2023-06-28 12:54:11] CommonAction.INFO: ======= END Common Action (getAllSideBarMenu) ================  
[2023-06-28 12:55:14] CommonAction.INFO: ======= Start Common Action (getAllSideBarMenu) ================  
[2023-06-28 12:55:14] CommonAction.INFO: method : GET  
[2023-06-28 12:55:14] CommonAction.INFO: contentType : application/json  
[2023-06-28 12:55:14] CommonAction.INFO: Input Data : {"decoded":{"sub":"1","id":"1","userName":"super admin","userGroup":"1","email":"superadmin@msense.in","hotelId":"4","brandId":"7","iat":1687955952,"exp":1688042352}}  
[2023-06-28 12:55:14] CommonAction.INFO: ======= END Common Action (getAllSideBarMenu) ================  
[2023-06-28 12:56:15] CommonAction.INFO: ======= Start Common Action (getAllSideBarMenu) ================  
[2023-06-28 12:56:15] CommonAction.INFO: method : GET  
[2023-06-28 12:56:15] CommonAction.INFO: contentType : application/json  
[2023-06-28 12:56:15] CommonAction.INFO: Input Data : {"decoded":{"sub":"1","id":"1","userName":"super admin","userGroup":"1","email":"superadmin@msense.in","hotelId":"4","brandId":"7","iat":1687955952,"exp":1688042352}}  
[2023-06-28 12:56:15] CommonAction.INFO: ======= END Common Action (getAllSideBarMenu) ================  
[2023-06-28 12:56:19] CommonAction.INFO: ======= Start Common Action (getAllSideBarMenu) ================  
[2023-06-28 12:56:19] CommonAction.INFO: method : GET  
[2023-06-28 12:56:19] CommonAction.INFO: contentType : application/json  
[2023-06-28 12:56:19] CommonAction.INFO: Input Data : {"decoded":{"sub":"1","id":"1","userName":"super admin","userGroup":"1","email":"superadmin@msense.in","hotelId":"4","brandId":"7","iat":1687955952,"exp":1688042352}}  
[2023-06-28 12:56:19] CommonAction.INFO: ======= END Common Action (getAllSideBarMenu) ================  
[2023-06-28 12:59:12] CommonAction.INFO: ======= Start Common Action (getAllSideBarMenu) ================  
[2023-06-28 12:59:12] CommonAction.INFO: method : GET  
[2023-06-28 12:59:12] CommonAction.INFO: contentType : application/json  
[2023-06-28 12:59:12] CommonAction.INFO: Input Data : {"decoded":{"sub":"1","id":"1","userName":"super admin","userGroup":"1","email":"superadmin@msense.in","hotelId":"4","brandId":"7","iat":1687955952,"exp":1688042352}}  
[2023-06-28 12:59:12] CommonAction.INFO: ======= END Common Action (getAllSideBarMenu) ================  
[2023-06-28 12:59:55] CommonAction.INFO: ======= Start Common Action (getAllSideBarMenu) ================  
[2023-06-28 12:59:55] CommonAction.INFO: method : GET  
[2023-06-28 12:59:55] CommonAction.INFO: contentType : application/json  
[2023-06-28 12:59:55] CommonAction.INFO: Input Data : {"decoded":{"sub":"1","id":"1","userName":"super admin","userGroup":"1","email":"superadmin@msense.in","hotelId":"4","brandId":"7","iat":1687955952,"exp":1688042352}}  
[2023-06-28 12:59:55] CommonAction.INFO: ======= END Common Action (getAllSideBarMenu) ================  
[2023-06-28 12:59:59] CommonAction.INFO: ======= Start Common Action (getAllSideBarMenu) ================  
[2023-06-28 12:59:59] CommonAction.INFO: method : GET  
[2023-06-28 12:59:59] CommonAction.INFO: contentType : application/json  
[2023-06-28 12:59:59] CommonAction.INFO: Input Data : {"decoded":{"sub":"1","id":"1","userName":"super admin","userGroup":"1","email":"superadmin@msense.in","hotelId":"4","brandId":"7","iat":1687955952,"exp":1688042352}}  
[2023-06-28 12:59:59] CommonAction.INFO: ======= END Common Action (getAllSideBarMenu) ================  
[2023-06-28 13:01:31] CommonAction.INFO: ======= Start Common Action (getAllSideBarMenu) ================  
[2023-06-28 13:01:31] CommonAction.INFO: method : GET  
[2023-06-28 13:01:31] CommonAction.INFO: contentType : application/json  
[2023-06-28 13:01:31] CommonAction.INFO: Input Data : {"decoded":{"sub":"1","id":"1","userName":"super admin","userGroup":"1","email":"superadmin@msense.in","hotelId":"4","brandId":"7","iat":1687955952,"exp":1688042352}}  
[2023-06-28 13:01:31] CommonAction.INFO: ======= END Common Action (getAllSideBarMenu) ================  
[2023-06-28 13:02:13] CommonAction.INFO: ======= Start Common Action (getAllSideBarMenu) ================  
[2023-06-28 13:02:13] CommonAction.INFO: method : GET  
[2023-06-28 13:02:13] CommonAction.INFO: contentType : application/json  
[2023-06-28 13:02:13] CommonAction.INFO: Input Data : {"decoded":{"sub":"1","id":"1","userName":"super admin","userGroup":"1","email":"superadmin@msense.in","hotelId":"4","brandId":"7","iat":1687955952,"exp":1688042352}}  
[2023-06-28 13:02:13] CommonAction.INFO: ======= END Common Action (getAllSideBarMenu) ================  
[2023-06-28 13:02:17] CommonAction.INFO: ======= Start Common Action (getAllSideBarMenu) ================  
[2023-06-28 13:02:17] CommonAction.INFO: method : GET  
[2023-06-28 13:02:17] CommonAction.INFO: contentType : application/json  
[2023-06-28 13:02:17] CommonAction.INFO: Input Data : {"decoded":{"sub":"1","id":"1","userName":"super admin","userGroup":"1","email":"superadmin@msense.in","hotelId":"4","brandId":"7","iat":1687955952,"exp":1688042352}}  
[2023-06-28 13:02:17] CommonAction.INFO: ======= END Common Action (getAllSideBarMenu) ================  
[2023-06-28 13:04:51] CommonAction.INFO: ======= Start Common Action (getAllSideBarMenu) ================  
[2023-06-28 13:04:51] CommonAction.INFO: method : GET  
[2023-06-28 13:04:51] CommonAction.INFO: contentType : application/json  
[2023-06-28 13:04:51] CommonAction.INFO: Input Data : {"decoded":{"sub":"1","id":"1","userName":"super admin","userGroup":"1","email":"superadmin@msense.in","hotelId":"4","brandId":"7","iat":1687955952,"exp":1688042352}}  
[2023-06-28 13:04:51] CommonAction.INFO: ======= END Common Action (getAllSideBarMenu) ================  
[2023-06-28 13:05:00] CommonAction.INFO: ======= Start Common Action (getAllSideBarMenu) ================  
[2023-06-28 13:05:00] CommonAction.INFO: method : GET  
[2023-06-28 13:05:00] CommonAction.INFO: contentType : application/json  
[2023-06-28 13:05:00] CommonAction.INFO: Input Data : {"decoded":{"sub":"1","id":"1","userName":"super admin","userGroup":"1","email":"superadmin@msense.in","hotelId":"4","brandId":"7","iat":1687957500,"exp":1688043900}}  
[2023-06-28 13:05:00] CommonAction.INFO: ======= END Common Action (getAllSideBarMenu) ================  
[2023-06-28 13:06:23] CommonAction.INFO: ======= Start Common Action (getAllSideBarMenu) ================  
[2023-06-28 13:06:23] CommonAction.INFO: method : GET  
[2023-06-28 13:06:23] CommonAction.INFO: contentType : application/json  
[2023-06-28 13:06:23] CommonAction.INFO: Input Data : {"decoded":{"sub":"1","id":"1","userName":"super admin","userGroup":"1","email":"superadmin@msense.in","hotelId":"4","brandId":"7","iat":1687955952,"exp":1688042352}}  
[2023-06-28 13:06:23] CommonAction.INFO: ======= END Common Action (getAllSideBarMenu) ================  
[2023-06-28 13:08:09] CommonAction.INFO: ======= Start Common Action (getAllSideBarMenu) ================  
[2023-06-28 13:08:09] CommonAction.INFO: method : GET  
[2023-06-28 13:08:09] CommonAction.INFO: contentType : application/json  
[2023-06-28 13:08:09] CommonAction.INFO: Input Data : {"decoded":{"sub":"1","id":"1","userName":"super admin","userGroup":"1","email":"superadmin@msense.in","hotelId":"4","brandId":"7","iat":1687955952,"exp":1688042352}}  
[2023-06-28 13:08:09] CommonAction.INFO: ======= END Common Action (getAllSideBarMenu) ================  
[2023-06-28 13:13:41] CommonAction.INFO: ======= Start Common Action (getAllSideBarMenu) ================  
[2023-06-28 13:13:41] CommonAction.INFO: method : GET  
[2023-06-28 13:13:41] CommonAction.INFO: contentType : application/json  
[2023-06-28 13:13:41] CommonAction.INFO: Input Data : {"decoded":{"sub":"1","id":"1","userName":"super admin","userGroup":"1","email":"superadmin@msense.in","hotelId":"4","brandId":"7","iat":1687955952,"exp":1688042352}}  
[2023-06-28 13:13:41] CommonAction.INFO: ======= END Common Action (getAllSideBarMenu) ================  
[2023-06-28 13:16:59] CommonAction.INFO: ======= Start Common Action (getAllSideBarMenu) ================  
[2023-06-28 13:16:59] CommonAction.INFO: method : GET  
[2023-06-28 13:16:59] CommonAction.INFO: contentType : application/json  
[2023-06-28 13:16:59] CommonAction.INFO: Input Data : {"decoded":{"sub":"1","id":"1","userName":"super admin","userGroup":"1","email":"superadmin@msense.in","hotelId":"4","brandId":"7","iat":1687955952,"exp":1688042352}}  
[2023-06-28 13:16:59] CommonAction.INFO: ======= END Common Action (getAllSideBarMenu) ================  
[2023-06-28 13:17:01] CommonAction.INFO: ======= Start Common Action (getAllSideBarMenu) ================  
[2023-06-28 13:17:01] CommonAction.INFO: method : GET  
[2023-06-28 13:17:01] CommonAction.INFO: contentType : application/json  
[2023-06-28 13:17:01] CommonAction.INFO: Input Data : {"decoded":{"sub":"1","id":"1","userName":"super admin","userGroup":"1","email":"superadmin@msense.in","hotelId":"4","brandId":"7","iat":1687957500,"exp":1688043900}}  
[2023-06-28 13:17:01] CommonAction.INFO: ======= END Common Action (getAllSideBarMenu) ================  
[2023-06-28 13:17:02] CommonAction.INFO: ======= Start Common Action (getAllSideBarMenu) ================  
[2023-06-28 13:17:02] CommonAction.INFO: method : GET  
[2023-06-28 13:17:02] CommonAction.INFO: contentType : application/json  
[2023-06-28 13:17:02] CommonAction.INFO: Input Data : {"decoded":{"sub":"1","id":"1","userName":"super admin","userGroup":"1","email":"superadmin@msense.in","hotelId":"4","brandId":"7","iat":1687957500,"exp":1688043900}}  
[2023-06-28 13:17:02] CommonAction.INFO: ======= END Common Action (getAllSideBarMenu) ================  
[2023-06-28 13:17:11] CommonAction.INFO: ======= Start Common Action (getAllSideBarMenu) ================  
[2023-06-28 13:17:11] CommonAction.INFO: method : GET  
[2023-06-28 13:17:11] CommonAction.INFO: contentType : application/json  
[2023-06-28 13:17:11] CommonAction.INFO: Input Data : {"decoded":{"sub":"1","id":"1","userName":"super admin","userGroup":"1","email":"superadmin@msense.in","hotelId":"4","brandId":"7","iat":1687957500,"exp":1688043900}}  
[2023-06-28 13:17:11] CommonAction.INFO: ======= END Common Action (getAllSideBarMenu) ================  
[2023-06-28 13:17:11] CommonAction.INFO: ======= Start Common Action (getAllSideBarMenu) ================  
[2023-06-28 13:17:11] CommonAction.INFO: method : GET  
[2023-06-28 13:17:11] CommonAction.INFO: contentType : application/json  
[2023-06-28 13:17:11] CommonAction.INFO: Input Data : {"decoded":{"sub":"1","id":"1","userName":"super admin","userGroup":"1","email":"superadmin@msense.in","hotelId":"4","brandId":"7","iat":1687957500,"exp":1688043900}}  
[2023-06-28 13:17:11] CommonAction.INFO: ======= END Common Action (getAllSideBarMenu) ================  
[2023-06-28 13:17:38] CommonAction.INFO: ======= Start Common Action (getAllSideBarMenu) ================  
[2023-06-28 13:17:38] CommonAction.INFO: method : GET  
[2023-06-28 13:17:38] CommonAction.INFO: contentType : application/json  
[2023-06-28 13:17:38] CommonAction.INFO: Input Data : {"decoded":{"sub":"1","id":"1","userName":"super admin","userGroup":"1","email":"superadmin@msense.in","hotelId":"4","brandId":"7","iat":1687955952,"exp":1688042352}}  
[2023-06-28 13:17:38] CommonAction.INFO: ======= END Common Action (getAllSideBarMenu) ================  
[2023-06-28 13:18:06] CommonAction.INFO: ======= Start Common Action (getAllSideBarMenu) ================  
[2023-06-28 13:18:06] CommonAction.INFO: method : GET  
[2023-06-28 13:18:06] CommonAction.INFO: contentType : application/json  
[2023-06-28 13:18:06] CommonAction.INFO: Input Data : {"decoded":{"sub":"1","id":"1","userName":"super admin","userGroup":"1","email":"superadmin@msense.in","hotelId":"4","brandId":"7","iat":1687955952,"exp":1688042352}}  
[2023-06-28 13:18:07] CommonAction.INFO: ======= END Common Action (getAllSideBarMenu) ================  
[2023-06-28 13:20:05] CommonAction.INFO: ======= Start Common Action (getAllSideBarMenu) ================  
[2023-06-28 13:20:05] CommonAction.INFO: method : GET  
[2023-06-28 13:20:05] CommonAction.INFO: contentType : application/json  
[2023-06-28 13:20:05] CommonAction.INFO: Input Data : {"decoded":{"sub":"1","id":"1","userName":"super admin","userGroup":"1","email":"superadmin@msense.in","hotelId":"4","brandId":"7","iat":1687955952,"exp":1688042352}}  
[2023-06-28 13:20:05] CommonAction.INFO: ======= END Common Action (getAllSideBarMenu) ================  
[2023-06-28 13:20:44] CommonAction.INFO: ======= Start Common Action (getAllSideBarMenu) ================  
[2023-06-28 13:20:44] CommonAction.INFO: method : GET  
[2023-06-28 13:20:44] CommonAction.INFO: contentType : application/json  
[2023-06-28 13:20:44] CommonAction.INFO: Input Data : {"decoded":{"sub":"1","id":"1","userName":"super admin","userGroup":"1","email":"superadmin@msense.in","hotelId":"4","brandId":"7","iat":1687955952,"exp":1688042352}}  
[2023-06-28 13:20:44] CommonAction.INFO: ======= END Common Action (getAllSideBarMenu) ================  
[2023-06-28 13:20:48] CommonAction.INFO: ======= Start Common Action (getAllSideBarMenu) ================  
[2023-06-28 13:20:48] CommonAction.INFO: method : GET  
[2023-06-28 13:20:48] CommonAction.INFO: contentType : application/json  
[2023-06-28 13:20:48] CommonAction.INFO: Input Data : {"decoded":{"sub":"1","id":"1","userName":"super admin","userGroup":"1","email":"superadmin@msense.in","hotelId":"4","brandId":"7","iat":1687955952,"exp":1688042352}}  
[2023-06-28 13:20:48] CommonAction.INFO: ======= END Common Action (getAllSideBarMenu) ================  
[2023-06-28 13:21:39] CommonAction.INFO: ======= Start Common Action (getAllSideBarMenu) ================  
[2023-06-28 13:21:39] CommonAction.INFO: method : GET  
[2023-06-28 13:21:39] CommonAction.INFO: contentType : application/json  
[2023-06-28 13:21:39] CommonAction.INFO: Input Data : {"decoded":{"sub":"1","id":"1","userName":"super admin","userGroup":"1","email":"superadmin@msense.in","hotelId":"4","brandId":"7","iat":1687955952,"exp":1688042352}}  
[2023-06-28 13:21:39] CommonAction.INFO: ======= END Common Action (getAllSideBarMenu) ================  
[2023-06-28 13:24:33] CommonAction.INFO: ======= Start Common Action (getAllSideBarMenu) ================  
[2023-06-28 13:24:33] CommonAction.INFO: method : GET  
[2023-06-28 13:24:33] CommonAction.INFO: contentType : application/json  
[2023-06-28 13:24:33] CommonAction.INFO: Input Data : {"decoded":{"sub":"1","id":"1","userName":"super admin","userGroup":"1","email":"superadmin@msense.in","hotelId":"4","brandId":"7","iat":1687955952,"exp":1688042352}}  
[2023-06-28 13:24:33] CommonAction.INFO: ======= END Common Action (getAllSideBarMenu) ================  
[2023-06-28 13:25:00] CommonAction.INFO: ======= Start Common Action (getAllSideBarMenu) ================  
[2023-06-28 13:25:00] CommonAction.INFO: method : GET  
[2023-06-28 13:25:00] CommonAction.INFO: contentType : application/json  
[2023-06-28 13:25:00] CommonAction.INFO: Input Data : {"decoded":{"sub":"1","id":"1","userName":"super admin","userGroup":"1","email":"superadmin@msense.in","hotelId":"4","brandId":"7","iat":1687955952,"exp":1688042352}}  
[2023-06-28 13:25:00] CommonAction.INFO: ======= END Common Action (getAllSideBarMenu) ================  
[2023-06-28 13:26:13] CommonAction.INFO: ======= Start Common Action (getAllSideBarMenu) ================  
[2023-06-28 13:26:13] CommonAction.INFO: method : GET  
[2023-06-28 13:26:13] CommonAction.INFO: contentType : application/json  
[2023-06-28 13:26:13] CommonAction.INFO: Input Data : {"decoded":{"sub":"1","id":"1","userName":"super admin","userGroup":"1","email":"superadmin@msense.in","hotelId":"4","brandId":"7","iat":1687955952,"exp":1688042352}}  
[2023-06-28 13:26:13] CommonAction.INFO: ======= END Common Action (getAllSideBarMenu) ================  
[2023-06-28 13:26:49] CommonAction.INFO: ======= Start Common Action (getAllSideBarMenu) ================  
[2023-06-28 13:26:49] CommonAction.INFO: method : GET  
[2023-06-28 13:26:49] CommonAction.INFO: contentType : application/json  
[2023-06-28 13:26:49] CommonAction.INFO: Input Data : {"decoded":{"sub":"1","id":"1","userName":"super admin","userGroup":"1","email":"superadmin@msense.in","hotelId":"4","brandId":"7","iat":1687955952,"exp":1688042352}}  
[2023-06-28 13:26:49] CommonAction.INFO: ======= END Common Action (getAllSideBarMenu) ================  
[2023-06-28 13:27:21] CommonAction.INFO: ======= Start Common Action (getAllSideBarMenu) ================  
[2023-06-28 13:27:21] CommonAction.INFO: method : GET  
[2023-06-28 13:27:21] CommonAction.INFO: contentType : application/json  
[2023-06-28 13:27:21] CommonAction.INFO: Input Data : {"decoded":{"sub":"1","id":"1","userName":"super admin","userGroup":"1","email":"superadmin@msense.in","hotelId":"4","brandId":"7","iat":1687955952,"exp":1688042352}}  
[2023-06-28 13:27:21] CommonAction.INFO: ======= END Common Action (getAllSideBarMenu) ================  
[2023-06-28 13:31:14] CommonAction.INFO: ======= Start Common Action (getAllSideBarMenu) ================  
[2023-06-28 13:31:14] CommonAction.INFO: method : GET  
[2023-06-28 13:31:14] CommonAction.INFO: contentType : application/json  
[2023-06-28 13:31:14] CommonAction.INFO: Input Data : {"decoded":{"sub":"1","id":"1","userName":"super admin","userGroup":"1","email":"superadmin@msense.in","hotelId":"4","brandId":"7","iat":1687955952,"exp":1688042352}}  
[2023-06-28 13:31:14] CommonAction.INFO: ======= END Common Action (getAllSideBarMenu) ================  
[2023-06-28 13:31:17] CommonAction.INFO: ======= Start Common Action (getAllSideBarMenu) ================  
[2023-06-28 13:31:17] CommonAction.INFO: method : GET  
[2023-06-28 13:31:17] CommonAction.INFO: contentType : application/json  
[2023-06-28 13:31:17] CommonAction.INFO: Input Data : {"decoded":{"sub":"1","id":"1","userName":"super admin","userGroup":"1","email":"superadmin@msense.in","hotelId":"4","brandId":"7","iat":1687955952,"exp":1688042352}}  
[2023-06-28 13:31:17] CommonAction.INFO: ======= END Common Action (getAllSideBarMenu) ================  
[2023-06-28 13:31:38] CommonAction.INFO: ======= Start Common Action (getAllSideBarMenu) ================  
[2023-06-28 13:31:38] CommonAction.INFO: method : GET  
[2023-06-28 13:31:38] CommonAction.INFO: contentType : application/json  
[2023-06-28 13:31:38] CommonAction.INFO: Input Data : {"decoded":{"sub":"1","id":"1","userName":"super admin","userGroup":"1","email":"superadmin@msense.in","hotelId":"4","brandId":"7","iat":1687955952,"exp":1688042352}}  
[2023-06-28 13:31:38] CommonAction.INFO: ======= END Common Action (getAllSideBarMenu) ================  
[2023-06-28 13:31:56] CommonAction.INFO: ======= Start Common Action (getAllSideBarMenu) ================  
[2023-06-28 13:31:56] CommonAction.INFO: method : GET  
[2023-06-28 13:31:56] CommonAction.INFO: contentType : application/json  
[2023-06-28 13:31:56] CommonAction.INFO: Input Data : {"decoded":{"sub":"1","id":"1","userName":"super admin","userGroup":"1","email":"superadmin@msense.in","hotelId":"4","brandId":"7","iat":1687955952,"exp":1688042352}}  
[2023-06-28 13:31:56] CommonAction.INFO: ======= END Common Action (getAllSideBarMenu) ================  
[2023-06-28 13:32:16] CommonAction.INFO: ======= Start Common Action (getAllSideBarMenu) ================  
[2023-06-28 13:32:16] CommonAction.INFO: method : GET  
[2023-06-28 13:32:16] CommonAction.INFO: contentType : application/json  
[2023-06-28 13:32:16] CommonAction.INFO: Input Data : {"decoded":{"sub":"1","id":"1","userName":"super admin","userGroup":"1","email":"superadmin@msense.in","hotelId":"4","brandId":"7","iat":1687955952,"exp":1688042352}}  
[2023-06-28 13:32:16] CommonAction.INFO: ======= END Common Action (getAllSideBarMenu) ================  
[2023-06-28 13:33:38] CommonAction.INFO: ======= Start Common Action (getAllSideBarMenu) ================  
[2023-06-28 13:33:38] CommonAction.INFO: method : GET  
[2023-06-28 13:33:38] CommonAction.INFO: contentType : application/json  
[2023-06-28 13:33:38] CommonAction.INFO: Input Data : {"decoded":{"sub":"1","id":"1","userName":"super admin","userGroup":"1","email":"superadmin@msense.in","hotelId":"4","brandId":"7","iat":1687955952,"exp":1688042352}}  
[2023-06-28 13:33:38] CommonAction.INFO: ======= END Common Action (getAllSideBarMenu) ================  
[2023-06-28 13:34:22] CommonAction.INFO: ======= Start Common Action (getAllSideBarMenu) ================  
[2023-06-28 13:34:22] CommonAction.INFO: method : GET  
[2023-06-28 13:34:22] CommonAction.INFO: contentType : application/json  
[2023-06-28 13:34:22] CommonAction.INFO: Input Data : {"decoded":{"sub":"1","id":"1","userName":"super admin","userGroup":"1","email":"superadmin@msense.in","hotelId":"4","brandId":"7","iat":1687955952,"exp":1688042352}}  
[2023-06-28 13:34:22] CommonAction.INFO: ======= END Common Action (getAllSideBarMenu) ================  
[2023-06-28 13:34:27] CommonAction.INFO: ======= Start Common Action (getAllSideBarMenu) ================  
[2023-06-28 13:34:27] CommonAction.INFO: method : GET  
[2023-06-28 13:34:27] CommonAction.INFO: contentType : application/json  
[2023-06-28 13:34:27] CommonAction.INFO: Input Data : {"decoded":{"sub":"1","id":"1","userName":"super admin","userGroup":"1","email":"superadmin@msense.in","hotelId":"4","brandId":"7","iat":1687955952,"exp":1688042352}}  
[2023-06-28 13:34:27] CommonAction.INFO: ======= END Common Action (getAllSideBarMenu) ================  
[2023-06-28 13:35:26] CommonAction.INFO: ======= Start Common Action (getAllSideBarMenu) ================  
[2023-06-28 13:35:26] CommonAction.INFO: method : GET  
[2023-06-28 13:35:26] CommonAction.INFO: contentType : application/json  
[2023-06-28 13:35:26] CommonAction.INFO: Input Data : {"decoded":{"sub":"1","id":"1","userName":"super admin","userGroup":"1","email":"superadmin@msense.in","hotelId":"4","brandId":"7","iat":1687955952,"exp":1688042352}}  
[2023-06-28 13:35:26] CommonAction.INFO: ======= END Common Action (getAllSideBarMenu) ================  
[2023-06-28 13:38:46] CommonAction.INFO: ======= Start Common Action (getAllSideBarMenu) ================  
[2023-06-28 13:38:46] CommonAction.INFO: method : GET  
[2023-06-28 13:38:46] CommonAction.INFO: contentType : application/json  
[2023-06-28 13:38:46] CommonAction.INFO: Input Data : {"decoded":{"sub":"1","id":"1","userName":"super admin","userGroup":"1","email":"superadmin@msense.in","hotelId":"4","brandId":"7","iat":1687955952,"exp":1688042352}}  
[2023-06-28 13:38:46] CommonAction.INFO: ======= END Common Action (getAllSideBarMenu) ================  
[2023-06-28 13:39:07] CommonAction.INFO: ======= Start Common Action (getAllSideBarMenu) ================  
[2023-06-28 13:39:07] CommonAction.INFO: method : GET  
[2023-06-28 13:39:07] CommonAction.INFO: contentType : application/json  
[2023-06-28 13:39:07] CommonAction.INFO: Input Data : {"decoded":{"sub":"1","id":"1","userName":"super admin","userGroup":"1","email":"superadmin@msense.in","hotelId":"4","brandId":"7","iat":1687955952,"exp":1688042352}}  
[2023-06-28 13:39:07] CommonAction.INFO: ======= END Common Action (getAllSideBarMenu) ================  
[2023-06-28 13:40:09] CommonAction.INFO: ======= Start Common Action (getAllSideBarMenu) ================  
[2023-06-28 13:40:09] CommonAction.INFO: method : GET  
[2023-06-28 13:40:09] CommonAction.INFO: contentType : application/json  
[2023-06-28 13:40:09] CommonAction.INFO: Input Data : {"decoded":{"sub":"1","id":"1","userName":"super admin","userGroup":"1","email":"superadmin@msense.in","hotelId":"4","brandId":"7","iat":1687955952,"exp":1688042352}}  
[2023-06-28 13:40:09] CommonAction.INFO: ======= END Common Action (getAllSideBarMenu) ================  
[2023-06-28 13:41:21] CommonAction.INFO: ======= Start Common Action (getAllSideBarMenu) ================  
[2023-06-28 13:41:21] CommonAction.INFO: method : GET  
[2023-06-28 13:41:21] CommonAction.INFO: contentType : application/json  
[2023-06-28 13:41:21] CommonAction.INFO: Input Data : {"decoded":{"sub":"1","id":"1","userName":"super admin","userGroup":"1","email":"superadmin@msense.in","hotelId":"4","brandId":"7","iat":1687955952,"exp":1688042352}}  
[2023-06-28 13:41:21] CommonAction.INFO: ======= END Common Action (getAllSideBarMenu) ================  
[2023-06-28 13:41:25] CommonAction.INFO: ======= Start Common Action (getAllSideBarMenu) ================  
[2023-06-28 13:41:25] CommonAction.INFO: method : GET  
[2023-06-28 13:41:25] CommonAction.INFO: contentType : application/json  
[2023-06-28 13:41:25] CommonAction.INFO: Input Data : {"decoded":{"sub":"1","id":"1","userName":"super admin","userGroup":"1","email":"superadmin@msense.in","hotelId":"4","brandId":"7","iat":1687955952,"exp":1688042352}}  
[2023-06-28 13:41:25] CommonAction.INFO: ======= END Common Action (getAllSideBarMenu) ================  
[2023-06-28 13:41:36] CommonAction.INFO: ======= Start Common Action (getAllSideBarMenu) ================  
[2023-06-28 13:41:36] CommonAction.INFO: method : GET  
[2023-06-28 13:41:36] CommonAction.INFO: contentType : application/json  
[2023-06-28 13:41:36] CommonAction.INFO: Input Data : {"decoded":{"sub":"1","id":"1","userName":"super admin","userGroup":"1","email":"superadmin@msense.in","hotelId":"4","brandId":"7","iat":1687955952,"exp":1688042352}}  
[2023-06-28 13:41:36] CommonAction.INFO: ======= END Common Action (getAllSideBarMenu) ================  
[2023-06-28 13:43:15] CommonAction.INFO: ======= Start Common Action (getAllSideBarMenu) ================  
[2023-06-28 13:43:15] CommonAction.INFO: method : GET  
[2023-06-28 13:43:15] CommonAction.INFO: contentType : application/json  
[2023-06-28 13:43:15] CommonAction.INFO: Input Data : {"decoded":{"sub":"1","id":"1","userName":"super admin","userGroup":"1","email":"superadmin@msense.in","hotelId":"4","brandId":"7","iat":1687955952,"exp":1688042352}}  
[2023-06-28 13:43:15] CommonAction.INFO: ======= END Common Action (getAllSideBarMenu) ================  
[2023-06-28 13:46:04] CommonAction.INFO: ======= Start Common Action (getAllSideBarMenu) ================  
[2023-06-28 13:46:04] CommonAction.INFO: method : GET  
[2023-06-28 13:46:04] CommonAction.INFO: contentType : application/json  
[2023-06-28 13:46:04] CommonAction.INFO: Input Data : {"decoded":{"sub":"1","id":"1","userName":"super admin","userGroup":"1","email":"superadmin@msense.in","hotelId":"4","brandId":"7","iat":1687955952,"exp":1688042352}}  
[2023-06-28 13:46:04] CommonAction.INFO: ======= END Common Action (getAllSideBarMenu) ================  
[2023-06-28 13:46:33] CommonAction.INFO: ======= Start Common Action (getAllSideBarMenu) ================  
[2023-06-28 13:46:33] CommonAction.INFO: method : GET  
[2023-06-28 13:46:33] CommonAction.INFO: contentType : application/json  
[2023-06-28 13:46:33] CommonAction.INFO: Input Data : {"decoded":{"sub":"1","id":"1","userName":"super admin","userGroup":"1","email":"superadmin@msense.in","hotelId":"4","brandId":"7","iat":1687955952,"exp":1688042352}}  
[2023-06-28 13:46:33] CommonAction.INFO: ======= END Common Action (getAllSideBarMenu) ================  
[2023-06-28 13:46:42] CommonAction.INFO: ======= Start Common Action (getAllSideBarMenu) ================  
[2023-06-28 13:46:42] CommonAction.INFO: method : GET  
[2023-06-28 13:46:42] CommonAction.INFO: contentType : application/json  
[2023-06-28 13:46:42] CommonAction.INFO: Input Data : {"decoded":{"sub":"1","id":"1","userName":"super admin","userGroup":"1","email":"superadmin@msense.in","hotelId":"4","brandId":"7","iat":1687955952,"exp":1688042352}}  
[2023-06-28 13:46:42] CommonAction.INFO: ======= END Common Action (getAllSideBarMenu) ================  
[2023-06-28 13:51:14] CommonAction.INFO: ======= Start Common Action (getAllSideBarMenu) ================  
[2023-06-28 13:51:14] CommonAction.INFO: method : GET  
[2023-06-28 13:51:14] CommonAction.INFO: contentType : application/json  
[2023-06-28 13:51:14] CommonAction.INFO: Input Data : {"decoded":{"sub":"1","id":"1","userName":"super admin","userGroup":"1","email":"superadmin@msense.in","hotelId":"4","brandId":"7","iat":1687955952,"exp":1688042352}}  
[2023-06-28 13:51:14] CommonAction.INFO: ======= END Common Action (getAllSideBarMenu) ================  
[2023-06-28 13:51:16] CommonAction.INFO: ======= Start Common Action (getAllSideBarMenu) ================  
[2023-06-28 13:51:16] CommonAction.INFO: method : GET  
[2023-06-28 13:51:16] CommonAction.INFO: contentType : application/json  
[2023-06-28 13:51:16] CommonAction.INFO: Input Data : {"decoded":{"sub":"1","id":"1","userName":"super admin","userGroup":"1","email":"superadmin@msense.in","hotelId":"4","brandId":"7","iat":1687955952,"exp":1688042352}}  
[2023-06-28 13:51:16] CommonAction.INFO: ======= END Common Action (getAllSideBarMenu) ================  
[2023-06-28 13:55:50] CommonAction.INFO: ======= Start Common Action (getAllSideBarMenu) ================  
[2023-06-28 13:55:50] CommonAction.INFO: method : GET  
[2023-06-28 13:55:50] CommonAction.INFO: contentType : application/json  
[2023-06-28 13:55:50] CommonAction.INFO: Input Data : {"decoded":{"sub":"1","id":"1","userName":"super admin","userGroup":"1","email":"superadmin@msense.in","hotelId":"4","brandId":"7","iat":1687955952,"exp":1688042352}}  
[2023-06-28 13:55:50] CommonAction.INFO: ======= END Common Action (getAllSideBarMenu) ================  
[2023-06-28 13:55:54] CommonAction.INFO: ======= Start Common Action (getAllSideBarMenu) ================  
[2023-06-28 13:55:54] CommonAction.INFO: method : GET  
[2023-06-28 13:55:54] CommonAction.INFO: contentType : application/json  
[2023-06-28 13:55:54] CommonAction.INFO: Input Data : {"decoded":{"sub":"1","id":"1","userName":"super admin","userGroup":"1","email":"superadmin@msense.in","hotelId":"4","brandId":"7","iat":1687955952,"exp":1688042352}}  
[2023-06-28 13:55:54] CommonAction.INFO: ======= END Common Action (getAllSideBarMenu) ================  
[2023-06-28 13:55:59] CommonAction.INFO: ======= Start Common Action (getAllSideBarMenu) ================  
[2023-06-28 13:55:59] CommonAction.INFO: method : GET  
[2023-06-28 13:55:59] CommonAction.INFO: contentType : application/json  
[2023-06-28 13:55:59] CommonAction.INFO: Input Data : {"decoded":{"sub":"1","id":"1","userName":"super admin","userGroup":"1","email":"superadmin@msense.in","hotelId":"4","brandId":"7","iat":1687955952,"exp":1688042352}}  
[2023-06-28 13:55:59] CommonAction.INFO: ======= END Common Action (getAllSideBarMenu) ================  
[2023-06-28 13:56:03] CommonAction.INFO: ======= Start Common Action (getAllSideBarMenu) ================  
[2023-06-28 13:56:03] CommonAction.INFO: method : GET  
[2023-06-28 13:56:03] CommonAction.INFO: contentType : application/json  
[2023-06-28 13:56:03] CommonAction.INFO: Input Data : {"decoded":{"sub":"1","id":"1","userName":"super admin","userGroup":"1","email":"superadmin@msense.in","hotelId":"4","brandId":"7","iat":1687955952,"exp":1688042352}}  
[2023-06-28 13:56:03] CommonAction.INFO: ======= END Common Action (getAllSideBarMenu) ================  
[2023-06-28 13:56:23] CommonAction.INFO: ======= Start Common Action (getAllSideBarMenu) ================  
[2023-06-28 13:56:23] CommonAction.INFO: method : GET  
[2023-06-28 13:56:23] CommonAction.INFO: contentType : application/json  
[2023-06-28 13:56:23] CommonAction.INFO: Input Data : {"decoded":{"sub":"1","id":"1","userName":"super admin","userGroup":"1","email":"superadmin@msense.in","hotelId":"4","brandId":"7","iat":1687960583,"exp":1688046983}}  
[2023-06-28 13:56:23] CommonAction.INFO: ======= END Common Action (getAllSideBarMenu) ================  
[2023-06-28 13:58:32] CommonAction.INFO: ======= Start Common Action (getAllSideBarMenu) ================  
[2023-06-28 13:58:32] CommonAction.INFO: method : GET  
[2023-06-28 13:58:32] CommonAction.INFO: contentType : application/json  
[2023-06-28 13:58:32] CommonAction.INFO: Input Data : {"decoded":{"sub":"1","id":"1","userName":"super admin","userGroup":"1","email":"superadmin@msense.in","hotelId":"4","brandId":"7","iat":1687960583,"exp":1688046983}}  
[2023-06-28 13:58:32] CommonAction.INFO: ======= END Common Action (getAllSideBarMenu) ================  
[2023-06-28 13:59:54] CommonAction.INFO: ======= Start Common Action (getAllSideBarMenu) ================  
[2023-06-28 13:59:54] CommonAction.INFO: method : GET  
[2023-06-28 13:59:54] CommonAction.INFO: contentType : application/json  
[2023-06-28 13:59:54] CommonAction.INFO: Input Data : {"decoded":{"sub":"1","id":"1","userName":"super admin","userGroup":"1","email":"superadmin@msense.in","hotelId":"4","brandId":"7","iat":1687960583,"exp":1688046983}}  
[2023-06-28 13:59:54] CommonAction.INFO: ======= END Common Action (getAllSideBarMenu) ================  
[2023-06-28 13:59:58] CommonAction.INFO: ======= Start Common Action (getAllSideBarMenu) ================  
[2023-06-28 13:59:58] CommonAction.INFO: method : GET  
[2023-06-28 13:59:58] CommonAction.INFO: contentType : application/json  
[2023-06-28 13:59:58] CommonAction.INFO: Input Data : {"decoded":{"sub":"1","id":"1","userName":"super admin","userGroup":"1","email":"superadmin@msense.in","hotelId":"4","brandId":"7","iat":1687960583,"exp":1688046983}}  
[2023-06-28 13:59:58] CommonAction.INFO: ======= END Common Action (getAllSideBarMenu) ================  
[2023-06-28 14:00:35] CommonAction.INFO: ======= Start Common Action (getAllSideBarMenu) ================  
[2023-06-28 14:00:35] CommonAction.INFO: method : GET  
[2023-06-28 14:00:35] CommonAction.INFO: contentType : application/json  
[2023-06-28 14:00:35] CommonAction.INFO: Input Data : {"decoded":{"sub":"1","id":"1","userName":"super admin","userGroup":"1","email":"superadmin@msense.in","hotelId":"4","brandId":"7","iat":1687960583,"exp":1688046983}}  
[2023-06-28 14:00:36] CommonAction.INFO: ======= END Common Action (getAllSideBarMenu) ================  
[2023-06-28 14:01:00] CommonAction.INFO: ======= Start Common Action (getAllSideBarMenu) ================  
[2023-06-28 14:01:00] CommonAction.INFO: method : GET  
[2023-06-28 14:01:00] CommonAction.INFO: contentType : application/json  
[2023-06-28 14:01:00] CommonAction.INFO: Input Data : {"decoded":{"sub":"1","id":"1","userName":"super admin","userGroup":"1","email":"superadmin@msense.in","hotelId":"4","brandId":"7","iat":1687960583,"exp":1688046983}}  
[2023-06-28 14:01:00] CommonAction.INFO: ======= END Common Action (getAllSideBarMenu) ================  
[2023-06-28 14:01:22] CommonAction.INFO: ======= Start Common Action (getAllSideBarMenu) ================  
[2023-06-28 14:01:22] CommonAction.INFO: method : GET  
[2023-06-28 14:01:22] CommonAction.INFO: contentType : application/json  
[2023-06-28 14:01:22] CommonAction.INFO: Input Data : {"decoded":{"sub":"1","id":"1","userName":"super admin","userGroup":"1","email":"superadmin@msense.in","hotelId":"4","brandId":"7","iat":1687960583,"exp":1688046983}}  
[2023-06-28 14:01:22] CommonAction.INFO: ======= END Common Action (getAllSideBarMenu) ================  
[2023-06-28 14:01:43] CommonAction.INFO: ======= Start Common Action (getAllSideBarMenu) ================  
[2023-06-28 14:01:43] CommonAction.INFO: method : GET  
[2023-06-28 14:01:43] CommonAction.INFO: contentType : application/json  
[2023-06-28 14:01:43] CommonAction.INFO: Input Data : {"decoded":{"sub":"1","id":"1","userName":"super admin","userGroup":"1","email":"superadmin@msense.in","hotelId":"4","brandId":"7","iat":1687960583,"exp":1688046983}}  
[2023-06-28 14:01:43] CommonAction.INFO: ======= END Common Action (getAllSideBarMenu) ================  
[2023-06-28 14:02:00] CommonAction.INFO: ======= Start Common Action (getAllSideBarMenu) ================  
[2023-06-28 14:02:00] CommonAction.INFO: method : GET  
[2023-06-28 14:02:00] CommonAction.INFO: contentType : application/json  
[2023-06-28 14:02:00] CommonAction.INFO: Input Data : {"decoded":{"sub":"1","id":"1","userName":"super admin","userGroup":"1","email":"superadmin@msense.in","hotelId":"4","brandId":"7","iat":1687960583,"exp":1688046983}}  
[2023-06-28 14:02:00] CommonAction.INFO: ======= END Common Action (getAllSideBarMenu) ================  
[2023-06-28 14:03:02] CommonAction.INFO: ======= Start Common Action (getAllSideBarMenu) ================  
[2023-06-28 14:03:02] CommonAction.INFO: method : GET  
[2023-06-28 14:03:02] CommonAction.INFO: contentType : application/json  
[2023-06-28 14:03:02] CommonAction.INFO: Input Data : {"decoded":{"sub":"1","id":"1","userName":"super admin","userGroup":"1","email":"superadmin@msense.in","hotelId":"4","brandId":"7","iat":1687960583,"exp":1688046983}}  
[2023-06-28 14:03:02] CommonAction.INFO: ======= END Common Action (getAllSideBarMenu) ================  
[2023-06-28 14:06:28] CommonAction.INFO: ======= Start Common Action (getAllSideBarMenu) ================  
[2023-06-28 14:06:28] CommonAction.INFO: method : GET  
[2023-06-28 14:06:28] CommonAction.INFO: contentType : application/json  
[2023-06-28 14:06:28] CommonAction.INFO: Input Data : {"decoded":{"sub":"1","id":"1","userName":"super admin","userGroup":"1","email":"superadmin@msense.in","hotelId":"4","brandId":"7","iat":1687960583,"exp":1688046983}}  
[2023-06-28 14:06:28] CommonAction.INFO: ======= END Common Action (getAllSideBarMenu) ================  
[2023-06-28 14:08:00] CommonAction.INFO: ======= Start Common Action (getAllSideBarMenu) ================  
[2023-06-28 14:08:00] CommonAction.INFO: method : GET  
[2023-06-28 14:08:00] CommonAction.INFO: contentType : application/json  
[2023-06-28 14:08:00] CommonAction.INFO: Input Data : {"decoded":{"sub":"1","id":"1","userName":"super admin","userGroup":"1","email":"superadmin@msense.in","hotelId":"4","brandId":"7","iat":1687961279,"exp":1688047679}}  
[2023-06-28 14:08:00] CommonAction.INFO: ======= END Common Action (getAllSideBarMenu) ================  
