[2023-06-28 10:56:15] ChannelAction.INFO: ======= Start Edit Brand Action ================  
[2023-06-28 10:56:15] ChannelAction.INFO: method : DELETE  
[2023-06-28 10:56:15] ChannelAction.INFO: contentType : application/json  
[2023-06-28 10:56:15] ChannelAction.INFO: Input Data : {"decoded":{"sub":"1","id":"1","userName":"super admin","userGroup":"1","email":"superadmin@msense.in","hotelId":"4","brandId":"7","iat":1687930001,"exp":1688016401}}  
[2023-06-28 10:56:15] ChannelAction.INFO: ======= END Edit Brand Action ================  
[2023-06-28 10:56:15] ChannelAction.INFO: ======= Start Channel Action (List) ================  
[2023-06-28 10:56:15] ChannelAction.INFO: method : POST  
[2023-06-28 10:56:15] ChannelAction.INFO: contentType : application/json  
[2023-06-28 10:56:15] ChannelAction.INFO: Input Data : {"decoded":{"sub":"1","id":"1","userName":"super admin","userGroup":"1","email":"superadmin@msense.in","hotelId":"4","brandId":"7","iat":1687930001,"exp":1688016401}}  
[2023-06-28 10:56:15] ChannelAction.INFO: ======= END Channel Action (List) ================  
[2023-06-28 10:56:21] ChannelAction.INFO: ======= Start Channel Action (UPDATE) ================  
[2023-06-28 10:56:21] ChannelAction.INFO: method : POST  
[2023-06-28 10:56:21] ChannelAction.INFO: Channel id : 160  
[2023-06-28 10:56:21] ChannelAction.INFO: Insert Status : {"msg":"Channel Updated SuccessFully","status":"Success"}  
[2023-06-28 10:56:21] ChannelAction.INFO: ======= END Channel Action (UPDATE) ================  
[2023-06-28 10:56:21] ChannelAction.INFO: ======= Start Channel Action (List) ================  
[2023-06-28 10:56:21] ChannelAction.INFO: method : POST  
[2023-06-28 10:56:21] ChannelAction.INFO: contentType : application/json  
[2023-06-28 10:56:21] ChannelAction.INFO: Input Data : {"decoded":{"sub":"1","id":"1","userName":"super admin","userGroup":"1","email":"superadmin@msense.in","hotelId":"4","brandId":"7","iat":1687930001,"exp":1688016401}}  
[2023-06-28 10:56:21] ChannelAction.INFO: ======= END Channel Action (List) ================  
[2023-06-28 10:56:21] ChannelAction.INFO: ======= Start Channel Action (List) ================  
[2023-06-28 10:56:21] ChannelAction.INFO: method : POST  
[2023-06-28 10:56:21] ChannelAction.INFO: contentType : application/json  
[2023-06-28 10:56:21] ChannelAction.INFO: Input Data : {"decoded":{"sub":"1","id":"1","userName":"super admin","userGroup":"1","email":"superadmin@msense.in","hotelId":"4","brandId":"7","iat":1687930001,"exp":1688016401}}  
[2023-06-28 10:56:21] ChannelAction.INFO: ======= END Channel Action (List) ================  
[2023-06-28 10:57:43] ChannelAction.INFO: ======= Start Edit Brand Action ================  
[2023-06-28 10:57:43] ChannelAction.INFO: method : DELETE  
[2023-06-28 10:57:43] ChannelAction.INFO: contentType : application/json  
[2023-06-28 10:57:43] ChannelAction.INFO: Input Data : {"decoded":{"sub":"1","id":"1","userName":"super admin","userGroup":"1","email":"superadmin@msense.in","hotelId":"4","brandId":"7","iat":1687930001,"exp":1688016401}}  
[2023-06-28 10:57:43] ChannelAction.INFO: ======= END Edit Brand Action ================  
[2023-06-28 10:57:43] ChannelAction.INFO: ======= Start Channel Action (List) ================  
[2023-06-28 10:57:43] ChannelAction.INFO: method : POST  
[2023-06-28 10:57:43] ChannelAction.INFO: contentType : application/json  
[2023-06-28 10:57:43] ChannelAction.INFO: Input Data : {"decoded":{"sub":"1","id":"1","userName":"super admin","userGroup":"1","email":"superadmin@msense.in","hotelId":"4","brandId":"7","iat":1687930001,"exp":1688016401}}  
[2023-06-28 10:57:43] ChannelAction.INFO: ======= END Channel Action (List) ================  
[2023-06-28 10:57:51] ChannelAction.INFO: ======= Start Channel Action (UPDATE) ================  
[2023-06-28 10:57:51] ChannelAction.INFO: method : POST  
[2023-06-28 10:57:51] ChannelAction.INFO: Channel id : 159  
[2023-06-28 10:57:51] ChannelAction.INFO: Insert Status : {"msg":"Channel Updated SuccessFully","status":"Success"}  
[2023-06-28 10:57:51] ChannelAction.INFO: ======= END Channel Action (UPDATE) ================  
[2023-06-28 10:57:51] ChannelAction.INFO: ======= Start Channel Action (List) ================  
[2023-06-28 10:57:51] ChannelAction.INFO: method : POST  
[2023-06-28 10:57:51] ChannelAction.INFO: contentType : application/json  
[2023-06-28 10:57:51] ChannelAction.INFO: Input Data : {"decoded":{"sub":"1","id":"1","userName":"super admin","userGroup":"1","email":"superadmin@msense.in","hotelId":"4","brandId":"7","iat":1687930001,"exp":1688016401}}  
[2023-06-28 10:57:51] ChannelAction.INFO: ======= END Channel Action (List) ================  
[2023-06-28 10:57:51] ChannelAction.INFO: ======= Start Channel Action (List) ================  
[2023-06-28 10:57:51] ChannelAction.INFO: method : POST  
[2023-06-28 10:57:51] ChannelAction.INFO: contentType : application/json  
[2023-06-28 10:57:51] ChannelAction.INFO: Input Data : {"decoded":{"sub":"1","id":"1","userName":"super admin","userGroup":"1","email":"superadmin@msense.in","hotelId":"4","brandId":"7","iat":1687930001,"exp":1688016401}}  
[2023-06-28 10:57:51] ChannelAction.INFO: ======= END Channel Action (List) ================  
[2023-06-28 10:58:02] ChannelAction.INFO: ======= Start Channel Action (List) ================  
[2023-06-28 10:58:02] ChannelAction.INFO: method : POST  
[2023-06-28 10:58:02] ChannelAction.INFO: contentType : application/json  
[2023-06-28 10:58:02] ChannelAction.INFO: Input Data : {"decoded":{"sub":"1","id":"1","userName":"super admin","userGroup":"1","email":"superadmin@msense.in","hotelId":"4","brandId":"7","iat":1687949549,"exp":1688035949}}  
[2023-06-28 10:58:02] ChannelAction.INFO: ======= END Channel Action (List) ================  
[2023-06-28 10:58:11] ChannelAction.INFO: ======= Start Channel Action (UPDATE) ================  
[2023-06-28 10:58:11] ChannelAction.INFO: method : POST  
[2023-06-28 10:58:11] ChannelAction.INFO: Channel id : 159  
[2023-06-28 10:58:11] ChannelAction.INFO: Insert Status : {"msg":"Channel Updated SuccessFully","status":"Success"}  
[2023-06-28 10:58:11] ChannelAction.INFO: ======= END Channel Action (UPDATE) ================  
[2023-06-28 10:58:11] ChannelAction.INFO: ======= Start Channel Action (List) ================  
[2023-06-28 10:58:11] ChannelAction.INFO: method : POST  
[2023-06-28 10:58:11] ChannelAction.INFO: contentType : application/json  
[2023-06-28 10:58:11] ChannelAction.INFO: Input Data : {"decoded":{"sub":"1","id":"1","userName":"super admin","userGroup":"1","email":"superadmin@msense.in","hotelId":"4","brandId":"7","iat":1687949549,"exp":1688035949}}  
[2023-06-28 10:58:11] ChannelAction.INFO: ======= END Channel Action (List) ================  
[2023-06-28 10:58:11] ChannelAction.INFO: ======= Start Channel Action (List) ================  
[2023-06-28 10:58:11] ChannelAction.INFO: method : POST  
[2023-06-28 10:58:11] ChannelAction.INFO: contentType : application/json  
[2023-06-28 10:58:11] ChannelAction.INFO: Input Data : {"decoded":{"sub":"1","id":"1","userName":"super admin","userGroup":"1","email":"superadmin@msense.in","hotelId":"4","brandId":"7","iat":1687949549,"exp":1688035949}}  
[2023-06-28 10:58:11] ChannelAction.INFO: ======= END Channel Action (List) ================  
[2023-06-28 10:59:56] ChannelAction.INFO: ======= Start Channel Action (List) ================  
[2023-06-28 10:59:56] ChannelAction.INFO: method : POST  
[2023-06-28 10:59:56] ChannelAction.INFO: contentType : application/json  
[2023-06-28 10:59:56] ChannelAction.INFO: Input Data : {"decoded":{"sub":"1","id":"1","userName":"super admin","userGroup":"1","email":"superadmin@msense.in","hotelId":"4","brandId":"7","iat":1687949549,"exp":1688035949}}  
[2023-06-28 10:59:56] ChannelAction.INFO: ======= END Channel Action (List) ================  
[2023-06-28 11:00:28] ChannelAction.INFO: ======= Start Channel Action (List) ================  
[2023-06-28 11:00:28] ChannelAction.INFO: method : POST  
[2023-06-28 11:00:28] ChannelAction.INFO: contentType : application/json  
[2023-06-28 11:00:28] ChannelAction.INFO: Input Data : {"decoded":{"sub":"1","id":"1","userName":"super admin","userGroup":"1","email":"superadmin@msense.in","hotelId":"4","brandId":"7","iat":1687949549,"exp":1688035949}}  
[2023-06-28 11:00:28] ChannelAction.INFO: ======= END Channel Action (List) ================  
[2023-06-28 11:02:46] ChannelAction.INFO: ======= Start Channel Action (List) ================  
[2023-06-28 11:02:46] ChannelAction.INFO: method : POST  
[2023-06-28 11:02:46] ChannelAction.INFO: contentType : application/json  
[2023-06-28 11:02:46] ChannelAction.INFO: Input Data : {"decoded":{"sub":"1","id":"1","userName":"super admin","userGroup":"1","email":"superadmin@msense.in","hotelId":"4","brandId":"7","iat":1687949549,"exp":1688035949}}  
[2023-06-28 11:02:46] ChannelAction.INFO: ======= END Channel Action (List) ================  
[2023-06-28 11:04:33] ChannelAction.INFO: ======= Start Channel Action (List) ================  
[2023-06-28 11:04:33] ChannelAction.INFO: method : POST  
[2023-06-28 11:04:33] ChannelAction.INFO: contentType : application/json  
[2023-06-28 11:04:33] ChannelAction.INFO: Input Data : {"decoded":{"sub":"1","id":"1","userName":"super admin","userGroup":"1","email":"superadmin@msense.in","hotelId":"4","brandId":"7","iat":1687949549,"exp":1688035949}}  
[2023-06-28 11:04:33] ChannelAction.INFO: ======= END Channel Action (List) ================  
[2023-06-28 11:05:47] ChannelAction.INFO: ======= Start Channel Action (List) ================  
[2023-06-28 11:05:47] ChannelAction.INFO: method : POST  
[2023-06-28 11:05:47] ChannelAction.INFO: contentType : application/json  
[2023-06-28 11:05:47] ChannelAction.INFO: Input Data : {"decoded":{"sub":"1","id":"1","userName":"super admin","userGroup":"1","email":"superadmin@msense.in","hotelId":"4","brandId":"7","iat":1687949549,"exp":1688035949}}  
[2023-06-28 11:05:48] ChannelAction.INFO: ======= END Channel Action (List) ================  
[2023-06-28 11:07:04] ChannelAction.INFO: ======= Start Channel Action (CREATE) ================  
[2023-06-28 11:07:04] ChannelAction.INFO: method : POST  
[2023-06-28 11:07:04] ChannelAction.INFO: Input Data : {"channelname":["Test","Test2"],"decoded":{"sub":"1","id":"1","userName":"super admin","userGroup":"1","email":"superadmin@msense.in","hotelId":"4","brandId":"7","iat":1687949549,"exp":1688035949}}  
[2023-06-28 11:07:04] ChannelAction.INFO: Insert Status : {"msg":"Channel Added SuccessFully","status":"Success"}  
[2023-06-28 11:07:04] ChannelAction.INFO: ======= END Channel Action (CREATE) ================  
[2023-06-28 11:07:04] ChannelAction.INFO: ======= Start Channel Action (List) ================  
[2023-06-28 11:07:04] ChannelAction.INFO: method : POST  
[2023-06-28 11:07:04] ChannelAction.INFO: contentType : application/json  
[2023-06-28 11:07:04] ChannelAction.INFO: Input Data : {"decoded":{"sub":"1","id":"1","userName":"super admin","userGroup":"1","email":"superadmin@msense.in","hotelId":"4","brandId":"7","iat":1687949549,"exp":1688035949}}  
[2023-06-28 11:07:04] ChannelAction.INFO: ======= END Channel Action (List) ================  
[2023-06-28 11:07:04] ChannelAction.INFO: ======= Start Channel Action (List) ================  
[2023-06-28 11:07:04] ChannelAction.INFO: method : POST  
[2023-06-28 11:07:04] ChannelAction.INFO: contentType : application/json  
[2023-06-28 11:07:04] ChannelAction.INFO: Input Data : {"decoded":{"sub":"1","id":"1","userName":"super admin","userGroup":"1","email":"superadmin@msense.in","hotelId":"4","brandId":"7","iat":1687949549,"exp":1688035949}}  
[2023-06-28 11:07:04] ChannelAction.INFO: ======= END Channel Action (List) ================  
[2023-06-28 11:07:43] ChannelAction.INFO: ======= Start Channel Action (UPDATE) ================  
[2023-06-28 11:07:43] ChannelAction.INFO: method : POST  
[2023-06-28 11:07:43] ChannelAction.INFO: Channel id : 181  
[2023-06-28 11:07:43] ChannelAction.INFO: Insert Status : {"msg":"Channel Updated SuccessFully","status":"Success"}  
[2023-06-28 11:07:43] ChannelAction.INFO: ======= END Channel Action (UPDATE) ================  
[2023-06-28 11:07:43] ChannelAction.INFO: ======= Start Channel Action (List) ================  
[2023-06-28 11:07:43] ChannelAction.INFO: method : POST  
[2023-06-28 11:07:43] ChannelAction.INFO: contentType : application/json  
[2023-06-28 11:07:43] ChannelAction.INFO: Input Data : {"decoded":{"sub":"1","id":"1","userName":"super admin","userGroup":"1","email":"superadmin@msense.in","hotelId":"4","brandId":"7","iat":1687949549,"exp":1688035949}}  
[2023-06-28 11:07:43] ChannelAction.INFO: ======= END Channel Action (List) ================  
[2023-06-28 11:07:43] ChannelAction.INFO: ======= Start Channel Action (List) ================  
[2023-06-28 11:07:43] ChannelAction.INFO: method : POST  
[2023-06-28 11:07:43] ChannelAction.INFO: contentType : application/json  
[2023-06-28 11:07:43] ChannelAction.INFO: Input Data : {"decoded":{"sub":"1","id":"1","userName":"super admin","userGroup":"1","email":"superadmin@msense.in","hotelId":"4","brandId":"7","iat":1687949549,"exp":1688035949}}  
[2023-06-28 11:07:43] ChannelAction.INFO: ======= END Channel Action (List) ================  
[2023-06-28 11:08:06] ChannelAction.INFO: ======= Start Channel Action (List) ================  
[2023-06-28 11:08:06] ChannelAction.INFO: method : POST  
[2023-06-28 11:08:06] ChannelAction.INFO: contentType : application/json  
[2023-06-28 11:08:06] ChannelAction.INFO: Input Data : {"decoded":{"sub":"1","id":"1","userName":"super admin","userGroup":"1","email":"superadmin@msense.in","hotelId":"4","brandId":"7","iat":1687949549,"exp":1688035949}}  
[2023-06-28 11:08:06] ChannelAction.INFO: ======= END Channel Action (List) ================  
[2023-06-28 11:08:46] ChannelAction.INFO: ======= Start Channel Action (List) ================  
[2023-06-28 11:08:46] ChannelAction.INFO: method : POST  
[2023-06-28 11:08:46] ChannelAction.INFO: contentType : application/json  
[2023-06-28 11:08:46] ChannelAction.INFO: Input Data : {"decoded":{"sub":"1","id":"1","userName":"super admin","userGroup":"1","email":"superadmin@msense.in","hotelId":"4","brandId":"7","iat":1687949549,"exp":1688035949}}  
[2023-06-28 11:08:46] ChannelAction.INFO: ======= END Channel Action (List) ================  
[2023-06-28 11:09:15] ChannelAction.INFO: ======= Start Channel Action (List) ================  
[2023-06-28 11:09:15] ChannelAction.INFO: method : POST  
[2023-06-28 11:09:15] ChannelAction.INFO: contentType : application/json  
[2023-06-28 11:09:15] ChannelAction.INFO: Input Data : {"decoded":{"sub":"1","id":"1","userName":"super admin","userGroup":"1","email":"superadmin@msense.in","hotelId":"4","brandId":"7","iat":1687930001,"exp":1688016401}}  
[2023-06-28 11:09:15] ChannelAction.INFO: ======= END Channel Action (List) ================  
[2023-06-28 11:12:21] ChannelAction.INFO: ======= Start Channel Action (List) ================  
[2023-06-28 11:12:21] ChannelAction.INFO: method : POST  
[2023-06-28 11:12:21] ChannelAction.INFO: contentType : application/json  
[2023-06-28 11:12:21] ChannelAction.INFO: Input Data : {"decoded":{"sub":"1","id":"1","userName":"super admin","userGroup":"1","email":"superadmin@msense.in","hotelId":"4","brandId":"7","iat":1687930001,"exp":1688016401}}  
[2023-06-28 11:12:21] ChannelAction.INFO: ======= END Channel Action (List) ================  
[2023-06-28 11:13:04] ChannelAction.INFO: ======= Start Channel Action (List) ================  
[2023-06-28 11:13:04] ChannelAction.INFO: method : POST  
[2023-06-28 11:13:04] ChannelAction.INFO: contentType : application/json  
[2023-06-28 11:13:04] ChannelAction.INFO: Input Data : {"decoded":{"sub":"1","id":"1","userName":"super admin","userGroup":"1","email":"superadmin@msense.in","hotelId":"4","brandId":"7","iat":1687930001,"exp":1688016401}}  
[2023-06-28 11:13:04] ChannelAction.INFO: ======= END Channel Action (List) ================  
[2023-06-28 11:13:39] ChannelAction.INFO: ======= Start Channel Action (List) ================  
[2023-06-28 11:13:39] ChannelAction.INFO: method : POST  
[2023-06-28 11:13:39] ChannelAction.INFO: contentType : application/json  
[2023-06-28 11:13:39] ChannelAction.INFO: Input Data : {"decoded":{"sub":"1","id":"1","userName":"super admin","userGroup":"1","email":"superadmin@msense.in","hotelId":"4","brandId":"7","iat":1687930001,"exp":1688016401}}  
[2023-06-28 11:13:39] ChannelAction.INFO: ======= END Channel Action (List) ================  
[2023-06-28 12:39:23] ChannelAction.INFO: ======= Start Channel Action (List) ================  
[2023-06-28 12:39:23] ChannelAction.INFO: method : POST  
[2023-06-28 12:39:23] ChannelAction.INFO: contentType : application/json  
[2023-06-28 12:39:23] ChannelAction.INFO: Input Data : {"decoded":{"sub":"1","id":"1","userName":"super admin","userGroup":"1","email":"superadmin@msense.in","hotelId":"4","brandId":"7","iat":1687955952,"exp":1688042352}}  
[2023-06-28 12:39:23] ChannelAction.INFO: ======= END Channel Action (List) ================  
[2023-06-28 13:11:06] ChannelAction.INFO: ======= Start Channel Action (List) ================  
[2023-06-28 13:11:06] ChannelAction.INFO: method : POST  
[2023-06-28 13:11:06] ChannelAction.INFO: contentType : application/json  
[2023-06-28 13:11:06] ChannelAction.INFO: Input Data : {"decoded":{"sub":"1","id":"1","userName":"super admin","userGroup":"1","email":"superadmin@msense.in","hotelId":"4","brandId":"7","iat":1687957500,"exp":1688043900}}  
[2023-06-28 13:11:06] ChannelAction.INFO: ======= END Channel Action (List) ================  
[2023-06-28 13:17:02] ChannelAction.INFO: ======= Start Channel Action (List) ================  
[2023-06-28 13:17:02] ChannelAction.INFO: method : POST  
[2023-06-28 13:17:02] ChannelAction.INFO: contentType : application/json  
[2023-06-28 13:17:02] ChannelAction.INFO: Input Data : {"decoded":{"sub":"1","id":"1","userName":"super admin","userGroup":"1","email":"superadmin@msense.in","hotelId":"4","brandId":"7","iat":1687957500,"exp":1688043900}}  
[2023-06-28 13:17:02] ChannelAction.INFO: ======= END Channel Action (List) ================  
[2023-06-28 13:17:07] ChannelAction.INFO: ======= Start Edit Brand Action ================  
[2023-06-28 13:17:07] ChannelAction.INFO: method : DELETE  
[2023-06-28 13:17:07] ChannelAction.INFO: contentType : application/json  
[2023-06-28 13:17:07] ChannelAction.INFO: Input Data : {"decoded":{"sub":"1","id":"1","userName":"super admin","userGroup":"1","email":"superadmin@msense.in","hotelId":"4","brandId":"7","iat":1687957500,"exp":1688043900}}  
[2023-06-28 13:17:07] ChannelAction.INFO: ======= END Edit Brand Action ================  
[2023-06-28 13:17:07] ChannelAction.INFO: ======= Start Channel Action (List) ================  
[2023-06-28 13:17:07] ChannelAction.INFO: method : POST  
[2023-06-28 13:17:07] ChannelAction.INFO: contentType : application/json  
[2023-06-28 13:17:07] ChannelAction.INFO: Input Data : {"decoded":{"sub":"1","id":"1","userName":"super admin","userGroup":"1","email":"superadmin@msense.in","hotelId":"4","brandId":"7","iat":1687957500,"exp":1688043900}}  
[2023-06-28 13:17:07] ChannelAction.INFO: ======= END Channel Action (List) ================  
[2023-06-28 13:17:11] ChannelAction.INFO: ======= Start Channel Action (List) ================  
[2023-06-28 13:17:11] ChannelAction.INFO: method : POST  
[2023-06-28 13:17:11] ChannelAction.INFO: contentType : application/json  
[2023-06-28 13:17:11] ChannelAction.INFO: Input Data : {"decoded":{"sub":"1","id":"1","userName":"super admin","userGroup":"1","email":"superadmin@msense.in","hotelId":"4","brandId":"7","iat":1687957500,"exp":1688043900}}  
[2023-06-28 13:17:11] ChannelAction.INFO: ======= END Channel Action (List) ================  
[2023-06-28 13:46:08] ChannelAction.INFO: ======= Start Channel Action (List) ================  
[2023-06-28 13:46:08] ChannelAction.INFO: method : POST  
[2023-06-28 13:46:08] ChannelAction.INFO: contentType : application/json  
[2023-06-28 13:46:08] ChannelAction.INFO: Input Data : {"decoded":{"sub":"1","id":"1","userName":"super admin","userGroup":"1","email":"superadmin@msense.in","hotelId":"4","brandId":"7","iat":1687955952,"exp":1688042352}}  
[2023-06-28 13:46:08] ChannelAction.INFO: ======= END Channel Action (List) ================  
[2023-06-28 13:46:24] ChannelAction.INFO: ======= Start Channel Action (CREATE) ================  
[2023-06-28 13:46:24] ChannelAction.INFO: method : POST  
[2023-06-28 13:46:24] ChannelAction.INFO: Input Data : {"channelname":["fadsf","fasdfds"],"decoded":{"sub":"1","id":"1","userName":"super admin","userGroup":"1","email":"superadmin@msense.in","hotelId":"4","brandId":"7","iat":1687955952,"exp":1688042352}}  
[2023-06-28 13:46:24] ChannelAction.INFO: Insert Status : {"msg":"Channel Name Already Available","status":"FAILURE"}  
[2023-06-28 13:46:24] ChannelAction.INFO: ======= END Channel Action (CREATE) ================  
[2023-06-28 13:46:29] ChannelAction.INFO: ======= Start Channel Action (CREATE) ================  
[2023-06-28 13:46:29] ChannelAction.INFO: method : POST  
[2023-06-28 13:46:29] ChannelAction.INFO: Input Data : {"channelname":["fasdfdsfdsfds","fasdfds"],"decoded":{"sub":"1","id":"1","userName":"super admin","userGroup":"1","email":"superadmin@msense.in","hotelId":"4","brandId":"7","iat":1687955952,"exp":1688042352}}  
[2023-06-28 13:46:29] ChannelAction.INFO: Insert Status : {"msg":"Channel Name Already Available","status":"FAILURE"}  
[2023-06-28 13:46:29] ChannelAction.INFO: ======= END Channel Action (CREATE) ================  
[2023-06-28 13:46:32] ChannelAction.INFO: ======= Start Channel Action (CREATE) ================  
[2023-06-28 13:46:32] ChannelAction.INFO: method : POST  
[2023-06-28 13:46:32] ChannelAction.INFO: Input Data : {"channelname":["fasdfdsfdsfds","fasdfdsfsadfdsfds"],"decoded":{"sub":"1","id":"1","userName":"super admin","userGroup":"1","email":"superadmin@msense.in","hotelId":"4","brandId":"7","iat":1687955952,"exp":1688042352}}  
[2023-06-28 13:46:32] ChannelAction.INFO: Insert Status : {"msg":"Channel Added SuccessFully","status":"Success"}  
[2023-06-28 13:46:32] ChannelAction.INFO: ======= END Channel Action (CREATE) ================  
[2023-06-28 13:46:32] ChannelAction.INFO: ======= Start Channel Action (List) ================  
[2023-06-28 13:46:32] ChannelAction.INFO: method : POST  
[2023-06-28 13:46:32] ChannelAction.INFO: contentType : application/json  
[2023-06-28 13:46:32] ChannelAction.INFO: Input Data : {"decoded":{"sub":"1","id":"1","userName":"super admin","userGroup":"1","email":"superadmin@msense.in","hotelId":"4","brandId":"7","iat":1687955952,"exp":1688042352}}  
[2023-06-28 13:46:32] ChannelAction.INFO: ======= END Channel Action (List) ================  
[2023-06-28 13:46:33] ChannelAction.INFO: ======= Start Channel Action (List) ================  
[2023-06-28 13:46:33] ChannelAction.INFO: method : POST  
[2023-06-28 13:46:33] ChannelAction.INFO: contentType : application/json  
[2023-06-28 13:46:33] ChannelAction.INFO: Input Data : {"decoded":{"sub":"1","id":"1","userName":"super admin","userGroup":"1","email":"superadmin@msense.in","hotelId":"4","brandId":"7","iat":1687955952,"exp":1688042352}}  
[2023-06-28 13:46:33] ChannelAction.INFO: ======= END Channel Action (List) ================  
[2023-06-28 13:46:41] ChannelAction.INFO: ======= Start Channel Action (UPDATE) ================  
[2023-06-28 13:46:41] ChannelAction.INFO: method : POST  
[2023-06-28 13:46:41] ChannelAction.INFO: Channel id : 184  
[2023-06-28 13:46:41] ChannelAction.INFO: Insert Status : {"msg":"Channel Updated SuccessFully","status":"Success"}  
[2023-06-28 13:46:41] ChannelAction.INFO: ======= END Channel Action (UPDATE) ================  
[2023-06-28 13:46:41] ChannelAction.INFO: ======= Start Channel Action (List) ================  
[2023-06-28 13:46:41] ChannelAction.INFO: method : POST  
[2023-06-28 13:46:41] ChannelAction.INFO: contentType : application/json  
[2023-06-28 13:46:41] ChannelAction.INFO: Input Data : {"decoded":{"sub":"1","id":"1","userName":"super admin","userGroup":"1","email":"superadmin@msense.in","hotelId":"4","brandId":"7","iat":1687955952,"exp":1688042352}}  
[2023-06-28 13:46:41] ChannelAction.INFO: ======= END Channel Action (List) ================  
[2023-06-28 13:46:42] ChannelAction.INFO: ======= Start Channel Action (List) ================  
[2023-06-28 13:46:42] ChannelAction.INFO: method : POST  
[2023-06-28 13:46:42] ChannelAction.INFO: contentType : application/json  
[2023-06-28 13:46:42] ChannelAction.INFO: Input Data : {"decoded":{"sub":"1","id":"1","userName":"super admin","userGroup":"1","email":"superadmin@msense.in","hotelId":"4","brandId":"7","iat":1687955952,"exp":1688042352}}  
[2023-06-28 13:46:42] ChannelAction.INFO: ======= END Channel Action (List) ================  
[2023-06-28 13:46:46] ChannelAction.INFO: ======= Start Edit Brand Action ================  
[2023-06-28 13:46:46] ChannelAction.INFO: method : DELETE  
[2023-06-28 13:46:46] ChannelAction.INFO: contentType : application/json  
[2023-06-28 13:46:46] ChannelAction.INFO: Input Data : {"decoded":{"sub":"1","id":"1","userName":"super admin","userGroup":"1","email":"superadmin@msense.in","hotelId":"4","brandId":"7","iat":1687955952,"exp":1688042352}}  
[2023-06-28 13:46:46] ChannelAction.INFO: ======= END Edit Brand Action ================  
[2023-06-28 13:46:46] ChannelAction.INFO: ======= Start Channel Action (List) ================  
[2023-06-28 13:46:46] ChannelAction.INFO: method : POST  
[2023-06-28 13:46:46] ChannelAction.INFO: contentType : application/json  
[2023-06-28 13:46:46] ChannelAction.INFO: Input Data : {"decoded":{"sub":"1","id":"1","userName":"super admin","userGroup":"1","email":"superadmin@msense.in","hotelId":"4","brandId":"7","iat":1687955952,"exp":1688042352}}  
[2023-06-28 13:46:46] ChannelAction.INFO: ======= END Channel Action (List) ================  
[2023-06-28 13:46:49] ChannelAction.INFO: ======= Start Edit Brand Action ================  
[2023-06-28 13:46:49] ChannelAction.INFO: method : DELETE  
[2023-06-28 13:46:49] ChannelAction.INFO: contentType : application/json  
[2023-06-28 13:46:49] ChannelAction.INFO: Input Data : {"decoded":{"sub":"1","id":"1","userName":"super admin","userGroup":"1","email":"superadmin@msense.in","hotelId":"4","brandId":"7","iat":1687955952,"exp":1688042352}}  
[2023-06-28 13:46:49] ChannelAction.INFO: ======= END Edit Brand Action ================  
[2023-06-28 13:46:49] ChannelAction.INFO: ======= Start Channel Action (List) ================  
[2023-06-28 13:46:49] ChannelAction.INFO: method : POST  
[2023-06-28 13:46:49] ChannelAction.INFO: contentType : application/json  
[2023-06-28 13:46:49] ChannelAction.INFO: Input Data : {"decoded":{"sub":"1","id":"1","userName":"super admin","userGroup":"1","email":"superadmin@msense.in","hotelId":"4","brandId":"7","iat":1687955952,"exp":1688042352}}  
[2023-06-28 13:46:49] ChannelAction.INFO: ======= END Channel Action (List) ================  
[2023-06-28 13:46:52] ChannelAction.INFO: ======= Start Edit Brand Action ================  
[2023-06-28 13:46:52] ChannelAction.INFO: method : DELETE  
[2023-06-28 13:46:52] ChannelAction.INFO: contentType : application/json  
[2023-06-28 13:46:52] ChannelAction.INFO: Input Data : {"decoded":{"sub":"1","id":"1","userName":"super admin","userGroup":"1","email":"superadmin@msense.in","hotelId":"4","brandId":"7","iat":1687955952,"exp":1688042352}}  
[2023-06-28 13:46:52] ChannelAction.INFO: ======= END Edit Brand Action ================  
[2023-06-28 13:46:52] ChannelAction.INFO: ======= Start Channel Action (List) ================  
[2023-06-28 13:46:52] ChannelAction.INFO: method : POST  
[2023-06-28 13:46:52] ChannelAction.INFO: contentType : application/json  
[2023-06-28 13:46:52] ChannelAction.INFO: Input Data : {"decoded":{"sub":"1","id":"1","userName":"super admin","userGroup":"1","email":"superadmin@msense.in","hotelId":"4","brandId":"7","iat":1687955952,"exp":1688042352}}  
[2023-06-28 13:46:52] ChannelAction.INFO: ======= END Channel Action (List) ================  
