[2023-06-28 11:20:14] HotelAction.INFO: ======= Start Hotel Action (List) ================  
[2023-06-28 11:20:14] HotelAction.INFO: method : POST  
[2023-06-28 11:20:14] HotelAction.INFO: contentType : application/json  
[2023-06-28 11:20:14] HotelAction.INFO: Input Data : {"decoded":{"sub":"1","id":"1","userName":"super admin","userGroup":"1","email":"superadmin@msense.in","hotelId":"4","brandId":"7","iat":1687951210,"exp":1688037610}}  
[2023-06-28 11:20:14] HotelAction.INFO: ======= END Hotel Action (List) ================  
[2023-06-28 11:20:29] HotelAction.INFO: ======= Start Hotel Action (List) ================  
[2023-06-28 11:20:29] HotelAction.INFO: method : POST  
[2023-06-28 11:20:29] HotelAction.INFO: contentType : application/json  
[2023-06-28 11:20:29] HotelAction.INFO: Input Data : {"decoded":{"sub":"1","id":"1","userName":"super admin","userGroup":"1","email":"superadmin@msense.in","hotelId":"4","brandId":"7","iat":1687951210,"exp":1688037610}}  
[2023-06-28 11:20:29] HotelAction.INFO: ======= END Hotel Action (List) ================  
[2023-06-28 11:21:41] HotelAction.INFO: ======= Start Hotel Action (List) ================  
[2023-06-28 11:21:41] HotelAction.INFO: method : POST  
[2023-06-28 11:21:41] HotelAction.INFO: contentType : application/json  
[2023-06-28 11:21:41] HotelAction.INFO: Input Data : {"decoded":{"sub":"1","id":"1","userName":"super admin","userGroup":"1","email":"superadmin@msense.in","hotelId":"4","brandId":"7","iat":1687951210,"exp":1688037610}}  
[2023-06-28 11:21:42] HotelAction.INFO: ======= END Hotel Action (List) ================  
[2023-06-28 11:21:54] HotelAction.INFO: ======= Start Hotel Action (List) ================  
[2023-06-28 11:21:54] HotelAction.INFO: method : POST  
[2023-06-28 11:21:54] HotelAction.INFO: contentType : application/json  
[2023-06-28 11:21:54] HotelAction.INFO: Input Data : {"decoded":{"sub":"1","id":"1","userName":"super admin","userGroup":"1","email":"superadmin@msense.in","hotelId":"4","brandId":"7","iat":1687951210,"exp":1688037610}}  
[2023-06-28 11:21:54] HotelAction.INFO: ======= END Hotel Action (List) ================  
[2023-06-28 11:22:02] HotelAction.INFO: ======= Start Hotel Action (List) ================  
[2023-06-28 11:22:02] HotelAction.INFO: method : POST  
[2023-06-28 11:22:02] HotelAction.INFO: contentType : application/json  
[2023-06-28 11:22:02] HotelAction.INFO: Input Data : {"decoded":{"sub":"1","id":"1","userName":"super admin","userGroup":"1","email":"superadmin@msense.in","hotelId":"4","brandId":"7","iat":1687951210,"exp":1688037610}}  
[2023-06-28 11:22:02] HotelAction.INFO: ======= END Hotel Action (List) ================  
[2023-06-28 11:22:27] HotelAction.INFO: ======= Start Hotel Action (List) ================  
[2023-06-28 11:22:27] HotelAction.INFO: method : POST  
[2023-06-28 11:22:27] HotelAction.INFO: contentType : application/json  
[2023-06-28 11:22:27] HotelAction.INFO: Input Data : {"decoded":{"sub":"1","id":"1","userName":"super admin","userGroup":"1","email":"superadmin@msense.in","hotelId":"4","brandId":"7","iat":1687951210,"exp":1688037610}}  
[2023-06-28 11:22:27] HotelAction.INFO: ======= END Hotel Action (List) ================  
[2023-06-28 11:22:52] HotelAction.INFO: ======= Start Hotel Action (List) ================  
[2023-06-28 11:22:52] HotelAction.INFO: method : POST  
[2023-06-28 11:22:52] HotelAction.INFO: contentType : application/json  
[2023-06-28 11:22:52] HotelAction.INFO: Input Data : {"decoded":{"sub":"1","id":"1","userName":"super admin","userGroup":"1","email":"superadmin@msense.in","hotelId":"4","brandId":"7","iat":1687951210,"exp":1688037610}}  
[2023-06-28 11:22:52] HotelAction.INFO: ======= END Hotel Action (List) ================  
[2023-06-28 11:23:28] HotelAction.INFO: ======= Start Hotel Action (List) ================  
[2023-06-28 11:23:28] HotelAction.INFO: method : POST  
[2023-06-28 11:23:28] HotelAction.INFO: contentType : application/json  
[2023-06-28 11:23:28] HotelAction.INFO: Input Data : {"decoded":{"sub":"1","id":"1","userName":"super admin","userGroup":"1","email":"superadmin@msense.in","hotelId":"4","brandId":"7","iat":1687951210,"exp":1688037610}}  
[2023-06-28 11:23:28] HotelAction.INFO: ======= END Hotel Action (List) ================  
[2023-06-28 11:24:17] HotelAction.INFO: ======= Start Hotel Action (List) ================  
[2023-06-28 11:24:17] HotelAction.INFO: method : POST  
[2023-06-28 11:24:17] HotelAction.INFO: contentType : application/json  
[2023-06-28 11:24:17] HotelAction.INFO: Input Data : {"decoded":{"sub":"1","id":"1","userName":"super admin","userGroup":"1","email":"superadmin@msense.in","hotelId":"4","brandId":"7","iat":1687951210,"exp":1688037610}}  
[2023-06-28 11:24:17] HotelAction.INFO: ======= END Hotel Action (List) ================  
[2023-06-28 11:24:28] HotelAction.INFO: ======= Start Hotel Action (List) ================  
[2023-06-28 11:24:28] HotelAction.INFO: method : POST  
[2023-06-28 11:24:28] HotelAction.INFO: contentType : application/json  
[2023-06-28 11:24:28] HotelAction.INFO: Input Data : {"decoded":{"sub":"1","id":"1","userName":"super admin","userGroup":"1","email":"superadmin@msense.in","hotelId":"4","brandId":"7","iat":1687951210,"exp":1688037610}}  
[2023-06-28 11:24:28] HotelAction.INFO: ======= END Hotel Action (List) ================  
[2023-06-28 11:24:48] HotelAction.INFO: ======= Start Hotel Action (List) ================  
[2023-06-28 11:24:48] HotelAction.INFO: method : POST  
[2023-06-28 11:24:48] HotelAction.INFO: contentType : application/json  
[2023-06-28 11:24:48] HotelAction.INFO: Input Data : {"decoded":{"sub":"1","id":"1","userName":"super admin","userGroup":"1","email":"superadmin@msense.in","hotelId":"4","brandId":"7","iat":1687951210,"exp":1688037610}}  
[2023-06-28 11:24:48] HotelAction.INFO: ======= END Hotel Action (List) ================  
[2023-06-28 11:25:54] HotelAction.INFO: ======= Start Hotel Action (List) ================  
[2023-06-28 11:25:54] HotelAction.INFO: method : POST  
[2023-06-28 11:25:54] HotelAction.INFO: contentType : application/json  
[2023-06-28 11:25:54] HotelAction.INFO: Input Data : {"decoded":{"sub":"1","id":"1","userName":"super admin","userGroup":"1","email":"superadmin@msense.in","hotelId":"4","brandId":"7","iat":1687951550,"exp":1688037950}}  
[2023-06-28 11:25:54] HotelAction.INFO: ======= END Hotel Action (List) ================  
[2023-06-28 11:26:05] HotelAction.INFO: ======= Start Hotel Action (List) ================  
[2023-06-28 11:26:05] HotelAction.INFO: method : POST  
[2023-06-28 11:26:05] HotelAction.INFO: contentType : application/json  
[2023-06-28 11:26:05] HotelAction.INFO: Input Data : {"decoded":{"sub":"1","id":"1","userName":"super admin","userGroup":"1","email":"superadmin@msense.in","hotelId":"4","brandId":"7","iat":1687951550,"exp":1688037950}}  
[2023-06-28 11:26:05] HotelAction.INFO: ======= END Hotel Action (List) ================  
[2023-06-28 11:26:53] HotelAction.INFO: ======= Start Hotel Action (List) ================  
[2023-06-28 11:26:53] HotelAction.INFO: method : POST  
[2023-06-28 11:26:53] HotelAction.INFO: contentType : application/json  
[2023-06-28 11:26:53] HotelAction.INFO: Input Data : {"decoded":{"sub":"1","id":"1","userName":"super admin","userGroup":"1","email":"superadmin@msense.in","hotelId":"4","brandId":"7","iat":1687951550,"exp":1688037950}}  
[2023-06-28 11:26:53] HotelAction.INFO: ======= END Hotel Action (List) ================  
[2023-06-28 11:27:18] HotelAction.INFO: ======= Start Hotel Action (List) ================  
[2023-06-28 11:27:18] HotelAction.INFO: method : POST  
[2023-06-28 11:27:18] HotelAction.INFO: contentType : application/json  
[2023-06-28 11:27:18] HotelAction.INFO: Input Data : {"decoded":{"sub":"1","id":"1","userName":"super admin","userGroup":"1","email":"superadmin@msense.in","hotelId":"4","brandId":"7","iat":1687951550,"exp":1688037950}}  
[2023-06-28 11:27:18] HotelAction.INFO: ======= END Hotel Action (List) ================  
[2023-06-28 11:28:01] HotelAction.INFO: ======= Start Hotel Action (List) ================  
[2023-06-28 11:28:01] HotelAction.INFO: method : POST  
[2023-06-28 11:28:01] HotelAction.INFO: contentType : application/json  
[2023-06-28 11:28:01] HotelAction.INFO: Input Data : {"decoded":{"sub":"1","id":"1","userName":"super admin","userGroup":"1","email":"superadmin@msense.in","hotelId":"4","brandId":"7","iat":1687951550,"exp":1688037950}}  
[2023-06-28 11:28:01] HotelAction.INFO: ======= END Hotel Action (List) ================  
[2023-06-28 11:29:26] HotelAction.INFO: ======= Start Hotel Action (List) ================  
[2023-06-28 11:29:26] HotelAction.INFO: method : POST  
[2023-06-28 11:29:26] HotelAction.INFO: contentType : application/json  
[2023-06-28 11:29:26] HotelAction.INFO: Input Data : {"decoded":{"sub":"1","id":"1","userName":"super admin","userGroup":"1","email":"superadmin@msense.in","hotelId":"4","brandId":"7","iat":1687951762,"exp":1688038162}}  
[2023-06-28 11:29:26] HotelAction.INFO: ======= END Hotel Action (List) ================  
[2023-06-28 11:29:37] HotelAction.INFO: ======= Start Hotel Action (List) ================  
[2023-06-28 11:29:37] HotelAction.INFO: method : POST  
[2023-06-28 11:29:37] HotelAction.INFO: contentType : application/json  
[2023-06-28 11:29:37] HotelAction.INFO: Input Data : {"decoded":{"sub":"1","id":"1","userName":"super admin","userGroup":"1","email":"superadmin@msense.in","hotelId":"4","brandId":"7","iat":1687951762,"exp":1688038162}}  
[2023-06-28 11:29:37] HotelAction.INFO: ======= END Hotel Action (List) ================  
[2023-06-28 11:31:00] HotelAction.INFO: ======= Start Hotel Action (List) ================  
[2023-06-28 11:31:00] HotelAction.INFO: method : POST  
[2023-06-28 11:31:00] HotelAction.INFO: contentType : application/json  
[2023-06-28 11:31:00] HotelAction.INFO: Input Data : {"decoded":{"sub":"1","id":"1","userName":"super admin","userGroup":"1","email":"superadmin@msense.in","hotelId":"4","brandId":"7","iat":1687951762,"exp":1688038162}}  
[2023-06-28 11:31:00] HotelAction.INFO: ======= END Hotel Action (List) ================  
[2023-06-28 11:31:11] HotelAction.INFO: ======= Start Hotel Action (List) ================  
[2023-06-28 11:31:11] HotelAction.INFO: method : POST  
[2023-06-28 11:31:11] HotelAction.INFO: contentType : application/json  
[2023-06-28 11:31:11] HotelAction.INFO: Input Data : {"decoded":{"sub":"1","id":"1","userName":"super admin","userGroup":"1","email":"superadmin@msense.in","hotelId":"4","brandId":"7","iat":1687951762,"exp":1688038162}}  
[2023-06-28 11:31:11] HotelAction.INFO: ======= END Hotel Action (List) ================  
[2023-06-28 11:35:26] HotelAction.INFO: ======= Start Hotel Action (List) ================  
[2023-06-28 11:35:26] HotelAction.INFO: method : POST  
[2023-06-28 11:35:26] HotelAction.INFO: contentType : application/json  
[2023-06-28 11:35:26] HotelAction.INFO: Input Data : {"decoded":{"sub":"1","id":"1","userName":"super admin","userGroup":"1","email":"superadmin@msense.in","hotelId":"4","brandId":"7","iat":1687951762,"exp":1688038162}}  
[2023-06-28 11:35:26] HotelAction.INFO: ======= END Hotel Action (List) ================  
[2023-06-28 11:35:49] HotelAction.INFO: ======= Start Hotel Action (List) ================  
[2023-06-28 11:35:49] HotelAction.INFO: method : POST  
[2023-06-28 11:35:49] HotelAction.INFO: contentType : application/json  
[2023-06-28 11:35:49] HotelAction.INFO: Input Data : {"decoded":{"sub":"1","id":"1","userName":"super admin","userGroup":"1","email":"superadmin@msense.in","hotelId":"4","brandId":"7","iat":1687951762,"exp":1688038162}}  
[2023-06-28 11:35:49] HotelAction.INFO: ======= END Hotel Action (List) ================  
[2023-06-28 11:36:14] HotelAction.INFO: ======= Start Hotel Action (List) ================  
[2023-06-28 11:36:14] HotelAction.INFO: method : POST  
[2023-06-28 11:36:14] HotelAction.INFO: contentType : application/json  
[2023-06-28 11:36:14] HotelAction.INFO: Input Data : {"decoded":{"sub":"1","id":"1","userName":"super admin","userGroup":"1","email":"superadmin@msense.in","hotelId":"4","brandId":"7","iat":1687951762,"exp":1688038162}}  
[2023-06-28 11:36:14] HotelAction.INFO: ======= END Hotel Action (List) ================  
[2023-06-28 11:37:51] HotelAction.INFO: ======= Start Hotel Action (List) ================  
[2023-06-28 11:37:51] HotelAction.INFO: method : POST  
[2023-06-28 11:37:51] HotelAction.INFO: contentType : application/json  
[2023-06-28 11:37:51] HotelAction.INFO: Input Data : {"decoded":{"sub":"1","id":"1","userName":"super admin","userGroup":"1","email":"superadmin@msense.in","hotelId":"4","brandId":"7","iat":1687951762,"exp":1688038162}}  
[2023-06-28 11:37:51] HotelAction.INFO: ======= END Hotel Action (List) ================  
[2023-06-28 11:38:11] HotelAction.INFO: ======= Start Hotel Action (List) ================  
[2023-06-28 11:38:11] HotelAction.INFO: method : POST  
[2023-06-28 11:38:11] HotelAction.INFO: contentType : application/json  
[2023-06-28 11:38:11] HotelAction.INFO: Input Data : {"decoded":{"sub":"1","id":"1","userName":"super admin","userGroup":"1","email":"superadmin@msense.in","hotelId":"4","brandId":"7","iat":1687951762,"exp":1688038162}}  
[2023-06-28 11:38:11] HotelAction.INFO: ======= END Hotel Action (List) ================  
[2023-06-28 11:38:14] HotelAction.INFO: ======= Start Hotel Action (List) ================  
[2023-06-28 11:38:14] HotelAction.INFO: method : POST  
[2023-06-28 11:38:14] HotelAction.INFO: contentType : application/json  
[2023-06-28 11:38:14] HotelAction.INFO: Input Data : {"decoded":{"sub":"1","id":"1","userName":"super admin","userGroup":"1","email":"superadmin@msense.in","hotelId":"4","brandId":"7","iat":1687951762,"exp":1688038162}}  
[2023-06-28 11:38:14] HotelAction.INFO: ======= END Hotel Action (List) ================  
[2023-06-28 11:38:20] HotelAction.INFO: ======= Start Hotel Action (List) ================  
[2023-06-28 11:38:20] HotelAction.INFO: method : POST  
[2023-06-28 11:38:20] HotelAction.INFO: contentType : application/json  
[2023-06-28 11:38:20] HotelAction.INFO: Input Data : {"decoded":{"sub":"1","id":"1","userName":"super admin","userGroup":"1","email":"superadmin@msense.in","hotelId":"4","brandId":"7","iat":1687951762,"exp":1688038162}}  
[2023-06-28 11:38:20] HotelAction.INFO: ======= END Hotel Action (List) ================  
[2023-06-28 11:40:27] HotelAction.INFO: ======= Start Hotel Action (List) ================  
[2023-06-28 11:40:27] HotelAction.INFO: method : POST  
[2023-06-28 11:40:27] HotelAction.INFO: contentType : application/json  
[2023-06-28 11:40:27] HotelAction.INFO: Input Data : {"decoded":{"sub":"1","id":"1","userName":"super admin","userGroup":"1","email":"superadmin@msense.in","hotelId":"4","brandId":"7","iat":1687951762,"exp":1688038162}}  
[2023-06-28 11:40:27] HotelAction.INFO: ======= END Hotel Action (List) ================  
[2023-06-28 11:41:47] HotelAction.INFO: ======= Start Hotel Action (List) ================  
[2023-06-28 11:41:47] HotelAction.INFO: method : POST  
[2023-06-28 11:41:47] HotelAction.INFO: contentType : application/json  
[2023-06-28 11:41:47] HotelAction.INFO: Input Data : {"decoded":{"sub":"1","id":"1","userName":"super admin","userGroup":"1","email":"superadmin@msense.in","hotelId":"4","brandId":"7","iat":1687951762,"exp":1688038162}}  
[2023-06-28 11:41:47] HotelAction.INFO: ======= END Hotel Action (List) ================  
[2023-06-28 11:42:04] HotelAction.INFO: ======= Start Hotel Action (List) ================  
[2023-06-28 11:42:04] HotelAction.INFO: method : POST  
[2023-06-28 11:42:04] HotelAction.INFO: contentType : application/json  
[2023-06-28 11:42:04] HotelAction.INFO: Input Data : {"decoded":{"sub":"1","id":"1","userName":"super admin","userGroup":"1","email":"superadmin@msense.in","hotelId":"4","brandId":"7","iat":1687951762,"exp":1688038162}}  
[2023-06-28 11:42:04] HotelAction.INFO: ======= END Hotel Action (List) ================  
[2023-06-28 11:43:11] HotelAction.INFO: ======= Start Hotel Action (List) ================  
[2023-06-28 11:43:11] HotelAction.INFO: method : POST  
[2023-06-28 11:43:11] HotelAction.INFO: contentType : application/json  
[2023-06-28 11:43:11] HotelAction.INFO: Input Data : {"decoded":{"sub":"1","id":"1","userName":"super admin","userGroup":"1","email":"superadmin@msense.in","hotelId":"4","brandId":"7","iat":1687951762,"exp":1688038162}}  
[2023-06-28 11:43:11] HotelAction.INFO: ======= END Hotel Action (List) ================  
[2023-06-28 11:46:55] HotelAction.INFO: ======= Start Hotel Action (List) ================  
[2023-06-28 11:46:55] HotelAction.INFO: method : POST  
[2023-06-28 11:46:55] HotelAction.INFO: contentType : application/json  
[2023-06-28 11:46:55] HotelAction.INFO: Input Data : {"decoded":{"sub":"1","id":"1","userName":"super admin","userGroup":"1","email":"superadmin@msense.in","hotelId":"4","brandId":"7","iat":1687951762,"exp":1688038162}}  
[2023-06-28 11:46:55] HotelAction.INFO: ======= END Hotel Action (List) ================  
[2023-06-28 12:03:39] HotelAction.INFO: ======= Start Hotel Action (List) ================  
[2023-06-28 12:03:39] HotelAction.INFO: method : POST  
[2023-06-28 12:03:39] HotelAction.INFO: contentType : application/json  
[2023-06-28 12:03:39] HotelAction.INFO: Input Data : {"decoded":{"sub":"1","id":"1","userName":"super admin","userGroup":"1","email":"superadmin@msense.in","hotelId":"4","brandId":"7","iat":1687930001,"exp":1688016401}}  
[2023-06-28 12:03:39] HotelAction.INFO: ======= END Hotel Action (List) ================  
[2023-06-28 12:04:53] HotelAction.INFO: ======= Start Hotel Action (List) ================  
[2023-06-28 12:04:53] HotelAction.INFO: method : POST  
[2023-06-28 12:04:53] HotelAction.INFO: contentType : application/json  
[2023-06-28 12:04:53] HotelAction.INFO: Input Data : {"decoded":{"sub":"1","id":"1","userName":"super admin","userGroup":"1","email":"superadmin@msense.in","hotelId":"4","brandId":"7","iat":1687930001,"exp":1688016401}}  
[2023-06-28 12:04:53] HotelAction.INFO: ======= END Hotel Action (List) ================  
[2023-06-28 12:30:00] HotelAction.INFO: ======= Start Hotel Action (List) ================  
[2023-06-28 12:30:00] HotelAction.INFO: method : POST  
[2023-06-28 12:30:00] HotelAction.INFO: contentType : application/json  
[2023-06-28 12:30:00] HotelAction.INFO: Input Data : {"decoded":{"sub":"1","id":"1","userName":"super admin","userGroup":"1","email":"superadmin@msense.in","hotelId":"4","brandId":"7","iat":1687930001,"exp":1688016401}}  
[2023-06-28 12:30:00] HotelAction.INFO: ======= END Hotel Action (List) ================  
[2023-06-28 12:30:10] HotelAction.INFO: ======= Start Hotel Action (List) ================  
[2023-06-28 12:30:10] HotelAction.INFO: method : POST  
[2023-06-28 12:30:10] HotelAction.INFO: contentType : application/json  
[2023-06-28 12:30:10] HotelAction.INFO: Input Data : {"decoded":{"sub":"1","id":"1","userName":"super admin","userGroup":"1","email":"superadmin@msense.in","hotelId":"4","brandId":"7","iat":1687930001,"exp":1688016401}}  
[2023-06-28 12:30:10] HotelAction.INFO: ======= END Hotel Action (List) ================  
[2023-06-28 12:39:26] HotelAction.INFO: ======= Start Hotel Action (List) ================  
[2023-06-28 12:39:26] HotelAction.INFO: method : POST  
[2023-06-28 12:39:26] HotelAction.INFO: contentType : application/json  
[2023-06-28 12:39:26] HotelAction.INFO: Input Data : {"decoded":{"sub":"1","id":"1","userName":"super admin","userGroup":"1","email":"superadmin@msense.in","hotelId":"4","brandId":"7","iat":1687955952,"exp":1688042352}}  
[2023-06-28 12:39:26] HotelAction.INFO: ======= END Hotel Action (List) ================  
[2023-06-28 13:05:03] HotelAction.INFO: ======= Start Hotel Action (List) ================  
[2023-06-28 13:05:03] HotelAction.INFO: method : POST  
[2023-06-28 13:05:03] HotelAction.INFO: contentType : application/json  
[2023-06-28 13:05:03] HotelAction.INFO: Input Data : {"decoded":{"sub":"1","id":"1","userName":"super admin","userGroup":"1","email":"superadmin@msense.in","hotelId":"4","brandId":"7","iat":1687957500,"exp":1688043900}}  
[2023-06-28 13:05:03] HotelAction.INFO: ======= END Hotel Action (List) ================  
[2023-06-28 13:05:08] HotelAction.INFO: ======= Start Hotel Action (List) ================  
[2023-06-28 13:05:08] HotelAction.INFO: method : POST  
[2023-06-28 13:05:08] HotelAction.INFO: contentType : application/json  
[2023-06-28 13:05:08] HotelAction.INFO: Input Data : {"decoded":{"sub":"1","id":"1","userName":"super admin","userGroup":"1","email":"superadmin@msense.in","hotelId":"4","brandId":"7","iat":1687957500,"exp":1688043900}}  
[2023-06-28 13:05:08] HotelAction.INFO: ======= END Hotel Action (List) ================  
[2023-06-28 13:05:11] HotelAction.INFO: ======= Start Hotel Action (List) ================  
[2023-06-28 13:05:11] HotelAction.INFO: method : POST  
[2023-06-28 13:05:11] HotelAction.INFO: contentType : application/json  
[2023-06-28 13:05:11] HotelAction.INFO: Input Data : {"decoded":{"sub":"1","id":"1","userName":"super admin","userGroup":"1","email":"superadmin@msense.in","hotelId":"4","brandId":"7","iat":1687957500,"exp":1688043900}}  
[2023-06-28 13:05:11] HotelAction.INFO: ======= END Hotel Action (List) ================  
[2023-06-28 13:05:39] HotelAction.INFO: ======= Start Hotel Action (List) ================  
[2023-06-28 13:05:39] HotelAction.INFO: method : POST  
[2023-06-28 13:05:39] HotelAction.INFO: contentType : application/json  
[2023-06-28 13:05:39] HotelAction.INFO: Input Data : {"decoded":{"sub":"1","id":"1","userName":"super admin","userGroup":"1","email":"superadmin@msense.in","hotelId":"4","brandId":"7","iat":1687957500,"exp":1688043900}}  
[2023-06-28 13:05:39] HotelAction.INFO: ======= END Hotel Action (List) ================  
[2023-06-28 13:05:48] HotelAction.INFO: ======= Start Hotel Action (List) ================  
[2023-06-28 13:05:48] HotelAction.INFO: method : POST  
[2023-06-28 13:05:48] HotelAction.INFO: contentType : application/json  
[2023-06-28 13:05:48] HotelAction.INFO: Input Data : {"decoded":{"sub":"1","id":"1","userName":"super admin","userGroup":"1","email":"superadmin@msense.in","hotelId":"4","brandId":"7","iat":1687957500,"exp":1688043900}}  
[2023-06-28 13:05:48] HotelAction.INFO: ======= END Hotel Action (List) ================  
[2023-06-28 13:05:54] HotelAction.INFO: ======= Start Hotel Action (List) ================  
[2023-06-28 13:05:54] HotelAction.INFO: method : POST  
[2023-06-28 13:05:54] HotelAction.INFO: contentType : application/json  
[2023-06-28 13:05:54] HotelAction.INFO: Input Data : {"decoded":{"sub":"1","id":"1","userName":"super admin","userGroup":"1","email":"superadmin@msense.in","hotelId":"4","brandId":"7","iat":1687957500,"exp":1688043900}}  
[2023-06-28 13:05:54] HotelAction.INFO: ======= END Hotel Action (List) ================  
[2023-06-28 13:06:01] HotelAction.INFO: ======= Start Hotel Action (List) ================  
[2023-06-28 13:06:01] HotelAction.INFO: method : POST  
[2023-06-28 13:06:01] HotelAction.INFO: contentType : application/json  
[2023-06-28 13:06:01] HotelAction.INFO: Input Data : {"decoded":{"sub":"1","id":"1","userName":"super admin","userGroup":"1","email":"superadmin@msense.in","hotelId":"4","brandId":"7","iat":1687957500,"exp":1688043900}}  
[2023-06-28 13:06:01] HotelAction.INFO: ======= END Hotel Action (List) ================  
[2023-06-28 13:06:10] HotelAction.INFO: ======= Start Hotel Action (List) ================  
[2023-06-28 13:06:10] HotelAction.INFO: method : POST  
[2023-06-28 13:06:10] HotelAction.INFO: contentType : application/json  
[2023-06-28 13:06:10] HotelAction.INFO: Input Data : {"decoded":{"sub":"1","id":"1","userName":"super admin","userGroup":"1","email":"superadmin@msense.in","hotelId":"4","brandId":"7","iat":1687957500,"exp":1688043900}}  
[2023-06-28 13:06:10] HotelAction.INFO: ======= END Hotel Action (List) ================  
[2023-06-28 13:06:40] HotelAction.INFO: ======= Start Hotel Action (List) ================  
[2023-06-28 13:06:40] HotelAction.INFO: method : POST  
[2023-06-28 13:06:40] HotelAction.INFO: contentType : application/json  
[2023-06-28 13:06:40] HotelAction.INFO: Input Data : {"decoded":{"sub":"1","id":"1","userName":"super admin","userGroup":"1","email":"superadmin@msense.in","hotelId":"4","brandId":"7","iat":1687957500,"exp":1688043900}}  
[2023-06-28 13:06:40] HotelAction.INFO: ======= END Hotel Action (List) ================  
[2023-06-28 13:08:21] HotelAction.INFO: ======= Start Hotel Action (List) ================  
[2023-06-28 13:08:21] HotelAction.INFO: method : POST  
[2023-06-28 13:08:21] HotelAction.INFO: contentType : application/json  
[2023-06-28 13:08:21] HotelAction.INFO: Input Data : {"decoded":{"sub":"1","id":"1","userName":"super admin","userGroup":"1","email":"superadmin@msense.in","hotelId":"4","brandId":"7","iat":1687957500,"exp":1688043900}}  
[2023-06-28 13:08:21] HotelAction.INFO: ======= END Hotel Action (List) ================  
[2023-06-28 13:08:39] HotelAction.INFO: ======= Start Hotel Action (List) ================  
[2023-06-28 13:08:39] HotelAction.INFO: method : POST  
[2023-06-28 13:08:39] HotelAction.INFO: contentType : application/json  
[2023-06-28 13:08:39] HotelAction.INFO: Input Data : {"decoded":{"sub":"1","id":"1","userName":"super admin","userGroup":"1","email":"superadmin@msense.in","hotelId":"4","brandId":"7","iat":1687957500,"exp":1688043900}}  
[2023-06-28 13:08:39] HotelAction.INFO: ======= END Hotel Action (List) ================  
[2023-06-28 13:08:58] HotelAction.INFO: ======= Start Hotel Action (List) ================  
[2023-06-28 13:08:58] HotelAction.INFO: method : POST  
[2023-06-28 13:08:58] HotelAction.INFO: contentType : application/json  
[2023-06-28 13:08:58] HotelAction.INFO: Input Data : {"decoded":{"sub":"1","id":"1","userName":"super admin","userGroup":"1","email":"superadmin@msense.in","hotelId":"4","brandId":"7","iat":1687957500,"exp":1688043900}}  
[2023-06-28 13:08:58] HotelAction.INFO: ======= END Hotel Action (List) ================  
[2023-06-28 13:43:15] HotelAction.INFO: ======= Start Hotel Action (List) ================  
[2023-06-28 13:43:15] HotelAction.INFO: method : POST  
[2023-06-28 13:43:15] HotelAction.INFO: contentType : application/json  
[2023-06-28 13:43:15] HotelAction.INFO: Input Data : {"decoded":{"sub":"1","id":"1","userName":"super admin","userGroup":"1","email":"superadmin@msense.in","hotelId":"4","brandId":"7","iat":1687955952,"exp":1688042352}}  
[2023-06-28 13:43:15] HotelAction.INFO: ======= END Hotel Action (List) ================  
[2023-06-28 13:46:06] HotelAction.INFO: ======= Start Hotel Action (List) ================  
[2023-06-28 13:46:06] HotelAction.INFO: method : POST  
[2023-06-28 13:46:06] HotelAction.INFO: contentType : application/json  
[2023-06-28 13:46:06] HotelAction.INFO: Input Data : {"decoded":{"sub":"1","id":"1","userName":"super admin","userGroup":"1","email":"superadmin@msense.in","hotelId":"4","brandId":"7","iat":1687955952,"exp":1688042352}}  
[2023-06-28 13:46:06] HotelAction.INFO: ======= END Hotel Action (List) ================  
[2023-06-28 13:51:14] HotelAction.INFO: ======= Start Hotel Action (List) ================  
[2023-06-28 13:51:14] HotelAction.INFO: method : POST  
[2023-06-28 13:51:14] HotelAction.INFO: contentType : application/json  
[2023-06-28 13:51:14] HotelAction.INFO: Input Data : {"decoded":{"sub":"1","id":"1","userName":"super admin","userGroup":"1","email":"superadmin@msense.in","hotelId":"4","brandId":"7","iat":1687955952,"exp":1688042352}}  
[2023-06-28 13:51:14] HotelAction.INFO: ======= END Hotel Action (List) ================  
[2023-06-28 13:56:29] HotelAction.INFO: ======= Start Hotel Action (List) ================  
[2023-06-28 13:56:29] HotelAction.INFO: method : POST  
[2023-06-28 13:56:29] HotelAction.INFO: contentType : application/json  
[2023-06-28 13:56:29] HotelAction.INFO: Input Data : {"decoded":{"sub":"1","id":"1","userName":"super admin","userGroup":"1","email":"superadmin@msense.in","hotelId":"4","brandId":"7","iat":1687960583,"exp":1688046983}}  
[2023-06-28 13:56:29] HotelAction.INFO: ======= END Hotel Action (List) ================  
[2023-06-28 14:08:02] HotelAction.INFO: ======= Start Hotel Action (List) ================  
[2023-06-28 14:08:02] HotelAction.INFO: method : POST  
[2023-06-28 14:08:02] HotelAction.INFO: contentType : application/json  
[2023-06-28 14:08:02] HotelAction.INFO: Input Data : {"decoded":{"sub":"1","id":"1","userName":"super admin","userGroup":"1","email":"superadmin@msense.in","hotelId":"4","brandId":"7","iat":1687961279,"exp":1688047679}}  
[2023-06-28 14:08:02] HotelAction.INFO: ======= END Hotel Action (List) ================  
