[2023-06-28 11:20:17] WizardSetupAction.INFO: ======= Start WizardSetup Action (Get Template Details for hotel) ================  
[2023-06-28 11:20:17] WizardSetupAction.INFO: method : POST  
[2023-06-28 11:20:17] WizardSetupAction.INFO: Input Data : {"hotelid":"12","tempid":"3","decoded":{"sub":"1","id":"1","userName":"super admin","userGroup":"1","email":"superadmin@msense.in","hotelId":"4","brandId":"7","iat":1687951210,"exp":1688037610}}  
[2023-06-28 11:20:22] WizardSetupAction.INFO: ======= Start WizardSetup Action (Update Template) ================  
[2023-06-28 11:20:22] WizardSetupAction.INFO: method : PUT  
[2023-06-28 11:20:22] WizardSetupAction.INFO: contentType : application/json  
[2023-06-28 11:20:22] WizardSetupAction.INFO: Input Data : {"templateid":"1","hotelid":"12","decoded":{"sub":"1","id":"1","userName":"super admin","userGroup":"1","email":"superadmin@msense.in","hotelId":"4","brandId":"7","iat":1687951210,"exp":1688037610}}  
[2023-06-28 11:20:22] WizardSetupAction.INFO: ======= END WizardSetup Action (Update Template) ================  
[2023-06-28 11:20:33] WizardSetupAction.INFO: ======= Start WizardSetup Action (Get Template Details for hotel) ================  
[2023-06-28 11:20:33] WizardSetupAction.INFO: method : POST  
[2023-06-28 11:20:33] WizardSetupAction.INFO: Input Data : {"hotelid":"12","tempid":"1","decoded":{"sub":"1","id":"1","userName":"super admin","userGroup":"1","email":"superadmin@msense.in","hotelId":"4","brandId":"7","iat":1687951210,"exp":1688037610}}  
[2023-06-28 11:21:39] WizardSetupAction.INFO: ======= Start WizardSetup Action (Update Template) ================  
[2023-06-28 11:21:39] WizardSetupAction.INFO: method : PUT  
[2023-06-28 11:21:39] WizardSetupAction.INFO: contentType : application/json  
[2023-06-28 11:21:39] WizardSetupAction.INFO: Input Data : {"templateid":"3","hotelid":"12","decoded":{"sub":"1","id":"1","userName":"super admin","userGroup":"1","email":"superadmin@msense.in","hotelId":"4","brandId":"7","iat":1687951210,"exp":1688037610}}  
[2023-06-28 11:21:39] WizardSetupAction.INFO: ======= END WizardSetup Action (Update Template) ================  
[2023-06-28 11:21:44] WizardSetupAction.INFO: ======= Start WizardSetup Action (Get Template Details for hotel) ================  
[2023-06-28 11:21:44] WizardSetupAction.INFO: method : POST  
[2023-06-28 11:21:44] WizardSetupAction.INFO: Input Data : {"hotelid":"12","tempid":"3","decoded":{"sub":"1","id":"1","userName":"super admin","userGroup":"1","email":"superadmin@msense.in","hotelId":"4","brandId":"7","iat":1687951210,"exp":1688037610}}  
[2023-06-28 11:21:56] WizardSetupAction.INFO: ======= Start WizardSetup Action (Get Template Details for hotel) ================  
[2023-06-28 11:21:56] WizardSetupAction.INFO: method : POST  
[2023-06-28 11:21:56] WizardSetupAction.INFO: Input Data : {"hotelid":"4","tempid":"2","decoded":{"sub":"1","id":"1","userName":"super admin","userGroup":"1","email":"superadmin@msense.in","hotelId":"4","brandId":"7","iat":1687951210,"exp":1688037610}}  
[2023-06-28 11:21:56] WizardSetupAction.INFO: ======= END WizardSetup Action (Get Template Details for hotel) ================  
[2023-06-28 11:22:17] WizardSetupAction.INFO: ======= Start WizardSetup Action (Get Template Details for hotel) ================  
[2023-06-28 11:22:17] WizardSetupAction.INFO: method : POST  
[2023-06-28 11:22:17] WizardSetupAction.INFO: Input Data : {"hotelid":"4","tempid":"2","decoded":{"sub":"1","id":"1","userName":"super admin","userGroup":"1","email":"superadmin@msense.in","hotelId":"4","brandId":"7","iat":1687951210,"exp":1688037610}}  
[2023-06-28 11:22:17] WizardSetupAction.INFO: ======= END WizardSetup Action (Get Template Details for hotel) ================  
[2023-06-28 11:22:31] WizardSetupAction.INFO: ======= Start WizardSetup Action (Get Template Details for hotel) ================  
[2023-06-28 11:22:31] WizardSetupAction.INFO: method : POST  
[2023-06-28 11:22:31] WizardSetupAction.INFO: Input Data : {"hotelid":"4","tempid":"2","decoded":{"sub":"1","id":"1","userName":"super admin","userGroup":"1","email":"superadmin@msense.in","hotelId":"4","brandId":"7","iat":1687951210,"exp":1688037610}}  
[2023-06-28 11:22:31] WizardSetupAction.INFO: ======= END WizardSetup Action (Get Template Details for hotel) ================  
[2023-06-28 11:22:56] WizardSetupAction.INFO: ======= Start WizardSetup Action (Get Template Details for hotel) ================  
[2023-06-28 11:22:56] WizardSetupAction.INFO: method : POST  
[2023-06-28 11:22:56] WizardSetupAction.INFO: Input Data : {"hotelid":"12","tempid":"3","decoded":{"sub":"1","id":"1","userName":"super admin","userGroup":"1","email":"superadmin@msense.in","hotelId":"4","brandId":"7","iat":1687951210,"exp":1688037610}}  
[2023-06-28 11:23:33] WizardSetupAction.INFO: ======= Start WizardSetup Action (Get Template Details for hotel) ================  
[2023-06-28 11:23:33] WizardSetupAction.INFO: method : POST  
[2023-06-28 11:23:33] WizardSetupAction.INFO: Input Data : {"hotelid":"6","tempid":"2","decoded":{"sub":"1","id":"1","userName":"super admin","userGroup":"1","email":"superadmin@msense.in","hotelId":"4","brandId":"7","iat":1687951210,"exp":1688037610}}  
[2023-06-28 11:24:21] WizardSetupAction.INFO: ======= Start WizardSetup Action (Get Template Details for hotel) ================  
[2023-06-28 11:24:21] WizardSetupAction.INFO: method : POST  
[2023-06-28 11:24:21] WizardSetupAction.INFO: Input Data : {"hotelid":"12","tempid":"3","decoded":{"sub":"1","id":"1","userName":"super admin","userGroup":"1","email":"superadmin@msense.in","hotelId":"4","brandId":"7","iat":1687951210,"exp":1688037610}}  
[2023-06-28 11:24:32] WizardSetupAction.INFO: ======= Start WizardSetup Action (Get Template Details for hotel) ================  
[2023-06-28 11:24:32] WizardSetupAction.INFO: method : POST  
[2023-06-28 11:24:32] WizardSetupAction.INFO: Input Data : {"hotelid":"12","tempid":"3","decoded":{"sub":"1","id":"1","userName":"super admin","userGroup":"1","email":"superadmin@msense.in","hotelId":"4","brandId":"7","iat":1687951210,"exp":1688037610}}  
[2023-06-28 11:24:51] WizardSetupAction.INFO: ======= Start WizardSetup Action (Get Template Details for hotel) ================  
[2023-06-28 11:24:51] WizardSetupAction.INFO: method : POST  
[2023-06-28 11:24:51] WizardSetupAction.INFO: Input Data : {"hotelid":"12","tempid":"3","decoded":{"sub":"1","id":"1","userName":"super admin","userGroup":"1","email":"superadmin@msense.in","hotelId":"4","brandId":"7","iat":1687951210,"exp":1688037610}}  
[2023-06-28 11:25:06] WizardSetupAction.INFO: ======= Start WizardSetup Action (Update Template) ================  
[2023-06-28 11:25:06] WizardSetupAction.INFO: method : PUT  
[2023-06-28 11:25:06] WizardSetupAction.INFO: contentType : application/json  
[2023-06-28 11:25:06] WizardSetupAction.INFO: Input Data : {"templateid":"4","hotelid":"12","decoded":{"sub":"1","id":"1","userName":"super admin","userGroup":"1","email":"superadmin@msense.in","hotelId":"4","brandId":"7","iat":1687951210,"exp":1688037610}}  
[2023-06-28 11:25:06] WizardSetupAction.INFO: ======= END WizardSetup Action (Update Template) ================  
[2023-06-28 11:25:58] WizardSetupAction.INFO: ======= Start WizardSetup Action (Get Template Details for hotel) ================  
[2023-06-28 11:25:58] WizardSetupAction.INFO: method : POST  
[2023-06-28 11:25:58] WizardSetupAction.INFO: Input Data : {"hotelid":"12","tempid":"4","decoded":{"sub":"1","id":"1","userName":"super admin","userGroup":"1","email":"superadmin@msense.in","hotelId":"4","brandId":"7","iat":1687951550,"exp":1688037950}}  
[2023-06-28 11:26:08] WizardSetupAction.INFO: ======= Start WizardSetup Action (Get Template Details for hotel) ================  
[2023-06-28 11:26:08] WizardSetupAction.INFO: method : POST  
[2023-06-28 11:26:08] WizardSetupAction.INFO: Input Data : {"hotelid":"12","tempid":"4","decoded":{"sub":"1","id":"1","userName":"super admin","userGroup":"1","email":"superadmin@msense.in","hotelId":"4","brandId":"7","iat":1687951550,"exp":1688037950}}  
[2023-06-28 11:27:01] WizardSetupAction.INFO: ======= Start WizardSetup Action (Get Template Details for hotel) ================  
[2023-06-28 11:27:01] WizardSetupAction.INFO: method : POST  
[2023-06-28 11:27:01] WizardSetupAction.INFO: Input Data : {"hotelid":"12","tempid":"4","decoded":{"sub":"1","id":"1","userName":"super admin","userGroup":"1","email":"superadmin@msense.in","hotelId":"4","brandId":"7","iat":1687951550,"exp":1688037950}}  
[2023-06-28 11:27:26] WizardSetupAction.INFO: ======= Start WizardSetup Action (Get Template Details for hotel) ================  
[2023-06-28 11:27:26] WizardSetupAction.INFO: method : POST  
[2023-06-28 11:27:26] WizardSetupAction.INFO: Input Data : {"hotelid":"12","tempid":"4","decoded":{"sub":"1","id":"1","userName":"super admin","userGroup":"1","email":"superadmin@msense.in","hotelId":"4","brandId":"7","iat":1687951550,"exp":1688037950}}  
[2023-06-28 11:28:07] WizardSetupAction.INFO: ======= Start WizardSetup Action (Get Template Details for hotel) ================  
[2023-06-28 11:28:07] WizardSetupAction.INFO: method : POST  
[2023-06-28 11:28:07] WizardSetupAction.INFO: Input Data : {"hotelid":"6","tempid":"2","decoded":{"sub":"1","id":"1","userName":"super admin","userGroup":"1","email":"superadmin@msense.in","hotelId":"4","brandId":"7","iat":1687951550,"exp":1688037950}}  
[2023-06-28 11:28:36] WizardSetupAction.INFO: ======= Start WizardSetup Action (Update Template) ================  
[2023-06-28 11:28:36] WizardSetupAction.INFO: method : PUT  
[2023-06-28 11:28:36] WizardSetupAction.INFO: contentType : application/json  
[2023-06-28 11:28:36] WizardSetupAction.INFO: Input Data : {"templateid":"4","hotelid":"6","decoded":{"sub":"1","id":"1","userName":"super admin","userGroup":"1","email":"superadmin@msense.in","hotelId":"4","brandId":"7","iat":1687951550,"exp":1688037950}}  
[2023-06-28 11:28:36] WizardSetupAction.INFO: ======= END WizardSetup Action (Update Template) ================  
[2023-06-28 11:29:30] WizardSetupAction.INFO: ======= Start WizardSetup Action (Get Template Details for hotel) ================  
[2023-06-28 11:29:30] WizardSetupAction.INFO: method : POST  
[2023-06-28 11:29:30] WizardSetupAction.INFO: Input Data : {"hotelid":"6","tempid":"4","decoded":{"sub":"1","id":"1","userName":"super admin","userGroup":"1","email":"superadmin@msense.in","hotelId":"4","brandId":"7","iat":1687951762,"exp":1688038162}}  
[2023-06-28 11:29:41] WizardSetupAction.INFO: ======= Start WizardSetup Action (Get Template Details for hotel) ================  
[2023-06-28 11:29:41] WizardSetupAction.INFO: method : POST  
[2023-06-28 11:29:41] WizardSetupAction.INFO: Input Data : {"hotelid":"6","tempid":"4","decoded":{"sub":"1","id":"1","userName":"super admin","userGroup":"1","email":"superadmin@msense.in","hotelId":"4","brandId":"7","iat":1687951762,"exp":1688038162}}  
[2023-06-28 11:33:12] WizardSetupAction.INFO: ======= Start WizardSetup Action (Get Template Details for hotel) ================  
[2023-06-28 11:33:12] WizardSetupAction.INFO: method : POST  
[2023-06-28 11:33:12] WizardSetupAction.INFO: Input Data : {"hotelid":"6","tempid":"4","decoded":{"sub":"1","id":"1","userName":"super admin","userGroup":"1","email":"superadmin@msense.in","hotelId":"4","brandId":"7","iat":1687951762,"exp":1688038162}}  
[2023-06-28 11:35:30] WizardSetupAction.INFO: ======= Start WizardSetup Action (Get Template Details for hotel) ================  
[2023-06-28 11:35:30] WizardSetupAction.INFO: method : POST  
[2023-06-28 11:35:30] WizardSetupAction.INFO: Input Data : {"hotelid":"6","tempid":"4","decoded":{"sub":"1","id":"1","userName":"super admin","userGroup":"1","email":"superadmin@msense.in","hotelId":"4","brandId":"7","iat":1687951762,"exp":1688038162}}  
[2023-06-28 11:35:52] WizardSetupAction.INFO: ======= Start WizardSetup Action (Get Template Details for hotel) ================  
[2023-06-28 11:35:52] WizardSetupAction.INFO: method : POST  
[2023-06-28 11:35:52] WizardSetupAction.INFO: Input Data : {"hotelid":"4","tempid":"2","decoded":{"sub":"1","id":"1","userName":"super admin","userGroup":"1","email":"superadmin@msense.in","hotelId":"4","brandId":"7","iat":1687951762,"exp":1688038162}}  
[2023-06-28 11:35:52] WizardSetupAction.INFO: ======= END WizardSetup Action (Get Template Details for hotel) ================  
[2023-06-28 11:36:17] WizardSetupAction.INFO: ======= Start WizardSetup Action (Get Template Details for hotel) ================  
[2023-06-28 11:36:17] WizardSetupAction.INFO: method : POST  
[2023-06-28 11:36:17] WizardSetupAction.INFO: Input Data : {"hotelid":"6","tempid":"4","decoded":{"sub":"1","id":"1","userName":"super admin","userGroup":"1","email":"superadmin@msense.in","hotelId":"4","brandId":"7","iat":1687951762,"exp":1688038162}}  
[2023-06-28 11:37:56] WizardSetupAction.INFO: ======= Start WizardSetup Action (Get Template Details for hotel) ================  
[2023-06-28 11:37:56] WizardSetupAction.INFO: method : POST  
[2023-06-28 11:37:56] WizardSetupAction.INFO: Input Data : {"hotelid":"12","tempid":"4","decoded":{"sub":"1","id":"1","userName":"super admin","userGroup":"1","email":"superadmin@msense.in","hotelId":"4","brandId":"7","iat":1687951762,"exp":1688038162}}  
[2023-06-28 11:39:59] WizardSetupAction.INFO: ======= Start WizardSetup Action (Get Template Details for hotel) ================  
[2023-06-28 11:39:59] WizardSetupAction.INFO: method : POST  
[2023-06-28 11:39:59] WizardSetupAction.INFO: Input Data : {"hotelid":"4","tempid":"2","decoded":{"sub":"1","id":"1","userName":"super admin","userGroup":"1","email":"superadmin@msense.in","hotelId":"4","brandId":"7","iat":1687951762,"exp":1688038162}}  
[2023-06-28 11:39:59] WizardSetupAction.INFO: ======= END WizardSetup Action (Get Template Details for hotel) ================  
[2023-06-28 11:40:23] WizardSetupAction.INFO: ======= Start WizardSetup Action (Update Template) ================  
[2023-06-28 11:40:23] WizardSetupAction.INFO: method : PUT  
[2023-06-28 11:40:23] WizardSetupAction.INFO: contentType : application/json  
[2023-06-28 11:40:23] WizardSetupAction.INFO: Input Data : {"templateid":"2","hotelid":"4","decoded":{"sub":"1","id":"1","userName":"super admin","userGroup":"1","email":"superadmin@msense.in","hotelId":"4","brandId":"7","iat":1687951762,"exp":1688038162}}  
[2023-06-28 11:40:23] WizardSetupAction.INFO: ======= END WizardSetup Action (Update Template) ================  
[2023-06-28 11:40:32] WizardSetupAction.INFO: ======= Start WizardSetup Action (Get Template Details for hotel) ================  
[2023-06-28 11:40:32] WizardSetupAction.INFO: method : POST  
[2023-06-28 11:40:32] WizardSetupAction.INFO: Input Data : {"hotelid":"12","tempid":"4","decoded":{"sub":"1","id":"1","userName":"super admin","userGroup":"1","email":"superadmin@msense.in","hotelId":"4","brandId":"7","iat":1687951762,"exp":1688038162}}  
[2023-06-28 11:41:50] WizardSetupAction.INFO: ======= Start WizardSetup Action (Get Template Details for hotel) ================  
[2023-06-28 11:41:50] WizardSetupAction.INFO: method : POST  
[2023-06-28 11:41:50] WizardSetupAction.INFO: Input Data : {"hotelid":"4","tempid":"2","decoded":{"sub":"1","id":"1","userName":"super admin","userGroup":"1","email":"superadmin@msense.in","hotelId":"4","brandId":"7","iat":1687951762,"exp":1688038162}}  
[2023-06-28 11:41:50] WizardSetupAction.INFO: ======= END WizardSetup Action (Get Template Details for hotel) ================  
[2023-06-28 11:42:10] WizardSetupAction.INFO: ======= Start WizardSetup Action (Get Template Details for hotel) ================  
[2023-06-28 11:42:10] WizardSetupAction.INFO: method : POST  
[2023-06-28 11:42:10] WizardSetupAction.INFO: Input Data : {"hotelid":"4","tempid":"2","decoded":{"sub":"1","id":"1","userName":"super admin","userGroup":"1","email":"superadmin@msense.in","hotelId":"4","brandId":"7","iat":1687951762,"exp":1688038162}}  
[2023-06-28 11:42:10] WizardSetupAction.INFO: ======= END WizardSetup Action (Get Template Details for hotel) ================  
[2023-06-28 11:43:15] WizardSetupAction.INFO: ======= Start WizardSetup Action (Get Template Details for hotel) ================  
[2023-06-28 11:43:15] WizardSetupAction.INFO: method : POST  
[2023-06-28 11:43:15] WizardSetupAction.INFO: Input Data : {"hotelid":"12","tempid":"4","decoded":{"sub":"1","id":"1","userName":"super admin","userGroup":"1","email":"superadmin@msense.in","hotelId":"4","brandId":"7","iat":1687951762,"exp":1688038162}}  
[2023-06-28 11:46:14] WizardSetupAction.INFO: ======= Start WizardSetup Action (Update Template) ================  
[2023-06-28 11:46:14] WizardSetupAction.INFO: method : PUT  
[2023-06-28 11:46:14] WizardSetupAction.INFO: contentType : application/json  
[2023-06-28 11:46:14] WizardSetupAction.INFO: Input Data : {"templateid":"4","hotelid":"12","decoded":{"sub":"1","id":"1","userName":"super admin","userGroup":"1","email":"superadmin@msense.in","hotelId":"4","brandId":"7","iat":1687951762,"exp":1688038162}}  
[2023-06-28 11:46:14] WizardSetupAction.INFO: ======= END WizardSetup Action (Update Template) ================  
[2023-06-28 11:46:58] WizardSetupAction.INFO: ======= Start WizardSetup Action (Get Template Details for hotel) ================  
[2023-06-28 11:46:58] WizardSetupAction.INFO: method : POST  
[2023-06-28 11:46:58] WizardSetupAction.INFO: Input Data : {"hotelid":"12","tempid":"4","decoded":{"sub":"1","id":"1","userName":"super admin","userGroup":"1","email":"superadmin@msense.in","hotelId":"4","brandId":"7","iat":1687951762,"exp":1688038162}}  
[2023-06-28 11:47:02] WizardSetupAction.INFO: ======= Start WizardSetup Action (Update Template) ================  
[2023-06-28 11:47:02] WizardSetupAction.INFO: method : PUT  
[2023-06-28 11:47:02] WizardSetupAction.INFO: contentType : application/json  
[2023-06-28 11:47:02] WizardSetupAction.INFO: Input Data : {"templateid":"4","hotelid":"12","decoded":{"sub":"1","id":"1","userName":"super admin","userGroup":"1","email":"superadmin@msense.in","hotelId":"4","brandId":"7","iat":1687951762,"exp":1688038162}}  
[2023-06-28 11:47:02] WizardSetupAction.INFO: ======= END WizardSetup Action (Update Template) ================  
[2023-06-28 12:03:47] WizardSetupAction.INFO: ======= Start WizardSetup Action (Get Template Details for hotel) ================  
[2023-06-28 12:03:47] WizardSetupAction.INFO: method : POST  
[2023-06-28 12:03:47] WizardSetupAction.INFO: Input Data : {"hotelid":"12","tempid":"4","decoded":{"sub":"1","id":"1","userName":"super admin","userGroup":"1","email":"superadmin@msense.in","hotelId":"4","brandId":"7","iat":1687930001,"exp":1688016401}}  
[2023-06-28 12:04:58] WizardSetupAction.INFO: ======= Start WizardSetup Action (Get Template Details for hotel) ================  
[2023-06-28 12:04:58] WizardSetupAction.INFO: method : POST  
[2023-06-28 12:04:58] WizardSetupAction.INFO: Input Data : {"hotelid":"12","tempid":"4","decoded":{"sub":"1","id":"1","userName":"super admin","userGroup":"1","email":"superadmin@msense.in","hotelId":"4","brandId":"7","iat":1687930001,"exp":1688016401}}  
[2023-06-28 12:29:57] WizardSetupAction.INFO: ======= Start WizardSetup Action (Get Template Details for hotel) ================  
[2023-06-28 12:29:57] WizardSetupAction.INFO: method : POST  
[2023-06-28 12:29:57] WizardSetupAction.INFO: Input Data : {"hotelid":"12","tempid":"4","decoded":{"sub":"1","id":"1","userName":"super admin","userGroup":"1","email":"superadmin@msense.in","hotelId":"4","brandId":"7","iat":1687930001,"exp":1688016401}}  
[2023-06-28 12:30:05] WizardSetupAction.INFO: ======= Start WizardSetup Action (Get Template Details for hotel) ================  
[2023-06-28 12:30:05] WizardSetupAction.INFO: method : POST  
[2023-06-28 12:30:05] WizardSetupAction.INFO: Input Data : {"hotelid":"12","tempid":"4","decoded":{"sub":"1","id":"1","userName":"super admin","userGroup":"1","email":"superadmin@msense.in","hotelId":"4","brandId":"7","iat":1687930001,"exp":1688016401}}  
[2023-06-28 12:30:07] WizardSetupAction.INFO: ======= Start WizardSetup Action (Update Template) ================  
[2023-06-28 12:30:07] WizardSetupAction.INFO: method : PUT  
[2023-06-28 12:30:07] WizardSetupAction.INFO: contentType : application/json  
[2023-06-28 12:30:07] WizardSetupAction.INFO: Input Data : {"templateid":"1","hotelid":"12","decoded":{"sub":"1","id":"1","userName":"super admin","userGroup":"1","email":"superadmin@msense.in","hotelId":"4","brandId":"7","iat":1687930001,"exp":1688016401}}  
[2023-06-28 12:30:07] WizardSetupAction.INFO: ======= END WizardSetup Action (Update Template) ================  
[2023-06-28 12:30:14] WizardSetupAction.INFO: ======= Start WizardSetup Action (Get Template Details for hotel) ================  
[2023-06-28 12:30:14] WizardSetupAction.INFO: method : POST  
[2023-06-28 12:30:14] WizardSetupAction.INFO: Input Data : {"hotelid":"12","tempid":"1","decoded":{"sub":"1","id":"1","userName":"super admin","userGroup":"1","email":"superadmin@msense.in","hotelId":"4","brandId":"7","iat":1687930001,"exp":1688016401}}  
[2023-06-28 12:30:31] WizardSetupAction.INFO: ======= Start WizardSetup Action (Get Template Details for hotel) ================  
[2023-06-28 12:30:31] WizardSetupAction.INFO: method : POST  
[2023-06-28 12:30:31] WizardSetupAction.INFO: Input Data : {"hotelid":"12","tempid":"1","decoded":{"sub":"1","id":"1","userName":"super admin","userGroup":"1","email":"superadmin@msense.in","hotelId":"4","brandId":"7","iat":1687930001,"exp":1688016401}}  
[2023-06-28 12:31:45] WizardSetupAction.INFO: ======= Start WizardSetup Action (Get Template Details for hotel) ================  
[2023-06-28 12:31:45] WizardSetupAction.INFO: method : POST  
[2023-06-28 12:31:45] WizardSetupAction.INFO: Input Data : {"hotelid":12,"tempid":1,"decoded":{"sub":"1","id":"1","userName":"super admin","userGroup":"1","email":"superadmin@msense.in","hotelId":"4","brandId":"7","iat":1687871003,"exp":1687957403}}  
[2023-06-28 12:36:52] WizardSetupAction.INFO: ======= Start WizardSetup Action (Get Template Details for hotel) ================  
[2023-06-28 12:36:52] WizardSetupAction.INFO: method : POST  
[2023-06-28 12:36:52] WizardSetupAction.INFO: Input Data : {"hotelid":12,"tempid":1,"decoded":{"sub":"1","id":"1","userName":"super admin","userGroup":"1","email":"superadmin@msense.in","hotelId":"4","brandId":"7","iat":1687871003,"exp":1687957403}}  
[2023-06-28 12:37:20] WizardSetupAction.INFO: ======= Start WizardSetup Action (Get Template Details for hotel) ================  
[2023-06-28 12:37:20] WizardSetupAction.INFO: method : POST  
[2023-06-28 12:37:20] WizardSetupAction.INFO: Input Data : {"hotelid":12,"tempid":1,"decoded":{"sub":"1","id":"1","userName":"super admin","userGroup":"1","email":"superadmin@msense.in","hotelId":"4","brandId":"7","iat":1687871003,"exp":1687957403}}  
[2023-06-28 12:37:22] WizardSetupAction.INFO: ======= Start WizardSetup Action (Get Template Details for hotel) ================  
[2023-06-28 12:37:22] WizardSetupAction.INFO: method : POST  
[2023-06-28 12:37:22] WizardSetupAction.INFO: Input Data : {"hotelid":12,"tempid":1,"decoded":{"sub":"1","id":"1","userName":"super admin","userGroup":"1","email":"superadmin@msense.in","hotelId":"4","brandId":"7","iat":1687871003,"exp":1687957403}}  
[2023-06-28 12:39:47] WizardSetupAction.INFO: ======= Start WizardSetup Action (Get Template Details for hotel) ================  
[2023-06-28 12:39:47] WizardSetupAction.INFO: method : POST  
[2023-06-28 12:39:47] WizardSetupAction.INFO: Input Data : {"hotelid":"4","tempid":"1","decoded":{"sub":"1","id":"1","userName":"super admin","userGroup":"1","email":"superadmin@msense.in","hotelId":"4","brandId":"7","iat":1687955952,"exp":1688042352}}  
[2023-06-28 12:39:47] WizardSetupAction.INFO: ======= END WizardSetup Action (Get Template Details for hotel) ================  
[2023-06-28 12:42:01] WizardSetupAction.INFO: ======= Start WizardSetup Action (Get Template Details for hotel) ================  
[2023-06-28 12:42:01] WizardSetupAction.INFO: method : POST  
[2023-06-28 12:42:01] WizardSetupAction.INFO: Input Data : {"hotelid":"4","tempid":"1","decoded":{"sub":"1","id":"1","userName":"super admin","userGroup":"1","email":"superadmin@msense.in","hotelId":"4","brandId":"7","iat":1687955952,"exp":1688042352}}  
[2023-06-28 12:42:01] WizardSetupAction.INFO: ======= END WizardSetup Action (Get Template Details for hotel) ================  
[2023-06-28 12:42:26] WizardSetupAction.INFO: ======= Start WizardSetup Action (Get Template Details for hotel) ================  
[2023-06-28 12:42:26] WizardSetupAction.INFO: method : POST  
[2023-06-28 12:42:26] WizardSetupAction.INFO: Input Data : {"hotelid":"4","tempid":"1","decoded":{"sub":"1","id":"1","userName":"super admin","userGroup":"1","email":"superadmin@msense.in","hotelId":"4","brandId":"7","iat":1687955952,"exp":1688042352}}  
[2023-06-28 12:42:26] WizardSetupAction.INFO: ======= END WizardSetup Action (Get Template Details for hotel) ================  
[2023-06-28 12:42:55] WizardSetupAction.INFO: ======= Start WizardSetup Action (Get Template Details for hotel) ================  
[2023-06-28 12:42:55] WizardSetupAction.INFO: method : POST  
[2023-06-28 12:42:55] WizardSetupAction.INFO: Input Data : {"hotelid":"4","tempid":"1","decoded":{"sub":"1","id":"1","userName":"super admin","userGroup":"1","email":"superadmin@msense.in","hotelId":"4","brandId":"7","iat":1687955952,"exp":1688042352}}  
[2023-06-28 12:42:55] WizardSetupAction.INFO: ======= END WizardSetup Action (Get Template Details for hotel) ================  
[2023-06-28 12:44:49] WizardSetupAction.INFO: ======= Start WizardSetup Action (Get Template Details for hotel) ================  
[2023-06-28 12:44:49] WizardSetupAction.INFO: method : POST  
[2023-06-28 12:44:49] WizardSetupAction.INFO: Input Data : {"hotelid":"4","tempid":"1","decoded":{"sub":"1","id":"1","userName":"super admin","userGroup":"1","email":"superadmin@msense.in","hotelId":"4","brandId":"7","iat":1687955952,"exp":1688042352}}  
[2023-06-28 12:44:49] WizardSetupAction.INFO: ======= END WizardSetup Action (Get Template Details for hotel) ================  
[2023-06-28 12:45:05] WizardSetupAction.INFO: ======= Start WizardSetup Action (Get Template Details for hotel) ================  
[2023-06-28 12:45:05] WizardSetupAction.INFO: method : POST  
[2023-06-28 12:45:05] WizardSetupAction.INFO: Input Data : {"hotelid":"4","tempid":"1","decoded":{"sub":"1","id":"1","userName":"super admin","userGroup":"1","email":"superadmin@msense.in","hotelId":"4","brandId":"7","iat":1687955952,"exp":1688042352}}  
[2023-06-28 12:45:05] WizardSetupAction.INFO: ======= END WizardSetup Action (Get Template Details for hotel) ================  
[2023-06-28 12:45:31] WizardSetupAction.INFO: ======= Start WizardSetup Action (Get Template Details for hotel) ================  
[2023-06-28 12:45:31] WizardSetupAction.INFO: method : POST  
[2023-06-28 12:45:31] WizardSetupAction.INFO: Input Data : {"hotelid":"4","tempid":"1","decoded":{"sub":"1","id":"1","userName":"super admin","userGroup":"1","email":"superadmin@msense.in","hotelId":"4","brandId":"7","iat":1687955952,"exp":1688042352}}  
[2023-06-28 12:45:31] WizardSetupAction.INFO: ======= END WizardSetup Action (Get Template Details for hotel) ================  
[2023-06-28 12:45:54] WizardSetupAction.INFO: ======= Start WizardSetup Action (Get Template Details for hotel) ================  
[2023-06-28 12:45:54] WizardSetupAction.INFO: method : POST  
[2023-06-28 12:45:54] WizardSetupAction.INFO: Input Data : {"hotelid":"4","tempid":"1","decoded":{"sub":"1","id":"1","userName":"super admin","userGroup":"1","email":"superadmin@msense.in","hotelId":"4","brandId":"7","iat":1687955952,"exp":1688042352}}  
[2023-06-28 12:45:54] WizardSetupAction.INFO: ======= END WizardSetup Action (Get Template Details for hotel) ================  
[2023-06-28 12:48:41] WizardSetupAction.INFO: ======= Start WizardSetup Action (Get Template Details for hotel) ================  
[2023-06-28 12:48:41] WizardSetupAction.INFO: method : POST  
[2023-06-28 12:48:41] WizardSetupAction.INFO: Input Data : {"hotelid":"4","tempid":"1","decoded":{"sub":"1","id":"1","userName":"super admin","userGroup":"1","email":"superadmin@msense.in","hotelId":"4","brandId":"7","iat":1687955952,"exp":1688042352}}  
[2023-06-28 12:48:41] WizardSetupAction.INFO: ======= END WizardSetup Action (Get Template Details for hotel) ================  
[2023-06-28 12:50:16] WizardSetupAction.INFO: ======= Start WizardSetup Action (Get Template Details for hotel) ================  
[2023-06-28 12:50:16] WizardSetupAction.INFO: method : POST  
[2023-06-28 12:50:16] WizardSetupAction.INFO: Input Data : {"hotelid":"4","tempid":"1","decoded":{"sub":"1","id":"1","userName":"super admin","userGroup":"1","email":"superadmin@msense.in","hotelId":"4","brandId":"7","iat":1687955952,"exp":1688042352}}  
[2023-06-28 12:50:16] WizardSetupAction.INFO: ======= END WizardSetup Action (Get Template Details for hotel) ================  
[2023-06-28 12:50:48] WizardSetupAction.INFO: ======= Start WizardSetup Action (Get Template Details for hotel) ================  
[2023-06-28 12:50:48] WizardSetupAction.INFO: method : POST  
[2023-06-28 12:50:48] WizardSetupAction.INFO: Input Data : {"hotelid":"4","tempid":"1","decoded":{"sub":"1","id":"1","userName":"super admin","userGroup":"1","email":"superadmin@msense.in","hotelId":"4","brandId":"7","iat":1687955952,"exp":1688042352}}  
[2023-06-28 12:50:48] WizardSetupAction.INFO: ======= END WizardSetup Action (Get Template Details for hotel) ================  
[2023-06-28 12:51:47] WizardSetupAction.INFO: ======= Start WizardSetup Action (Get Template Details for hotel) ================  
[2023-06-28 12:51:47] WizardSetupAction.INFO: method : POST  
[2023-06-28 12:51:47] WizardSetupAction.INFO: Input Data : {"hotelid":"4","tempid":"1","decoded":{"sub":"1","id":"1","userName":"super admin","userGroup":"1","email":"superadmin@msense.in","hotelId":"4","brandId":"7","iat":1687955952,"exp":1688042352}}  
[2023-06-28 12:51:47] WizardSetupAction.INFO: ======= END WizardSetup Action (Get Template Details for hotel) ================  
[2023-06-28 12:53:15] WizardSetupAction.INFO: ======= Start WizardSetup Action (Get Template Details for hotel) ================  
[2023-06-28 12:53:15] WizardSetupAction.INFO: method : POST  
[2023-06-28 12:53:15] WizardSetupAction.INFO: Input Data : {"hotelid":"4","tempid":"1","decoded":{"sub":"1","id":"1","userName":"super admin","userGroup":"1","email":"superadmin@msense.in","hotelId":"4","brandId":"7","iat":1687955952,"exp":1688042352}}  
[2023-06-28 12:53:15] WizardSetupAction.INFO: ======= END WizardSetup Action (Get Template Details for hotel) ================  
[2023-06-28 12:54:11] WizardSetupAction.INFO: ======= Start WizardSetup Action (Get Template Details for hotel) ================  
[2023-06-28 12:54:11] WizardSetupAction.INFO: method : POST  
[2023-06-28 12:54:11] WizardSetupAction.INFO: Input Data : {"hotelid":"4","tempid":"1","decoded":{"sub":"1","id":"1","userName":"super admin","userGroup":"1","email":"superadmin@msense.in","hotelId":"4","brandId":"7","iat":1687955952,"exp":1688042352}}  
[2023-06-28 12:54:11] WizardSetupAction.INFO: ======= END WizardSetup Action (Get Template Details for hotel) ================  
[2023-06-28 12:55:14] WizardSetupAction.INFO: ======= Start WizardSetup Action (Get Template Details for hotel) ================  
[2023-06-28 12:55:14] WizardSetupAction.INFO: method : POST  
[2023-06-28 12:55:14] WizardSetupAction.INFO: Input Data : {"hotelid":"4","tempid":"1","decoded":{"sub":"1","id":"1","userName":"super admin","userGroup":"1","email":"superadmin@msense.in","hotelId":"4","brandId":"7","iat":1687955952,"exp":1688042352}}  
[2023-06-28 12:55:23] WizardSetupAction.INFO: ======= Start WizardSetup Action (Get Template Details for hotel) ================  
[2023-06-28 12:55:23] WizardSetupAction.INFO: method : POST  
[2023-06-28 12:55:23] WizardSetupAction.INFO: Input Data : {"hotelid":12,"tempid":1,"decoded":{"sub":"1","id":"1","userName":"super admin","userGroup":"1","email":"superadmin@msense.in","hotelId":"4","brandId":"7","iat":1687871003,"exp":1687957403}}  
[2023-06-28 12:56:02] WizardSetupAction.INFO: ======= Start WizardSetup Action (Get Template Details for hotel) ================  
[2023-06-28 12:56:02] WizardSetupAction.INFO: method : POST  
[2023-06-28 12:56:02] WizardSetupAction.INFO: Input Data : {"hotelid":12,"tempid":1,"decoded":{"sub":"1","id":"1","userName":"super admin","userGroup":"1","email":"superadmin@msense.in","hotelId":"4","brandId":"7","iat":1687871003,"exp":1687957403}}  
[2023-06-28 12:56:02] WizardSetupAction.INFO: ======= END WizardSetup Action (Get Template Details for hotel) ================  
[2023-06-28 12:56:15] WizardSetupAction.INFO: ======= Start WizardSetup Action (Get Template Details for hotel) ================  
[2023-06-28 12:56:15] WizardSetupAction.INFO: method : POST  
[2023-06-28 12:56:15] WizardSetupAction.INFO: Input Data : {"hotelid":"4","tempid":"1","decoded":{"sub":"1","id":"1","userName":"super admin","userGroup":"1","email":"superadmin@msense.in","hotelId":"4","brandId":"7","iat":1687955952,"exp":1688042352}}  
[2023-06-28 12:56:15] WizardSetupAction.INFO: ======= END WizardSetup Action (Get Template Details for hotel) ================  
[2023-06-28 12:56:19] WizardSetupAction.INFO: ======= Start WizardSetup Action (Get Template Details for hotel) ================  
[2023-06-28 12:56:19] WizardSetupAction.INFO: method : POST  
[2023-06-28 12:56:19] WizardSetupAction.INFO: Input Data : {"hotelid":"4","tempid":"1","decoded":{"sub":"1","id":"1","userName":"super admin","userGroup":"1","email":"superadmin@msense.in","hotelId":"4","brandId":"7","iat":1687955952,"exp":1688042352}}  
[2023-06-28 12:56:19] WizardSetupAction.INFO: ======= END WizardSetup Action (Get Template Details for hotel) ================  
[2023-06-28 12:59:12] WizardSetupAction.INFO: ======= Start WizardSetup Action (Get Template Details for hotel) ================  
[2023-06-28 12:59:12] WizardSetupAction.INFO: method : POST  
[2023-06-28 12:59:12] WizardSetupAction.INFO: Input Data : {"hotelid":"4","tempid":"1","decoded":{"sub":"1","id":"1","userName":"super admin","userGroup":"1","email":"superadmin@msense.in","hotelId":"4","brandId":"7","iat":1687955952,"exp":1688042352}}  
[2023-06-28 12:59:12] WizardSetupAction.INFO: ======= END WizardSetup Action (Get Template Details for hotel) ================  
[2023-06-28 12:59:20] WizardSetupAction.INFO: ======= Start WizardSetup Action (Get Template Details for hotel) ================  
[2023-06-28 12:59:20] WizardSetupAction.INFO: method : POST  
[2023-06-28 12:59:20] WizardSetupAction.INFO: Input Data : {"hotelid":12,"tempid":1,"decoded":{"sub":"1","id":"1","userName":"super admin","userGroup":"1","email":"superadmin@msense.in","hotelId":"4","brandId":"7","iat":1687871003,"exp":1687957403}}  
[2023-06-28 12:59:20] WizardSetupAction.INFO: ======= END WizardSetup Action (Get Template Details for hotel) ================  
[2023-06-28 12:59:47] WizardSetupAction.INFO: ======= Start WizardSetup Action (Get Template Details for hotel) ================  
[2023-06-28 12:59:47] WizardSetupAction.INFO: method : POST  
[2023-06-28 12:59:47] WizardSetupAction.INFO: Input Data : {"hotelid":12,"tempid":1,"decoded":{"sub":"1","id":"1","userName":"super admin","userGroup":"1","email":"superadmin@msense.in","hotelId":"4","brandId":"7","iat":1687871003,"exp":1687957403}}  
[2023-06-28 12:59:47] WizardSetupAction.INFO: ======= END WizardSetup Action (Get Template Details for hotel) ================  
[2023-06-28 12:59:48] WizardSetupAction.INFO: ======= Start WizardSetup Action (Get Template Details for hotel) ================  
[2023-06-28 12:59:48] WizardSetupAction.INFO: method : POST  
[2023-06-28 12:59:48] WizardSetupAction.INFO: Input Data : {"hotelid":12,"tempid":1,"decoded":{"sub":"1","id":"1","userName":"super admin","userGroup":"1","email":"superadmin@msense.in","hotelId":"4","brandId":"7","iat":1687871003,"exp":1687957403}}  
[2023-06-28 12:59:48] WizardSetupAction.INFO: ======= END WizardSetup Action (Get Template Details for hotel) ================  
[2023-06-28 12:59:55] WizardSetupAction.INFO: ======= Start WizardSetup Action (Get Template Details for hotel) ================  
[2023-06-28 12:59:55] WizardSetupAction.INFO: method : POST  
[2023-06-28 12:59:55] WizardSetupAction.INFO: Input Data : {"hotelid":"4","tempid":"1","decoded":{"sub":"1","id":"1","userName":"super admin","userGroup":"1","email":"superadmin@msense.in","hotelId":"4","brandId":"7","iat":1687955952,"exp":1688042352}}  
[2023-06-28 12:59:55] WizardSetupAction.INFO: ======= END WizardSetup Action (Get Template Details for hotel) ================  
[2023-06-28 12:59:59] WizardSetupAction.INFO: ======= Start WizardSetup Action (Get Template Details for hotel) ================  
[2023-06-28 12:59:59] WizardSetupAction.INFO: method : POST  
[2023-06-28 12:59:59] WizardSetupAction.INFO: Input Data : {"hotelid":"4","tempid":"1","decoded":{"sub":"1","id":"1","userName":"super admin","userGroup":"1","email":"superadmin@msense.in","hotelId":"4","brandId":"7","iat":1687955952,"exp":1688042352}}  
[2023-06-28 12:59:59] WizardSetupAction.INFO: ======= END WizardSetup Action (Get Template Details for hotel) ================  
[2023-06-28 13:00:15] WizardSetupAction.INFO: ======= Start WizardSetup Action (Get Template Details for hotel) ================  
[2023-06-28 13:00:15] WizardSetupAction.INFO: method : POST  
[2023-06-28 13:00:15] WizardSetupAction.INFO: Input Data : {"hotelid":4,"tempid":1,"decoded":{"sub":"1","id":"1","userName":"super admin","userGroup":"1","email":"superadmin@msense.in","hotelId":"4","brandId":"7","iat":1687871003,"exp":1687957403}}  
[2023-06-28 13:00:15] WizardSetupAction.INFO: ======= END WizardSetup Action (Get Template Details for hotel) ================  
[2023-06-28 13:00:22] WizardSetupAction.INFO: ======= Start WizardSetup Action (Get Template Details for hotel) ================  
[2023-06-28 13:00:22] WizardSetupAction.INFO: method : POST  
[2023-06-28 13:00:22] WizardSetupAction.INFO: Input Data : {"hotelid":4,"tempid":1,"decoded":{"sub":"1","id":"1","userName":"super admin","userGroup":"1","email":"superadmin@msense.in","hotelId":"4","brandId":"7","iat":1687871003,"exp":1687957403}}  
[2023-06-28 13:00:22] WizardSetupAction.INFO: ======= END WizardSetup Action (Get Template Details for hotel) ================  
[2023-06-28 13:01:31] WizardSetupAction.INFO: ======= Start WizardSetup Action (Get Template Details for hotel) ================  
[2023-06-28 13:01:31] WizardSetupAction.INFO: method : POST  
[2023-06-28 13:01:31] WizardSetupAction.INFO: Input Data : {"hotelid":"4","tempid":"1","decoded":{"sub":"1","id":"1","userName":"super admin","userGroup":"1","email":"superadmin@msense.in","hotelId":"4","brandId":"7","iat":1687955952,"exp":1688042352}}  
[2023-06-28 13:01:31] WizardSetupAction.INFO: ======= END WizardSetup Action (Get Template Details for hotel) ================  
[2023-06-28 13:01:45] WizardSetupAction.INFO: ======= Start WizardSetup Action (Get Template Details for hotel) ================  
[2023-06-28 13:01:45] WizardSetupAction.INFO: method : POST  
[2023-06-28 13:01:45] WizardSetupAction.INFO: Input Data : {"hotelid":4,"tempid":1,"decoded":{"sub":"1","id":"1","userName":"super admin","userGroup":"1","email":"superadmin@msense.in","hotelId":"4","brandId":"7","iat":1687871003,"exp":1687957403}}  
[2023-06-28 13:01:45] WizardSetupAction.INFO: ======= END WizardSetup Action (Get Template Details for hotel) ================  
[2023-06-28 13:02:13] WizardSetupAction.INFO: ======= Start WizardSetup Action (Get Template Details for hotel) ================  
[2023-06-28 13:02:13] WizardSetupAction.INFO: method : POST  
[2023-06-28 13:02:13] WizardSetupAction.INFO: Input Data : {"hotelid":"4","tempid":"1","decoded":{"sub":"1","id":"1","userName":"super admin","userGroup":"1","email":"superadmin@msense.in","hotelId":"4","brandId":"7","iat":1687955952,"exp":1688042352}}  
[2023-06-28 13:02:13] WizardSetupAction.INFO: ======= END WizardSetup Action (Get Template Details for hotel) ================  
[2023-06-28 13:02:17] WizardSetupAction.INFO: ======= Start WizardSetup Action (Get Template Details for hotel) ================  
[2023-06-28 13:02:17] WizardSetupAction.INFO: method : POST  
[2023-06-28 13:02:17] WizardSetupAction.INFO: Input Data : {"hotelid":"4","tempid":"1","decoded":{"sub":"1","id":"1","userName":"super admin","userGroup":"1","email":"superadmin@msense.in","hotelId":"4","brandId":"7","iat":1687955952,"exp":1688042352}}  
[2023-06-28 13:02:17] WizardSetupAction.INFO: ======= END WizardSetup Action (Get Template Details for hotel) ================  
[2023-06-28 13:04:51] WizardSetupAction.INFO: ======= Start WizardSetup Action (Get Template Details for hotel) ================  
[2023-06-28 13:04:51] WizardSetupAction.INFO: method : POST  
[2023-06-28 13:04:51] WizardSetupAction.INFO: Input Data : {"hotelid":"4","tempid":"1","decoded":{"sub":"1","id":"1","userName":"super admin","userGroup":"1","email":"superadmin@msense.in","hotelId":"4","brandId":"7","iat":1687955952,"exp":1688042352}}  
[2023-06-28 13:04:51] WizardSetupAction.INFO: ======= END WizardSetup Action (Get Template Details for hotel) ================  
[2023-06-28 13:05:04] WizardSetupAction.INFO: ======= Start WizardSetup Action (Get Template Details for hotel) ================  
[2023-06-28 13:05:04] WizardSetupAction.INFO: method : POST  
[2023-06-28 13:05:04] WizardSetupAction.INFO: Input Data : {"hotelid":"6","tempid":"4","decoded":{"sub":"1","id":"1","userName":"super admin","userGroup":"1","email":"superadmin@msense.in","hotelId":"4","brandId":"7","iat":1687957500,"exp":1688043900}}  
[2023-06-28 13:05:04] WizardSetupAction.INFO: ======= END WizardSetup Action (Get Template Details for hotel) ================  
[2023-06-28 13:05:09] WizardSetupAction.INFO: ======= Start WizardSetup Action (Get Template Details for hotel) ================  
[2023-06-28 13:05:09] WizardSetupAction.INFO: method : POST  
[2023-06-28 13:05:09] WizardSetupAction.INFO: Input Data : {"hotelid":"12","tempid":"1","decoded":{"sub":"1","id":"1","userName":"super admin","userGroup":"1","email":"superadmin@msense.in","hotelId":"4","brandId":"7","iat":1687957500,"exp":1688043900}}  
[2023-06-28 13:05:09] WizardSetupAction.INFO: ======= END WizardSetup Action (Get Template Details for hotel) ================  
[2023-06-28 13:05:13] WizardSetupAction.INFO: ======= Start WizardSetup Action (Get Template Details for hotel) ================  
[2023-06-28 13:05:13] WizardSetupAction.INFO: method : POST  
[2023-06-28 13:05:13] WizardSetupAction.INFO: Input Data : {"hotelid":"5","tempid":"2","decoded":{"sub":"1","id":"1","userName":"super admin","userGroup":"1","email":"superadmin@msense.in","hotelId":"4","brandId":"7","iat":1687957500,"exp":1688043900}}  
[2023-06-28 13:05:13] WizardSetupAction.INFO: ======= END WizardSetup Action (Get Template Details for hotel) ================  
[2023-06-28 13:05:41] WizardSetupAction.INFO: ======= Start WizardSetup Action (Get Template Details for hotel) ================  
[2023-06-28 13:05:41] WizardSetupAction.INFO: method : POST  
[2023-06-28 13:05:41] WizardSetupAction.INFO: Input Data : {"hotelid":"12","tempid":"1","decoded":{"sub":"1","id":"1","userName":"super admin","userGroup":"1","email":"superadmin@msense.in","hotelId":"4","brandId":"7","iat":1687957500,"exp":1688043900}}  
[2023-06-28 13:05:41] WizardSetupAction.INFO: ======= END WizardSetup Action (Get Template Details for hotel) ================  
[2023-06-28 13:05:46] WizardSetupAction.INFO: ======= Start WizardSetup Action (Update Template) ================  
[2023-06-28 13:05:46] WizardSetupAction.INFO: method : PUT  
[2023-06-28 13:05:46] WizardSetupAction.INFO: contentType : application/json  
[2023-06-28 13:05:46] WizardSetupAction.INFO: Input Data : {"templateid":"2","hotelid":"12","decoded":{"sub":"1","id":"1","userName":"super admin","userGroup":"1","email":"superadmin@msense.in","hotelId":"4","brandId":"7","iat":1687957500,"exp":1688043900}}  
[2023-06-28 13:05:46] WizardSetupAction.INFO: ======= END WizardSetup Action (Update Template) ================  
[2023-06-28 13:05:50] WizardSetupAction.INFO: ======= Start WizardSetup Action (Get Template Details for hotel) ================  
[2023-06-28 13:05:50] WizardSetupAction.INFO: method : POST  
[2023-06-28 13:05:50] WizardSetupAction.INFO: Input Data : {"hotelid":"6","tempid":"4","decoded":{"sub":"1","id":"1","userName":"super admin","userGroup":"1","email":"superadmin@msense.in","hotelId":"4","brandId":"7","iat":1687957500,"exp":1688043900}}  
[2023-06-28 13:05:50] WizardSetupAction.INFO: ======= END WizardSetup Action (Get Template Details for hotel) ================  
[2023-06-28 13:05:56] WizardSetupAction.INFO: ======= Start WizardSetup Action (Get Template Details for hotel) ================  
[2023-06-28 13:05:56] WizardSetupAction.INFO: method : POST  
[2023-06-28 13:05:56] WizardSetupAction.INFO: Input Data : {"hotelid":"12","tempid":"2","decoded":{"sub":"1","id":"1","userName":"super admin","userGroup":"1","email":"superadmin@msense.in","hotelId":"4","brandId":"7","iat":1687957500,"exp":1688043900}}  
[2023-06-28 13:05:56] WizardSetupAction.INFO: ======= END WizardSetup Action (Get Template Details for hotel) ================  
[2023-06-28 13:06:00] WizardSetupAction.INFO: ======= Start WizardSetup Action (Update Template) ================  
[2023-06-28 13:06:00] WizardSetupAction.INFO: method : PUT  
[2023-06-28 13:06:00] WizardSetupAction.INFO: contentType : application/json  
[2023-06-28 13:06:00] WizardSetupAction.INFO: Input Data : {"templateid":"6","hotelid":"12","decoded":{"sub":"1","id":"1","userName":"super admin","userGroup":"1","email":"superadmin@msense.in","hotelId":"4","brandId":"7","iat":1687957500,"exp":1688043900}}  
[2023-06-28 13:06:00] WizardSetupAction.INFO: ======= END WizardSetup Action (Update Template) ================  
[2023-06-28 13:06:03] WizardSetupAction.INFO: ======= Start WizardSetup Action (Get Template Details for hotel) ================  
[2023-06-28 13:06:03] WizardSetupAction.INFO: method : POST  
[2023-06-28 13:06:03] WizardSetupAction.INFO: Input Data : {"hotelid":"12","tempid":"6","decoded":{"sub":"1","id":"1","userName":"super admin","userGroup":"1","email":"superadmin@msense.in","hotelId":"4","brandId":"7","iat":1687957500,"exp":1688043900}}  
[2023-06-28 13:06:03] WizardSetupAction.INFO: ======= END WizardSetup Action (Get Template Details for hotel) ================  
[2023-06-28 13:06:09] WizardSetupAction.INFO: ======= Start WizardSetup Action (Update Template) ================  
[2023-06-28 13:06:09] WizardSetupAction.INFO: method : PUT  
[2023-06-28 13:06:09] WizardSetupAction.INFO: contentType : application/json  
[2023-06-28 13:06:09] WizardSetupAction.INFO: Input Data : {"templateid":"5","hotelid":"12","decoded":{"sub":"1","id":"1","userName":"super admin","userGroup":"1","email":"superadmin@msense.in","hotelId":"4","brandId":"7","iat":1687957500,"exp":1688043900}}  
[2023-06-28 13:06:09] WizardSetupAction.INFO: ======= END WizardSetup Action (Update Template) ================  
[2023-06-28 13:06:12] WizardSetupAction.INFO: ======= Start WizardSetup Action (Get Template Details for hotel) ================  
[2023-06-28 13:06:12] WizardSetupAction.INFO: method : POST  
[2023-06-28 13:06:12] WizardSetupAction.INFO: Input Data : {"hotelid":"12","tempid":"5","decoded":{"sub":"1","id":"1","userName":"super admin","userGroup":"1","email":"superadmin@msense.in","hotelId":"4","brandId":"7","iat":1687957500,"exp":1688043900}}  
[2023-06-28 13:06:12] WizardSetupAction.INFO: ======= END WizardSetup Action (Get Template Details for hotel) ================  
[2023-06-28 13:06:23] WizardSetupAction.INFO: ======= Start WizardSetup Action (Get Template Details for hotel) ================  
[2023-06-28 13:06:23] WizardSetupAction.INFO: method : POST  
[2023-06-28 13:06:23] WizardSetupAction.INFO: Input Data : {"hotelid":"4","tempid":"1","decoded":{"sub":"1","id":"1","userName":"super admin","userGroup":"1","email":"superadmin@msense.in","hotelId":"4","brandId":"7","iat":1687955952,"exp":1688042352}}  
[2023-06-28 13:06:23] WizardSetupAction.INFO: ======= END WizardSetup Action (Get Template Details for hotel) ================  
[2023-06-28 13:06:42] WizardSetupAction.INFO: ======= Start WizardSetup Action (Get Template Details for hotel) ================  
[2023-06-28 13:06:42] WizardSetupAction.INFO: method : POST  
[2023-06-28 13:06:42] WizardSetupAction.INFO: Input Data : {"hotelid":"12","tempid":"5","decoded":{"sub":"1","id":"1","userName":"super admin","userGroup":"1","email":"superadmin@msense.in","hotelId":"4","brandId":"7","iat":1687957500,"exp":1688043900}}  
[2023-06-28 13:06:42] WizardSetupAction.INFO: ======= END WizardSetup Action (Get Template Details for hotel) ================  
[2023-06-28 13:07:44] WizardSetupAction.INFO: ======= Start WizardSetup Action (Add Features to hotel) ================  
[2023-06-28 13:07:44] WizardSetupAction.INFO: method : POST  
[2023-06-28 13:07:44] WizardSetupAction.INFO: contentType : application/json  
[2023-06-28 13:07:44] WizardSetupAction.INFO: Input Data : {"featureid":["1"],"hotelid":"4","decoded":{"sub":"1","id":"1","userName":"super admin","userGroup":"1","email":"superadmin@msense.in","hotelId":"4","brandId":"7","iat":1687957500,"exp":1688043900}}  
[2023-06-28 13:07:44] WizardSetupAction.INFO: ======= Start WizardSetup Action (Add Features to hotel) ================  
[2023-06-28 13:07:44] WizardSetupAction.INFO: method : POST  
[2023-06-28 13:07:44] WizardSetupAction.INFO: Input Data : {"hotelid":"4","tempid":"5","welcome_body":"dsfgdsg","decoded":{"sub":"1","id":"1","userName":"super admin","userGroup":"1","email":"superadmin@msense.in","hotelId":"4","brandId":"7","iat":1687957500,"exp":1688043900}}  
[2023-06-28 13:07:44] WizardSetupAction.INFO: ======= END WizardSetup Action (Add Features to hotel) ================  
[2023-06-28 13:07:44] WizardSetupAction.INFO: ======= END WizardSetup Action (Add Features to hotel) ================  
[2023-06-28 13:08:09] WizardSetupAction.INFO: ======= Start WizardSetup Action (Get Template Details for hotel) ================  
[2023-06-28 13:08:09] WizardSetupAction.INFO: method : POST  
[2023-06-28 13:08:09] WizardSetupAction.INFO: Input Data : {"hotelid":"4","tempid":"1","decoded":{"sub":"1","id":"1","userName":"super admin","userGroup":"1","email":"superadmin@msense.in","hotelId":"4","brandId":"7","iat":1687955952,"exp":1688042352}}  
[2023-06-28 13:08:09] WizardSetupAction.INFO: ======= END WizardSetup Action (Get Template Details for hotel) ================  
[2023-06-28 13:08:25] WizardSetupAction.INFO: ======= Start WizardSetup Action (Get Template Details for hotel) ================  
[2023-06-28 13:08:25] WizardSetupAction.INFO: method : POST  
[2023-06-28 13:08:25] WizardSetupAction.INFO: Input Data : {"hotelid":"12","tempid":"5","decoded":{"sub":"1","id":"1","userName":"super admin","userGroup":"1","email":"superadmin@msense.in","hotelId":"4","brandId":"7","iat":1687957500,"exp":1688043900}}  
[2023-06-28 13:08:25] WizardSetupAction.INFO: ======= END WizardSetup Action (Get Template Details for hotel) ================  
[2023-06-28 13:08:43] WizardSetupAction.INFO: ======= Start WizardSetup Action (Get Template Details for hotel) ================  
[2023-06-28 13:08:43] WizardSetupAction.INFO: method : POST  
[2023-06-28 13:08:43] WizardSetupAction.INFO: Input Data : {"hotelid":"12","tempid":"5","decoded":{"sub":"1","id":"1","userName":"super admin","userGroup":"1","email":"superadmin@msense.in","hotelId":"4","brandId":"7","iat":1687957500,"exp":1688043900}}  
[2023-06-28 13:08:43] WizardSetupAction.INFO: ======= END WizardSetup Action (Get Template Details for hotel) ================  
[2023-06-28 13:09:11] WizardSetupAction.INFO: ======= Start WizardSetup Action (Get Template Details for hotel) ================  
[2023-06-28 13:09:11] WizardSetupAction.INFO: method : POST  
[2023-06-28 13:09:11] WizardSetupAction.INFO: Input Data : {"hotelid":"12","tempid":"5","decoded":{"sub":"1","id":"1","userName":"super admin","userGroup":"1","email":"superadmin@msense.in","hotelId":"4","brandId":"7","iat":1687957500,"exp":1688043900}}  
[2023-06-28 13:09:11] WizardSetupAction.INFO: ======= END WizardSetup Action (Get Template Details for hotel) ================  
[2023-06-28 13:13:41] WizardSetupAction.INFO: ======= Start WizardSetup Action (Get Template Details for hotel) ================  
[2023-06-28 13:13:41] WizardSetupAction.INFO: method : POST  
[2023-06-28 13:13:41] WizardSetupAction.INFO: Input Data : {"hotelid":"4","tempid":"1","decoded":{"sub":"1","id":"1","userName":"super admin","userGroup":"1","email":"superadmin@msense.in","hotelId":"4","brandId":"7","iat":1687955952,"exp":1688042352}}  
[2023-06-28 13:13:41] WizardSetupAction.INFO: ======= END WizardSetup Action (Get Template Details for hotel) ================  
[2023-06-28 13:16:59] WizardSetupAction.INFO: ======= Start WizardSetup Action (Get Template Details for hotel) ================  
[2023-06-28 13:16:59] WizardSetupAction.INFO: method : POST  
[2023-06-28 13:16:59] WizardSetupAction.INFO: Input Data : {"hotelid":"4","tempid":"1","decoded":{"sub":"1","id":"1","userName":"super admin","userGroup":"1","email":"superadmin@msense.in","hotelId":"4","brandId":"7","iat":1687955952,"exp":1688042352}}  
[2023-06-28 13:16:59] WizardSetupAction.INFO: ======= END WizardSetup Action (Get Template Details for hotel) ================  
[2023-06-28 13:17:38] WizardSetupAction.INFO: ======= Start WizardSetup Action (Get Template Details for hotel) ================  
[2023-06-28 13:17:38] WizardSetupAction.INFO: method : POST  
[2023-06-28 13:17:38] WizardSetupAction.INFO: Input Data : {"hotelid":"4","tempid":"1","decoded":{"sub":"1","id":"1","userName":"super admin","userGroup":"1","email":"superadmin@msense.in","hotelId":"4","brandId":"7","iat":1687955952,"exp":1688042352}}  
[2023-06-28 13:17:38] WizardSetupAction.INFO: ======= END WizardSetup Action (Get Template Details for hotel) ================  
[2023-06-28 13:18:07] WizardSetupAction.INFO: ======= Start WizardSetup Action (Get Template Details for hotel) ================  
[2023-06-28 13:18:07] WizardSetupAction.INFO: method : POST  
[2023-06-28 13:18:07] WizardSetupAction.INFO: Input Data : {"hotelid":"4","tempid":"1","decoded":{"sub":"1","id":"1","userName":"super admin","userGroup":"1","email":"superadmin@msense.in","hotelId":"4","brandId":"7","iat":1687955952,"exp":1688042352}}  
[2023-06-28 13:18:07] WizardSetupAction.INFO: ======= END WizardSetup Action (Get Template Details for hotel) ================  
[2023-06-28 13:20:05] WizardSetupAction.INFO: ======= Start WizardSetup Action (Get Template Details for hotel) ================  
[2023-06-28 13:20:05] WizardSetupAction.INFO: method : POST  
[2023-06-28 13:20:05] WizardSetupAction.INFO: Input Data : {"hotelid":"4","tempid":"1","decoded":{"sub":"1","id":"1","userName":"super admin","userGroup":"1","email":"superadmin@msense.in","hotelId":"4","brandId":"7","iat":1687955952,"exp":1688042352}}  
[2023-06-28 13:20:05] WizardSetupAction.INFO: ======= END WizardSetup Action (Get Template Details for hotel) ================  
[2023-06-28 13:20:44] WizardSetupAction.INFO: ======= Start WizardSetup Action (Get Template Details for hotel) ================  
[2023-06-28 13:20:44] WizardSetupAction.INFO: method : POST  
[2023-06-28 13:20:44] WizardSetupAction.INFO: Input Data : {"hotelid":"4","tempid":"1","decoded":{"sub":"1","id":"1","userName":"super admin","userGroup":"1","email":"superadmin@msense.in","hotelId":"4","brandId":"7","iat":1687955952,"exp":1688042352}}  
[2023-06-28 13:20:44] WizardSetupAction.INFO: ======= END WizardSetup Action (Get Template Details for hotel) ================  
[2023-06-28 13:20:48] WizardSetupAction.INFO: ======= Start WizardSetup Action (Get Template Details for hotel) ================  
[2023-06-28 13:20:48] WizardSetupAction.INFO: method : POST  
[2023-06-28 13:20:48] WizardSetupAction.INFO: Input Data : {"hotelid":"4","tempid":"1","decoded":{"sub":"1","id":"1","userName":"super admin","userGroup":"1","email":"superadmin@msense.in","hotelId":"4","brandId":"7","iat":1687955952,"exp":1688042352}}  
[2023-06-28 13:20:48] WizardSetupAction.INFO: ======= END WizardSetup Action (Get Template Details for hotel) ================  
[2023-06-28 13:21:39] WizardSetupAction.INFO: ======= Start WizardSetup Action (Get Template Details for hotel) ================  
[2023-06-28 13:21:39] WizardSetupAction.INFO: method : POST  
[2023-06-28 13:21:39] WizardSetupAction.INFO: Input Data : {"hotelid":"4","tempid":"1","decoded":{"sub":"1","id":"1","userName":"super admin","userGroup":"1","email":"superadmin@msense.in","hotelId":"4","brandId":"7","iat":1687955952,"exp":1688042352}}  
[2023-06-28 13:21:39] WizardSetupAction.INFO: ======= END WizardSetup Action (Get Template Details for hotel) ================  
[2023-06-28 13:24:33] WizardSetupAction.INFO: ======= Start WizardSetup Action (Get Template Details for hotel) ================  
[2023-06-28 13:24:33] WizardSetupAction.INFO: method : POST  
[2023-06-28 13:24:33] WizardSetupAction.INFO: Input Data : {"hotelid":"4","tempid":"1","decoded":{"sub":"1","id":"1","userName":"super admin","userGroup":"1","email":"superadmin@msense.in","hotelId":"4","brandId":"7","iat":1687955952,"exp":1688042352}}  
[2023-06-28 13:24:33] WizardSetupAction.INFO: ======= END WizardSetup Action (Get Template Details for hotel) ================  
[2023-06-28 13:25:00] WizardSetupAction.INFO: ======= Start WizardSetup Action (Get Template Details for hotel) ================  
[2023-06-28 13:25:00] WizardSetupAction.INFO: method : POST  
[2023-06-28 13:25:00] WizardSetupAction.INFO: Input Data : {"hotelid":"4","tempid":"1","decoded":{"sub":"1","id":"1","userName":"super admin","userGroup":"1","email":"superadmin@msense.in","hotelId":"4","brandId":"7","iat":1687955952,"exp":1688042352}}  
[2023-06-28 13:25:00] WizardSetupAction.INFO: ======= END WizardSetup Action (Get Template Details for hotel) ================  
[2023-06-28 13:26:13] WizardSetupAction.INFO: ======= Start WizardSetup Action (Get Template Details for hotel) ================  
[2023-06-28 13:26:13] WizardSetupAction.INFO: method : POST  
[2023-06-28 13:26:13] WizardSetupAction.INFO: Input Data : {"hotelid":"4","tempid":"1","decoded":{"sub":"1","id":"1","userName":"super admin","userGroup":"1","email":"superadmin@msense.in","hotelId":"4","brandId":"7","iat":1687955952,"exp":1688042352}}  
[2023-06-28 13:26:13] WizardSetupAction.INFO: ======= END WizardSetup Action (Get Template Details for hotel) ================  
[2023-06-28 13:26:49] WizardSetupAction.INFO: ======= Start WizardSetup Action (Get Template Details for hotel) ================  
[2023-06-28 13:26:49] WizardSetupAction.INFO: method : POST  
[2023-06-28 13:26:49] WizardSetupAction.INFO: Input Data : {"hotelid":"4","tempid":"1","decoded":{"sub":"1","id":"1","userName":"super admin","userGroup":"1","email":"superadmin@msense.in","hotelId":"4","brandId":"7","iat":1687955952,"exp":1688042352}}  
[2023-06-28 13:26:49] WizardSetupAction.INFO: ======= END WizardSetup Action (Get Template Details for hotel) ================  
[2023-06-28 13:27:21] WizardSetupAction.INFO: ======= Start WizardSetup Action (Get Template Details for hotel) ================  
[2023-06-28 13:27:21] WizardSetupAction.INFO: method : POST  
[2023-06-28 13:27:21] WizardSetupAction.INFO: Input Data : {"hotelid":"4","tempid":"1","decoded":{"sub":"1","id":"1","userName":"super admin","userGroup":"1","email":"superadmin@msense.in","hotelId":"4","brandId":"7","iat":1687955952,"exp":1688042352}}  
[2023-06-28 13:27:21] WizardSetupAction.INFO: ======= END WizardSetup Action (Get Template Details for hotel) ================  
[2023-06-28 13:31:14] WizardSetupAction.INFO: ======= Start WizardSetup Action (Get Template Details for hotel) ================  
[2023-06-28 13:31:14] WizardSetupAction.INFO: method : POST  
[2023-06-28 13:31:14] WizardSetupAction.INFO: Input Data : {"hotelid":"4","tempid":"1","decoded":{"sub":"1","id":"1","userName":"super admin","userGroup":"1","email":"superadmin@msense.in","hotelId":"4","brandId":"7","iat":1687955952,"exp":1688042352}}  
[2023-06-28 13:31:14] WizardSetupAction.INFO: ======= END WizardSetup Action (Get Template Details for hotel) ================  
[2023-06-28 13:31:17] WizardSetupAction.INFO: ======= Start WizardSetup Action (Get Template Details for hotel) ================  
[2023-06-28 13:31:17] WizardSetupAction.INFO: method : POST  
[2023-06-28 13:31:17] WizardSetupAction.INFO: Input Data : {"hotelid":"4","tempid":"1","decoded":{"sub":"1","id":"1","userName":"super admin","userGroup":"1","email":"superadmin@msense.in","hotelId":"4","brandId":"7","iat":1687955952,"exp":1688042352}}  
[2023-06-28 13:31:17] WizardSetupAction.INFO: ======= END WizardSetup Action (Get Template Details for hotel) ================  
[2023-06-28 13:31:38] WizardSetupAction.INFO: ======= Start WizardSetup Action (Get Template Details for hotel) ================  
[2023-06-28 13:31:38] WizardSetupAction.INFO: method : POST  
[2023-06-28 13:31:38] WizardSetupAction.INFO: Input Data : {"hotelid":"4","tempid":"1","decoded":{"sub":"1","id":"1","userName":"super admin","userGroup":"1","email":"superadmin@msense.in","hotelId":"4","brandId":"7","iat":1687955952,"exp":1688042352}}  
[2023-06-28 13:31:38] WizardSetupAction.INFO: ======= END WizardSetup Action (Get Template Details for hotel) ================  
[2023-06-28 13:31:56] WizardSetupAction.INFO: ======= Start WizardSetup Action (Get Template Details for hotel) ================  
[2023-06-28 13:31:56] WizardSetupAction.INFO: method : POST  
[2023-06-28 13:31:56] WizardSetupAction.INFO: Input Data : {"hotelid":"4","tempid":"1","decoded":{"sub":"1","id":"1","userName":"super admin","userGroup":"1","email":"superadmin@msense.in","hotelId":"4","brandId":"7","iat":1687955952,"exp":1688042352}}  
[2023-06-28 13:31:56] WizardSetupAction.INFO: ======= END WizardSetup Action (Get Template Details for hotel) ================  
[2023-06-28 13:32:16] WizardSetupAction.INFO: ======= Start WizardSetup Action (Get Template Details for hotel) ================  
[2023-06-28 13:32:16] WizardSetupAction.INFO: method : POST  
[2023-06-28 13:32:16] WizardSetupAction.INFO: Input Data : {"hotelid":"4","tempid":"1","decoded":{"sub":"1","id":"1","userName":"super admin","userGroup":"1","email":"superadmin@msense.in","hotelId":"4","brandId":"7","iat":1687955952,"exp":1688042352}}  
[2023-06-28 13:32:16] WizardSetupAction.INFO: ======= END WizardSetup Action (Get Template Details for hotel) ================  
[2023-06-28 13:33:38] WizardSetupAction.INFO: ======= Start WizardSetup Action (Get Template Details for hotel) ================  
[2023-06-28 13:33:38] WizardSetupAction.INFO: method : POST  
[2023-06-28 13:33:38] WizardSetupAction.INFO: Input Data : {"hotelid":"4","tempid":"1","decoded":{"sub":"1","id":"1","userName":"super admin","userGroup":"1","email":"superadmin@msense.in","hotelId":"4","brandId":"7","iat":1687955952,"exp":1688042352}}  
[2023-06-28 13:33:38] WizardSetupAction.INFO: ======= END WizardSetup Action (Get Template Details for hotel) ================  
[2023-06-28 13:34:22] WizardSetupAction.INFO: ======= Start WizardSetup Action (Get Template Details for hotel) ================  
[2023-06-28 13:34:22] WizardSetupAction.INFO: method : POST  
[2023-06-28 13:34:22] WizardSetupAction.INFO: Input Data : {"hotelid":"4","tempid":"1","decoded":{"sub":"1","id":"1","userName":"super admin","userGroup":"1","email":"superadmin@msense.in","hotelId":"4","brandId":"7","iat":1687955952,"exp":1688042352}}  
[2023-06-28 13:34:22] WizardSetupAction.INFO: ======= END WizardSetup Action (Get Template Details for hotel) ================  
[2023-06-28 13:34:27] WizardSetupAction.INFO: ======= Start WizardSetup Action (Get Template Details for hotel) ================  
[2023-06-28 13:34:27] WizardSetupAction.INFO: method : POST  
[2023-06-28 13:34:27] WizardSetupAction.INFO: Input Data : {"hotelid":"4","tempid":"1","decoded":{"sub":"1","id":"1","userName":"super admin","userGroup":"1","email":"superadmin@msense.in","hotelId":"4","brandId":"7","iat":1687955952,"exp":1688042352}}  
[2023-06-28 13:34:27] WizardSetupAction.INFO: ======= END WizardSetup Action (Get Template Details for hotel) ================  
[2023-06-28 13:35:26] WizardSetupAction.INFO: ======= Start WizardSetup Action (Get Template Details for hotel) ================  
[2023-06-28 13:35:26] WizardSetupAction.INFO: method : POST  
[2023-06-28 13:35:26] WizardSetupAction.INFO: Input Data : {"hotelid":"4","tempid":"1","decoded":{"sub":"1","id":"1","userName":"super admin","userGroup":"1","email":"superadmin@msense.in","hotelId":"4","brandId":"7","iat":1687955952,"exp":1688042352}}  
[2023-06-28 13:35:26] WizardSetupAction.INFO: ======= END WizardSetup Action (Get Template Details for hotel) ================  
[2023-06-28 13:38:46] WizardSetupAction.INFO: ======= Start WizardSetup Action (Get Template Details for hotel) ================  
[2023-06-28 13:38:46] WizardSetupAction.INFO: method : POST  
[2023-06-28 13:38:46] WizardSetupAction.INFO: Input Data : {"hotelid":"4","tempid":"1","decoded":{"sub":"1","id":"1","userName":"super admin","userGroup":"1","email":"superadmin@msense.in","hotelId":"4","brandId":"7","iat":1687955952,"exp":1688042352}}  
[2023-06-28 13:38:46] WizardSetupAction.INFO: ======= END WizardSetup Action (Get Template Details for hotel) ================  
[2023-06-28 13:39:08] WizardSetupAction.INFO: ======= Start WizardSetup Action (Get Template Details for hotel) ================  
[2023-06-28 13:39:08] WizardSetupAction.INFO: method : POST  
[2023-06-28 13:39:08] WizardSetupAction.INFO: Input Data : {"hotelid":"4","tempid":"1","decoded":{"sub":"1","id":"1","userName":"super admin","userGroup":"1","email":"superadmin@msense.in","hotelId":"4","brandId":"7","iat":1687955952,"exp":1688042352}}  
[2023-06-28 13:39:08] WizardSetupAction.INFO: ======= END WizardSetup Action (Get Template Details for hotel) ================  
[2023-06-28 13:40:09] WizardSetupAction.INFO: ======= Start WizardSetup Action (Get Template Details for hotel) ================  
[2023-06-28 13:40:09] WizardSetupAction.INFO: method : POST  
[2023-06-28 13:40:09] WizardSetupAction.INFO: Input Data : {"hotelid":"4","tempid":"1","decoded":{"sub":"1","id":"1","userName":"super admin","userGroup":"1","email":"superadmin@msense.in","hotelId":"4","brandId":"7","iat":1687955952,"exp":1688042352}}  
[2023-06-28 13:40:09] WizardSetupAction.INFO: ======= END WizardSetup Action (Get Template Details for hotel) ================  
[2023-06-28 13:41:21] WizardSetupAction.INFO: ======= Start WizardSetup Action (Get Template Details for hotel) ================  
[2023-06-28 13:41:21] WizardSetupAction.INFO: method : POST  
[2023-06-28 13:41:21] WizardSetupAction.INFO: Input Data : {"hotelid":"4","tempid":"1","decoded":{"sub":"1","id":"1","userName":"super admin","userGroup":"1","email":"superadmin@msense.in","hotelId":"4","brandId":"7","iat":1687955952,"exp":1688042352}}  
[2023-06-28 13:41:21] WizardSetupAction.INFO: ======= END WizardSetup Action (Get Template Details for hotel) ================  
[2023-06-28 13:41:25] WizardSetupAction.INFO: ======= Start WizardSetup Action (Get Template Details for hotel) ================  
[2023-06-28 13:41:25] WizardSetupAction.INFO: method : POST  
[2023-06-28 13:41:25] WizardSetupAction.INFO: Input Data : {"hotelid":"4","tempid":"1","decoded":{"sub":"1","id":"1","userName":"super admin","userGroup":"1","email":"superadmin@msense.in","hotelId":"4","brandId":"7","iat":1687955952,"exp":1688042352}}  
[2023-06-28 13:41:25] WizardSetupAction.INFO: ======= END WizardSetup Action (Get Template Details for hotel) ================  
[2023-06-28 13:41:36] WizardSetupAction.INFO: ======= Start WizardSetup Action (Get Template Details for hotel) ================  
[2023-06-28 13:41:36] WizardSetupAction.INFO: method : POST  
[2023-06-28 13:41:36] WizardSetupAction.INFO: Input Data : {"hotelid":"4","tempid":"1","decoded":{"sub":"1","id":"1","userName":"super admin","userGroup":"1","email":"superadmin@msense.in","hotelId":"4","brandId":"7","iat":1687955952,"exp":1688042352}}  
[2023-06-28 13:41:36] WizardSetupAction.INFO: ======= END WizardSetup Action (Get Template Details for hotel) ================  
[2023-06-28 13:43:18] WizardSetupAction.INFO: ======= Start WizardSetup Action (Get Template Details for hotel) ================  
[2023-06-28 13:43:18] WizardSetupAction.INFO: method : POST  
[2023-06-28 13:43:18] WizardSetupAction.INFO: Input Data : {"hotelid":"4","tempid":"1","decoded":{"sub":"1","id":"1","userName":"super admin","userGroup":"1","email":"superadmin@msense.in","hotelId":"4","brandId":"7","iat":1687955952,"exp":1688042352}}  
[2023-06-28 13:43:18] WizardSetupAction.INFO: ======= END WizardSetup Action (Get Template Details for hotel) ================  
[2023-06-28 13:46:04] WizardSetupAction.INFO: ======= Start WizardSetup Action (Get Template Details for hotel) ================  
[2023-06-28 13:46:04] WizardSetupAction.INFO: method : POST  
[2023-06-28 13:46:04] WizardSetupAction.INFO: Input Data : {"hotelid":"4","tempid":"1","decoded":{"sub":"1","id":"1","userName":"super admin","userGroup":"1","email":"superadmin@msense.in","hotelId":"4","brandId":"7","iat":1687955952,"exp":1688042352}}  
[2023-06-28 13:46:04] WizardSetupAction.INFO: ======= END WizardSetup Action (Get Template Details for hotel) ================  
[2023-06-28 13:51:16] WizardSetupAction.INFO: ======= Start WizardSetup Action (Get Template Details for hotel) ================  
[2023-06-28 13:51:16] WizardSetupAction.INFO: method : POST  
[2023-06-28 13:51:16] WizardSetupAction.INFO: Input Data : {"hotelid":"4","tempid":"1","decoded":{"sub":"1","id":"1","userName":"super admin","userGroup":"1","email":"superadmin@msense.in","hotelId":"4","brandId":"7","iat":1687955952,"exp":1688042352}}  
[2023-06-28 13:51:16] WizardSetupAction.INFO: ======= END WizardSetup Action (Get Template Details for hotel) ================  
[2023-06-28 13:55:50] WizardSetupAction.INFO: ======= Start WizardSetup Action (Get Template Details for hotel) ================  
[2023-06-28 13:55:50] WizardSetupAction.INFO: method : POST  
[2023-06-28 13:55:50] WizardSetupAction.INFO: Input Data : {"hotelid":"4","tempid":"1","decoded":{"sub":"1","id":"1","userName":"super admin","userGroup":"1","email":"superadmin@msense.in","hotelId":"4","brandId":"7","iat":1687955952,"exp":1688042352}}  
[2023-06-28 13:55:50] WizardSetupAction.INFO: ======= END WizardSetup Action (Get Template Details for hotel) ================  
[2023-06-28 13:55:54] WizardSetupAction.INFO: ======= Start WizardSetup Action (Get Template Details for hotel) ================  
[2023-06-28 13:55:54] WizardSetupAction.INFO: method : POST  
[2023-06-28 13:55:54] WizardSetupAction.INFO: Input Data : {"hotelid":"4","tempid":"1","decoded":{"sub":"1","id":"1","userName":"super admin","userGroup":"1","email":"superadmin@msense.in","hotelId":"4","brandId":"7","iat":1687955952,"exp":1688042352}}  
[2023-06-28 13:55:54] WizardSetupAction.INFO: ======= END WizardSetup Action (Get Template Details for hotel) ================  
[2023-06-28 13:55:59] WizardSetupAction.INFO: ======= Start WizardSetup Action (Get Template Details for hotel) ================  
[2023-06-28 13:55:59] WizardSetupAction.INFO: method : POST  
[2023-06-28 13:55:59] WizardSetupAction.INFO: Input Data : {"hotelid":"4","tempid":"1","decoded":{"sub":"1","id":"1","userName":"super admin","userGroup":"1","email":"superadmin@msense.in","hotelId":"4","brandId":"7","iat":1687955952,"exp":1688042352}}  
[2023-06-28 13:55:59] WizardSetupAction.INFO: ======= END WizardSetup Action (Get Template Details for hotel) ================  
[2023-06-28 13:56:03] WizardSetupAction.INFO: ======= Start WizardSetup Action (Get Template Details for hotel) ================  
[2023-06-28 13:56:03] WizardSetupAction.INFO: method : POST  
[2023-06-28 13:56:03] WizardSetupAction.INFO: Input Data : {"hotelid":"4","tempid":"1","decoded":{"sub":"1","id":"1","userName":"super admin","userGroup":"1","email":"superadmin@msense.in","hotelId":"4","brandId":"7","iat":1687955952,"exp":1688042352}}  
[2023-06-28 13:56:03] WizardSetupAction.INFO: ======= END WizardSetup Action (Get Template Details for hotel) ================  
[2023-06-28 13:56:32] WizardSetupAction.INFO: ======= Start WizardSetup Action (Get Template Details for hotel) ================  
[2023-06-28 13:56:32] WizardSetupAction.INFO: method : POST  
[2023-06-28 13:56:32] WizardSetupAction.INFO: Input Data : {"hotelid":"4","tempid":"1","decoded":{"sub":"1","id":"1","userName":"super admin","userGroup":"1","email":"superadmin@msense.in","hotelId":"4","brandId":"7","iat":1687960583,"exp":1688046983}}  
[2023-06-28 13:56:32] WizardSetupAction.INFO: ======= END WizardSetup Action (Get Template Details for hotel) ================  
[2023-06-28 13:58:32] WizardSetupAction.INFO: ======= Start WizardSetup Action (Get Template Details for hotel) ================  
[2023-06-28 13:58:32] WizardSetupAction.INFO: method : POST  
[2023-06-28 13:58:32] WizardSetupAction.INFO: Input Data : {"hotelid":"4","tempid":"1","decoded":{"sub":"1","id":"1","userName":"super admin","userGroup":"1","email":"superadmin@msense.in","hotelId":"4","brandId":"7","iat":1687960583,"exp":1688046983}}  
[2023-06-28 13:58:32] WizardSetupAction.INFO: ======= END WizardSetup Action (Get Template Details for hotel) ================  
[2023-06-28 13:59:54] WizardSetupAction.INFO: ======= Start WizardSetup Action (Get Template Details for hotel) ================  
[2023-06-28 13:59:54] WizardSetupAction.INFO: method : POST  
[2023-06-28 13:59:54] WizardSetupAction.INFO: Input Data : {"hotelid":"4","tempid":"1","decoded":{"sub":"1","id":"1","userName":"super admin","userGroup":"1","email":"superadmin@msense.in","hotelId":"4","brandId":"7","iat":1687960583,"exp":1688046983}}  
[2023-06-28 13:59:54] WizardSetupAction.INFO: ======= END WizardSetup Action (Get Template Details for hotel) ================  
[2023-06-28 13:59:58] WizardSetupAction.INFO: ======= Start WizardSetup Action (Get Template Details for hotel) ================  
[2023-06-28 13:59:58] WizardSetupAction.INFO: method : POST  
[2023-06-28 13:59:58] WizardSetupAction.INFO: Input Data : {"hotelid":"4","tempid":"1","decoded":{"sub":"1","id":"1","userName":"super admin","userGroup":"1","email":"superadmin@msense.in","hotelId":"4","brandId":"7","iat":1687960583,"exp":1688046983}}  
[2023-06-28 13:59:58] WizardSetupAction.INFO: ======= END WizardSetup Action (Get Template Details for hotel) ================  
[2023-06-28 14:00:00] WizardSetupAction.INFO: ======= Start WizardSetup Action (Update Template) ================  
[2023-06-28 14:00:00] WizardSetupAction.INFO: method : PUT  
[2023-06-28 14:00:00] WizardSetupAction.INFO: contentType : application/json  
[2023-06-28 14:00:00] WizardSetupAction.INFO: Input Data : {"templateid":"1","hotelid":"4","decoded":{"sub":"1","id":"1","userName":"super admin","userGroup":"1","email":"superadmin@msense.in","hotelId":"4","brandId":"7","iat":1687960583,"exp":1688046983}}  
[2023-06-28 14:00:00] WizardSetupAction.INFO: ======= END WizardSetup Action (Update Template) ================  
[2023-06-28 14:00:35] WizardSetupAction.INFO: ======= Start WizardSetup Action (Get Template Details for hotel) ================  
[2023-06-28 14:00:35] WizardSetupAction.INFO: method : POST  
[2023-06-28 14:00:35] WizardSetupAction.INFO: Input Data : {"hotelid":"4","tempid":"1","decoded":{"sub":"1","id":"1","userName":"super admin","userGroup":"1","email":"superadmin@msense.in","hotelId":"4","brandId":"7","iat":1687960583,"exp":1688046983}}  
[2023-06-28 14:00:35] WizardSetupAction.INFO: ======= END WizardSetup Action (Get Template Details for hotel) ================  
[2023-06-28 14:00:41] WizardSetupAction.INFO: ======= Start WizardSetup Action (Update Template) ================  
[2023-06-28 14:00:41] WizardSetupAction.INFO: method : PUT  
[2023-06-28 14:00:41] WizardSetupAction.INFO: contentType : application/json  
[2023-06-28 14:00:41] WizardSetupAction.INFO: Input Data : {"templateid":"1","hotelid":"4","decoded":{"sub":"1","id":"1","userName":"super admin","userGroup":"1","email":"superadmin@msense.in","hotelId":"4","brandId":"7","iat":1687960583,"exp":1688046983}}  
[2023-06-28 14:00:41] WizardSetupAction.INFO: ======= END WizardSetup Action (Update Template) ================  
[2023-06-28 14:01:00] WizardSetupAction.INFO: ======= Start WizardSetup Action (Get Template Details for hotel) ================  
[2023-06-28 14:01:00] WizardSetupAction.INFO: method : POST  
[2023-06-28 14:01:00] WizardSetupAction.INFO: Input Data : {"hotelid":"4","tempid":"1","decoded":{"sub":"1","id":"1","userName":"super admin","userGroup":"1","email":"superadmin@msense.in","hotelId":"4","brandId":"7","iat":1687960583,"exp":1688046983}}  
[2023-06-28 14:01:00] WizardSetupAction.INFO: ======= END WizardSetup Action (Get Template Details for hotel) ================  
[2023-06-28 14:01:22] WizardSetupAction.INFO: ======= Start WizardSetup Action (Get Template Details for hotel) ================  
[2023-06-28 14:01:22] WizardSetupAction.INFO: method : POST  
[2023-06-28 14:01:22] WizardSetupAction.INFO: Input Data : {"hotelid":"4","tempid":"1","decoded":{"sub":"1","id":"1","userName":"super admin","userGroup":"1","email":"superadmin@msense.in","hotelId":"4","brandId":"7","iat":1687960583,"exp":1688046983}}  
[2023-06-28 14:01:22] WizardSetupAction.INFO: ======= END WizardSetup Action (Get Template Details for hotel) ================  
[2023-06-28 14:01:24] WizardSetupAction.INFO: ======= Start WizardSetup Action (Update Template) ================  
[2023-06-28 14:01:24] WizardSetupAction.INFO: method : PUT  
[2023-06-28 14:01:24] WizardSetupAction.INFO: contentType : application/json  
[2023-06-28 14:01:24] WizardSetupAction.INFO: Input Data : {"templateid":"1","hotelid":"4","decoded":{"sub":"1","id":"1","userName":"super admin","userGroup":"1","email":"superadmin@msense.in","hotelId":"4","brandId":"7","iat":1687960583,"exp":1688046983}}  
[2023-06-28 14:01:24] WizardSetupAction.INFO: ======= END WizardSetup Action (Update Template) ================  
[2023-06-28 14:01:43] WizardSetupAction.INFO: ======= Start WizardSetup Action (Get Template Details for hotel) ================  
[2023-06-28 14:01:43] WizardSetupAction.INFO: method : POST  
[2023-06-28 14:01:43] WizardSetupAction.INFO: Input Data : {"hotelid":"4","tempid":"1","decoded":{"sub":"1","id":"1","userName":"super admin","userGroup":"1","email":"superadmin@msense.in","hotelId":"4","brandId":"7","iat":1687960583,"exp":1688046983}}  
[2023-06-28 14:01:43] WizardSetupAction.INFO: ======= END WizardSetup Action (Get Template Details for hotel) ================  
[2023-06-28 14:02:00] WizardSetupAction.INFO: ======= Start WizardSetup Action (Get Template Details for hotel) ================  
[2023-06-28 14:02:00] WizardSetupAction.INFO: method : POST  
[2023-06-28 14:02:00] WizardSetupAction.INFO: Input Data : {"hotelid":"4","tempid":"1","decoded":{"sub":"1","id":"1","userName":"super admin","userGroup":"1","email":"superadmin@msense.in","hotelId":"4","brandId":"7","iat":1687960583,"exp":1688046983}}  
[2023-06-28 14:02:00] WizardSetupAction.INFO: ======= END WizardSetup Action (Get Template Details for hotel) ================  
[2023-06-28 14:02:02] WizardSetupAction.INFO: ======= Start WizardSetup Action (Update Template) ================  
[2023-06-28 14:02:02] WizardSetupAction.INFO: method : PUT  
[2023-06-28 14:02:02] WizardSetupAction.INFO: contentType : application/json  
[2023-06-28 14:02:02] WizardSetupAction.INFO: Input Data : {"templateid":"1","hotelid":"4","decoded":{"sub":"1","id":"1","userName":"super admin","userGroup":"1","email":"superadmin@msense.in","hotelId":"4","brandId":"7","iat":1687960583,"exp":1688046983}}  
[2023-06-28 14:02:02] WizardSetupAction.INFO: ======= END WizardSetup Action (Update Template) ================  
[2023-06-28 14:03:02] WizardSetupAction.INFO: ======= Start WizardSetup Action (Get Template Details for hotel) ================  
[2023-06-28 14:03:02] WizardSetupAction.INFO: method : POST  
[2023-06-28 14:03:02] WizardSetupAction.INFO: Input Data : {"hotelid":"4","tempid":"1","decoded":{"sub":"1","id":"1","userName":"super admin","userGroup":"1","email":"superadmin@msense.in","hotelId":"4","brandId":"7","iat":1687960583,"exp":1688046983}}  
[2023-06-28 14:03:02] WizardSetupAction.INFO: ======= END WizardSetup Action (Get Template Details for hotel) ================  
[2023-06-28 14:03:09] WizardSetupAction.INFO: ======= Start WizardSetup Action (Update Template) ================  
[2023-06-28 14:03:09] WizardSetupAction.INFO: method : PUT  
[2023-06-28 14:03:09] WizardSetupAction.INFO: contentType : application/json  
[2023-06-28 14:03:09] WizardSetupAction.INFO: Input Data : {"templateid":"1","hotelid":"4","decoded":{"sub":"1","id":"1","userName":"super admin","userGroup":"1","email":"superadmin@msense.in","hotelId":"4","brandId":"7","iat":1687960583,"exp":1688046983}}  
[2023-06-28 14:03:09] WizardSetupAction.INFO: ======= END WizardSetup Action (Update Template) ================  
[2023-06-28 14:06:28] WizardSetupAction.INFO: ======= Start WizardSetup Action (Get Template Details for hotel) ================  
[2023-06-28 14:06:28] WizardSetupAction.INFO: method : POST  
[2023-06-28 14:06:28] WizardSetupAction.INFO: Input Data : {"hotelid":"4","tempid":"1","decoded":{"sub":"1","id":"1","userName":"super admin","userGroup":"1","email":"superadmin@msense.in","hotelId":"4","brandId":"7","iat":1687960583,"exp":1688046983}}  
[2023-06-28 14:06:28] WizardSetupAction.INFO: ======= END WizardSetup Action (Get Template Details for hotel) ================  
[2023-06-28 14:08:04] WizardSetupAction.INFO: ======= Start WizardSetup Action (Get Template Details for hotel) ================  
[2023-06-28 14:08:04] WizardSetupAction.INFO: method : POST  
[2023-06-28 14:08:04] WizardSetupAction.INFO: Input Data : {"hotelid":"4","tempid":"1","decoded":{"sub":"1","id":"1","userName":"super admin","userGroup":"1","email":"superadmin@msense.in","hotelId":"4","brandId":"7","iat":1687961279,"exp":1688047679}}  
[2023-06-28 14:08:04] WizardSetupAction.INFO: ======= END WizardSetup Action (Get Template Details for hotel) ================  
