[2023-06-27 01:10:02] ChannelModel.INFO: Query : call SP_AddandEditChannelInfo('UPDATE','test', 'public/uploads/Channels/test.png', 162,1)  
[2023-06-27 01:10:45] ChannelModel.INFO: Query : call SP_AddandEditChannelInfo('ADD','test','public/uploads/Channels/test.png' ,0 ,1)  
[2023-06-27 01:10:47] ChannelModel.INFO: Query : call SP_AddandEditChannelInfo('ADD','test','public/uploads/Channels/test.png' ,0 ,1)  
[2023-06-27 01:11:10] ChannelModel.INFO: Query : call SP_AddandEditChannelInfo('ADD','test1','public/uploads/Channels/test1.png' ,0 ,1)  
[2023-06-27 01:12:46] ChannelModel.INFO: Query : call SP_AddandEditChannelInfo('ADD','test2','public/uploads/Channels/test2.png' ,0 ,1)  
[2023-06-27 01:12:46] ChannelModel.INFO: Query : call SP_AddandEditChannelInfo('ADD','test2','public/uploads/Channels/test2.png' ,0 ,1)  
[2023-06-27 01:12:46] ChannelModel.INFO: Query : call SP_AddandEditChannelInfo('ADD','test2','public/uploads/Channels/test2.png' ,0 ,1)  
[2023-06-27 01:12:49] ChannelModel.INFO: Query : call SP_AddandEditChannelInfo('ADD','test2','public/uploads/Channels/test2.png' ,0 ,1)  
[2023-06-27 01:12:49] ChannelModel.INFO: Query : call SP_AddandEditChannelInfo('ADD','test2','public/uploads/Channels/test2.png' ,0 ,1)  
[2023-06-27 01:12:49] ChannelModel.INFO: Query : call SP_AddandEditChannelInfo('ADD','test2','public/uploads/Channels/test2.png' ,0 ,1)  
[2023-06-27 01:12:57] ChannelModel.INFO: Query : call SP_AddandEditChannelInfo('ADD','test3','public/uploads/Channels/test3.png' ,0 ,1)  
[2023-06-27 01:12:57] ChannelModel.INFO: Query : call SP_AddandEditChannelInfo('ADD','test2','public/uploads/Channels/test2.png' ,0 ,1)  
[2023-06-27 01:12:57] ChannelModel.INFO: Query : call SP_AddandEditChannelInfo('ADD','test2','public/uploads/Channels/test2.png' ,0 ,1)  
[2023-06-27 01:13:06] ChannelModel.INFO: Query : call SP_AddandEditChannelInfo('ADD','test3','public/uploads/Channels/test3.png' ,0 ,1)  
[2023-06-27 01:13:06] ChannelModel.INFO: Query : call SP_AddandEditChannelInfo('ADD','test2','public/uploads/Channels/test2.png' ,0 ,1)  
[2023-06-27 01:13:06] ChannelModel.INFO: Query : call SP_AddandEditChannelInfo('ADD','test4','public/uploads/Channels/test4.png' ,0 ,1)  
[2023-06-27 04:41:35] ChannelModel.INFO: Query : call SP_AddandEditChannelInfo('ADD','sdfsd','public/uploads/Channels/sdfsd.png' ,0 ,1)  
[2023-06-27 04:42:07] ChannelModel.INFO: Query : call SP_AddandEditChannelInfo('ADD','sdsadA','public/uploads/Channels/sdsadA.png' ,0 ,1)  
[2023-06-27 04:42:53] ChannelModel.INFO: Query : call SP_AddandEditChannelInfo('ADD','test11','public/uploads/Channels/test11.png' ,0 ,1)  
[2023-06-27 04:42:53] ChannelModel.INFO: Query : call SP_AddandEditChannelInfo('ADD','test11','public/uploads/Channels/test11.png' ,0 ,1)  
[2023-06-27 04:43:28] ChannelModel.INFO: Query : call SP_AddandEditChannelInfo('UPDATE','test11', 'public/uploads/Channels/test11.png', 170,1)  
[2023-06-27 04:43:38] ChannelModel.INFO: Query : call SP_AddandEditChannelInfo('UPDATE','test11', 'public/uploads/Channels/test11.png', 169,1)  
[2023-06-27 04:43:49] ChannelModel.INFO: Query : call SP_AddandEditChannelInfo('UPDATE','test11', 'public/uploads/Channels/test11.png', 169,1)  
[2023-06-27 04:44:05] ChannelModel.INFO: Query : call SP_AddandEditChannelInfo('UPDATE','test11', 'public/uploads/Channels/test11.png', 169,1)  
[2023-06-27 04:46:21] ChannelModel.INFO: Query : call SP_AddandEditChannelInfo('DELETE','', '', 169,1)  
[2023-06-27 04:46:24] ChannelModel.INFO: Query : call SP_AddandEditChannelInfo('DELETE','', '', 170,1)  
[2023-06-27 04:46:27] ChannelModel.INFO: Query : call SP_AddandEditChannelInfo('DELETE','', '', 166,1)  
[2023-06-27 04:46:37] ChannelModel.INFO: Query : call SP_AddandEditChannelInfo('UPDATE','sdsadA', 'public/uploads/Channels/sdsadA.png', 168,1)  
[2023-06-27 05:16:33] ChannelModel.INFO: Query : call SP_AddandEditChannelInfo('DELETE','', '', 168,1)  
[2023-06-27 05:57:28] ChannelModel.INFO: Query : call SP_AddandEditChannelInfo('ADD','teste','public/uploads/Channels/teste.png' ,0 ,1)  
[2023-06-27 05:57:28] ChannelModel.INFO: Query : call SP_AddandEditChannelInfo('ADD','esete','public/uploads/Channels/esete.jpeg' ,0 ,1)  
[2023-06-27 09:14:46] ChannelModel.INFO: Query : call SP_AddandEditChannelInfo('UPDATE','esete', 'public/uploads/Channels/esete.png', 172,1)  
[2023-06-27 09:14:58] ChannelModel.INFO: Query : call SP_AddandEditChannelInfo('UPDATE','esete', 'public/uploads/Channels/esete.png', 172,1)  
[2023-06-27 09:16:20] ChannelModel.INFO: Query : call SP_AddandEditChannelInfo('UPDATE','esete', 'public/uploads/Channels/esete.png', 172,1)  
[2023-06-27 09:17:43] ChannelModel.INFO: Query : call SP_AddandEditChannelInfo('UPDATE','esete', 'public/uploads/Channels/esete.png', 172,1)  
[2023-06-27 09:18:18] ChannelModel.INFO: Query : call SP_AddandEditChannelInfo('UPDATE','sdfsd', 'public/uploads/Channels/sdfsd.png', 167,1)  
[2023-06-27 09:18:43] ChannelModel.INFO: Query : call SP_AddandEditChannelInfo('UPDATE','esete', 'public/uploads/Channels/esete.png', 172,1)  
[2023-06-27 09:18:56] ChannelModel.INFO: Query : call SP_AddandEditChannelInfo('UPDATE','teste', 'public/uploads/Channels/teste.png', 171,1)  
[2023-06-27 14:13:46] ChannelModel.INFO: Query : call SP_AddandEditChannelInfo('ADD','teste','public/uploads/Channels/teste.png' ,0 ,1)  
[2023-06-27 14:13:46] ChannelModel.INFO: Query : call SP_AddandEditChannelInfo('ADD','afsdfds','public/uploads/Channels/afsdfds.jpeg' ,0 ,1)  
[2023-06-27 14:13:53] ChannelModel.INFO: Query : call SP_AddandEditChannelInfo('DELETE','', '', 171,1)  
