[2023-06-27 01:09:31] ChannelRepository.INFO: ======= Start Channel Repository ================  
[2023-06-27 01:09:31] ChannelRepository.INFO: Input Data : {"channelname":"test","channelimg":"","decoded":{"sub":"1","id":"1","userName":"super admin","userGroup":"1","email":"superadmin@msense.in","hotelId":"4","brandId":"7","iat":1687827891,"exp":1687914291}}  
[2023-06-27 01:09:31] ChannelRepository.ERROR: Error Code : 301Error Message : Channel image required  
[2023-06-27 01:09:31] ChannelRepository.ERROR: Error File : /var/www/projects/ottproduct/api/v1/src/Domain/Repository/Channel/ChannelRepository.phpError Line : 164  
[2023-06-27 01:09:31] ChannelRepository.INFO: ======= End Channel Repository ================  
[2023-06-27 01:09:48] ChannelRepository.INFO: ======= Start Channel Repository ================  
[2023-06-27 01:09:48] ChannelRepository.INFO: Input Data : {"channelname":"test","channelimg":"","decoded":{"sub":"1","id":"1","userName":"super admin","userGroup":"1","email":"superadmin@msense.in","hotelId":"4","brandId":"7","iat":1687827891,"exp":1687914291}}  
[2023-06-27 01:09:48] ChannelRepository.ERROR: Error Code : 301Error Message : Channel image required  
[2023-06-27 01:09:48] ChannelRepository.ERROR: Error File : /var/www/projects/ottproduct/api/v1/src/Domain/Repository/Channel/ChannelRepository.phpError Line : 164  
[2023-06-27 01:09:48] ChannelRepository.INFO: ======= End Channel Repository ================  
[2023-06-27 01:10:02] ChannelRepository.INFO: ======= Start Channel Repository ================  
[2023-06-27 01:10:02] ChannelRepository.INFO: Input Data : {"channelname":"test","decoded":{"sub":"1","id":"1","userName":"super admin","userGroup":"1","email":"superadmin@msense.in","hotelId":"4","brandId":"7","iat":1687827891,"exp":1687914291}}  
[2023-06-27 01:10:02] ChannelRepository.INFO: Insert Status : {"msg":"Channel Name Already Available","status":"FAILURE"}  
[2023-06-27 01:10:02] ChannelRepository.INFO: ======= End Channel Repository ================  
[2023-06-27 04:43:28] ChannelRepository.INFO: ======= Start Channel Repository ================  
[2023-06-27 04:43:28] ChannelRepository.INFO: Input Data : {"channelname":"test11","decoded":{"sub":"1","id":"1","userName":"super admin","userGroup":"1","email":"superadmin@msense.in","hotelId":"4","brandId":"7","iat":1687840709,"exp":1687927109}}  
[2023-06-27 04:43:28] ChannelRepository.INFO: Insert Status : {"msg":"Channel Updated SuccessFully","status":"Success"}  
[2023-06-27 04:43:28] ChannelRepository.INFO: ======= End Channel Repository ================  
[2023-06-27 04:43:38] ChannelRepository.INFO: ======= Start Channel Repository ================  
[2023-06-27 04:43:38] ChannelRepository.INFO: Input Data : {"channelname":"test11","decoded":{"sub":"1","id":"1","userName":"super admin","userGroup":"1","email":"superadmin@msense.in","hotelId":"4","brandId":"7","iat":1687840709,"exp":1687927109}}  
[2023-06-27 04:43:38] ChannelRepository.INFO: Insert Status : {"msg":"Channel Updated SuccessFully","status":"Success"}  
[2023-06-27 04:43:38] ChannelRepository.INFO: ======= End Channel Repository ================  
[2023-06-27 04:43:49] ChannelRepository.INFO: ======= Start Channel Repository ================  
[2023-06-27 04:43:49] ChannelRepository.INFO: Input Data : {"channelname":"test11","decoded":{"sub":"1","id":"1","userName":"super admin","userGroup":"1","email":"superadmin@msense.in","hotelId":"4","brandId":"7","iat":1687840709,"exp":1687927109}}  
[2023-06-27 04:43:49] ChannelRepository.INFO: Insert Status : {"msg":"Channel Updated SuccessFully","status":"Success"}  
[2023-06-27 04:43:49] ChannelRepository.INFO: ======= End Channel Repository ================  
[2023-06-27 04:44:05] ChannelRepository.INFO: ======= Start Channel Repository ================  
[2023-06-27 04:44:05] ChannelRepository.INFO: Input Data : {"channelname":"test11","decoded":{"sub":"1","id":"1","userName":"super admin","userGroup":"1","email":"superadmin@msense.in","hotelId":"4","brandId":"7","iat":1687840709,"exp":1687927109}}  
[2023-06-27 04:44:05] ChannelRepository.INFO: Insert Status : {"msg":"Channel Updated SuccessFully","status":"Success"}  
[2023-06-27 04:44:05] ChannelRepository.INFO: ======= End Channel Repository ================  
[2023-06-27 04:46:21] ChannelRepository.INFO: ======= Start Channel Repository ================  
[2023-06-27 04:46:21] ChannelRepository.INFO: ======= End Channel Repository ================  
[2023-06-27 04:46:24] ChannelRepository.INFO: ======= Start Channel Repository ================  
[2023-06-27 04:46:24] ChannelRepository.INFO: ======= End Channel Repository ================  
[2023-06-27 04:46:27] ChannelRepository.INFO: ======= Start Channel Repository ================  
[2023-06-27 04:46:27] ChannelRepository.INFO: ======= End Channel Repository ================  
[2023-06-27 04:46:37] ChannelRepository.INFO: ======= Start Channel Repository ================  
[2023-06-27 04:46:37] ChannelRepository.INFO: Input Data : {"channelname":"sdsadA","decoded":{"sub":"1","id":"1","userName":"super admin","userGroup":"1","email":"superadmin@msense.in","hotelId":"4","brandId":"7","iat":1687841161,"exp":1687927561}}  
[2023-06-27 04:46:37] ChannelRepository.INFO: Insert Status : {"msg":"Channel Updated SuccessFully","status":"Success"}  
[2023-06-27 04:46:37] ChannelRepository.INFO: ======= End Channel Repository ================  
[2023-06-27 05:16:33] ChannelRepository.INFO: ======= Start Channel Repository ================  
[2023-06-27 05:16:33] ChannelRepository.INFO: ======= End Channel Repository ================  
[2023-06-27 09:14:46] ChannelRepository.INFO: ======= Start Channel Repository ================  
[2023-06-27 09:14:46] ChannelRepository.INFO: Input Data : {"channelname":"esete","decoded":{"sub":"1","id":"1","userName":"super admin","userGroup":"1","email":"superadmin@msense.in","hotelId":"4","brandId":"7","iat":1687846864,"exp":1687933264}}  
[2023-06-27 09:14:46] ChannelRepository.INFO: Insert Status : {"msg":"Channel Updated SuccessFully","status":"Success"}  
[2023-06-27 09:14:46] ChannelRepository.INFO: ======= End Channel Repository ================  
[2023-06-27 09:14:58] ChannelRepository.INFO: ======= Start Channel Repository ================  
[2023-06-27 09:14:58] ChannelRepository.INFO: Input Data : {"channelname":"esete","decoded":{"sub":"1","id":"1","userName":"super admin","userGroup":"1","email":"superadmin@msense.in","hotelId":"4","brandId":"7","iat":1687846864,"exp":1687933264}}  
[2023-06-27 09:14:58] ChannelRepository.INFO: Insert Status : {"msg":"Channel Updated SuccessFully","status":"Success"}  
[2023-06-27 09:14:58] ChannelRepository.INFO: ======= End Channel Repository ================  
[2023-06-27 09:16:20] ChannelRepository.INFO: ======= Start Channel Repository ================  
[2023-06-27 09:16:20] ChannelRepository.INFO: Input Data : {"channelname":"esete","decoded":{"sub":"1","id":"1","userName":"super admin","userGroup":"1","email":"superadmin@msense.in","hotelId":"4","brandId":"7","iat":1687846864,"exp":1687933264}}  
[2023-06-27 09:16:20] ChannelRepository.INFO: Insert Status : {"msg":"Channel Updated SuccessFully","status":"Success"}  
[2023-06-27 09:16:20] ChannelRepository.INFO: ======= End Channel Repository ================  
[2023-06-27 09:17:43] ChannelRepository.INFO: ======= Start Channel Repository ================  
[2023-06-27 09:17:43] ChannelRepository.INFO: Input Data : {"channelname":"esete","decoded":{"sub":"1","id":"1","userName":"super admin","userGroup":"1","email":"superadmin@msense.in","hotelId":"4","brandId":"7","iat":1687846864,"exp":1687933264}}  
[2023-06-27 09:17:43] ChannelRepository.INFO: Insert Status : {"msg":"Channel Updated SuccessFully","status":"Success"}  
[2023-06-27 09:17:43] ChannelRepository.INFO: ======= End Channel Repository ================  
[2023-06-27 09:18:18] ChannelRepository.INFO: ======= Start Channel Repository ================  
[2023-06-27 09:18:18] ChannelRepository.INFO: Input Data : {"channelname":"sdfsd","decoded":{"sub":"1","id":"1","userName":"super admin","userGroup":"1","email":"superadmin@msense.in","hotelId":"4","brandId":"7","iat":1687846864,"exp":1687933264}}  
[2023-06-27 09:18:18] ChannelRepository.INFO: Insert Status : {"msg":"Channel Updated SuccessFully","status":"Success"}  
[2023-06-27 09:18:18] ChannelRepository.INFO: ======= End Channel Repository ================  
[2023-06-27 09:18:43] ChannelRepository.INFO: ======= Start Channel Repository ================  
[2023-06-27 09:18:43] ChannelRepository.INFO: Input Data : {"channelname":"esete","decoded":{"sub":"1","id":"1","userName":"super admin","userGroup":"1","email":"superadmin@msense.in","hotelId":"4","brandId":"7","iat":1687846864,"exp":1687933264}}  
[2023-06-27 09:18:43] ChannelRepository.INFO: Insert Status : {"msg":"Channel Updated SuccessFully","status":"Success"}  
[2023-06-27 09:18:43] ChannelRepository.INFO: ======= End Channel Repository ================  
[2023-06-27 09:18:56] ChannelRepository.INFO: ======= Start Channel Repository ================  
[2023-06-27 09:18:56] ChannelRepository.INFO: Input Data : {"channelname":"teste","decoded":{"sub":"1","id":"1","userName":"super admin","userGroup":"1","email":"superadmin@msense.in","hotelId":"4","brandId":"7","iat":1687846864,"exp":1687933264}}  
[2023-06-27 09:18:56] ChannelRepository.INFO: Insert Status : {"msg":"Channel Updated SuccessFully","status":"Success"}  
[2023-06-27 09:18:56] ChannelRepository.INFO: ======= End Channel Repository ================  
[2023-06-27 14:13:53] ChannelRepository.INFO: ======= Start Channel Repository ================  
[2023-06-27 14:13:53] ChannelRepository.INFO: ======= End Channel Repository ================  
