[2023-06-27 01:05:40] ChannelAction.INFO: ======= Start Channel Action (List) ================  
[2023-06-27 01:05:40] ChannelAction.INFO: method : POST  
[2023-06-27 01:05:40] ChannelAction.INFO: contentType : application/json  
[2023-06-27 01:05:40] ChannelAction.INFO: Input Data : {"decoded":{"sub":"1","id":"1","userName":"super admin","userGroup":"1","email":"superadmin@msense.in","hotelId":"4","brandId":"7","iat":1687827891,"exp":1687914291}}  
[2023-06-27 01:05:40] ChannelAction.INFO: ======= END Channel Action (List) ================  
[2023-06-27 01:09:16] ChannelAction.INFO: ======= Start Channel Action (List) ================  
[2023-06-27 01:09:16] ChannelAction.INFO: method : POST  
[2023-06-27 01:09:16] ChannelAction.INFO: contentType : application/json  
[2023-06-27 01:09:16] ChannelAction.INFO: Input Data : {"decoded":{"sub":"1","id":"1","userName":"super admin","userGroup":"1","email":"superadmin@msense.in","hotelId":"4","brandId":"7","iat":1687827891,"exp":1687914291}}  
[2023-06-27 01:09:16] ChannelAction.INFO: ======= END Channel Action (List) ================  
[2023-06-27 01:09:31] ChannelAction.INFO: ======= Start Channel Action (UPDATE) ================  
[2023-06-27 01:09:31] ChannelAction.INFO: method : POST  
[2023-06-27 01:09:31] ChannelAction.INFO: Channel id : 162  
[2023-06-27 01:09:31] ChannelAction.ERROR: Error Code : 301Error Message : Channel image required  
[2023-06-27 01:09:31] ChannelAction.ERROR: Error File : /var/www/projects/ottproduct/api/v1/src/Domain/Repository/Channel/ChannelRepository.phpError Line : 181  
[2023-06-27 01:09:31] ChannelAction.INFO: ======= END Channel Action (UPDATE) ================  
[2023-06-27 01:09:48] ChannelAction.INFO: ======= Start Channel Action (UPDATE) ================  
[2023-06-27 01:09:48] ChannelAction.INFO: method : POST  
[2023-06-27 01:09:48] ChannelAction.INFO: Channel id : 162  
[2023-06-27 01:09:48] ChannelAction.ERROR: Error Code : 301Error Message : Channel image required  
[2023-06-27 01:09:48] ChannelAction.ERROR: Error File : /var/www/projects/ottproduct/api/v1/src/Domain/Repository/Channel/ChannelRepository.phpError Line : 181  
[2023-06-27 01:09:48] ChannelAction.INFO: ======= END Channel Action (UPDATE) ================  
[2023-06-27 01:10:02] ChannelAction.INFO: ======= Start Channel Action (UPDATE) ================  
[2023-06-27 01:10:02] ChannelAction.INFO: method : POST  
[2023-06-27 01:10:02] ChannelAction.INFO: Channel id : 162  
[2023-06-27 01:10:02] ChannelAction.INFO: Insert Status : {"msg":"Channel Name Already Available","status":"FAILURE"}  
[2023-06-27 01:10:02] ChannelAction.INFO: ======= END Channel Action (UPDATE) ================  
[2023-06-27 01:10:02] ChannelAction.INFO: ======= Start Channel Action (List) ================  
[2023-06-27 01:10:02] ChannelAction.INFO: method : POST  
[2023-06-27 01:10:02] ChannelAction.INFO: contentType : application/json  
[2023-06-27 01:10:02] ChannelAction.INFO: Input Data : {"decoded":{"sub":"1","id":"1","userName":"super admin","userGroup":"1","email":"superadmin@msense.in","hotelId":"4","brandId":"7","iat":1687827891,"exp":1687914291}}  
[2023-06-27 01:10:02] ChannelAction.INFO: ======= END Channel Action (List) ================  
[2023-06-27 01:10:02] ChannelAction.INFO: ======= Start Channel Action (List) ================  
[2023-06-27 01:10:02] ChannelAction.INFO: method : POST  
[2023-06-27 01:10:02] ChannelAction.INFO: contentType : application/json  
[2023-06-27 01:10:02] ChannelAction.INFO: Input Data : {"decoded":{"sub":"1","id":"1","userName":"super admin","userGroup":"1","email":"superadmin@msense.in","hotelId":"4","brandId":"7","iat":1687827891,"exp":1687914291}}  
[2023-06-27 01:10:02] ChannelAction.INFO: ======= END Channel Action (List) ================  
[2023-06-27 01:10:45] ChannelAction.INFO: ======= Start Channel Action (CREATE) ================  
[2023-06-27 01:10:45] ChannelAction.INFO: method : POST  
[2023-06-27 01:10:45] ChannelAction.INFO: Input Data : {"channelname":["test"],"decoded":{"sub":"1","id":"1","userName":"super admin","userGroup":"1","email":"superadmin@msense.in","hotelId":"4","brandId":"7","iat":1687827891,"exp":1687914291}}  
[2023-06-27 01:10:45] ChannelAction.INFO: Insert Status : {"msg":"Channel Name Already Available","status":"FAILURE"}  
[2023-06-27 01:10:45] ChannelAction.INFO: ======= END Channel Action (CREATE) ================  
[2023-06-27 01:10:47] ChannelAction.INFO: ======= Start Channel Action (CREATE) ================  
[2023-06-27 01:10:47] ChannelAction.INFO: method : POST  
[2023-06-27 01:10:47] ChannelAction.INFO: Input Data : {"channelname":["test"],"decoded":{"sub":"1","id":"1","userName":"super admin","userGroup":"1","email":"superadmin@msense.in","hotelId":"4","brandId":"7","iat":1687827891,"exp":1687914291}}  
[2023-06-27 01:10:47] ChannelAction.INFO: Insert Status : {"msg":"Channel Name Already Available","status":"FAILURE"}  
[2023-06-27 01:10:47] ChannelAction.INFO: ======= END Channel Action (CREATE) ================  
[2023-06-27 01:11:10] ChannelAction.INFO: ======= Start Channel Action (CREATE) ================  
[2023-06-27 01:11:10] ChannelAction.INFO: method : POST  
[2023-06-27 01:11:10] ChannelAction.INFO: Input Data : {"channelname":["test1"],"decoded":{"sub":"1","id":"1","userName":"super admin","userGroup":"1","email":"superadmin@msense.in","hotelId":"4","brandId":"7","iat":1687827891,"exp":1687914291}}  
[2023-06-27 01:11:10] ChannelAction.INFO: Insert Status : {"msg":"Channel Added SuccessFully","status":"Success"}  
[2023-06-27 01:11:10] ChannelAction.INFO: ======= END Channel Action (CREATE) ================  
[2023-06-27 01:11:10] ChannelAction.INFO: ======= Start Channel Action (List) ================  
[2023-06-27 01:11:10] ChannelAction.INFO: method : POST  
[2023-06-27 01:11:10] ChannelAction.INFO: contentType : application/json  
[2023-06-27 01:11:10] ChannelAction.INFO: Input Data : {"decoded":{"sub":"1","id":"1","userName":"super admin","userGroup":"1","email":"superadmin@msense.in","hotelId":"4","brandId":"7","iat":1687827891,"exp":1687914291}}  
[2023-06-27 01:11:10] ChannelAction.INFO: ======= END Channel Action (List) ================  
[2023-06-27 01:11:10] ChannelAction.INFO: ======= Start Channel Action (List) ================  
[2023-06-27 01:11:10] ChannelAction.INFO: method : POST  
[2023-06-27 01:11:10] ChannelAction.INFO: contentType : application/json  
[2023-06-27 01:11:10] ChannelAction.INFO: Input Data : {"decoded":{"sub":"1","id":"1","userName":"super admin","userGroup":"1","email":"superadmin@msense.in","hotelId":"4","brandId":"7","iat":1687827891,"exp":1687914291}}  
[2023-06-27 01:11:10] ChannelAction.INFO: ======= END Channel Action (List) ================  
[2023-06-27 01:12:46] ChannelAction.INFO: ======= Start Channel Action (CREATE) ================  
[2023-06-27 01:12:46] ChannelAction.INFO: method : POST  
[2023-06-27 01:12:46] ChannelAction.INFO: Input Data : {"channelname":["test2","test2","test2"],"decoded":{"sub":"1","id":"1","userName":"super admin","userGroup":"1","email":"superadmin@msense.in","hotelId":"4","brandId":"7","iat":1687827891,"exp":1687914291}}  
[2023-06-27 01:12:46] ChannelAction.INFO: Insert Status : {"msg":"Channel Name Already Available","status":"FAILURE"}  
[2023-06-27 01:12:46] ChannelAction.INFO: ======= END Channel Action (CREATE) ================  
[2023-06-27 01:12:49] ChannelAction.INFO: ======= Start Channel Action (CREATE) ================  
[2023-06-27 01:12:49] ChannelAction.INFO: method : POST  
[2023-06-27 01:12:49] ChannelAction.INFO: Input Data : {"channelname":["test2","test2","test2"],"decoded":{"sub":"1","id":"1","userName":"super admin","userGroup":"1","email":"superadmin@msense.in","hotelId":"4","brandId":"7","iat":1687827891,"exp":1687914291}}  
[2023-06-27 01:12:49] ChannelAction.INFO: Insert Status : {"msg":"Channel Name Already Available","status":"FAILURE"}  
[2023-06-27 01:12:49] ChannelAction.INFO: ======= END Channel Action (CREATE) ================  
[2023-06-27 01:12:57] ChannelAction.INFO: ======= Start Channel Action (CREATE) ================  
[2023-06-27 01:12:57] ChannelAction.INFO: method : POST  
[2023-06-27 01:12:57] ChannelAction.INFO: Input Data : {"channelname":["test3","test2","test2"],"decoded":{"sub":"1","id":"1","userName":"super admin","userGroup":"1","email":"superadmin@msense.in","hotelId":"4","brandId":"7","iat":1687827891,"exp":1687914291}}  
[2023-06-27 01:12:57] ChannelAction.INFO: Insert Status : {"msg":"Channel Name Already Available","status":"FAILURE"}  
[2023-06-27 01:12:57] ChannelAction.INFO: ======= END Channel Action (CREATE) ================  
[2023-06-27 01:13:06] ChannelAction.INFO: ======= Start Channel Action (CREATE) ================  
[2023-06-27 01:13:06] ChannelAction.INFO: method : POST  
[2023-06-27 01:13:06] ChannelAction.INFO: Input Data : {"channelname":["test3","test2","test4"],"decoded":{"sub":"1","id":"1","userName":"super admin","userGroup":"1","email":"superadmin@msense.in","hotelId":"4","brandId":"7","iat":1687827891,"exp":1687914291}}  
[2023-06-27 01:13:06] ChannelAction.INFO: Insert Status : {"msg":"Channel Added SuccessFully","status":"Success"}  
[2023-06-27 01:13:06] ChannelAction.INFO: ======= END Channel Action (CREATE) ================  
[2023-06-27 01:13:06] ChannelAction.INFO: ======= Start Channel Action (List) ================  
[2023-06-27 01:13:06] ChannelAction.INFO: method : POST  
[2023-06-27 01:13:06] ChannelAction.INFO: contentType : application/json  
[2023-06-27 01:13:06] ChannelAction.INFO: Input Data : {"decoded":{"sub":"1","id":"1","userName":"super admin","userGroup":"1","email":"superadmin@msense.in","hotelId":"4","brandId":"7","iat":1687827891,"exp":1687914291}}  
[2023-06-27 01:13:06] ChannelAction.INFO: ======= END Channel Action (List) ================  
[2023-06-27 01:13:06] ChannelAction.INFO: ======= Start Channel Action (List) ================  
[2023-06-27 01:13:06] ChannelAction.INFO: method : POST  
[2023-06-27 01:13:06] ChannelAction.INFO: contentType : application/json  
[2023-06-27 01:13:06] ChannelAction.INFO: Input Data : {"decoded":{"sub":"1","id":"1","userName":"super admin","userGroup":"1","email":"superadmin@msense.in","hotelId":"4","brandId":"7","iat":1687827891,"exp":1687914291}}  
[2023-06-27 01:13:06] ChannelAction.INFO: ======= END Channel Action (List) ================  
[2023-06-27 04:23:53] ChannelAction.INFO: ======= Start Channel Action (List) ================  
[2023-06-27 04:23:53] ChannelAction.INFO: method : POST  
[2023-06-27 04:23:53] ChannelAction.INFO: contentType : application/json  
[2023-06-27 04:23:53] ChannelAction.INFO: Input Data : {"decoded":{"sub":"1","id":"1","userName":"super admin","userGroup":"1","email":"superadmin@msense.in","hotelId":"4","brandId":"7","iat":1687786530,"exp":1687872930}}  
[2023-06-27 04:23:53] ChannelAction.INFO: ======= END Channel Action (List) ================  
[2023-06-27 04:36:42] ChannelAction.INFO: ======= Start Channel Action (List) ================  
[2023-06-27 04:36:42] ChannelAction.INFO: method : POST  
[2023-06-27 04:36:42] ChannelAction.INFO: contentType : application/json  
[2023-06-27 04:36:42] ChannelAction.INFO: Input Data : {"decoded":{"sub":"1","id":"1","userName":"super admin","userGroup":"1","email":"superadmin@msense.in","hotelId":"4","brandId":"7","iat":1687827891,"exp":1687914291}}  
[2023-06-27 04:36:42] ChannelAction.INFO: ======= END Channel Action (List) ================  
[2023-06-27 04:38:36] ChannelAction.INFO: ======= Start Channel Action (List) ================  
[2023-06-27 04:38:36] ChannelAction.INFO: method : POST  
[2023-06-27 04:38:36] ChannelAction.INFO: contentType : application/json  
[2023-06-27 04:38:36] ChannelAction.INFO: Input Data : {"decoded":{"sub":"1","id":"1","userName":"super admin","userGroup":"1","email":"superadmin@msense.in","hotelId":"4","brandId":"7","iat":1687840709,"exp":1687927109}}  
[2023-06-27 04:38:36] ChannelAction.INFO: ======= END Channel Action (List) ================  
[2023-06-27 04:40:48] ChannelAction.INFO: ======= Start Channel Action (List) ================  
[2023-06-27 04:40:48] ChannelAction.INFO: method : POST  
[2023-06-27 04:40:48] ChannelAction.INFO: contentType : application/json  
[2023-06-27 04:40:48] ChannelAction.INFO: Input Data : {"decoded":{"sub":"1","id":"1","userName":"super admin","userGroup":"1","email":"superadmin@msense.in","hotelId":"4","brandId":"7","iat":1687840709,"exp":1687927109}}  
[2023-06-27 04:40:48] ChannelAction.INFO: ======= END Channel Action (List) ================  
[2023-06-27 04:41:35] ChannelAction.INFO: ======= Start Channel Action (CREATE) ================  
[2023-06-27 04:41:35] ChannelAction.INFO: method : POST  
[2023-06-27 04:41:35] ChannelAction.INFO: Input Data : {"channelname":["sdfsd"],"decoded":{"sub":"1","id":"1","userName":"super admin","userGroup":"1","email":"superadmin@msense.in","hotelId":"4","brandId":"7","iat":1687840709,"exp":1687927109}}  
[2023-06-27 04:41:35] ChannelAction.INFO: Insert Status : {"msg":"Channel Added SuccessFully","status":"Success"}  
[2023-06-27 04:41:35] ChannelAction.INFO: ======= END Channel Action (CREATE) ================  
[2023-06-27 04:41:35] ChannelAction.INFO: ======= Start Channel Action (List) ================  
[2023-06-27 04:41:35] ChannelAction.INFO: method : POST  
[2023-06-27 04:41:35] ChannelAction.INFO: contentType : application/json  
[2023-06-27 04:41:35] ChannelAction.INFO: Input Data : {"decoded":{"sub":"1","id":"1","userName":"super admin","userGroup":"1","email":"superadmin@msense.in","hotelId":"4","brandId":"7","iat":1687840709,"exp":1687927109}}  
[2023-06-27 04:41:35] ChannelAction.INFO: ======= END Channel Action (List) ================  
[2023-06-27 04:41:35] ChannelAction.INFO: ======= Start Channel Action (List) ================  
[2023-06-27 04:41:35] ChannelAction.INFO: method : POST  
[2023-06-27 04:41:35] ChannelAction.INFO: contentType : application/json  
[2023-06-27 04:41:35] ChannelAction.INFO: Input Data : {"decoded":{"sub":"1","id":"1","userName":"super admin","userGroup":"1","email":"superadmin@msense.in","hotelId":"4","brandId":"7","iat":1687840709,"exp":1687927109}}  
[2023-06-27 04:41:35] ChannelAction.INFO: ======= END Channel Action (List) ================  
[2023-06-27 04:42:07] ChannelAction.INFO: ======= Start Channel Action (CREATE) ================  
[2023-06-27 04:42:07] ChannelAction.INFO: method : POST  
[2023-06-27 04:42:07] ChannelAction.INFO: Input Data : {"channelname":["sdsadA"],"decoded":{"sub":"1","id":"1","userName":"super admin","userGroup":"1","email":"superadmin@msense.in","hotelId":"4","brandId":"7","iat":1687840709,"exp":1687927109}}  
[2023-06-27 04:42:07] ChannelAction.INFO: Insert Status : {"msg":"Channel Added SuccessFully","status":"Success"}  
[2023-06-27 04:42:07] ChannelAction.INFO: ======= END Channel Action (CREATE) ================  
[2023-06-27 04:42:07] ChannelAction.INFO: ======= Start Channel Action (List) ================  
[2023-06-27 04:42:07] ChannelAction.INFO: method : POST  
[2023-06-27 04:42:07] ChannelAction.INFO: contentType : application/json  
[2023-06-27 04:42:07] ChannelAction.INFO: Input Data : {"decoded":{"sub":"1","id":"1","userName":"super admin","userGroup":"1","email":"superadmin@msense.in","hotelId":"4","brandId":"7","iat":1687840709,"exp":1687927109}}  
[2023-06-27 04:42:07] ChannelAction.INFO: ======= END Channel Action (List) ================  
[2023-06-27 04:42:07] ChannelAction.INFO: ======= Start Channel Action (List) ================  
[2023-06-27 04:42:07] ChannelAction.INFO: method : POST  
[2023-06-27 04:42:07] ChannelAction.INFO: contentType : application/json  
[2023-06-27 04:42:07] ChannelAction.INFO: Input Data : {"decoded":{"sub":"1","id":"1","userName":"super admin","userGroup":"1","email":"superadmin@msense.in","hotelId":"4","brandId":"7","iat":1687840709,"exp":1687927109}}  
[2023-06-27 04:42:07] ChannelAction.INFO: ======= END Channel Action (List) ================  
[2023-06-27 04:42:53] ChannelAction.INFO: ======= Start Channel Action (CREATE) ================  
[2023-06-27 04:42:53] ChannelAction.INFO: method : POST  
[2023-06-27 04:42:53] ChannelAction.INFO: Input Data : {"channelname":["test11","test11"],"decoded":{"sub":"1","id":"1","userName":"super admin","userGroup":"1","email":"superadmin@msense.in","hotelId":"4","brandId":"7","iat":1687840709,"exp":1687927109}}  
[2023-06-27 04:42:53] ChannelAction.INFO: Insert Status : {"msg":"Channel Added SuccessFully","status":"Success"}  
[2023-06-27 04:42:53] ChannelAction.INFO: ======= END Channel Action (CREATE) ================  
[2023-06-27 04:42:53] ChannelAction.INFO: ======= Start Channel Action (List) ================  
[2023-06-27 04:42:53] ChannelAction.INFO: method : POST  
[2023-06-27 04:42:53] ChannelAction.INFO: contentType : application/json  
[2023-06-27 04:42:53] ChannelAction.INFO: Input Data : {"decoded":{"sub":"1","id":"1","userName":"super admin","userGroup":"1","email":"superadmin@msense.in","hotelId":"4","brandId":"7","iat":1687840709,"exp":1687927109}}  
[2023-06-27 04:42:53] ChannelAction.INFO: ======= END Channel Action (List) ================  
[2023-06-27 04:42:53] ChannelAction.INFO: ======= Start Channel Action (List) ================  
[2023-06-27 04:42:53] ChannelAction.INFO: method : POST  
[2023-06-27 04:42:53] ChannelAction.INFO: contentType : application/json  
[2023-06-27 04:42:53] ChannelAction.INFO: Input Data : {"decoded":{"sub":"1","id":"1","userName":"super admin","userGroup":"1","email":"superadmin@msense.in","hotelId":"4","brandId":"7","iat":1687840709,"exp":1687927109}}  
[2023-06-27 04:42:53] ChannelAction.INFO: ======= END Channel Action (List) ================  
[2023-06-27 04:43:28] ChannelAction.INFO: ======= Start Channel Action (UPDATE) ================  
[2023-06-27 04:43:28] ChannelAction.INFO: method : POST  
[2023-06-27 04:43:28] ChannelAction.INFO: Channel id : 170  
[2023-06-27 04:43:28] ChannelAction.INFO: Insert Status : {"msg":"Channel Updated SuccessFully","status":"Success"}  
[2023-06-27 04:43:28] ChannelAction.INFO: ======= END Channel Action (UPDATE) ================  
[2023-06-27 04:43:28] ChannelAction.INFO: ======= Start Channel Action (List) ================  
[2023-06-27 04:43:28] ChannelAction.INFO: method : POST  
[2023-06-27 04:43:28] ChannelAction.INFO: contentType : application/json  
[2023-06-27 04:43:28] ChannelAction.INFO: Input Data : {"decoded":{"sub":"1","id":"1","userName":"super admin","userGroup":"1","email":"superadmin@msense.in","hotelId":"4","brandId":"7","iat":1687840709,"exp":1687927109}}  
[2023-06-27 04:43:28] ChannelAction.INFO: ======= END Channel Action (List) ================  
[2023-06-27 04:43:28] ChannelAction.INFO: ======= Start Channel Action (List) ================  
[2023-06-27 04:43:28] ChannelAction.INFO: method : POST  
[2023-06-27 04:43:28] ChannelAction.INFO: contentType : application/json  
[2023-06-27 04:43:28] ChannelAction.INFO: Input Data : {"decoded":{"sub":"1","id":"1","userName":"super admin","userGroup":"1","email":"superadmin@msense.in","hotelId":"4","brandId":"7","iat":1687840709,"exp":1687927109}}  
[2023-06-27 04:43:28] ChannelAction.INFO: ======= END Channel Action (List) ================  
[2023-06-27 04:43:38] ChannelAction.INFO: ======= Start Channel Action (UPDATE) ================  
[2023-06-27 04:43:38] ChannelAction.INFO: method : POST  
[2023-06-27 04:43:38] ChannelAction.INFO: Channel id : 169  
[2023-06-27 04:43:38] ChannelAction.INFO: Insert Status : {"msg":"Channel Updated SuccessFully","status":"Success"}  
[2023-06-27 04:43:38] ChannelAction.INFO: ======= END Channel Action (UPDATE) ================  
[2023-06-27 04:43:38] ChannelAction.INFO: ======= Start Channel Action (List) ================  
[2023-06-27 04:43:38] ChannelAction.INFO: method : POST  
[2023-06-27 04:43:38] ChannelAction.INFO: contentType : application/json  
[2023-06-27 04:43:38] ChannelAction.INFO: Input Data : {"decoded":{"sub":"1","id":"1","userName":"super admin","userGroup":"1","email":"superadmin@msense.in","hotelId":"4","brandId":"7","iat":1687840709,"exp":1687927109}}  
[2023-06-27 04:43:38] ChannelAction.INFO: ======= END Channel Action (List) ================  
[2023-06-27 04:43:38] ChannelAction.INFO: ======= Start Channel Action (List) ================  
[2023-06-27 04:43:38] ChannelAction.INFO: method : POST  
[2023-06-27 04:43:38] ChannelAction.INFO: contentType : application/json  
[2023-06-27 04:43:38] ChannelAction.INFO: Input Data : {"decoded":{"sub":"1","id":"1","userName":"super admin","userGroup":"1","email":"superadmin@msense.in","hotelId":"4","brandId":"7","iat":1687840709,"exp":1687927109}}  
[2023-06-27 04:43:38] ChannelAction.INFO: ======= END Channel Action (List) ================  
[2023-06-27 04:43:49] ChannelAction.INFO: ======= Start Channel Action (UPDATE) ================  
[2023-06-27 04:43:49] ChannelAction.INFO: method : POST  
[2023-06-27 04:43:49] ChannelAction.INFO: Channel id : 169  
[2023-06-27 04:43:49] ChannelAction.INFO: Insert Status : {"msg":"Channel Updated SuccessFully","status":"Success"}  
[2023-06-27 04:43:49] ChannelAction.INFO: ======= END Channel Action (UPDATE) ================  
[2023-06-27 04:43:49] ChannelAction.INFO: ======= Start Channel Action (List) ================  
[2023-06-27 04:43:49] ChannelAction.INFO: method : POST  
[2023-06-27 04:43:49] ChannelAction.INFO: contentType : application/json  
[2023-06-27 04:43:49] ChannelAction.INFO: Input Data : {"decoded":{"sub":"1","id":"1","userName":"super admin","userGroup":"1","email":"superadmin@msense.in","hotelId":"4","brandId":"7","iat":1687840709,"exp":1687927109}}  
[2023-06-27 04:43:49] ChannelAction.INFO: ======= END Channel Action (List) ================  
[2023-06-27 04:43:49] ChannelAction.INFO: ======= Start Channel Action (List) ================  
[2023-06-27 04:43:49] ChannelAction.INFO: method : POST  
[2023-06-27 04:43:49] ChannelAction.INFO: contentType : application/json  
[2023-06-27 04:43:49] ChannelAction.INFO: Input Data : {"decoded":{"sub":"1","id":"1","userName":"super admin","userGroup":"1","email":"superadmin@msense.in","hotelId":"4","brandId":"7","iat":1687840709,"exp":1687927109}}  
[2023-06-27 04:43:49] ChannelAction.INFO: ======= END Channel Action (List) ================  
[2023-06-27 04:44:05] ChannelAction.INFO: ======= Start Channel Action (UPDATE) ================  
[2023-06-27 04:44:05] ChannelAction.INFO: method : POST  
[2023-06-27 04:44:05] ChannelAction.INFO: Channel id : 169  
[2023-06-27 04:44:05] ChannelAction.INFO: Insert Status : {"msg":"Channel Updated SuccessFully","status":"Success"}  
[2023-06-27 04:44:05] ChannelAction.INFO: ======= END Channel Action (UPDATE) ================  
[2023-06-27 04:44:05] ChannelAction.INFO: ======= Start Channel Action (List) ================  
[2023-06-27 04:44:05] ChannelAction.INFO: method : POST  
[2023-06-27 04:44:05] ChannelAction.INFO: contentType : application/json  
[2023-06-27 04:44:05] ChannelAction.INFO: Input Data : {"decoded":{"sub":"1","id":"1","userName":"super admin","userGroup":"1","email":"superadmin@msense.in","hotelId":"4","brandId":"7","iat":1687840709,"exp":1687927109}}  
[2023-06-27 04:44:05] ChannelAction.INFO: ======= END Channel Action (List) ================  
[2023-06-27 04:44:05] ChannelAction.INFO: ======= Start Channel Action (List) ================  
[2023-06-27 04:44:05] ChannelAction.INFO: method : POST  
[2023-06-27 04:44:05] ChannelAction.INFO: contentType : application/json  
[2023-06-27 04:44:05] ChannelAction.INFO: Input Data : {"decoded":{"sub":"1","id":"1","userName":"super admin","userGroup":"1","email":"superadmin@msense.in","hotelId":"4","brandId":"7","iat":1687840709,"exp":1687927109}}  
[2023-06-27 04:44:05] ChannelAction.INFO: ======= END Channel Action (List) ================  
[2023-06-27 04:46:06] ChannelAction.INFO: ======= Start Channel Action (List) ================  
[2023-06-27 04:46:06] ChannelAction.INFO: method : POST  
[2023-06-27 04:46:06] ChannelAction.INFO: contentType : application/json  
[2023-06-27 04:46:06] ChannelAction.INFO: Input Data : {"decoded":{"sub":"1","id":"1","userName":"super admin","userGroup":"1","email":"superadmin@msense.in","hotelId":"4","brandId":"7","iat":1687841161,"exp":1687927561}}  
[2023-06-27 04:46:06] ChannelAction.INFO: ======= END Channel Action (List) ================  
[2023-06-27 04:46:21] ChannelAction.INFO: ======= Start Edit Brand Action ================  
[2023-06-27 04:46:21] ChannelAction.INFO: method : DELETE  
[2023-06-27 04:46:21] ChannelAction.INFO: contentType : application/json  
[2023-06-27 04:46:21] ChannelAction.INFO: Input Data : {"decoded":{"sub":"1","id":"1","userName":"super admin","userGroup":"1","email":"superadmin@msense.in","hotelId":"4","brandId":"7","iat":1687841161,"exp":1687927561}}  
[2023-06-27 04:46:21] ChannelAction.INFO: ======= END Edit Brand Action ================  
[2023-06-27 04:46:21] ChannelAction.INFO: ======= Start Channel Action (List) ================  
[2023-06-27 04:46:21] ChannelAction.INFO: method : POST  
[2023-06-27 04:46:21] ChannelAction.INFO: contentType : application/json  
[2023-06-27 04:46:21] ChannelAction.INFO: Input Data : {"decoded":{"sub":"1","id":"1","userName":"super admin","userGroup":"1","email":"superadmin@msense.in","hotelId":"4","brandId":"7","iat":1687841161,"exp":1687927561}}  
[2023-06-27 04:46:21] ChannelAction.INFO: ======= END Channel Action (List) ================  
[2023-06-27 04:46:24] ChannelAction.INFO: ======= Start Edit Brand Action ================  
[2023-06-27 04:46:24] ChannelAction.INFO: method : DELETE  
[2023-06-27 04:46:24] ChannelAction.INFO: contentType : application/json  
[2023-06-27 04:46:24] ChannelAction.INFO: Input Data : {"decoded":{"sub":"1","id":"1","userName":"super admin","userGroup":"1","email":"superadmin@msense.in","hotelId":"4","brandId":"7","iat":1687841161,"exp":1687927561}}  
[2023-06-27 04:46:24] ChannelAction.INFO: ======= END Edit Brand Action ================  
[2023-06-27 04:46:24] ChannelAction.INFO: ======= Start Channel Action (List) ================  
[2023-06-27 04:46:24] ChannelAction.INFO: method : POST  
[2023-06-27 04:46:24] ChannelAction.INFO: contentType : application/json  
[2023-06-27 04:46:24] ChannelAction.INFO: Input Data : {"decoded":{"sub":"1","id":"1","userName":"super admin","userGroup":"1","email":"superadmin@msense.in","hotelId":"4","brandId":"7","iat":1687841161,"exp":1687927561}}  
[2023-06-27 04:46:24] ChannelAction.INFO: ======= END Channel Action (List) ================  
[2023-06-27 04:46:27] ChannelAction.INFO: ======= Start Edit Brand Action ================  
[2023-06-27 04:46:27] ChannelAction.INFO: method : DELETE  
[2023-06-27 04:46:27] ChannelAction.INFO: contentType : application/json  
[2023-06-27 04:46:27] ChannelAction.INFO: Input Data : {"decoded":{"sub":"1","id":"1","userName":"super admin","userGroup":"1","email":"superadmin@msense.in","hotelId":"4","brandId":"7","iat":1687841161,"exp":1687927561}}  
[2023-06-27 04:46:27] ChannelAction.INFO: ======= END Edit Brand Action ================  
[2023-06-27 04:46:27] ChannelAction.INFO: ======= Start Channel Action (List) ================  
[2023-06-27 04:46:27] ChannelAction.INFO: method : POST  
[2023-06-27 04:46:27] ChannelAction.INFO: contentType : application/json  
[2023-06-27 04:46:27] ChannelAction.INFO: Input Data : {"decoded":{"sub":"1","id":"1","userName":"super admin","userGroup":"1","email":"superadmin@msense.in","hotelId":"4","brandId":"7","iat":1687841161,"exp":1687927561}}  
[2023-06-27 04:46:27] ChannelAction.INFO: ======= END Channel Action (List) ================  
[2023-06-27 04:46:37] ChannelAction.INFO: ======= Start Channel Action (UPDATE) ================  
[2023-06-27 04:46:37] ChannelAction.INFO: method : POST  
[2023-06-27 04:46:37] ChannelAction.INFO: Channel id : 168  
[2023-06-27 04:46:37] ChannelAction.INFO: Insert Status : {"msg":"Channel Updated SuccessFully","status":"Success"}  
[2023-06-27 04:46:37] ChannelAction.INFO: ======= END Channel Action (UPDATE) ================  
[2023-06-27 04:46:37] ChannelAction.INFO: ======= Start Channel Action (List) ================  
[2023-06-27 04:46:37] ChannelAction.INFO: method : POST  
[2023-06-27 04:46:37] ChannelAction.INFO: contentType : application/json  
[2023-06-27 04:46:37] ChannelAction.INFO: Input Data : {"decoded":{"sub":"1","id":"1","userName":"super admin","userGroup":"1","email":"superadmin@msense.in","hotelId":"4","brandId":"7","iat":1687841161,"exp":1687927561}}  
[2023-06-27 04:46:37] ChannelAction.INFO: ======= END Channel Action (List) ================  
[2023-06-27 04:46:37] ChannelAction.INFO: ======= Start Channel Action (List) ================  
[2023-06-27 04:46:37] ChannelAction.INFO: method : POST  
[2023-06-27 04:46:37] ChannelAction.INFO: contentType : application/json  
[2023-06-27 04:46:37] ChannelAction.INFO: Input Data : {"decoded":{"sub":"1","id":"1","userName":"super admin","userGroup":"1","email":"superadmin@msense.in","hotelId":"4","brandId":"7","iat":1687841161,"exp":1687927561}}  
[2023-06-27 04:46:37] ChannelAction.INFO: ======= END Channel Action (List) ================  
[2023-06-27 04:47:20] ChannelAction.INFO: ======= Start Channel Action (List) ================  
[2023-06-27 04:47:20] ChannelAction.INFO: method : POST  
[2023-06-27 04:47:20] ChannelAction.INFO: contentType : application/json  
[2023-06-27 04:47:20] ChannelAction.INFO: Input Data : {"decoded":{"sub":"1","id":"1","userName":"super admin","userGroup":"1","email":"superadmin@msense.in","hotelId":"4","brandId":"7","iat":1687841236,"exp":1687927636}}  
[2023-06-27 04:47:20] ChannelAction.INFO: ======= END Channel Action (List) ================  
[2023-06-27 04:48:52] ChannelAction.INFO: ======= Start Channel Action (List) ================  
[2023-06-27 04:48:52] ChannelAction.INFO: method : POST  
[2023-06-27 04:48:52] ChannelAction.INFO: contentType : application/json  
[2023-06-27 04:48:52] ChannelAction.INFO: Input Data : {"decoded":{"sub":"1","id":"1","userName":"super admin","userGroup":"1","email":"superadmin@msense.in","hotelId":"4","brandId":"7","iat":1687839977,"exp":1687926377}}  
[2023-06-27 04:48:52] ChannelAction.INFO: ======= END Channel Action (List) ================  
[2023-06-27 04:51:09] ChannelAction.INFO: ======= Start Channel Action (List) ================  
[2023-06-27 04:51:09] ChannelAction.INFO: method : POST  
[2023-06-27 04:51:09] ChannelAction.INFO: contentType : application/json  
[2023-06-27 04:51:09] ChannelAction.INFO: Input Data : {"decoded":{"sub":"1","id":"1","userName":"super admin","userGroup":"1","email":"superadmin@msense.in","hotelId":"4","brandId":"7","iat":1687839977,"exp":1687926377}}  
[2023-06-27 04:51:09] ChannelAction.INFO: ======= END Channel Action (List) ================  
[2023-06-27 04:54:28] ChannelAction.INFO: ======= Start Channel Action (List) ================  
[2023-06-27 04:54:28] ChannelAction.INFO: method : POST  
[2023-06-27 04:54:28] ChannelAction.INFO: contentType : application/json  
[2023-06-27 04:54:28] ChannelAction.INFO: Input Data : {"decoded":{"sub":"1","id":"1","userName":"super admin","userGroup":"1","email":"superadmin@msense.in","hotelId":"4","brandId":"7","iat":1687839977,"exp":1687926377}}  
[2023-06-27 04:54:28] ChannelAction.INFO: ======= END Channel Action (List) ================  
[2023-06-27 05:07:12] ChannelAction.INFO: ======= Start Channel Action (List) ================  
[2023-06-27 05:07:12] ChannelAction.INFO: method : POST  
[2023-06-27 05:07:12] ChannelAction.INFO: contentType : application/json  
[2023-06-27 05:07:12] ChannelAction.INFO: Input Data : {"decoded":{"sub":"1","id":"1","userName":"super admin","userGroup":"1","email":"superadmin@msense.in","hotelId":"4","brandId":"7","iat":1687841236,"exp":1687927636}}  
[2023-06-27 05:07:12] ChannelAction.INFO: ======= END Channel Action (List) ================  
[2023-06-27 05:08:23] ChannelAction.INFO: ======= Start Channel Action (List) ================  
[2023-06-27 05:08:23] ChannelAction.INFO: method : POST  
[2023-06-27 05:08:23] ChannelAction.INFO: contentType : application/json  
[2023-06-27 05:08:23] ChannelAction.INFO: Input Data : {"decoded":{"sub":"1","id":"1","userName":"super admin","userGroup":"1","email":"superadmin@msense.in","hotelId":"4","brandId":"7","iat":1687842499,"exp":1687928899}}  
[2023-06-27 05:08:23] ChannelAction.INFO: ======= END Channel Action (List) ================  
[2023-06-27 05:15:42] ChannelAction.INFO: ======= Start Channel Action (List) ================  
[2023-06-27 05:15:42] ChannelAction.INFO: method : POST  
[2023-06-27 05:15:42] ChannelAction.INFO: contentType : application/json  
[2023-06-27 05:15:42] ChannelAction.INFO: Input Data : {"decoded":{"sub":"1","id":"1","userName":"super admin","userGroup":"1","email":"superadmin@msense.in","hotelId":"4","brandId":"7","iat":1687842300,"exp":1687928700}}  
[2023-06-27 05:15:42] ChannelAction.INFO: ======= END Channel Action (List) ================  
[2023-06-27 05:16:33] ChannelAction.INFO: ======= Start Edit Brand Action ================  
[2023-06-27 05:16:33] ChannelAction.INFO: method : DELETE  
[2023-06-27 05:16:33] ChannelAction.INFO: contentType : application/json  
[2023-06-27 05:16:33] ChannelAction.INFO: Input Data : {"decoded":{"sub":"1","id":"1","userName":"super admin","userGroup":"1","email":"superadmin@msense.in","hotelId":"4","brandId":"7","iat":1687842300,"exp":1687928700}}  
[2023-06-27 05:16:33] ChannelAction.INFO: ======= END Edit Brand Action ================  
[2023-06-27 05:16:33] ChannelAction.INFO: ======= Start Channel Action (List) ================  
[2023-06-27 05:16:33] ChannelAction.INFO: method : POST  
[2023-06-27 05:16:33] ChannelAction.INFO: contentType : application/json  
[2023-06-27 05:16:33] ChannelAction.INFO: Input Data : {"decoded":{"sub":"1","id":"1","userName":"super admin","userGroup":"1","email":"superadmin@msense.in","hotelId":"4","brandId":"7","iat":1687842300,"exp":1687928700}}  
[2023-06-27 05:16:33] ChannelAction.INFO: ======= END Channel Action (List) ================  
[2023-06-27 05:57:07] ChannelAction.INFO: ======= Start Channel Action (List) ================  
[2023-06-27 05:57:07] ChannelAction.INFO: method : POST  
[2023-06-27 05:57:07] ChannelAction.INFO: contentType : application/json  
[2023-06-27 05:57:07] ChannelAction.INFO: Input Data : {"decoded":{"sub":"1","id":"1","userName":"super admin","userGroup":"1","email":"superadmin@msense.in","hotelId":"4","brandId":"7","iat":1687845420,"exp":1687931820}}  
[2023-06-27 05:57:07] ChannelAction.INFO: ======= END Channel Action (List) ================  
[2023-06-27 05:57:28] ChannelAction.INFO: ======= Start Channel Action (CREATE) ================  
[2023-06-27 05:57:28] ChannelAction.INFO: method : POST  
[2023-06-27 05:57:28] ChannelAction.INFO: Input Data : {"channelname":["teste","esete"],"decoded":{"sub":"1","id":"1","userName":"super admin","userGroup":"1","email":"superadmin@msense.in","hotelId":"4","brandId":"7","iat":1687845420,"exp":1687931820}}  
[2023-06-27 05:57:28] ChannelAction.INFO: Insert Status : {"msg":"Channel Added SuccessFully","status":"Success"}  
[2023-06-27 05:57:28] ChannelAction.INFO: ======= END Channel Action (CREATE) ================  
[2023-06-27 05:57:28] ChannelAction.INFO: ======= Start Channel Action (List) ================  
[2023-06-27 05:57:28] ChannelAction.INFO: method : POST  
[2023-06-27 05:57:28] ChannelAction.INFO: contentType : application/json  
[2023-06-27 05:57:28] ChannelAction.INFO: Input Data : {"decoded":{"sub":"1","id":"1","userName":"super admin","userGroup":"1","email":"superadmin@msense.in","hotelId":"4","brandId":"7","iat":1687845420,"exp":1687931820}}  
[2023-06-27 05:57:28] ChannelAction.INFO: ======= END Channel Action (List) ================  
[2023-06-27 05:57:28] ChannelAction.INFO: ======= Start Channel Action (List) ================  
[2023-06-27 05:57:28] ChannelAction.INFO: method : POST  
[2023-06-27 05:57:28] ChannelAction.INFO: contentType : application/json  
[2023-06-27 05:57:28] ChannelAction.INFO: Input Data : {"decoded":{"sub":"1","id":"1","userName":"super admin","userGroup":"1","email":"superadmin@msense.in","hotelId":"4","brandId":"7","iat":1687845420,"exp":1687931820}}  
[2023-06-27 05:57:28] ChannelAction.INFO: ======= END Channel Action (List) ================  
[2023-06-27 06:21:12] ChannelAction.INFO: ======= Start Channel Action (List) ================  
[2023-06-27 06:21:12] ChannelAction.INFO: method : POST  
[2023-06-27 06:21:12] ChannelAction.INFO: contentType : application/json  
[2023-06-27 06:21:12] ChannelAction.INFO: Input Data : {"decoded":{"sub":"1","id":"1","userName":"super admin","userGroup":"1","email":"superadmin@msense.in","hotelId":"4","brandId":"7","iat":1687846864,"exp":1687933264}}  
[2023-06-27 06:21:12] ChannelAction.INFO: ======= END Channel Action (List) ================  
[2023-06-27 06:21:48] ChannelAction.INFO: ======= Start Channel Action (List) ================  
[2023-06-27 06:21:48] ChannelAction.INFO: method : POST  
[2023-06-27 06:21:48] ChannelAction.INFO: contentType : application/json  
[2023-06-27 06:21:48] ChannelAction.INFO: Input Data : {"decoded":{"sub":"1","id":"1","userName":"super admin","userGroup":"1","email":"superadmin@msense.in","hotelId":"4","brandId":"7","iat":1687846864,"exp":1687933264}}  
[2023-06-27 06:21:48] ChannelAction.INFO: ======= END Channel Action (List) ================  
[2023-06-27 06:21:50] ChannelAction.INFO: ======= Start Channel Action (List) ================  
[2023-06-27 06:21:50] ChannelAction.INFO: method : POST  
[2023-06-27 06:21:50] ChannelAction.INFO: contentType : application/json  
[2023-06-27 06:21:50] ChannelAction.INFO: Input Data : {"decoded":{"sub":"1","id":"1","userName":"super admin","userGroup":"1","email":"superadmin@msense.in","hotelId":"4","brandId":"7","iat":1687846908,"exp":1687933308}}  
[2023-06-27 06:21:50] ChannelAction.INFO: ======= END Channel Action (List) ================  
[2023-06-27 06:22:37] ChannelAction.INFO: ======= Start Channel Action (List) ================  
[2023-06-27 06:22:37] ChannelAction.INFO: method : POST  
[2023-06-27 06:22:37] ChannelAction.INFO: contentType : application/json  
[2023-06-27 06:22:37] ChannelAction.INFO: Input Data : {"decoded":{"sub":"1","id":"1","userName":"super admin","userGroup":"1","email":"superadmin@msense.in","hotelId":"4","brandId":"7","iat":1687846864,"exp":1687933264}}  
[2023-06-27 06:22:37] ChannelAction.INFO: ======= END Channel Action (List) ================  
[2023-06-27 06:25:12] ChannelAction.INFO: ======= Start Channel Action (List) ================  
[2023-06-27 06:25:12] ChannelAction.INFO: method : POST  
[2023-06-27 06:25:12] ChannelAction.INFO: contentType : application/json  
[2023-06-27 06:25:12] ChannelAction.INFO: Input Data : {"decoded":{"sub":"1","id":"1","userName":"super admin","userGroup":"1","email":"superadmin@msense.in","hotelId":"4","brandId":"7","iat":1687846908,"exp":1687933308}}  
[2023-06-27 06:25:12] ChannelAction.INFO: ======= END Channel Action (List) ================  
[2023-06-27 06:29:52] ChannelAction.INFO: ======= Start Channel Action (List) ================  
[2023-06-27 06:29:52] ChannelAction.INFO: method : POST  
[2023-06-27 06:29:52] ChannelAction.INFO: contentType : application/json  
[2023-06-27 06:29:52] ChannelAction.INFO: Input Data : {"decoded":{"sub":"1","id":"1","userName":"super admin","userGroup":"1","email":"superadmin@msense.in","hotelId":"4","brandId":"7","iat":1687846908,"exp":1687933308}}  
[2023-06-27 06:29:52] ChannelAction.INFO: ======= END Channel Action (List) ================  
[2023-06-27 06:32:14] ChannelAction.INFO: ======= Start Channel Action (List) ================  
[2023-06-27 06:32:14] ChannelAction.INFO: method : POST  
[2023-06-27 06:32:14] ChannelAction.INFO: contentType : application/json  
[2023-06-27 06:32:14] ChannelAction.INFO: Input Data : {"decoded":{"sub":"1","id":"1","userName":"super admin","userGroup":"1","email":"superadmin@msense.in","hotelId":"4","brandId":"7","iat":1687846908,"exp":1687933308}}  
[2023-06-27 06:32:14] ChannelAction.INFO: ======= END Channel Action (List) ================  
[2023-06-27 06:35:46] ChannelAction.INFO: ======= Start Channel Action (List) ================  
[2023-06-27 06:35:46] ChannelAction.INFO: method : POST  
[2023-06-27 06:35:46] ChannelAction.INFO: contentType : application/json  
[2023-06-27 06:35:46] ChannelAction.INFO: Input Data : {"decoded":{"sub":"1","id":"1","userName":"super admin","userGroup":"1","email":"superadmin@msense.in","hotelId":"4","brandId":"7","iat":1687846908,"exp":1687933308}}  
[2023-06-27 06:35:46] ChannelAction.INFO: ======= END Channel Action (List) ================  
[2023-06-27 06:36:58] ChannelAction.INFO: ======= Start Channel Action (List) ================  
[2023-06-27 06:36:58] ChannelAction.INFO: method : POST  
[2023-06-27 06:36:58] ChannelAction.INFO: contentType : application/json  
[2023-06-27 06:36:58] ChannelAction.INFO: Input Data : {"decoded":{"sub":"1","id":"1","userName":"super admin","userGroup":"1","email":"superadmin@msense.in","hotelId":"4","brandId":"7","iat":1687846908,"exp":1687933308}}  
[2023-06-27 06:36:58] ChannelAction.INFO: ======= END Channel Action (List) ================  
[2023-06-27 06:42:30] ChannelAction.INFO: ======= Start Channel Action (List) ================  
[2023-06-27 06:42:30] ChannelAction.INFO: method : POST  
[2023-06-27 06:42:30] ChannelAction.INFO: contentType : application/json  
[2023-06-27 06:42:30] ChannelAction.INFO: Input Data : {"decoded":{"sub":"1","id":"1","userName":"super admin","userGroup":"1","email":"superadmin@msense.in","hotelId":"4","brandId":"7","iat":1687846908,"exp":1687933308}}  
[2023-06-27 06:42:30] ChannelAction.INFO: ======= END Channel Action (List) ================  
[2023-06-27 06:43:54] ChannelAction.INFO: ======= Start Channel Action (List) ================  
[2023-06-27 06:43:54] ChannelAction.INFO: method : POST  
[2023-06-27 06:43:54] ChannelAction.INFO: contentType : application/json  
[2023-06-27 06:43:54] ChannelAction.INFO: Input Data : {"decoded":{"sub":"1","id":"1","userName":"super admin","userGroup":"1","email":"superadmin@msense.in","hotelId":"4","brandId":"7","iat":1687846908,"exp":1687933308}}  
[2023-06-27 06:43:54] ChannelAction.INFO: ======= END Channel Action (List) ================  
[2023-06-27 06:50:13] ChannelAction.INFO: ======= Start Channel Action (List) ================  
[2023-06-27 06:50:13] ChannelAction.INFO: method : POST  
[2023-06-27 06:50:13] ChannelAction.INFO: contentType : application/json  
[2023-06-27 06:50:13] ChannelAction.INFO: Input Data : {"decoded":{"sub":"1","id":"1","userName":"super admin","userGroup":"1","email":"superadmin@msense.in","hotelId":"4","brandId":"7","iat":1687846908,"exp":1687933308}}  
[2023-06-27 06:50:13] ChannelAction.INFO: ======= END Channel Action (List) ================  
[2023-06-27 06:52:28] ChannelAction.INFO: ======= Start Channel Action (List) ================  
[2023-06-27 06:52:28] ChannelAction.INFO: method : POST  
[2023-06-27 06:52:28] ChannelAction.INFO: contentType : application/json  
[2023-06-27 06:52:28] ChannelAction.INFO: Input Data : {"decoded":{"sub":"1","id":"1","userName":"super admin","userGroup":"1","email":"superadmin@msense.in","hotelId":"4","brandId":"7","iat":1687846908,"exp":1687933308}}  
[2023-06-27 06:52:28] ChannelAction.INFO: ======= END Channel Action (List) ================  
[2023-06-27 07:01:18] ChannelAction.INFO: ======= Start Channel Action (List) ================  
[2023-06-27 07:01:18] ChannelAction.INFO: method : POST  
[2023-06-27 07:01:18] ChannelAction.INFO: contentType : application/json  
[2023-06-27 07:01:18] ChannelAction.INFO: Input Data : {"decoded":{"sub":"1","id":"1","userName":"super admin","userGroup":"1","email":"superadmin@msense.in","hotelId":"4","brandId":"7","iat":1687846908,"exp":1687933308}}  
[2023-06-27 07:01:18] ChannelAction.INFO: ======= END Channel Action (List) ================  
[2023-06-27 07:04:45] ChannelAction.INFO: ======= Start Channel Action (List) ================  
[2023-06-27 07:04:45] ChannelAction.INFO: method : POST  
[2023-06-27 07:04:45] ChannelAction.INFO: contentType : application/json  
[2023-06-27 07:04:45] ChannelAction.INFO: Input Data : {"decoded":{"sub":"1","id":"1","userName":"super admin","userGroup":"1","email":"superadmin@msense.in","hotelId":"4","brandId":"7","iat":1687846908,"exp":1687933308}}  
[2023-06-27 07:04:45] ChannelAction.INFO: ======= END Channel Action (List) ================  
[2023-06-27 07:10:32] ChannelAction.INFO: ======= Start Channel Action (List) ================  
[2023-06-27 07:10:32] ChannelAction.INFO: method : POST  
[2023-06-27 07:10:32] ChannelAction.INFO: contentType : application/json  
[2023-06-27 07:10:32] ChannelAction.INFO: Input Data : {"decoded":{"sub":"1","id":"1","userName":"super admin","userGroup":"1","email":"superadmin@msense.in","hotelId":"4","brandId":"7","iat":1687846908,"exp":1687933308}}  
[2023-06-27 07:10:32] ChannelAction.INFO: ======= END Channel Action (List) ================  
[2023-06-27 07:13:41] ChannelAction.INFO: ======= Start Channel Action (List) ================  
[2023-06-27 07:13:41] ChannelAction.INFO: method : POST  
[2023-06-27 07:13:41] ChannelAction.INFO: contentType : application/json  
[2023-06-27 07:13:41] ChannelAction.INFO: Input Data : {"decoded":{"sub":"1","id":"1","userName":"super admin","userGroup":"1","email":"superadmin@msense.in","hotelId":"4","brandId":"7","iat":1687846908,"exp":1687933308}}  
[2023-06-27 07:13:41] ChannelAction.INFO: ======= END Channel Action (List) ================  
[2023-06-27 07:17:28] ChannelAction.INFO: ======= Start Channel Action (List) ================  
[2023-06-27 07:17:28] ChannelAction.INFO: method : POST  
[2023-06-27 07:17:28] ChannelAction.INFO: contentType : application/json  
[2023-06-27 07:17:28] ChannelAction.INFO: Input Data : {"decoded":{"sub":"1","id":"1","userName":"super admin","userGroup":"1","email":"superadmin@msense.in","hotelId":"4","brandId":"7","iat":1687846908,"exp":1687933308}}  
[2023-06-27 07:17:28] ChannelAction.INFO: ======= END Channel Action (List) ================  
[2023-06-27 07:18:16] ChannelAction.INFO: ======= Start Channel Action (List) ================  
[2023-06-27 07:18:16] ChannelAction.INFO: method : POST  
[2023-06-27 07:18:16] ChannelAction.INFO: contentType : application/json  
[2023-06-27 07:18:16] ChannelAction.INFO: Input Data : {"decoded":{"sub":"1","id":"1","userName":"super admin","userGroup":"1","email":"superadmin@msense.in","hotelId":"4","brandId":"7","iat":1687846908,"exp":1687933308}}  
[2023-06-27 07:18:16] ChannelAction.INFO: ======= END Channel Action (List) ================  
[2023-06-27 07:22:08] ChannelAction.INFO: ======= Start Channel Action (List) ================  
[2023-06-27 07:22:08] ChannelAction.INFO: method : POST  
[2023-06-27 07:22:08] ChannelAction.INFO: contentType : application/json  
[2023-06-27 07:22:08] ChannelAction.INFO: Input Data : {"decoded":{"sub":"1","id":"1","userName":"super admin","userGroup":"1","email":"superadmin@msense.in","hotelId":"4","brandId":"7","iat":1687846908,"exp":1687933308}}  
[2023-06-27 07:22:08] ChannelAction.INFO: ======= END Channel Action (List) ================  
[2023-06-27 07:23:39] ChannelAction.INFO: ======= Start Channel Action (List) ================  
[2023-06-27 07:23:39] ChannelAction.INFO: method : POST  
[2023-06-27 07:23:39] ChannelAction.INFO: contentType : application/json  
[2023-06-27 07:23:39] ChannelAction.INFO: Input Data : {"decoded":{"sub":"1","id":"1","userName":"super admin","userGroup":"1","email":"superadmin@msense.in","hotelId":"4","brandId":"7","iat":1687846908,"exp":1687933308}}  
[2023-06-27 07:23:39] ChannelAction.INFO: ======= END Channel Action (List) ================  
[2023-06-27 07:27:19] ChannelAction.INFO: ======= Start Channel Action (List) ================  
[2023-06-27 07:27:19] ChannelAction.INFO: method : POST  
[2023-06-27 07:27:19] ChannelAction.INFO: contentType : application/json  
[2023-06-27 07:27:19] ChannelAction.INFO: Input Data : {"decoded":{"sub":"1","id":"1","userName":"super admin","userGroup":"1","email":"superadmin@msense.in","hotelId":"4","brandId":"7","iat":1687846908,"exp":1687933308}}  
[2023-06-27 07:27:19] ChannelAction.INFO: ======= END Channel Action (List) ================  
[2023-06-27 08:36:53] ChannelAction.INFO: ======= Start Channel Action (List) ================  
[2023-06-27 08:36:53] ChannelAction.INFO: method : POST  
[2023-06-27 08:36:53] ChannelAction.INFO: contentType : application/json  
[2023-06-27 08:36:53] ChannelAction.INFO: Input Data : {"decoded":{"sub":"1","id":"1","userName":"super admin","userGroup":"1","email":"superadmin@msense.in","hotelId":"4","brandId":"7","iat":1687846908,"exp":1687933308}}  
[2023-06-27 08:36:53] ChannelAction.INFO: ======= END Channel Action (List) ================  
[2023-06-27 08:38:47] ChannelAction.INFO: ======= Start Channel Action (List) ================  
[2023-06-27 08:38:47] ChannelAction.INFO: method : POST  
[2023-06-27 08:38:47] ChannelAction.INFO: contentType : application/json  
[2023-06-27 08:38:47] ChannelAction.INFO: Input Data : {"decoded":{"sub":"1","id":"1","userName":"super admin","userGroup":"1","email":"superadmin@msense.in","hotelId":"4","brandId":"7","iat":1687846908,"exp":1687933308}}  
[2023-06-27 08:38:47] ChannelAction.INFO: ======= END Channel Action (List) ================  
[2023-06-27 08:39:01] ChannelAction.INFO: ======= Start Channel Action (List) ================  
[2023-06-27 08:39:01] ChannelAction.INFO: method : POST  
[2023-06-27 08:39:01] ChannelAction.INFO: contentType : application/json  
[2023-06-27 08:39:01] ChannelAction.INFO: Input Data : {"decoded":{"sub":"1","id":"1","userName":"super admin","userGroup":"1","email":"superadmin@msense.in","hotelId":"4","brandId":"7","iat":1687846908,"exp":1687933308}}  
[2023-06-27 08:39:01] ChannelAction.INFO: ======= END Channel Action (List) ================  
[2023-06-27 08:39:44] ChannelAction.INFO: ======= Start Channel Action (List) ================  
[2023-06-27 08:39:44] ChannelAction.INFO: method : POST  
[2023-06-27 08:39:44] ChannelAction.INFO: contentType : application/json  
[2023-06-27 08:39:44] ChannelAction.INFO: Input Data : {"decoded":{"sub":"1","id":"1","userName":"super admin","userGroup":"1","email":"superadmin@msense.in","hotelId":"4","brandId":"7","iat":1687846908,"exp":1687933308}}  
[2023-06-27 08:39:44] ChannelAction.INFO: ======= END Channel Action (List) ================  
[2023-06-27 08:39:51] ChannelAction.INFO: ======= Start Channel Action (List) ================  
[2023-06-27 08:39:51] ChannelAction.INFO: method : POST  
[2023-06-27 08:39:51] ChannelAction.INFO: contentType : application/json  
[2023-06-27 08:39:51] ChannelAction.INFO: Input Data : {"decoded":{"sub":"1","id":"1","userName":"super admin","userGroup":"1","email":"superadmin@msense.in","hotelId":"4","brandId":"7","iat":1687846908,"exp":1687933308}}  
[2023-06-27 08:39:51] ChannelAction.INFO: ======= END Channel Action (List) ================  
[2023-06-27 08:42:17] ChannelAction.INFO: ======= Start Channel Action (List) ================  
[2023-06-27 08:42:17] ChannelAction.INFO: method : POST  
[2023-06-27 08:42:17] ChannelAction.INFO: contentType : application/json  
[2023-06-27 08:42:17] ChannelAction.INFO: Input Data : {"decoded":{"sub":"1","id":"1","userName":"super admin","userGroup":"1","email":"superadmin@msense.in","hotelId":"4","brandId":"7","iat":1687846908,"exp":1687933308}}  
[2023-06-27 08:42:17] ChannelAction.INFO: ======= END Channel Action (List) ================  
[2023-06-27 08:45:24] ChannelAction.INFO: ======= Start Channel Action (List) ================  
[2023-06-27 08:45:24] ChannelAction.INFO: method : POST  
[2023-06-27 08:45:24] ChannelAction.INFO: contentType : application/json  
[2023-06-27 08:45:24] ChannelAction.INFO: Input Data : {"decoded":{"sub":"1","id":"1","userName":"super admin","userGroup":"1","email":"superadmin@msense.in","hotelId":"4","brandId":"7","iat":1687846908,"exp":1687933308}}  
[2023-06-27 08:45:24] ChannelAction.INFO: ======= END Channel Action (List) ================  
[2023-06-27 08:46:37] ChannelAction.INFO: ======= Start Channel Action (List) ================  
[2023-06-27 08:46:37] ChannelAction.INFO: method : POST  
[2023-06-27 08:46:37] ChannelAction.INFO: contentType : application/json  
[2023-06-27 08:46:37] ChannelAction.INFO: Input Data : {"decoded":{"sub":"1","id":"1","userName":"super admin","userGroup":"1","email":"superadmin@msense.in","hotelId":"4","brandId":"7","iat":1687846908,"exp":1687933308}}  
[2023-06-27 08:46:37] ChannelAction.INFO: ======= END Channel Action (List) ================  
[2023-06-27 08:48:15] ChannelAction.INFO: ======= Start Channel Action (List) ================  
[2023-06-27 08:48:15] ChannelAction.INFO: method : POST  
[2023-06-27 08:48:15] ChannelAction.INFO: contentType : application/json  
[2023-06-27 08:48:15] ChannelAction.INFO: Input Data : {"decoded":{"sub":"1","id":"1","userName":"super admin","userGroup":"1","email":"superadmin@msense.in","hotelId":"4","brandId":"7","iat":1687846908,"exp":1687933308}}  
[2023-06-27 08:48:15] ChannelAction.INFO: ======= END Channel Action (List) ================  
[2023-06-27 08:49:07] ChannelAction.INFO: ======= Start Channel Action (List) ================  
[2023-06-27 08:49:07] ChannelAction.INFO: method : POST  
[2023-06-27 08:49:07] ChannelAction.INFO: contentType : application/json  
[2023-06-27 08:49:07] ChannelAction.INFO: Input Data : {"decoded":{"sub":"1","id":"1","userName":"super admin","userGroup":"1","email":"superadmin@msense.in","hotelId":"4","brandId":"7","iat":1687846908,"exp":1687933308}}  
[2023-06-27 08:49:07] ChannelAction.INFO: ======= END Channel Action (List) ================  
[2023-06-27 08:52:21] ChannelAction.INFO: ======= Start Channel Action (List) ================  
[2023-06-27 08:52:21] ChannelAction.INFO: method : POST  
[2023-06-27 08:52:21] ChannelAction.INFO: contentType : application/json  
[2023-06-27 08:52:21] ChannelAction.INFO: Input Data : {"decoded":{"sub":"1","id":"1","userName":"super admin","userGroup":"1","email":"superadmin@msense.in","hotelId":"4","brandId":"7","iat":1687846908,"exp":1687933308}}  
[2023-06-27 08:52:21] ChannelAction.INFO: ======= END Channel Action (List) ================  
[2023-06-27 08:54:18] ChannelAction.INFO: ======= Start Channel Action (List) ================  
[2023-06-27 08:54:18] ChannelAction.INFO: method : POST  
[2023-06-27 08:54:18] ChannelAction.INFO: contentType : application/json  
[2023-06-27 08:54:18] ChannelAction.INFO: Input Data : {"decoded":{"sub":"1","id":"1","userName":"super admin","userGroup":"1","email":"superadmin@msense.in","hotelId":"4","brandId":"7","iat":1687846908,"exp":1687933308}}  
[2023-06-27 08:54:18] ChannelAction.INFO: ======= END Channel Action (List) ================  
[2023-06-27 08:56:10] ChannelAction.INFO: ======= Start Channel Action (List) ================  
[2023-06-27 08:56:10] ChannelAction.INFO: method : POST  
[2023-06-27 08:56:10] ChannelAction.INFO: contentType : application/json  
[2023-06-27 08:56:10] ChannelAction.INFO: Input Data : {"decoded":{"sub":"1","id":"1","userName":"super admin","userGroup":"1","email":"superadmin@msense.in","hotelId":"4","brandId":"7","iat":1687846908,"exp":1687933308}}  
[2023-06-27 08:56:10] ChannelAction.INFO: ======= END Channel Action (List) ================  
[2023-06-27 08:58:22] ChannelAction.INFO: ======= Start Channel Action (List) ================  
[2023-06-27 08:58:22] ChannelAction.INFO: method : POST  
[2023-06-27 08:58:22] ChannelAction.INFO: contentType : application/json  
[2023-06-27 08:58:22] ChannelAction.INFO: Input Data : {"decoded":{"sub":"1","id":"1","userName":"super admin","userGroup":"1","email":"superadmin@msense.in","hotelId":"4","brandId":"7","iat":1687846908,"exp":1687933308}}  
[2023-06-27 08:58:22] ChannelAction.INFO: ======= END Channel Action (List) ================  
[2023-06-27 09:01:11] ChannelAction.INFO: ======= Start Channel Action (List) ================  
[2023-06-27 09:01:11] ChannelAction.INFO: method : POST  
[2023-06-27 09:01:11] ChannelAction.INFO: contentType : application/json  
[2023-06-27 09:01:11] ChannelAction.INFO: Input Data : {"decoded":{"sub":"1","id":"1","userName":"super admin","userGroup":"1","email":"superadmin@msense.in","hotelId":"4","brandId":"7","iat":1687846908,"exp":1687933308}}  
[2023-06-27 09:01:11] ChannelAction.INFO: ======= END Channel Action (List) ================  
[2023-06-27 09:04:48] ChannelAction.INFO: ======= Start Channel Action (List) ================  
[2023-06-27 09:04:48] ChannelAction.INFO: method : POST  
[2023-06-27 09:04:48] ChannelAction.INFO: contentType : application/json  
[2023-06-27 09:04:48] ChannelAction.INFO: Input Data : {"decoded":{"sub":"1","id":"1","userName":"super admin","userGroup":"1","email":"superadmin@msense.in","hotelId":"4","brandId":"7","iat":1687846908,"exp":1687933308}}  
[2023-06-27 09:04:48] ChannelAction.INFO: ======= END Channel Action (List) ================  
[2023-06-27 09:11:02] ChannelAction.INFO: ======= Start Channel Action (List) ================  
[2023-06-27 09:11:02] ChannelAction.INFO: method : POST  
[2023-06-27 09:11:02] ChannelAction.INFO: contentType : application/json  
[2023-06-27 09:11:02] ChannelAction.INFO: Input Data : {"decoded":{"sub":"1","id":"1","userName":"super admin","userGroup":"1","email":"superadmin@msense.in","hotelId":"4","brandId":"7","iat":1687846908,"exp":1687933308}}  
[2023-06-27 09:11:02] ChannelAction.INFO: ======= END Channel Action (List) ================  
[2023-06-27 09:12:37] ChannelAction.INFO: ======= Start Channel Action (List) ================  
[2023-06-27 09:12:37] ChannelAction.INFO: method : POST  
[2023-06-27 09:12:37] ChannelAction.INFO: contentType : application/json  
[2023-06-27 09:12:37] ChannelAction.INFO: Input Data : {"decoded":{"sub":"1","id":"1","userName":"super admin","userGroup":"1","email":"superadmin@msense.in","hotelId":"4","brandId":"7","iat":1687846864,"exp":1687933264}}  
[2023-06-27 09:12:37] ChannelAction.INFO: ======= END Channel Action (List) ================  
[2023-06-27 09:13:26] ChannelAction.INFO: ======= Start Channel Action (List) ================  
[2023-06-27 09:13:26] ChannelAction.INFO: method : POST  
[2023-06-27 09:13:26] ChannelAction.INFO: contentType : application/json  
[2023-06-27 09:13:26] ChannelAction.INFO: Input Data : {"decoded":{"sub":"1","id":"1","userName":"super admin","userGroup":"1","email":"superadmin@msense.in","hotelId":"4","brandId":"7","iat":1687846864,"exp":1687933264}}  
[2023-06-27 09:13:26] ChannelAction.INFO: ======= END Channel Action (List) ================  
[2023-06-27 09:14:11] ChannelAction.INFO: ======= Start Channel Action (List) ================  
[2023-06-27 09:14:11] ChannelAction.INFO: method : POST  
[2023-06-27 09:14:11] ChannelAction.INFO: contentType : application/json  
[2023-06-27 09:14:11] ChannelAction.INFO: Input Data : {"decoded":{"sub":"1","id":"1","userName":"super admin","userGroup":"1","email":"superadmin@msense.in","hotelId":"4","brandId":"7","iat":1687846908,"exp":1687933308}}  
[2023-06-27 09:14:11] ChannelAction.INFO: ======= END Channel Action (List) ================  
[2023-06-27 09:14:46] ChannelAction.INFO: ======= Start Channel Action (List) ================  
[2023-06-27 09:14:46] ChannelAction.INFO: method : POST  
[2023-06-27 09:14:46] ChannelAction.INFO: contentType : application/json  
[2023-06-27 09:14:46] ChannelAction.INFO: Input Data : {"decoded":{"sub":"1","id":"1","userName":"super admin","userGroup":"1","email":"superadmin@msense.in","hotelId":"4","brandId":"7","iat":1687846908,"exp":1687933308}}  
[2023-06-27 09:14:46] ChannelAction.INFO: ======= END Channel Action (List) ================  
[2023-06-27 09:14:46] ChannelAction.INFO: ======= Start Channel Action (UPDATE) ================  
[2023-06-27 09:14:46] ChannelAction.INFO: method : POST  
[2023-06-27 09:14:46] ChannelAction.INFO: Channel id : 172  
[2023-06-27 09:14:46] ChannelAction.INFO: Insert Status : {"msg":"Channel Updated SuccessFully","status":"Success"}  
[2023-06-27 09:14:46] ChannelAction.INFO: ======= END Channel Action (UPDATE) ================  
[2023-06-27 09:14:46] ChannelAction.INFO: ======= Start Channel Action (List) ================  
[2023-06-27 09:14:46] ChannelAction.INFO: method : POST  
[2023-06-27 09:14:46] ChannelAction.INFO: contentType : application/json  
[2023-06-27 09:14:46] ChannelAction.INFO: Input Data : {"decoded":{"sub":"1","id":"1","userName":"super admin","userGroup":"1","email":"superadmin@msense.in","hotelId":"4","brandId":"7","iat":1687846864,"exp":1687933264}}  
[2023-06-27 09:14:46] ChannelAction.INFO: ======= END Channel Action (List) ================  
[2023-06-27 09:14:47] ChannelAction.INFO: ======= Start Channel Action (List) ================  
[2023-06-27 09:14:47] ChannelAction.INFO: method : POST  
[2023-06-27 09:14:47] ChannelAction.INFO: contentType : application/json  
[2023-06-27 09:14:47] ChannelAction.INFO: Input Data : {"decoded":{"sub":"1","id":"1","userName":"super admin","userGroup":"1","email":"superadmin@msense.in","hotelId":"4","brandId":"7","iat":1687846864,"exp":1687933264}}  
[2023-06-27 09:14:47] ChannelAction.INFO: ======= END Channel Action (List) ================  
[2023-06-27 09:14:58] ChannelAction.INFO: ======= Start Channel Action (UPDATE) ================  
[2023-06-27 09:14:58] ChannelAction.INFO: method : POST  
[2023-06-27 09:14:58] ChannelAction.INFO: Channel id : 172  
[2023-06-27 09:14:58] ChannelAction.INFO: Insert Status : {"msg":"Channel Updated SuccessFully","status":"Success"}  
[2023-06-27 09:14:58] ChannelAction.INFO: ======= END Channel Action (UPDATE) ================  
[2023-06-27 09:14:58] ChannelAction.INFO: ======= Start Channel Action (List) ================  
[2023-06-27 09:14:58] ChannelAction.INFO: method : POST  
[2023-06-27 09:14:58] ChannelAction.INFO: contentType : application/json  
[2023-06-27 09:14:58] ChannelAction.INFO: Input Data : {"decoded":{"sub":"1","id":"1","userName":"super admin","userGroup":"1","email":"superadmin@msense.in","hotelId":"4","brandId":"7","iat":1687846864,"exp":1687933264}}  
[2023-06-27 09:14:58] ChannelAction.INFO: ======= END Channel Action (List) ================  
[2023-06-27 09:14:58] ChannelAction.INFO: ======= Start Channel Action (List) ================  
[2023-06-27 09:14:58] ChannelAction.INFO: method : POST  
[2023-06-27 09:14:58] ChannelAction.INFO: contentType : application/json  
[2023-06-27 09:14:58] ChannelAction.INFO: Input Data : {"decoded":{"sub":"1","id":"1","userName":"super admin","userGroup":"1","email":"superadmin@msense.in","hotelId":"4","brandId":"7","iat":1687846864,"exp":1687933264}}  
[2023-06-27 09:14:58] ChannelAction.INFO: ======= END Channel Action (List) ================  
[2023-06-27 09:15:00] ChannelAction.INFO: ======= Start Channel Action (List) ================  
[2023-06-27 09:15:00] ChannelAction.INFO: method : POST  
[2023-06-27 09:15:00] ChannelAction.INFO: contentType : application/json  
[2023-06-27 09:15:00] ChannelAction.INFO: Input Data : {"decoded":{"sub":"1","id":"1","userName":"super admin","userGroup":"1","email":"superadmin@msense.in","hotelId":"4","brandId":"7","iat":1687846908,"exp":1687933308}}  
[2023-06-27 09:15:00] ChannelAction.INFO: ======= END Channel Action (List) ================  
[2023-06-27 09:15:04] ChannelAction.INFO: ======= Start Channel Action (List) ================  
[2023-06-27 09:15:04] ChannelAction.INFO: method : POST  
[2023-06-27 09:15:04] ChannelAction.INFO: contentType : application/json  
[2023-06-27 09:15:04] ChannelAction.INFO: Input Data : {"decoded":{"sub":"1","id":"1","userName":"super admin","userGroup":"1","email":"superadmin@msense.in","hotelId":"4","brandId":"7","iat":1687846864,"exp":1687933264}}  
[2023-06-27 09:15:04] ChannelAction.INFO: ======= END Channel Action (List) ================  
[2023-06-27 09:15:23] ChannelAction.INFO: ======= Start Channel Action (List) ================  
[2023-06-27 09:15:23] ChannelAction.INFO: method : POST  
[2023-06-27 09:15:23] ChannelAction.INFO: contentType : application/json  
[2023-06-27 09:15:23] ChannelAction.INFO: Input Data : {"decoded":{"sub":"1","id":"1","userName":"super admin","userGroup":"1","email":"superadmin@msense.in","hotelId":"4","brandId":"7","iat":1687846908,"exp":1687933308}}  
[2023-06-27 09:15:23] ChannelAction.INFO: ======= END Channel Action (List) ================  
[2023-06-27 09:16:20] ChannelAction.INFO: ======= Start Channel Action (UPDATE) ================  
[2023-06-27 09:16:20] ChannelAction.INFO: method : POST  
[2023-06-27 09:16:20] ChannelAction.INFO: Channel id : 172  
[2023-06-27 09:16:20] ChannelAction.INFO: Insert Status : {"msg":"Channel Updated SuccessFully","status":"Success"}  
[2023-06-27 09:16:20] ChannelAction.INFO: ======= END Channel Action (UPDATE) ================  
[2023-06-27 09:16:20] ChannelAction.INFO: ======= Start Channel Action (List) ================  
[2023-06-27 09:16:20] ChannelAction.INFO: method : POST  
[2023-06-27 09:16:20] ChannelAction.INFO: contentType : application/json  
[2023-06-27 09:16:20] ChannelAction.INFO: Input Data : {"decoded":{"sub":"1","id":"1","userName":"super admin","userGroup":"1","email":"superadmin@msense.in","hotelId":"4","brandId":"7","iat":1687846864,"exp":1687933264}}  
[2023-06-27 09:16:20] ChannelAction.INFO: ======= END Channel Action (List) ================  
[2023-06-27 09:16:20] ChannelAction.INFO: ======= Start Channel Action (List) ================  
[2023-06-27 09:16:20] ChannelAction.INFO: method : POST  
[2023-06-27 09:16:20] ChannelAction.INFO: contentType : application/json  
[2023-06-27 09:16:20] ChannelAction.INFO: Input Data : {"decoded":{"sub":"1","id":"1","userName":"super admin","userGroup":"1","email":"superadmin@msense.in","hotelId":"4","brandId":"7","iat":1687846864,"exp":1687933264}}  
[2023-06-27 09:16:20] ChannelAction.INFO: ======= END Channel Action (List) ================  
[2023-06-27 09:16:25] ChannelAction.INFO: ======= Start Channel Action (List) ================  
[2023-06-27 09:16:25] ChannelAction.INFO: method : POST  
[2023-06-27 09:16:25] ChannelAction.INFO: contentType : application/json  
[2023-06-27 09:16:25] ChannelAction.INFO: Input Data : {"decoded":{"sub":"1","id":"1","userName":"super admin","userGroup":"1","email":"superadmin@msense.in","hotelId":"4","brandId":"7","iat":1687846864,"exp":1687933264}}  
[2023-06-27 09:16:25] ChannelAction.INFO: ======= END Channel Action (List) ================  
[2023-06-27 09:17:28] ChannelAction.INFO: ======= Start Channel Action (List) ================  
[2023-06-27 09:17:28] ChannelAction.INFO: method : POST  
[2023-06-27 09:17:28] ChannelAction.INFO: contentType : application/json  
[2023-06-27 09:17:28] ChannelAction.INFO: Input Data : {"decoded":{"sub":"1","id":"1","userName":"super admin","userGroup":"1","email":"superadmin@msense.in","hotelId":"4","brandId":"7","iat":1687846864,"exp":1687933264}}  
[2023-06-27 09:17:28] ChannelAction.INFO: ======= END Channel Action (List) ================  
[2023-06-27 09:17:43] ChannelAction.INFO: ======= Start Channel Action (UPDATE) ================  
[2023-06-27 09:17:43] ChannelAction.INFO: method : POST  
[2023-06-27 09:17:43] ChannelAction.INFO: Channel id : 172  
[2023-06-27 09:17:43] ChannelAction.INFO: Insert Status : {"msg":"Channel Updated SuccessFully","status":"Success"}  
[2023-06-27 09:17:43] ChannelAction.INFO: ======= END Channel Action (UPDATE) ================  
[2023-06-27 09:17:43] ChannelAction.INFO: ======= Start Channel Action (List) ================  
[2023-06-27 09:17:43] ChannelAction.INFO: method : POST  
[2023-06-27 09:17:43] ChannelAction.INFO: contentType : application/json  
[2023-06-27 09:17:43] ChannelAction.INFO: Input Data : {"decoded":{"sub":"1","id":"1","userName":"super admin","userGroup":"1","email":"superadmin@msense.in","hotelId":"4","brandId":"7","iat":1687846864,"exp":1687933264}}  
[2023-06-27 09:17:43] ChannelAction.INFO: ======= END Channel Action (List) ================  
[2023-06-27 09:17:43] ChannelAction.INFO: ======= Start Channel Action (List) ================  
[2023-06-27 09:17:43] ChannelAction.INFO: method : POST  
[2023-06-27 09:17:43] ChannelAction.INFO: contentType : application/json  
[2023-06-27 09:17:43] ChannelAction.INFO: Input Data : {"decoded":{"sub":"1","id":"1","userName":"super admin","userGroup":"1","email":"superadmin@msense.in","hotelId":"4","brandId":"7","iat":1687846864,"exp":1687933264}}  
[2023-06-27 09:17:43] ChannelAction.INFO: ======= END Channel Action (List) ================  
[2023-06-27 09:17:49] ChannelAction.INFO: ======= Start Channel Action (List) ================  
[2023-06-27 09:17:49] ChannelAction.INFO: method : POST  
[2023-06-27 09:17:49] ChannelAction.INFO: contentType : application/json  
[2023-06-27 09:17:49] ChannelAction.INFO: Input Data : {"decoded":{"sub":"1","id":"1","userName":"super admin","userGroup":"1","email":"superadmin@msense.in","hotelId":"4","brandId":"7","iat":1687846864,"exp":1687933264}}  
[2023-06-27 09:17:49] ChannelAction.INFO: ======= END Channel Action (List) ================  
[2023-06-27 09:18:18] ChannelAction.INFO: ======= Start Channel Action (UPDATE) ================  
[2023-06-27 09:18:18] ChannelAction.INFO: method : POST  
[2023-06-27 09:18:18] ChannelAction.INFO: Channel id : 167  
[2023-06-27 09:18:18] ChannelAction.INFO: Insert Status : {"msg":"Channel Updated SuccessFully","status":"Success"}  
[2023-06-27 09:18:18] ChannelAction.INFO: ======= END Channel Action (UPDATE) ================  
[2023-06-27 09:18:18] ChannelAction.INFO: ======= Start Channel Action (List) ================  
[2023-06-27 09:18:18] ChannelAction.INFO: method : POST  
[2023-06-27 09:18:18] ChannelAction.INFO: contentType : application/json  
[2023-06-27 09:18:18] ChannelAction.INFO: Input Data : {"decoded":{"sub":"1","id":"1","userName":"super admin","userGroup":"1","email":"superadmin@msense.in","hotelId":"4","brandId":"7","iat":1687846864,"exp":1687933264}}  
[2023-06-27 09:18:18] ChannelAction.INFO: ======= END Channel Action (List) ================  
[2023-06-27 09:18:18] ChannelAction.INFO: ======= Start Channel Action (List) ================  
[2023-06-27 09:18:18] ChannelAction.INFO: method : POST  
[2023-06-27 09:18:18] ChannelAction.INFO: contentType : application/json  
[2023-06-27 09:18:18] ChannelAction.INFO: Input Data : {"decoded":{"sub":"1","id":"1","userName":"super admin","userGroup":"1","email":"superadmin@msense.in","hotelId":"4","brandId":"7","iat":1687846864,"exp":1687933264}}  
[2023-06-27 09:18:18] ChannelAction.INFO: ======= END Channel Action (List) ================  
[2023-06-27 09:18:21] ChannelAction.INFO: ======= Start Channel Action (List) ================  
[2023-06-27 09:18:21] ChannelAction.INFO: method : POST  
[2023-06-27 09:18:21] ChannelAction.INFO: contentType : application/json  
[2023-06-27 09:18:21] ChannelAction.INFO: Input Data : {"decoded":{"sub":"1","id":"1","userName":"super admin","userGroup":"1","email":"superadmin@msense.in","hotelId":"4","brandId":"7","iat":1687846864,"exp":1687933264}}  
[2023-06-27 09:18:21] ChannelAction.INFO: ======= END Channel Action (List) ================  
[2023-06-27 09:18:31] ChannelAction.INFO: ======= Start Channel Action (List) ================  
[2023-06-27 09:18:31] ChannelAction.INFO: method : POST  
[2023-06-27 09:18:31] ChannelAction.INFO: contentType : application/json  
[2023-06-27 09:18:31] ChannelAction.INFO: Input Data : {"decoded":{"sub":"1","id":"1","userName":"super admin","userGroup":"1","email":"superadmin@msense.in","hotelId":"4","brandId":"7","iat":1687846864,"exp":1687933264}}  
[2023-06-27 09:18:31] ChannelAction.INFO: ======= END Channel Action (List) ================  
[2023-06-27 09:18:43] ChannelAction.INFO: ======= Start Channel Action (UPDATE) ================  
[2023-06-27 09:18:43] ChannelAction.INFO: method : POST  
[2023-06-27 09:18:43] ChannelAction.INFO: Channel id : 172  
[2023-06-27 09:18:43] ChannelAction.INFO: Insert Status : {"msg":"Channel Updated SuccessFully","status":"Success"}  
[2023-06-27 09:18:43] ChannelAction.INFO: ======= END Channel Action (UPDATE) ================  
[2023-06-27 09:18:43] ChannelAction.INFO: ======= Start Channel Action (List) ================  
[2023-06-27 09:18:43] ChannelAction.INFO: method : POST  
[2023-06-27 09:18:43] ChannelAction.INFO: contentType : application/json  
[2023-06-27 09:18:43] ChannelAction.INFO: Input Data : {"decoded":{"sub":"1","id":"1","userName":"super admin","userGroup":"1","email":"superadmin@msense.in","hotelId":"4","brandId":"7","iat":1687846864,"exp":1687933264}}  
[2023-06-27 09:18:43] ChannelAction.INFO: ======= END Channel Action (List) ================  
[2023-06-27 09:18:43] ChannelAction.INFO: ======= Start Channel Action (List) ================  
[2023-06-27 09:18:43] ChannelAction.INFO: method : POST  
[2023-06-27 09:18:43] ChannelAction.INFO: contentType : application/json  
[2023-06-27 09:18:43] ChannelAction.INFO: Input Data : {"decoded":{"sub":"1","id":"1","userName":"super admin","userGroup":"1","email":"superadmin@msense.in","hotelId":"4","brandId":"7","iat":1687846864,"exp":1687933264}}  
[2023-06-27 09:18:43] ChannelAction.INFO: ======= END Channel Action (List) ================  
[2023-06-27 09:18:45] ChannelAction.INFO: ======= Start Channel Action (List) ================  
[2023-06-27 09:18:45] ChannelAction.INFO: method : POST  
[2023-06-27 09:18:45] ChannelAction.INFO: contentType : application/json  
[2023-06-27 09:18:45] ChannelAction.INFO: Input Data : {"decoded":{"sub":"1","id":"1","userName":"super admin","userGroup":"1","email":"superadmin@msense.in","hotelId":"4","brandId":"7","iat":1687846864,"exp":1687933264}}  
[2023-06-27 09:18:45] ChannelAction.INFO: ======= END Channel Action (List) ================  
[2023-06-27 09:18:56] ChannelAction.INFO: ======= Start Channel Action (UPDATE) ================  
[2023-06-27 09:18:56] ChannelAction.INFO: method : POST  
[2023-06-27 09:18:56] ChannelAction.INFO: Channel id : 171  
[2023-06-27 09:18:56] ChannelAction.INFO: Insert Status : {"msg":"Channel Updated SuccessFully","status":"Success"}  
[2023-06-27 09:18:56] ChannelAction.INFO: ======= END Channel Action (UPDATE) ================  
[2023-06-27 09:18:56] ChannelAction.INFO: ======= Start Channel Action (List) ================  
[2023-06-27 09:18:56] ChannelAction.INFO: method : POST  
[2023-06-27 09:18:56] ChannelAction.INFO: contentType : application/json  
[2023-06-27 09:18:56] ChannelAction.INFO: Input Data : {"decoded":{"sub":"1","id":"1","userName":"super admin","userGroup":"1","email":"superadmin@msense.in","hotelId":"4","brandId":"7","iat":1687846864,"exp":1687933264}}  
[2023-06-27 09:18:56] ChannelAction.INFO: ======= END Channel Action (List) ================  
[2023-06-27 09:18:57] ChannelAction.INFO: ======= Start Channel Action (List) ================  
[2023-06-27 09:18:57] ChannelAction.INFO: method : POST  
[2023-06-27 09:18:57] ChannelAction.INFO: contentType : application/json  
[2023-06-27 09:18:57] ChannelAction.INFO: Input Data : {"decoded":{"sub":"1","id":"1","userName":"super admin","userGroup":"1","email":"superadmin@msense.in","hotelId":"4","brandId":"7","iat":1687846864,"exp":1687933264}}  
[2023-06-27 09:18:57] ChannelAction.INFO: ======= END Channel Action (List) ================  
[2023-06-27 09:19:00] ChannelAction.INFO: ======= Start Channel Action (List) ================  
[2023-06-27 09:19:00] ChannelAction.INFO: method : POST  
[2023-06-27 09:19:00] ChannelAction.INFO: contentType : application/json  
[2023-06-27 09:19:00] ChannelAction.INFO: Input Data : {"decoded":{"sub":"1","id":"1","userName":"super admin","userGroup":"1","email":"superadmin@msense.in","hotelId":"4","brandId":"7","iat":1687846864,"exp":1687933264}}  
[2023-06-27 09:19:00] ChannelAction.INFO: ======= END Channel Action (List) ================  
[2023-06-27 09:22:25] ChannelAction.INFO: ======= Start Channel Action (List) ================  
[2023-06-27 09:22:25] ChannelAction.INFO: method : POST  
[2023-06-27 09:22:25] ChannelAction.INFO: contentType : application/json  
[2023-06-27 09:22:25] ChannelAction.INFO: Input Data : {"decoded":{"sub":"1","id":"1","userName":"super admin","userGroup":"1","email":"superadmin@msense.in","hotelId":"4","brandId":"7","iat":1687846908,"exp":1687933308}}  
[2023-06-27 09:22:25] ChannelAction.INFO: ======= END Channel Action (List) ================  
[2023-06-27 09:22:36] ChannelAction.INFO: ======= Start Channel Action (List) ================  
[2023-06-27 09:22:36] ChannelAction.INFO: method : POST  
[2023-06-27 09:22:36] ChannelAction.INFO: contentType : application/json  
[2023-06-27 09:22:36] ChannelAction.INFO: Input Data : {"decoded":{"sub":"1","id":"1","userName":"super admin","userGroup":"1","email":"superadmin@msense.in","hotelId":"4","brandId":"7","iat":1687846908,"exp":1687933308}}  
[2023-06-27 09:22:36] ChannelAction.INFO: ======= END Channel Action (List) ================  
[2023-06-27 11:27:22] ChannelAction.INFO: ======= Start Channel Action (List) ================  
[2023-06-27 11:27:22] ChannelAction.INFO: method : POST  
[2023-06-27 11:27:22] ChannelAction.INFO: contentType : application/json  
[2023-06-27 11:27:22] ChannelAction.INFO: Input Data : {"decoded":{"sub":"1","id":"1","userName":"super admin","userGroup":"1","email":"superadmin@msense.in","hotelId":"4","brandId":"7","iat":1687864119,"exp":1687950519}}  
[2023-06-27 11:27:22] ChannelAction.INFO: ======= END Channel Action (List) ================  
[2023-06-27 11:53:49] ChannelAction.INFO: ======= Start Channel Action (List) ================  
[2023-06-27 11:53:49] ChannelAction.INFO: method : POST  
[2023-06-27 11:53:49] ChannelAction.INFO: contentType : application/json  
[2023-06-27 11:53:49] ChannelAction.INFO: Input Data : {"decoded":{"sub":"1","id":"1","userName":"super admin","userGroup":"1","email":"superadmin@msense.in","hotelId":"4","brandId":"7","iat":1687864119,"exp":1687950519}}  
[2023-06-27 11:53:49] ChannelAction.INFO: ======= END Channel Action (List) ================  
[2023-06-27 11:54:34] ChannelAction.INFO: ======= Start Channel Action (List) ================  
[2023-06-27 11:54:34] ChannelAction.INFO: method : POST  
[2023-06-27 11:54:34] ChannelAction.INFO: contentType : application/json  
[2023-06-27 11:54:34] ChannelAction.INFO: Input Data : {"decoded":{"sub":"1","id":"1","userName":"super admin","userGroup":"1","email":"superadmin@msense.in","hotelId":"4","brandId":"7","iat":1687864119,"exp":1687950519}}  
[2023-06-27 11:54:34] ChannelAction.INFO: ======= END Channel Action (List) ================  
[2023-06-27 12:01:10] ChannelAction.INFO: ======= Start Channel Action (List) ================  
[2023-06-27 12:01:10] ChannelAction.INFO: method : POST  
[2023-06-27 12:01:10] ChannelAction.INFO: contentType : application/json  
[2023-06-27 12:01:10] ChannelAction.INFO: Input Data : {"decoded":{"sub":"1","id":"1","userName":"super admin","userGroup":"1","email":"superadmin@msense.in","hotelId":"4","brandId":"7","iat":1687864119,"exp":1687950519}}  
[2023-06-27 12:01:10] ChannelAction.INFO: ======= END Channel Action (List) ================  
[2023-06-27 12:19:37] ChannelAction.INFO: ======= Start Channel Action (List) ================  
[2023-06-27 12:19:37] ChannelAction.INFO: method : POST  
[2023-06-27 12:19:37] ChannelAction.INFO: contentType : application/json  
[2023-06-27 12:19:37] ChannelAction.INFO: Input Data : {"decoded":{"sub":"1","id":"1","userName":"super admin","userGroup":"1","email":"superadmin@msense.in","hotelId":"4","brandId":"7","iat":1687868372,"exp":1687954772}}  
[2023-06-27 12:19:37] ChannelAction.INFO: ======= END Channel Action (List) ================  
[2023-06-27 12:46:11] ChannelAction.INFO: ======= Start Channel Action (List) ================  
[2023-06-27 12:46:11] ChannelAction.INFO: method : POST  
[2023-06-27 12:46:11] ChannelAction.INFO: contentType : application/json  
[2023-06-27 12:46:11] ChannelAction.INFO: Input Data : {"decoded":{"sub":"1","id":"1","userName":"super admin","userGroup":"1","email":"superadmin@msense.in","hotelId":"4","brandId":"7","iat":1687869968,"exp":1687956368}}  
[2023-06-27 12:46:11] ChannelAction.INFO: ======= END Channel Action (List) ================  
[2023-06-27 12:48:05] ChannelAction.INFO: ======= Start Channel Action (List) ================  
[2023-06-27 12:48:05] ChannelAction.INFO: method : POST  
[2023-06-27 12:48:05] ChannelAction.INFO: contentType : application/json  
[2023-06-27 12:48:05] ChannelAction.INFO: Input Data : {"decoded":{"sub":"1","id":"1","userName":"super admin","userGroup":"1","email":"superadmin@msense.in","hotelId":"4","brandId":"7","iat":1687869968,"exp":1687956368}}  
[2023-06-27 12:48:05] ChannelAction.INFO: ======= END Channel Action (List) ================  
[2023-06-27 12:48:17] ChannelAction.INFO: ======= Start Channel Action (List) ================  
[2023-06-27 12:48:17] ChannelAction.INFO: method : POST  
[2023-06-27 12:48:17] ChannelAction.INFO: contentType : application/json  
[2023-06-27 12:48:17] ChannelAction.INFO: Input Data : {"decoded":{"sub":"1","id":"1","userName":"super admin","userGroup":"1","email":"superadmin@msense.in","hotelId":"4","brandId":"7","iat":1687869968,"exp":1687956368}}  
[2023-06-27 12:48:17] ChannelAction.INFO: ======= END Channel Action (List) ================  
[2023-06-27 12:48:36] ChannelAction.INFO: ======= Start Channel Action (List) ================  
[2023-06-27 12:48:36] ChannelAction.INFO: method : POST  
[2023-06-27 12:48:36] ChannelAction.INFO: contentType : application/json  
[2023-06-27 12:48:36] ChannelAction.INFO: Input Data : {"decoded":{"sub":"1","id":"1","userName":"super admin","userGroup":"1","email":"superadmin@msense.in","hotelId":"4","brandId":"7","iat":1687869968,"exp":1687956368}}  
[2023-06-27 12:48:36] ChannelAction.INFO: ======= END Channel Action (List) ================  
[2023-06-27 12:54:22] ChannelAction.INFO: ======= Start Channel Action (List) ================  
[2023-06-27 12:54:22] ChannelAction.INFO: method : POST  
[2023-06-27 12:54:22] ChannelAction.INFO: contentType : application/json  
[2023-06-27 12:54:22] ChannelAction.INFO: Input Data : {"decoded":{"sub":"1","id":"1","userName":"super admin","userGroup":"1","email":"superadmin@msense.in","hotelId":"4","brandId":"7","iat":1687869968,"exp":1687956368}}  
[2023-06-27 12:54:22] ChannelAction.INFO: ======= END Channel Action (List) ================  
[2023-06-27 12:58:06] ChannelAction.INFO: ======= Start Channel Action (List) ================  
[2023-06-27 12:58:06] ChannelAction.INFO: method : POST  
[2023-06-27 12:58:06] ChannelAction.INFO: contentType : application/json  
[2023-06-27 12:58:06] ChannelAction.INFO: Input Data : {"decoded":{"sub":"1","id":"1","userName":"super admin","userGroup":"1","email":"superadmin@msense.in","hotelId":"4","brandId":"7","iat":1687869968,"exp":1687956368}}  
[2023-06-27 12:58:06] ChannelAction.INFO: ======= END Channel Action (List) ================  
[2023-06-27 12:59:59] ChannelAction.INFO: ======= Start Channel Action (List) ================  
[2023-06-27 12:59:59] ChannelAction.INFO: method : POST  
[2023-06-27 12:59:59] ChannelAction.INFO: contentType : application/json  
[2023-06-27 12:59:59] ChannelAction.INFO: Input Data : {"decoded":{"sub":"1","id":"1","userName":"super admin","userGroup":"1","email":"superadmin@msense.in","hotelId":"4","brandId":"7","iat":1687869968,"exp":1687956368}}  
[2023-06-27 12:59:59] ChannelAction.INFO: ======= END Channel Action (List) ================  
[2023-06-27 13:00:09] ChannelAction.INFO: ======= Start Channel Action (List) ================  
[2023-06-27 13:00:09] ChannelAction.INFO: method : POST  
[2023-06-27 13:00:09] ChannelAction.INFO: contentType : application/json  
[2023-06-27 13:00:09] ChannelAction.INFO: Input Data : {"decoded":{"sub":"1","id":"1","userName":"super admin","userGroup":"1","email":"superadmin@msense.in","hotelId":"4","brandId":"7","iat":1687869968,"exp":1687956368}}  
[2023-06-27 13:00:09] ChannelAction.INFO: ======= END Channel Action (List) ================  
[2023-06-27 13:00:44] ChannelAction.INFO: ======= Start Channel Action (List) ================  
[2023-06-27 13:00:44] ChannelAction.INFO: method : POST  
[2023-06-27 13:00:44] ChannelAction.INFO: contentType : application/json  
[2023-06-27 13:00:44] ChannelAction.INFO: Input Data : {"decoded":{"sub":"1","id":"1","userName":"super admin","userGroup":"1","email":"superadmin@msense.in","hotelId":"4","brandId":"7","iat":1687869968,"exp":1687956368}}  
[2023-06-27 13:00:44] ChannelAction.INFO: ======= END Channel Action (List) ================  
[2023-06-27 13:03:34] ChannelAction.INFO: ======= Start Channel Action (List) ================  
[2023-06-27 13:03:34] ChannelAction.INFO: method : POST  
[2023-06-27 13:03:34] ChannelAction.INFO: contentType : application/json  
[2023-06-27 13:03:34] ChannelAction.INFO: Input Data : {"decoded":{"sub":"1","id":"1","userName":"super admin","userGroup":"1","email":"superadmin@msense.in","hotelId":"4","brandId":"7","iat":1687869968,"exp":1687956368}}  
[2023-06-27 13:03:34] ChannelAction.INFO: ======= END Channel Action (List) ================  
[2023-06-27 13:04:35] ChannelAction.INFO: ======= Start Channel Action (List) ================  
[2023-06-27 13:04:35] ChannelAction.INFO: method : POST  
[2023-06-27 13:04:35] ChannelAction.INFO: contentType : application/json  
[2023-06-27 13:04:35] ChannelAction.INFO: Input Data : {"decoded":{"sub":"1","id":"1","userName":"super admin","userGroup":"1","email":"superadmin@msense.in","hotelId":"4","brandId":"7","iat":1687869968,"exp":1687956368}}  
[2023-06-27 13:04:35] ChannelAction.INFO: ======= END Channel Action (List) ================  
[2023-06-27 13:11:11] ChannelAction.INFO: ======= Start Channel Action (List) ================  
[2023-06-27 13:11:11] ChannelAction.INFO: method : POST  
[2023-06-27 13:11:11] ChannelAction.INFO: contentType : application/json  
[2023-06-27 13:11:11] ChannelAction.INFO: Input Data : {"decoded":{"sub":"1","id":"1","userName":"super admin","userGroup":"1","email":"superadmin@msense.in","hotelId":"4","brandId":"7","iat":1687869968,"exp":1687956368}}  
[2023-06-27 13:11:11] ChannelAction.INFO: ======= END Channel Action (List) ================  
[2023-06-27 13:11:53] ChannelAction.INFO: ======= Start Channel Action (List) ================  
[2023-06-27 13:11:53] ChannelAction.INFO: method : POST  
[2023-06-27 13:11:53] ChannelAction.INFO: contentType : application/json  
[2023-06-27 13:11:53] ChannelAction.INFO: Input Data : {"decoded":{"sub":"1","id":"1","userName":"super admin","userGroup":"1","email":"superadmin@msense.in","hotelId":"4","brandId":"7","iat":1687869968,"exp":1687956368}}  
[2023-06-27 13:11:53] ChannelAction.INFO: ======= END Channel Action (List) ================  
[2023-06-27 14:07:10] ChannelAction.INFO: ======= Start Channel Action (List) ================  
[2023-06-27 14:07:10] ChannelAction.INFO: method : POST  
[2023-06-27 14:07:10] ChannelAction.INFO: contentType : application/json  
[2023-06-27 14:07:10] ChannelAction.INFO: Input Data : {"decoded":{"sub":"1","id":"1","userName":"super admin","userGroup":"1","email":"superadmin@msense.in","hotelId":"4","brandId":"7","iat":1687874822,"exp":1687961222}}  
[2023-06-27 14:07:10] ChannelAction.INFO: ======= END Channel Action (List) ================  
[2023-06-27 14:07:40] ChannelAction.INFO: ======= Start Channel Action (List) ================  
[2023-06-27 14:07:40] ChannelAction.INFO: method : POST  
[2023-06-27 14:07:40] ChannelAction.INFO: contentType : application/json  
[2023-06-27 14:07:40] ChannelAction.INFO: Input Data : {"decoded":{"sub":"1","id":"1","userName":"super admin","userGroup":"1","email":"superadmin@msense.in","hotelId":"4","brandId":"7","iat":1687874822,"exp":1687961222}}  
[2023-06-27 14:07:40] ChannelAction.INFO: ======= END Channel Action (List) ================  
[2023-06-27 14:09:10] ChannelAction.INFO: ======= Start Channel Action (List) ================  
[2023-06-27 14:09:10] ChannelAction.INFO: method : POST  
[2023-06-27 14:09:10] ChannelAction.INFO: contentType : application/json  
[2023-06-27 14:09:10] ChannelAction.INFO: Input Data : {"decoded":{"sub":"1","id":"1","userName":"super admin","userGroup":"1","email":"superadmin@msense.in","hotelId":"4","brandId":"7","iat":1687874822,"exp":1687961222}}  
[2023-06-27 14:09:10] ChannelAction.INFO: ======= END Channel Action (List) ================  
[2023-06-27 14:10:41] ChannelAction.INFO: ======= Start Channel Action (List) ================  
[2023-06-27 14:10:41] ChannelAction.INFO: method : POST  
[2023-06-27 14:10:41] ChannelAction.INFO: contentType : application/json  
[2023-06-27 14:10:41] ChannelAction.INFO: Input Data : {"decoded":{"sub":"1","id":"1","userName":"super admin","userGroup":"1","email":"superadmin@msense.in","hotelId":"4","brandId":"7","iat":1687874822,"exp":1687961222}}  
[2023-06-27 14:10:41] ChannelAction.INFO: ======= END Channel Action (List) ================  
[2023-06-27 14:13:23] ChannelAction.INFO: ======= Start Channel Action (List) ================  
[2023-06-27 14:13:23] ChannelAction.INFO: method : POST  
[2023-06-27 14:13:23] ChannelAction.INFO: contentType : application/json  
[2023-06-27 14:13:23] ChannelAction.INFO: Input Data : {"decoded":{"sub":"1","id":"1","userName":"super admin","userGroup":"1","email":"superadmin@msense.in","hotelId":"4","brandId":"7","iat":1687874822,"exp":1687961222}}  
[2023-06-27 14:13:23] ChannelAction.INFO: ======= END Channel Action (List) ================  
[2023-06-27 14:13:46] ChannelAction.INFO: ======= Start Channel Action (CREATE) ================  
[2023-06-27 14:13:46] ChannelAction.INFO: method : POST  
[2023-06-27 14:13:46] ChannelAction.INFO: Input Data : {"channelname":["teste","afsdfds"],"decoded":{"sub":"1","id":"1","userName":"super admin","userGroup":"1","email":"superadmin@msense.in","hotelId":"4","brandId":"7","iat":1687874822,"exp":1687961222}}  
[2023-06-27 14:13:46] ChannelAction.INFO: Insert Status : {"msg":"Channel Added SuccessFully","status":"Success"}  
[2023-06-27 14:13:46] ChannelAction.INFO: ======= END Channel Action (CREATE) ================  
[2023-06-27 14:13:46] ChannelAction.INFO: ======= Start Channel Action (List) ================  
[2023-06-27 14:13:46] ChannelAction.INFO: method : POST  
[2023-06-27 14:13:46] ChannelAction.INFO: contentType : application/json  
[2023-06-27 14:13:46] ChannelAction.INFO: Input Data : {"decoded":{"sub":"1","id":"1","userName":"super admin","userGroup":"1","email":"superadmin@msense.in","hotelId":"4","brandId":"7","iat":1687874822,"exp":1687961222}}  
[2023-06-27 14:13:46] ChannelAction.INFO: ======= END Channel Action (List) ================  
[2023-06-27 14:13:46] ChannelAction.INFO: ======= Start Channel Action (List) ================  
[2023-06-27 14:13:46] ChannelAction.INFO: method : POST  
[2023-06-27 14:13:46] ChannelAction.INFO: contentType : application/json  
[2023-06-27 14:13:46] ChannelAction.INFO: Input Data : {"decoded":{"sub":"1","id":"1","userName":"super admin","userGroup":"1","email":"superadmin@msense.in","hotelId":"4","brandId":"7","iat":1687874822,"exp":1687961222}}  
[2023-06-27 14:13:46] ChannelAction.INFO: ======= END Channel Action (List) ================  
[2023-06-27 14:13:53] ChannelAction.INFO: ======= Start Edit Brand Action ================  
[2023-06-27 14:13:53] ChannelAction.INFO: method : DELETE  
[2023-06-27 14:13:53] ChannelAction.INFO: contentType : application/json  
[2023-06-27 14:13:53] ChannelAction.INFO: Input Data : {"decoded":{"sub":"1","id":"1","userName":"super admin","userGroup":"1","email":"superadmin@msense.in","hotelId":"4","brandId":"7","iat":1687874822,"exp":1687961222}}  
[2023-06-27 14:13:53] ChannelAction.INFO: ======= END Edit Brand Action ================  
[2023-06-27 14:13:53] ChannelAction.INFO: ======= Start Channel Action (List) ================  
[2023-06-27 14:13:53] ChannelAction.INFO: method : POST  
[2023-06-27 14:13:53] ChannelAction.INFO: contentType : application/json  
[2023-06-27 14:13:53] ChannelAction.INFO: Input Data : {"decoded":{"sub":"1","id":"1","userName":"super admin","userGroup":"1","email":"superadmin@msense.in","hotelId":"4","brandId":"7","iat":1687874822,"exp":1687961222}}  
[2023-06-27 14:13:53] ChannelAction.INFO: ======= END Channel Action (List) ================  
[2023-06-27 14:16:07] ChannelAction.INFO: ======= Start Channel Action (List) ================  
[2023-06-27 14:16:07] ChannelAction.INFO: method : POST  
[2023-06-27 14:16:07] ChannelAction.INFO: contentType : application/json  
[2023-06-27 14:16:07] ChannelAction.INFO: Input Data : {"decoded":{"sub":"1","id":"1","userName":"super admin","userGroup":"1","email":"superadmin@msense.in","hotelId":"4","brandId":"7","iat":1687874822,"exp":1687961222}}  
[2023-06-27 14:16:07] ChannelAction.INFO: ======= END Channel Action (List) ================  
[2023-06-27 14:17:12] ChannelAction.INFO: ======= Start Channel Action (List) ================  
[2023-06-27 14:17:12] ChannelAction.INFO: method : POST  
[2023-06-27 14:17:12] ChannelAction.INFO: contentType : application/json  
[2023-06-27 14:17:12] ChannelAction.INFO: Input Data : {"decoded":{"sub":"1","id":"1","userName":"super admin","userGroup":"1","email":"superadmin@msense.in","hotelId":"4","brandId":"7","iat":1687875428,"exp":1687961828}}  
[2023-06-27 14:17:12] ChannelAction.INFO: ======= END Channel Action (List) ================  
[2023-06-27 14:17:31] ChannelAction.INFO: ======= Start Channel Action (List) ================  
[2023-06-27 14:17:31] ChannelAction.INFO: method : POST  
[2023-06-27 14:17:31] ChannelAction.INFO: contentType : application/json  
[2023-06-27 14:17:31] ChannelAction.INFO: Input Data : {"decoded":{"sub":"1","id":"1","userName":"super admin","userGroup":"1","email":"superadmin@msense.in","hotelId":"4","brandId":"7","iat":1687875428,"exp":1687961828}}  
[2023-06-27 14:17:31] ChannelAction.INFO: ======= END Channel Action (List) ================  
[2023-06-27 14:19:21] ChannelAction.INFO: ======= Start Channel Action (List) ================  
[2023-06-27 14:19:21] ChannelAction.INFO: method : POST  
[2023-06-27 14:19:21] ChannelAction.INFO: contentType : application/json  
[2023-06-27 14:19:21] ChannelAction.INFO: Input Data : {"decoded":{"sub":"1","id":"1","userName":"super admin","userGroup":"1","email":"superadmin@msense.in","hotelId":"4","brandId":"7","iat":1687874822,"exp":1687961222}}  
[2023-06-27 14:19:21] ChannelAction.INFO: ======= END Channel Action (List) ================  
[2023-06-27 14:20:13] ChannelAction.INFO: ======= Start Channel Action (List) ================  
[2023-06-27 14:20:13] ChannelAction.INFO: method : POST  
[2023-06-27 14:20:13] ChannelAction.INFO: contentType : application/json  
[2023-06-27 14:20:13] ChannelAction.INFO: Input Data : {"decoded":{"sub":"1","id":"1","userName":"super admin","userGroup":"1","email":"superadmin@msense.in","hotelId":"4","brandId":"7","iat":1687875611,"exp":1687962011}}  
[2023-06-27 14:20:13] ChannelAction.INFO: ======= END Channel Action (List) ================  
[2023-06-27 14:20:43] ChannelAction.INFO: ======= Start Channel Action (List) ================  
[2023-06-27 14:20:43] ChannelAction.INFO: method : POST  
[2023-06-27 14:20:43] ChannelAction.INFO: contentType : application/json  
[2023-06-27 14:20:43] ChannelAction.INFO: Input Data : {"decoded":{"sub":"1","id":"1","userName":"super admin","userGroup":"1","email":"superadmin@msense.in","hotelId":"4","brandId":"7","iat":1687875611,"exp":1687962011}}  
[2023-06-27 14:20:43] ChannelAction.INFO: ======= END Channel Action (List) ================  
[2023-06-27 14:23:19] ChannelAction.INFO: ======= Start Channel Action (List) ================  
[2023-06-27 14:23:19] ChannelAction.INFO: method : POST  
[2023-06-27 14:23:19] ChannelAction.INFO: contentType : application/json  
[2023-06-27 14:23:19] ChannelAction.INFO: Input Data : {"decoded":{"sub":"1","id":"1","userName":"super admin","userGroup":"1","email":"superadmin@msense.in","hotelId":"4","brandId":"7","iat":1687874822,"exp":1687961222}}  
[2023-06-27 14:23:19] ChannelAction.INFO: ======= END Channel Action (List) ================  
[2023-06-27 14:23:27] ChannelAction.INFO: ======= Start Channel Action (List) ================  
[2023-06-27 14:23:27] ChannelAction.INFO: method : POST  
[2023-06-27 14:23:27] ChannelAction.INFO: contentType : application/json  
[2023-06-27 14:23:27] ChannelAction.INFO: Input Data : {"decoded":{"sub":"1","id":"1","userName":"super admin","userGroup":"1","email":"superadmin@msense.in","hotelId":"4","brandId":"7","iat":1687874822,"exp":1687961222}}  
[2023-06-27 14:23:27] ChannelAction.INFO: ======= END Channel Action (List) ================  
