[2023-06-27 01:05:03] AdmnGrpsAction.INFO: ======= Start AdmnGrps Action (List) ================  
[2023-06-27 01:05:03] AdmnGrpsAction.INFO: method : POST  
[2023-06-27 01:05:03] AdmnGrpsAction.INFO: contentType : application/json  
[2023-06-27 01:05:03] AdmnGrpsAction.INFO: Input Data : {"decoded":{"sub":"1","id":"1","userName":"super admin","userGroup":"1","email":"superadmin@msense.in","hotelId":"4","brandId":"7","iat":1687827891,"exp":1687914291}}  
[2023-06-27 01:05:03] AdmnGrpsAction.INFO: ======= END AdmnGrps Action (List) ================  
[2023-06-27 01:05:27] AdmnGrpsAction.INFO: ======= Start AdmnGrps Action (List) ================  
[2023-06-27 01:05:27] AdmnGrpsAction.INFO: method : POST  
[2023-06-27 01:05:27] AdmnGrpsAction.INFO: contentType : application/json  
[2023-06-27 01:05:27] AdmnGrpsAction.INFO: Input Data : {"decoded":{"sub":"1","id":"1","userName":"super admin","userGroup":"1","email":"superadmin@msense.in","hotelId":"4","brandId":"7","iat":1687827891,"exp":1687914291}}  
[2023-06-27 01:05:27] AdmnGrpsAction.INFO: ======= END AdmnGrps Action (List) ================  
[2023-06-27 04:36:41] AdmnGrpsAction.INFO: ======= Start AdmnGrps Action (List) ================  
[2023-06-27 04:36:41] AdmnGrpsAction.INFO: method : POST  
[2023-06-27 04:36:41] AdmnGrpsAction.INFO: contentType : application/json  
[2023-06-27 04:36:41] AdmnGrpsAction.INFO: Input Data : {"decoded":{"sub":"1","id":"1","userName":"super admin","userGroup":"1","email":"superadmin@msense.in","hotelId":"4","brandId":"7","iat":1687827891,"exp":1687914291}}  
[2023-06-27 04:36:41] AdmnGrpsAction.INFO: ======= END AdmnGrps Action (List) ================  
[2023-06-27 04:40:47] AdmnGrpsAction.INFO: ======= Start AdmnGrps Action (List) ================  
[2023-06-27 04:40:47] AdmnGrpsAction.INFO: method : POST  
[2023-06-27 04:40:47] AdmnGrpsAction.INFO: contentType : application/json  
[2023-06-27 04:40:47] AdmnGrpsAction.INFO: Input Data : {"decoded":{"sub":"1","id":"1","userName":"super admin","userGroup":"1","email":"superadmin@msense.in","hotelId":"4","brandId":"7","iat":1687840709,"exp":1687927109}}  
[2023-06-27 04:40:47] AdmnGrpsAction.INFO: ======= END AdmnGrps Action (List) ================  
[2023-06-27 04:44:30] AdmnGrpsAction.INFO: ======= Start AdmnGrps Action (List) ================  
[2023-06-27 04:44:30] AdmnGrpsAction.INFO: method : POST  
[2023-06-27 04:44:30] AdmnGrpsAction.INFO: contentType : application/json  
[2023-06-27 04:44:30] AdmnGrpsAction.INFO: Input Data : {"decoded":{"sub":"1","id":"1","userName":"super admin","userGroup":"1","email":"superadmin@msense.in","hotelId":"4","brandId":"7","iat":1687840709,"exp":1687927109}}  
[2023-06-27 04:44:30] AdmnGrpsAction.INFO: ======= END AdmnGrps Action (List) ================  
[2023-06-27 04:44:46] AdmnGrpsAction.INFO: ======= Start AdmnGrps Action (List) ================  
[2023-06-27 04:44:46] AdmnGrpsAction.INFO: method : POST  
[2023-06-27 04:44:46] AdmnGrpsAction.INFO: contentType : application/json  
[2023-06-27 04:44:46] AdmnGrpsAction.INFO: Input Data : {"decoded":{"sub":"1","id":"1","userName":"super admin","userGroup":"1","email":"superadmin@msense.in","hotelId":"4","brandId":"7","iat":1687840709,"exp":1687927109}}  
[2023-06-27 04:44:46] AdmnGrpsAction.INFO: ======= END AdmnGrps Action (List) ================  
[2023-06-27 04:48:48] AdmnGrpsAction.INFO: ======= Start AdmnGrps Action (List) ================  
[2023-06-27 04:48:48] AdmnGrpsAction.INFO: method : POST  
[2023-06-27 04:48:48] AdmnGrpsAction.INFO: contentType : application/json  
[2023-06-27 04:48:48] AdmnGrpsAction.INFO: Input Data : {"decoded":{"sub":"1","id":"1","userName":"super admin","userGroup":"1","email":"superadmin@msense.in","hotelId":"4","brandId":"7","iat":1687839977,"exp":1687926377}}  
[2023-06-27 04:48:48] AdmnGrpsAction.INFO: ======= END AdmnGrps Action (List) ================  
[2023-06-27 04:51:55] AdmnGrpsAction.INFO: ======= Start AdmnGrps Action (List) ================  
[2023-06-27 04:51:55] AdmnGrpsAction.INFO: method : POST  
[2023-06-27 04:51:55] AdmnGrpsAction.INFO: contentType : application/json  
[2023-06-27 04:51:55] AdmnGrpsAction.INFO: Input Data : {"decoded":{"sub":"1","id":"1","userName":"super admin","userGroup":"1","email":"superadmin@msense.in","hotelId":"4","brandId":"7","iat":1687839977,"exp":1687926377}}  
[2023-06-27 04:51:55] AdmnGrpsAction.INFO: ======= END AdmnGrps Action (List) ================  
[2023-06-27 04:54:06] AdmnGrpsAction.INFO: ======= Start AdmnGrps Action (List) ================  
[2023-06-27 04:54:06] AdmnGrpsAction.INFO: method : POST  
[2023-06-27 04:54:06] AdmnGrpsAction.INFO: contentType : application/json  
[2023-06-27 04:54:06] AdmnGrpsAction.INFO: Input Data : {"decoded":{"sub":"1","id":"1","userName":"super admin","userGroup":"1","email":"superadmin@msense.in","hotelId":"4","brandId":"7","iat":1687839977,"exp":1687926377}}  
[2023-06-27 04:54:06] AdmnGrpsAction.INFO: ======= END AdmnGrps Action (List) ================  
[2023-06-27 04:54:24] AdmnGrpsAction.INFO: ======= Start AdmnGrps Action (List) ================  
[2023-06-27 04:54:24] AdmnGrpsAction.INFO: method : POST  
[2023-06-27 04:54:24] AdmnGrpsAction.INFO: contentType : application/json  
[2023-06-27 04:54:24] AdmnGrpsAction.INFO: Input Data : {"decoded":{"sub":"1","id":"1","userName":"super admin","userGroup":"1","email":"superadmin@msense.in","hotelId":"4","brandId":"7","iat":1687839977,"exp":1687926377}}  
[2023-06-27 04:54:24] AdmnGrpsAction.INFO: ======= END AdmnGrps Action (List) ================  
[2023-06-27 04:59:25] AdmnGrpsAction.INFO: ======= Start AdmnGrps Action (List) ================  
[2023-06-27 04:59:25] AdmnGrpsAction.INFO: method : POST  
[2023-06-27 04:59:25] AdmnGrpsAction.INFO: contentType : application/json  
[2023-06-27 04:59:25] AdmnGrpsAction.INFO: Input Data : {"decoded":{"sub":"1","id":"1","userName":"super admin","userGroup":"1","email":"superadmin@msense.in","hotelId":"4","brandId":"7","iat":1687841236,"exp":1687927636}}  
[2023-06-27 04:59:25] AdmnGrpsAction.INFO: ======= END AdmnGrps Action (List) ================  
[2023-06-27 05:57:07] AdmnGrpsAction.INFO: ======= Start AdmnGrps Action (List) ================  
[2023-06-27 05:57:07] AdmnGrpsAction.INFO: method : POST  
[2023-06-27 05:57:07] AdmnGrpsAction.INFO: contentType : application/json  
[2023-06-27 05:57:07] AdmnGrpsAction.INFO: Input Data : {"decoded":{"sub":"1","id":"1","userName":"super admin","userGroup":"1","email":"superadmin@msense.in","hotelId":"4","brandId":"7","iat":1687845420,"exp":1687931820}}  
[2023-06-27 05:57:07] AdmnGrpsAction.INFO: ======= END AdmnGrps Action (List) ================  
[2023-06-27 13:08:53] AdmnGrpsAction.INFO: ======= Start AdmnGrps Action (Single One) ================  
[2023-06-27 13:08:53] AdmnGrpsAction.INFO: method : GET  
[2023-06-27 13:08:53] AdmnGrpsAction.INFO: contentType : application/json  
[2023-06-27 13:08:53] AdmnGrpsAction.INFO: Input Data : {"menuid":"1","pageIndex":"0","pageSize":"25","searchValue":"","sortName":"GroupID","sortOrder":"DESC","decoded":{"sub":"1","id":"1","userName":"super admin","userGroup":"1","email":"superadmin@msense.in","hotelId":"4","brandId":"7","iat":1687871003,"exp":1687957403}}  
[2023-06-27 13:08:53] AdmnGrpsAction.INFO: group id : list  
[2023-06-27 13:09:00] AdmnGrpsAction.INFO: ======= Start AdmnGrps Action (Single One) ================  
[2023-06-27 13:09:00] AdmnGrpsAction.INFO: method : GET  
[2023-06-27 13:09:00] AdmnGrpsAction.INFO: contentType : application/json  
[2023-06-27 13:09:00] AdmnGrpsAction.INFO: Input Data : {"menuid":"1","pageIndex":"0","pageSize":"25","searchValue":"","sortName":"GroupID","sortOrder":"DESC","decoded":{"sub":"1","id":"1","userName":"super admin","userGroup":"1","email":"superadmin@msense.in","hotelId":"4","brandId":"7","iat":1687871003,"exp":1687957403}}  
[2023-06-27 13:09:00] AdmnGrpsAction.INFO: group id : list  
[2023-06-27 13:10:21] AdmnGrpsAction.INFO: ======= Start AdmnGrps Action (Single One) ================  
[2023-06-27 13:10:21] AdmnGrpsAction.INFO: method : GET  
[2023-06-27 13:10:21] AdmnGrpsAction.INFO: contentType : application/json  
[2023-06-27 13:10:21] AdmnGrpsAction.INFO: Input Data : {"menuid":"1","pageIndex":"0","pageSize":"25","searchValue":"","sortName":"GroupID","sortOrder":"DESC","decoded":{"sub":"1","id":"1","userName":"super admin","userGroup":"1","email":"superadmin@msense.in","hotelId":"4","brandId":"7","iat":1687871003,"exp":1687957403}}  
[2023-06-27 13:10:21] AdmnGrpsAction.INFO: group id : list  
[2023-06-27 14:13:59] AdmnGrpsAction.INFO: ======= Start AdmnGrps Action (List) ================  
[2023-06-27 14:13:59] AdmnGrpsAction.INFO: method : POST  
[2023-06-27 14:13:59] AdmnGrpsAction.INFO: contentType : application/json  
[2023-06-27 14:13:59] AdmnGrpsAction.INFO: Input Data : {"decoded":{"sub":"1","id":"1","userName":"super admin","userGroup":"1","email":"superadmin@msense.in","hotelId":"4","brandId":"7","iat":1687874822,"exp":1687961222}}  
[2023-06-27 14:13:59] AdmnGrpsAction.INFO: ======= END AdmnGrps Action (List) ================  
[2023-06-27 14:14:08] AdmnGrpsAction.INFO: ======= Start AdmnGrps Action (List) ================  
[2023-06-27 14:14:08] AdmnGrpsAction.INFO: method : POST  
[2023-06-27 14:14:08] AdmnGrpsAction.INFO: contentType : application/json  
[2023-06-27 14:14:08] AdmnGrpsAction.INFO: Input Data : {"decoded":{"sub":"1","id":"1","userName":"super admin","userGroup":"1","email":"superadmin@msense.in","hotelId":"4","brandId":"7","iat":1687874822,"exp":1687961222}}  
[2023-06-27 14:14:08] AdmnGrpsAction.INFO: ======= END AdmnGrps Action (List) ================  
[2023-06-27 14:24:45] AdmnGrpsAction.INFO: ======= Start AdmnGrps Action (List) ================  
[2023-06-27 14:24:45] AdmnGrpsAction.INFO: method : POST  
[2023-06-27 14:24:45] AdmnGrpsAction.INFO: contentType : application/json  
[2023-06-27 14:24:45] AdmnGrpsAction.INFO: Input Data : {"decoded":{"sub":"1","id":"1","userName":"super admin","userGroup":"1","email":"superadmin@msense.in","hotelId":"4","brandId":"7","iat":1687874822,"exp":1687961222}}  
[2023-06-27 14:24:45] AdmnGrpsAction.INFO: ======= END AdmnGrps Action (List) ================  
[2023-06-27 14:25:27] AdmnGrpsAction.INFO: ======= Start AdmnGrps Action (List) ================  
[2023-06-27 14:25:27] AdmnGrpsAction.INFO: method : POST  
[2023-06-27 14:25:27] AdmnGrpsAction.INFO: contentType : application/json  
[2023-06-27 14:25:27] AdmnGrpsAction.INFO: Input Data : {"decoded":{"sub":"1","id":"1","userName":"super admin","userGroup":"1","email":"superadmin@msense.in","hotelId":"4","brandId":"7","iat":1687874822,"exp":1687961222}}  
[2023-06-27 14:25:27] AdmnGrpsAction.INFO: ======= END AdmnGrps Action (List) ================  
[2023-06-27 14:34:51] AdmnGrpsAction.INFO: ======= Start AdmnGrps Action (List) ================  
[2023-06-27 14:34:51] AdmnGrpsAction.INFO: method : POST  
[2023-06-27 14:34:51] AdmnGrpsAction.INFO: contentType : application/json  
[2023-06-27 14:34:51] AdmnGrpsAction.INFO: Input Data : {"decoded":{"sub":"1","id":"1","userName":"super admin","userGroup":"1","email":"superadmin@msense.in","hotelId":"4","brandId":"7","iat":1687874822,"exp":1687961222}}  
[2023-06-27 14:34:51] AdmnGrpsAction.INFO: ======= END AdmnGrps Action (List) ================  
