[2023-06-27 01:05:03] AdmnUsrsAction.INFO: ======= Start AdmnUsrs Action (List) ================  
[2023-06-27 01:05:03] AdmnUsrsAction.INFO: method : POST  
[2023-06-27 01:05:03] AdmnUsrsAction.INFO: contentType : application/json  
[2023-06-27 01:05:03] AdmnUsrsAction.INFO: Input Data : {"decoded":{"sub":"1","id":"1","userName":"super admin","userGroup":"1","email":"superadmin@msense.in","hotelId":"4","brandId":"7","iat":1687827891,"exp":1687914291}}  
[2023-06-27 01:05:03] AdmnUsrsAction.INFO: ======= END AdmnUsrs Action (List) ================  
[2023-06-27 04:44:30] AdmnUsrsAction.INFO: ======= Start AdmnUsrs Action (List) ================  
[2023-06-27 04:44:30] AdmnUsrsAction.INFO: method : POST  
[2023-06-27 04:44:30] AdmnUsrsAction.INFO: contentType : application/json  
[2023-06-27 04:44:30] AdmnUsrsAction.INFO: Input Data : {"decoded":{"sub":"1","id":"1","userName":"super admin","userGroup":"1","email":"superadmin@msense.in","hotelId":"4","brandId":"7","iat":1687840709,"exp":1687927109}}  
[2023-06-27 04:44:30] AdmnUsrsAction.INFO: ======= END AdmnUsrs Action (List) ================  
[2023-06-27 04:48:48] AdmnUsrsAction.INFO: ======= Start AdmnUsrs Action (List) ================  
[2023-06-27 04:48:48] AdmnUsrsAction.INFO: method : POST  
[2023-06-27 04:48:48] AdmnUsrsAction.INFO: contentType : application/json  
[2023-06-27 04:48:48] AdmnUsrsAction.INFO: Input Data : {"decoded":{"sub":"1","id":"1","userName":"super admin","userGroup":"1","email":"superadmin@msense.in","hotelId":"4","brandId":"7","iat":1687839977,"exp":1687926377}}  
[2023-06-27 04:48:48] AdmnUsrsAction.INFO: ======= END AdmnUsrs Action (List) ================  
[2023-06-27 04:51:55] AdmnUsrsAction.INFO: ======= Start AdmnUsrs Action (List) ================  
[2023-06-27 04:51:55] AdmnUsrsAction.INFO: method : POST  
[2023-06-27 04:51:55] AdmnUsrsAction.INFO: contentType : application/json  
[2023-06-27 04:51:55] AdmnUsrsAction.INFO: Input Data : {"decoded":{"sub":"1","id":"1","userName":"super admin","userGroup":"1","email":"superadmin@msense.in","hotelId":"4","brandId":"7","iat":1687839977,"exp":1687926377}}  
[2023-06-27 04:51:55] AdmnUsrsAction.INFO: ======= END AdmnUsrs Action (List) ================  
[2023-06-27 04:54:06] AdmnUsrsAction.INFO: ======= Start AdmnUsrs Action (List) ================  
[2023-06-27 04:54:06] AdmnUsrsAction.INFO: method : POST  
[2023-06-27 04:54:06] AdmnUsrsAction.INFO: contentType : application/json  
[2023-06-27 04:54:06] AdmnUsrsAction.INFO: Input Data : {"decoded":{"sub":"1","id":"1","userName":"super admin","userGroup":"1","email":"superadmin@msense.in","hotelId":"4","brandId":"7","iat":1687839977,"exp":1687926377}}  
[2023-06-27 04:54:06] AdmnUsrsAction.INFO: ======= END AdmnUsrs Action (List) ================  
[2023-06-27 14:14:08] AdmnUsrsAction.INFO: ======= Start AdmnUsrs Action (List) ================  
[2023-06-27 14:14:08] AdmnUsrsAction.INFO: method : POST  
[2023-06-27 14:14:08] AdmnUsrsAction.INFO: contentType : application/json  
[2023-06-27 14:14:08] AdmnUsrsAction.INFO: Input Data : {"decoded":{"sub":"1","id":"1","userName":"super admin","userGroup":"1","email":"superadmin@msense.in","hotelId":"4","brandId":"7","iat":1687874822,"exp":1687961222}}  
[2023-06-27 14:14:08] AdmnUsrsAction.INFO: ======= END AdmnUsrs Action (List) ================  
