[2023-06-27 01:05:03] AdmnGrpsRepository.INFO: ======= Start AdmnGrps Repository ================  
[2023-06-27 01:05:03] AdmnGrpsRepository.INFO: Input Data : {"decoded":{"sub":"1","id":"1","userName":"super admin","userGroup":"1","email":"superadmin@msense.in","hotelId":"4","brandId":"7","iat":1687827891,"exp":1687914291}}  
[2023-06-27 01:05:03] AdmnGrpModel.INFO: Query : CALL SP_GroupConfig('0', '0', 0, '', 
            1, '', 10, '0', 
            0, '', 'DESC', 'GETALL')  
[2023-06-27 01:05:03] AdmnGrpModel.INFO: Group List Avaliable Group list count : 30  
[2023-06-27 01:05:03] AdmnGrpsRepository.INFO: ======= End AdmnGrps Repository ================  
[2023-06-27 01:05:27] AdmnGrpsRepository.INFO: ======= Start AdmnGrps Repository ================  
[2023-06-27 01:05:27] AdmnGrpsRepository.INFO: Input Data : {"decoded":{"sub":"1","id":"1","userName":"super admin","userGroup":"1","email":"superadmin@msense.in","hotelId":"4","brandId":"7","iat":1687827891,"exp":1687914291}}  
[2023-06-27 01:05:27] AdmnGrpModel.INFO: Query : CALL SP_GroupConfig('0', '0', 0, '', 
            1, '', 10, '0', 
            0, '', 'DESC', 'GETALL')  
[2023-06-27 01:05:27] AdmnGrpModel.INFO: Group List Avaliable Group list count : 30  
[2023-06-27 01:05:27] AdmnGrpsRepository.INFO: ======= End AdmnGrps Repository ================  
[2023-06-27 04:36:41] AdmnGrpsRepository.INFO: ======= Start AdmnGrps Repository ================  
[2023-06-27 04:36:41] AdmnGrpsRepository.INFO: Input Data : {"decoded":{"sub":"1","id":"1","userName":"super admin","userGroup":"1","email":"superadmin@msense.in","hotelId":"4","brandId":"7","iat":1687827891,"exp":1687914291}}  
[2023-06-27 04:36:41] AdmnGrpModel.INFO: Query : CALL SP_GroupConfig('0', '0', 0, '', 
            1, '', 10, '0', 
            0, '', 'DESC', 'GETALL')  
[2023-06-27 04:36:41] AdmnGrpModel.INFO: Group List Avaliable Group list count : 30  
[2023-06-27 04:36:41] AdmnGrpsRepository.INFO: ======= End AdmnGrps Repository ================  
[2023-06-27 04:40:47] AdmnGrpsRepository.INFO: ======= Start AdmnGrps Repository ================  
[2023-06-27 04:40:47] AdmnGrpsRepository.INFO: Input Data : {"decoded":{"sub":"1","id":"1","userName":"super admin","userGroup":"1","email":"superadmin@msense.in","hotelId":"4","brandId":"7","iat":1687840709,"exp":1687927109}}  
[2023-06-27 04:40:47] AdmnGrpModel.INFO: Query : CALL SP_GroupConfig('0', '0', 0, '', 
            1, '', 10, '0', 
            0, '', 'DESC', 'GETALL')  
[2023-06-27 04:40:47] AdmnGrpModel.INFO: Group List Avaliable Group list count : 30  
[2023-06-27 04:40:47] AdmnGrpsRepository.INFO: ======= End AdmnGrps Repository ================  
[2023-06-27 04:44:30] AdmnGrpsRepository.INFO: ======= Start AdmnGrps Repository ================  
[2023-06-27 04:44:30] AdmnGrpsRepository.INFO: Input Data : {"decoded":{"sub":"1","id":"1","userName":"super admin","userGroup":"1","email":"superadmin@msense.in","hotelId":"4","brandId":"7","iat":1687840709,"exp":1687927109}}  
[2023-06-27 04:44:30] AdmnGrpModel.INFO: Query : CALL SP_GroupConfig('0', '0', 0, '', 
            1, '', 10, '0', 
            0, '', 'DESC', 'GETALL')  
[2023-06-27 04:44:30] AdmnGrpModel.INFO: Group List Avaliable Group list count : 30  
[2023-06-27 04:44:30] AdmnGrpsRepository.INFO: ======= End AdmnGrps Repository ================  
[2023-06-27 04:44:46] AdmnGrpsRepository.INFO: ======= Start AdmnGrps Repository ================  
[2023-06-27 04:44:46] AdmnGrpsRepository.INFO: Input Data : {"decoded":{"sub":"1","id":"1","userName":"super admin","userGroup":"1","email":"superadmin@msense.in","hotelId":"4","brandId":"7","iat":1687840709,"exp":1687927109}}  
[2023-06-27 04:44:46] AdmnGrpModel.INFO: Query : CALL SP_GroupConfig('0', '0', 0, '', 
            1, '', 10, '0', 
            0, '', 'DESC', 'GETALL')  
[2023-06-27 04:44:46] AdmnGrpModel.INFO: Group List Avaliable Group list count : 30  
[2023-06-27 04:44:46] AdmnGrpsRepository.INFO: ======= End AdmnGrps Repository ================  
[2023-06-27 04:48:48] AdmnGrpsRepository.INFO: ======= Start AdmnGrps Repository ================  
[2023-06-27 04:48:48] AdmnGrpsRepository.INFO: Input Data : {"decoded":{"sub":"1","id":"1","userName":"super admin","userGroup":"1","email":"superadmin@msense.in","hotelId":"4","brandId":"7","iat":1687839977,"exp":1687926377}}  
[2023-06-27 04:48:48] AdmnGrpModel.INFO: Query : CALL SP_GroupConfig('0', '0', 0, '', 
            1, '', 10, '0', 
            0, '', 'DESC', 'GETALL')  
[2023-06-27 04:48:48] AdmnGrpModel.INFO: Group List Avaliable Group list count : 30  
[2023-06-27 04:48:48] AdmnGrpsRepository.INFO: ======= End AdmnGrps Repository ================  
[2023-06-27 04:51:55] AdmnGrpsRepository.INFO: ======= Start AdmnGrps Repository ================  
[2023-06-27 04:51:55] AdmnGrpsRepository.INFO: Input Data : {"decoded":{"sub":"1","id":"1","userName":"super admin","userGroup":"1","email":"superadmin@msense.in","hotelId":"4","brandId":"7","iat":1687839977,"exp":1687926377}}  
[2023-06-27 04:51:55] AdmnGrpModel.INFO: Query : CALL SP_GroupConfig('0', '0', 0, '', 
            1, '', 10, '0', 
            0, '', 'DESC', 'GETALL')  
[2023-06-27 04:51:55] AdmnGrpModel.INFO: Group List Avaliable Group list count : 30  
[2023-06-27 04:51:55] AdmnGrpsRepository.INFO: ======= End AdmnGrps Repository ================  
[2023-06-27 04:54:06] AdmnGrpsRepository.INFO: ======= Start AdmnGrps Repository ================  
[2023-06-27 04:54:06] AdmnGrpsRepository.INFO: Input Data : {"decoded":{"sub":"1","id":"1","userName":"super admin","userGroup":"1","email":"superadmin@msense.in","hotelId":"4","brandId":"7","iat":1687839977,"exp":1687926377}}  
[2023-06-27 04:54:06] AdmnGrpModel.INFO: Query : CALL SP_GroupConfig('0', '0', 0, '', 
            1, '', 10, '0', 
            0, '', 'DESC', 'GETALL')  
[2023-06-27 04:54:06] AdmnGrpModel.INFO: Group List Avaliable Group list count : 30  
[2023-06-27 04:54:06] AdmnGrpsRepository.INFO: ======= End AdmnGrps Repository ================  
[2023-06-27 04:54:24] AdmnGrpsRepository.INFO: ======= Start AdmnGrps Repository ================  
[2023-06-27 04:54:24] AdmnGrpsRepository.INFO: Input Data : {"decoded":{"sub":"1","id":"1","userName":"super admin","userGroup":"1","email":"superadmin@msense.in","hotelId":"4","brandId":"7","iat":1687839977,"exp":1687926377}}  
[2023-06-27 04:54:24] AdmnGrpModel.INFO: Query : CALL SP_GroupConfig('0', '0', 0, '', 
            1, '', 10, '0', 
            0, '', 'DESC', 'GETALL')  
[2023-06-27 04:54:24] AdmnGrpModel.INFO: Group List Avaliable Group list count : 30  
[2023-06-27 04:54:24] AdmnGrpsRepository.INFO: ======= End AdmnGrps Repository ================  
[2023-06-27 04:59:25] AdmnGrpsRepository.INFO: ======= Start AdmnGrps Repository ================  
[2023-06-27 04:59:25] AdmnGrpsRepository.INFO: Input Data : {"decoded":{"sub":"1","id":"1","userName":"super admin","userGroup":"1","email":"superadmin@msense.in","hotelId":"4","brandId":"7","iat":1687841236,"exp":1687927636}}  
[2023-06-27 04:59:25] AdmnGrpModel.INFO: Query : CALL SP_GroupConfig('0', '0', 0, '', 
            1, '', 10, '0', 
            0, '', 'DESC', 'GETALL')  
[2023-06-27 04:59:25] AdmnGrpModel.INFO: Group List Avaliable Group list count : 30  
[2023-06-27 04:59:25] AdmnGrpsRepository.INFO: ======= End AdmnGrps Repository ================  
[2023-06-27 05:57:07] AdmnGrpsRepository.INFO: ======= Start AdmnGrps Repository ================  
[2023-06-27 05:57:07] AdmnGrpsRepository.INFO: Input Data : {"decoded":{"sub":"1","id":"1","userName":"super admin","userGroup":"1","email":"superadmin@msense.in","hotelId":"4","brandId":"7","iat":1687845420,"exp":1687931820}}  
[2023-06-27 05:57:07] AdmnGrpModel.INFO: Query : CALL SP_GroupConfig('0', '0', 0, '', 
            1, '', 10, '0', 
            0, '', 'DESC', 'GETALL')  
[2023-06-27 05:57:07] AdmnGrpModel.INFO: Group List Avaliable Group list count : 30  
[2023-06-27 05:57:07] AdmnGrpsRepository.INFO: ======= End AdmnGrps Repository ================  
[2023-06-27 13:08:53] AdmnGrpsRepository.INFO: ======= Start AdmnGrps Repository ================  
[2023-06-27 13:08:53] AdmnGrpModel.INFO: Query : CALL SP_GroupConfig('0', '0', list, '', 
            1, '', 0, '', 0, '', '', 'GETONE')  
[2023-06-27 13:09:00] AdmnGrpsRepository.INFO: ======= Start AdmnGrps Repository ================  
[2023-06-27 13:09:00] AdmnGrpModel.INFO: Query : CALL SP_GroupConfig('0', '0', list, '', 
            1, '', 0, '', 0, '', '', 'GETONE')  
[2023-06-27 13:10:21] AdmnGrpsRepository.INFO: ======= Start AdmnGrps Repository ================  
[2023-06-27 13:10:21] AdmnGrpModel.INFO: Query : CALL SP_GroupConfig('0', '0', list, '', 
            1, '', 0, '', 0, '', '', 'GETONE')  
[2023-06-27 14:13:59] AdmnGrpsRepository.INFO: ======= Start AdmnGrps Repository ================  
[2023-06-27 14:13:59] AdmnGrpsRepository.INFO: Input Data : {"decoded":{"sub":"1","id":"1","userName":"super admin","userGroup":"1","email":"superadmin@msense.in","hotelId":"4","brandId":"7","iat":1687874822,"exp":1687961222}}  
[2023-06-27 14:13:59] AdmnGrpModel.INFO: Query : CALL SP_GroupConfig('0', '0', 0, '', 
            1, '', 10, '0', 
            0, '', 'DESC', 'GETALL')  
[2023-06-27 14:13:59] AdmnGrpModel.INFO: Group List Avaliable Group list count : 30  
[2023-06-27 14:13:59] AdmnGrpsRepository.INFO: ======= End AdmnGrps Repository ================  
[2023-06-27 14:14:08] AdmnGrpsRepository.INFO: ======= Start AdmnGrps Repository ================  
[2023-06-27 14:14:08] AdmnGrpsRepository.INFO: Input Data : {"decoded":{"sub":"1","id":"1","userName":"super admin","userGroup":"1","email":"superadmin@msense.in","hotelId":"4","brandId":"7","iat":1687874822,"exp":1687961222}}  
[2023-06-27 14:14:08] AdmnGrpModel.INFO: Query : CALL SP_GroupConfig('0', '0', 0, '', 
            1, '', 10, '0', 
            0, '', 'DESC', 'GETALL')  
[2023-06-27 14:14:08] AdmnGrpModel.INFO: Group List Avaliable Group list count : 30  
[2023-06-27 14:14:08] AdmnGrpsRepository.INFO: ======= End AdmnGrps Repository ================  
[2023-06-27 14:24:45] AdmnGrpsRepository.INFO: ======= Start AdmnGrps Repository ================  
[2023-06-27 14:24:45] AdmnGrpsRepository.INFO: Input Data : {"decoded":{"sub":"1","id":"1","userName":"super admin","userGroup":"1","email":"superadmin@msense.in","hotelId":"4","brandId":"7","iat":1687874822,"exp":1687961222}}  
[2023-06-27 14:24:45] AdmnGrpModel.INFO: Query : CALL SP_GroupConfig('0', '0', 0, '', 
            1, '', 10, '0', 
            0, '', 'DESC', 'GETALL')  
[2023-06-27 14:24:45] AdmnGrpModel.INFO: Group List Avaliable Group list count : 30  
[2023-06-27 14:24:45] AdmnGrpsRepository.INFO: ======= End AdmnGrps Repository ================  
[2023-06-27 14:25:27] AdmnGrpsRepository.INFO: ======= Start AdmnGrps Repository ================  
[2023-06-27 14:25:27] AdmnGrpsRepository.INFO: Input Data : {"decoded":{"sub":"1","id":"1","userName":"super admin","userGroup":"1","email":"superadmin@msense.in","hotelId":"4","brandId":"7","iat":1687874822,"exp":1687961222}}  
[2023-06-27 14:25:27] AdmnGrpModel.INFO: Query : CALL SP_GroupConfig('0', '0', 0, '', 
            1, '', 10, '0', 
            0, '', 'DESC', 'GETALL')  
[2023-06-27 14:25:27] AdmnGrpModel.INFO: Group List Avaliable Group list count : 30  
[2023-06-27 14:25:27] AdmnGrpsRepository.INFO: ======= End AdmnGrps Repository ================  
[2023-06-27 14:34:51] AdmnGrpsRepository.INFO: ======= Start AdmnGrps Repository ================  
[2023-06-27 14:34:51] AdmnGrpsRepository.INFO: Input Data : {"decoded":{"sub":"1","id":"1","userName":"super admin","userGroup":"1","email":"superadmin@msense.in","hotelId":"4","brandId":"7","iat":1687874822,"exp":1687961222}}  
[2023-06-27 14:34:51] AdmnGrpModel.INFO: Query : CALL SP_GroupConfig('0', '0', 0, '', 
            1, '', 10, '0', 
            0, '', 'DESC', 'GETALL')  
[2023-06-27 14:34:51] AdmnGrpModel.INFO: Group List Avaliable Group list count : 30  
[2023-06-27 14:34:51] AdmnGrpsRepository.INFO: ======= End AdmnGrps Repository ================  
