[2023-06-27 01:05:03] AdmnUsrsRepository.INFO: ======= Start AdmnUsrs Repository ================  
[2023-06-27 01:05:03] AdmnUsrsRepository.INFO: Input Data : {"decoded":{"sub":"1","id":"1","userName":"super admin","userGroup":"1","email":"superadmin@msense.in","hotelId":"4","brandId":"7","iat":1687827891,"exp":1687914291}}  
[2023-06-27 01:05:03] AdmnUsrModel.INFO: Query : CALL SP_AdmnUsrConfig('0', '0', 0, '', '', '', 0, 0, '','','', '', 
            1, '', 10, '0', 
            0, '', 'DESC', 'GETALL')  
[2023-06-27 01:05:03] AdmnUsrModel.INFO: Admin User List Avaliable User list count : 10  
[2023-06-27 01:05:03] AdmnUsrsRepository.INFO: ======= End AdmnUsrs Repository ================  
[2023-06-27 04:44:30] AdmnUsrsRepository.INFO: ======= Start AdmnUsrs Repository ================  
[2023-06-27 04:44:30] AdmnUsrsRepository.INFO: Input Data : {"decoded":{"sub":"1","id":"1","userName":"super admin","userGroup":"1","email":"superadmin@msense.in","hotelId":"4","brandId":"7","iat":1687840709,"exp":1687927109}}  
[2023-06-27 04:44:30] AdmnUsrModel.INFO: Query : CALL SP_AdmnUsrConfig('0', '0', 0, '', '', '', 0, 0, '','','', '', 
            1, '', 10, '0', 
            0, '', 'DESC', 'GETALL')  
[2023-06-27 04:44:30] AdmnUsrModel.INFO: Admin User List Avaliable User list count : 10  
[2023-06-27 04:44:30] AdmnUsrsRepository.INFO: ======= End AdmnUsrs Repository ================  
[2023-06-27 04:48:48] AdmnUsrsRepository.INFO: ======= Start AdmnUsrs Repository ================  
[2023-06-27 04:48:48] AdmnUsrsRepository.INFO: Input Data : {"decoded":{"sub":"1","id":"1","userName":"super admin","userGroup":"1","email":"superadmin@msense.in","hotelId":"4","brandId":"7","iat":1687839977,"exp":1687926377}}  
[2023-06-27 04:48:48] AdmnUsrModel.INFO: Query : CALL SP_AdmnUsrConfig('0', '0', 0, '', '', '', 0, 0, '','','', '', 
            1, '', 10, '0', 
            0, '', 'DESC', 'GETALL')  
[2023-06-27 04:48:48] AdmnUsrModel.INFO: Admin User List Avaliable User list count : 10  
[2023-06-27 04:48:48] AdmnUsrsRepository.INFO: ======= End AdmnUsrs Repository ================  
[2023-06-27 04:51:55] AdmnUsrsRepository.INFO: ======= Start AdmnUsrs Repository ================  
[2023-06-27 04:51:55] AdmnUsrsRepository.INFO: Input Data : {"decoded":{"sub":"1","id":"1","userName":"super admin","userGroup":"1","email":"superadmin@msense.in","hotelId":"4","brandId":"7","iat":1687839977,"exp":1687926377}}  
[2023-06-27 04:51:55] AdmnUsrModel.INFO: Query : CALL SP_AdmnUsrConfig('0', '0', 0, '', '', '', 0, 0, '','','', '', 
            1, '', 10, '0', 
            0, '', 'DESC', 'GETALL')  
[2023-06-27 04:51:55] AdmnUsrModel.INFO: Admin User List Avaliable User list count : 10  
[2023-06-27 04:51:55] AdmnUsrsRepository.INFO: ======= End AdmnUsrs Repository ================  
[2023-06-27 04:54:06] AdmnUsrsRepository.INFO: ======= Start AdmnUsrs Repository ================  
[2023-06-27 04:54:06] AdmnUsrsRepository.INFO: Input Data : {"decoded":{"sub":"1","id":"1","userName":"super admin","userGroup":"1","email":"superadmin@msense.in","hotelId":"4","brandId":"7","iat":1687839977,"exp":1687926377}}  
[2023-06-27 04:54:06] AdmnUsrModel.INFO: Query : CALL SP_AdmnUsrConfig('0', '0', 0, '', '', '', 0, 0, '','','', '', 
            1, '', 10, '0', 
            0, '', 'DESC', 'GETALL')  
[2023-06-27 04:54:06] AdmnUsrModel.INFO: Admin User List Avaliable User list count : 10  
[2023-06-27 04:54:06] AdmnUsrsRepository.INFO: ======= End AdmnUsrs Repository ================  
[2023-06-27 14:14:08] AdmnUsrsRepository.INFO: ======= Start AdmnUsrs Repository ================  
[2023-06-27 14:14:08] AdmnUsrsRepository.INFO: Input Data : {"decoded":{"sub":"1","id":"1","userName":"super admin","userGroup":"1","email":"superadmin@msense.in","hotelId":"4","brandId":"7","iat":1687874822,"exp":1687961222}}  
[2023-06-27 14:14:08] AdmnUsrModel.INFO: Query : CALL SP_AdmnUsrConfig('0', '0', 0, '', '', '', 0, 0, '','','', '', 
            1, '', 10, '0', 
            0, '', 'DESC', 'GETALL')  
[2023-06-27 14:14:08] AdmnUsrModel.INFO: Admin User List Avaliable User list count : 10  
[2023-06-27 14:14:08] AdmnUsrsRepository.INFO: ======= End AdmnUsrs Repository ================  
