[2023-06-27 01:05:52] CategoryAction.INFO: ======= Start Category Action (Single One) ================  
[2023-06-27 01:05:52] CategoryAction.INFO: method : POST  
[2023-06-27 01:05:52] CategoryAction.INFO: contentType : application/json  
[2023-06-27 01:05:52] CategoryAction.INFO: Input Data : {"decoded":{"sub":"1","id":"1","userName":"super admin","userGroup":"1","email":"superadmin@msense.in","hotelId":"4","brandId":"7","iat":1687827891,"exp":1687914291}}  
[2023-06-27 01:05:52] CategoryAction.INFO: ======= END Channel Action (CREATE) ================  
[2023-06-27 04:27:12] CategoryAction.INFO: ======= Start Category Action (Single One) ================  
[2023-06-27 04:27:12] CategoryAction.INFO: method : POST  
[2023-06-27 04:27:12] CategoryAction.INFO: contentType : application/json  
[2023-06-27 04:27:12] CategoryAction.INFO: Input Data : {"decoded":{"sub":"1","id":"1","userName":"super admin","userGroup":"1","email":"superadmin@msense.in","hotelId":"4","brandId":"7","iat":1687839977,"exp":1687926377}}  
[2023-06-27 04:27:12] CategoryAction.INFO: ======= END Channel Action (CREATE) ================  
[2023-06-27 04:27:44] CategoryAction.INFO: ======= Start Category Action (Single One) ================  
[2023-06-27 04:27:44] CategoryAction.INFO: method : POST  
[2023-06-27 04:27:44] CategoryAction.INFO: contentType : application/json  
[2023-06-27 04:27:44] CategoryAction.INFO: Input Data : {"decoded":{"sub":"1","id":"1","userName":"super admin","userGroup":"1","email":"superadmin@msense.in","hotelId":"4","brandId":"7","iat":1687839977,"exp":1687926377}}  
[2023-06-27 04:27:44] CategoryAction.INFO: ======= END Channel Action (CREATE) ================  
[2023-06-27 04:33:43] CategoryAction.INFO: ======= Start Category Action (Single One) ================  
[2023-06-27 04:33:43] CategoryAction.INFO: method : POST  
[2023-06-27 04:33:43] CategoryAction.INFO: contentType : application/json  
[2023-06-27 04:33:43] CategoryAction.INFO: Input Data : {"decoded":{"sub":"1","id":"1","userName":"super admin","userGroup":"1","email":"superadmin@msense.in","hotelId":"4","brandId":"7","iat":1687839977,"exp":1687926377}}  
[2023-06-27 04:33:43] CategoryAction.INFO: ======= END Channel Action (CREATE) ================  
[2023-06-27 04:34:53] CategoryAction.INFO: ======= Start Category Action (Single One) ================  
[2023-06-27 04:34:53] CategoryAction.INFO: method : POST  
[2023-06-27 04:34:53] CategoryAction.INFO: contentType : application/json  
[2023-06-27 04:34:53] CategoryAction.INFO: Input Data : {"decoded":{"sub":"1","id":"1","userName":"super admin","userGroup":"1","email":"superadmin@msense.in","hotelId":"4","brandId":"7","iat":1687839977,"exp":1687926377}}  
[2023-06-27 04:34:53] CategoryAction.INFO: ======= END Channel Action (CREATE) ================  
[2023-06-27 04:45:14] CategoryAction.INFO: ======= Start Category Action (Single One) ================  
[2023-06-27 04:45:14] CategoryAction.INFO: method : POST  
[2023-06-27 04:45:14] CategoryAction.INFO: contentType : application/json  
[2023-06-27 04:45:14] CategoryAction.INFO: Input Data : {"decoded":{"sub":"1","id":"1","userName":"super admin","userGroup":"1","email":"superadmin@msense.in","hotelId":"4","brandId":"7","iat":1687840709,"exp":1687927109}}  
[2023-06-27 04:45:14] CategoryAction.INFO: ======= END Channel Action (CREATE) ================  
[2023-06-27 04:52:06] CategoryAction.INFO: ======= Start Category Action (Single One) ================  
[2023-06-27 04:52:06] CategoryAction.INFO: method : POST  
[2023-06-27 04:52:06] CategoryAction.INFO: contentType : application/json  
[2023-06-27 04:52:06] CategoryAction.INFO: Input Data : {"decoded":{"sub":"1","id":"1","userName":"super admin","userGroup":"1","email":"superadmin@msense.in","hotelId":"4","brandId":"7","iat":1687839977,"exp":1687926377}}  
[2023-06-27 04:52:06] CategoryAction.INFO: ======= END Channel Action (CREATE) ================  
[2023-06-27 04:53:03] CategoryAction.INFO: ======= Start Category Action (Single One) ================  
[2023-06-27 04:53:03] CategoryAction.INFO: method : POST  
[2023-06-27 04:53:03] CategoryAction.INFO: contentType : application/json  
[2023-06-27 04:53:03] CategoryAction.INFO: Input Data : {"decoded":{"sub":"1","id":"1","userName":"super admin","userGroup":"1","email":"superadmin@msense.in","hotelId":"4","brandId":"7","iat":1687839977,"exp":1687926377}}  
[2023-06-27 04:53:03] CategoryAction.INFO: ======= END Channel Action (CREATE) ================  
[2023-06-27 04:53:58] CategoryAction.INFO: ======= Start Category Action (Single One) ================  
[2023-06-27 04:53:58] CategoryAction.INFO: method : POST  
[2023-06-27 04:53:58] CategoryAction.INFO: contentType : application/json  
[2023-06-27 04:53:58] CategoryAction.INFO: Input Data : {"decoded":{"sub":"1","id":"1","userName":"super admin","userGroup":"1","email":"superadmin@msense.in","hotelId":"4","brandId":"7","iat":1687839977,"exp":1687926377}}  
[2023-06-27 04:53:58] CategoryAction.INFO: ======= END Channel Action (CREATE) ================  
[2023-06-27 04:54:34] CategoryAction.INFO: ======= Start Category Action (Single One) ================  
[2023-06-27 04:54:34] CategoryAction.INFO: method : POST  
[2023-06-27 04:54:34] CategoryAction.INFO: contentType : application/json  
[2023-06-27 04:54:34] CategoryAction.INFO: Input Data : {"decoded":{"sub":"1","id":"1","userName":"super admin","userGroup":"1","email":"superadmin@msense.in","hotelId":"4","brandId":"7","iat":1687839977,"exp":1687926377}}  
[2023-06-27 04:54:34] CategoryAction.INFO: ======= END Channel Action (CREATE) ================  
[2023-06-27 04:59:25] CategoryAction.INFO: ======= Start Category Action (Single One) ================  
[2023-06-27 04:59:25] CategoryAction.INFO: method : POST  
[2023-06-27 04:59:25] CategoryAction.INFO: contentType : application/json  
[2023-06-27 04:59:25] CategoryAction.INFO: Input Data : {"decoded":{"sub":"1","id":"1","userName":"super admin","userGroup":"1","email":"superadmin@msense.in","hotelId":"4","brandId":"7","iat":1687841236,"exp":1687927636}}  
[2023-06-27 04:59:25] CategoryAction.INFO: ======= END Channel Action (CREATE) ================  
[2023-06-27 05:15:40] CategoryAction.INFO: ======= Start Category Action (Single One) ================  
[2023-06-27 05:15:40] CategoryAction.INFO: method : POST  
[2023-06-27 05:15:40] CategoryAction.INFO: contentType : application/json  
[2023-06-27 05:15:40] CategoryAction.INFO: Input Data : {"decoded":{"sub":"1","id":"1","userName":"super admin","userGroup":"1","email":"superadmin@msense.in","hotelId":"4","brandId":"7","iat":1687842300,"exp":1687928700}}  
[2023-06-27 05:15:40] CategoryAction.INFO: ======= END Channel Action (CREATE) ================  
[2023-06-27 14:14:04] CategoryAction.INFO: ======= Start Category Action (Single One) ================  
[2023-06-27 14:14:04] CategoryAction.INFO: method : POST  
[2023-06-27 14:14:04] CategoryAction.INFO: contentType : application/json  
[2023-06-27 14:14:04] CategoryAction.INFO: Input Data : {"decoded":{"sub":"1","id":"1","userName":"super admin","userGroup":"1","email":"superadmin@msense.in","hotelId":"4","brandId":"7","iat":1687874822,"exp":1687961222}}  
[2023-06-27 14:14:04] CategoryAction.INFO: ======= END Channel Action (CREATE) ================  
