[2023-06-07 09:32:18] ChannelAction.INFO: ======= Start Channel Action (List) ================  
[2023-06-07 09:32:18] ChannelAction.INFO: method : POST  
[2023-06-07 09:32:18] ChannelAction.INFO: contentType : application/json  
[2023-06-07 09:32:18] ChannelAction.INFO: Input Data : {"decoded":{"sub":"1","id":"1","userName":"super admin","userGroup":"1","email":"superadmin@example.com","hotelId":"1","brandId":null,"iat":1686120629,"exp":1686207029}}  
[2023-06-07 09:32:18] ChannelAction.INFO: ======= END Channel Action (List) ================  
[2023-06-07 09:32:32] ChannelAction.INFO: ======= Start Channel Action (CREATE) ================  
[2023-06-07 09:32:32] ChannelAction.INFO: method : POST  
[2023-06-07 09:32:32] ChannelAction.INFO: Input Data : {"channelname":"w","decoded":{"sub":"1","id":"1","userName":"super admin","userGroup":"1","email":"superadmin@example.com","hotelId":"1","brandId":null,"iat":1686120629,"exp":1686207029}}  
[2023-06-07 09:32:32] ChannelAction.INFO: Insert Status : {"msg":"Channel Added SuccessFully","status":"Success"}  
[2023-06-07 09:32:32] ChannelAction.INFO: ======= END Channel Action (CREATE) ================  
[2023-06-07 09:32:32] ChannelAction.INFO: ======= Start Channel Action (List) ================  
[2023-06-07 09:32:32] ChannelAction.INFO: method : POST  
[2023-06-07 09:32:32] ChannelAction.INFO: contentType : application/json  
[2023-06-07 09:32:32] ChannelAction.INFO: Input Data : {"decoded":{"sub":"1","id":"1","userName":"super admin","userGroup":"1","email":"superadmin@example.com","hotelId":"1","brandId":null,"iat":1686120629,"exp":1686207029}}  
[2023-06-07 09:32:32] ChannelAction.INFO: ======= END Channel Action (List) ================  
[2023-06-07 09:35:42] ChannelAction.INFO: ======= Start Channel Action (List) ================  
[2023-06-07 09:35:42] ChannelAction.INFO: method : POST  
[2023-06-07 09:35:42] ChannelAction.INFO: contentType : application/json  
[2023-06-07 09:35:42] ChannelAction.INFO: Input Data : {"decoded":{"sub":"1","id":"1","userName":"super admin","userGroup":"1","email":"superadmin@example.com","hotelId":"1","brandId":null,"iat":1686120629,"exp":1686207029}}  
[2023-06-07 09:35:42] ChannelAction.INFO: ======= END Channel Action (List) ================  
[2023-06-07 09:36:19] ChannelAction.INFO: ======= Start Channel Action (List) ================  
[2023-06-07 09:36:19] ChannelAction.INFO: method : POST  
[2023-06-07 09:36:19] ChannelAction.INFO: contentType : application/json  
[2023-06-07 09:36:19] ChannelAction.INFO: Input Data : {"decoded":{"sub":"1","id":"1","userName":"super admin","userGroup":"1","email":"superadmin@example.com","hotelId":"1","brandId":null,"iat":1686120629,"exp":1686207029}}  
[2023-06-07 09:36:19] ChannelAction.INFO: ======= END Channel Action (List) ================  
[2023-06-07 09:37:06] ChannelAction.INFO: ======= Start Channel Action (CREATE) ================  
[2023-06-07 09:37:06] ChannelAction.INFO: method : POST  
[2023-06-07 09:37:06] ChannelAction.INFO: Input Data : {"channelname":"gh","decoded":{"sub":"1","id":"1","userName":"super admin","userGroup":"1","email":"superadmin@example.com","hotelId":"1","brandId":null,"iat":1686120629,"exp":1686207029}}  
[2023-06-07 09:37:06] ChannelAction.INFO: Insert Status : {"msg":"Channel Added SuccessFully","status":"Success"}  
[2023-06-07 09:37:06] ChannelAction.INFO: ======= END Channel Action (CREATE) ================  
[2023-06-07 09:37:17] ChannelAction.INFO: ======= Start Channel Action (List) ================  
[2023-06-07 09:37:17] ChannelAction.INFO: method : POST  
[2023-06-07 09:37:17] ChannelAction.INFO: contentType : application/json  
[2023-06-07 09:37:17] ChannelAction.INFO: Input Data : {"decoded":{"sub":"1","id":"1","userName":"super admin","userGroup":"1","email":"superadmin@example.com","hotelId":"1","brandId":null,"iat":1686120629,"exp":1686207029}}  
[2023-06-07 09:37:17] ChannelAction.INFO: ======= END Channel Action (List) ================  
