[2023-06-21 04:59:37] CommonRepository.INFO: ======= Start Common Repository ================  
[2023-06-21 04:59:37] CommonModel.INFO: Query : CALL SP_OttLookUp(0, 1, 'SIDEBARMENUPARENTALL')  
[2023-06-21 04:59:37] CommonModel.INFO: getAllListDataZeroRecords (count) : 3  
[2023-06-21 04:59:37] CommonModel.INFO: Query : CALL SP_OttLookUp(1, 1, 'MENUACCESSDETAILS')  
[2023-06-21 04:59:37] CommonModel.INFO: getAllListDataZeroRecords (count) : 1  
[2023-06-21 04:59:37] CommonModel.INFO: Query : CALL SP_OttLookUp(1, 1, 'SIDEBARSUBMENUALL')  
[2023-06-21 04:59:37] CommonModel.INFO: Query : CALL SP_OttLookUp(2, 1, 'MENUACCESSDETAILS')  
[2023-06-21 04:59:37] CommonModel.INFO: getAllListDataZeroRecords (count) : 1  
[2023-06-21 04:59:37] CommonModel.INFO: Query : CALL SP_OttLookUp(2, 1, 'SIDEBARSUBMENUALL')  
[2023-06-21 04:59:37] CommonModel.INFO: Query : CALL SP_OttLookUp(3, 1, 'MENUACCESSDETAILS')  
[2023-06-21 04:59:37] CommonModel.INFO: getAllListDataZeroRecords (count) : 1  
[2023-06-21 04:59:37] CommonModel.INFO: Query : CALL SP_OttLookUp(3, 1, 'SIDEBARSUBMENUALL')  
[2023-06-21 04:59:37] CommonModel.INFO: getAllListDataZeroRecords (count) : 4  
[2023-06-21 04:59:37] CommonModel.INFO: Query : CALL SP_OttLookUp(4, 1, 'MENUACCESSDETAILS')  
[2023-06-21 04:59:37] CommonModel.INFO: getAllListDataZeroRecords (count) : 1  
[2023-06-21 04:59:37] CommonModel.INFO: Query : CALL SP_OttLookUp(5, 1, 'MENUACCESSDETAILS')  
[2023-06-21 04:59:37] CommonModel.INFO: getAllListDataZeroRecords (count) : 1  
[2023-06-21 04:59:37] CommonModel.INFO: Query : CALL SP_OttLookUp(6, 1, 'MENUACCESSDETAILS')  
[2023-06-21 04:59:37] CommonModel.INFO: getAllListDataZeroRecords (count) : 1  
[2023-06-21 04:59:37] CommonModel.INFO: Query : CALL SP_OttLookUp(7, 1, 'MENUACCESSDETAILS')  
[2023-06-21 04:59:37] CommonModel.INFO: getAllListDataZeroRecords (count) : 1  
[2023-06-21 04:59:37] CommonRepository.INFO: ======= End Common Repository ================  
