[2023-06-09 04:56:46] AdmnGrpsAction.INFO: ======= Start AdmnGrps Action (List) ================  
[2023-06-09 04:56:46] AdmnGrpsAction.INFO: method : POST  
[2023-06-09 04:56:46] AdmnGrpsAction.INFO: contentType : application/json  
[2023-06-09 04:56:46] AdmnGrpsAction.INFO: Input Data : {"decoded":{"sub":"1","id":"1","userName":"super admin","userGroup":"1","email":"superadmin@msense.in","hotelId":"1","brandId":null,"iat":1686284916,"exp":1686371316}}  
[2023-06-09 04:56:46] AdmnGrpsAction.INFO: ======= END AdmnGrps Action (List) ================  
[2023-06-09 05:06:24] AdmnGrpsAction.INFO: ======= Start AdmnGrps Action (List) ================  
[2023-06-09 05:06:24] AdmnGrpsAction.INFO: method : POST  
[2023-06-09 05:06:24] AdmnGrpsAction.INFO: contentType : application/json  
[2023-06-09 05:06:24] AdmnGrpsAction.INFO: Input Data : {"decoded":{"sub":"1","id":"1","userName":"super admin","userGroup":"1","email":"superadmin@msense.in","hotelId":"1","brandId":null,"iat":1686284916,"exp":1686371316}}  
[2023-06-09 05:06:24] AdmnGrpsAction.INFO: ======= END AdmnGrps Action (List) ================  
[2023-06-09 05:10:33] AdmnGrpsAction.INFO: ======= Start AdmnGrps Action (List) ================  
[2023-06-09 05:10:33] AdmnGrpsAction.INFO: method : POST  
[2023-06-09 05:10:33] AdmnGrpsAction.INFO: contentType : application/json  
[2023-06-09 05:10:33] AdmnGrpsAction.INFO: Input Data : {"decoded":{"sub":"1","id":"1","userName":"super admin","userGroup":"1","email":"superadmin@msense.in","hotelId":"1","brandId":null,"iat":1686284916,"exp":1686371316}}  
[2023-06-09 05:10:33] AdmnGrpsAction.INFO: ======= END AdmnGrps Action (List) ================  
[2023-06-09 05:10:56] AdmnGrpsAction.INFO: ======= Start AdmnGrps Action (List) ================  
[2023-06-09 05:10:56] AdmnGrpsAction.INFO: method : POST  
[2023-06-09 05:10:56] AdmnGrpsAction.INFO: contentType : application/json  
[2023-06-09 05:10:56] AdmnGrpsAction.INFO: Input Data : {"decoded":{"sub":"1","id":"1","userName":"super admin","userGroup":"1","email":"superadmin@msense.in","hotelId":"1","brandId":null,"iat":1686284916,"exp":1686371316}}  
[2023-06-09 05:10:56] AdmnGrpsAction.INFO: ======= END AdmnGrps Action (List) ================  
[2023-06-09 05:13:40] AdmnGrpsAction.INFO: ======= Start AdmnGrps Action (List) ================  
[2023-06-09 05:13:40] AdmnGrpsAction.INFO: method : POST  
[2023-06-09 05:13:40] AdmnGrpsAction.INFO: contentType : application/json  
[2023-06-09 05:13:40] AdmnGrpsAction.INFO: Input Data : {"decoded":{"sub":"1","id":"1","userName":"super admin","userGroup":"1","email":"superadmin@msense.in","hotelId":"1","brandId":null,"iat":1686284916,"exp":1686371316}}  
[2023-06-09 05:13:40] AdmnGrpsAction.INFO: ======= END AdmnGrps Action (List) ================  
[2023-06-09 05:13:49] AdmnGrpsAction.INFO: ======= Start AdmnGrps Action (List) ================  
[2023-06-09 05:13:49] AdmnGrpsAction.INFO: method : POST  
[2023-06-09 05:13:49] AdmnGrpsAction.INFO: contentType : application/json  
[2023-06-09 05:13:49] AdmnGrpsAction.INFO: Input Data : {"decoded":{"sub":"1","id":"1","userName":"super admin","userGroup":"1","email":"superadmin@msense.in","hotelId":"1","brandId":null,"iat":1686284916,"exp":1686371316}}  
[2023-06-09 05:13:49] AdmnGrpsAction.INFO: ======= END AdmnGrps Action (List) ================  
[2023-06-09 05:14:19] AdmnGrpsAction.INFO: ======= Start AdmnGrps Action (List) ================  
[2023-06-09 05:14:19] AdmnGrpsAction.INFO: method : POST  
[2023-06-09 05:14:19] AdmnGrpsAction.INFO: contentType : application/json  
[2023-06-09 05:14:19] AdmnGrpsAction.INFO: Input Data : {"decoded":{"sub":"1","id":"1","userName":"super admin","userGroup":"1","email":"superadmin@msense.in","hotelId":"1","brandId":null,"iat":1686284916,"exp":1686371316}}  
[2023-06-09 05:14:19] AdmnGrpsAction.INFO: ======= END AdmnGrps Action (List) ================  
[2023-06-09 13:33:23] AdmnGrpsAction.INFO: ======= Start AdmnGrps Action (List) ================  
[2023-06-09 13:33:23] AdmnGrpsAction.INFO: method : POST  
[2023-06-09 13:33:23] AdmnGrpsAction.INFO: contentType : application/json  
[2023-06-09 13:33:23] AdmnGrpsAction.INFO: Input Data : {"decoded":{"sub":"1","id":"1","userName":"super admin","userGroup":"1","email":"superadmin@msense.in","hotelId":"1","brandId":null,"iat":1686317553,"exp":1686403953}}  
[2023-06-09 13:33:23] AdmnGrpsAction.INFO: ======= END AdmnGrps Action (List) ================  
[2023-06-09 13:33:25] AdmnGrpsAction.INFO: ======= Start AdmnGrps Action (List) ================  
[2023-06-09 13:33:25] AdmnGrpsAction.INFO: method : POST  
[2023-06-09 13:33:25] AdmnGrpsAction.INFO: contentType : application/json  
[2023-06-09 13:33:25] AdmnGrpsAction.INFO: Input Data : {"decoded":{"sub":"1","id":"1","userName":"super admin","userGroup":"1","email":"superadmin@msense.in","hotelId":"1","brandId":null,"iat":1686317553,"exp":1686403953}}  
[2023-06-09 13:33:25] AdmnGrpsAction.INFO: ======= END AdmnGrps Action (List) ================  
[2023-06-09 13:41:52] AdmnGrpsAction.INFO: ======= Start AdmnGrps Action (List) ================  
[2023-06-09 13:41:52] AdmnGrpsAction.INFO: method : POST  
[2023-06-09 13:41:52] AdmnGrpsAction.INFO: contentType : application/json  
[2023-06-09 13:41:52] AdmnGrpsAction.INFO: Input Data : {"decoded":{"sub":"1","id":"1","userName":"super admin","userGroup":"1","email":"superadmin@msense.in","hotelId":"1","brandId":null,"iat":1686317553,"exp":1686403953}}  
[2023-06-09 13:41:52] AdmnGrpsAction.INFO: ======= END AdmnGrps Action (List) ================  
[2023-06-09 13:41:53] AdmnGrpsAction.INFO: ======= Start AdmnGrps Action (List) ================  
[2023-06-09 13:41:53] AdmnGrpsAction.INFO: method : POST  
[2023-06-09 13:41:53] AdmnGrpsAction.INFO: contentType : application/json  
[2023-06-09 13:41:53] AdmnGrpsAction.INFO: Input Data : {"decoded":{"sub":"1","id":"1","userName":"super admin","userGroup":"1","email":"superadmin@msense.in","hotelId":"1","brandId":null,"iat":1686317553,"exp":1686403953}}  
[2023-06-09 13:41:53] AdmnGrpsAction.INFO: ======= END AdmnGrps Action (List) ================  
