[2023-06-09 04:56:46] CommonAction.INFO: ======= Start Common Action (getAllBrand) ================  
[2023-06-09 04:56:46] CommonAction.INFO: method : GET  
[2023-06-09 04:56:46] CommonAction.INFO: contentType : application/json  
[2023-06-09 04:56:46] CommonAction.INFO: Input Data : {"decoded":{"sub":"1","id":"1","userName":"super admin","userGroup":"1","email":"superadmin@msense.in","hotelId":"1","brandId":null,"iat":1686284916,"exp":1686371316}}  
[2023-06-09 04:56:46] CommonAction.INFO: ======= END Common Action (getAllBrand) ================  
[2023-06-09 05:06:24] CommonAction.INFO: ======= Start Common Action (getAllBrand) ================  
[2023-06-09 05:06:24] CommonAction.INFO: method : GET  
[2023-06-09 05:06:24] CommonAction.INFO: contentType : application/json  
[2023-06-09 05:06:24] CommonAction.INFO: Input Data : {"decoded":{"sub":"1","id":"1","userName":"super admin","userGroup":"1","email":"superadmin@msense.in","hotelId":"1","brandId":null,"iat":1686284916,"exp":1686371316}}  
[2023-06-09 05:06:24] CommonAction.INFO: ======= END Common Action (getAllBrand) ================  
[2023-06-09 05:10:33] CommonAction.INFO: ======= Start Common Action (getAllBrand) ================  
[2023-06-09 05:10:33] CommonAction.INFO: method : GET  
[2023-06-09 05:10:33] CommonAction.INFO: contentType : application/json  
[2023-06-09 05:10:33] CommonAction.INFO: Input Data : {"decoded":{"sub":"1","id":"1","userName":"super admin","userGroup":"1","email":"superadmin@msense.in","hotelId":"1","brandId":null,"iat":1686284916,"exp":1686371316}}  
[2023-06-09 05:10:33] CommonAction.INFO: ======= END Common Action (getAllBrand) ================  
[2023-06-09 05:10:56] CommonAction.INFO: ======= Start Common Action (getAllBrand) ================  
[2023-06-09 05:10:56] CommonAction.INFO: method : GET  
[2023-06-09 05:10:56] CommonAction.INFO: contentType : application/json  
[2023-06-09 05:10:56] CommonAction.INFO: Input Data : {"decoded":{"sub":"1","id":"1","userName":"super admin","userGroup":"1","email":"superadmin@msense.in","hotelId":"1","brandId":null,"iat":1686284916,"exp":1686371316}}  
[2023-06-09 05:10:56] CommonAction.INFO: ======= END Common Action (getAllBrand) ================  
[2023-06-09 05:13:40] CommonAction.INFO: ======= Start Common Action (getAllBrand) ================  
[2023-06-09 05:13:40] CommonAction.INFO: method : GET  
[2023-06-09 05:13:40] CommonAction.INFO: contentType : application/json  
[2023-06-09 05:13:40] CommonAction.INFO: Input Data : {"decoded":{"sub":"1","id":"1","userName":"super admin","userGroup":"1","email":"superadmin@msense.in","hotelId":"1","brandId":null,"iat":1686284916,"exp":1686371316}}  
[2023-06-09 05:13:40] CommonAction.INFO: ======= END Common Action (getAllBrand) ================  
[2023-06-09 05:13:49] CommonAction.INFO: ======= Start Common Action (getAllBrand) ================  
[2023-06-09 05:13:49] CommonAction.INFO: method : GET  
[2023-06-09 05:13:49] CommonAction.INFO: contentType : application/json  
[2023-06-09 05:13:49] CommonAction.INFO: Input Data : {"decoded":{"sub":"1","id":"1","userName":"super admin","userGroup":"1","email":"superadmin@msense.in","hotelId":"1","brandId":null,"iat":1686284916,"exp":1686371316}}  
[2023-06-09 05:13:49] CommonAction.INFO: ======= END Common Action (getAllBrand) ================  
[2023-06-09 05:14:19] CommonAction.INFO: ======= Start Common Action (getAllBrand) ================  
[2023-06-09 05:14:19] CommonAction.INFO: method : GET  
[2023-06-09 05:14:19] CommonAction.INFO: contentType : application/json  
[2023-06-09 05:14:19] CommonAction.INFO: Input Data : {"decoded":{"sub":"1","id":"1","userName":"super admin","userGroup":"1","email":"superadmin@msense.in","hotelId":"1","brandId":null,"iat":1686284916,"exp":1686371316}}  
[2023-06-09 05:14:19] CommonAction.INFO: ======= END Common Action (getAllBrand) ================  
[2023-06-09 13:33:23] CommonAction.INFO: ======= Start Common Action (getAllBrand) ================  
[2023-06-09 13:33:23] CommonAction.INFO: method : GET  
[2023-06-09 13:33:23] CommonAction.INFO: contentType : application/json  
[2023-06-09 13:33:23] CommonAction.INFO: Input Data : {"decoded":{"sub":"1","id":"1","userName":"super admin","userGroup":"1","email":"superadmin@msense.in","hotelId":"1","brandId":null,"iat":1686317553,"exp":1686403953}}  
[2023-06-09 13:33:23] CommonAction.INFO: ======= END Common Action (getAllBrand) ================  
[2023-06-09 13:41:52] CommonAction.INFO: ======= Start Common Action (getAllBrand) ================  
[2023-06-09 13:41:52] CommonAction.INFO: method : GET  
[2023-06-09 13:41:52] CommonAction.INFO: contentType : application/json  
[2023-06-09 13:41:52] CommonAction.INFO: Input Data : {"decoded":{"sub":"1","id":"1","userName":"super admin","userGroup":"1","email":"superadmin@msense.in","hotelId":"1","brandId":null,"iat":1686317553,"exp":1686403953}}  
[2023-06-09 13:41:52] CommonAction.INFO: ======= END Common Action (getAllBrand) ================  
