[2023-06-09 04:56:46] AdmnUsrsRepository.INFO: ======= Start AdmnUsrs Repository ================  
[2023-06-09 04:56:46] AdmnUsrsRepository.INFO: Input Data : {"decoded":{"sub":"1","id":"1","userName":"super admin","userGroup":"1","email":"superadmin@msense.in","hotelId":"1","brandId":null,"iat":1686284916,"exp":1686371316}}  
[2023-06-09 04:56:46] AdmnUsrModel.INFO: Query : CALL SP_AdmnUsrConfig('0', '0', 0, '', '', '', 0, 0, '','','', '', 
            1, '', 10, '0', 
            0, '', 'DESC', 'GETALL')  
[2023-06-09 04:56:46] AdmnUsrModel.INFO: Admin User List Avaliable User list count : 10  
[2023-06-09 04:56:46] AdmnUsrsRepository.INFO: ======= End AdmnUsrs Repository ================  
[2023-06-09 05:06:24] AdmnUsrsRepository.INFO: ======= Start AdmnUsrs Repository ================  
[2023-06-09 05:06:24] AdmnUsrsRepository.INFO: Input Data : {"decoded":{"sub":"1","id":"1","userName":"super admin","userGroup":"1","email":"superadmin@msense.in","hotelId":"1","brandId":null,"iat":1686284916,"exp":1686371316}}  
[2023-06-09 05:06:24] AdmnUsrModel.INFO: Query : CALL SP_AdmnUsrConfig('0', '0', 0, '', '', '', 0, 0, '','','', '', 
            1, '', 10, '0', 
            0, '', 'DESC', 'GETALL')  
[2023-06-09 05:06:24] AdmnUsrModel.INFO: Admin User List Avaliable User list count : 10  
[2023-06-09 05:06:24] AdmnUsrsRepository.INFO: ======= End AdmnUsrs Repository ================  
[2023-06-09 05:10:33] AdmnUsrsRepository.INFO: ======= Start AdmnUsrs Repository ================  
[2023-06-09 05:10:33] AdmnUsrsRepository.INFO: Input Data : {"decoded":{"sub":"1","id":"1","userName":"super admin","userGroup":"1","email":"superadmin@msense.in","hotelId":"1","brandId":null,"iat":1686284916,"exp":1686371316}}  
[2023-06-09 05:10:33] AdmnUsrModel.INFO: Query : CALL SP_AdmnUsrConfig('0', '0', 0, '', '', '', 0, 0, '','','', '', 
            1, '', 10, '0', 
            0, '', 'DESC', 'GETALL')  
[2023-06-09 05:10:33] AdmnUsrModel.INFO: Admin User List Avaliable User list count : 10  
[2023-06-09 05:10:33] AdmnUsrsRepository.INFO: ======= End AdmnUsrs Repository ================  
[2023-06-09 05:10:56] AdmnUsrsRepository.INFO: ======= Start AdmnUsrs Repository ================  
[2023-06-09 05:10:56] AdmnUsrsRepository.INFO: Input Data : {"decoded":{"sub":"1","id":"1","userName":"super admin","userGroup":"1","email":"superadmin@msense.in","hotelId":"1","brandId":null,"iat":1686284916,"exp":1686371316}}  
[2023-06-09 05:10:56] AdmnUsrModel.INFO: Query : CALL SP_AdmnUsrConfig('0', '0', 0, '', '', '', 0, 0, '','','', '', 
            1, '', 10, '0', 
            0, '', 'DESC', 'GETALL')  
[2023-06-09 05:10:56] AdmnUsrModel.INFO: Admin User List Avaliable User list count : 10  
[2023-06-09 05:10:56] AdmnUsrsRepository.INFO: ======= End AdmnUsrs Repository ================  
[2023-06-09 05:13:40] AdmnUsrsRepository.INFO: ======= Start AdmnUsrs Repository ================  
[2023-06-09 05:13:40] AdmnUsrsRepository.INFO: Input Data : {"decoded":{"sub":"1","id":"1","userName":"super admin","userGroup":"1","email":"superadmin@msense.in","hotelId":"1","brandId":null,"iat":1686284916,"exp":1686371316}}  
[2023-06-09 05:13:40] AdmnUsrModel.INFO: Query : CALL SP_AdmnUsrConfig('0', '0', 0, '', '', '', 0, 0, '','','', '', 
            1, '', 10, '0', 
            0, '', 'DESC', 'GETALL')  
[2023-06-09 05:13:40] AdmnUsrModel.INFO: Admin User List Avaliable User list count : 10  
[2023-06-09 05:13:40] AdmnUsrsRepository.INFO: ======= End AdmnUsrs Repository ================  
[2023-06-09 05:13:49] AdmnUsrsRepository.INFO: ======= Start AdmnUsrs Repository ================  
[2023-06-09 05:13:49] AdmnUsrsRepository.INFO: Input Data : {"decoded":{"sub":"1","id":"1","userName":"super admin","userGroup":"1","email":"superadmin@msense.in","hotelId":"1","brandId":null,"iat":1686284916,"exp":1686371316}}  
[2023-06-09 05:13:49] AdmnUsrModel.INFO: Query : CALL SP_AdmnUsrConfig('0', '0', 0, '', '', '', 0, 0, '','','', '', 
            1, '', 10, '0', 
            0, '', 'DESC', 'GETALL')  
[2023-06-09 05:13:49] AdmnUsrModel.INFO: Admin User List Avaliable User list count : 10  
[2023-06-09 05:13:49] AdmnUsrsRepository.INFO: ======= End AdmnUsrs Repository ================  
[2023-06-09 05:14:19] AdmnUsrsRepository.INFO: ======= Start AdmnUsrs Repository ================  
[2023-06-09 05:14:19] AdmnUsrsRepository.INFO: Input Data : {"decoded":{"sub":"1","id":"1","userName":"super admin","userGroup":"1","email":"superadmin@msense.in","hotelId":"1","brandId":null,"iat":1686284916,"exp":1686371316}}  
[2023-06-09 05:14:19] AdmnUsrModel.INFO: Query : CALL SP_AdmnUsrConfig('0', '0', 0, '', '', '', 0, 0, '','','', '', 
            1, '', 10, '0', 
            0, '', 'DESC', 'GETALL')  
[2023-06-09 05:14:19] AdmnUsrModel.INFO: Admin User List Avaliable User list count : 10  
[2023-06-09 05:14:19] AdmnUsrsRepository.INFO: ======= End AdmnUsrs Repository ================  
[2023-06-09 13:33:23] AdmnUsrsRepository.INFO: ======= Start AdmnUsrs Repository ================  
[2023-06-09 13:33:23] AdmnUsrsRepository.INFO: Input Data : {"decoded":{"sub":"1","id":"1","userName":"super admin","userGroup":"1","email":"superadmin@msense.in","hotelId":"1","brandId":null,"iat":1686317553,"exp":1686403953}}  
[2023-06-09 13:33:23] AdmnUsrModel.INFO: Query : CALL SP_AdmnUsrConfig('0', '0', 0, '', '', '', 0, 0, '','','', '', 
            1, '', 10, '0', 
            0, '', 'DESC', 'GETALL')  
[2023-06-09 13:33:23] AdmnUsrModel.INFO: Admin User List Avaliable User list count : 10  
[2023-06-09 13:33:23] AdmnUsrsRepository.INFO: ======= End AdmnUsrs Repository ================  
[2023-06-09 13:41:52] AdmnUsrsRepository.INFO: ======= Start AdmnUsrs Repository ================  
[2023-06-09 13:41:52] AdmnUsrsRepository.INFO: Input Data : {"decoded":{"sub":"1","id":"1","userName":"super admin","userGroup":"1","email":"superadmin@msense.in","hotelId":"1","brandId":null,"iat":1686317553,"exp":1686403953}}  
[2023-06-09 13:41:52] AdmnUsrModel.INFO: Query : CALL SP_AdmnUsrConfig('0', '0', 0, '', '', '', 0, 0, '','','', '', 
            1, '', 10, '0', 
            0, '', 'DESC', 'GETALL')  
[2023-06-09 13:41:52] AdmnUsrModel.INFO: Admin User List Avaliable User list count : 10  
[2023-06-09 13:41:52] AdmnUsrsRepository.INFO: ======= End AdmnUsrs Repository ================  
