[2023-06-09 13:38:32] CategoryAction.INFO: ======= Start Category Action (Single One) ================  
[2023-06-09 13:38:32] CategoryAction.INFO: method : POST  
[2023-06-09 13:38:32] CategoryAction.INFO: contentType : application/json  
[2023-06-09 13:38:32] CategoryAction.INFO: Input Data : {"decoded":{"sub":"1","id":"1","userName":"super admin","userGroup":"1","email":"superadmin@msense.in","hotelId":"1","brandId":null,"iat":1686317553,"exp":1686403953}}  
[2023-06-09 13:38:32] CategoryAction.INFO: ======= END Channel Action (CREATE) ================  
[2023-06-09 13:41:20] CategoryAction.INFO: ======= Start Category Action (Single One) ================  
[2023-06-09 13:41:20] CategoryAction.INFO: method : POST  
[2023-06-09 13:41:20] CategoryAction.INFO: contentType : application/json  
[2023-06-09 13:41:20] CategoryAction.INFO: Input Data : {"decoded":{"sub":"1","id":"1","userName":"super admin","userGroup":"1","email":"superadmin@msense.in","hotelId":"1","brandId":null,"iat":1686317553,"exp":1686403953}}  
[2023-06-09 13:41:20] CategoryAction.INFO: ======= END Channel Action (CREATE) ================  
[2023-06-09 13:41:36] CategoryAction.INFO: ======= Start Category Action (Single One) ================  
[2023-06-09 13:41:36] CategoryAction.INFO: method : POST  
[2023-06-09 13:41:36] CategoryAction.INFO: contentType : application/json  
[2023-06-09 13:41:36] CategoryAction.INFO: Input Data : {"decoded":{"sub":"1","id":"1","userName":"super admin","userGroup":"1","email":"superadmin@msense.in","hotelId":"1","brandId":null,"iat":1686317553,"exp":1686403953}}  
[2023-06-09 13:41:36] CategoryAction.INFO: ======= END Channel Action (CREATE) ================  
[2023-06-09 13:41:47] CategoryAction.INFO: ======= Start Category Action (Single One) ================  
[2023-06-09 13:41:47] CategoryAction.INFO: method : POST  
[2023-06-09 13:41:47] CategoryAction.INFO: contentType : application/json  
[2023-06-09 13:41:47] CategoryAction.INFO: Input Data : {"decoded":{"sub":"1","id":"1","userName":"super admin","userGroup":"1","email":"superadmin@msense.in","hotelId":"1","brandId":null,"iat":1686317553,"exp":1686403953}}  
[2023-06-09 13:41:47] CategoryAction.INFO: ======= END Channel Action (CREATE) ================  
