[2023-06-09 04:56:46] AdmnUsrsAction.INFO: ======= Start AdmnUsrs Action (List) ================  
[2023-06-09 04:56:46] AdmnUsrsAction.INFO: method : POST  
[2023-06-09 04:56:46] AdmnUsrsAction.INFO: contentType : application/json  
[2023-06-09 04:56:46] AdmnUsrsAction.INFO: Input Data : {"decoded":{"sub":"1","id":"1","userName":"super admin","userGroup":"1","email":"superadmin@msense.in","hotelId":"1","brandId":null,"iat":1686284916,"exp":1686371316}}  
[2023-06-09 04:56:46] AdmnUsrsAction.INFO: ======= END AdmnUsrs Action (List) ================  
[2023-06-09 05:06:24] AdmnUsrsAction.INFO: ======= Start AdmnUsrs Action (List) ================  
[2023-06-09 05:06:24] AdmnUsrsAction.INFO: method : POST  
[2023-06-09 05:06:24] AdmnUsrsAction.INFO: contentType : application/json  
[2023-06-09 05:06:24] AdmnUsrsAction.INFO: Input Data : {"decoded":{"sub":"1","id":"1","userName":"super admin","userGroup":"1","email":"superadmin@msense.in","hotelId":"1","brandId":null,"iat":1686284916,"exp":1686371316}}  
[2023-06-09 05:06:24] AdmnUsrsAction.INFO: ======= END AdmnUsrs Action (List) ================  
[2023-06-09 05:10:33] AdmnUsrsAction.INFO: ======= Start AdmnUsrs Action (List) ================  
[2023-06-09 05:10:33] AdmnUsrsAction.INFO: method : POST  
[2023-06-09 05:10:33] AdmnUsrsAction.INFO: contentType : application/json  
[2023-06-09 05:10:33] AdmnUsrsAction.INFO: Input Data : {"decoded":{"sub":"1","id":"1","userName":"super admin","userGroup":"1","email":"superadmin@msense.in","hotelId":"1","brandId":null,"iat":1686284916,"exp":1686371316}}  
[2023-06-09 05:10:33] AdmnUsrsAction.INFO: ======= END AdmnUsrs Action (List) ================  
[2023-06-09 05:10:56] AdmnUsrsAction.INFO: ======= Start AdmnUsrs Action (List) ================  
[2023-06-09 05:10:56] AdmnUsrsAction.INFO: method : POST  
[2023-06-09 05:10:56] AdmnUsrsAction.INFO: contentType : application/json  
[2023-06-09 05:10:56] AdmnUsrsAction.INFO: Input Data : {"decoded":{"sub":"1","id":"1","userName":"super admin","userGroup":"1","email":"superadmin@msense.in","hotelId":"1","brandId":null,"iat":1686284916,"exp":1686371316}}  
[2023-06-09 05:10:56] AdmnUsrsAction.INFO: ======= END AdmnUsrs Action (List) ================  
[2023-06-09 05:13:40] AdmnUsrsAction.INFO: ======= Start AdmnUsrs Action (List) ================  
[2023-06-09 05:13:40] AdmnUsrsAction.INFO: method : POST  
[2023-06-09 05:13:40] AdmnUsrsAction.INFO: contentType : application/json  
[2023-06-09 05:13:40] AdmnUsrsAction.INFO: Input Data : {"decoded":{"sub":"1","id":"1","userName":"super admin","userGroup":"1","email":"superadmin@msense.in","hotelId":"1","brandId":null,"iat":1686284916,"exp":1686371316}}  
[2023-06-09 05:13:40] AdmnUsrsAction.INFO: ======= END AdmnUsrs Action (List) ================  
[2023-06-09 05:13:49] AdmnUsrsAction.INFO: ======= Start AdmnUsrs Action (List) ================  
[2023-06-09 05:13:49] AdmnUsrsAction.INFO: method : POST  
[2023-06-09 05:13:49] AdmnUsrsAction.INFO: contentType : application/json  
[2023-06-09 05:13:49] AdmnUsrsAction.INFO: Input Data : {"decoded":{"sub":"1","id":"1","userName":"super admin","userGroup":"1","email":"superadmin@msense.in","hotelId":"1","brandId":null,"iat":1686284916,"exp":1686371316}}  
[2023-06-09 05:13:49] AdmnUsrsAction.INFO: ======= END AdmnUsrs Action (List) ================  
[2023-06-09 05:14:19] AdmnUsrsAction.INFO: ======= Start AdmnUsrs Action (List) ================  
[2023-06-09 05:14:19] AdmnUsrsAction.INFO: method : POST  
[2023-06-09 05:14:19] AdmnUsrsAction.INFO: contentType : application/json  
[2023-06-09 05:14:19] AdmnUsrsAction.INFO: Input Data : {"decoded":{"sub":"1","id":"1","userName":"super admin","userGroup":"1","email":"superadmin@msense.in","hotelId":"1","brandId":null,"iat":1686284916,"exp":1686371316}}  
[2023-06-09 05:14:19] AdmnUsrsAction.INFO: ======= END AdmnUsrs Action (List) ================  
[2023-06-09 13:33:23] AdmnUsrsAction.INFO: ======= Start AdmnUsrs Action (List) ================  
[2023-06-09 13:33:23] AdmnUsrsAction.INFO: method : POST  
[2023-06-09 13:33:23] AdmnUsrsAction.INFO: contentType : application/json  
[2023-06-09 13:33:23] AdmnUsrsAction.INFO: Input Data : {"decoded":{"sub":"1","id":"1","userName":"super admin","userGroup":"1","email":"superadmin@msense.in","hotelId":"1","brandId":null,"iat":1686317553,"exp":1686403953}}  
[2023-06-09 13:33:23] AdmnUsrsAction.INFO: ======= END AdmnUsrs Action (List) ================  
[2023-06-09 13:41:52] AdmnUsrsAction.INFO: ======= Start AdmnUsrs Action (List) ================  
[2023-06-09 13:41:52] AdmnUsrsAction.INFO: method : POST  
[2023-06-09 13:41:52] AdmnUsrsAction.INFO: contentType : application/json  
[2023-06-09 13:41:52] AdmnUsrsAction.INFO: Input Data : {"decoded":{"sub":"1","id":"1","userName":"super admin","userGroup":"1","email":"superadmin@msense.in","hotelId":"1","brandId":null,"iat":1686317553,"exp":1686403953}}  
[2023-06-09 13:41:52] AdmnUsrsAction.INFO: ======= END AdmnUsrs Action (List) ================  
