[2023-06-09 04:56:46] AdmnGrpsRepository.INFO: ======= Start AdmnGrps Repository ================  
[2023-06-09 04:56:46] AdmnGrpsRepository.INFO: Input Data : {"decoded":{"sub":"1","id":"1","userName":"super admin","userGroup":"1","email":"superadmin@msense.in","hotelId":"1","brandId":null,"iat":1686284916,"exp":1686371316}}  
[2023-06-09 04:56:46] AdmnGrpModel.INFO: Query : CALL SP_GroupConfig('0', '0', 0, '', 
            1, '', 10, '0', 
            0, '', 'DESC', 'GETALL')  
[2023-06-09 04:56:46] AdmnGrpModel.INFO: Group List Avaliable Group list count : 30  
[2023-06-09 04:56:46] AdmnGrpsRepository.INFO: ======= End AdmnGrps Repository ================  
[2023-06-09 05:06:24] AdmnGrpsRepository.INFO: ======= Start AdmnGrps Repository ================  
[2023-06-09 05:06:24] AdmnGrpsRepository.INFO: Input Data : {"decoded":{"sub":"1","id":"1","userName":"super admin","userGroup":"1","email":"superadmin@msense.in","hotelId":"1","brandId":null,"iat":1686284916,"exp":1686371316}}  
[2023-06-09 05:06:24] AdmnGrpModel.INFO: Query : CALL SP_GroupConfig('0', '0', 0, '', 
            1, '', 10, '0', 
            0, '', 'DESC', 'GETALL')  
[2023-06-09 05:06:24] AdmnGrpModel.INFO: Group List Avaliable Group list count : 30  
[2023-06-09 05:06:24] AdmnGrpsRepository.INFO: ======= End AdmnGrps Repository ================  
[2023-06-09 05:10:33] AdmnGrpsRepository.INFO: ======= Start AdmnGrps Repository ================  
[2023-06-09 05:10:33] AdmnGrpsRepository.INFO: Input Data : {"decoded":{"sub":"1","id":"1","userName":"super admin","userGroup":"1","email":"superadmin@msense.in","hotelId":"1","brandId":null,"iat":1686284916,"exp":1686371316}}  
[2023-06-09 05:10:33] AdmnGrpModel.INFO: Query : CALL SP_GroupConfig('0', '0', 0, '', 
            1, '', 10, '0', 
            0, '', 'DESC', 'GETALL')  
[2023-06-09 05:10:33] AdmnGrpModel.INFO: Group List Avaliable Group list count : 30  
[2023-06-09 05:10:33] AdmnGrpsRepository.INFO: ======= End AdmnGrps Repository ================  
[2023-06-09 05:10:56] AdmnGrpsRepository.INFO: ======= Start AdmnGrps Repository ================  
[2023-06-09 05:10:56] AdmnGrpsRepository.INFO: Input Data : {"decoded":{"sub":"1","id":"1","userName":"super admin","userGroup":"1","email":"superadmin@msense.in","hotelId":"1","brandId":null,"iat":1686284916,"exp":1686371316}}  
[2023-06-09 05:10:56] AdmnGrpModel.INFO: Query : CALL SP_GroupConfig('0', '0', 0, '', 
            1, '', 10, '0', 
            0, '', 'DESC', 'GETALL')  
[2023-06-09 05:10:56] AdmnGrpModel.INFO: Group List Avaliable Group list count : 30  
[2023-06-09 05:10:56] AdmnGrpsRepository.INFO: ======= End AdmnGrps Repository ================  
[2023-06-09 05:13:40] AdmnGrpsRepository.INFO: ======= Start AdmnGrps Repository ================  
[2023-06-09 05:13:40] AdmnGrpsRepository.INFO: Input Data : {"decoded":{"sub":"1","id":"1","userName":"super admin","userGroup":"1","email":"superadmin@msense.in","hotelId":"1","brandId":null,"iat":1686284916,"exp":1686371316}}  
[2023-06-09 05:13:40] AdmnGrpModel.INFO: Query : CALL SP_GroupConfig('0', '0', 0, '', 
            1, '', 10, '0', 
            0, '', 'DESC', 'GETALL')  
[2023-06-09 05:13:40] AdmnGrpModel.INFO: Group List Avaliable Group list count : 30  
[2023-06-09 05:13:40] AdmnGrpsRepository.INFO: ======= End AdmnGrps Repository ================  
[2023-06-09 05:13:49] AdmnGrpsRepository.INFO: ======= Start AdmnGrps Repository ================  
[2023-06-09 05:13:49] AdmnGrpsRepository.INFO: Input Data : {"decoded":{"sub":"1","id":"1","userName":"super admin","userGroup":"1","email":"superadmin@msense.in","hotelId":"1","brandId":null,"iat":1686284916,"exp":1686371316}}  
[2023-06-09 05:13:49] AdmnGrpModel.INFO: Query : CALL SP_GroupConfig('0', '0', 0, '', 
            1, '', 10, '0', 
            0, '', 'DESC', 'GETALL')  
[2023-06-09 05:13:49] AdmnGrpModel.INFO: Group List Avaliable Group list count : 30  
[2023-06-09 05:13:49] AdmnGrpsRepository.INFO: ======= End AdmnGrps Repository ================  
[2023-06-09 05:14:19] AdmnGrpsRepository.INFO: ======= Start AdmnGrps Repository ================  
[2023-06-09 05:14:19] AdmnGrpsRepository.INFO: Input Data : {"decoded":{"sub":"1","id":"1","userName":"super admin","userGroup":"1","email":"superadmin@msense.in","hotelId":"1","brandId":null,"iat":1686284916,"exp":1686371316}}  
[2023-06-09 05:14:19] AdmnGrpModel.INFO: Query : CALL SP_GroupConfig('0', '0', 0, '', 
            1, '', 10, '0', 
            0, '', 'DESC', 'GETALL')  
[2023-06-09 05:14:19] AdmnGrpModel.INFO: Group List Avaliable Group list count : 30  
[2023-06-09 05:14:19] AdmnGrpsRepository.INFO: ======= End AdmnGrps Repository ================  
[2023-06-09 13:33:23] AdmnGrpsRepository.INFO: ======= Start AdmnGrps Repository ================  
[2023-06-09 13:33:23] AdmnGrpsRepository.INFO: Input Data : {"decoded":{"sub":"1","id":"1","userName":"super admin","userGroup":"1","email":"superadmin@msense.in","hotelId":"1","brandId":null,"iat":1686317553,"exp":1686403953}}  
[2023-06-09 13:33:23] AdmnGrpModel.INFO: Query : CALL SP_GroupConfig('0', '0', 0, '', 
            1, '', 10, '0', 
            0, '', 'DESC', 'GETALL')  
[2023-06-09 13:33:23] AdmnGrpModel.INFO: Group List Avaliable Group list count : 30  
[2023-06-09 13:33:23] AdmnGrpsRepository.INFO: ======= End AdmnGrps Repository ================  
[2023-06-09 13:33:25] AdmnGrpsRepository.INFO: ======= Start AdmnGrps Repository ================  
[2023-06-09 13:33:25] AdmnGrpsRepository.INFO: Input Data : {"decoded":{"sub":"1","id":"1","userName":"super admin","userGroup":"1","email":"superadmin@msense.in","hotelId":"1","brandId":null,"iat":1686317553,"exp":1686403953}}  
[2023-06-09 13:33:25] AdmnGrpModel.INFO: Query : CALL SP_GroupConfig('0', '0', 0, '', 
            1, '', 10, '0', 
            0, '', 'DESC', 'GETALL')  
[2023-06-09 13:33:25] AdmnGrpModel.INFO: Group List Avaliable Group list count : 30  
[2023-06-09 13:33:25] AdmnGrpsRepository.INFO: ======= End AdmnGrps Repository ================  
[2023-06-09 13:41:52] AdmnGrpsRepository.INFO: ======= Start AdmnGrps Repository ================  
[2023-06-09 13:41:52] AdmnGrpsRepository.INFO: Input Data : {"decoded":{"sub":"1","id":"1","userName":"super admin","userGroup":"1","email":"superadmin@msense.in","hotelId":"1","brandId":null,"iat":1686317553,"exp":1686403953}}  
[2023-06-09 13:41:52] AdmnGrpModel.INFO: Query : CALL SP_GroupConfig('0', '0', 0, '', 
            1, '', 10, '0', 
            0, '', 'DESC', 'GETALL')  
[2023-06-09 13:41:52] AdmnGrpModel.INFO: Group List Avaliable Group list count : 30  
[2023-06-09 13:41:52] AdmnGrpsRepository.INFO: ======= End AdmnGrps Repository ================  
[2023-06-09 13:41:53] AdmnGrpsRepository.INFO: ======= Start AdmnGrps Repository ================  
[2023-06-09 13:41:53] AdmnGrpsRepository.INFO: Input Data : {"decoded":{"sub":"1","id":"1","userName":"super admin","userGroup":"1","email":"superadmin@msense.in","hotelId":"1","brandId":null,"iat":1686317553,"exp":1686403953}}  
[2023-06-09 13:41:53] AdmnGrpModel.INFO: Query : CALL SP_GroupConfig('0', '0', 0, '', 
            1, '', 10, '0', 
            0, '', 'DESC', 'GETALL')  
[2023-06-09 13:41:53] AdmnGrpModel.INFO: Group List Avaliable Group list count : 30  
[2023-06-09 13:41:53] AdmnGrpsRepository.INFO: ======= End AdmnGrps Repository ================  
