[2023-06-09 13:38:23] ChannelAction.INFO: ======= Start Channel Action (List) ================  
[2023-06-09 13:38:23] ChannelAction.INFO: method : POST  
[2023-06-09 13:38:23] ChannelAction.INFO: contentType : application/json  
[2023-06-09 13:38:23] ChannelAction.INFO: Input Data : {"decoded":{"sub":"1","id":"1","userName":"super admin","userGroup":"1","email":"superadmin@msense.in","hotelId":"1","brandId":null,"iat":1686317553,"exp":1686403953}}  
[2023-06-09 13:38:23] ChannelAction.INFO: ======= END Channel Action (List) ================  
[2023-06-09 13:38:28] ChannelAction.INFO: ======= Start Channel Action (List) ================  
[2023-06-09 13:38:28] ChannelAction.INFO: method : POST  
[2023-06-09 13:38:28] ChannelAction.INFO: contentType : application/json  
[2023-06-09 13:38:28] ChannelAction.INFO: Input Data : {"decoded":{"sub":"1","id":"1","userName":"super admin","userGroup":"1","email":"superadmin@msense.in","hotelId":"1","brandId":null,"iat":1686317553,"exp":1686403953}}  
[2023-06-09 13:38:28] ChannelAction.INFO: ======= END Channel Action (List) ================  
[2023-06-09 13:41:19] ChannelAction.INFO: ======= Start Channel Action (List) ================  
[2023-06-09 13:41:19] ChannelAction.INFO: method : POST  
[2023-06-09 13:41:19] ChannelAction.INFO: contentType : application/json  
[2023-06-09 13:41:19] ChannelAction.INFO: Input Data : {"decoded":{"sub":"1","id":"1","userName":"super admin","userGroup":"1","email":"superadmin@msense.in","hotelId":"1","brandId":null,"iat":1686317553,"exp":1686403953}}  
[2023-06-09 13:41:19] ChannelAction.INFO: ======= END Channel Action (List) ================  
[2023-06-09 13:41:36] ChannelAction.INFO: ======= Start Channel Action (List) ================  
[2023-06-09 13:41:36] ChannelAction.INFO: method : POST  
[2023-06-09 13:41:36] ChannelAction.INFO: contentType : application/json  
[2023-06-09 13:41:36] ChannelAction.INFO: Input Data : {"decoded":{"sub":"1","id":"1","userName":"super admin","userGroup":"1","email":"superadmin@msense.in","hotelId":"1","brandId":null,"iat":1686317553,"exp":1686403953}}  
[2023-06-09 13:41:36] ChannelAction.INFO: ======= END Channel Action (List) ================  
[2023-06-09 13:41:38] ChannelAction.INFO: ======= Start Channel Action (List) ================  
[2023-06-09 13:41:38] ChannelAction.INFO: method : POST  
[2023-06-09 13:41:38] ChannelAction.INFO: contentType : application/json  
[2023-06-09 13:41:38] ChannelAction.INFO: Input Data : {"decoded":{"sub":"1","id":"1","userName":"super admin","userGroup":"1","email":"superadmin@msense.in","hotelId":"1","brandId":null,"iat":1686317553,"exp":1686403953}}  
[2023-06-09 13:41:38] ChannelAction.INFO: ======= END Channel Action (List) ================  
[2023-06-09 13:41:47] ChannelAction.INFO: ======= Start Channel Action (List) ================  
[2023-06-09 13:41:47] ChannelAction.INFO: method : POST  
[2023-06-09 13:41:47] ChannelAction.INFO: contentType : application/json  
[2023-06-09 13:41:47] ChannelAction.INFO: Input Data : {"decoded":{"sub":"1","id":"1","userName":"super admin","userGroup":"1","email":"superadmin@msense.in","hotelId":"1","brandId":null,"iat":1686317553,"exp":1686403953}}  
[2023-06-09 13:41:47] ChannelAction.INFO: ======= END Channel Action (List) ================  
