[2023-06-14 04:33:09] LoginAction.INFO: ======= Start Login Action ================  
[2023-06-14 04:33:09] LoginAction.INFO: Input Data : {"email":"superadmin@msense.in","password":"1234567"}  
[2023-06-14 04:33:09] LoginModel.INFO: Query : call SP_Doauth('superadmin@msense.in','QUwxT0hwRExsV2g4VXpFNkdocllPQT09')  
[2023-06-14 04:33:09] LoginModel.INFO: User Data : {"username":"super admin","userGroup":"1","loginid":"1","email":"superadmin@msense.in","mobileno":"9677889090","designation":"Manage_rCate","hotelId":"1","brandId":null}  
[2023-06-14 04:33:09] LoginAction.INFO: ======= END Login Action ================  
[2023-06-14 04:41:51] LoginAction.INFO: ======= Start Login Action ================  
[2023-06-14 04:41:51] LoginAction.INFO: Input Data : {"email":"superadmin@msense.in","password":"1234567"}  
[2023-06-14 04:41:51] LoginModel.INFO: Query : call SP_Doauth('superadmin@msense.in','QUwxT0hwRExsV2g4VXpFNkdocllPQT09')  
[2023-06-14 04:41:51] LoginModel.INFO: User Data : {"username":"super admin","userGroup":"1","loginid":"1","email":"superadmin@msense.in","mobileno":"9677889090","designation":"Manage_rCate","hotelId":"1","brandId":null}  
[2023-06-14 04:41:51] LoginAction.INFO: ======= END Login Action ================  
[2023-06-14 04:57:23] LoginAction.INFO: ======= Start Login Action ================  
[2023-06-14 04:57:23] LoginAction.INFO: Input Data : {"email":"superadmin@msense.in","password":"1234567"}  
[2023-06-14 04:57:23] LoginModel.INFO: Query : call SP_Doauth('superadmin@msense.in','QUwxT0hwRExsV2g4VXpFNkdocllPQT09')  
[2023-06-14 04:57:23] LoginModel.INFO: User Data : {"username":"super admin","userGroup":"1","loginid":"1","email":"superadmin@msense.in","mobileno":"9677889090","designation":"Manage_rCate","hotelId":"1","brandId":null}  
[2023-06-14 04:57:23] LoginAction.INFO: ======= END Login Action ================  
[2023-06-14 05:10:59] LoginAction.INFO: ======= Start Login Action ================  
[2023-06-14 05:10:59] LoginAction.INFO: Input Data : {"email":"superadmin@msense.in","password":"1234567"}  
[2023-06-14 05:10:59] LoginModel.INFO: Query : call SP_Doauth('superadmin@msense.in','QUwxT0hwRExsV2g4VXpFNkdocllPQT09')  
[2023-06-14 05:10:59] LoginModel.INFO: User Data : {"username":"super admin","userGroup":"1","loginid":"1","email":"superadmin@msense.in","mobileno":"9677889090","designation":"Manage_rCate","hotelId":"1","brandId":null}  
[2023-06-14 05:10:59] LoginAction.INFO: ======= END Login Action ================  
[2023-06-14 05:14:08] LoginAction.INFO: ======= Start Login Action ================  
[2023-06-14 05:14:08] LoginAction.INFO: Input Data : {"email":"superadmin@mswnsw.in","password":"1234567"}  
[2023-06-14 05:14:08] LoginModel.INFO: Query : call SP_Doauth('superadmin@mswnsw.in','QUwxT0hwRExsV2g4VXpFNkdocllPQT09')  
[2023-06-14 05:14:08] LoginModel.ERROR: Error Code : 200Error Message : Invalid Email  
[2023-06-14 05:14:08] LoginModel.ERROR: Error File : /var/www/projects/ottproduct/api/v1/src/Model/LoginModel.phpError Line : 39  
[2023-06-14 05:14:08] LoginModel.ERROR: Error Trace String : #0 /var/www/projects/ottproduct/api/v1/src/Domain/Repository/Login/LoginRepository.php(47): App\Model\LoginModel->validateLogin()
#1 /var/www/projects/ottproduct/api/v1/src/Application/Actions/Login/LoginAction.php(54): App\Domain\Repository\Login\LoginRepository->doAuth()
#2 /var/www/projects/ottproduct/api/v1/vendor/slim/slim/Slim/Handlers/Strategies/RequestResponse.php(38): App\Application\Actions\Login\LoginAction->__invoke()
#3 /var/www/projects/ottproduct/api/v1/vendor/slim/slim/Slim/Routing/Route.php(358): Slim\Handlers\Strategies\RequestResponse->__invoke()
#4 /var/www/projects/ottproduct/api/v1/vendor/slim/slim/Slim/MiddlewareDispatcher.php(65): Slim\Routing\Route->handle()
#5 /var/www/projects/ottproduct/api/v1/vendor/slim/slim/Slim/MiddlewareDispatcher.php(65): Slim\MiddlewareDispatcher->handle()
#6 /var/www/projects/ottproduct/api/v1/vendor/slim/slim/Slim/Routing/Route.php(315): Slim\MiddlewareDispatcher->handle()
#7 /var/www/projects/ottproduct/api/v1/vendor/slim/slim/Slim/Routing/RouteRunner.php(68): Slim\Routing\Route->run()
#8 /var/www/projects/ottproduct/api/v1/src/Application/Middleware/SessionMiddleware.php(26): Slim\Routing\RouteRunner->handle()
#9 /var/www/projects/ottproduct/api/v1/vendor/slim/slim/Slim/MiddlewareDispatcher.php(168): App\Application\Middleware\SessionMiddleware->process()
#10 /var/www/projects/ottproduct/api/v1/vendor/slim/slim/Slim/Middleware/RoutingMiddleware.php(45): Psr\Http\Server\RequestHandlerInterface@anonymous->handle()
#11 /var/www/projects/ottproduct/api/v1/vendor/slim/slim/Slim/MiddlewareDispatcher.php(121): Slim\Middleware\RoutingMiddleware->process()
#12 /var/www/projects/ottproduct/api/v1/vendor/selective/basepath/src/BasePathMiddleware.php(52): Psr\Http\Server\RequestHandlerInterface@anonymous->handle()
#13 /var/www/projects/ottproduct/api/v1/vendor/slim/slim/Slim/MiddlewareDispatcher.php(121): Selective\BasePath\BasePathMiddleware->process()
#14 /var/www/projects/ottproduct/api/v1/vendor/slim/slim/Slim/Middleware/BodyParsingMiddleware.php(64): Psr\Http\Server\RequestHandlerInterface@anonymous->handle()
#15 /var/www/projects/ottproduct/api/v1/vendor/slim/slim/Slim/MiddlewareDispatcher.php(121): Slim\Middleware\BodyParsingMiddleware->process()
#16 /var/www/projects/ottproduct/api/v1/vendor/slim/slim/Slim/Middleware/ErrorMiddleware.php(76): Psr\Http\Server\RequestHandlerInterface@anonymous->handle()
#17 /var/www/projects/ottproduct/api/v1/vendor/slim/slim/Slim/MiddlewareDispatcher.php(121): Slim\Middleware\ErrorMiddleware->process()
#18 /var/www/projects/ottproduct/api/v1/vendor/tuupola/cors-middleware/src/CorsMiddleware.php(155): Psr\Http\Server\RequestHandlerInterface@anonymous->handle()
#19 /var/www/projects/ottproduct/api/v1/vendor/slim/slim/Slim/MiddlewareDispatcher.php(121): Tuupola\Middleware\CorsMiddleware->process()
#20 /var/www/projects/ottproduct/api/v1/vendor/slim/slim/Slim/MiddlewareDispatcher.php(65): Psr\Http\Server\RequestHandlerInterface@anonymous->handle()
#21 /var/www/projects/ottproduct/api/v1/vendor/slim/slim/Slim/App.php(199): Slim\MiddlewareDispatcher->handle()
#22 /var/www/projects/ottproduct/api/v1/public/index.php(93): Slim\App->handle()
#23 {main}  
[2023-06-14 05:14:08] LoginRepository.ERROR: Error Code : 401Error Message : Invalid Email  
[2023-06-14 05:14:08] LoginRepository.ERROR: Error File : /var/www/projects/ottproduct/api/v1/src/Model/LoginModel.phpError Line : 68  
[2023-06-14 05:14:08] LoginRepository.ERROR: Error Trace String : #0 /var/www/projects/ottproduct/api/v1/src/Domain/Repository/Login/LoginRepository.php(47): App\Model\LoginModel->validateLogin()
#1 /var/www/projects/ottproduct/api/v1/src/Application/Actions/Login/LoginAction.php(54): App\Domain\Repository\Login\LoginRepository->doAuth()
#2 /var/www/projects/ottproduct/api/v1/vendor/slim/slim/Slim/Handlers/Strategies/RequestResponse.php(38): App\Application\Actions\Login\LoginAction->__invoke()
#3 /var/www/projects/ottproduct/api/v1/vendor/slim/slim/Slim/Routing/Route.php(358): Slim\Handlers\Strategies\RequestResponse->__invoke()
#4 /var/www/projects/ottproduct/api/v1/vendor/slim/slim/Slim/MiddlewareDispatcher.php(65): Slim\Routing\Route->handle()
#5 /var/www/projects/ottproduct/api/v1/vendor/slim/slim/Slim/MiddlewareDispatcher.php(65): Slim\MiddlewareDispatcher->handle()
#6 /var/www/projects/ottproduct/api/v1/vendor/slim/slim/Slim/Routing/Route.php(315): Slim\MiddlewareDispatcher->handle()
#7 /var/www/projects/ottproduct/api/v1/vendor/slim/slim/Slim/Routing/RouteRunner.php(68): Slim\Routing\Route->run()
#8 /var/www/projects/ottproduct/api/v1/src/Application/Middleware/SessionMiddleware.php(26): Slim\Routing\RouteRunner->handle()
#9 /var/www/projects/ottproduct/api/v1/vendor/slim/slim/Slim/MiddlewareDispatcher.php(168): App\Application\Middleware\SessionMiddleware->process()
#10 /var/www/projects/ottproduct/api/v1/vendor/slim/slim/Slim/Middleware/RoutingMiddleware.php(45): Psr\Http\Server\RequestHandlerInterface@anonymous->handle()
#11 /var/www/projects/ottproduct/api/v1/vendor/slim/slim/Slim/MiddlewareDispatcher.php(121): Slim\Middleware\RoutingMiddleware->process()
#12 /var/www/projects/ottproduct/api/v1/vendor/selective/basepath/src/BasePathMiddleware.php(52): Psr\Http\Server\RequestHandlerInterface@anonymous->handle()
#13 /var/www/projects/ottproduct/api/v1/vendor/slim/slim/Slim/MiddlewareDispatcher.php(121): Selective\BasePath\BasePathMiddleware->process()
#14 /var/www/projects/ottproduct/api/v1/vendor/slim/slim/Slim/Middleware/BodyParsingMiddleware.php(64): Psr\Http\Server\RequestHandlerInterface@anonymous->handle()
#15 /var/www/projects/ottproduct/api/v1/vendor/slim/slim/Slim/MiddlewareDispatcher.php(121): Slim\Middleware\BodyParsingMiddleware->process()
#16 /var/www/projects/ottproduct/api/v1/vendor/slim/slim/Slim/Middleware/ErrorMiddleware.php(76): Psr\Http\Server\RequestHandlerInterface@anonymous->handle()
#17 /var/www/projects/ottproduct/api/v1/vendor/slim/slim/Slim/MiddlewareDispatcher.php(121): Slim\Middleware\ErrorMiddleware->process()
#18 /var/www/projects/ottproduct/api/v1/vendor/tuupola/cors-middleware/src/CorsMiddleware.php(155): Psr\Http\Server\RequestHandlerInterface@anonymous->handle()
#19 /var/www/projects/ottproduct/api/v1/vendor/slim/slim/Slim/MiddlewareDispatcher.php(121): Tuupola\Middleware\CorsMiddleware->process()
#20 /var/www/projects/ottproduct/api/v1/vendor/slim/slim/Slim/MiddlewareDispatcher.php(65): Psr\Http\Server\RequestHandlerInterface@anonymous->handle()
#21 /var/www/projects/ottproduct/api/v1/vendor/slim/slim/Slim/App.php(199): Slim\MiddlewareDispatcher->handle()
#22 /var/www/projects/ottproduct/api/v1/public/index.php(93): Slim\App->handle()
#23 {main}  
[2023-06-14 05:14:19] LoginAction.INFO: ======= Start Login Action ================  
[2023-06-14 05:14:19] LoginAction.INFO: Input Data : {"email":"superadmin@msense.in","password":"1234567"}  
[2023-06-14 05:14:19] LoginModel.INFO: Query : call SP_Doauth('superadmin@msense.in','QUwxT0hwRExsV2g4VXpFNkdocllPQT09')  
[2023-06-14 05:14:19] LoginModel.INFO: User Data : {"username":"super admin","userGroup":"1","loginid":"1","email":"superadmin@msense.in","mobileno":"9677889090","designation":"Manage_rCate","hotelId":"1","brandId":null}  
[2023-06-14 05:14:19] LoginAction.INFO: ======= END Login Action ================  
[2023-06-14 05:14:41] LoginAction.INFO: ======= Start Login Action ================  
[2023-06-14 05:14:41] LoginAction.INFO: Input Data : {"email":"superadmin@msense.in","password":"1234567"}  
[2023-06-14 05:14:41] LoginModel.INFO: Query : call SP_Doauth('superadmin@msense.in','QUwxT0hwRExsV2g4VXpFNkdocllPQT09')  
[2023-06-14 05:14:41] LoginModel.INFO: User Data : {"username":"super admin","userGroup":"1","loginid":"1","email":"superadmin@msense.in","mobileno":"9677889090","designation":"Manage_rCate","hotelId":"1","brandId":null}  
[2023-06-14 05:14:41] LoginAction.INFO: ======= END Login Action ================  
[2023-06-14 05:32:42] LoginAction.INFO: ======= Start Login Action ================  
[2023-06-14 05:32:42] LoginAction.INFO: Input Data : {"email":"superadmin@msense.in","password":"1234567"}  
[2023-06-14 05:32:42] LoginModel.INFO: Query : call SP_Doauth('superadmin@msense.in','QUwxT0hwRExsV2g4VXpFNkdocllPQT09')  
[2023-06-14 05:32:42] LoginModel.INFO: User Data : {"username":"super admin","userGroup":"1","loginid":"1","email":"superadmin@msense.in","mobileno":"9677889090","designation":"Manage_rCate","hotelId":"1","brandId":null}  
[2023-06-14 05:32:42] LoginAction.INFO: ======= END Login Action ================  
[2023-06-14 09:07:53] LoginAction.INFO: ======= Start Login Action ================  
[2023-06-14 09:07:53] LoginAction.INFO: Input Data : {"email":"superadmin@msense.in","password":"1234567"}  
[2023-06-14 09:07:53] LoginModel.INFO: Query : call SP_Doauth('superadmin@msense.in','QUwxT0hwRExsV2g4VXpFNkdocllPQT09')  
[2023-06-14 09:07:53] LoginModel.INFO: User Data : {"username":"super admin","userGroup":"1","loginid":"1","email":"superadmin@msense.in","mobileno":"9677889090","designation":"Manage_rCate","hotelId":"1","brandId":null}  
[2023-06-14 09:07:53] LoginAction.INFO: ======= END Login Action ================  
[2023-06-14 12:25:01] LoginAction.INFO: ======= Start Login Action ================  
[2023-06-14 12:25:01] LoginAction.INFO: Input Data : {"email":"superadmin@msense.in","password":"1234567"}  
[2023-06-14 12:25:01] LoginModel.INFO: Query : call SP_Doauth('superadmin@msense.in','QUwxT0hwRExsV2g4VXpFNkdocllPQT09')  
[2023-06-14 12:25:01] LoginModel.INFO: User Data : {"username":"super admin","userGroup":"1","loginid":"1","email":"superadmin@msense.in","mobileno":"9677889090","designation":"Manage_rCate","hotelId":"1","brandId":null}  
[2023-06-14 12:25:01] LoginAction.INFO: ======= END Login Action ================  
[2023-06-14 13:14:01] LoginAction.INFO: ======= Start Login Action ================  
[2023-06-14 13:14:01] LoginAction.INFO: Input Data : {"email":"superadmin@msense.in","password":"1234567"}  
[2023-06-14 13:14:01] LoginModel.INFO: Query : call SP_Doauth('superadmin@msense.in','QUwxT0hwRExsV2g4VXpFNkdocllPQT09')  
[2023-06-14 13:14:01] LoginModel.INFO: User Data : {"username":"super admin","userGroup":"1","loginid":"1","email":"superadmin@msense.in","mobileno":"9677889090","designation":"Manage_rCate","hotelId":"1","brandId":null}  
[2023-06-14 13:14:01] LoginAction.INFO: ======= END Login Action ================  
