[2023-06-14 04:33:14] TvtempRepository.INFO: ======= Start TV Repository (Get All Feature List)================  
[2023-06-14 04:33:14] TvtempModel.INFO: Query : CALL SP_TvtemplateDetails('FEATURE')  
[2023-06-14 04:33:14] TvtempRepository.INFO: ======= Start TV Repository (Get All ChannelFeed List) ================  
[2023-06-14 04:33:14] TvtempModel.INFO: Query : CALL SP_TvtemplateDetails('CHNLTYPE')  
[2023-06-14 04:33:14] TvtempRepository.INFO: ======= Start TV Repository (Get All Template List)================  
[2023-06-14 04:33:14] TvtempModel.INFO: Query : CALL SP_TvtemplateDetails('LIST')  
[2023-06-14 04:33:14] TvtempModel.INFO: get All Template (count) : 3  
[2023-06-14 04:33:14] TvtempRepository.INFO: ======= End TV Repository (Get All Feature List)================  
[2023-06-14 04:33:14] TvtempModel.INFO: get All Template (count) : 3  
[2023-06-14 04:33:14] TvtempRepository.INFO: ======= End TV Repository (Get All ChannelFeed List) ================  
[2023-06-14 04:33:14] TvtempModel.INFO: get All Template (count) : 6  
[2023-06-14 04:33:14] TvtempRepository.INFO: ======= End TV Repository (Get All Template List)================  
[2023-06-14 04:39:49] TvtempRepository.INFO: ======= Start TV Repository (Get All Feature List)================  
[2023-06-14 04:39:49] TvtempModel.INFO: Query : CALL SP_TvtemplateDetails('FEATURE')  
[2023-06-14 04:39:49] TvtempRepository.INFO: ======= Start TV Repository (Get All Template List)================  
[2023-06-14 04:39:49] TvtempModel.INFO: Query : CALL SP_TvtemplateDetails('LIST')  
[2023-06-14 04:39:49] TvtempRepository.INFO: ======= Start TV Repository (Get All ChannelFeed List) ================  
[2023-06-14 04:39:49] TvtempModel.INFO: Query : CALL SP_TvtemplateDetails('CHNLTYPE')  
[2023-06-14 04:39:49] TvtempModel.INFO: get All Template (count) : 3  
[2023-06-14 04:39:49] TvtempRepository.INFO: ======= End TV Repository (Get All Feature List)================  
[2023-06-14 04:39:49] TvtempModel.INFO: get All Template (count) : 3  
[2023-06-14 04:39:49] TvtempRepository.INFO: ======= End TV Repository (Get All ChannelFeed List) ================  
[2023-06-14 04:39:49] TvtempModel.INFO: get All Template (count) : 6  
[2023-06-14 04:39:49] TvtempRepository.INFO: ======= End TV Repository (Get All Template List)================  
[2023-06-14 04:41:55] TvtempRepository.INFO: ======= Start TV Repository (Get All Template List)================  
[2023-06-14 04:41:55] TvtempModel.INFO: Query : CALL SP_TvtemplateDetails('LIST')  
[2023-06-14 04:41:55] TvtempModel.INFO: get All Template (count) : 6  
[2023-06-14 04:41:55] TvtempRepository.INFO: ======= End TV Repository (Get All Template List)================  
[2023-06-14 04:41:55] TvtempRepository.INFO: ======= Start TV Repository (Get All Feature List)================  
[2023-06-14 04:41:55] TvtempModel.INFO: Query : CALL SP_TvtemplateDetails('FEATURE')  
[2023-06-14 04:41:55] TvtempModel.INFO: get All Template (count) : 3  
[2023-06-14 04:41:55] TvtempRepository.INFO: ======= End TV Repository (Get All Feature List)================  
[2023-06-14 04:41:55] TvtempRepository.INFO: ======= Start TV Repository (Get All ChannelFeed List) ================  
[2023-06-14 04:41:55] TvtempModel.INFO: Query : CALL SP_TvtemplateDetails('CHNLTYPE')  
[2023-06-14 04:41:55] TvtempModel.INFO: get All Template (count) : 3  
[2023-06-14 04:41:55] TvtempRepository.INFO: ======= End TV Repository (Get All ChannelFeed List) ================  
[2023-06-14 04:41:56] TvtempRepository.INFO: ======= Start TV Repository (Get All Feature List)================  
[2023-06-14 04:41:56] TvtempRepository.INFO: ======= Start TV Repository (Get All Template List)================  
[2023-06-14 04:41:56] TvtempModel.INFO: Query : CALL SP_TvtemplateDetails('LIST')  
[2023-06-14 04:41:56] TvtempRepository.INFO: ======= Start TV Repository (Get All ChannelFeed List) ================  
[2023-06-14 04:41:56] TvtempModel.INFO: Query : CALL SP_TvtemplateDetails('CHNLTYPE')  
[2023-06-14 04:41:56] TvtempModel.INFO: Query : CALL SP_TvtemplateDetails('FEATURE')  
[2023-06-14 04:41:56] TvtempModel.INFO: get All Template (count) : 6  
[2023-06-14 04:41:56] TvtempRepository.INFO: ======= End TV Repository (Get All Template List)================  
[2023-06-14 04:41:56] TvtempModel.INFO: get All Template (count) : 3  
[2023-06-14 04:41:56] TvtempRepository.INFO: ======= End TV Repository (Get All Feature List)================  
[2023-06-14 04:41:56] TvtempModel.INFO: get All Template (count) : 3  
[2023-06-14 04:41:56] TvtempRepository.INFO: ======= End TV Repository (Get All ChannelFeed List) ================  
[2023-06-14 04:42:27] TvtempRepository.INFO: ======= Start TV Repository (Get All Template List)================  
[2023-06-14 04:42:27] TvtempModel.INFO: Query : CALL SP_TvtemplateDetails('LIST')  
[2023-06-14 04:42:27] TvtempRepository.INFO: ======= Start TV Repository (Get All Feature List)================  
[2023-06-14 04:42:27] TvtempModel.INFO: Query : CALL SP_TvtemplateDetails('FEATURE')  
[2023-06-14 04:42:27] TvtempModel.INFO: get All Template (count) : 6  
[2023-06-14 04:42:27] TvtempRepository.INFO: ======= End TV Repository (Get All Template List)================  
[2023-06-14 04:42:27] TvtempModel.INFO: get All Template (count) : 3  
[2023-06-14 04:42:27] TvtempRepository.INFO: ======= End TV Repository (Get All Feature List)================  
[2023-06-14 04:42:31] TvtempRepository.INFO: ======= Start TV Repository (Get All Template List)================  
[2023-06-14 04:42:31] TvtempModel.INFO: Query : CALL SP_TvtemplateDetails('LIST')  
[2023-06-14 04:42:31] TvtempRepository.INFO: ======= Start TV Repository (Get All ChannelFeed List) ================  
[2023-06-14 04:42:31] TvtempModel.INFO: Query : CALL SP_TvtemplateDetails('CHNLTYPE')  
[2023-06-14 04:42:31] TvtempRepository.INFO: ======= Start TV Repository (Get All Feature List)================  
[2023-06-14 04:42:31] TvtempModel.INFO: Query : CALL SP_TvtemplateDetails('FEATURE')  
[2023-06-14 04:42:31] TvtempModel.INFO: get All Template (count) : 6  
[2023-06-14 04:42:31] TvtempRepository.INFO: ======= End TV Repository (Get All Template List)================  
[2023-06-14 04:42:31] TvtempModel.INFO: get All Template (count) : 3  
[2023-06-14 04:42:31] TvtempRepository.INFO: ======= End TV Repository (Get All ChannelFeed List) ================  
[2023-06-14 04:42:31] TvtempModel.INFO: get All Template (count) : 3  
[2023-06-14 04:42:31] TvtempRepository.INFO: ======= End TV Repository (Get All Feature List)================  
[2023-06-14 04:57:25] TvtempRepository.INFO: ======= Start TV Repository (Get All Template List)================  
[2023-06-14 04:57:25] TvtempModel.INFO: Query : CALL SP_TvtemplateDetails('LIST')  
[2023-06-14 04:57:25] TvtempRepository.INFO: ======= Start TV Repository (Get All Feature List)================  
[2023-06-14 04:57:25] TvtempModel.INFO: Query : CALL SP_TvtemplateDetails('FEATURE')  
[2023-06-14 04:57:25] TvtempRepository.INFO: ======= Start TV Repository (Get All ChannelFeed List) ================  
[2023-06-14 04:57:25] TvtempModel.INFO: Query : CALL SP_TvtemplateDetails('CHNLTYPE')  
[2023-06-14 04:57:25] TvtempModel.INFO: get All Template (count) : 6  
[2023-06-14 04:57:25] TvtempRepository.INFO: ======= End TV Repository (Get All Template List)================  
[2023-06-14 04:57:25] TvtempModel.INFO: get All Template (count) : 3  
[2023-06-14 04:57:25] TvtempRepository.INFO: ======= End TV Repository (Get All ChannelFeed List) ================  
[2023-06-14 04:57:25] TvtempModel.INFO: get All Template (count) : 3  
[2023-06-14 04:57:25] TvtempRepository.INFO: ======= End TV Repository (Get All Feature List)================  
[2023-06-14 05:11:02] TvtempRepository.INFO: ======= Start TV Repository (Get All ChannelFeed List) ================  
[2023-06-14 05:11:02] TvtempModel.INFO: Query : CALL SP_TvtemplateDetails('CHNLTYPE')  
[2023-06-14 05:11:02] TvtempRepository.INFO: ======= Start TV Repository (Get All Feature List)================  
[2023-06-14 05:11:02] TvtempModel.INFO: Query : CALL SP_TvtemplateDetails('FEATURE')  
[2023-06-14 05:11:02] TvtempRepository.INFO: ======= Start TV Repository (Get All Template List)================  
[2023-06-14 05:11:02] TvtempModel.INFO: Query : CALL SP_TvtemplateDetails('LIST')  
[2023-06-14 05:11:02] TvtempModel.INFO: get All Template (count) : 3  
[2023-06-14 05:11:02] TvtempRepository.INFO: ======= End TV Repository (Get All Feature List)================  
[2023-06-14 05:11:02] TvtempModel.INFO: get All Template (count) : 3  
[2023-06-14 05:11:02] TvtempRepository.INFO: ======= End TV Repository (Get All ChannelFeed List) ================  
[2023-06-14 05:11:02] TvtempModel.INFO: get All Template (count) : 6  
[2023-06-14 05:11:02] TvtempRepository.INFO: ======= End TV Repository (Get All Template List)================  
[2023-06-14 05:14:45] TvtempRepository.INFO: ======= Start TV Repository (Get All ChannelFeed List) ================  
[2023-06-14 05:14:45] TvtempModel.INFO: Query : CALL SP_TvtemplateDetails('CHNLTYPE')  
[2023-06-14 05:14:45] TvtempRepository.INFO: ======= Start TV Repository (Get All Feature List)================  
[2023-06-14 05:14:45] TvtempModel.INFO: Query : CALL SP_TvtemplateDetails('FEATURE')  
[2023-06-14 05:14:45] TvtempRepository.INFO: ======= Start TV Repository (Get All Template List)================  
[2023-06-14 05:14:45] TvtempModel.INFO: Query : CALL SP_TvtemplateDetails('LIST')  
[2023-06-14 05:14:45] TvtempModel.INFO: get All Template (count) : 3  
[2023-06-14 05:14:45] TvtempRepository.INFO: ======= End TV Repository (Get All Feature List)================  
[2023-06-14 05:14:45] TvtempModel.INFO: get All Template (count) : 3  
[2023-06-14 05:14:45] TvtempRepository.INFO: ======= End TV Repository (Get All ChannelFeed List) ================  
[2023-06-14 05:14:45] TvtempModel.INFO: get All Template (count) : 6  
[2023-06-14 05:14:45] TvtempRepository.INFO: ======= End TV Repository (Get All Template List)================  
[2023-06-14 05:15:33] TvtempRepository.INFO: ======= Start TV Repository (Get All Template List)================  
[2023-06-14 05:15:33] TvtempModel.INFO: Query : CALL SP_TvtemplateDetails('LIST')  
[2023-06-14 05:15:33] TvtempRepository.INFO: ======= Start TV Repository (Get All ChannelFeed List) ================  
[2023-06-14 05:15:33] TvtempModel.INFO: Query : CALL SP_TvtemplateDetails('CHNLTYPE')  
[2023-06-14 05:15:33] TvtempRepository.INFO: ======= Start TV Repository (Get All Feature List)================  
[2023-06-14 05:15:33] TvtempModel.INFO: Query : CALL SP_TvtemplateDetails('FEATURE')  
[2023-06-14 05:15:33] TvtempModel.INFO: get All Template (count) : 6  
[2023-06-14 05:15:33] TvtempRepository.INFO: ======= End TV Repository (Get All Template List)================  
[2023-06-14 05:15:33] TvtempModel.INFO: get All Template (count) : 3  
[2023-06-14 05:15:33] TvtempRepository.INFO: ======= End TV Repository (Get All ChannelFeed List) ================  
[2023-06-14 05:15:33] TvtempModel.INFO: get All Template (count) : 3  
[2023-06-14 05:15:33] TvtempRepository.INFO: ======= End TV Repository (Get All Feature List)================  
[2023-06-14 05:15:53] TvtempRepository.INFO: ======= Start TV Repository (Get All Feature List)================  
[2023-06-14 05:15:53] TvtempModel.INFO: Query : CALL SP_TvtemplateDetails('FEATURE')  
[2023-06-14 05:15:53] TvtempRepository.INFO: ======= Start TV Repository (Get All Template List)================  
[2023-06-14 05:15:53] TvtempModel.INFO: Query : CALL SP_TvtemplateDetails('LIST')  
[2023-06-14 05:15:53] TvtempRepository.INFO: ======= Start TV Repository (Get All ChannelFeed List) ================  
[2023-06-14 05:15:53] TvtempModel.INFO: Query : CALL SP_TvtemplateDetails('CHNLTYPE')  
[2023-06-14 05:15:53] TvtempModel.INFO: get All Template (count) : 3  
[2023-06-14 05:15:53] TvtempRepository.INFO: ======= End TV Repository (Get All Feature List)================  
[2023-06-14 05:15:53] TvtempModel.INFO: get All Template (count) : 3  
[2023-06-14 05:15:53] TvtempRepository.INFO: ======= End TV Repository (Get All ChannelFeed List) ================  
[2023-06-14 05:15:53] TvtempModel.INFO: get All Template (count) : 6  
[2023-06-14 05:15:53] TvtempRepository.INFO: ======= End TV Repository (Get All Template List)================  
[2023-06-14 09:07:59] TvtempRepository.INFO: ======= Start TV Repository (Get All Feature List)================  
[2023-06-14 09:07:59] TvtempModel.INFO: Query : CALL SP_TvtemplateDetails('FEATURE')  
[2023-06-14 09:07:59] TvtempRepository.INFO: ======= Start TV Repository (Get All Template List)================  
[2023-06-14 09:07:59] TvtempModel.INFO: Query : CALL SP_TvtemplateDetails('LIST')  
[2023-06-14 09:07:59] TvtempRepository.INFO: ======= Start TV Repository (Get All ChannelFeed List) ================  
[2023-06-14 09:07:59] TvtempModel.INFO: Query : CALL SP_TvtemplateDetails('CHNLTYPE')  
[2023-06-14 09:07:59] TvtempModel.INFO: get All Template (count) : 3  
[2023-06-14 09:07:59] TvtempRepository.INFO: ======= End TV Repository (Get All Feature List)================  
[2023-06-14 09:07:59] TvtempModel.INFO: get All Template (count) : 6  
[2023-06-14 09:07:59] TvtempRepository.INFO: ======= End TV Repository (Get All Template List)================  
[2023-06-14 09:07:59] TvtempModel.INFO: get All Template (count) : 3  
[2023-06-14 09:07:59] TvtempRepository.INFO: ======= End TV Repository (Get All ChannelFeed List) ================  
[2023-06-14 09:09:18] TvtempRepository.INFO: ======= Start TV Repository (Get All Feature List)================  
[2023-06-14 09:09:18] TvtempModel.INFO: Query : CALL SP_TvtemplateDetails('FEATURE')  
[2023-06-14 09:09:18] TvtempRepository.INFO: ======= Start TV Repository (Get All ChannelFeed List) ================  
[2023-06-14 09:09:18] TvtempModel.INFO: Query : CALL SP_TvtemplateDetails('CHNLTYPE')  
[2023-06-14 09:09:18] TvtempRepository.INFO: ======= Start TV Repository (Get All Template List)================  
[2023-06-14 09:09:18] TvtempModel.INFO: Query : CALL SP_TvtemplateDetails('LIST')  
[2023-06-14 09:09:18] TvtempModel.INFO: get All Template (count) : 3  
[2023-06-14 09:09:18] TvtempRepository.INFO: ======= End TV Repository (Get All Feature List)================  
[2023-06-14 09:09:18] TvtempModel.INFO: get All Template (count) : 3  
[2023-06-14 09:09:18] TvtempRepository.INFO: ======= End TV Repository (Get All ChannelFeed List) ================  
[2023-06-14 09:09:18] TvtempModel.INFO: get All Template (count) : 6  
[2023-06-14 09:09:18] TvtempRepository.INFO: ======= End TV Repository (Get All Template List)================  
[2023-06-14 09:09:40] TvtempRepository.INFO: ======= Start TV Repository (Get All Template List)================  
[2023-06-14 09:09:40] TvtempModel.INFO: Query : CALL SP_TvtemplateDetails('LIST')  
[2023-06-14 09:09:40] TvtempRepository.INFO: ======= Start TV Repository (Get All Feature List)================  
[2023-06-14 09:09:40] TvtempModel.INFO: Query : CALL SP_TvtemplateDetails('FEATURE')  
[2023-06-14 09:09:40] TvtempRepository.INFO: ======= Start TV Repository (Get All ChannelFeed List) ================  
[2023-06-14 09:09:40] TvtempModel.INFO: Query : CALL SP_TvtemplateDetails('CHNLTYPE')  
[2023-06-14 09:09:40] TvtempModel.INFO: get All Template (count) : 6  
[2023-06-14 09:09:40] TvtempRepository.INFO: ======= End TV Repository (Get All Template List)================  
[2023-06-14 09:09:40] TvtempModel.INFO: get All Template (count) : 3  
[2023-06-14 09:09:40] TvtempRepository.INFO: ======= End TV Repository (Get All Feature List)================  
[2023-06-14 09:09:40] TvtempModel.INFO: get All Template (count) : 3  
[2023-06-14 09:09:40] TvtempRepository.INFO: ======= End TV Repository (Get All ChannelFeed List) ================  
[2023-06-14 09:09:51] TvtempRepository.INFO: ======= Start TV Repository (Get All ChannelFeed List) ================  
[2023-06-14 09:09:51] TvtempModel.INFO: Query : CALL SP_TvtemplateDetails('CHNLTYPE')  
[2023-06-14 09:09:51] TvtempRepository.INFO: ======= Start TV Repository (Get All Feature List)================  
[2023-06-14 09:09:51] TvtempModel.INFO: Query : CALL SP_TvtemplateDetails('FEATURE')  
[2023-06-14 09:09:51] TvtempRepository.INFO: ======= Start TV Repository (Get All Template List)================  
[2023-06-14 09:09:51] TvtempModel.INFO: Query : CALL SP_TvtemplateDetails('LIST')  
[2023-06-14 09:09:51] TvtempModel.INFO: get All Template (count) : 3  
[2023-06-14 09:09:51] TvtempRepository.INFO: ======= End TV Repository (Get All ChannelFeed List) ================  
[2023-06-14 09:09:51] TvtempModel.INFO: get All Template (count) : 6  
[2023-06-14 09:09:51] TvtempRepository.INFO: ======= End TV Repository (Get All Template List)================  
[2023-06-14 09:09:51] TvtempModel.INFO: get All Template (count) : 3  
[2023-06-14 09:09:51] TvtempRepository.INFO: ======= End TV Repository (Get All Feature List)================  
[2023-06-14 11:49:15] TvtempRepository.INFO: ======= Start TV Repository (Get All Feature List)================  
[2023-06-14 11:49:15] TvtempModel.INFO: Query : CALL SP_TvtemplateDetails('FEATURE')  
[2023-06-14 11:49:15] TvtempRepository.INFO: ======= Start TV Repository (Get All ChannelFeed List) ================  
[2023-06-14 11:49:15] TvtempModel.INFO: Query : CALL SP_TvtemplateDetails('CHNLTYPE')  
[2023-06-14 11:49:15] TvtempRepository.INFO: ======= Start TV Repository (Get All Template List)================  
[2023-06-14 11:49:15] TvtempModel.INFO: Query : CALL SP_TvtemplateDetails('LIST')  
[2023-06-14 11:49:15] TvtempModel.INFO: get All Template (count) : 3  
[2023-06-14 11:49:15] TvtempRepository.INFO: ======= End TV Repository (Get All Feature List)================  
[2023-06-14 11:49:15] TvtempModel.INFO: get All Template (count) : 3  
[2023-06-14 11:49:15] TvtempRepository.INFO: ======= End TV Repository (Get All ChannelFeed List) ================  
[2023-06-14 11:49:15] TvtempModel.INFO: get All Template (count) : 6  
[2023-06-14 11:49:15] TvtempRepository.INFO: ======= End TV Repository (Get All Template List)================  
[2023-06-14 11:49:42] TvtempRepository.INFO: ======= Start TV Repository (Get All Template List)================  
[2023-06-14 11:49:42] TvtempModel.INFO: Query : CALL SP_TvtemplateDetails('LIST')  
[2023-06-14 11:49:42] TvtempRepository.INFO: ======= Start TV Repository (Get All ChannelFeed List) ================  
[2023-06-14 11:49:42] TvtempModel.INFO: Query : CALL SP_TvtemplateDetails('CHNLTYPE')  
[2023-06-14 11:49:42] TvtempRepository.INFO: ======= Start TV Repository (Get All Feature List)================  
[2023-06-14 11:49:42] TvtempModel.INFO: Query : CALL SP_TvtemplateDetails('FEATURE')  
[2023-06-14 11:49:42] TvtempModel.INFO: get All Template (count) : 3  
[2023-06-14 11:49:42] TvtempRepository.INFO: ======= End TV Repository (Get All ChannelFeed List) ================  
[2023-06-14 11:49:42] TvtempModel.INFO: get All Template (count) : 6  
[2023-06-14 11:49:42] TvtempRepository.INFO: ======= End TV Repository (Get All Template List)================  
[2023-06-14 11:49:42] TvtempModel.INFO: get All Template (count) : 3  
[2023-06-14 11:49:42] TvtempRepository.INFO: ======= End TV Repository (Get All Feature List)================  
[2023-06-14 12:55:52] TvtempRepository.INFO: ======= Start TV Repository (Get All Template List)================  
[2023-06-14 12:55:52] TvtempModel.INFO: Query : CALL SP_TvtemplateDetails('LIST')  
[2023-06-14 12:55:52] TvtempRepository.INFO: ======= Start TV Repository (Get All ChannelFeed List) ================  
[2023-06-14 12:55:52] TvtempModel.INFO: Query : CALL SP_TvtemplateDetails('CHNLTYPE')  
[2023-06-14 12:55:52] TvtempRepository.INFO: ======= Start TV Repository (Get All Feature List)================  
[2023-06-14 12:55:52] TvtempModel.INFO: Query : CALL SP_TvtemplateDetails('FEATURE')  
[2023-06-14 12:55:52] TvtempModel.INFO: get All Template (count) : 3  
[2023-06-14 12:55:52] TvtempRepository.INFO: ======= End TV Repository (Get All ChannelFeed List) ================  
[2023-06-14 12:55:52] TvtempModel.INFO: get All Template (count) : 6  
[2023-06-14 12:55:52] TvtempRepository.INFO: ======= End TV Repository (Get All Template List)================  
[2023-06-14 12:55:52] TvtempModel.INFO: get All Template (count) : 4  
[2023-06-14 12:55:52] TvtempRepository.INFO: ======= End TV Repository (Get All Feature List)================  
[2023-06-14 13:04:02] TvtempRepository.INFO: ======= Start TV Repository (Get All Template List)================  
[2023-06-14 13:04:02] TvtempModel.INFO: Query : CALL SP_TvtemplateDetails('LIST')  
[2023-06-14 13:04:02] TvtempRepository.INFO: ======= Start TV Repository (Get All ChannelFeed List) ================  
[2023-06-14 13:04:02] TvtempRepository.INFO: ======= Start TV Repository (Get All Feature List)================  
[2023-06-14 13:04:02] TvtempModel.INFO: Query : CALL SP_TvtemplateDetails('FEATURE')  
[2023-06-14 13:04:02] TvtempModel.INFO: Query : CALL SP_TvtemplateDetails('CHNLTYPE')  
[2023-06-14 13:04:02] TvtempModel.INFO: get All Template (count) : 6  
[2023-06-14 13:04:02] TvtempRepository.INFO: ======= End TV Repository (Get All Template List)================  
[2023-06-14 13:04:02] TvtempModel.INFO: get All Template (count) : 4  
[2023-06-14 13:04:02] TvtempRepository.INFO: ======= End TV Repository (Get All Feature List)================  
[2023-06-14 13:04:02] TvtempModel.INFO: get All Template (count) : 3  
[2023-06-14 13:04:02] TvtempRepository.INFO: ======= End TV Repository (Get All ChannelFeed List) ================  
