[2023-06-14 05:15:27] AdmnGrpsRepository.INFO: ======= Start AdmnGrps Repository ================  
[2023-06-14 05:15:27] AdmnGrpsRepository.INFO: Input Data : {"decoded":{"sub":"1","id":"1","userName":"super admin","userGroup":"1","email":"superadmin@msense.in","hotelId":"1","brandId":null,"iat":1686719681,"exp":1686806081}}  
[2023-06-14 05:15:27] AdmnGrpModel.INFO: Query : CALL SP_GroupConfig('0', '0', 0, '', 
            1, '', 10, '0', 
            0, '', 'DESC', 'GETALL')  
[2023-06-14 05:15:27] AdmnGrpModel.INFO: Group List Avaliable Group list count : 30  
[2023-06-14 05:15:27] AdmnGrpsRepository.INFO: ======= End AdmnGrps Repository ================  
[2023-06-14 05:15:28] AdmnGrpsRepository.INFO: ======= Start AdmnGrps Repository ================  
[2023-06-14 05:15:28] AdmnGrpsRepository.INFO: Input Data : {"decoded":{"sub":"1","id":"1","userName":"super admin","userGroup":"1","email":"superadmin@msense.in","hotelId":"1","brandId":null,"iat":1686719681,"exp":1686806081}}  
[2023-06-14 05:15:28] AdmnGrpModel.INFO: Query : CALL SP_GroupConfig('0', '0', 0, '', 
            1, '', 10, '0', 
            0, '', 'DESC', 'GETALL')  
[2023-06-14 05:15:28] AdmnGrpModel.INFO: Group List Avaliable Group list count : 30  
[2023-06-14 05:15:28] AdmnGrpsRepository.INFO: ======= End AdmnGrps Repository ================  
[2023-06-14 05:15:31] AdmnGrpsRepository.INFO: ======= Start AdmnGrps Repository ================  
[2023-06-14 05:15:31] AdmnGrpsRepository.INFO: Input Data : {"decoded":{"sub":"1","id":"1","userName":"super admin","userGroup":"1","email":"superadmin@msense.in","hotelId":"1","brandId":null,"iat":1686719681,"exp":1686806081}}  
[2023-06-14 05:15:31] AdmnGrpModel.INFO: Query : CALL SP_GroupConfig('0', '0', 0, '', 
            1, '', 10, '0', 
            0, '', 'DESC', 'GETALL')  
[2023-06-14 05:15:31] AdmnGrpModel.INFO: Group List Avaliable Group list count : 30  
[2023-06-14 05:15:31] AdmnGrpsRepository.INFO: ======= End AdmnGrps Repository ================  
[2023-06-14 05:15:31] AdmnGrpsRepository.INFO: ======= Start AdmnGrps Repository ================  
[2023-06-14 05:15:31] AdmnGrpsRepository.INFO: Input Data : {"decoded":{"sub":"1","id":"1","userName":"super admin","userGroup":"1","email":"superadmin@msense.in","hotelId":"1","brandId":null,"iat":1686719681,"exp":1686806081}}  
[2023-06-14 05:15:31] AdmnGrpModel.INFO: Query : CALL SP_GroupConfig('0', '0', 0, '', 
            1, '', 10, '0', 
            0, '', 'DESC', 'GETALL')  
[2023-06-14 05:15:31] AdmnGrpModel.INFO: Group List Avaliable Group list count : 30  
[2023-06-14 05:15:31] AdmnGrpsRepository.INFO: ======= End AdmnGrps Repository ================  
[2023-06-14 05:15:48] AdmnGrpsRepository.INFO: ======= Start AdmnGrps Repository ================  
[2023-06-14 05:15:48] AdmnGrpsRepository.INFO: Input Data : {"decoded":{"sub":"1","id":"1","userName":"super admin","userGroup":"1","email":"superadmin@msense.in","hotelId":"1","brandId":null,"iat":1686719681,"exp":1686806081}}  
[2023-06-14 05:15:48] AdmnGrpModel.INFO: Query : CALL SP_GroupConfig('0', '0', 0, '', 
            1, '', 10, '0', 
            0, '', 'DESC', 'GETALL')  
[2023-06-14 05:15:48] AdmnGrpModel.INFO: Group List Avaliable Group list count : 30  
[2023-06-14 05:15:48] AdmnGrpsRepository.INFO: ======= End AdmnGrps Repository ================  
