[2023-06-14 04:33:14] TVtempAction.INFO: ======= Start Tv Action (Get All Feature List) ================  
[2023-06-14 04:33:14] TVtempAction.INFO: method : GET  
[2023-06-14 04:33:14] TVtempAction.INFO: contentType : application/json  
[2023-06-14 04:33:14] TVtempAction.INFO: Input Data : {"decoded":{"sub":"1","id":"1","userName":"super admin","userGroup":"1","email":"superadmin@msense.in","hotelId":"1","brandId":null,"iat":1686717189,"exp":1686803589}}  
[2023-06-14 04:33:14] TVtempAction.INFO: ======= Start Tv Action (Get All Template List) ================  
[2023-06-14 04:33:14] TVtempAction.INFO: method : GET  
[2023-06-14 04:33:14] TVtempAction.INFO: contentType : application/json  
[2023-06-14 04:33:14] TVtempAction.INFO: Input Data : {"decoded":{"sub":"1","id":"1","userName":"super admin","userGroup":"1","email":"superadmin@msense.in","hotelId":"1","brandId":null,"iat":1686717189,"exp":1686803589}}  
[2023-06-14 04:33:14] TVtempAction.INFO: ======= Start Tv Action (Get All Template List) ================  
[2023-06-14 04:33:14] TVtempAction.INFO: method : GET  
[2023-06-14 04:33:14] TVtempAction.INFO: contentType : application/json  
[2023-06-14 04:33:14] TVtempAction.INFO: Input Data : {"decoded":{"sub":"1","id":"1","userName":"super admin","userGroup":"1","email":"superadmin@msense.in","hotelId":"1","brandId":null,"iat":1686717189,"exp":1686803589}}  
[2023-06-14 04:33:14] TVtempAction.INFO: ======= END Tv Action (Get All Feature List) ================  
[2023-06-14 04:33:14] TVtempAction.INFO: ======= END Tv Action (Get All Template List) ================  
[2023-06-14 04:33:14] TVtempAction.INFO: ======= END Tv Action (Get All Template List) ================  
[2023-06-14 04:39:49] TVtempAction.INFO: ======= Start Tv Action (Get All Feature List) ================  
[2023-06-14 04:39:49] TVtempAction.INFO: method : GET  
[2023-06-14 04:39:49] TVtempAction.INFO: contentType : application/json  
[2023-06-14 04:39:49] TVtempAction.INFO: Input Data : {"decoded":{"sub":"1","id":"1","userName":"super admin","userGroup":"1","email":"superadmin@msense.in","hotelId":"1","brandId":null,"iat":1686717189,"exp":1686803589}}  
[2023-06-14 04:39:49] TVtempAction.INFO: ======= Start Tv Action (Get All Template List) ================  
[2023-06-14 04:39:49] TVtempAction.INFO: method : GET  
[2023-06-14 04:39:49] TVtempAction.INFO: contentType : application/json  
[2023-06-14 04:39:49] TVtempAction.INFO: Input Data : {"decoded":{"sub":"1","id":"1","userName":"super admin","userGroup":"1","email":"superadmin@msense.in","hotelId":"1","brandId":null,"iat":1686717189,"exp":1686803589}}  
[2023-06-14 04:39:49] TVtempAction.INFO: ======= Start Tv Action (Get All Template List) ================  
[2023-06-14 04:39:49] TVtempAction.INFO: method : GET  
[2023-06-14 04:39:49] TVtempAction.INFO: contentType : application/json  
[2023-06-14 04:39:49] TVtempAction.INFO: Input Data : {"decoded":{"sub":"1","id":"1","userName":"super admin","userGroup":"1","email":"superadmin@msense.in","hotelId":"1","brandId":null,"iat":1686717189,"exp":1686803589}}  
[2023-06-14 04:39:49] TVtempAction.INFO: ======= END Tv Action (Get All Feature List) ================  
[2023-06-14 04:39:49] TVtempAction.INFO: ======= END Tv Action (Get All Template List) ================  
[2023-06-14 04:39:49] TVtempAction.INFO: ======= END Tv Action (Get All Template List) ================  
[2023-06-14 04:41:55] TVtempAction.INFO: ======= Start Tv Action (Get All Template List) ================  
[2023-06-14 04:41:55] TVtempAction.INFO: method : GET  
[2023-06-14 04:41:55] TVtempAction.INFO: contentType : application/json  
[2023-06-14 04:41:55] TVtempAction.INFO: Input Data : {"decoded":{"sub":"1","id":"1","userName":"super admin","userGroup":"1","email":"superadmin@msense.in","hotelId":"1","brandId":null,"iat":1686717711,"exp":1686804111}}  
[2023-06-14 04:41:55] TVtempAction.INFO: ======= END Tv Action (Get All Template List) ================  
[2023-06-14 04:41:55] TVtempAction.INFO: ======= Start Tv Action (Get All Feature List) ================  
[2023-06-14 04:41:55] TVtempAction.INFO: method : GET  
[2023-06-14 04:41:55] TVtempAction.INFO: contentType : application/json  
[2023-06-14 04:41:55] TVtempAction.INFO: Input Data : {"decoded":{"sub":"1","id":"1","userName":"super admin","userGroup":"1","email":"superadmin@msense.in","hotelId":"1","brandId":null,"iat":1686717711,"exp":1686804111}}  
[2023-06-14 04:41:55] TVtempAction.INFO: ======= END Tv Action (Get All Feature List) ================  
[2023-06-14 04:41:55] TVtempAction.INFO: ======= Start Tv Action (Get All Template List) ================  
[2023-06-14 04:41:55] TVtempAction.INFO: method : GET  
[2023-06-14 04:41:55] TVtempAction.INFO: contentType : application/json  
[2023-06-14 04:41:55] TVtempAction.INFO: Input Data : {"decoded":{"sub":"1","id":"1","userName":"super admin","userGroup":"1","email":"superadmin@msense.in","hotelId":"1","brandId":null,"iat":1686717711,"exp":1686804111}}  
[2023-06-14 04:41:55] TVtempAction.INFO: ======= END Tv Action (Get All Template List) ================  
[2023-06-14 04:41:56] TVtempAction.INFO: ======= Start Tv Action (Get All Feature List) ================  
[2023-06-14 04:41:56] TVtempAction.INFO: method : GET  
[2023-06-14 04:41:56] TVtempAction.INFO: contentType : application/json  
[2023-06-14 04:41:56] TVtempAction.INFO: Input Data : {"decoded":{"sub":"1","id":"1","userName":"super admin","userGroup":"1","email":"superadmin@msense.in","hotelId":"1","brandId":null,"iat":1686717189,"exp":1686803589}}  
[2023-06-14 04:41:56] TVtempAction.INFO: ======= Start Tv Action (Get All Template List) ================  
[2023-06-14 04:41:56] TVtempAction.INFO: method : GET  
[2023-06-14 04:41:56] TVtempAction.INFO: contentType : application/json  
[2023-06-14 04:41:56] TVtempAction.INFO: Input Data : {"decoded":{"sub":"1","id":"1","userName":"super admin","userGroup":"1","email":"superadmin@msense.in","hotelId":"1","brandId":null,"iat":1686717189,"exp":1686803589}}  
[2023-06-14 04:41:56] TVtempAction.INFO: ======= Start Tv Action (Get All Template List) ================  
[2023-06-14 04:41:56] TVtempAction.INFO: method : GET  
[2023-06-14 04:41:56] TVtempAction.INFO: contentType : application/json  
[2023-06-14 04:41:56] TVtempAction.INFO: Input Data : {"decoded":{"sub":"1","id":"1","userName":"super admin","userGroup":"1","email":"superadmin@msense.in","hotelId":"1","brandId":null,"iat":1686717189,"exp":1686803589}}  
[2023-06-14 04:41:56] TVtempAction.INFO: ======= END Tv Action (Get All Template List) ================  
[2023-06-14 04:41:56] TVtempAction.INFO: ======= END Tv Action (Get All Feature List) ================  
[2023-06-14 04:41:56] TVtempAction.INFO: ======= END Tv Action (Get All Template List) ================  
[2023-06-14 04:42:27] TVtempAction.INFO: ======= Start Tv Action (Get All Template List) ================  
[2023-06-14 04:42:27] TVtempAction.INFO: method : GET  
[2023-06-14 04:42:27] TVtempAction.INFO: contentType : application/json  
[2023-06-14 04:42:27] TVtempAction.INFO: Input Data : {"decoded":{"sub":"1","id":"1","userName":"super admin","userGroup":"1","email":"superadmin@msense.in","hotelId":"1","brandId":null,"iat":1686717711,"exp":1686804111}}  
[2023-06-14 04:42:27] TVtempAction.INFO: ======= Start Tv Action (Get All Feature List) ================  
[2023-06-14 04:42:27] TVtempAction.INFO: method : GET  
[2023-06-14 04:42:27] TVtempAction.INFO: contentType : application/json  
[2023-06-14 04:42:27] TVtempAction.INFO: Input Data : {"decoded":{"sub":"1","id":"1","userName":"super admin","userGroup":"1","email":"superadmin@msense.in","hotelId":"1","brandId":null,"iat":1686717711,"exp":1686804111}}  
[2023-06-14 04:42:27] TVtempAction.INFO: ======= END Tv Action (Get All Template List) ================  
[2023-06-14 04:42:27] TVtempAction.INFO: ======= END Tv Action (Get All Feature List) ================  
[2023-06-14 04:42:31] TVtempAction.INFO: ======= Start Tv Action (Get All Template List) ================  
[2023-06-14 04:42:31] TVtempAction.INFO: method : GET  
[2023-06-14 04:42:31] TVtempAction.INFO: contentType : application/json  
[2023-06-14 04:42:31] TVtempAction.INFO: Input Data : {"decoded":{"sub":"1","id":"1","userName":"super admin","userGroup":"1","email":"superadmin@msense.in","hotelId":"1","brandId":null,"iat":1686717711,"exp":1686804111}}  
[2023-06-14 04:42:31] TVtempAction.INFO: ======= Start Tv Action (Get All Template List) ================  
[2023-06-14 04:42:31] TVtempAction.INFO: method : GET  
[2023-06-14 04:42:31] TVtempAction.INFO: contentType : application/json  
[2023-06-14 04:42:31] TVtempAction.INFO: Input Data : {"decoded":{"sub":"1","id":"1","userName":"super admin","userGroup":"1","email":"superadmin@msense.in","hotelId":"1","brandId":null,"iat":1686717711,"exp":1686804111}}  
[2023-06-14 04:42:31] TVtempAction.INFO: ======= Start Tv Action (Get All Feature List) ================  
[2023-06-14 04:42:31] TVtempAction.INFO: method : GET  
[2023-06-14 04:42:31] TVtempAction.INFO: contentType : application/json  
[2023-06-14 04:42:31] TVtempAction.INFO: Input Data : {"decoded":{"sub":"1","id":"1","userName":"super admin","userGroup":"1","email":"superadmin@msense.in","hotelId":"1","brandId":null,"iat":1686717711,"exp":1686804111}}  
[2023-06-14 04:42:31] TVtempAction.INFO: ======= END Tv Action (Get All Template List) ================  
[2023-06-14 04:42:31] TVtempAction.INFO: ======= END Tv Action (Get All Template List) ================  
[2023-06-14 04:42:31] TVtempAction.INFO: ======= END Tv Action (Get All Feature List) ================  
[2023-06-14 04:57:25] TVtempAction.INFO: ======= Start Tv Action (Get All Template List) ================  
[2023-06-14 04:57:25] TVtempAction.INFO: method : GET  
[2023-06-14 04:57:25] TVtempAction.INFO: contentType : application/json  
[2023-06-14 04:57:25] TVtempAction.INFO: Input Data : {"decoded":{"sub":"1","id":"1","userName":"super admin","userGroup":"1","email":"superadmin@msense.in","hotelId":"1","brandId":null,"iat":1686718643,"exp":1686805043}}  
[2023-06-14 04:57:25] TVtempAction.INFO: ======= Start Tv Action (Get All Feature List) ================  
[2023-06-14 04:57:25] TVtempAction.INFO: method : GET  
[2023-06-14 04:57:25] TVtempAction.INFO: contentType : application/json  
[2023-06-14 04:57:25] TVtempAction.INFO: Input Data : {"decoded":{"sub":"1","id":"1","userName":"super admin","userGroup":"1","email":"superadmin@msense.in","hotelId":"1","brandId":null,"iat":1686718643,"exp":1686805043}}  
[2023-06-14 04:57:25] TVtempAction.INFO: ======= Start Tv Action (Get All Template List) ================  
[2023-06-14 04:57:25] TVtempAction.INFO: method : GET  
[2023-06-14 04:57:25] TVtempAction.INFO: contentType : application/json  
[2023-06-14 04:57:25] TVtempAction.INFO: Input Data : {"decoded":{"sub":"1","id":"1","userName":"super admin","userGroup":"1","email":"superadmin@msense.in","hotelId":"1","brandId":null,"iat":1686718643,"exp":1686805043}}  
[2023-06-14 04:57:25] TVtempAction.INFO: ======= END Tv Action (Get All Template List) ================  
[2023-06-14 04:57:25] TVtempAction.INFO: ======= END Tv Action (Get All Template List) ================  
[2023-06-14 04:57:25] TVtempAction.INFO: ======= END Tv Action (Get All Feature List) ================  
[2023-06-14 05:11:02] TVtempAction.INFO: ======= Start Tv Action (Get All Template List) ================  
[2023-06-14 05:11:02] TVtempAction.INFO: method : GET  
[2023-06-14 05:11:02] TVtempAction.INFO: contentType : application/json  
[2023-06-14 05:11:02] TVtempAction.INFO: Input Data : {"decoded":{"sub":"1","id":"1","userName":"super admin","userGroup":"1","email":"superadmin@msense.in","hotelId":"1","brandId":null,"iat":1686719459,"exp":1686805859}}  
[2023-06-14 05:11:02] TVtempAction.INFO: ======= Start Tv Action (Get All Feature List) ================  
[2023-06-14 05:11:02] TVtempAction.INFO: method : GET  
[2023-06-14 05:11:02] TVtempAction.INFO: contentType : application/json  
[2023-06-14 05:11:02] TVtempAction.INFO: Input Data : {"decoded":{"sub":"1","id":"1","userName":"super admin","userGroup":"1","email":"superadmin@msense.in","hotelId":"1","brandId":null,"iat":1686719459,"exp":1686805859}}  
[2023-06-14 05:11:02] TVtempAction.INFO: ======= Start Tv Action (Get All Template List) ================  
[2023-06-14 05:11:02] TVtempAction.INFO: method : GET  
[2023-06-14 05:11:02] TVtempAction.INFO: contentType : application/json  
[2023-06-14 05:11:02] TVtempAction.INFO: Input Data : {"decoded":{"sub":"1","id":"1","userName":"super admin","userGroup":"1","email":"superadmin@msense.in","hotelId":"1","brandId":null,"iat":1686719459,"exp":1686805859}}  
[2023-06-14 05:11:02] TVtempAction.INFO: ======= END Tv Action (Get All Feature List) ================  
[2023-06-14 05:11:02] TVtempAction.INFO: ======= END Tv Action (Get All Template List) ================  
[2023-06-14 05:11:02] TVtempAction.INFO: ======= END Tv Action (Get All Template List) ================  
[2023-06-14 05:14:45] TVtempAction.INFO: ======= Start Tv Action (Get All Template List) ================  
[2023-06-14 05:14:45] TVtempAction.INFO: method : GET  
[2023-06-14 05:14:45] TVtempAction.INFO: contentType : application/json  
[2023-06-14 05:14:45] TVtempAction.INFO: Input Data : {"decoded":{"sub":"1","id":"1","userName":"super admin","userGroup":"1","email":"superadmin@msense.in","hotelId":"1","brandId":null,"iat":1686719681,"exp":1686806081}}  
[2023-06-14 05:14:45] TVtempAction.INFO: ======= Start Tv Action (Get All Template List) ================  
[2023-06-14 05:14:45] TVtempAction.INFO: method : GET  
[2023-06-14 05:14:45] TVtempAction.INFO: contentType : application/json  
[2023-06-14 05:14:45] TVtempAction.INFO: ======= Start Tv Action (Get All Feature List) ================  
[2023-06-14 05:14:45] TVtempAction.INFO: method : GET  
[2023-06-14 05:14:45] TVtempAction.INFO: contentType : application/json  
[2023-06-14 05:14:45] TVtempAction.INFO: Input Data : {"decoded":{"sub":"1","id":"1","userName":"super admin","userGroup":"1","email":"superadmin@msense.in","hotelId":"1","brandId":null,"iat":1686719681,"exp":1686806081}}  
[2023-06-14 05:14:45] TVtempAction.INFO: Input Data : {"decoded":{"sub":"1","id":"1","userName":"super admin","userGroup":"1","email":"superadmin@msense.in","hotelId":"1","brandId":null,"iat":1686719681,"exp":1686806081}}  
[2023-06-14 05:14:45] TVtempAction.INFO: ======= END Tv Action (Get All Feature List) ================  
[2023-06-14 05:14:45] TVtempAction.INFO: ======= END Tv Action (Get All Template List) ================  
[2023-06-14 05:14:45] TVtempAction.INFO: ======= END Tv Action (Get All Template List) ================  
[2023-06-14 05:15:33] TVtempAction.INFO: ======= Start Tv Action (Get All Template List) ================  
[2023-06-14 05:15:33] TVtempAction.INFO: method : GET  
[2023-06-14 05:15:33] TVtempAction.INFO: contentType : application/json  
[2023-06-14 05:15:33] TVtempAction.INFO: Input Data : {"decoded":{"sub":"1","id":"1","userName":"super admin","userGroup":"1","email":"superadmin@msense.in","hotelId":"1","brandId":null,"iat":1686719459,"exp":1686805859}}  
[2023-06-14 05:15:33] TVtempAction.INFO: ======= Start Tv Action (Get All Template List) ================  
[2023-06-14 05:15:33] TVtempAction.INFO: method : GET  
[2023-06-14 05:15:33] TVtempAction.INFO: contentType : application/json  
[2023-06-14 05:15:33] TVtempAction.INFO: Input Data : {"decoded":{"sub":"1","id":"1","userName":"super admin","userGroup":"1","email":"superadmin@msense.in","hotelId":"1","brandId":null,"iat":1686719459,"exp":1686805859}}  
[2023-06-14 05:15:33] TVtempAction.INFO: ======= Start Tv Action (Get All Feature List) ================  
[2023-06-14 05:15:33] TVtempAction.INFO: method : GET  
[2023-06-14 05:15:33] TVtempAction.INFO: contentType : application/json  
[2023-06-14 05:15:33] TVtempAction.INFO: Input Data : {"decoded":{"sub":"1","id":"1","userName":"super admin","userGroup":"1","email":"superadmin@msense.in","hotelId":"1","brandId":null,"iat":1686719459,"exp":1686805859}}  
[2023-06-14 05:15:33] TVtempAction.INFO: ======= END Tv Action (Get All Template List) ================  
[2023-06-14 05:15:33] TVtempAction.INFO: ======= END Tv Action (Get All Template List) ================  
[2023-06-14 05:15:33] TVtempAction.INFO: ======= END Tv Action (Get All Feature List) ================  
[2023-06-14 05:15:53] TVtempAction.INFO: ======= Start Tv Action (Get All Template List) ================  
[2023-06-14 05:15:53] TVtempAction.INFO: method : GET  
[2023-06-14 05:15:53] TVtempAction.INFO: contentType : application/json  
[2023-06-14 05:15:53] TVtempAction.INFO: Input Data : {"decoded":{"sub":"1","id":"1","userName":"super admin","userGroup":"1","email":"superadmin@msense.in","hotelId":"1","brandId":null,"iat":1686719681,"exp":1686806081}}  
[2023-06-14 05:15:53] TVtempAction.INFO: ======= Start Tv Action (Get All Feature List) ================  
[2023-06-14 05:15:53] TVtempAction.INFO: method : GET  
[2023-06-14 05:15:53] TVtempAction.INFO: contentType : application/json  
[2023-06-14 05:15:53] TVtempAction.INFO: Input Data : {"decoded":{"sub":"1","id":"1","userName":"super admin","userGroup":"1","email":"superadmin@msense.in","hotelId":"1","brandId":null,"iat":1686719681,"exp":1686806081}}  
[2023-06-14 05:15:53] TVtempAction.INFO: ======= Start Tv Action (Get All Template List) ================  
[2023-06-14 05:15:53] TVtempAction.INFO: method : GET  
[2023-06-14 05:15:53] TVtempAction.INFO: contentType : application/json  
[2023-06-14 05:15:53] TVtempAction.INFO: Input Data : {"decoded":{"sub":"1","id":"1","userName":"super admin","userGroup":"1","email":"superadmin@msense.in","hotelId":"1","brandId":null,"iat":1686719681,"exp":1686806081}}  
[2023-06-14 05:15:53] TVtempAction.INFO: ======= END Tv Action (Get All Feature List) ================  
[2023-06-14 05:15:53] TVtempAction.INFO: ======= END Tv Action (Get All Template List) ================  
[2023-06-14 05:15:53] TVtempAction.INFO: ======= END Tv Action (Get All Template List) ================  
[2023-06-14 09:07:59] TVtempAction.INFO: ======= Start Tv Action (Get All Feature List) ================  
[2023-06-14 09:07:59] TVtempAction.INFO: method : GET  
[2023-06-14 09:07:59] TVtempAction.INFO: contentType : application/json  
[2023-06-14 09:07:59] TVtempAction.INFO: Input Data : {"decoded":{"sub":"1","id":"1","userName":"super admin","userGroup":"1","email":"superadmin@msense.in","hotelId":"1","brandId":null,"iat":1686733673,"exp":1686820073}}  
[2023-06-14 09:07:59] TVtempAction.INFO: ======= Start Tv Action (Get All Template List) ================  
[2023-06-14 09:07:59] TVtempAction.INFO: method : GET  
[2023-06-14 09:07:59] TVtempAction.INFO: contentType : application/json  
[2023-06-14 09:07:59] TVtempAction.INFO: Input Data : {"decoded":{"sub":"1","id":"1","userName":"super admin","userGroup":"1","email":"superadmin@msense.in","hotelId":"1","brandId":null,"iat":1686733673,"exp":1686820073}}  
[2023-06-14 09:07:59] TVtempAction.INFO: ======= Start Tv Action (Get All Template List) ================  
[2023-06-14 09:07:59] TVtempAction.INFO: method : GET  
[2023-06-14 09:07:59] TVtempAction.INFO: contentType : application/json  
[2023-06-14 09:07:59] TVtempAction.INFO: Input Data : {"decoded":{"sub":"1","id":"1","userName":"super admin","userGroup":"1","email":"superadmin@msense.in","hotelId":"1","brandId":null,"iat":1686733673,"exp":1686820073}}  
[2023-06-14 09:07:59] TVtempAction.INFO: ======= END Tv Action (Get All Feature List) ================  
[2023-06-14 09:07:59] TVtempAction.INFO: ======= END Tv Action (Get All Template List) ================  
[2023-06-14 09:07:59] TVtempAction.INFO: ======= END Tv Action (Get All Template List) ================  
[2023-06-14 09:09:18] TVtempAction.INFO: ======= Start Tv Action (Get All Feature List) ================  
[2023-06-14 09:09:18] TVtempAction.INFO: method : GET  
[2023-06-14 09:09:18] TVtempAction.INFO: contentType : application/json  
[2023-06-14 09:09:18] TVtempAction.INFO: Input Data : {"decoded":{"sub":"1","id":"1","userName":"super admin","userGroup":"1","email":"superadmin@msense.in","hotelId":"1","brandId":null,"iat":1686733673,"exp":1686820073}}  
[2023-06-14 09:09:18] TVtempAction.INFO: ======= Start Tv Action (Get All Template List) ================  
[2023-06-14 09:09:18] TVtempAction.INFO: method : GET  
[2023-06-14 09:09:18] TVtempAction.INFO: contentType : application/json  
[2023-06-14 09:09:18] TVtempAction.INFO: Input Data : {"decoded":{"sub":"1","id":"1","userName":"super admin","userGroup":"1","email":"superadmin@msense.in","hotelId":"1","brandId":null,"iat":1686733673,"exp":1686820073}}  
[2023-06-14 09:09:18] TVtempAction.INFO: ======= Start Tv Action (Get All Template List) ================  
[2023-06-14 09:09:18] TVtempAction.INFO: method : GET  
[2023-06-14 09:09:18] TVtempAction.INFO: contentType : application/json  
[2023-06-14 09:09:18] TVtempAction.INFO: Input Data : {"decoded":{"sub":"1","id":"1","userName":"super admin","userGroup":"1","email":"superadmin@msense.in","hotelId":"1","brandId":null,"iat":1686733673,"exp":1686820073}}  
[2023-06-14 09:09:18] TVtempAction.INFO: ======= END Tv Action (Get All Feature List) ================  
[2023-06-14 09:09:18] TVtempAction.INFO: ======= END Tv Action (Get All Template List) ================  
[2023-06-14 09:09:18] TVtempAction.INFO: ======= END Tv Action (Get All Template List) ================  
[2023-06-14 09:09:40] TVtempAction.INFO: ======= Start Tv Action (Get All Template List) ================  
[2023-06-14 09:09:40] TVtempAction.INFO: method : GET  
[2023-06-14 09:09:40] TVtempAction.INFO: contentType : application/json  
[2023-06-14 09:09:40] TVtempAction.INFO: Input Data : {"decoded":{"sub":"1","id":"1","userName":"super admin","userGroup":"1","email":"superadmin@msense.in","hotelId":"1","brandId":null,"iat":1686733673,"exp":1686820073}}  
[2023-06-14 09:09:40] TVtempAction.INFO: ======= Start Tv Action (Get All Feature List) ================  
[2023-06-14 09:09:40] TVtempAction.INFO: method : GET  
[2023-06-14 09:09:40] TVtempAction.INFO: contentType : application/json  
[2023-06-14 09:09:40] TVtempAction.INFO: Input Data : {"decoded":{"sub":"1","id":"1","userName":"super admin","userGroup":"1","email":"superadmin@msense.in","hotelId":"1","brandId":null,"iat":1686733673,"exp":1686820073}}  
[2023-06-14 09:09:40] TVtempAction.INFO: ======= Start Tv Action (Get All Template List) ================  
[2023-06-14 09:09:40] TVtempAction.INFO: method : GET  
[2023-06-14 09:09:40] TVtempAction.INFO: contentType : application/json  
[2023-06-14 09:09:40] TVtempAction.INFO: Input Data : {"decoded":{"sub":"1","id":"1","userName":"super admin","userGroup":"1","email":"superadmin@msense.in","hotelId":"1","brandId":null,"iat":1686733673,"exp":1686820073}}  
[2023-06-14 09:09:40] TVtempAction.INFO: ======= END Tv Action (Get All Template List) ================  
[2023-06-14 09:09:40] TVtempAction.INFO: ======= END Tv Action (Get All Feature List) ================  
[2023-06-14 09:09:40] TVtempAction.INFO: ======= END Tv Action (Get All Template List) ================  
[2023-06-14 09:09:51] TVtempAction.INFO: ======= Start Tv Action (Get All Template List) ================  
[2023-06-14 09:09:51] TVtempAction.INFO: method : GET  
[2023-06-14 09:09:51] TVtempAction.INFO: contentType : application/json  
[2023-06-14 09:09:51] TVtempAction.INFO: Input Data : {"decoded":{"sub":"1","id":"1","userName":"super admin","userGroup":"1","email":"superadmin@msense.in","hotelId":"1","brandId":null,"iat":1686733673,"exp":1686820073}}  
[2023-06-14 09:09:51] TVtempAction.INFO: ======= Start Tv Action (Get All Feature List) ================  
[2023-06-14 09:09:51] TVtempAction.INFO: method : GET  
[2023-06-14 09:09:51] TVtempAction.INFO: contentType : application/json  
[2023-06-14 09:09:51] TVtempAction.INFO: Input Data : {"decoded":{"sub":"1","id":"1","userName":"super admin","userGroup":"1","email":"superadmin@msense.in","hotelId":"1","brandId":null,"iat":1686733673,"exp":1686820073}}  
[2023-06-14 09:09:51] TVtempAction.INFO: ======= Start Tv Action (Get All Template List) ================  
[2023-06-14 09:09:51] TVtempAction.INFO: method : GET  
[2023-06-14 09:09:51] TVtempAction.INFO: contentType : application/json  
[2023-06-14 09:09:51] TVtempAction.INFO: Input Data : {"decoded":{"sub":"1","id":"1","userName":"super admin","userGroup":"1","email":"superadmin@msense.in","hotelId":"1","brandId":null,"iat":1686733673,"exp":1686820073}}  
[2023-06-14 09:09:51] TVtempAction.INFO: ======= END Tv Action (Get All Template List) ================  
[2023-06-14 09:09:51] TVtempAction.INFO: ======= END Tv Action (Get All Template List) ================  
[2023-06-14 09:09:51] TVtempAction.INFO: ======= END Tv Action (Get All Feature List) ================  
[2023-06-14 11:49:15] TVtempAction.INFO: ======= Start Tv Action (Get All Feature List) ================  
[2023-06-14 11:49:15] TVtempAction.INFO: method : GET  
[2023-06-14 11:49:15] TVtempAction.INFO: contentType : application/json  
[2023-06-14 11:49:15] TVtempAction.INFO: Input Data : {"decoded":{"sub":"1","id":"1","userName":"super admin","userGroup":"1","email":"superadmin@msense.in","hotelId":"1","brandId":null,"iat":1686719459,"exp":1686805859}}  
[2023-06-14 11:49:15] TVtempAction.INFO: ======= Start Tv Action (Get All Template List) ================  
[2023-06-14 11:49:15] TVtempAction.INFO: method : GET  
[2023-06-14 11:49:15] TVtempAction.INFO: contentType : application/json  
[2023-06-14 11:49:15] TVtempAction.INFO: Input Data : {"decoded":{"sub":"1","id":"1","userName":"super admin","userGroup":"1","email":"superadmin@msense.in","hotelId":"1","brandId":null,"iat":1686719459,"exp":1686805859}}  
[2023-06-14 11:49:15] TVtempAction.INFO: ======= Start Tv Action (Get All Template List) ================  
[2023-06-14 11:49:15] TVtempAction.INFO: method : GET  
[2023-06-14 11:49:15] TVtempAction.INFO: contentType : application/json  
[2023-06-14 11:49:15] TVtempAction.INFO: Input Data : {"decoded":{"sub":"1","id":"1","userName":"super admin","userGroup":"1","email":"superadmin@msense.in","hotelId":"1","brandId":null,"iat":1686719459,"exp":1686805859}}  
[2023-06-14 11:49:15] TVtempAction.INFO: ======= END Tv Action (Get All Feature List) ================  
[2023-06-14 11:49:15] TVtempAction.INFO: ======= END Tv Action (Get All Template List) ================  
[2023-06-14 11:49:15] TVtempAction.INFO: ======= END Tv Action (Get All Template List) ================  
[2023-06-14 11:49:42] TVtempAction.INFO: ======= Start Tv Action (Get All Template List) ================  
[2023-06-14 11:49:42] TVtempAction.INFO: method : GET  
[2023-06-14 11:49:42] TVtempAction.INFO: contentType : application/json  
[2023-06-14 11:49:42] TVtempAction.INFO: Input Data : {"decoded":{"sub":"1","id":"1","userName":"super admin","userGroup":"1","email":"superadmin@msense.in","hotelId":"1","brandId":null,"iat":1686719459,"exp":1686805859}}  
[2023-06-14 11:49:42] TVtempAction.INFO: ======= Start Tv Action (Get All Template List) ================  
[2023-06-14 11:49:42] TVtempAction.INFO: method : GET  
[2023-06-14 11:49:42] TVtempAction.INFO: contentType : application/json  
[2023-06-14 11:49:42] TVtempAction.INFO: Input Data : {"decoded":{"sub":"1","id":"1","userName":"super admin","userGroup":"1","email":"superadmin@msense.in","hotelId":"1","brandId":null,"iat":1686719459,"exp":1686805859}}  
[2023-06-14 11:49:42] TVtempAction.INFO: ======= Start Tv Action (Get All Feature List) ================  
[2023-06-14 11:49:42] TVtempAction.INFO: method : GET  
[2023-06-14 11:49:42] TVtempAction.INFO: contentType : application/json  
[2023-06-14 11:49:42] TVtempAction.INFO: Input Data : {"decoded":{"sub":"1","id":"1","userName":"super admin","userGroup":"1","email":"superadmin@msense.in","hotelId":"1","brandId":null,"iat":1686719459,"exp":1686805859}}  
[2023-06-14 11:49:42] TVtempAction.INFO: ======= END Tv Action (Get All Template List) ================  
[2023-06-14 11:49:42] TVtempAction.INFO: ======= END Tv Action (Get All Template List) ================  
[2023-06-14 11:49:42] TVtempAction.INFO: ======= END Tv Action (Get All Feature List) ================  
[2023-06-14 12:55:52] TVtempAction.INFO: ======= Start Tv Action (Get All Template List) ================  
[2023-06-14 12:55:52] TVtempAction.INFO: method : GET  
[2023-06-14 12:55:52] TVtempAction.INFO: contentType : application/json  
[2023-06-14 12:55:52] TVtempAction.INFO: Input Data : {"decoded":{"sub":"1","id":"1","userName":"super admin","userGroup":"1","email":"superadmin@msense.in","hotelId":"1","brandId":null,"iat":1686719459,"exp":1686805859}}  
[2023-06-14 12:55:52] TVtempAction.INFO: ======= Start Tv Action (Get All Template List) ================  
[2023-06-14 12:55:52] TVtempAction.INFO: method : GET  
[2023-06-14 12:55:52] TVtempAction.INFO: contentType : application/json  
[2023-06-14 12:55:52] TVtempAction.INFO: Input Data : {"decoded":{"sub":"1","id":"1","userName":"super admin","userGroup":"1","email":"superadmin@msense.in","hotelId":"1","brandId":null,"iat":1686719459,"exp":1686805859}}  
[2023-06-14 12:55:52] TVtempAction.INFO: ======= Start Tv Action (Get All Feature List) ================  
[2023-06-14 12:55:52] TVtempAction.INFO: method : GET  
[2023-06-14 12:55:52] TVtempAction.INFO: contentType : application/json  
[2023-06-14 12:55:52] TVtempAction.INFO: Input Data : {"decoded":{"sub":"1","id":"1","userName":"super admin","userGroup":"1","email":"superadmin@msense.in","hotelId":"1","brandId":null,"iat":1686719459,"exp":1686805859}}  
[2023-06-14 12:55:52] TVtempAction.INFO: ======= END Tv Action (Get All Template List) ================  
[2023-06-14 12:55:52] TVtempAction.INFO: ======= END Tv Action (Get All Template List) ================  
[2023-06-14 12:55:52] TVtempAction.INFO: ======= END Tv Action (Get All Feature List) ================  
[2023-06-14 13:04:02] TVtempAction.INFO: ======= Start Tv Action (Get All Template List) ================  
[2023-06-14 13:04:02] TVtempAction.INFO: method : GET  
[2023-06-14 13:04:02] TVtempAction.INFO: contentType : application/json  
[2023-06-14 13:04:02] TVtempAction.INFO: Input Data : {"decoded":{"sub":"1","id":"1","userName":"super admin","userGroup":"1","email":"superadmin@msense.in","hotelId":"1","brandId":null,"iat":1686719459,"exp":1686805859}}  
[2023-06-14 13:04:02] TVtempAction.INFO: ======= Start Tv Action (Get All Template List) ================  
[2023-06-14 13:04:02] TVtempAction.INFO: method : GET  
[2023-06-14 13:04:02] TVtempAction.INFO: contentType : application/json  
[2023-06-14 13:04:02] TVtempAction.INFO: Input Data : {"decoded":{"sub":"1","id":"1","userName":"super admin","userGroup":"1","email":"superadmin@msense.in","hotelId":"1","brandId":null,"iat":1686719459,"exp":1686805859}}  
[2023-06-14 13:04:02] TVtempAction.INFO: ======= Start Tv Action (Get All Feature List) ================  
[2023-06-14 13:04:02] TVtempAction.INFO: method : GET  
[2023-06-14 13:04:02] TVtempAction.INFO: contentType : application/json  
[2023-06-14 13:04:02] TVtempAction.INFO: Input Data : {"decoded":{"sub":"1","id":"1","userName":"super admin","userGroup":"1","email":"superadmin@msense.in","hotelId":"1","brandId":null,"iat":1686719459,"exp":1686805859}}  
[2023-06-14 13:04:02] TVtempAction.INFO: ======= END Tv Action (Get All Template List) ================  
[2023-06-14 13:04:02] TVtempAction.INFO: ======= END Tv Action (Get All Feature List) ================  
[2023-06-14 13:04:02] TVtempAction.INFO: ======= END Tv Action (Get All Template List) ================  
