[2023-06-08 07:29:06] AdmnGrpsAction.INFO: ======= Start AdmnGrps Action (List) ================  
[2023-06-08 07:29:06] AdmnGrpsAction.INFO: method : POST  
[2023-06-08 07:29:06] AdmnGrpsAction.INFO: contentType : application/json  
[2023-06-08 07:29:06] AdmnGrpsAction.INFO: Input Data : {"decoded":{"sub":"1","id":"1","userName":"super admin","userGroup":"1","email":"superadmin@msense.in","hotelId":"1","brandId":null,"iat":1686209300,"exp":1686295700}}  
[2023-06-08 07:29:06] AdmnGrpsAction.INFO: ======= END AdmnGrps Action (List) ================  
[2023-06-08 07:29:07] AdmnGrpsAction.INFO: ======= Start AdmnGrps Action (List) ================  
[2023-06-08 07:29:07] AdmnGrpsAction.INFO: method : POST  
[2023-06-08 07:29:07] AdmnGrpsAction.INFO: contentType : application/json  
[2023-06-08 07:29:07] AdmnGrpsAction.INFO: Input Data : {"decoded":{"sub":"1","id":"1","userName":"super admin","userGroup":"1","email":"superadmin@msense.in","hotelId":"1","brandId":null,"iat":1686209300,"exp":1686295700}}  
[2023-06-08 07:29:07] AdmnGrpsAction.INFO: ======= END AdmnGrps Action (List) ================  
[2023-06-08 09:39:50] AdmnGrpsAction.INFO: ======= Start AdmnGrps Action (List) ================  
[2023-06-08 09:39:50] AdmnGrpsAction.INFO: method : POST  
[2023-06-08 09:39:50] AdmnGrpsAction.INFO: contentType : application/json  
[2023-06-08 09:39:50] AdmnGrpsAction.INFO: Input Data : {"decoded":{"sub":"1","id":"1","userName":"super admin","userGroup":"1","email":"superadmin@msense.in","hotelId":"1","brandId":null,"iat":1686217185,"exp":1686303585}}  
[2023-06-08 09:39:50] AdmnGrpsAction.INFO: ======= END AdmnGrps Action (List) ================  
[2023-06-08 09:39:51] AdmnGrpsAction.INFO: ======= Start AdmnGrps Action (List) ================  
[2023-06-08 09:39:51] AdmnGrpsAction.INFO: method : POST  
[2023-06-08 09:39:51] AdmnGrpsAction.INFO: contentType : application/json  
[2023-06-08 09:39:51] AdmnGrpsAction.INFO: Input Data : {"decoded":{"sub":"1","id":"1","userName":"super admin","userGroup":"1","email":"superadmin@msense.in","hotelId":"1","brandId":null,"iat":1686217185,"exp":1686303585}}  
[2023-06-08 09:39:51] AdmnGrpsAction.INFO: ======= END AdmnGrps Action (List) ================  
[2023-06-08 09:51:02] AdmnGrpsAction.INFO: ======= Start AdmnGrps Action (List) ================  
[2023-06-08 09:51:02] AdmnGrpsAction.INFO: method : POST  
[2023-06-08 09:51:02] AdmnGrpsAction.INFO: contentType : application/json  
[2023-06-08 09:51:02] AdmnGrpsAction.INFO: Input Data : {"decoded":{"sub":"1","id":"1","userName":"super admin","userGroup":"1","email":"superadmin@msense.in","hotelId":"1","brandId":null,"iat":1686209300,"exp":1686295700}}  
[2023-06-08 09:51:02] AdmnGrpsAction.INFO: ======= END AdmnGrps Action (List) ================  
[2023-06-08 09:51:53] AdmnGrpsAction.INFO: ======= Start AdmnGrps Action (List) ================  
[2023-06-08 09:51:53] AdmnGrpsAction.INFO: method : POST  
[2023-06-08 09:51:53] AdmnGrpsAction.INFO: contentType : application/json  
[2023-06-08 09:51:53] AdmnGrpsAction.INFO: Input Data : {"decoded":{"sub":"1","id":"1","userName":"super admin","userGroup":"1","email":"superadmin@msense.in","hotelId":"1","brandId":null,"iat":1686209300,"exp":1686295700}}  
[2023-06-08 09:51:53] AdmnGrpsAction.INFO: ======= END AdmnGrps Action (List) ================  
[2023-06-08 09:51:59] AdmnGrpsAction.INFO: ======= Start AdmnGrps Action (List) ================  
[2023-06-08 09:51:59] AdmnGrpsAction.INFO: method : POST  
[2023-06-08 09:51:59] AdmnGrpsAction.INFO: contentType : application/json  
[2023-06-08 09:51:59] AdmnGrpsAction.INFO: Input Data : {"decoded":{"sub":"1","id":"1","userName":"super admin","userGroup":"1","email":"superadmin@msense.in","hotelId":"1","brandId":null,"iat":1686209300,"exp":1686295700}}  
[2023-06-08 09:51:59] AdmnGrpsAction.INFO: ======= END AdmnGrps Action (List) ================  
[2023-06-08 09:52:03] AdmnGrpsAction.INFO: ======= Start AdmnGrps Action (List) ================  
[2023-06-08 09:52:03] AdmnGrpsAction.INFO: method : POST  
[2023-06-08 09:52:03] AdmnGrpsAction.INFO: contentType : application/json  
[2023-06-08 09:52:03] AdmnGrpsAction.INFO: Input Data : {"decoded":{"sub":"1","id":"1","userName":"super admin","userGroup":"1","email":"superadmin@msense.in","hotelId":"1","brandId":null,"iat":1686209300,"exp":1686295700}}  
[2023-06-08 09:52:03] AdmnGrpsAction.INFO: ======= END AdmnGrps Action (List) ================  
[2023-06-08 09:55:59] AdmnGrpsAction.INFO: ======= Start AdmnGrps Action (List) ================  
[2023-06-08 09:55:59] AdmnGrpsAction.INFO: method : POST  
[2023-06-08 09:55:59] AdmnGrpsAction.INFO: contentType : application/json  
[2023-06-08 09:55:59] AdmnGrpsAction.INFO: Input Data : {"decoded":{"sub":"1","id":"1","userName":"super admin","userGroup":"1","email":"superadmin@msense.in","hotelId":"1","brandId":null,"iat":1686209300,"exp":1686295700}}  
[2023-06-08 09:55:59] AdmnGrpsAction.INFO: ======= END AdmnGrps Action (List) ================  
[2023-06-08 09:56:00] AdmnGrpsAction.INFO: ======= Start AdmnGrps Action (List) ================  
[2023-06-08 09:56:00] AdmnGrpsAction.INFO: method : POST  
[2023-06-08 09:56:00] AdmnGrpsAction.INFO: contentType : application/json  
[2023-06-08 09:56:00] AdmnGrpsAction.INFO: Input Data : {"decoded":{"sub":"1","id":"1","userName":"super admin","userGroup":"1","email":"superadmin@msense.in","hotelId":"1","brandId":null,"iat":1686209300,"exp":1686295700}}  
[2023-06-08 09:56:00] AdmnGrpsAction.INFO: ======= END AdmnGrps Action (List) ================  
[2023-06-08 09:56:05] AdmnGrpsAction.INFO: ======= Start AdmnGrps Action (List) ================  
[2023-06-08 09:56:05] AdmnGrpsAction.INFO: method : POST  
[2023-06-08 09:56:05] AdmnGrpsAction.INFO: contentType : application/json  
[2023-06-08 09:56:05] AdmnGrpsAction.INFO: Input Data : {"decoded":{"sub":"1","id":"1","userName":"super admin","userGroup":"1","email":"superadmin@msense.in","hotelId":"1","brandId":null,"iat":1686209300,"exp":1686295700}}  
[2023-06-08 09:56:05] AdmnGrpsAction.INFO: ======= END AdmnGrps Action (List) ================  
[2023-06-08 10:02:43] AdmnGrpsAction.INFO: ======= Start AdmnGrps Action (List) ================  
[2023-06-08 10:02:43] AdmnGrpsAction.INFO: method : POST  
[2023-06-08 10:02:43] AdmnGrpsAction.INFO: contentType : application/json  
[2023-06-08 10:02:43] AdmnGrpsAction.INFO: Input Data : {"decoded":{"sub":"1","id":"1","userName":"super admin","userGroup":"1","email":"superadmin@msense.in","hotelId":"1","brandId":null,"iat":1686209300,"exp":1686295700}}  
[2023-06-08 10:02:43] AdmnGrpsAction.INFO: ======= END AdmnGrps Action (List) ================  
[2023-06-08 11:04:51] AdmnGrpsAction.INFO: ======= Start AdmnGrps Action (List) ================  
[2023-06-08 11:04:51] AdmnGrpsAction.INFO: method : POST  
[2023-06-08 11:04:51] AdmnGrpsAction.INFO: contentType : application/json  
[2023-06-08 11:04:51] AdmnGrpsAction.INFO: Input Data : {"decoded":{"sub":"1","id":"1","userName":"super admin","userGroup":"1","email":"superadmin@msense.in","hotelId":"1","brandId":null,"iat":1686222283,"exp":1686308683}}  
[2023-06-08 11:04:51] AdmnGrpsAction.INFO: ======= END AdmnGrps Action (List) ================  
[2023-06-08 11:10:15] AdmnGrpsAction.INFO: ======= Start AdmnGrps Action (List) ================  
[2023-06-08 11:10:15] AdmnGrpsAction.INFO: method : POST  
[2023-06-08 11:10:15] AdmnGrpsAction.INFO: contentType : application/json  
[2023-06-08 11:10:15] AdmnGrpsAction.INFO: Input Data : {"decoded":{"sub":"1","id":"1","userName":"super admin","userGroup":"1","email":"superadmin@msense.in","hotelId":"1","brandId":null,"iat":1686222283,"exp":1686308683}}  
[2023-06-08 11:10:15] AdmnGrpsAction.INFO: ======= END AdmnGrps Action (List) ================  
