[2023-06-08 07:29:06] CommonAction.INFO: ======= Start Common Action (getAllBrand) ================  
[2023-06-08 07:29:06] CommonAction.INFO: method : GET  
[2023-06-08 07:29:06] CommonAction.INFO: contentType : application/json  
[2023-06-08 07:29:06] CommonAction.INFO: Input Data : {"decoded":{"sub":"1","id":"1","userName":"super admin","userGroup":"1","email":"superadmin@msense.in","hotelId":"1","brandId":null,"iat":1686209300,"exp":1686295700}}  
[2023-06-08 07:29:06] CommonAction.INFO: ======= END Common Action (getAllBrand) ================  
[2023-06-08 09:39:50] CommonAction.INFO: ======= Start Common Action (getAllBrand) ================  
[2023-06-08 09:39:50] CommonAction.INFO: method : GET  
[2023-06-08 09:39:50] CommonAction.INFO: contentType : application/json  
[2023-06-08 09:39:50] CommonAction.INFO: Input Data : {"decoded":{"sub":"1","id":"1","userName":"super admin","userGroup":"1","email":"superadmin@msense.in","hotelId":"1","brandId":null,"iat":1686217185,"exp":1686303585}}  
[2023-06-08 09:39:50] CommonAction.INFO: ======= END Common Action (getAllBrand) ================  
[2023-06-08 09:51:02] CommonAction.INFO: ======= Start Common Action (getAllBrand) ================  
[2023-06-08 09:51:02] CommonAction.INFO: method : GET  
[2023-06-08 09:51:02] CommonAction.INFO: contentType : application/json  
[2023-06-08 09:51:02] CommonAction.INFO: Input Data : {"decoded":{"sub":"1","id":"1","userName":"super admin","userGroup":"1","email":"superadmin@msense.in","hotelId":"1","brandId":null,"iat":1686209300,"exp":1686295700}}  
[2023-06-08 09:51:02] CommonAction.INFO: ======= END Common Action (getAllBrand) ================  
[2023-06-08 09:51:53] CommonAction.INFO: ======= Start Common Action (getAllBrand) ================  
[2023-06-08 09:51:53] CommonAction.INFO: method : GET  
[2023-06-08 09:51:53] CommonAction.INFO: contentType : application/json  
[2023-06-08 09:51:53] CommonAction.INFO: Input Data : {"decoded":{"sub":"1","id":"1","userName":"super admin","userGroup":"1","email":"superadmin@msense.in","hotelId":"1","brandId":null,"iat":1686209300,"exp":1686295700}}  
[2023-06-08 09:51:53] CommonAction.INFO: ======= END Common Action (getAllBrand) ================  
[2023-06-08 09:51:59] CommonAction.INFO: ======= Start Common Action (getAllBrand) ================  
[2023-06-08 09:51:59] CommonAction.INFO: method : GET  
[2023-06-08 09:51:59] CommonAction.INFO: contentType : application/json  
[2023-06-08 09:51:59] CommonAction.INFO: Input Data : {"decoded":{"sub":"1","id":"1","userName":"super admin","userGroup":"1","email":"superadmin@msense.in","hotelId":"1","brandId":null,"iat":1686209300,"exp":1686295700}}  
[2023-06-08 09:51:59] CommonAction.INFO: ======= END Common Action (getAllBrand) ================  
[2023-06-08 09:52:03] CommonAction.INFO: ======= Start Common Action (getAllBrand) ================  
[2023-06-08 09:52:03] CommonAction.INFO: method : GET  
[2023-06-08 09:52:03] CommonAction.INFO: contentType : application/json  
[2023-06-08 09:52:03] CommonAction.INFO: Input Data : {"decoded":{"sub":"1","id":"1","userName":"super admin","userGroup":"1","email":"superadmin@msense.in","hotelId":"1","brandId":null,"iat":1686209300,"exp":1686295700}}  
[2023-06-08 09:52:03] CommonAction.INFO: ======= END Common Action (getAllBrand) ================  
[2023-06-08 09:55:59] CommonAction.INFO: ======= Start Common Action (getAllBrand) ================  
[2023-06-08 09:55:59] CommonAction.INFO: method : GET  
[2023-06-08 09:55:59] CommonAction.INFO: contentType : application/json  
[2023-06-08 09:55:59] CommonAction.INFO: Input Data : {"decoded":{"sub":"1","id":"1","userName":"super admin","userGroup":"1","email":"superadmin@msense.in","hotelId":"1","brandId":null,"iat":1686209300,"exp":1686295700}}  
[2023-06-08 09:55:59] CommonAction.INFO: ======= END Common Action (getAllBrand) ================  
[2023-06-08 09:56:05] CommonAction.INFO: ======= Start Common Action (getAllBrand) ================  
[2023-06-08 09:56:05] CommonAction.INFO: method : GET  
[2023-06-08 09:56:05] CommonAction.INFO: contentType : application/json  
[2023-06-08 09:56:05] CommonAction.INFO: Input Data : {"decoded":{"sub":"1","id":"1","userName":"super admin","userGroup":"1","email":"superadmin@msense.in","hotelId":"1","brandId":null,"iat":1686209300,"exp":1686295700}}  
[2023-06-08 09:56:05] CommonAction.INFO: ======= END Common Action (getAllBrand) ================  
[2023-06-08 10:02:43] CommonAction.INFO: ======= Start Common Action (getAllBrand) ================  
[2023-06-08 10:02:43] CommonAction.INFO: method : GET  
[2023-06-08 10:02:43] CommonAction.INFO: contentType : application/json  
[2023-06-08 10:02:43] CommonAction.INFO: Input Data : {"decoded":{"sub":"1","id":"1","userName":"super admin","userGroup":"1","email":"superadmin@msense.in","hotelId":"1","brandId":null,"iat":1686209300,"exp":1686295700}}  
[2023-06-08 10:02:43] CommonAction.INFO: ======= END Common Action (getAllBrand) ================  
[2023-06-08 11:04:51] CommonAction.INFO: ======= Start Common Action (getAllBrand) ================  
[2023-06-08 11:04:51] CommonAction.INFO: method : GET  
[2023-06-08 11:04:51] CommonAction.INFO: contentType : application/json  
[2023-06-08 11:04:51] CommonAction.INFO: Input Data : {"decoded":{"sub":"1","id":"1","userName":"super admin","userGroup":"1","email":"superadmin@msense.in","hotelId":"1","brandId":null,"iat":1686222283,"exp":1686308683}}  
[2023-06-08 11:04:51] CommonAction.INFO: ======= END Common Action (getAllBrand) ================  
[2023-06-08 11:10:15] CommonAction.INFO: ======= Start Common Action (getAllBrand) ================  
[2023-06-08 11:10:15] CommonAction.INFO: method : GET  
[2023-06-08 11:10:15] CommonAction.INFO: contentType : application/json  
[2023-06-08 11:10:15] CommonAction.INFO: Input Data : {"decoded":{"sub":"1","id":"1","userName":"super admin","userGroup":"1","email":"superadmin@msense.in","hotelId":"1","brandId":null,"iat":1686222283,"exp":1686308683}}  
[2023-06-08 11:10:15] CommonAction.INFO: ======= END Common Action (getAllBrand) ================  
