[2023-06-08 07:29:06] AdmnGrpsRepository.INFO: ======= Start AdmnGrps Repository ================  
[2023-06-08 07:29:06] AdmnGrpsRepository.INFO: Input Data : {"decoded":{"sub":"1","id":"1","userName":"super admin","userGroup":"1","email":"superadmin@msense.in","hotelId":"1","brandId":null,"iat":1686209300,"exp":1686295700}}  
[2023-06-08 07:29:06] AdmnGrpModel.INFO: Query : CALL SP_GroupConfig('0', '0', 0, '', 
            1, '', 10, '0', 
            0, '', 'DESC', 'GETALL')  
[2023-06-08 07:29:06] AdmnGrpModel.INFO: Group List Avaliable Group list count : 30  
[2023-06-08 07:29:06] AdmnGrpsRepository.INFO: ======= End AdmnGrps Repository ================  
[2023-06-08 07:29:07] AdmnGrpsRepository.INFO: ======= Start AdmnGrps Repository ================  
[2023-06-08 07:29:07] AdmnGrpsRepository.INFO: Input Data : {"decoded":{"sub":"1","id":"1","userName":"super admin","userGroup":"1","email":"superadmin@msense.in","hotelId":"1","brandId":null,"iat":1686209300,"exp":1686295700}}  
[2023-06-08 07:29:07] AdmnGrpModel.INFO: Query : CALL SP_GroupConfig('0', '0', 0, '', 
            1, '', 10, '0', 
            0, '', 'DESC', 'GETALL')  
[2023-06-08 07:29:07] AdmnGrpModel.INFO: Group List Avaliable Group list count : 30  
[2023-06-08 07:29:07] AdmnGrpsRepository.INFO: ======= End AdmnGrps Repository ================  
[2023-06-08 09:39:50] AdmnGrpsRepository.INFO: ======= Start AdmnGrps Repository ================  
[2023-06-08 09:39:50] AdmnGrpsRepository.INFO: Input Data : {"decoded":{"sub":"1","id":"1","userName":"super admin","userGroup":"1","email":"superadmin@msense.in","hotelId":"1","brandId":null,"iat":1686217185,"exp":1686303585}}  
[2023-06-08 09:39:50] AdmnGrpModel.INFO: Query : CALL SP_GroupConfig('0', '0', 0, '', 
            1, '', 10, '0', 
            0, '', 'DESC', 'GETALL')  
[2023-06-08 09:39:50] AdmnGrpModel.INFO: Group List Avaliable Group list count : 30  
[2023-06-08 09:39:50] AdmnGrpsRepository.INFO: ======= End AdmnGrps Repository ================  
[2023-06-08 09:39:51] AdmnGrpsRepository.INFO: ======= Start AdmnGrps Repository ================  
[2023-06-08 09:39:51] AdmnGrpsRepository.INFO: Input Data : {"decoded":{"sub":"1","id":"1","userName":"super admin","userGroup":"1","email":"superadmin@msense.in","hotelId":"1","brandId":null,"iat":1686217185,"exp":1686303585}}  
[2023-06-08 09:39:51] AdmnGrpModel.INFO: Query : CALL SP_GroupConfig('0', '0', 0, '', 
            1, '', 10, '0', 
            0, '', 'DESC', 'GETALL')  
[2023-06-08 09:39:51] AdmnGrpModel.INFO: Group List Avaliable Group list count : 30  
[2023-06-08 09:39:51] AdmnGrpsRepository.INFO: ======= End AdmnGrps Repository ================  
[2023-06-08 09:51:02] AdmnGrpsRepository.INFO: ======= Start AdmnGrps Repository ================  
[2023-06-08 09:51:02] AdmnGrpsRepository.INFO: Input Data : {"decoded":{"sub":"1","id":"1","userName":"super admin","userGroup":"1","email":"superadmin@msense.in","hotelId":"1","brandId":null,"iat":1686209300,"exp":1686295700}}  
[2023-06-08 09:51:02] AdmnGrpModel.INFO: Query : CALL SP_GroupConfig('0', '0', 0, '', 
            1, '', 10, '0', 
            0, '', 'DESC', 'GETALL')  
[2023-06-08 09:51:02] AdmnGrpModel.INFO: Group List Avaliable Group list count : 30  
[2023-06-08 09:51:02] AdmnGrpsRepository.INFO: ======= End AdmnGrps Repository ================  
[2023-06-08 09:51:53] AdmnGrpsRepository.INFO: ======= Start AdmnGrps Repository ================  
[2023-06-08 09:51:53] AdmnGrpsRepository.INFO: Input Data : {"decoded":{"sub":"1","id":"1","userName":"super admin","userGroup":"1","email":"superadmin@msense.in","hotelId":"1","brandId":null,"iat":1686209300,"exp":1686295700}}  
[2023-06-08 09:51:53] AdmnGrpModel.INFO: Query : CALL SP_GroupConfig('0', '0', 0, '', 
            1, '', 10, '0', 
            0, '', 'DESC', 'GETALL')  
[2023-06-08 09:51:53] AdmnGrpModel.INFO: Group List Avaliable Group list count : 30  
[2023-06-08 09:51:53] AdmnGrpsRepository.INFO: ======= End AdmnGrps Repository ================  
[2023-06-08 09:51:59] AdmnGrpsRepository.INFO: ======= Start AdmnGrps Repository ================  
[2023-06-08 09:51:59] AdmnGrpsRepository.INFO: Input Data : {"decoded":{"sub":"1","id":"1","userName":"super admin","userGroup":"1","email":"superadmin@msense.in","hotelId":"1","brandId":null,"iat":1686209300,"exp":1686295700}}  
[2023-06-08 09:51:59] AdmnGrpModel.INFO: Query : CALL SP_GroupConfig('0', '0', 0, '', 
            1, '', 10, '0', 
            0, '', 'DESC', 'GETALL')  
[2023-06-08 09:51:59] AdmnGrpModel.INFO: Group List Avaliable Group list count : 30  
[2023-06-08 09:51:59] AdmnGrpsRepository.INFO: ======= End AdmnGrps Repository ================  
[2023-06-08 09:52:03] AdmnGrpsRepository.INFO: ======= Start AdmnGrps Repository ================  
[2023-06-08 09:52:03] AdmnGrpsRepository.INFO: Input Data : {"decoded":{"sub":"1","id":"1","userName":"super admin","userGroup":"1","email":"superadmin@msense.in","hotelId":"1","brandId":null,"iat":1686209300,"exp":1686295700}}  
[2023-06-08 09:52:03] AdmnGrpModel.INFO: Query : CALL SP_GroupConfig('0', '0', 0, '', 
            1, '', 10, '0', 
            0, '', 'DESC', 'GETALL')  
[2023-06-08 09:52:03] AdmnGrpModel.INFO: Group List Avaliable Group list count : 30  
[2023-06-08 09:52:03] AdmnGrpsRepository.INFO: ======= End AdmnGrps Repository ================  
[2023-06-08 09:55:59] AdmnGrpsRepository.INFO: ======= Start AdmnGrps Repository ================  
[2023-06-08 09:55:59] AdmnGrpsRepository.INFO: Input Data : {"decoded":{"sub":"1","id":"1","userName":"super admin","userGroup":"1","email":"superadmin@msense.in","hotelId":"1","brandId":null,"iat":1686209300,"exp":1686295700}}  
[2023-06-08 09:55:59] AdmnGrpModel.INFO: Query : CALL SP_GroupConfig('0', '0', 0, '', 
            1, '', 10, '0', 
            0, '', 'DESC', 'GETALL')  
[2023-06-08 09:55:59] AdmnGrpModel.INFO: Group List Avaliable Group list count : 30  
[2023-06-08 09:55:59] AdmnGrpsRepository.INFO: ======= End AdmnGrps Repository ================  
[2023-06-08 09:56:00] AdmnGrpsRepository.INFO: ======= Start AdmnGrps Repository ================  
[2023-06-08 09:56:00] AdmnGrpsRepository.INFO: Input Data : {"decoded":{"sub":"1","id":"1","userName":"super admin","userGroup":"1","email":"superadmin@msense.in","hotelId":"1","brandId":null,"iat":1686209300,"exp":1686295700}}  
[2023-06-08 09:56:00] AdmnGrpModel.INFO: Query : CALL SP_GroupConfig('0', '0', 0, '', 
            1, '', 10, '0', 
            0, '', 'DESC', 'GETALL')  
[2023-06-08 09:56:00] AdmnGrpModel.INFO: Group List Avaliable Group list count : 30  
[2023-06-08 09:56:00] AdmnGrpsRepository.INFO: ======= End AdmnGrps Repository ================  
[2023-06-08 09:56:05] AdmnGrpsRepository.INFO: ======= Start AdmnGrps Repository ================  
[2023-06-08 09:56:05] AdmnGrpsRepository.INFO: Input Data : {"decoded":{"sub":"1","id":"1","userName":"super admin","userGroup":"1","email":"superadmin@msense.in","hotelId":"1","brandId":null,"iat":1686209300,"exp":1686295700}}  
[2023-06-08 09:56:05] AdmnGrpModel.INFO: Query : CALL SP_GroupConfig('0', '0', 0, '', 
            1, '', 10, '0', 
            0, '', 'DESC', 'GETALL')  
[2023-06-08 09:56:05] AdmnGrpModel.INFO: Group List Avaliable Group list count : 30  
[2023-06-08 09:56:05] AdmnGrpsRepository.INFO: ======= End AdmnGrps Repository ================  
[2023-06-08 10:02:43] AdmnGrpsRepository.INFO: ======= Start AdmnGrps Repository ================  
[2023-06-08 10:02:43] AdmnGrpsRepository.INFO: Input Data : {"decoded":{"sub":"1","id":"1","userName":"super admin","userGroup":"1","email":"superadmin@msense.in","hotelId":"1","brandId":null,"iat":1686209300,"exp":1686295700}}  
[2023-06-08 10:02:43] AdmnGrpModel.INFO: Query : CALL SP_GroupConfig('0', '0', 0, '', 
            1, '', 10, '0', 
            0, '', 'DESC', 'GETALL')  
[2023-06-08 10:02:43] AdmnGrpModel.INFO: Group List Avaliable Group list count : 30  
[2023-06-08 10:02:43] AdmnGrpsRepository.INFO: ======= End AdmnGrps Repository ================  
[2023-06-08 11:04:51] AdmnGrpsRepository.INFO: ======= Start AdmnGrps Repository ================  
[2023-06-08 11:04:51] AdmnGrpsRepository.INFO: Input Data : {"decoded":{"sub":"1","id":"1","userName":"super admin","userGroup":"1","email":"superadmin@msense.in","hotelId":"1","brandId":null,"iat":1686222283,"exp":1686308683}}  
[2023-06-08 11:04:51] AdmnGrpModel.INFO: Query : CALL SP_GroupConfig('0', '0', 0, '', 
            1, '', 10, '0', 
            0, '', 'DESC', 'GETALL')  
[2023-06-08 11:04:51] AdmnGrpModel.INFO: Group List Avaliable Group list count : 30  
[2023-06-08 11:04:51] AdmnGrpsRepository.INFO: ======= End AdmnGrps Repository ================  
[2023-06-08 11:10:15] AdmnGrpsRepository.INFO: ======= Start AdmnGrps Repository ================  
[2023-06-08 11:10:15] AdmnGrpsRepository.INFO: Input Data : {"decoded":{"sub":"1","id":"1","userName":"super admin","userGroup":"1","email":"superadmin@msense.in","hotelId":"1","brandId":null,"iat":1686222283,"exp":1686308683}}  
[2023-06-08 11:10:15] AdmnGrpModel.INFO: Query : CALL SP_GroupConfig('0', '0', 0, '', 
            1, '', 10, '0', 
            0, '', 'DESC', 'GETALL')  
[2023-06-08 11:10:15] AdmnGrpModel.INFO: Group List Avaliable Group list count : 30  
[2023-06-08 11:10:15] AdmnGrpsRepository.INFO: ======= End AdmnGrps Repository ================  
