[2023-06-08 07:29:02] HotelAction.INFO: ======= Start Hotel Action (List) ================  
[2023-06-08 07:29:02] HotelAction.INFO: method : POST  
[2023-06-08 07:29:02] HotelAction.INFO: contentType : application/json  
[2023-06-08 07:29:02] HotelAction.INFO: Input Data : {"decoded":{"sub":"1","id":"1","userName":"super admin","userGroup":"1","email":"superadmin@msense.in","hotelId":"1","brandId":null,"iat":1686209300,"exp":1686295700}}  
[2023-06-08 07:29:02] HotelAction.INFO: ======= END Hotel Action (List) ================  
[2023-06-08 09:43:01] HotelAction.INFO: ======= Start Hotel Action (List) ================  
[2023-06-08 09:43:01] HotelAction.INFO: method : POST  
[2023-06-08 09:43:01] HotelAction.INFO: contentType : application/json  
[2023-06-08 09:43:01] HotelAction.INFO: Input Data : {"decoded":{"sub":"1","id":"1","userName":"super admin","userGroup":"1","email":"superadmin@msense.in","hotelId":"1","brandId":null,"iat":1686217185,"exp":1686303585}}  
[2023-06-08 09:43:01] HotelAction.INFO: ======= END Hotel Action (List) ================  
[2023-06-08 09:44:32] HotelAction.INFO: ======= Start Hotel Action (List) ================  
[2023-06-08 09:44:32] HotelAction.INFO: method : POST  
[2023-06-08 09:44:32] HotelAction.INFO: contentType : application/json  
[2023-06-08 09:44:32] HotelAction.INFO: Input Data : {"decoded":{"sub":"1","id":"1","userName":"super admin","userGroup":"1","email":"superadmin@msense.in","hotelId":"1","brandId":null,"iat":1686217185,"exp":1686303585}}  
[2023-06-08 09:44:32] HotelAction.INFO: ======= END Hotel Action (List) ================  
[2023-06-08 09:44:56] HotelAction.INFO: ======= Start Hotel Action (List) ================  
[2023-06-08 09:44:56] HotelAction.INFO: method : POST  
[2023-06-08 09:44:56] HotelAction.INFO: contentType : application/json  
[2023-06-08 09:44:56] HotelAction.INFO: Input Data : {"decoded":{"sub":"1","id":"1","userName":"super admin","userGroup":"1","email":"superadmin@msense.in","hotelId":"1","brandId":null,"iat":1686217185,"exp":1686303585}}  
[2023-06-08 09:44:56] HotelAction.INFO: ======= END Hotel Action (List) ================  
[2023-06-08 09:45:01] HotelAction.INFO: ======= Start Hotel Action (List) ================  
[2023-06-08 09:45:01] HotelAction.INFO: method : POST  
[2023-06-08 09:45:01] HotelAction.INFO: contentType : application/json  
[2023-06-08 09:45:01] HotelAction.INFO: Input Data : {"decoded":{"sub":"1","id":"1","userName":"super admin","userGroup":"1","email":"superadmin@msense.in","hotelId":"1","brandId":null,"iat":1686217185,"exp":1686303585}}  
[2023-06-08 09:45:01] HotelAction.INFO: ======= END Hotel Action (List) ================  
[2023-06-08 09:45:33] HotelAction.INFO: ======= Start Hotel Action (List) ================  
[2023-06-08 09:45:33] HotelAction.INFO: method : POST  
[2023-06-08 09:45:33] HotelAction.INFO: contentType : application/json  
[2023-06-08 09:45:33] HotelAction.INFO: Input Data : {"decoded":{"sub":"1","id":"1","userName":"super admin","userGroup":"1","email":"superadmin@msense.in","hotelId":"1","brandId":null,"iat":1686217185,"exp":1686303585}}  
[2023-06-08 09:45:33] HotelAction.INFO: ======= END Hotel Action (List) ================  
[2023-06-08 09:46:34] HotelAction.INFO: ======= Start Hotel Action (List) ================  
[2023-06-08 09:46:34] HotelAction.INFO: method : POST  
[2023-06-08 09:46:34] HotelAction.INFO: contentType : application/json  
[2023-06-08 09:46:34] HotelAction.INFO: Input Data : {"decoded":{"sub":"1","id":"1","userName":"super admin","userGroup":"1","email":"superadmin@msense.in","hotelId":"1","brandId":null,"iat":1686217185,"exp":1686303585}}  
[2023-06-08 09:46:34] HotelAction.INFO: ======= END Hotel Action (List) ================  
[2023-06-08 09:47:11] HotelAction.INFO: ======= Start Hotel Action (List) ================  
[2023-06-08 09:47:11] HotelAction.INFO: method : POST  
[2023-06-08 09:47:11] HotelAction.INFO: contentType : application/json  
[2023-06-08 09:47:11] HotelAction.INFO: Input Data : {"decoded":{"sub":"1","id":"1","userName":"super admin","userGroup":"1","email":"superadmin@msense.in","hotelId":"1","brandId":null,"iat":1686217185,"exp":1686303585}}  
[2023-06-08 09:47:11] HotelAction.INFO: ======= END Hotel Action (List) ================  
[2023-06-08 09:47:37] HotelAction.INFO: ======= Start Hotel Action (List) ================  
[2023-06-08 09:47:37] HotelAction.INFO: method : POST  
[2023-06-08 09:47:37] HotelAction.INFO: contentType : application/json  
[2023-06-08 09:47:37] HotelAction.INFO: Input Data : {"decoded":{"sub":"1","id":"1","userName":"super admin","userGroup":"1","email":"superadmin@msense.in","hotelId":"1","brandId":null,"iat":1686217185,"exp":1686303585}}  
[2023-06-08 09:47:37] HotelAction.INFO: ======= END Hotel Action (List) ================  
[2023-06-08 09:48:00] HotelAction.INFO: ======= Start Hotel Action (List) ================  
[2023-06-08 09:48:00] HotelAction.INFO: method : POST  
[2023-06-08 09:48:00] HotelAction.INFO: contentType : application/json  
[2023-06-08 09:48:00] HotelAction.INFO: Input Data : {"decoded":{"sub":"1","id":"1","userName":"super admin","userGroup":"1","email":"superadmin@msense.in","hotelId":"1","brandId":null,"iat":1686217185,"exp":1686303585}}  
[2023-06-08 09:48:00] HotelAction.INFO: ======= END Hotel Action (List) ================  
[2023-06-08 09:49:50] HotelAction.INFO: ======= Start Hotel Action (List) ================  
[2023-06-08 09:49:50] HotelAction.INFO: method : POST  
[2023-06-08 09:49:50] HotelAction.INFO: contentType : application/json  
[2023-06-08 09:49:50] HotelAction.INFO: Input Data : {"decoded":{"sub":"1","id":"1","userName":"super admin","userGroup":"1","email":"superadmin@msense.in","hotelId":"1","brandId":null,"iat":1686217185,"exp":1686303585}}  
[2023-06-08 09:49:50] HotelAction.INFO: ======= END Hotel Action (List) ================  
[2023-06-08 09:50:20] HotelAction.INFO: ======= Start Hotel Action (List) ================  
[2023-06-08 09:50:20] HotelAction.INFO: method : POST  
[2023-06-08 09:50:20] HotelAction.INFO: contentType : application/json  
[2023-06-08 09:50:20] HotelAction.INFO: Input Data : {"decoded":{"sub":"1","id":"1","userName":"super admin","userGroup":"1","email":"superadmin@msense.in","hotelId":"1","brandId":null,"iat":1686217185,"exp":1686303585}}  
[2023-06-08 09:50:20] HotelAction.INFO: ======= END Hotel Action (List) ================  
[2023-06-08 09:51:53] HotelAction.INFO: ======= Start Hotel Action (List) ================  
[2023-06-08 09:51:53] HotelAction.INFO: method : POST  
[2023-06-08 09:51:53] HotelAction.INFO: contentType : application/json  
[2023-06-08 09:51:53] HotelAction.INFO: Input Data : {"decoded":{"sub":"1","id":"1","userName":"super admin","userGroup":"1","email":"superadmin@msense.in","hotelId":"1","brandId":null,"iat":1686217185,"exp":1686303585}}  
[2023-06-08 09:51:53] HotelAction.INFO: ======= END Hotel Action (List) ================  
[2023-06-08 09:52:01] HotelAction.INFO: ======= Start Hotel Action (List) ================  
[2023-06-08 09:52:01] HotelAction.INFO: method : POST  
[2023-06-08 09:52:01] HotelAction.INFO: contentType : application/json  
[2023-06-08 09:52:01] HotelAction.INFO: Input Data : {"decoded":{"sub":"1","id":"1","userName":"super admin","userGroup":"1","email":"superadmin@msense.in","hotelId":"1","brandId":null,"iat":1686217185,"exp":1686303585}}  
[2023-06-08 09:52:01] HotelAction.INFO: ======= END Hotel Action (List) ================  
[2023-06-08 09:53:17] HotelAction.INFO: ======= Start Hotel Action (List) ================  
[2023-06-08 09:53:17] HotelAction.INFO: method : POST  
[2023-06-08 09:53:17] HotelAction.INFO: contentType : application/json  
[2023-06-08 09:53:17] HotelAction.INFO: Input Data : {"decoded":{"sub":"1","id":"1","userName":"super admin","userGroup":"1","email":"superadmin@msense.in","hotelId":"1","brandId":null,"iat":1686217185,"exp":1686303585}}  
[2023-06-08 09:53:17] HotelAction.INFO: ======= END Hotel Action (List) ================  
[2023-06-08 09:54:05] HotelAction.INFO: ======= Start Hotel Action (List) ================  
[2023-06-08 09:54:05] HotelAction.INFO: method : POST  
[2023-06-08 09:54:05] HotelAction.INFO: contentType : application/json  
[2023-06-08 09:54:05] HotelAction.INFO: Input Data : {"decoded":{"sub":"1","id":"1","userName":"super admin","userGroup":"1","email":"superadmin@msense.in","hotelId":"1","brandId":null,"iat":1686217185,"exp":1686303585}}  
[2023-06-08 09:54:05] HotelAction.INFO: ======= END Hotel Action (List) ================  
[2023-06-08 09:54:48] HotelAction.INFO: ======= Start Hotel Action (List) ================  
[2023-06-08 09:54:48] HotelAction.INFO: method : POST  
[2023-06-08 09:54:48] HotelAction.INFO: contentType : application/json  
[2023-06-08 09:54:48] HotelAction.INFO: Input Data : {"decoded":{"sub":"1","id":"1","userName":"super admin","userGroup":"1","email":"superadmin@msense.in","hotelId":"1","brandId":null,"iat":1686217185,"exp":1686303585}}  
[2023-06-08 09:54:48] HotelAction.INFO: ======= END Hotel Action (List) ================  
[2023-06-08 09:55:05] HotelAction.INFO: ======= Start Hotel Action (List) ================  
[2023-06-08 09:55:05] HotelAction.INFO: method : POST  
[2023-06-08 09:55:05] HotelAction.INFO: contentType : application/json  
[2023-06-08 09:55:05] HotelAction.INFO: Input Data : {"decoded":{"sub":"1","id":"1","userName":"super admin","userGroup":"1","email":"superadmin@msense.in","hotelId":"1","brandId":null,"iat":1686217185,"exp":1686303585}}  
[2023-06-08 09:55:05] HotelAction.INFO: ======= END Hotel Action (List) ================  
[2023-06-08 09:58:39] HotelAction.INFO: ======= Start Hotel Action (List) ================  
[2023-06-08 09:58:39] HotelAction.INFO: method : POST  
[2023-06-08 09:58:39] HotelAction.INFO: contentType : application/json  
[2023-06-08 09:58:39] HotelAction.INFO: Input Data : {"decoded":{"sub":"1","id":"1","userName":"super admin","userGroup":"1","email":"superadmin@msense.in","hotelId":"1","brandId":null,"iat":1686217185,"exp":1686303585}}  
[2023-06-08 09:58:39] HotelAction.INFO: ======= END Hotel Action (List) ================  
[2023-06-08 10:00:00] HotelAction.INFO: ======= Start Hotel Action (List) ================  
[2023-06-08 10:00:00] HotelAction.INFO: method : POST  
[2023-06-08 10:00:00] HotelAction.INFO: contentType : application/json  
[2023-06-08 10:00:00] HotelAction.INFO: Input Data : {"decoded":{"sub":"1","id":"1","userName":"super admin","userGroup":"1","email":"superadmin@msense.in","hotelId":"1","brandId":null,"iat":1686217185,"exp":1686303585}}  
[2023-06-08 10:00:00] HotelAction.INFO: ======= END Hotel Action (List) ================  
[2023-06-08 10:00:32] HotelAction.INFO: ======= Start Hotel Action (List) ================  
[2023-06-08 10:00:32] HotelAction.INFO: method : POST  
[2023-06-08 10:00:32] HotelAction.INFO: contentType : application/json  
[2023-06-08 10:00:32] HotelAction.INFO: Input Data : {"decoded":{"sub":"1","id":"1","userName":"super admin","userGroup":"1","email":"superadmin@msense.in","hotelId":"1","brandId":null,"iat":1686217185,"exp":1686303585}}  
[2023-06-08 10:00:32] HotelAction.INFO: ======= END Hotel Action (List) ================  
[2023-06-08 10:02:33] HotelAction.INFO: ======= Start Hotel Action (List) ================  
[2023-06-08 10:02:33] HotelAction.INFO: method : POST  
[2023-06-08 10:02:33] HotelAction.INFO: contentType : application/json  
[2023-06-08 10:02:33] HotelAction.INFO: Input Data : {"decoded":{"sub":"1","id":"1","userName":"super admin","userGroup":"1","email":"superadmin@msense.in","hotelId":"1","brandId":null,"iat":1686217185,"exp":1686303585}}  
[2023-06-08 10:02:33] HotelAction.INFO: ======= END Hotel Action (List) ================  
[2023-06-08 10:07:05] HotelAction.INFO: ======= Start Hotel Action (List) ================  
[2023-06-08 10:07:05] HotelAction.INFO: method : POST  
[2023-06-08 10:07:05] HotelAction.INFO: contentType : application/json  
[2023-06-08 10:07:05] HotelAction.INFO: Input Data : {"decoded":{"sub":"1","id":"1","userName":"super admin","userGroup":"1","email":"superadmin@msense.in","hotelId":"1","brandId":null,"iat":1686217185,"exp":1686303585}}  
[2023-06-08 10:07:05] HotelAction.INFO: ======= END Hotel Action (List) ================  
[2023-06-08 10:07:21] HotelAction.INFO: ======= Start Hotel Action (List) ================  
[2023-06-08 10:07:21] HotelAction.INFO: method : POST  
[2023-06-08 10:07:21] HotelAction.INFO: contentType : application/json  
[2023-06-08 10:07:21] HotelAction.INFO: Input Data : {"decoded":{"sub":"1","id":"1","userName":"super admin","userGroup":"1","email":"superadmin@msense.in","hotelId":"1","brandId":null,"iat":1686217185,"exp":1686303585}}  
[2023-06-08 10:07:21] HotelAction.INFO: ======= END Hotel Action (List) ================  
[2023-06-08 10:07:47] HotelAction.INFO: ======= Start Hotel Action (List) ================  
[2023-06-08 10:07:47] HotelAction.INFO: method : POST  
[2023-06-08 10:07:47] HotelAction.INFO: contentType : application/json  
[2023-06-08 10:07:47] HotelAction.INFO: Input Data : {"decoded":{"sub":"1","id":"1","userName":"super admin","userGroup":"1","email":"superadmin@msense.in","hotelId":"1","brandId":null,"iat":1686217185,"exp":1686303585}}  
[2023-06-08 10:07:47] HotelAction.INFO: ======= END Hotel Action (List) ================  
[2023-06-08 10:08:19] HotelAction.INFO: ======= Start Hotel Action (List) ================  
[2023-06-08 10:08:19] HotelAction.INFO: method : POST  
[2023-06-08 10:08:19] HotelAction.INFO: contentType : application/json  
[2023-06-08 10:08:19] HotelAction.INFO: Input Data : {"decoded":{"sub":"1","id":"1","userName":"super admin","userGroup":"1","email":"superadmin@msense.in","hotelId":"1","brandId":null,"iat":1686217185,"exp":1686303585}}  
[2023-06-08 10:08:19] HotelAction.INFO: ======= END Hotel Action (List) ================  
[2023-06-08 10:08:29] HotelAction.INFO: ======= Start Hotel Action (List) ================  
[2023-06-08 10:08:29] HotelAction.INFO: method : POST  
[2023-06-08 10:08:29] HotelAction.INFO: contentType : application/json  
[2023-06-08 10:08:29] HotelAction.INFO: Input Data : {"decoded":{"sub":"1","id":"1","userName":"super admin","userGroup":"1","email":"superadmin@msense.in","hotelId":"1","brandId":null,"iat":1686217185,"exp":1686303585}}  
[2023-06-08 10:08:29] HotelAction.INFO: ======= END Hotel Action (List) ================  
[2023-06-08 10:08:44] HotelAction.INFO: ======= Start Hotel Action (List) ================  
[2023-06-08 10:08:44] HotelAction.INFO: method : POST  
[2023-06-08 10:08:44] HotelAction.INFO: contentType : application/json  
[2023-06-08 10:08:44] HotelAction.INFO: Input Data : {"decoded":{"sub":"1","id":"1","userName":"super admin","userGroup":"1","email":"superadmin@msense.in","hotelId":"1","brandId":null,"iat":1686217185,"exp":1686303585}}  
[2023-06-08 10:08:44] HotelAction.INFO: ======= END Hotel Action (List) ================  
[2023-06-08 10:09:10] HotelAction.INFO: ======= Start Hotel Action (List) ================  
[2023-06-08 10:09:10] HotelAction.INFO: method : POST  
[2023-06-08 10:09:10] HotelAction.INFO: contentType : application/json  
[2023-06-08 10:09:10] HotelAction.INFO: Input Data : {"decoded":{"sub":"1","id":"1","userName":"super admin","userGroup":"1","email":"superadmin@msense.in","hotelId":"1","brandId":null,"iat":1686217185,"exp":1686303585}}  
[2023-06-08 10:09:10] HotelAction.INFO: ======= END Hotel Action (List) ================  
[2023-06-08 10:09:40] HotelAction.INFO: ======= Start Hotel Action (List) ================  
[2023-06-08 10:09:40] HotelAction.INFO: method : POST  
[2023-06-08 10:09:40] HotelAction.INFO: contentType : application/json  
[2023-06-08 10:09:40] HotelAction.INFO: Input Data : {"decoded":{"sub":"1","id":"1","userName":"super admin","userGroup":"1","email":"superadmin@msense.in","hotelId":"1","brandId":null,"iat":1686217185,"exp":1686303585}}  
[2023-06-08 10:09:40] HotelAction.INFO: ======= END Hotel Action (List) ================  
[2023-06-08 10:10:02] HotelAction.INFO: ======= Start Hotel Action (List) ================  
[2023-06-08 10:10:02] HotelAction.INFO: method : POST  
[2023-06-08 10:10:02] HotelAction.INFO: contentType : application/json  
[2023-06-08 10:10:02] HotelAction.INFO: Input Data : {"decoded":{"sub":"1","id":"1","userName":"super admin","userGroup":"1","email":"superadmin@msense.in","hotelId":"1","brandId":null,"iat":1686217185,"exp":1686303585}}  
[2023-06-08 10:10:02] HotelAction.INFO: ======= END Hotel Action (List) ================  
[2023-06-08 10:10:38] HotelAction.INFO: ======= Start Hotel Action (List) ================  
[2023-06-08 10:10:38] HotelAction.INFO: method : POST  
[2023-06-08 10:10:38] HotelAction.INFO: contentType : application/json  
[2023-06-08 10:10:38] HotelAction.INFO: Input Data : {"decoded":{"sub":"1","id":"1","userName":"super admin","userGroup":"1","email":"superadmin@msense.in","hotelId":"1","brandId":null,"iat":1686217185,"exp":1686303585}}  
[2023-06-08 10:10:38] HotelAction.INFO: ======= END Hotel Action (List) ================  
[2023-06-08 10:12:23] HotelAction.INFO: ======= Start Hotel Action (List) ================  
[2023-06-08 10:12:23] HotelAction.INFO: method : POST  
[2023-06-08 10:12:23] HotelAction.INFO: contentType : application/json  
[2023-06-08 10:12:23] HotelAction.INFO: Input Data : {"decoded":{"sub":"1","id":"1","userName":"super admin","userGroup":"1","email":"superadmin@msense.in","hotelId":"1","brandId":null,"iat":1686217185,"exp":1686303585}}  
[2023-06-08 10:12:23] HotelAction.INFO: ======= END Hotel Action (List) ================  
[2023-06-08 10:13:14] HotelAction.INFO: ======= Start Hotel Action (List) ================  
[2023-06-08 10:13:14] HotelAction.INFO: method : POST  
[2023-06-08 10:13:14] HotelAction.INFO: contentType : application/json  
[2023-06-08 10:13:14] HotelAction.INFO: Input Data : {"decoded":{"sub":"1","id":"1","userName":"super admin","userGroup":"1","email":"superadmin@msense.in","hotelId":"1","brandId":null,"iat":1686217185,"exp":1686303585}}  
[2023-06-08 10:13:14] HotelAction.INFO: ======= END Hotel Action (List) ================  
[2023-06-08 10:13:40] HotelAction.INFO: ======= Start Hotel Action (List) ================  
[2023-06-08 10:13:40] HotelAction.INFO: method : POST  
[2023-06-08 10:13:40] HotelAction.INFO: contentType : application/json  
[2023-06-08 10:13:40] HotelAction.INFO: Input Data : {"decoded":{"sub":"1","id":"1","userName":"super admin","userGroup":"1","email":"superadmin@msense.in","hotelId":"1","brandId":null,"iat":1686217185,"exp":1686303585}}  
[2023-06-08 10:13:40] HotelAction.INFO: ======= END Hotel Action (List) ================  
[2023-06-08 10:14:40] HotelAction.INFO: ======= Start Hotel Action (List) ================  
[2023-06-08 10:14:40] HotelAction.INFO: method : POST  
[2023-06-08 10:14:40] HotelAction.INFO: contentType : application/json  
[2023-06-08 10:14:40] HotelAction.INFO: Input Data : {"decoded":{"sub":"1","id":"1","userName":"super admin","userGroup":"1","email":"superadmin@msense.in","hotelId":"1","brandId":null,"iat":1686217185,"exp":1686303585}}  
[2023-06-08 10:14:40] HotelAction.INFO: ======= END Hotel Action (List) ================  
[2023-06-08 10:15:33] HotelAction.INFO: ======= Start Hotel Action (List) ================  
[2023-06-08 10:15:33] HotelAction.INFO: method : POST  
[2023-06-08 10:15:33] HotelAction.INFO: contentType : application/json  
[2023-06-08 10:15:33] HotelAction.INFO: Input Data : {"decoded":{"sub":"1","id":"1","userName":"super admin","userGroup":"1","email":"superadmin@msense.in","hotelId":"1","brandId":null,"iat":1686217185,"exp":1686303585}}  
[2023-06-08 10:15:33] HotelAction.INFO: ======= END Hotel Action (List) ================  
[2023-06-08 10:16:09] HotelAction.INFO: ======= Start Hotel Action (List) ================  
[2023-06-08 10:16:09] HotelAction.INFO: method : POST  
[2023-06-08 10:16:09] HotelAction.INFO: contentType : application/json  
[2023-06-08 10:16:09] HotelAction.INFO: Input Data : {"decoded":{"sub":"1","id":"1","userName":"super admin","userGroup":"1","email":"superadmin@msense.in","hotelId":"1","brandId":null,"iat":1686217185,"exp":1686303585}}  
[2023-06-08 10:16:09] HotelAction.INFO: ======= END Hotel Action (List) ================  
[2023-06-08 10:17:07] HotelAction.INFO: ======= Start Hotel Action (List) ================  
[2023-06-08 10:17:07] HotelAction.INFO: method : POST  
[2023-06-08 10:17:07] HotelAction.INFO: contentType : application/json  
[2023-06-08 10:17:07] HotelAction.INFO: Input Data : {"decoded":{"sub":"1","id":"1","userName":"super admin","userGroup":"1","email":"superadmin@msense.in","hotelId":"1","brandId":null,"iat":1686217185,"exp":1686303585}}  
[2023-06-08 10:17:07] HotelAction.INFO: ======= END Hotel Action (List) ================  
[2023-06-08 10:17:14] HotelAction.INFO: ======= Start Hotel Action (List) ================  
[2023-06-08 10:17:14] HotelAction.INFO: method : POST  
[2023-06-08 10:17:14] HotelAction.INFO: contentType : application/json  
[2023-06-08 10:17:14] HotelAction.INFO: Input Data : {"decoded":{"sub":"1","id":"1","userName":"super admin","userGroup":"1","email":"superadmin@msense.in","hotelId":"1","brandId":null,"iat":1686217185,"exp":1686303585}}  
[2023-06-08 10:17:14] HotelAction.INFO: ======= END Hotel Action (List) ================  
[2023-06-08 10:18:00] HotelAction.INFO: ======= Start Hotel Action (List) ================  
[2023-06-08 10:18:00] HotelAction.INFO: method : POST  
[2023-06-08 10:18:00] HotelAction.INFO: contentType : application/json  
[2023-06-08 10:18:00] HotelAction.INFO: Input Data : {"decoded":{"sub":"1","id":"1","userName":"super admin","userGroup":"1","email":"superadmin@msense.in","hotelId":"1","brandId":null,"iat":1686217185,"exp":1686303585}}  
[2023-06-08 10:18:00] HotelAction.INFO: ======= END Hotel Action (List) ================  
[2023-06-08 10:18:26] HotelAction.INFO: ======= Start Hotel Action (List) ================  
[2023-06-08 10:18:26] HotelAction.INFO: method : POST  
[2023-06-08 10:18:26] HotelAction.INFO: contentType : application/json  
[2023-06-08 10:18:26] HotelAction.INFO: Input Data : {"decoded":{"sub":"1","id":"1","userName":"super admin","userGroup":"1","email":"superadmin@msense.in","hotelId":"1","brandId":null,"iat":1686217185,"exp":1686303585}}  
[2023-06-08 10:18:26] HotelAction.INFO: ======= END Hotel Action (List) ================  
[2023-06-08 10:19:57] HotelAction.INFO: ======= Start Hotel Action (List) ================  
[2023-06-08 10:19:57] HotelAction.INFO: method : POST  
[2023-06-08 10:19:57] HotelAction.INFO: contentType : application/json  
[2023-06-08 10:19:57] HotelAction.INFO: Input Data : {"decoded":{"sub":"1","id":"1","userName":"super admin","userGroup":"1","email":"superadmin@msense.in","hotelId":"1","brandId":null,"iat":1686217185,"exp":1686303585}}  
[2023-06-08 10:19:57] HotelAction.INFO: ======= END Hotel Action (List) ================  
[2023-06-08 10:27:57] HotelAction.INFO: ======= Start Hotel Action (List) ================  
[2023-06-08 10:27:57] HotelAction.INFO: method : POST  
[2023-06-08 10:27:57] HotelAction.INFO: contentType : application/json  
[2023-06-08 10:27:57] HotelAction.INFO: Input Data : {"decoded":{"sub":"1","id":"1","userName":"super admin","userGroup":"1","email":"superadmin@msense.in","hotelId":"1","brandId":null,"iat":1686217185,"exp":1686303585}}  
[2023-06-08 10:27:57] HotelAction.INFO: ======= END Hotel Action (List) ================  
[2023-06-08 10:28:21] HotelAction.INFO: ======= Start Hotel Action (List) ================  
[2023-06-08 10:28:21] HotelAction.INFO: method : POST  
[2023-06-08 10:28:21] HotelAction.INFO: contentType : application/json  
[2023-06-08 10:28:21] HotelAction.INFO: Input Data : {"decoded":{"sub":"1","id":"1","userName":"super admin","userGroup":"1","email":"superadmin@msense.in","hotelId":"1","brandId":null,"iat":1686217185,"exp":1686303585}}  
[2023-06-08 10:28:21] HotelAction.INFO: ======= END Hotel Action (List) ================  
[2023-06-08 10:28:39] HotelAction.INFO: ======= Start Hotel Action (List) ================  
[2023-06-08 10:28:39] HotelAction.INFO: method : POST  
[2023-06-08 10:28:39] HotelAction.INFO: contentType : application/json  
[2023-06-08 10:28:39] HotelAction.INFO: Input Data : {"decoded":{"sub":"1","id":"1","userName":"super admin","userGroup":"1","email":"superadmin@msense.in","hotelId":"1","brandId":null,"iat":1686217185,"exp":1686303585}}  
[2023-06-08 10:28:39] HotelAction.INFO: ======= END Hotel Action (List) ================  
[2023-06-08 10:29:00] HotelAction.INFO: ======= Start Hotel Action (List) ================  
[2023-06-08 10:29:00] HotelAction.INFO: method : POST  
[2023-06-08 10:29:00] HotelAction.INFO: contentType : application/json  
[2023-06-08 10:29:00] HotelAction.INFO: Input Data : {"decoded":{"sub":"1","id":"1","userName":"super admin","userGroup":"1","email":"superadmin@msense.in","hotelId":"1","brandId":null,"iat":1686217185,"exp":1686303585}}  
[2023-06-08 10:29:00] HotelAction.INFO: ======= END Hotel Action (List) ================  
[2023-06-08 10:29:03] HotelAction.INFO: ======= Start Hotel Action (List) ================  
[2023-06-08 10:29:03] HotelAction.INFO: method : POST  
[2023-06-08 10:29:03] HotelAction.INFO: contentType : application/json  
[2023-06-08 10:29:03] HotelAction.INFO: Input Data : {"decoded":{"sub":"1","id":"1","userName":"super admin","userGroup":"1","email":"superadmin@msense.in","hotelId":"1","brandId":null,"iat":1686217185,"exp":1686303585}}  
[2023-06-08 10:29:03] HotelAction.INFO: ======= END Hotel Action (List) ================  
[2023-06-08 10:30:23] HotelAction.INFO: ======= Start Hotel Action (List) ================  
[2023-06-08 10:30:23] HotelAction.INFO: method : POST  
[2023-06-08 10:30:23] HotelAction.INFO: contentType : application/json  
[2023-06-08 10:30:23] HotelAction.INFO: Input Data : {"decoded":{"sub":"1","id":"1","userName":"super admin","userGroup":"1","email":"superadmin@msense.in","hotelId":"1","brandId":null,"iat":1686217185,"exp":1686303585}}  
[2023-06-08 10:30:23] HotelAction.INFO: ======= END Hotel Action (List) ================  
