[2023-06-08 07:29:06] AdmnUsrsRepository.INFO: ======= Start AdmnUsrs Repository ================  
[2023-06-08 07:29:06] AdmnUsrsRepository.INFO: Input Data : {"decoded":{"sub":"1","id":"1","userName":"super admin","userGroup":"1","email":"superadmin@msense.in","hotelId":"1","brandId":null,"iat":1686209300,"exp":1686295700}}  
[2023-06-08 07:29:06] AdmnUsrModel.INFO: Query : CALL SP_AdmnUsrConfig('0', '0', 0, '', '', '', 0, 0, '','','', '', 
            1, '', 10, '0', 
            0, '', 'DESC', 'GETALL')  
[2023-06-08 07:29:06] AdmnUsrModel.INFO: Admin User List Avaliable User list count : 10  
[2023-06-08 07:29:06] AdmnUsrsRepository.INFO: ======= End AdmnUsrs Repository ================  
[2023-06-08 09:39:50] AdmnUsrsRepository.INFO: ======= Start AdmnUsrs Repository ================  
[2023-06-08 09:39:50] AdmnUsrsRepository.INFO: Input Data : {"decoded":{"sub":"1","id":"1","userName":"super admin","userGroup":"1","email":"superadmin@msense.in","hotelId":"1","brandId":null,"iat":1686217185,"exp":1686303585}}  
[2023-06-08 09:39:50] AdmnUsrModel.INFO: Query : CALL SP_AdmnUsrConfig('0', '0', 0, '', '', '', 0, 0, '','','', '', 
            1, '', 10, '0', 
            0, '', 'DESC', 'GETALL')  
[2023-06-08 09:39:50] AdmnUsrModel.INFO: Admin User List Avaliable User list count : 10  
[2023-06-08 09:39:50] AdmnUsrsRepository.INFO: ======= End AdmnUsrs Repository ================  
[2023-06-08 09:51:02] AdmnUsrsRepository.INFO: ======= Start AdmnUsrs Repository ================  
[2023-06-08 09:51:02] AdmnUsrsRepository.INFO: Input Data : {"decoded":{"sub":"1","id":"1","userName":"super admin","userGroup":"1","email":"superadmin@msense.in","hotelId":"1","brandId":null,"iat":1686209300,"exp":1686295700}}  
[2023-06-08 09:51:02] AdmnUsrModel.INFO: Query : CALL SP_AdmnUsrConfig('0', '0', 0, '', '', '', 0, 0, '','','', '', 
            1, '', 10, '0', 
            0, '', 'DESC', 'GETALL')  
[2023-06-08 09:51:02] AdmnUsrModel.INFO: Admin User List Avaliable User list count : 10  
[2023-06-08 09:51:02] AdmnUsrsRepository.INFO: ======= End AdmnUsrs Repository ================  
[2023-06-08 09:51:53] AdmnUsrsRepository.INFO: ======= Start AdmnUsrs Repository ================  
[2023-06-08 09:51:53] AdmnUsrsRepository.INFO: Input Data : {"decoded":{"sub":"1","id":"1","userName":"super admin","userGroup":"1","email":"superadmin@msense.in","hotelId":"1","brandId":null,"iat":1686209300,"exp":1686295700}}  
[2023-06-08 09:51:53] AdmnUsrModel.INFO: Query : CALL SP_AdmnUsrConfig('0', '0', 0, '', '', '', 0, 0, '','','', '', 
            1, '', 10, '0', 
            0, '', 'DESC', 'GETALL')  
[2023-06-08 09:51:53] AdmnUsrModel.INFO: Admin User List Avaliable User list count : 10  
[2023-06-08 09:51:53] AdmnUsrsRepository.INFO: ======= End AdmnUsrs Repository ================  
[2023-06-08 09:51:59] AdmnUsrsRepository.INFO: ======= Start AdmnUsrs Repository ================  
[2023-06-08 09:51:59] AdmnUsrsRepository.INFO: Input Data : {"decoded":{"sub":"1","id":"1","userName":"super admin","userGroup":"1","email":"superadmin@msense.in","hotelId":"1","brandId":null,"iat":1686209300,"exp":1686295700}}  
[2023-06-08 09:51:59] AdmnUsrModel.INFO: Query : CALL SP_AdmnUsrConfig('0', '0', 0, '', '', '', 0, 0, '','','', '', 
            1, '', 10, '0', 
            0, '', 'DESC', 'GETALL')  
[2023-06-08 09:51:59] AdmnUsrModel.INFO: Admin User List Avaliable User list count : 10  
[2023-06-08 09:51:59] AdmnUsrsRepository.INFO: ======= End AdmnUsrs Repository ================  
[2023-06-08 09:52:03] AdmnUsrsRepository.INFO: ======= Start AdmnUsrs Repository ================  
[2023-06-08 09:52:03] AdmnUsrsRepository.INFO: Input Data : {"decoded":{"sub":"1","id":"1","userName":"super admin","userGroup":"1","email":"superadmin@msense.in","hotelId":"1","brandId":null,"iat":1686209300,"exp":1686295700}}  
[2023-06-08 09:52:03] AdmnUsrModel.INFO: Query : CALL SP_AdmnUsrConfig('0', '0', 0, '', '', '', 0, 0, '','','', '', 
            1, '', 10, '0', 
            0, '', 'DESC', 'GETALL')  
[2023-06-08 09:52:03] AdmnUsrModel.INFO: Admin User List Avaliable User list count : 10  
[2023-06-08 09:52:03] AdmnUsrsRepository.INFO: ======= End AdmnUsrs Repository ================  
[2023-06-08 09:55:59] AdmnUsrsRepository.INFO: ======= Start AdmnUsrs Repository ================  
[2023-06-08 09:55:59] AdmnUsrsRepository.INFO: Input Data : {"decoded":{"sub":"1","id":"1","userName":"super admin","userGroup":"1","email":"superadmin@msense.in","hotelId":"1","brandId":null,"iat":1686209300,"exp":1686295700}}  
[2023-06-08 09:55:59] AdmnUsrModel.INFO: Query : CALL SP_AdmnUsrConfig('0', '0', 0, '', '', '', 0, 0, '','','', '', 
            1, '', 10, '0', 
            0, '', 'DESC', 'GETALL')  
[2023-06-08 09:55:59] AdmnUsrModel.INFO: Admin User List Avaliable User list count : 10  
[2023-06-08 09:55:59] AdmnUsrsRepository.INFO: ======= End AdmnUsrs Repository ================  
[2023-06-08 09:56:05] AdmnUsrsRepository.INFO: ======= Start AdmnUsrs Repository ================  
[2023-06-08 09:56:05] AdmnUsrsRepository.INFO: Input Data : {"decoded":{"sub":"1","id":"1","userName":"super admin","userGroup":"1","email":"superadmin@msense.in","hotelId":"1","brandId":null,"iat":1686209300,"exp":1686295700}}  
[2023-06-08 09:56:05] AdmnUsrModel.INFO: Query : CALL SP_AdmnUsrConfig('0', '0', 0, '', '', '', 0, 0, '','','', '', 
            1, '', 10, '0', 
            0, '', 'DESC', 'GETALL')  
[2023-06-08 09:56:05] AdmnUsrModel.INFO: Admin User List Avaliable User list count : 10  
[2023-06-08 09:56:05] AdmnUsrsRepository.INFO: ======= End AdmnUsrs Repository ================  
[2023-06-08 10:02:43] AdmnUsrsRepository.INFO: ======= Start AdmnUsrs Repository ================  
[2023-06-08 10:02:43] AdmnUsrsRepository.INFO: Input Data : {"decoded":{"sub":"1","id":"1","userName":"super admin","userGroup":"1","email":"superadmin@msense.in","hotelId":"1","brandId":null,"iat":1686209300,"exp":1686295700}}  
[2023-06-08 10:02:43] AdmnUsrModel.INFO: Query : CALL SP_AdmnUsrConfig('0', '0', 0, '', '', '', 0, 0, '','','', '', 
            1, '', 10, '0', 
            0, '', 'DESC', 'GETALL')  
[2023-06-08 10:02:43] AdmnUsrModel.INFO: Admin User List Avaliable User list count : 10  
[2023-06-08 10:02:43] AdmnUsrsRepository.INFO: ======= End AdmnUsrs Repository ================  
[2023-06-08 11:04:51] AdmnUsrsRepository.INFO: ======= Start AdmnUsrs Repository ================  
[2023-06-08 11:04:51] AdmnUsrsRepository.INFO: Input Data : {"decoded":{"sub":"1","id":"1","userName":"super admin","userGroup":"1","email":"superadmin@msense.in","hotelId":"1","brandId":null,"iat":1686222283,"exp":1686308683}}  
[2023-06-08 11:04:51] AdmnUsrModel.INFO: Query : CALL SP_AdmnUsrConfig('0', '0', 0, '', '', '', 0, 0, '','','', '', 
            1, '', 10, '0', 
            0, '', 'DESC', 'GETALL')  
[2023-06-08 11:04:51] AdmnUsrModel.INFO: Admin User List Avaliable User list count : 10  
[2023-06-08 11:04:51] AdmnUsrsRepository.INFO: ======= End AdmnUsrs Repository ================  
[2023-06-08 11:10:15] AdmnUsrsRepository.INFO: ======= Start AdmnUsrs Repository ================  
[2023-06-08 11:10:15] AdmnUsrsRepository.INFO: Input Data : {"decoded":{"sub":"1","id":"1","userName":"super admin","userGroup":"1","email":"superadmin@msense.in","hotelId":"1","brandId":null,"iat":1686222283,"exp":1686308683}}  
[2023-06-08 11:10:15] AdmnUsrModel.INFO: Query : CALL SP_AdmnUsrConfig('0', '0', 0, '', '', '', 0, 0, '','','', '', 
            1, '', 10, '0', 
            0, '', 'DESC', 'GETALL')  
[2023-06-08 11:10:15] AdmnUsrModel.INFO: Admin User List Avaliable User list count : 10  
[2023-06-08 11:10:15] AdmnUsrsRepository.INFO: ======= End AdmnUsrs Repository ================  
