[2023-06-13 13:06:38] AdmnUsrsAction.INFO: ======= Start AdmnUsrs Action (List) ================  
[2023-06-13 13:06:38] AdmnUsrsAction.INFO: method : POST  
[2023-06-13 13:06:38] AdmnUsrsAction.INFO: contentType : application/json  
[2023-06-13 13:06:38] AdmnUsrsAction.INFO: Input Data : {"decoded":{"sub":"1","id":"1","userName":"super admin","userGroup":"1","email":"superadmin@msense.in","hotelId":"1","brandId":null,"iat":1686658599,"exp":1686744999}}  
[2023-06-13 13:06:38] AdmnUsrsAction.INFO: ======= END AdmnUsrs Action (List) ================  
[2023-06-13 18:34:50] AdmnUsrsAction.INFO: ======= Start AdmnUsrs Action (List) ================  
[2023-06-13 18:34:50] AdmnUsrsAction.INFO: method : POST  
[2023-06-13 18:34:50] AdmnUsrsAction.INFO: contentType : application/json  
[2023-06-13 18:34:50] AdmnUsrsAction.INFO: Input Data : {"decoded":{"sub":"1","id":"1","userName":"super admin","userGroup":"1","email":"superadmin@msense.in","hotelId":"1","brandId":null,"iat":1686681143,"exp":1686767543}}  
[2023-06-13 18:34:50] AdmnUsrsAction.INFO: ======= END AdmnUsrs Action (List) ================  
[2023-06-13 18:34:57] AdmnUsrsAction.INFO: ======= Start AdmnUsrs Action (Activate De-Activate User) ================  
[2023-06-13 18:34:57] AdmnUsrsAction.INFO: method : PUT  
[2023-06-13 18:34:57] AdmnUsrsAction.INFO: contentType : application/json  
[2023-06-13 18:34:57] AdmnUsrsAction.INFO: Input Data : {"decoded":{"sub":"1","id":"1","userName":"super admin","userGroup":"1","email":"superadmin@msense.in","hotelId":"1","brandId":null,"iat":1686681143,"exp":1686767543}}  
[2023-06-13 18:34:57] AdmnUsrsAction.INFO: admin user id : 9  
[2023-06-13 18:34:57] AdmnUsrsRepository.INFO: ======= Start AdmnUsrs Repository (activeOrDeactiveUser) ================  
[2023-06-13 18:34:57] AdmnUsrsRepository.INFO: Update Status : User Activated Successfully  
[2023-06-13 18:34:57] AdmnUsrsRepository.INFO: ======= End AdmnUsrs Repository (activeOrDeactiveUser) ================  
[2023-06-13 18:34:57] AdmnUsrsAction.INFO: update Status : User Activated Successfully  
[2023-06-13 18:34:57] AdmnUsrsAction.INFO: ======= END AdmnUsrs Action (Activate De-Activate User) ================  
[2023-06-13 18:34:57] AdmnUsrsAction.INFO: ======= Start AdmnUsrs Action (List) ================  
[2023-06-13 18:34:57] AdmnUsrsAction.INFO: method : POST  
[2023-06-13 18:34:57] AdmnUsrsAction.INFO: contentType : application/json  
[2023-06-13 18:34:57] AdmnUsrsAction.INFO: Input Data : {"decoded":{"sub":"1","id":"1","userName":"super admin","userGroup":"1","email":"superadmin@msense.in","hotelId":"1","brandId":null,"iat":1686681143,"exp":1686767543}}  
[2023-06-13 18:34:57] AdmnUsrsAction.INFO: ======= END AdmnUsrs Action (List) ================  
[2023-06-13 18:34:59] AdmnUsrsAction.INFO: ======= Start AdmnUsrs Action (Activate De-Activate User) ================  
[2023-06-13 18:34:59] AdmnUsrsAction.INFO: method : PUT  
[2023-06-13 18:34:59] AdmnUsrsAction.INFO: contentType : application/json  
[2023-06-13 18:34:59] AdmnUsrsAction.INFO: Input Data : {"decoded":{"sub":"1","id":"1","userName":"super admin","userGroup":"1","email":"superadmin@msense.in","hotelId":"1","brandId":null,"iat":1686681143,"exp":1686767543}}  
[2023-06-13 18:34:59] AdmnUsrsAction.INFO: admin user id : 9  
[2023-06-13 18:34:59] AdmnUsrsRepository.INFO: ======= Start AdmnUsrs Repository (activeOrDeactiveUser) ================  
[2023-06-13 18:34:59] AdmnUsrsRepository.INFO: Update Status : User Deactivated Successfully  
[2023-06-13 18:34:59] AdmnUsrsRepository.INFO: ======= End AdmnUsrs Repository (activeOrDeactiveUser) ================  
[2023-06-13 18:34:59] AdmnUsrsAction.INFO: update Status : User Deactivated Successfully  
[2023-06-13 18:34:59] AdmnUsrsAction.INFO: ======= END AdmnUsrs Action (Activate De-Activate User) ================  
[2023-06-13 18:34:59] AdmnUsrsAction.INFO: ======= Start AdmnUsrs Action (List) ================  
[2023-06-13 18:34:59] AdmnUsrsAction.INFO: method : POST  
[2023-06-13 18:34:59] AdmnUsrsAction.INFO: contentType : application/json  
[2023-06-13 18:34:59] AdmnUsrsAction.INFO: Input Data : {"decoded":{"sub":"1","id":"1","userName":"super admin","userGroup":"1","email":"superadmin@msense.in","hotelId":"1","brandId":null,"iat":1686681143,"exp":1686767543}}  
[2023-06-13 18:34:59] AdmnUsrsAction.INFO: ======= END AdmnUsrs Action (List) ================  
