[2023-06-13 04:55:21] AdmnGrpsAction.INFO: ======= Start AdmnGrps Action (List) ================  
[2023-06-13 04:55:21] AdmnGrpsAction.INFO: method : POST  
[2023-06-13 04:55:21] AdmnGrpsAction.INFO: contentType : application/json  
[2023-06-13 04:55:21] AdmnGrpsAction.INFO: Input Data : {"decoded":{"sub":"1","id":"1","userName":"super admin","userGroup":"1","email":"superadmin@msense.in","hotelId":"1","brandId":null,"iat":1686632118,"exp":1686718518}}  
[2023-06-13 04:55:21] AdmnGrpsAction.INFO: ======= END AdmnGrps Action (List) ================  
[2023-06-13 04:55:28] AdmnGrpsAction.INFO: ======= Start AdmnGrps Action (List) ================  
[2023-06-13 04:55:28] AdmnGrpsAction.INFO: method : POST  
[2023-06-13 04:55:28] AdmnGrpsAction.INFO: contentType : application/json  
[2023-06-13 04:55:28] AdmnGrpsAction.INFO: Input Data : {"decoded":{"sub":"1","id":"1","userName":"super admin","userGroup":"1","email":"superadmin@msense.in","hotelId":"1","brandId":null,"iat":1686632118,"exp":1686718518}}  
[2023-06-13 04:55:28] AdmnGrpsAction.INFO: ======= END AdmnGrps Action (List) ================  
[2023-06-13 04:55:32] AdmnGrpsAction.INFO: ======= Start AdmnGrps Action (List) ================  
[2023-06-13 04:55:32] AdmnGrpsAction.INFO: method : POST  
[2023-06-13 04:55:32] AdmnGrpsAction.INFO: contentType : application/json  
[2023-06-13 04:55:32] AdmnGrpsAction.INFO: Input Data : {"decoded":{"sub":"1","id":"1","userName":"super admin","userGroup":"1","email":"superadmin@msense.in","hotelId":"1","brandId":null,"iat":1686632118,"exp":1686718518}}  
[2023-06-13 04:55:32] AdmnGrpsAction.INFO: ======= END AdmnGrps Action (List) ================  
[2023-06-13 05:31:35] AdmnGrpsAction.INFO: ======= Start AdmnGrps Action (Single One) ================  
[2023-06-13 05:31:35] AdmnGrpsAction.INFO: method : GET  
[2023-06-13 05:31:35] AdmnGrpsAction.INFO: contentType : application/json  
[2023-06-13 05:31:35] AdmnGrpsAction.INFO: Input Data : {"menuid":"1","pageIndex":"0","pageSize":"25","searchValue":"","sortName":"GroupID","sortOrder":"DESC","decoded":{"sub":"1","id":"1","email":"superadmin@example.com","designation":"Hotel Manager","mobileno":"9655957812","iat":1686634267,"exp":1686720667}}  
[2023-06-13 05:31:35] AdmnGrpsAction.INFO: group id : list  
[2023-06-13 05:46:56] AdmnGrpsAction.INFO: ======= Start AdmnGrps Action (Single One) ================  
[2023-06-13 05:46:56] AdmnGrpsAction.INFO: method : GET  
[2023-06-13 05:46:56] AdmnGrpsAction.INFO: contentType : application/json  
[2023-06-13 05:46:56] AdmnGrpsAction.INFO: Input Data : {"decoded":{"sub":"1","id":"1","userName":"super admin","userGroup":"1","email":"superadmin@msense.in","hotelId":"1","brandId":null,"iat":1686632118,"exp":1686718518}}  
[2023-06-13 05:46:56] AdmnGrpsAction.INFO: group id : 30  
[2023-06-13 05:46:56] AdmnGrpsAction.INFO: ======= END AdmnGrps Action (Single One) ================  
[2023-06-13 05:47:02] AdmnGrpsAction.INFO: ======= Start AdmnGrps Action (Single One) ================  
[2023-06-13 05:47:02] AdmnGrpsAction.INFO: method : GET  
[2023-06-13 05:47:02] AdmnGrpsAction.INFO: contentType : application/json  
[2023-06-13 05:47:02] AdmnGrpsAction.INFO: Input Data : {"decoded":{"sub":"1","id":"1","userName":"super admin","userGroup":"1","email":"superadmin@msense.in","hotelId":"1","brandId":null,"iat":1686632118,"exp":1686718518}}  
[2023-06-13 05:47:02] AdmnGrpsAction.INFO: group id : 30  
[2023-06-13 05:47:02] AdmnGrpsAction.INFO: ======= END AdmnGrps Action (Single One) ================  
[2023-06-13 05:52:36] AdmnGrpsAction.INFO: ======= Start AdmnGrps Action (List) ================  
[2023-06-13 05:52:36] AdmnGrpsAction.INFO: method : POST  
[2023-06-13 05:52:36] AdmnGrpsAction.INFO: contentType : application/json  
[2023-06-13 05:52:36] AdmnGrpsAction.INFO: Input Data : {"decoded":{"sub":"1","id":"1","userName":"super admin","userGroup":"1","email":"superadmin@msense.in","hotelId":"1","brandId":null,"iat":1686632118,"exp":1686718518}}  
[2023-06-13 05:52:36] AdmnGrpsAction.INFO: ======= END AdmnGrps Action (List) ================  
[2023-06-13 13:06:38] AdmnGrpsAction.INFO: ======= Start AdmnGrps Action (List) ================  
[2023-06-13 13:06:38] AdmnGrpsAction.INFO: method : POST  
[2023-06-13 13:06:38] AdmnGrpsAction.INFO: contentType : application/json  
[2023-06-13 13:06:38] AdmnGrpsAction.INFO: Input Data : {"decoded":{"sub":"1","id":"1","userName":"super admin","userGroup":"1","email":"superadmin@msense.in","hotelId":"1","brandId":null,"iat":1686658599,"exp":1686744999}}  
[2023-06-13 13:06:38] AdmnGrpsAction.INFO: ======= END AdmnGrps Action (List) ================  
[2023-06-13 18:34:50] AdmnGrpsAction.INFO: ======= Start AdmnGrps Action (List) ================  
[2023-06-13 18:34:50] AdmnGrpsAction.INFO: method : POST  
[2023-06-13 18:34:50] AdmnGrpsAction.INFO: contentType : application/json  
[2023-06-13 18:34:50] AdmnGrpsAction.INFO: Input Data : {"decoded":{"sub":"1","id":"1","userName":"super admin","userGroup":"1","email":"superadmin@msense.in","hotelId":"1","brandId":null,"iat":1686681143,"exp":1686767543}}  
[2023-06-13 18:34:50] AdmnGrpsAction.INFO: ======= END AdmnGrps Action (List) ================  
[2023-06-13 18:34:57] AdmnGrpsAction.INFO: ======= Start AdmnGrps Action (List) ================  
[2023-06-13 18:34:57] AdmnGrpsAction.INFO: method : POST  
[2023-06-13 18:34:57] AdmnGrpsAction.INFO: contentType : application/json  
[2023-06-13 18:34:57] AdmnGrpsAction.INFO: Input Data : {"decoded":{"sub":"1","id":"1","userName":"super admin","userGroup":"1","email":"superadmin@msense.in","hotelId":"1","brandId":null,"iat":1686681143,"exp":1686767543}}  
[2023-06-13 18:34:57] AdmnGrpsAction.INFO: ======= END AdmnGrps Action (List) ================  
[2023-06-13 18:34:59] AdmnGrpsAction.INFO: ======= Start AdmnGrps Action (List) ================  
[2023-06-13 18:34:59] AdmnGrpsAction.INFO: method : POST  
[2023-06-13 18:34:59] AdmnGrpsAction.INFO: contentType : application/json  
[2023-06-13 18:34:59] AdmnGrpsAction.INFO: Input Data : {"decoded":{"sub":"1","id":"1","userName":"super admin","userGroup":"1","email":"superadmin@msense.in","hotelId":"1","brandId":null,"iat":1686681143,"exp":1686767543}}  
[2023-06-13 18:34:59] AdmnGrpsAction.INFO: ======= END AdmnGrps Action (List) ================  
[2023-06-13 18:35:03] AdmnGrpsAction.INFO: ======= Start AdmnGrps Action (List) ================  
[2023-06-13 18:35:03] AdmnGrpsAction.INFO: method : POST  
[2023-06-13 18:35:03] AdmnGrpsAction.INFO: contentType : application/json  
[2023-06-13 18:35:03] AdmnGrpsAction.INFO: Input Data : {"decoded":{"sub":"1","id":"1","userName":"super admin","userGroup":"1","email":"superadmin@msense.in","hotelId":"1","brandId":null,"iat":1686681143,"exp":1686767543}}  
[2023-06-13 18:35:03] AdmnGrpsAction.INFO: ======= END AdmnGrps Action (List) ================  
[2023-06-13 18:35:17] AdmnGrpsAction.INFO: ======= Start AdmnGrps Action (List) ================  
[2023-06-13 18:35:17] AdmnGrpsAction.INFO: method : POST  
[2023-06-13 18:35:17] AdmnGrpsAction.INFO: contentType : application/json  
[2023-06-13 18:35:17] AdmnGrpsAction.INFO: Input Data : {"decoded":{"sub":"1","id":"1","userName":"super admin","userGroup":"1","email":"superadmin@msense.in","hotelId":"1","brandId":null,"iat":1686681143,"exp":1686767543}}  
[2023-06-13 18:35:17] AdmnGrpsAction.INFO: ======= END AdmnGrps Action (List) ================  
