[2023-06-13 04:20:15] LoginAction.INFO: ======= Start Login Action ================  
[2023-06-13 04:20:15] LoginAction.INFO: Input Data : {"email":"superadmin@msense.in","password":"1234567"}  
[2023-06-13 04:20:15] LoginModel.INFO: Query : call SP_Doauth('superadmin@msense.in','QUwxT0hwRExsV2g4VXpFNkdocllPQT09')  
[2023-06-13 04:20:15] LoginModel.INFO: User Data : {"username":"super admin","userGroup":"1","loginid":"1","email":"superadmin@msense.in","mobileno":"9677889090","designation":"Manage_rCate","hotelId":"1","brandId":null}  
[2023-06-13 04:20:15] LoginAction.INFO: ======= END Login Action ================  
[2023-06-13 04:25:28] LoginAction.INFO: ======= Start Login Action ================  
[2023-06-13 04:25:28] LoginAction.INFO: Input Data : {"email":"superadmin@msense.in","password":"1234567"}  
[2023-06-13 04:25:28] LoginModel.INFO: Query : call SP_Doauth('superadmin@msense.in','QUwxT0hwRExsV2g4VXpFNkdocllPQT09')  
[2023-06-13 04:25:28] LoginModel.INFO: User Data : {"username":"super admin","userGroup":"1","loginid":"1","email":"superadmin@msense.in","mobileno":"9677889090","designation":"Manage_rCate","hotelId":"1","brandId":null}  
[2023-06-13 04:25:28] LoginAction.INFO: ======= END Login Action ================  
[2023-06-13 04:25:41] LoginAction.INFO: ======= Start Login Action ================  
[2023-06-13 04:25:41] LoginAction.INFO: Input Data : {"email":"superadmin@msense.in","password":"1234567"}  
[2023-06-13 04:25:41] LoginModel.INFO: Query : call SP_Doauth('superadmin@msense.in','QUwxT0hwRExsV2g4VXpFNkdocllPQT09')  
[2023-06-13 04:25:41] LoginModel.INFO: User Data : {"username":"super admin","userGroup":"1","loginid":"1","email":"superadmin@msense.in","mobileno":"9677889090","designation":"Manage_rCate","hotelId":"1","brandId":null}  
[2023-06-13 04:25:41] LoginAction.INFO: ======= END Login Action ================  
[2023-06-13 04:30:14] LoginAction.INFO: ======= Start Login Action ================  
[2023-06-13 04:30:14] LoginAction.INFO: Input Data : {"email":"superadmin@msense.in","password":"1234567"}  
[2023-06-13 04:30:14] LoginModel.INFO: Query : call SP_Doauth('superadmin@msense.in','QUwxT0hwRExsV2g4VXpFNkdocllPQT09')  
[2023-06-13 04:30:14] LoginModel.INFO: User Data : {"username":"super admin","userGroup":"1","loginid":"1","email":"superadmin@msense.in","mobileno":"9677889090","designation":"Manage_rCate","hotelId":"1","brandId":null}  
[2023-06-13 04:30:14] LoginAction.INFO: ======= END Login Action ================  
[2023-06-13 04:48:57] LoginAction.INFO: ======= Start Login Action ================  
[2023-06-13 04:48:57] LoginAction.INFO: Input Data : {"email":"superadmin@msense.in","password":"1234567"}  
[2023-06-13 04:48:57] LoginModel.INFO: Query : call SP_Doauth('superadmin@msense.in','QUwxT0hwRExsV2g4VXpFNkdocllPQT09')  
[2023-06-13 04:48:57] LoginModel.INFO: User Data : {"username":"super admin","userGroup":"1","loginid":"1","email":"superadmin@msense.in","mobileno":"9677889090","designation":"Manage_rCate","hotelId":"1","brandId":null}  
[2023-06-13 04:48:57] LoginAction.INFO: ======= END Login Action ================  
[2023-06-13 04:49:14] LoginAction.INFO: ======= Start Login Action ================  
[2023-06-13 04:49:14] LoginAction.INFO: Input Data : {"email":"superadmin@msense.in","password":"1234567"}  
[2023-06-13 04:49:14] LoginModel.INFO: Query : call SP_Doauth('superadmin@msense.in','QUwxT0hwRExsV2g4VXpFNkdocllPQT09')  
[2023-06-13 04:49:14] LoginModel.INFO: User Data : {"username":"super admin","userGroup":"1","loginid":"1","email":"superadmin@msense.in","mobileno":"9677889090","designation":"Manage_rCate","hotelId":"1","brandId":null}  
[2023-06-13 04:49:14] LoginAction.INFO: ======= END Login Action ================  
[2023-06-13 04:55:18] LoginAction.INFO: ======= Start Login Action ================  
[2023-06-13 04:55:18] LoginAction.INFO: Input Data : {"email":"superadmin@msense.in","password":"1234567"}  
[2023-06-13 04:55:18] LoginModel.INFO: Query : call SP_Doauth('superadmin@msense.in','QUwxT0hwRExsV2g4VXpFNkdocllPQT09')  
[2023-06-13 04:55:18] LoginModel.INFO: User Data : {"username":"super admin","userGroup":"1","loginid":"1","email":"superadmin@msense.in","mobileno":"9677889090","designation":"Manage_rCate","hotelId":"1","brandId":null}  
[2023-06-13 04:55:18] LoginAction.INFO: ======= END Login Action ================  
[2023-06-13 05:18:03] LoginAction.INFO: ======= Start Login Action ================  
[2023-06-13 05:18:03] LoginAction.INFO: Input Data : {"email":"superadmin@msense.in","password":"1234567"}  
[2023-06-13 05:18:03] LoginModel.INFO: Query : call SP_Doauth('superadmin@msense.in','QUwxT0hwRExsV2g4VXpFNkdocllPQT09')  
[2023-06-13 05:18:03] LoginModel.INFO: User Data : {"username":"super admin","userGroup":"1","loginid":"1","email":"superadmin@msense.in","mobileno":"9677889090","designation":"Manage_rCate","hotelId":"1","brandId":null}  
[2023-06-13 05:18:03] LoginAction.INFO: ======= END Login Action ================  
[2023-06-13 05:18:06] LoginAction.INFO: ======= Start Login Action ================  
[2023-06-13 05:18:06] LoginAction.INFO: Input Data : {"email":"superadmin@msense.in","password":"1234567"}  
[2023-06-13 05:18:06] LoginModel.INFO: Query : call SP_Doauth('superadmin@msense.in','QUwxT0hwRExsV2g4VXpFNkdocllPQT09')  
[2023-06-13 05:18:06] LoginModel.INFO: User Data : {"username":"super admin","userGroup":"1","loginid":"1","email":"superadmin@msense.in","mobileno":"9677889090","designation":"Manage_rCate","hotelId":"1","brandId":null}  
[2023-06-13 05:18:06] LoginAction.INFO: ======= END Login Action ================  
[2023-06-13 05:18:12] LoginAction.INFO: ======= Start Login Action ================  
[2023-06-13 05:18:12] LoginAction.INFO: Input Data : {"email":"superadmin@msense.in","password":"1234567"}  
[2023-06-13 05:18:12] LoginModel.INFO: Query : call SP_Doauth('superadmin@msense.in','QUwxT0hwRExsV2g4VXpFNkdocllPQT09')  
[2023-06-13 05:18:12] LoginModel.INFO: User Data : {"username":"super admin","userGroup":"1","loginid":"1","email":"superadmin@msense.in","mobileno":"9677889090","designation":"Manage_rCate","hotelId":"1","brandId":null}  
[2023-06-13 05:18:12] LoginAction.INFO: ======= END Login Action ================  
[2023-06-13 05:21:34] LoginAction.INFO: ======= Start Login Action ================  
[2023-06-13 05:21:34] LoginAction.INFO: Input Data : {"email":"superadmin@msense.in","password":"1234567"}  
[2023-06-13 05:21:34] LoginModel.INFO: Query : call SP_Doauth('superadmin@msense.in','QUwxT0hwRExsV2g4VXpFNkdocllPQT09')  
[2023-06-13 05:21:34] LoginModel.INFO: User Data : {"username":"super admin","userGroup":"1","loginid":"1","email":"superadmin@msense.in","mobileno":"9677889090","designation":"Manage_rCate","hotelId":"1","brandId":null}  
[2023-06-13 05:21:34] LoginAction.INFO: ======= END Login Action ================  
[2023-06-13 05:22:09] LoginAction.INFO: ======= Start Login Action ================  
[2023-06-13 05:22:09] LoginAction.INFO: Input Data : {"email":"superadmin@msense.in","password":"1234567"}  
[2023-06-13 05:22:09] LoginModel.INFO: Query : call SP_Doauth('superadmin@msense.in','QUwxT0hwRExsV2g4VXpFNkdocllPQT09')  
[2023-06-13 05:22:09] LoginModel.INFO: User Data : {"username":"super admin","userGroup":"1","loginid":"1","email":"superadmin@msense.in","mobileno":"9677889090","designation":"Manage_rCate","hotelId":"1","brandId":null}  
[2023-06-13 05:22:09] LoginAction.INFO: ======= END Login Action ================  
[2023-06-13 05:22:31] LoginAction.INFO: ======= Start Login Action ================  
[2023-06-13 05:22:31] LoginAction.INFO: Input Data : {"email":"superadmin@msense.in","password":"1234567"}  
[2023-06-13 05:22:31] LoginModel.INFO: Query : call SP_Doauth('superadmin@msense.in','QUwxT0hwRExsV2g4VXpFNkdocllPQT09')  
[2023-06-13 05:22:31] LoginModel.INFO: User Data : {"username":"super admin","userGroup":"1","loginid":"1","email":"superadmin@msense.in","mobileno":"9677889090","designation":"Manage_rCate","hotelId":"1","brandId":null}  
[2023-06-13 05:22:31] LoginAction.INFO: ======= END Login Action ================  
[2023-06-13 05:23:51] LoginAction.INFO: ======= Start Login Action ================  
[2023-06-13 05:23:51] LoginAction.INFO: Input Data : {"email":"superadmin@msense.in","password":"1234567"}  
[2023-06-13 05:23:51] LoginModel.INFO: Query : call SP_Doauth('superadmin@msense.in','QUwxT0hwRExsV2g4VXpFNkdocllPQT09')  
[2023-06-13 05:23:51] LoginModel.INFO: User Data : {"username":"super admin","userGroup":"1","loginid":"1","email":"superadmin@msense.in","mobileno":"9677889090","designation":"Manage_rCate","hotelId":"1","brandId":null}  
[2023-06-13 05:23:51] LoginAction.INFO: ======= END Login Action ================  
[2023-06-13 05:25:59] LoginAction.INFO: ======= Start Login Action ================  
[2023-06-13 05:25:59] LoginAction.INFO: Input Data : {"email":"superadmin@msense.in","password":"1234567"}  
[2023-06-13 05:25:59] LoginModel.INFO: Query : call SP_Doauth('superadmin@msense.in','QUwxT0hwRExsV2g4VXpFNkdocllPQT09')  
[2023-06-13 05:25:59] LoginModel.INFO: User Data : {"username":"super admin","userGroup":"1","loginid":"1","email":"superadmin@msense.in","mobileno":"9677889090","designation":"Manage_rCate","hotelId":"1","brandId":null}  
[2023-06-13 05:25:59] LoginAction.INFO: ======= END Login Action ================  
[2023-06-13 05:26:03] LoginAction.INFO: ======= Start Login Action ================  
[2023-06-13 05:26:03] LoginAction.INFO: Input Data : {"email":"superadmin@msense.in","password":"1234567"}  
[2023-06-13 05:26:03] LoginModel.INFO: Query : call SP_Doauth('superadmin@msense.in','QUwxT0hwRExsV2g4VXpFNkdocllPQT09')  
[2023-06-13 05:26:03] LoginModel.INFO: User Data : {"username":"super admin","userGroup":"1","loginid":"1","email":"superadmin@msense.in","mobileno":"9677889090","designation":"Manage_rCate","hotelId":"1","brandId":null}  
[2023-06-13 05:26:03] LoginAction.INFO: ======= END Login Action ================  
[2023-06-13 05:26:48] LoginAction.INFO: ======= Start Login Action ================  
[2023-06-13 05:26:48] LoginAction.INFO: Input Data : {"email":"superadmin@msense.in","password":"1234567"}  
[2023-06-13 05:26:48] LoginModel.INFO: Query : call SP_Doauth('superadmin@msense.in','QUwxT0hwRExsV2g4VXpFNkdocllPQT09')  
[2023-06-13 05:26:48] LoginModel.INFO: User Data : {"username":"super admin","userGroup":"1","loginid":"1","email":"superadmin@msense.in","mobileno":"9677889090","designation":"Manage_rCate","hotelId":"1","brandId":null}  
[2023-06-13 05:26:48] LoginAction.INFO: ======= END Login Action ================  
[2023-06-13 05:27:16] LoginAction.INFO: ======= Start Login Action ================  
[2023-06-13 05:27:16] LoginAction.INFO: Input Data : {"email":"superadmin@msense.in","password":"1234567"}  
[2023-06-13 05:27:16] LoginModel.INFO: Query : call SP_Doauth('superadmin@msense.in','QUwxT0hwRExsV2g4VXpFNkdocllPQT09')  
[2023-06-13 05:27:16] LoginModel.INFO: User Data : {"username":"super admin","userGroup":"1","loginid":"1","email":"superadmin@msense.in","mobileno":"9677889090","designation":"Manage_rCate","hotelId":"1","brandId":null}  
[2023-06-13 05:27:16] LoginAction.INFO: ======= END Login Action ================  
[2023-06-13 05:56:44] LoginAction.INFO: ======= Start Login Action ================  
[2023-06-13 05:56:44] LoginAction.INFO: Input Data : {"email":"superadmin@msense.in","password":"1234567"}  
[2023-06-13 05:56:44] LoginModel.INFO: Query : call SP_Doauth('superadmin@msense.in','QUwxT0hwRExsV2g4VXpFNkdocllPQT09')  
[2023-06-13 05:56:44] LoginModel.INFO: User Data : {"username":"super admin","userGroup":"1","loginid":"1","email":"superadmin@msense.in","mobileno":"9677889090","designation":"Manage_rCate","hotelId":"1","brandId":null}  
[2023-06-13 05:56:44] LoginAction.INFO: ======= END Login Action ================  
[2023-06-13 06:04:01] LoginAction.INFO: ======= Start Login Action ================  
[2023-06-13 06:04:01] LoginAction.INFO: Input Data : {"email":"superadmin@msense.in","password":"1234567"}  
[2023-06-13 06:04:01] LoginModel.INFO: Query : call SP_Doauth('superadmin@msense.in','QUwxT0hwRExsV2g4VXpFNkdocllPQT09')  
[2023-06-13 06:04:01] LoginModel.INFO: User Data : {"username":"super admin","userGroup":"1","loginid":"1","email":"superadmin@msense.in","mobileno":"9677889090","designation":"Manage_rCate","hotelId":"1","brandId":null}  
[2023-06-13 06:04:01] LoginAction.INFO: ======= END Login Action ================  
[2023-06-13 06:30:45] LoginAction.INFO: ======= Start Login Action ================  
[2023-06-13 06:30:45] LoginAction.INFO: Input Data : {"email":"superadmin@msense.in","password":"1234567"}  
[2023-06-13 06:30:45] LoginModel.INFO: Query : call SP_Doauth('superadmin@msense.in','QUwxT0hwRExsV2g4VXpFNkdocllPQT09')  
[2023-06-13 06:30:45] LoginModel.INFO: User Data : {"username":"super admin","userGroup":"1","loginid":"1","email":"superadmin@msense.in","mobileno":"9677889090","designation":"Manage_rCate","hotelId":"1","brandId":null}  
[2023-06-13 06:30:45] LoginAction.INFO: ======= END Login Action ================  
[2023-06-13 06:30:56] LoginAction.INFO: ======= Start Login Action ================  
[2023-06-13 06:30:56] LoginAction.INFO: Input Data : {"email":"superadmin@msense.in","password":"1234567"}  
[2023-06-13 06:30:56] LoginModel.INFO: Query : call SP_Doauth('superadmin@msense.in','QUwxT0hwRExsV2g4VXpFNkdocllPQT09')  
[2023-06-13 06:30:56] LoginModel.INFO: User Data : {"username":"super admin","userGroup":"1","loginid":"1","email":"superadmin@msense.in","mobileno":"9677889090","designation":"Manage_rCate","hotelId":"1","brandId":null}  
[2023-06-13 06:30:56] LoginAction.INFO: ======= END Login Action ================  
[2023-06-13 06:43:58] LoginAction.INFO: ======= Start Login Action ================  
[2023-06-13 06:43:58] LoginAction.INFO: Input Data : {"email":"superadmin@msense.in","password":"1234567"}  
[2023-06-13 06:43:58] LoginModel.INFO: Query : call SP_Doauth('superadmin@msense.in','QUwxT0hwRExsV2g4VXpFNkdocllPQT09')  
[2023-06-13 06:43:58] LoginModel.INFO: User Data : {"username":"super admin","userGroup":"1","loginid":"1","email":"superadmin@msense.in","mobileno":"9677889090","designation":"Manage_rCate","hotelId":"1","brandId":null}  
[2023-06-13 06:43:58] LoginAction.INFO: ======= END Login Action ================  
[2023-06-13 06:44:57] LoginAction.INFO: ======= Start Login Action ================  
[2023-06-13 06:44:57] LoginAction.INFO: Input Data : {"email":"superadmin@msense.in","password":"1234567"}  
[2023-06-13 06:44:57] LoginModel.INFO: Query : call SP_Doauth('superadmin@msense.in','QUwxT0hwRExsV2g4VXpFNkdocllPQT09')  
[2023-06-13 06:44:57] LoginModel.INFO: User Data : {"username":"super admin","userGroup":"1","loginid":"1","email":"superadmin@msense.in","mobileno":"9677889090","designation":"Manage_rCate","hotelId":"1","brandId":null}  
[2023-06-13 06:44:57] LoginAction.INFO: ======= END Login Action ================  
[2023-06-13 06:49:28] LoginAction.INFO: ======= Start Login Action ================  
[2023-06-13 06:49:28] LoginAction.INFO: Input Data : {"email":"superadmin@msense.in","password":"1234567"}  
[2023-06-13 06:49:28] LoginModel.INFO: Query : call SP_Doauth('superadmin@msense.in','QUwxT0hwRExsV2g4VXpFNkdocllPQT09')  
[2023-06-13 06:49:28] LoginModel.INFO: User Data : {"username":"super admin","userGroup":"1","loginid":"1","email":"superadmin@msense.in","mobileno":"9677889090","designation":"Manage_rCate","hotelId":"1","brandId":null}  
[2023-06-13 06:49:28] LoginAction.INFO: ======= END Login Action ================  
[2023-06-13 06:49:58] LoginAction.INFO: ======= Start Login Action ================  
[2023-06-13 06:49:58] LoginAction.INFO: Input Data : {"email":"superadmin@msense.in","password":"1234567"}  
[2023-06-13 06:49:58] LoginModel.INFO: Query : call SP_Doauth('superadmin@msense.in','QUwxT0hwRExsV2g4VXpFNkdocllPQT09')  
[2023-06-13 06:49:58] LoginModel.INFO: User Data : {"username":"super admin","userGroup":"1","loginid":"1","email":"superadmin@msense.in","mobileno":"9677889090","designation":"Manage_rCate","hotelId":"1","brandId":null}  
[2023-06-13 06:49:58] LoginAction.INFO: ======= END Login Action ================  
[2023-06-13 06:50:05] LoginAction.INFO: ======= Start Login Action ================  
[2023-06-13 06:50:05] LoginAction.INFO: Input Data : {"email":"superadmin@msense.in","password":"1234567"}  
[2023-06-13 06:50:05] LoginModel.INFO: Query : call SP_Doauth('superadmin@msense.in','QUwxT0hwRExsV2g4VXpFNkdocllPQT09')  
[2023-06-13 06:50:05] LoginModel.INFO: User Data : {"username":"super admin","userGroup":"1","loginid":"1","email":"superadmin@msense.in","mobileno":"9677889090","designation":"Manage_rCate","hotelId":"1","brandId":null}  
[2023-06-13 06:50:05] LoginAction.INFO: ======= END Login Action ================  
[2023-06-13 06:50:57] LoginAction.INFO: ======= Start Login Action ================  
[2023-06-13 06:50:57] LoginAction.INFO: Input Data : {"email":"superadmin@msense.in","password":"1234567"}  
[2023-06-13 06:50:57] LoginModel.INFO: Query : call SP_Doauth('superadmin@msense.in','QUwxT0hwRExsV2g4VXpFNkdocllPQT09')  
[2023-06-13 06:50:57] LoginModel.INFO: User Data : {"username":"super admin","userGroup":"1","loginid":"1","email":"superadmin@msense.in","mobileno":"9677889090","designation":"Manage_rCate","hotelId":"1","brandId":null}  
[2023-06-13 06:50:57] LoginAction.INFO: ======= END Login Action ================  
[2023-06-13 06:51:01] LoginAction.INFO: ======= Start Login Action ================  
[2023-06-13 06:51:01] LoginAction.INFO: Input Data : {"email":"superadmin@msense.in","password":"1234567"}  
[2023-06-13 06:51:01] LoginModel.INFO: Query : call SP_Doauth('superadmin@msense.in','QUwxT0hwRExsV2g4VXpFNkdocllPQT09')  
[2023-06-13 06:51:01] LoginModel.INFO: User Data : {"username":"super admin","userGroup":"1","loginid":"1","email":"superadmin@msense.in","mobileno":"9677889090","designation":"Manage_rCate","hotelId":"1","brandId":null}  
[2023-06-13 06:51:01] LoginAction.INFO: ======= END Login Action ================  
[2023-06-13 06:52:06] LoginAction.INFO: ======= Start Login Action ================  
[2023-06-13 06:52:06] LoginAction.INFO: Input Data : {"email":"superadmin@msense.in","password":"1234567"}  
[2023-06-13 06:52:06] LoginModel.INFO: Query : call SP_Doauth('superadmin@msense.in','QUwxT0hwRExsV2g4VXpFNkdocllPQT09')  
[2023-06-13 06:52:06] LoginModel.INFO: User Data : {"username":"super admin","userGroup":"1","loginid":"1","email":"superadmin@msense.in","mobileno":"9677889090","designation":"Manage_rCate","hotelId":"1","brandId":null}  
[2023-06-13 06:52:06] LoginAction.INFO: ======= END Login Action ================  
[2023-06-13 07:06:39] LoginAction.INFO: ======= Start Login Action ================  
[2023-06-13 07:06:39] LoginAction.INFO: Input Data : {"email":"superadmin@msense.in","password":"1234567"}  
[2023-06-13 07:06:39] LoginModel.INFO: Query : call SP_Doauth('superadmin@msense.in','QUwxT0hwRExsV2g4VXpFNkdocllPQT09')  
[2023-06-13 07:06:39] LoginModel.INFO: User Data : {"username":"super admin","userGroup":"1","loginid":"1","email":"superadmin@msense.in","mobileno":"9677889090","designation":"Manage_rCate","hotelId":"1","brandId":null}  
[2023-06-13 07:06:39] LoginAction.INFO: ======= END Login Action ================  
[2023-06-13 07:16:17] LoginAction.INFO: ======= Start Login Action ================  
[2023-06-13 07:16:17] LoginAction.INFO: Input Data : {"email":"superadmin@msense.in","password":"1234567"}  
[2023-06-13 07:16:17] LoginModel.INFO: Query : call SP_Doauth('superadmin@msense.in','QUwxT0hwRExsV2g4VXpFNkdocllPQT09')  
[2023-06-13 07:16:17] LoginModel.INFO: User Data : {"username":"super admin","userGroup":"1","loginid":"1","email":"superadmin@msense.in","mobileno":"9677889090","designation":"Manage_rCate","hotelId":"1","brandId":null}  
[2023-06-13 07:16:17] LoginAction.INFO: ======= END Login Action ================  
[2023-06-13 07:18:12] LoginAction.INFO: ======= Start Login Action ================  
[2023-06-13 07:18:12] LoginAction.INFO: Input Data : {"email":"superadmin@msense.in","password":"1234567"}  
[2023-06-13 07:18:12] LoginModel.INFO: Query : call SP_Doauth('superadmin@msense.in','QUwxT0hwRExsV2g4VXpFNkdocllPQT09')  
[2023-06-13 07:18:12] LoginModel.INFO: User Data : {"username":"super admin","userGroup":"1","loginid":"1","email":"superadmin@msense.in","mobileno":"9677889090","designation":"Manage_rCate","hotelId":"1","brandId":null}  
[2023-06-13 07:18:12] LoginAction.INFO: ======= END Login Action ================  
[2023-06-13 07:19:27] LoginAction.INFO: ======= Start Login Action ================  
[2023-06-13 07:19:27] LoginAction.INFO: Input Data : {"email":"superadmin@msense.in","password":"1234567"}  
[2023-06-13 07:19:27] LoginModel.INFO: Query : call SP_Doauth('superadmin@msense.in','QUwxT0hwRExsV2g4VXpFNkdocllPQT09')  
[2023-06-13 07:19:27] LoginModel.INFO: User Data : {"username":"super admin","userGroup":"1","loginid":"1","email":"superadmin@msense.in","mobileno":"9677889090","designation":"Manage_rCate","hotelId":"1","brandId":null}  
[2023-06-13 07:19:27] LoginAction.INFO: ======= END Login Action ================  
[2023-06-13 09:33:20] LoginAction.INFO: ======= Start Login Action ================  
[2023-06-13 09:33:20] LoginAction.INFO: Input Data : {"email":"superadmin@msense.in","password":"1234567"}  
[2023-06-13 09:33:20] LoginModel.INFO: Query : call SP_Doauth('superadmin@msense.in','QUwxT0hwRExsV2g4VXpFNkdocllPQT09')  
[2023-06-13 09:33:20] LoginModel.INFO: User Data : {"username":"super admin","userGroup":"1","loginid":"1","email":"superadmin@msense.in","mobileno":"9677889090","designation":"Manage_rCate","hotelId":"1","brandId":null}  
[2023-06-13 09:33:20] LoginAction.INFO: ======= END Login Action ================  
[2023-06-13 09:44:27] LoginAction.INFO: ======= Start Login Action ================  
[2023-06-13 09:44:27] LoginAction.INFO: Input Data : {"email":"superadmin@msense.in","password":"1234567"}  
[2023-06-13 09:44:27] LoginModel.INFO: Query : call SP_Doauth('superadmin@msense.in','QUwxT0hwRExsV2g4VXpFNkdocllPQT09')  
[2023-06-13 09:44:27] LoginModel.INFO: User Data : {"username":"super admin","userGroup":"1","loginid":"1","email":"superadmin@msense.in","mobileno":"9677889090","designation":"Manage_rCate","hotelId":"1","brandId":null}  
[2023-06-13 09:44:27] LoginAction.INFO: ======= END Login Action ================  
[2023-06-13 09:44:35] LoginAction.INFO: ======= Start Login Action ================  
[2023-06-13 09:44:35] LoginAction.INFO: Input Data : {"email":"superadmin@msense.in","password":"1234567"}  
[2023-06-13 09:44:35] LoginModel.INFO: Query : call SP_Doauth('superadmin@msense.in','QUwxT0hwRExsV2g4VXpFNkdocllPQT09')  
[2023-06-13 09:44:35] LoginModel.INFO: User Data : {"username":"super admin","userGroup":"1","loginid":"1","email":"superadmin@msense.in","mobileno":"9677889090","designation":"Manage_rCate","hotelId":"1","brandId":null}  
[2023-06-13 09:44:35] LoginAction.INFO: ======= END Login Action ================  
[2023-06-13 09:44:42] LoginAction.INFO: ======= Start Login Action ================  
[2023-06-13 09:44:42] LoginAction.INFO: Input Data : {"email":"superadmin@msense.in","password":"1234567"}  
[2023-06-13 09:44:42] LoginModel.INFO: Query : call SP_Doauth('superadmin@msense.in','QUwxT0hwRExsV2g4VXpFNkdocllPQT09')  
[2023-06-13 09:44:42] LoginModel.INFO: User Data : {"username":"super admin","userGroup":"1","loginid":"1","email":"superadmin@msense.in","mobileno":"9677889090","designation":"Manage_rCate","hotelId":"1","brandId":null}  
[2023-06-13 09:44:42] LoginAction.INFO: ======= END Login Action ================  
[2023-06-13 09:56:24] LoginAction.INFO: ======= Start Login Action ================  
[2023-06-13 09:56:24] LoginAction.INFO: Input Data : {"email":"superadmin@msense.in","password":"1234567"}  
[2023-06-13 09:56:24] LoginModel.INFO: Query : call SP_Doauth('superadmin@msense.in','QUwxT0hwRExsV2g4VXpFNkdocllPQT09')  
[2023-06-13 09:56:24] LoginModel.INFO: User Data : {"username":"super admin","userGroup":"1","loginid":"1","email":"superadmin@msense.in","mobileno":"9677889090","designation":"Manage_rCate","hotelId":"1","brandId":null}  
[2023-06-13 09:56:24] LoginAction.INFO: ======= END Login Action ================  
[2023-06-13 09:56:33] LoginAction.INFO: ======= Start Login Action ================  
[2023-06-13 09:56:33] LoginAction.INFO: Input Data : {"email":"superadmin@msense.in","password":"1234567"}  
[2023-06-13 09:56:33] LoginModel.INFO: Query : call SP_Doauth('superadmin@msense.in','QUwxT0hwRExsV2g4VXpFNkdocllPQT09')  
[2023-06-13 09:56:33] LoginModel.INFO: User Data : {"username":"super admin","userGroup":"1","loginid":"1","email":"superadmin@msense.in","mobileno":"9677889090","designation":"Manage_rCate","hotelId":"1","brandId":null}  
[2023-06-13 09:56:33] LoginAction.INFO: ======= END Login Action ================  
[2023-06-13 10:00:24] LoginAction.INFO: ======= Start Login Action ================  
[2023-06-13 10:00:24] LoginAction.INFO: Input Data : {"email":"superadmin@msense.in","password":"1234567"}  
[2023-06-13 10:00:24] LoginModel.INFO: Query : call SP_Doauth('superadmin@msense.in','QUwxT0hwRExsV2g4VXpFNkdocllPQT09')  
[2023-06-13 10:00:24] LoginModel.INFO: User Data : {"username":"super admin","userGroup":"1","loginid":"1","email":"superadmin@msense.in","mobileno":"9677889090","designation":"Manage_rCate","hotelId":"1","brandId":null}  
[2023-06-13 10:00:24] LoginAction.INFO: ======= END Login Action ================  
[2023-06-13 10:14:23] LoginAction.INFO: ======= Start Login Action ================  
[2023-06-13 10:14:23] LoginAction.INFO: Input Data : {"email":"superadmin@msense.in","password":"1234567"}  
[2023-06-13 10:14:23] LoginModel.INFO: Query : call SP_Doauth('superadmin@msense.in','QUwxT0hwRExsV2g4VXpFNkdocllPQT09')  
[2023-06-13 10:14:23] LoginModel.INFO: User Data : {"username":"super admin","userGroup":"1","loginid":"1","email":"superadmin@msense.in","mobileno":"9677889090","designation":"Manage_rCate","hotelId":"1","brandId":null}  
[2023-06-13 10:14:23] LoginAction.INFO: ======= END Login Action ================  
[2023-06-13 11:59:37] LoginAction.INFO: ======= Start Login Action ================  
[2023-06-13 11:59:37] LoginAction.INFO: Input Data : {"email":"superadmin@msense.in","password":"1234567"}  
[2023-06-13 11:59:37] LoginModel.INFO: Query : call SP_Doauth('superadmin@msense.in','QUwxT0hwRExsV2g4VXpFNkdocllPQT09')  
[2023-06-13 11:59:37] LoginModel.INFO: User Data : {"username":"super admin","userGroup":"1","loginid":"1","email":"superadmin@msense.in","mobileno":"9677889090","designation":"Manage_rCate","hotelId":"1","brandId":null}  
[2023-06-13 11:59:37] LoginAction.INFO: ======= END Login Action ================  
[2023-06-13 12:00:11] LoginAction.INFO: ======= Start Login Action ================  
[2023-06-13 12:00:11] LoginAction.INFO: Input Data : {"email":"superadmin@msense.in","password":"1234567"}  
[2023-06-13 12:00:11] LoginModel.INFO: Query : call SP_Doauth('superadmin@msense.in','QUwxT0hwRExsV2g4VXpFNkdocllPQT09')  
[2023-06-13 12:00:11] LoginModel.INFO: User Data : {"username":"super admin","userGroup":"1","loginid":"1","email":"superadmin@msense.in","mobileno":"9677889090","designation":"Manage_rCate","hotelId":"1","brandId":null}  
[2023-06-13 12:00:11] LoginAction.INFO: ======= END Login Action ================  
[2023-06-13 12:00:36] LoginAction.INFO: ======= Start Login Action ================  
[2023-06-13 12:00:36] LoginAction.INFO: Input Data : {"email":"superadmin@msense.in","password":"1234567"}  
[2023-06-13 12:00:36] LoginModel.INFO: Query : call SP_Doauth('superadmin@msense.in','QUwxT0hwRExsV2g4VXpFNkdocllPQT09')  
[2023-06-13 12:00:36] LoginModel.INFO: User Data : {"username":"super admin","userGroup":"1","loginid":"1","email":"superadmin@msense.in","mobileno":"9677889090","designation":"Manage_rCate","hotelId":"1","brandId":null}  
[2023-06-13 12:00:36] LoginAction.INFO: ======= END Login Action ================  
[2023-06-13 12:00:39] LoginAction.INFO: ======= Start Login Action ================  
[2023-06-13 12:00:39] LoginAction.INFO: Input Data : {"email":"superadmin@msense.in","password":"1234567"}  
[2023-06-13 12:00:39] LoginModel.INFO: Query : call SP_Doauth('superadmin@msense.in','QUwxT0hwRExsV2g4VXpFNkdocllPQT09')  
[2023-06-13 12:00:39] LoginModel.INFO: User Data : {"username":"super admin","userGroup":"1","loginid":"1","email":"superadmin@msense.in","mobileno":"9677889090","designation":"Manage_rCate","hotelId":"1","brandId":null}  
[2023-06-13 12:00:39] LoginAction.INFO: ======= END Login Action ================  
[2023-06-13 12:00:45] LoginAction.INFO: ======= Start Login Action ================  
[2023-06-13 12:00:45] LoginAction.INFO: Input Data : {"email":"superadmin@msense.in","password":"1234567"}  
[2023-06-13 12:00:45] LoginModel.INFO: Query : call SP_Doauth('superadmin@msense.in','QUwxT0hwRExsV2g4VXpFNkdocllPQT09')  
[2023-06-13 12:00:45] LoginModel.INFO: User Data : {"username":"super admin","userGroup":"1","loginid":"1","email":"superadmin@msense.in","mobileno":"9677889090","designation":"Manage_rCate","hotelId":"1","brandId":null}  
[2023-06-13 12:00:45] LoginAction.INFO: ======= END Login Action ================  
[2023-06-13 12:00:58] LoginAction.INFO: ======= Start Login Action ================  
[2023-06-13 12:00:58] LoginAction.INFO: Input Data : {"email":"superadmin@msense.in","password":"1234567"}  
[2023-06-13 12:00:58] LoginModel.INFO: Query : call SP_Doauth('superadmin@msense.in','QUwxT0hwRExsV2g4VXpFNkdocllPQT09')  
[2023-06-13 12:00:58] LoginModel.INFO: User Data : {"username":"super admin","userGroup":"1","loginid":"1","email":"superadmin@msense.in","mobileno":"9677889090","designation":"Manage_rCate","hotelId":"1","brandId":null}  
[2023-06-13 12:00:58] LoginAction.INFO: ======= END Login Action ================  
[2023-06-13 12:01:17] LoginAction.INFO: ======= Start Login Action ================  
[2023-06-13 12:01:17] LoginAction.INFO: Input Data : {"email":"superadmin@msense.in","password":"1234567"}  
[2023-06-13 12:01:17] LoginModel.INFO: Query : call SP_Doauth('superadmin@msense.in','QUwxT0hwRExsV2g4VXpFNkdocllPQT09')  
[2023-06-13 12:01:17] LoginModel.INFO: User Data : {"username":"super admin","userGroup":"1","loginid":"1","email":"superadmin@msense.in","mobileno":"9677889090","designation":"Manage_rCate","hotelId":"1","brandId":null}  
[2023-06-13 12:01:17] LoginAction.INFO: ======= END Login Action ================  
[2023-06-13 12:01:25] LoginAction.INFO: ======= Start Login Action ================  
[2023-06-13 12:01:25] LoginAction.INFO: Input Data : {"email":"superadmin@msense.in","password":"1234567"}  
[2023-06-13 12:01:25] LoginModel.INFO: Query : call SP_Doauth('superadmin@msense.in','QUwxT0hwRExsV2g4VXpFNkdocllPQT09')  
[2023-06-13 12:01:25] LoginModel.INFO: User Data : {"username":"super admin","userGroup":"1","loginid":"1","email":"superadmin@msense.in","mobileno":"9677889090","designation":"Manage_rCate","hotelId":"1","brandId":null}  
[2023-06-13 12:01:25] LoginAction.INFO: ======= END Login Action ================  
[2023-06-13 12:01:57] LoginAction.INFO: ======= Start Login Action ================  
[2023-06-13 12:01:57] LoginAction.INFO: Input Data : {"email":"superadmin@msense.in","password":"1234567"}  
[2023-06-13 12:01:57] LoginModel.INFO: Query : call SP_Doauth('superadmin@msense.in','QUwxT0hwRExsV2g4VXpFNkdocllPQT09')  
[2023-06-13 12:01:57] LoginModel.INFO: User Data : {"username":"super admin","userGroup":"1","loginid":"1","email":"superadmin@msense.in","mobileno":"9677889090","designation":"Manage_rCate","hotelId":"1","brandId":null}  
[2023-06-13 12:01:57] LoginAction.INFO: ======= END Login Action ================  
[2023-06-13 12:02:28] LoginAction.INFO: ======= Start Login Action ================  
[2023-06-13 12:02:28] LoginAction.INFO: Input Data : {"email":"superadmin@msense.in","password":"1234567"}  
[2023-06-13 12:02:28] LoginModel.INFO: Query : call SP_Doauth('superadmin@msense.in','QUwxT0hwRExsV2g4VXpFNkdocllPQT09')  
[2023-06-13 12:02:28] LoginModel.INFO: User Data : {"username":"super admin","userGroup":"1","loginid":"1","email":"superadmin@msense.in","mobileno":"9677889090","designation":"Manage_rCate","hotelId":"1","brandId":null}  
[2023-06-13 12:02:28] LoginAction.INFO: ======= END Login Action ================  
[2023-06-13 12:02:42] LoginAction.INFO: ======= Start Login Action ================  
[2023-06-13 12:02:42] LoginAction.INFO: Input Data : {"email":"superadmin@msense.in","password":"1234567"}  
[2023-06-13 12:02:42] LoginModel.INFO: Query : call SP_Doauth('superadmin@msense.in','QUwxT0hwRExsV2g4VXpFNkdocllPQT09')  
[2023-06-13 12:02:42] LoginModel.INFO: User Data : {"username":"super admin","userGroup":"1","loginid":"1","email":"superadmin@msense.in","mobileno":"9677889090","designation":"Manage_rCate","hotelId":"1","brandId":null}  
[2023-06-13 12:02:42] LoginAction.INFO: ======= END Login Action ================  
[2023-06-13 12:02:58] LoginAction.INFO: ======= Start Login Action ================  
[2023-06-13 12:02:58] LoginAction.INFO: Input Data : {"email":"superadmin@msense.in","password":"1234567"}  
[2023-06-13 12:02:58] LoginModel.INFO: Query : call SP_Doauth('superadmin@msense.in','QUwxT0hwRExsV2g4VXpFNkdocllPQT09')  
[2023-06-13 12:02:58] LoginModel.INFO: User Data : {"username":"super admin","userGroup":"1","loginid":"1","email":"superadmin@msense.in","mobileno":"9677889090","designation":"Manage_rCate","hotelId":"1","brandId":null}  
[2023-06-13 12:02:58] LoginAction.INFO: ======= END Login Action ================  
[2023-06-13 12:03:09] LoginAction.INFO: ======= Start Login Action ================  
[2023-06-13 12:03:09] LoginAction.INFO: Input Data : {"email":"superadmin@msense.in","password":"1234567"}  
[2023-06-13 12:03:09] LoginModel.INFO: Query : call SP_Doauth('superadmin@msense.in','QUwxT0hwRExsV2g4VXpFNkdocllPQT09')  
[2023-06-13 12:03:09] LoginModel.INFO: User Data : {"username":"super admin","userGroup":"1","loginid":"1","email":"superadmin@msense.in","mobileno":"9677889090","designation":"Manage_rCate","hotelId":"1","brandId":null}  
[2023-06-13 12:03:09] LoginAction.INFO: ======= END Login Action ================  
[2023-06-13 12:03:41] LoginAction.INFO: ======= Start Login Action ================  
[2023-06-13 12:03:41] LoginAction.INFO: Input Data : {"email":"superadmin@msense.in","password":"1234567"}  
[2023-06-13 12:03:41] LoginModel.INFO: Query : call SP_Doauth('superadmin@msense.in','QUwxT0hwRExsV2g4VXpFNkdocllPQT09')  
[2023-06-13 12:03:41] LoginModel.INFO: User Data : {"username":"super admin","userGroup":"1","loginid":"1","email":"superadmin@msense.in","mobileno":"9677889090","designation":"Manage_rCate","hotelId":"1","brandId":null}  
[2023-06-13 12:03:41] LoginAction.INFO: ======= END Login Action ================  
[2023-06-13 12:03:50] LoginAction.INFO: ======= Start Login Action ================  
[2023-06-13 12:03:50] LoginAction.INFO: Input Data : {"email":"superadmin@msense.in","password":"1234567"}  
[2023-06-13 12:03:50] LoginModel.INFO: Query : call SP_Doauth('superadmin@msense.in','QUwxT0hwRExsV2g4VXpFNkdocllPQT09')  
[2023-06-13 12:03:50] LoginModel.INFO: User Data : {"username":"super admin","userGroup":"1","loginid":"1","email":"superadmin@msense.in","mobileno":"9677889090","designation":"Manage_rCate","hotelId":"1","brandId":null}  
[2023-06-13 12:03:50] LoginAction.INFO: ======= END Login Action ================  
[2023-06-13 12:04:40] LoginAction.INFO: ======= Start Login Action ================  
[2023-06-13 12:04:40] LoginAction.INFO: Input Data : {"email":"superadmin@msense.in","password":"1234567"}  
[2023-06-13 12:04:40] LoginModel.INFO: Query : call SP_Doauth('superadmin@msense.in','QUwxT0hwRExsV2g4VXpFNkdocllPQT09')  
[2023-06-13 12:04:40] LoginModel.INFO: User Data : {"username":"super admin","userGroup":"1","loginid":"1","email":"superadmin@msense.in","mobileno":"9677889090","designation":"Manage_rCate","hotelId":"1","brandId":null}  
[2023-06-13 12:04:40] LoginAction.INFO: ======= END Login Action ================  
[2023-06-13 12:05:02] LoginAction.INFO: ======= Start Login Action ================  
[2023-06-13 12:05:02] LoginAction.INFO: Input Data : {"email":"superadmin@msense.in","password":"1234567"}  
[2023-06-13 12:05:02] LoginModel.INFO: Query : call SP_Doauth('superadmin@msense.in','QUwxT0hwRExsV2g4VXpFNkdocllPQT09')  
[2023-06-13 12:05:02] LoginModel.INFO: User Data : {"username":"super admin","userGroup":"1","loginid":"1","email":"superadmin@msense.in","mobileno":"9677889090","designation":"Manage_rCate","hotelId":"1","brandId":null}  
[2023-06-13 12:05:02] LoginAction.INFO: ======= END Login Action ================  
[2023-06-13 12:05:21] LoginAction.INFO: ======= Start Login Action ================  
[2023-06-13 12:05:21] LoginAction.INFO: Input Data : {"email":"superadmin@msense.in","password":"1234567"}  
[2023-06-13 12:05:21] LoginModel.INFO: Query : call SP_Doauth('superadmin@msense.in','QUwxT0hwRExsV2g4VXpFNkdocllPQT09')  
[2023-06-13 12:05:21] LoginModel.INFO: User Data : {"username":"super admin","userGroup":"1","loginid":"1","email":"superadmin@msense.in","mobileno":"9677889090","designation":"Manage_rCate","hotelId":"1","brandId":null}  
[2023-06-13 12:05:21] LoginAction.INFO: ======= END Login Action ================  
[2023-06-13 12:05:52] LoginAction.INFO: ======= Start Login Action ================  
[2023-06-13 12:05:52] LoginAction.INFO: Input Data : {"email":"superadmin@msense.in","password":"1234567"}  
[2023-06-13 12:05:52] LoginModel.INFO: Query : call SP_Doauth('superadmin@msense.in','QUwxT0hwRExsV2g4VXpFNkdocllPQT09')  
[2023-06-13 12:05:52] LoginModel.INFO: User Data : {"username":"super admin","userGroup":"1","loginid":"1","email":"superadmin@msense.in","mobileno":"9677889090","designation":"Manage_rCate","hotelId":"1","brandId":null}  
[2023-06-13 12:05:52] LoginAction.INFO: ======= END Login Action ================  
[2023-06-13 12:06:48] LoginAction.INFO: ======= Start Login Action ================  
[2023-06-13 12:06:48] LoginAction.INFO: Input Data : {"email":"superadmin@msense.in","password":"1234567"}  
[2023-06-13 12:06:48] LoginModel.INFO: Query : call SP_Doauth('superadmin@msense.in','QUwxT0hwRExsV2g4VXpFNkdocllPQT09')  
[2023-06-13 12:06:48] LoginModel.INFO: User Data : {"username":"super admin","userGroup":"1","loginid":"1","email":"superadmin@msense.in","mobileno":"9677889090","designation":"Manage_rCate","hotelId":"1","brandId":null}  
[2023-06-13 12:06:48] LoginAction.INFO: ======= END Login Action ================  
[2023-06-13 12:12:16] LoginAction.INFO: ======= Start Login Action ================  
[2023-06-13 12:12:16] LoginAction.INFO: Input Data : {"email":"superadmin@msense.in","password":"1234567"}  
[2023-06-13 12:12:16] LoginModel.INFO: Query : call SP_Doauth('superadmin@msense.in','QUwxT0hwRExsV2g4VXpFNkdocllPQT09')  
[2023-06-13 12:12:16] LoginModel.INFO: User Data : {"username":"super admin","userGroup":"1","loginid":"1","email":"superadmin@msense.in","mobileno":"9677889090","designation":"Manage_rCate","hotelId":"1","brandId":null}  
[2023-06-13 12:12:16] LoginAction.INFO: ======= END Login Action ================  
[2023-06-13 12:12:28] LoginAction.INFO: ======= Start Login Action ================  
[2023-06-13 12:12:28] LoginAction.INFO: Input Data : {"email":"superadmin@msense.in","password":"1234567"}  
[2023-06-13 12:12:28] LoginModel.INFO: Query : call SP_Doauth('superadmin@msense.in','QUwxT0hwRExsV2g4VXpFNkdocllPQT09')  
[2023-06-13 12:12:28] LoginModel.INFO: User Data : {"username":"super admin","userGroup":"1","loginid":"1","email":"superadmin@msense.in","mobileno":"9677889090","designation":"Manage_rCate","hotelId":"1","brandId":null}  
[2023-06-13 12:12:28] LoginAction.INFO: ======= END Login Action ================  
[2023-06-13 12:12:34] LoginAction.INFO: ======= Start Login Action ================  
[2023-06-13 12:12:34] LoginAction.INFO: Input Data : {"email":"superadmin@msense.in","password":"1234567"}  
[2023-06-13 12:12:34] LoginModel.INFO: Query : call SP_Doauth('superadmin@msense.in','QUwxT0hwRExsV2g4VXpFNkdocllPQT09')  
[2023-06-13 12:12:34] LoginModel.INFO: User Data : {"username":"super admin","userGroup":"1","loginid":"1","email":"superadmin@msense.in","mobileno":"9677889090","designation":"Manage_rCate","hotelId":"1","brandId":null}  
[2023-06-13 12:12:34] LoginAction.INFO: ======= END Login Action ================  
[2023-06-13 12:12:47] LoginAction.INFO: ======= Start Login Action ================  
[2023-06-13 12:12:47] LoginAction.INFO: Input Data : {"email":"superadmin@msense.in","password":"1234567"}  
[2023-06-13 12:12:47] LoginModel.INFO: Query : call SP_Doauth('superadmin@msense.in','QUwxT0hwRExsV2g4VXpFNkdocllPQT09')  
[2023-06-13 12:12:47] LoginModel.INFO: User Data : {"username":"super admin","userGroup":"1","loginid":"1","email":"superadmin@msense.in","mobileno":"9677889090","designation":"Manage_rCate","hotelId":"1","brandId":null}  
[2023-06-13 12:12:47] LoginAction.INFO: ======= END Login Action ================  
[2023-06-13 12:13:00] LoginAction.INFO: ======= Start Login Action ================  
[2023-06-13 12:13:00] LoginAction.INFO: Input Data : {"email":"superadmin@msense.in","password":"1234567"}  
[2023-06-13 12:13:00] LoginModel.INFO: Query : call SP_Doauth('superadmin@msense.in','QUwxT0hwRExsV2g4VXpFNkdocllPQT09')  
[2023-06-13 12:13:00] LoginModel.INFO: User Data : {"username":"super admin","userGroup":"1","loginid":"1","email":"superadmin@msense.in","mobileno":"9677889090","designation":"Manage_rCate","hotelId":"1","brandId":null}  
[2023-06-13 12:13:00] LoginAction.INFO: ======= END Login Action ================  
[2023-06-13 12:16:39] LoginAction.INFO: ======= Start Login Action ================  
[2023-06-13 12:16:39] LoginAction.INFO: Input Data : {"email":"superadmin@msense.in","password":"1234567"}  
[2023-06-13 12:16:39] LoginModel.INFO: Query : call SP_Doauth('superadmin@msense.in','QUwxT0hwRExsV2g4VXpFNkdocllPQT09')  
[2023-06-13 12:16:39] LoginModel.INFO: User Data : {"username":"super admin","userGroup":"1","loginid":"1","email":"superadmin@msense.in","mobileno":"9677889090","designation":"Manage_rCate","hotelId":"1","brandId":null}  
[2023-06-13 12:16:39] LoginAction.INFO: ======= END Login Action ================  
[2023-06-13 12:52:46] LoginAction.INFO: ======= Start Login Action ================  
[2023-06-13 12:52:46] LoginAction.INFO: Input Data : {"email":"superadmin@msense.in","password":"1234567"}  
[2023-06-13 12:52:46] LoginModel.INFO: Query : call SP_Doauth('superadmin@msense.in','QUwxT0hwRExsV2g4VXpFNkdocllPQT09')  
[2023-06-13 12:52:46] LoginModel.INFO: User Data : {"username":"super admin","userGroup":"1","loginid":"1","email":"superadmin@msense.in","mobileno":"9677889090","designation":"Manage_rCate","hotelId":"1","brandId":null}  
[2023-06-13 12:52:46] LoginAction.INFO: ======= END Login Action ================  
[2023-06-13 13:22:00] LoginAction.INFO: ======= Start Login Action ================  
[2023-06-13 13:22:00] LoginAction.INFO: Input Data : {"email":"microsense@msense.in","password":"1234567"}  
[2023-06-13 13:22:00] LoginModel.INFO: Query : call SP_Doauth('microsense@msense.in','QUwxT0hwRExsV2g4VXpFNkdocllPQT09')  
[2023-06-13 13:22:00] LoginModel.ERROR: Error Code : 200Error Message : Invalid Email  
[2023-06-13 13:22:00] LoginModel.ERROR: Error File : /var/www/projects/ottproduct/api/v1/src/Model/LoginModel.phpError Line : 39  
[2023-06-13 13:22:00] LoginModel.ERROR: Error Trace String : #0 /var/www/projects/ottproduct/api/v1/src/Domain/Repository/Login/LoginRepository.php(47): App\Model\LoginModel->validateLogin()
#1 /var/www/projects/ottproduct/api/v1/src/Application/Actions/Login/LoginAction.php(54): App\Domain\Repository\Login\LoginRepository->doAuth()
#2 /var/www/projects/ottproduct/api/v1/vendor/slim/slim/Slim/Handlers/Strategies/RequestResponse.php(38): App\Application\Actions\Login\LoginAction->__invoke()
#3 /var/www/projects/ottproduct/api/v1/vendor/slim/slim/Slim/Routing/Route.php(358): Slim\Handlers\Strategies\RequestResponse->__invoke()
#4 /var/www/projects/ottproduct/api/v1/vendor/slim/slim/Slim/MiddlewareDispatcher.php(65): Slim\Routing\Route->handle()
#5 /var/www/projects/ottproduct/api/v1/vendor/slim/slim/Slim/MiddlewareDispatcher.php(65): Slim\MiddlewareDispatcher->handle()
#6 /var/www/projects/ottproduct/api/v1/vendor/slim/slim/Slim/Routing/Route.php(315): Slim\MiddlewareDispatcher->handle()
#7 /var/www/projects/ottproduct/api/v1/vendor/slim/slim/Slim/Routing/RouteRunner.php(68): Slim\Routing\Route->run()
#8 /var/www/projects/ottproduct/api/v1/src/Application/Middleware/SessionMiddleware.php(26): Slim\Routing\RouteRunner->handle()
#9 /var/www/projects/ottproduct/api/v1/vendor/slim/slim/Slim/MiddlewareDispatcher.php(168): App\Application\Middleware\SessionMiddleware->process()
#10 /var/www/projects/ottproduct/api/v1/vendor/slim/slim/Slim/Middleware/RoutingMiddleware.php(45): Psr\Http\Server\RequestHandlerInterface@anonymous->handle()
#11 /var/www/projects/ottproduct/api/v1/vendor/slim/slim/Slim/MiddlewareDispatcher.php(121): Slim\Middleware\RoutingMiddleware->process()
#12 /var/www/projects/ottproduct/api/v1/vendor/selective/basepath/src/BasePathMiddleware.php(52): Psr\Http\Server\RequestHandlerInterface@anonymous->handle()
#13 /var/www/projects/ottproduct/api/v1/vendor/slim/slim/Slim/MiddlewareDispatcher.php(121): Selective\BasePath\BasePathMiddleware->process()
#14 /var/www/projects/ottproduct/api/v1/vendor/slim/slim/Slim/Middleware/BodyParsingMiddleware.php(64): Psr\Http\Server\RequestHandlerInterface@anonymous->handle()
#15 /var/www/projects/ottproduct/api/v1/vendor/slim/slim/Slim/MiddlewareDispatcher.php(121): Slim\Middleware\BodyParsingMiddleware->process()
#16 /var/www/projects/ottproduct/api/v1/vendor/slim/slim/Slim/Middleware/ErrorMiddleware.php(76): Psr\Http\Server\RequestHandlerInterface@anonymous->handle()
#17 /var/www/projects/ottproduct/api/v1/vendor/slim/slim/Slim/MiddlewareDispatcher.php(121): Slim\Middleware\ErrorMiddleware->process()
#18 /var/www/projects/ottproduct/api/v1/vendor/tuupola/cors-middleware/src/CorsMiddleware.php(158): Psr\Http\Server\RequestHandlerInterface@anonymous->handle()
#19 /var/www/projects/ottproduct/api/v1/vendor/slim/slim/Slim/MiddlewareDispatcher.php(121): Tuupola\Middleware\CorsMiddleware->process()
#20 /var/www/projects/ottproduct/api/v1/vendor/slim/slim/Slim/MiddlewareDispatcher.php(65): Psr\Http\Server\RequestHandlerInterface@anonymous->handle()
#21 /var/www/projects/ottproduct/api/v1/vendor/slim/slim/Slim/App.php(199): Slim\MiddlewareDispatcher->handle()
#22 /var/www/projects/ottproduct/api/v1/public/index.php(93): Slim\App->handle()
#23 {main}  
[2023-06-13 13:22:00] LoginRepository.ERROR: Error Code : 401Error Message : Invalid Email  
[2023-06-13 13:22:00] LoginRepository.ERROR: Error File : /var/www/projects/ottproduct/api/v1/src/Model/LoginModel.phpError Line : 68  
[2023-06-13 13:22:00] LoginRepository.ERROR: Error Trace String : #0 /var/www/projects/ottproduct/api/v1/src/Domain/Repository/Login/LoginRepository.php(47): App\Model\LoginModel->validateLogin()
#1 /var/www/projects/ottproduct/api/v1/src/Application/Actions/Login/LoginAction.php(54): App\Domain\Repository\Login\LoginRepository->doAuth()
#2 /var/www/projects/ottproduct/api/v1/vendor/slim/slim/Slim/Handlers/Strategies/RequestResponse.php(38): App\Application\Actions\Login\LoginAction->__invoke()
#3 /var/www/projects/ottproduct/api/v1/vendor/slim/slim/Slim/Routing/Route.php(358): Slim\Handlers\Strategies\RequestResponse->__invoke()
#4 /var/www/projects/ottproduct/api/v1/vendor/slim/slim/Slim/MiddlewareDispatcher.php(65): Slim\Routing\Route->handle()
#5 /var/www/projects/ottproduct/api/v1/vendor/slim/slim/Slim/MiddlewareDispatcher.php(65): Slim\MiddlewareDispatcher->handle()
#6 /var/www/projects/ottproduct/api/v1/vendor/slim/slim/Slim/Routing/Route.php(315): Slim\MiddlewareDispatcher->handle()
#7 /var/www/projects/ottproduct/api/v1/vendor/slim/slim/Slim/Routing/RouteRunner.php(68): Slim\Routing\Route->run()
#8 /var/www/projects/ottproduct/api/v1/src/Application/Middleware/SessionMiddleware.php(26): Slim\Routing\RouteRunner->handle()
#9 /var/www/projects/ottproduct/api/v1/vendor/slim/slim/Slim/MiddlewareDispatcher.php(168): App\Application\Middleware\SessionMiddleware->process()
#10 /var/www/projects/ottproduct/api/v1/vendor/slim/slim/Slim/Middleware/RoutingMiddleware.php(45): Psr\Http\Server\RequestHandlerInterface@anonymous->handle()
#11 /var/www/projects/ottproduct/api/v1/vendor/slim/slim/Slim/MiddlewareDispatcher.php(121): Slim\Middleware\RoutingMiddleware->process()
#12 /var/www/projects/ottproduct/api/v1/vendor/selective/basepath/src/BasePathMiddleware.php(52): Psr\Http\Server\RequestHandlerInterface@anonymous->handle()
#13 /var/www/projects/ottproduct/api/v1/vendor/slim/slim/Slim/MiddlewareDispatcher.php(121): Selective\BasePath\BasePathMiddleware->process()
#14 /var/www/projects/ottproduct/api/v1/vendor/slim/slim/Slim/Middleware/BodyParsingMiddleware.php(64): Psr\Http\Server\RequestHandlerInterface@anonymous->handle()
#15 /var/www/projects/ottproduct/api/v1/vendor/slim/slim/Slim/MiddlewareDispatcher.php(121): Slim\Middleware\BodyParsingMiddleware->process()
#16 /var/www/projects/ottproduct/api/v1/vendor/slim/slim/Slim/Middleware/ErrorMiddleware.php(76): Psr\Http\Server\RequestHandlerInterface@anonymous->handle()
#17 /var/www/projects/ottproduct/api/v1/vendor/slim/slim/Slim/MiddlewareDispatcher.php(121): Slim\Middleware\ErrorMiddleware->process()
#18 /var/www/projects/ottproduct/api/v1/vendor/tuupola/cors-middleware/src/CorsMiddleware.php(158): Psr\Http\Server\RequestHandlerInterface@anonymous->handle()
#19 /var/www/projects/ottproduct/api/v1/vendor/slim/slim/Slim/MiddlewareDispatcher.php(121): Tuupola\Middleware\CorsMiddleware->process()
#20 /var/www/projects/ottproduct/api/v1/vendor/slim/slim/Slim/MiddlewareDispatcher.php(65): Psr\Http\Server\RequestHandlerInterface@anonymous->handle()
#21 /var/www/projects/ottproduct/api/v1/vendor/slim/slim/Slim/App.php(199): Slim\MiddlewareDispatcher->handle()
#22 /var/www/projects/ottproduct/api/v1/public/index.php(93): Slim\App->handle()
#23 {main}  
[2023-06-13 13:22:19] LoginAction.INFO: ======= Start Login Action ================  
[2023-06-13 13:22:19] LoginAction.INFO: Input Data : {"email":"superadmin@msense.in","password":"1234567"}  
[2023-06-13 13:22:19] LoginModel.INFO: Query : call SP_Doauth('superadmin@msense.in','QUwxT0hwRExsV2g4VXpFNkdocllPQT09')  
[2023-06-13 13:22:19] LoginModel.INFO: User Data : {"username":"super admin","userGroup":"1","loginid":"1","email":"superadmin@msense.in","mobileno":"9677889090","designation":"Manage_rCate","hotelId":"1","brandId":null}  
[2023-06-13 13:22:19] LoginAction.INFO: ======= END Login Action ================  
[2023-06-13 13:35:14] LoginAction.INFO: ======= Start Login Action ================  
[2023-06-13 13:35:14] LoginAction.INFO: Input Data : {"email":"superadmin@msense.in","password":"1234567"}  
[2023-06-13 13:35:14] LoginModel.INFO: Query : call SP_Doauth('superadmin@msense.in','QUwxT0hwRExsV2g4VXpFNkdocllPQT09')  
[2023-06-13 13:35:14] LoginModel.INFO: User Data : {"username":"super admin","userGroup":"1","loginid":"1","email":"superadmin@msense.in","mobileno":"9677889090","designation":"Manage_rCate","hotelId":"1","brandId":null}  
[2023-06-13 13:35:14] LoginAction.INFO: ======= END Login Action ================  
[2023-06-13 13:39:03] LoginAction.INFO: ======= Start Login Action ================  
[2023-06-13 13:39:03] LoginAction.INFO: Input Data : {"email":"superadmin@msense.in","password":"1234567"}  
[2023-06-13 13:39:03] LoginModel.INFO: Query : call SP_Doauth('superadmin@msense.in','QUwxT0hwRExsV2g4VXpFNkdocllPQT09')  
[2023-06-13 13:39:03] LoginModel.INFO: User Data : {"username":"super admin","userGroup":"1","loginid":"1","email":"superadmin@msense.in","mobileno":"9677889090","designation":"Manage_rCate","hotelId":"1","brandId":null}  
[2023-06-13 13:39:03] LoginAction.INFO: ======= END Login Action ================  
[2023-06-13 18:31:58] LoginAction.INFO: ======= Start Login Action ================  
[2023-06-13 18:31:58] LoginAction.INFO: Input Data : {"email":"Superadmin@example.com","password":"Nms@123$"}  
[2023-06-13 18:31:58] LoginModel.INFO: Query : call SP_Doauth('Superadmin@example.com','ZTJKWGJiQTZ2S2JOeVhSRUF1MWoyUT09')  
[2023-06-13 18:31:58] LoginModel.ERROR: Error Code : 200Error Message : Invalid Email  
[2023-06-13 18:31:58] LoginModel.ERROR: Error File : /var/www/projects/ottproduct/api/v1/src/Model/LoginModel.phpError Line : 39  
[2023-06-13 18:31:58] LoginModel.ERROR: Error Trace String : #0 /var/www/projects/ottproduct/api/v1/src/Domain/Repository/Login/LoginRepository.php(47): App\Model\LoginModel->validateLogin()
#1 /var/www/projects/ottproduct/api/v1/src/Application/Actions/Login/LoginAction.php(54): App\Domain\Repository\Login\LoginRepository->doAuth()
#2 /var/www/projects/ottproduct/api/v1/vendor/slim/slim/Slim/Handlers/Strategies/RequestResponse.php(38): App\Application\Actions\Login\LoginAction->__invoke()
#3 /var/www/projects/ottproduct/api/v1/vendor/slim/slim/Slim/Routing/Route.php(358): Slim\Handlers\Strategies\RequestResponse->__invoke()
#4 /var/www/projects/ottproduct/api/v1/vendor/slim/slim/Slim/MiddlewareDispatcher.php(65): Slim\Routing\Route->handle()
#5 /var/www/projects/ottproduct/api/v1/vendor/slim/slim/Slim/MiddlewareDispatcher.php(65): Slim\MiddlewareDispatcher->handle()
#6 /var/www/projects/ottproduct/api/v1/vendor/slim/slim/Slim/Routing/Route.php(315): Slim\MiddlewareDispatcher->handle()
#7 /var/www/projects/ottproduct/api/v1/vendor/slim/slim/Slim/Routing/RouteRunner.php(68): Slim\Routing\Route->run()
#8 /var/www/projects/ottproduct/api/v1/src/Application/Middleware/SessionMiddleware.php(26): Slim\Routing\RouteRunner->handle()
#9 /var/www/projects/ottproduct/api/v1/vendor/slim/slim/Slim/MiddlewareDispatcher.php(168): App\Application\Middleware\SessionMiddleware->process()
#10 /var/www/projects/ottproduct/api/v1/vendor/slim/slim/Slim/Middleware/RoutingMiddleware.php(45): Psr\Http\Server\RequestHandlerInterface@anonymous->handle()
#11 /var/www/projects/ottproduct/api/v1/vendor/slim/slim/Slim/MiddlewareDispatcher.php(121): Slim\Middleware\RoutingMiddleware->process()
#12 /var/www/projects/ottproduct/api/v1/vendor/selective/basepath/src/BasePathMiddleware.php(52): Psr\Http\Server\RequestHandlerInterface@anonymous->handle()
#13 /var/www/projects/ottproduct/api/v1/vendor/slim/slim/Slim/MiddlewareDispatcher.php(121): Selective\BasePath\BasePathMiddleware->process()
#14 /var/www/projects/ottproduct/api/v1/vendor/slim/slim/Slim/Middleware/BodyParsingMiddleware.php(64): Psr\Http\Server\RequestHandlerInterface@anonymous->handle()
#15 /var/www/projects/ottproduct/api/v1/vendor/slim/slim/Slim/MiddlewareDispatcher.php(121): Slim\Middleware\BodyParsingMiddleware->process()
#16 /var/www/projects/ottproduct/api/v1/vendor/slim/slim/Slim/Middleware/ErrorMiddleware.php(76): Psr\Http\Server\RequestHandlerInterface@anonymous->handle()
#17 /var/www/projects/ottproduct/api/v1/vendor/slim/slim/Slim/MiddlewareDispatcher.php(121): Slim\Middleware\ErrorMiddleware->process()
#18 /var/www/projects/ottproduct/api/v1/vendor/tuupola/cors-middleware/src/CorsMiddleware.php(158): Psr\Http\Server\RequestHandlerInterface@anonymous->handle()
#19 /var/www/projects/ottproduct/api/v1/vendor/slim/slim/Slim/MiddlewareDispatcher.php(121): Tuupola\Middleware\CorsMiddleware->process()
#20 /var/www/projects/ottproduct/api/v1/vendor/slim/slim/Slim/MiddlewareDispatcher.php(65): Psr\Http\Server\RequestHandlerInterface@anonymous->handle()
#21 /var/www/projects/ottproduct/api/v1/vendor/slim/slim/Slim/App.php(199): Slim\MiddlewareDispatcher->handle()
#22 /var/www/projects/ottproduct/api/v1/public/index.php(93): Slim\App->handle()
#23 {main}  
[2023-06-13 18:31:58] LoginRepository.ERROR: Error Code : 401Error Message : Invalid Email  
[2023-06-13 18:31:58] LoginRepository.ERROR: Error File : /var/www/projects/ottproduct/api/v1/src/Model/LoginModel.phpError Line : 68  
[2023-06-13 18:31:58] LoginRepository.ERROR: Error Trace String : #0 /var/www/projects/ottproduct/api/v1/src/Domain/Repository/Login/LoginRepository.php(47): App\Model\LoginModel->validateLogin()
#1 /var/www/projects/ottproduct/api/v1/src/Application/Actions/Login/LoginAction.php(54): App\Domain\Repository\Login\LoginRepository->doAuth()
#2 /var/www/projects/ottproduct/api/v1/vendor/slim/slim/Slim/Handlers/Strategies/RequestResponse.php(38): App\Application\Actions\Login\LoginAction->__invoke()
#3 /var/www/projects/ottproduct/api/v1/vendor/slim/slim/Slim/Routing/Route.php(358): Slim\Handlers\Strategies\RequestResponse->__invoke()
#4 /var/www/projects/ottproduct/api/v1/vendor/slim/slim/Slim/MiddlewareDispatcher.php(65): Slim\Routing\Route->handle()
#5 /var/www/projects/ottproduct/api/v1/vendor/slim/slim/Slim/MiddlewareDispatcher.php(65): Slim\MiddlewareDispatcher->handle()
#6 /var/www/projects/ottproduct/api/v1/vendor/slim/slim/Slim/Routing/Route.php(315): Slim\MiddlewareDispatcher->handle()
#7 /var/www/projects/ottproduct/api/v1/vendor/slim/slim/Slim/Routing/RouteRunner.php(68): Slim\Routing\Route->run()
#8 /var/www/projects/ottproduct/api/v1/src/Application/Middleware/SessionMiddleware.php(26): Slim\Routing\RouteRunner->handle()
#9 /var/www/projects/ottproduct/api/v1/vendor/slim/slim/Slim/MiddlewareDispatcher.php(168): App\Application\Middleware\SessionMiddleware->process()
#10 /var/www/projects/ottproduct/api/v1/vendor/slim/slim/Slim/Middleware/RoutingMiddleware.php(45): Psr\Http\Server\RequestHandlerInterface@anonymous->handle()
#11 /var/www/projects/ottproduct/api/v1/vendor/slim/slim/Slim/MiddlewareDispatcher.php(121): Slim\Middleware\RoutingMiddleware->process()
#12 /var/www/projects/ottproduct/api/v1/vendor/selective/basepath/src/BasePathMiddleware.php(52): Psr\Http\Server\RequestHandlerInterface@anonymous->handle()
#13 /var/www/projects/ottproduct/api/v1/vendor/slim/slim/Slim/MiddlewareDispatcher.php(121): Selective\BasePath\BasePathMiddleware->process()
#14 /var/www/projects/ottproduct/api/v1/vendor/slim/slim/Slim/Middleware/BodyParsingMiddleware.php(64): Psr\Http\Server\RequestHandlerInterface@anonymous->handle()
#15 /var/www/projects/ottproduct/api/v1/vendor/slim/slim/Slim/MiddlewareDispatcher.php(121): Slim\Middleware\BodyParsingMiddleware->process()
#16 /var/www/projects/ottproduct/api/v1/vendor/slim/slim/Slim/Middleware/ErrorMiddleware.php(76): Psr\Http\Server\RequestHandlerInterface@anonymous->handle()
#17 /var/www/projects/ottproduct/api/v1/vendor/slim/slim/Slim/MiddlewareDispatcher.php(121): Slim\Middleware\ErrorMiddleware->process()
#18 /var/www/projects/ottproduct/api/v1/vendor/tuupola/cors-middleware/src/CorsMiddleware.php(158): Psr\Http\Server\RequestHandlerInterface@anonymous->handle()
#19 /var/www/projects/ottproduct/api/v1/vendor/slim/slim/Slim/MiddlewareDispatcher.php(121): Tuupola\Middleware\CorsMiddleware->process()
#20 /var/www/projects/ottproduct/api/v1/vendor/slim/slim/Slim/MiddlewareDispatcher.php(65): Psr\Http\Server\RequestHandlerInterface@anonymous->handle()
#21 /var/www/projects/ottproduct/api/v1/vendor/slim/slim/Slim/App.php(199): Slim\MiddlewareDispatcher->handle()
#22 /var/www/projects/ottproduct/api/v1/public/index.php(93): Slim\App->handle()
#23 {main}  
[2023-06-13 18:32:23] LoginAction.INFO: ======= Start Login Action ================  
[2023-06-13 18:32:23] LoginAction.INFO: Input Data : {"email":"Superadmin@msense.in","password":"1234567"}  
[2023-06-13 18:32:23] LoginModel.INFO: Query : call SP_Doauth('Superadmin@msense.in','QUwxT0hwRExsV2g4VXpFNkdocllPQT09')  
[2023-06-13 18:32:23] LoginModel.INFO: User Data : {"username":"super admin","userGroup":"1","loginid":"1","email":"superadmin@msense.in","mobileno":"9677889090","designation":"Manage_rCate","hotelId":"1","brandId":null}  
[2023-06-13 18:32:23] LoginAction.INFO: ======= END Login Action ================  
