[2023-06-13 11:14:12] HotelAction.INFO: ======= Start Hotel Action (List) ================  
[2023-06-13 11:14:12] HotelAction.INFO: method : POST  
[2023-06-13 11:14:12] HotelAction.INFO: contentType : application/json  
[2023-06-13 11:14:12] HotelAction.INFO: Input Data : {"decoded":{"sub":"1","id":"1","userName":"super admin","userGroup":"1","email":"superadmin@msense.in","hotelId":"1","brandId":null,"iat":1686651263,"exp":1686737663}}  
[2023-06-13 11:14:12] HotelAction.INFO: ======= END Hotel Action (List) ================  
[2023-06-13 11:15:57] HotelAction.INFO: ======= Start Hotel Action (List) ================  
[2023-06-13 11:15:57] HotelAction.INFO: method : POST  
[2023-06-13 11:15:57] HotelAction.INFO: contentType : application/json  
[2023-06-13 11:15:57] HotelAction.INFO: Input Data : {"decoded":{"sub":"1","id":"1","userName":"super admin","userGroup":"1","email":"superadmin@msense.in","hotelId":"1","brandId":null,"iat":1686651263,"exp":1686737663}}  
[2023-06-13 11:15:57] HotelAction.INFO: ======= END Hotel Action (List) ================  
[2023-06-13 11:16:51] HotelAction.INFO: ======= Start Hotel Action (List) ================  
[2023-06-13 11:16:51] HotelAction.INFO: method : POST  
[2023-06-13 11:16:51] HotelAction.INFO: contentType : application/json  
[2023-06-13 11:16:51] HotelAction.INFO: Input Data : {"decoded":{"sub":"1","id":"1","userName":"super admin","userGroup":"1","email":"superadmin@msense.in","hotelId":"1","brandId":null,"iat":1686651263,"exp":1686737663}}  
[2023-06-13 11:16:51] HotelAction.INFO: ======= END Hotel Action (List) ================  
[2023-06-13 11:17:31] HotelAction.INFO: ======= Start Hotel Action (List) ================  
[2023-06-13 11:17:31] HotelAction.INFO: method : POST  
[2023-06-13 11:17:31] HotelAction.INFO: contentType : application/json  
[2023-06-13 11:17:31] HotelAction.INFO: Input Data : {"decoded":{"sub":"1","id":"1","userName":"super admin","userGroup":"1","email":"superadmin@msense.in","hotelId":"1","brandId":null,"iat":1686631737,"exp":1686718137}}  
[2023-06-13 11:17:31] HotelAction.INFO: ======= END Hotel Action (List) ================  
[2023-06-13 11:21:16] HotelAction.INFO: ======= Start Hotel Action (List) ================  
[2023-06-13 11:21:16] HotelAction.INFO: method : POST  
[2023-06-13 11:21:16] HotelAction.INFO: contentType : application/json  
[2023-06-13 11:21:16] HotelAction.INFO: Input Data : {"decoded":{"sub":"1","id":"1","userName":"super admin","userGroup":"1","email":"superadmin@msense.in","hotelId":"1","brandId":null,"iat":1686631737,"exp":1686718137}}  
[2023-06-13 11:21:16] HotelAction.INFO: ======= END Hotel Action (List) ================  
[2023-06-13 11:22:35] HotelAction.INFO: ======= Start Hotel Action (List) ================  
[2023-06-13 11:22:35] HotelAction.INFO: method : POST  
[2023-06-13 11:22:35] HotelAction.INFO: contentType : application/json  
[2023-06-13 11:22:35] HotelAction.INFO: Input Data : {"decoded":{"sub":"1","id":"1","userName":"super admin","userGroup":"1","email":"superadmin@msense.in","hotelId":"1","brandId":null,"iat":1686631737,"exp":1686718137}}  
[2023-06-13 11:22:35] HotelAction.INFO: ======= END Hotel Action (List) ================  
[2023-06-13 11:22:43] HotelAction.INFO: ======= Start Hotel Action (List) ================  
[2023-06-13 11:22:43] HotelAction.INFO: method : POST  
[2023-06-13 11:22:43] HotelAction.INFO: contentType : application/json  
[2023-06-13 11:22:43] HotelAction.INFO: Input Data : {"decoded":{"sub":"1","id":"1","userName":"super admin","userGroup":"1","email":"superadmin@msense.in","hotelId":"1","brandId":null,"iat":1686631737,"exp":1686718137}}  
[2023-06-13 11:22:43] HotelAction.INFO: ======= END Hotel Action (List) ================  
[2023-06-13 11:24:08] HotelAction.INFO: ======= Start Hotel Action (List) ================  
[2023-06-13 11:24:08] HotelAction.INFO: method : POST  
[2023-06-13 11:24:08] HotelAction.INFO: contentType : application/json  
[2023-06-13 11:24:08] HotelAction.INFO: Input Data : {"decoded":{"sub":"1","id":"1","userName":"super admin","userGroup":"1","email":"superadmin@msense.in","hotelId":"1","brandId":null,"iat":1686631737,"exp":1686718137}}  
[2023-06-13 11:24:08] HotelAction.INFO: ======= END Hotel Action (List) ================  
[2023-06-13 11:24:16] HotelAction.INFO: ======= Start Hotel Action (List) ================  
[2023-06-13 11:24:16] HotelAction.INFO: method : POST  
[2023-06-13 11:24:16] HotelAction.INFO: contentType : application/json  
[2023-06-13 11:24:16] HotelAction.INFO: Input Data : {"decoded":{"sub":"1","id":"1","userName":"super admin","userGroup":"1","email":"superadmin@msense.in","hotelId":"1","brandId":null,"iat":1686631737,"exp":1686718137}}  
[2023-06-13 11:24:16] HotelAction.INFO: ======= END Hotel Action (List) ================  
[2023-06-13 11:24:20] HotelAction.INFO: ======= Start Hotel Action (List) ================  
[2023-06-13 11:24:20] HotelAction.INFO: method : POST  
[2023-06-13 11:24:20] HotelAction.INFO: contentType : application/json  
[2023-06-13 11:24:20] HotelAction.INFO: Input Data : {"decoded":{"sub":"1","id":"1","userName":"super admin","userGroup":"1","email":"superadmin@msense.in","hotelId":"1","brandId":null,"iat":1686631737,"exp":1686718137}}  
[2023-06-13 11:24:20] HotelAction.INFO: ======= END Hotel Action (List) ================  
[2023-06-13 11:25:43] HotelAction.INFO: ======= Start Hotel Action (List) ================  
[2023-06-13 11:25:43] HotelAction.INFO: method : POST  
[2023-06-13 11:25:43] HotelAction.INFO: contentType : application/json  
[2023-06-13 11:25:43] HotelAction.INFO: Input Data : {"decoded":{"sub":"1","id":"1","userName":"super admin","userGroup":"1","email":"superadmin@msense.in","hotelId":"1","brandId":null,"iat":1686631737,"exp":1686718137}}  
[2023-06-13 11:25:43] HotelAction.INFO: ======= END Hotel Action (List) ================  
