[2023-06-13 07:01:12] HotelChannelModel.INFO: temp channelgroup deleted successfully  
[2023-06-13 07:01:12] HotelChannelModel.INFO: Insert Query :  INSERT INTO tempchannelgroup(channelid,categoryid, hotelid) 
							  VALUES(16, 6, '1')   
[2023-06-13 07:01:12] HotelChannelModel.INFO: inserted successfully  
[2023-06-13 07:01:12] HotelChannelModel.INFO: Insert Query :  INSERT INTO tempchannelgroup(channelid,categoryid, hotelid) 
							  VALUES(17, 6, '1')   
[2023-06-13 07:01:12] HotelChannelModel.INFO: inserted successfully  
[2023-06-13 07:01:12] HotelChannelModel.INFO: Insert Query :  INSERT INTO tempchannelgroup(channelid,categoryid, hotelid) 
							  VALUES(21, 6, '1')   
[2023-06-13 07:01:12] HotelChannelModel.INFO: inserted successfully  
[2023-06-13 07:01:12] HotelChannelModel.INFO: Insert Query :  INSERT INTO tempchannelgroup(channelid,categoryid, hotelid) 
							  VALUES(22, 6, '1')   
[2023-06-13 07:01:12] HotelChannelModel.INFO: inserted successfully  
[2023-06-13 07:01:12] HotelChannelModel.INFO: Query : CALL SP_Assignchannels( 1, 6, 1,'ADD')   
[2023-06-13 07:01:12] HotelChannelModel.INFO: Insert Return : {"ErrorCode":"00","Result":"SUCCESS"}  
[2023-06-13 07:01:33] HotelChannelModel.INFO: temp channelgroup deleted successfully  
[2023-06-13 07:01:33] HotelChannelModel.INFO: Insert Query :  INSERT INTO tempchannelgroup(channelid,categoryid, hotelid) 
							  VALUES(23, 7, '1')   
[2023-06-13 07:01:33] HotelChannelModel.INFO: inserted successfully  
[2023-06-13 07:01:33] HotelChannelModel.INFO: Insert Query :  INSERT INTO tempchannelgroup(channelid,categoryid, hotelid) 
							  VALUES(24, 7, '1')   
[2023-06-13 07:01:33] HotelChannelModel.INFO: inserted successfully  
[2023-06-13 07:01:33] HotelChannelModel.INFO: Insert Query :  INSERT INTO tempchannelgroup(channelid,categoryid, hotelid) 
							  VALUES(25, 7, '1')   
[2023-06-13 07:01:33] HotelChannelModel.INFO: inserted successfully  
[2023-06-13 07:01:33] HotelChannelModel.INFO: Insert Query :  INSERT INTO tempchannelgroup(channelid,categoryid, hotelid) 
							  VALUES(26, 7, '1')   
[2023-06-13 07:01:33] HotelChannelModel.INFO: inserted successfully  
[2023-06-13 07:01:33] HotelChannelModel.INFO: Query : CALL SP_Assignchannels( 1, 7, 1,'ADD')   
[2023-06-13 07:01:33] HotelChannelModel.INFO: Insert Return : {"ErrorCode":"00","Result":"SUCCESS"}  
[2023-06-13 07:02:16] HotelChannelModel.INFO: temp channelgroup deleted successfully  
[2023-06-13 07:02:16] HotelChannelModel.INFO: Insert Query :  INSERT INTO tempchannelgroup(channelid,categoryid, hotelid) 
							  VALUES(8, 5, '1')   
[2023-06-13 07:02:16] HotelChannelModel.INFO: inserted successfully  
[2023-06-13 07:02:16] HotelChannelModel.INFO: Insert Query :  INSERT INTO tempchannelgroup(channelid,categoryid, hotelid) 
							  VALUES(9, 5, '1')   
[2023-06-13 07:02:16] HotelChannelModel.INFO: inserted successfully  
[2023-06-13 07:02:16] HotelChannelModel.INFO: Insert Query :  INSERT INTO tempchannelgroup(channelid,categoryid, hotelid) 
							  VALUES(18, 5, '1')   
[2023-06-13 07:02:16] HotelChannelModel.INFO: inserted successfully  
[2023-06-13 07:02:16] HotelChannelModel.INFO: Insert Query :  INSERT INTO tempchannelgroup(channelid,categoryid, hotelid) 
							  VALUES(19, 5, '1')   
[2023-06-13 07:02:16] HotelChannelModel.INFO: inserted successfully  
[2023-06-13 07:02:16] HotelChannelModel.INFO: Insert Query :  INSERT INTO tempchannelgroup(channelid,categoryid, hotelid) 
							  VALUES(20, 5, '1')   
[2023-06-13 07:02:16] HotelChannelModel.INFO: inserted successfully  
[2023-06-13 07:02:16] HotelChannelModel.INFO: Insert Query :  INSERT INTO tempchannelgroup(channelid,categoryid, hotelid) 
							  VALUES(21, 5, '1')   
[2023-06-13 07:02:16] HotelChannelModel.INFO: inserted successfully  
[2023-06-13 07:02:16] HotelChannelModel.INFO: Query : CALL SP_Assignchannels( 1, 5, 1,'ADD')   
[2023-06-13 07:02:16] HotelChannelModel.INFO: Insert Return : {"ErrorCode":"00","Result":"SUCCESS"}  
[2023-06-13 07:15:57] HotelChannelModel.INFO: temp channelgroup deleted successfully  
[2023-06-13 07:15:57] HotelChannelModel.INFO: Insert Query :  INSERT INTO tempchannelgroup(channelid,categoryid, hotelid) 
							  VALUES(8, 5, '1')   
[2023-06-13 07:15:57] HotelChannelModel.INFO: inserted successfully  
[2023-06-13 07:15:57] HotelChannelModel.INFO: Insert Query :  INSERT INTO tempchannelgroup(channelid,categoryid, hotelid) 
							  VALUES(9, 5, '1')   
[2023-06-13 07:15:57] HotelChannelModel.INFO: inserted successfully  
[2023-06-13 07:15:57] HotelChannelModel.INFO: Insert Query :  INSERT INTO tempchannelgroup(channelid,categoryid, hotelid) 
							  VALUES(18, 5, '1')   
[2023-06-13 07:15:57] HotelChannelModel.INFO: inserted successfully  
[2023-06-13 07:15:57] HotelChannelModel.INFO: Insert Query :  INSERT INTO tempchannelgroup(channelid,categoryid, hotelid) 
							  VALUES(19, 5, '1')   
[2023-06-13 07:15:57] HotelChannelModel.INFO: inserted successfully  
[2023-06-13 07:15:57] HotelChannelModel.INFO: Insert Query :  INSERT INTO tempchannelgroup(channelid,categoryid, hotelid) 
							  VALUES(20, 5, '1')   
[2023-06-13 07:15:57] HotelChannelModel.INFO: inserted successfully  
[2023-06-13 07:15:57] HotelChannelModel.INFO: Query : CALL SP_Assignchannels( 1, 5, 1,'ADD')   
[2023-06-13 07:15:57] HotelChannelModel.INFO: Insert Return : {"ErrorCode":"00","Result":"SUCCESS"}  
