[2023-06-13 04:55:21] AdmnGrpsRepository.INFO: ======= Start AdmnGrps Repository ================  
[2023-06-13 04:55:21] AdmnGrpsRepository.INFO: Input Data : {"decoded":{"sub":"1","id":"1","userName":"super admin","userGroup":"1","email":"superadmin@msense.in","hotelId":"1","brandId":null,"iat":1686632118,"exp":1686718518}}  
[2023-06-13 04:55:21] AdmnGrpModel.INFO: Query : CALL SP_GroupConfig('0', '0', 0, '', 
            1, '', 10, '0', 
            0, '', 'DESC', 'GETALL')  
[2023-06-13 04:55:21] AdmnGrpModel.INFO: Group List Avaliable Group list count : 30  
[2023-06-13 04:55:21] AdmnGrpsRepository.INFO: ======= End AdmnGrps Repository ================  
[2023-06-13 04:55:28] AdmnGrpsRepository.INFO: ======= Start AdmnGrps Repository ================  
[2023-06-13 04:55:28] AdmnGrpsRepository.INFO: Input Data : {"decoded":{"sub":"1","id":"1","userName":"super admin","userGroup":"1","email":"superadmin@msense.in","hotelId":"1","brandId":null,"iat":1686632118,"exp":1686718518}}  
[2023-06-13 04:55:28] AdmnGrpModel.INFO: Query : CALL SP_GroupConfig('0', '0', 0, '', 
            1, '', 10, '0', 
            0, '', 'DESC', 'GETALL')  
[2023-06-13 04:55:28] AdmnGrpModel.INFO: Group List Avaliable Group list count : 30  
[2023-06-13 04:55:28] AdmnGrpsRepository.INFO: ======= End AdmnGrps Repository ================  
[2023-06-13 04:55:32] AdmnGrpsRepository.INFO: ======= Start AdmnGrps Repository ================  
[2023-06-13 04:55:32] AdmnGrpsRepository.INFO: Input Data : {"decoded":{"sub":"1","id":"1","userName":"super admin","userGroup":"1","email":"superadmin@msense.in","hotelId":"1","brandId":null,"iat":1686632118,"exp":1686718518}}  
[2023-06-13 04:55:32] AdmnGrpModel.INFO: Query : CALL SP_GroupConfig('0', '0', 0, '', 
            1, '', 10, '0', 
            0, '', 'DESC', 'GETALL')  
[2023-06-13 04:55:32] AdmnGrpModel.INFO: Group List Avaliable Group list count : 30  
[2023-06-13 04:55:32] AdmnGrpsRepository.INFO: ======= End AdmnGrps Repository ================  
[2023-06-13 05:31:35] AdmnGrpsRepository.INFO: ======= Start AdmnGrps Repository ================  
[2023-06-13 05:31:35] AdmnGrpModel.INFO: Query : CALL SP_GroupConfig('0', '0', list, '', 
            1, '', 0, '', 0, '', '', 'GETONE')  
[2023-06-13 05:46:56] AdmnGrpsRepository.INFO: ======= Start AdmnGrps Repository ================  
[2023-06-13 05:46:56] AdmnGrpModel.INFO: Query : CALL SP_GroupConfig('0', '0', 30, '', 
            1, '', 0, '', 0, '', '', 'GETONE')  
[2023-06-13 05:46:56] AdmnGrpsRepository.INFO: ======= End AdmnGrps Repository ================  
[2023-06-13 05:47:02] AdmnGrpsRepository.INFO: ======= Start AdmnGrps Repository ================  
[2023-06-13 05:47:02] AdmnGrpModel.INFO: Query : CALL SP_GroupConfig('0', '0', 30, '', 
            1, '', 0, '', 0, '', '', 'GETONE')  
[2023-06-13 05:47:02] AdmnGrpsRepository.INFO: ======= End AdmnGrps Repository ================  
[2023-06-13 05:52:36] AdmnGrpsRepository.INFO: ======= Start AdmnGrps Repository ================  
[2023-06-13 05:52:36] AdmnGrpsRepository.INFO: Input Data : {"decoded":{"sub":"1","id":"1","userName":"super admin","userGroup":"1","email":"superadmin@msense.in","hotelId":"1","brandId":null,"iat":1686632118,"exp":1686718518}}  
[2023-06-13 05:52:36] AdmnGrpModel.INFO: Query : CALL SP_GroupConfig('0', '0', 0, '', 
            1, '', 10, '0', 
            0, '', 'DESC', 'GETALL')  
[2023-06-13 05:52:36] AdmnGrpModel.INFO: Group List Avaliable Group list count : 30  
[2023-06-13 05:52:36] AdmnGrpsRepository.INFO: ======= End AdmnGrps Repository ================  
[2023-06-13 13:06:38] AdmnGrpsRepository.INFO: ======= Start AdmnGrps Repository ================  
[2023-06-13 13:06:38] AdmnGrpsRepository.INFO: Input Data : {"decoded":{"sub":"1","id":"1","userName":"super admin","userGroup":"1","email":"superadmin@msense.in","hotelId":"1","brandId":null,"iat":1686658599,"exp":1686744999}}  
[2023-06-13 13:06:38] AdmnGrpModel.INFO: Query : CALL SP_GroupConfig('0', '0', 0, '', 
            1, '', 10, '0', 
            0, '', 'DESC', 'GETALL')  
[2023-06-13 13:06:38] AdmnGrpModel.INFO: Group List Avaliable Group list count : 30  
[2023-06-13 13:06:38] AdmnGrpsRepository.INFO: ======= End AdmnGrps Repository ================  
[2023-06-13 18:34:50] AdmnGrpsRepository.INFO: ======= Start AdmnGrps Repository ================  
[2023-06-13 18:34:50] AdmnGrpsRepository.INFO: Input Data : {"decoded":{"sub":"1","id":"1","userName":"super admin","userGroup":"1","email":"superadmin@msense.in","hotelId":"1","brandId":null,"iat":1686681143,"exp":1686767543}}  
[2023-06-13 18:34:50] AdmnGrpModel.INFO: Query : CALL SP_GroupConfig('0', '0', 0, '', 
            1, '', 10, '0', 
            0, '', 'DESC', 'GETALL')  
[2023-06-13 18:34:50] AdmnGrpModel.INFO: Group List Avaliable Group list count : 30  
[2023-06-13 18:34:50] AdmnGrpsRepository.INFO: ======= End AdmnGrps Repository ================  
[2023-06-13 18:34:57] AdmnGrpsRepository.INFO: ======= Start AdmnGrps Repository ================  
[2023-06-13 18:34:57] AdmnGrpsRepository.INFO: Input Data : {"decoded":{"sub":"1","id":"1","userName":"super admin","userGroup":"1","email":"superadmin@msense.in","hotelId":"1","brandId":null,"iat":1686681143,"exp":1686767543}}  
[2023-06-13 18:34:57] AdmnGrpModel.INFO: Query : CALL SP_GroupConfig('0', '0', 0, '', 
            1, '', 10, '0', 
            0, '', 'DESC', 'GETALL')  
[2023-06-13 18:34:57] AdmnGrpModel.INFO: Group List Avaliable Group list count : 30  
[2023-06-13 18:34:57] AdmnGrpsRepository.INFO: ======= End AdmnGrps Repository ================  
[2023-06-13 18:34:59] AdmnGrpsRepository.INFO: ======= Start AdmnGrps Repository ================  
[2023-06-13 18:34:59] AdmnGrpsRepository.INFO: Input Data : {"decoded":{"sub":"1","id":"1","userName":"super admin","userGroup":"1","email":"superadmin@msense.in","hotelId":"1","brandId":null,"iat":1686681143,"exp":1686767543}}  
[2023-06-13 18:34:59] AdmnGrpModel.INFO: Query : CALL SP_GroupConfig('0', '0', 0, '', 
            1, '', 10, '0', 
            0, '', 'DESC', 'GETALL')  
[2023-06-13 18:34:59] AdmnGrpModel.INFO: Group List Avaliable Group list count : 30  
[2023-06-13 18:34:59] AdmnGrpsRepository.INFO: ======= End AdmnGrps Repository ================  
[2023-06-13 18:35:03] AdmnGrpsRepository.INFO: ======= Start AdmnGrps Repository ================  
[2023-06-13 18:35:03] AdmnGrpsRepository.INFO: Input Data : {"decoded":{"sub":"1","id":"1","userName":"super admin","userGroup":"1","email":"superadmin@msense.in","hotelId":"1","brandId":null,"iat":1686681143,"exp":1686767543}}  
[2023-06-13 18:35:03] AdmnGrpModel.INFO: Query : CALL SP_GroupConfig('0', '0', 0, '', 
            1, '', 10, '0', 
            0, '', 'DESC', 'GETALL')  
[2023-06-13 18:35:03] AdmnGrpModel.INFO: Group List Avaliable Group list count : 30  
[2023-06-13 18:35:03] AdmnGrpsRepository.INFO: ======= End AdmnGrps Repository ================  
[2023-06-13 18:35:17] AdmnGrpsRepository.INFO: ======= Start AdmnGrps Repository ================  
[2023-06-13 18:35:17] AdmnGrpsRepository.INFO: Input Data : {"decoded":{"sub":"1","id":"1","userName":"super admin","userGroup":"1","email":"superadmin@msense.in","hotelId":"1","brandId":null,"iat":1686681143,"exp":1686767543}}  
[2023-06-13 18:35:17] AdmnGrpModel.INFO: Query : CALL SP_GroupConfig('0', '0', 0, '', 
            1, '', 10, '0', 
            0, '', 'DESC', 'GETALL')  
[2023-06-13 18:35:17] AdmnGrpModel.INFO: Group List Avaliable Group list count : 30  
[2023-06-13 18:35:17] AdmnGrpsRepository.INFO: ======= End AdmnGrps Repository ================  
