[2023-06-13 07:01:12] HotelChannelAction.INFO: ======= Start HotelChannel Action (ASSIGN MENUS) ================  
[2023-06-13 07:01:12] HotelChannelAction.INFO: method : POST  
[2023-06-13 07:01:12] HotelChannelAction.INFO: contentType : application/json  
[2023-06-13 07:01:12] HotelChannelAction.INFO: Input Data : {"hotelid":1,"addlist":"16,17,21,22","removelist":"","channelcategory":6,"decoded":{"sub":"1","id":"1","userName":"super admin","userGroup":"1","email":"superadmin@msense.in","hotelId":"1","brandId":null,"iat":1686639126,"exp":1686725526}}  
[2023-06-13 07:01:12] HotelChannelAction.INFO: Insert Status : SUCCESS  
[2023-06-13 07:01:12] HotelChannelAction.INFO: ======= END HotelChannel Action (ASSING MENUS) ================  
[2023-06-13 07:01:33] HotelChannelAction.INFO: ======= Start HotelChannel Action (ASSIGN MENUS) ================  
[2023-06-13 07:01:33] HotelChannelAction.INFO: method : POST  
[2023-06-13 07:01:33] HotelChannelAction.INFO: contentType : application/json  
[2023-06-13 07:01:33] HotelChannelAction.INFO: Input Data : {"hotelid":1,"addlist":"23,24,25,26","removelist":"","channelcategory":7,"decoded":{"sub":"1","id":"1","userName":"super admin","userGroup":"1","email":"superadmin@msense.in","hotelId":"1","brandId":null,"iat":1686639126,"exp":1686725526}}  
[2023-06-13 07:01:33] HotelChannelAction.INFO: Insert Status : SUCCESS  
[2023-06-13 07:01:33] HotelChannelAction.INFO: ======= END HotelChannel Action (ASSING MENUS) ================  
[2023-06-13 07:02:16] HotelChannelAction.INFO: ======= Start HotelChannel Action (ASSIGN MENUS) ================  
[2023-06-13 07:02:16] HotelChannelAction.INFO: method : POST  
[2023-06-13 07:02:16] HotelChannelAction.INFO: contentType : application/json  
[2023-06-13 07:02:16] HotelChannelAction.INFO: Input Data : {"hotelid":1,"addlist":"8,9,18,19,20,21","removelist":"","channelcategory":5,"decoded":{"sub":"1","id":"1","userName":"super admin","userGroup":"1","email":"superadmin@msense.in","hotelId":"1","brandId":null,"iat":1686639126,"exp":1686725526}}  
[2023-06-13 07:02:16] HotelChannelAction.INFO: Insert Status : SUCCESS  
[2023-06-13 07:02:16] HotelChannelAction.INFO: ======= END HotelChannel Action (ASSING MENUS) ================  
[2023-06-13 07:15:57] HotelChannelAction.INFO: ======= Start HotelChannel Action (ASSIGN MENUS) ================  
[2023-06-13 07:15:57] HotelChannelAction.INFO: method : POST  
[2023-06-13 07:15:57] HotelChannelAction.INFO: contentType : application/json  
[2023-06-13 07:15:57] HotelChannelAction.INFO: Input Data : {"hotelid":1,"addlist":"8,9,18,19,20","removelist":"","channelcategory":5,"decoded":{"sub":"1","id":"1","userName":"super admin","userGroup":"1","email":"superadmin@msense.in","hotelId":"1","brandId":null,"iat":1686639126,"exp":1686725526}}  
[2023-06-13 07:15:57] HotelChannelAction.INFO: Insert Status : SUCCESS  
[2023-06-13 07:15:57] HotelChannelAction.INFO: ======= END HotelChannel Action (ASSING MENUS) ================  
