[2023-06-13 13:06:38] AdmnUsrsRepository.INFO: ======= Start AdmnUsrs Repository ================  
[2023-06-13 13:06:38] AdmnUsrsRepository.INFO: Input Data : {"decoded":{"sub":"1","id":"1","userName":"super admin","userGroup":"1","email":"superadmin@msense.in","hotelId":"1","brandId":null,"iat":1686658599,"exp":1686744999}}  
[2023-06-13 13:06:38] AdmnUsrModel.INFO: Query : CALL SP_AdmnUsrConfig('0', '0', 0, '', '', '', 0, 0, '','','', '', 
            1, '', 10, '0', 
            0, '', 'DESC', 'GETALL')  
[2023-06-13 13:06:38] AdmnUsrModel.INFO: Admin User List Avaliable User list count : 10  
[2023-06-13 13:06:38] AdmnUsrsRepository.INFO: ======= End AdmnUsrs Repository ================  
[2023-06-13 18:34:50] AdmnUsrsRepository.INFO: ======= Start AdmnUsrs Repository ================  
[2023-06-13 18:34:50] AdmnUsrsRepository.INFO: Input Data : {"decoded":{"sub":"1","id":"1","userName":"super admin","userGroup":"1","email":"superadmin@msense.in","hotelId":"1","brandId":null,"iat":1686681143,"exp":1686767543}}  
[2023-06-13 18:34:50] AdmnUsrModel.INFO: Query : CALL SP_AdmnUsrConfig('0', '0', 0, '', '', '', 0, 0, '','','', '', 
            1, '', 10, '0', 
            0, '', 'DESC', 'GETALL')  
[2023-06-13 18:34:50] AdmnUsrModel.INFO: Admin User List Avaliable User list count : 10  
[2023-06-13 18:34:50] AdmnUsrsRepository.INFO: ======= End AdmnUsrs Repository ================  
[2023-06-13 18:34:57] AdmnUsrModel.INFO: Query : CALL SP_AdmnUsrConfig('', '', 9, '', '', '', 0, 0, '','','','',
            1, '', 0, '', 0, '', '', 'ACTIVEORDEACTIVE')  
[2023-06-13 18:34:57] AdmnUsrModel.INFO: Update Return : {"ErrorCode":"00","Result":"User Activated Successfully"}  
[2023-06-13 18:34:57] AdmnUsrsRepository.INFO: ======= Start AdmnUsrs Repository ================  
[2023-06-13 18:34:57] AdmnUsrsRepository.INFO: Input Data : {"decoded":{"sub":"1","id":"1","userName":"super admin","userGroup":"1","email":"superadmin@msense.in","hotelId":"1","brandId":null,"iat":1686681143,"exp":1686767543}}  
[2023-06-13 18:34:57] AdmnUsrModel.INFO: Query : CALL SP_AdmnUsrConfig('0', '0', 0, '', '', '', 0, 0, '','','', '', 
            1, '', 10, '0', 
            0, '', 'DESC', 'GETALL')  
[2023-06-13 18:34:57] AdmnUsrModel.INFO: Admin User List Avaliable User list count : 10  
[2023-06-13 18:34:57] AdmnUsrsRepository.INFO: ======= End AdmnUsrs Repository ================  
[2023-06-13 18:34:59] AdmnUsrModel.INFO: Query : CALL SP_AdmnUsrConfig('', '', 9, '', '', '', 0, 0, '','','','',
            1, '', 0, '', 0, '', '', 'ACTIVEORDEACTIVE')  
[2023-06-13 18:34:59] AdmnUsrModel.INFO: Update Return : {"ErrorCode":"00","Result":"User Deactivated Successfully"}  
[2023-06-13 18:34:59] AdmnUsrsRepository.INFO: ======= Start AdmnUsrs Repository ================  
[2023-06-13 18:34:59] AdmnUsrsRepository.INFO: Input Data : {"decoded":{"sub":"1","id":"1","userName":"super admin","userGroup":"1","email":"superadmin@msense.in","hotelId":"1","brandId":null,"iat":1686681143,"exp":1686767543}}  
[2023-06-13 18:34:59] AdmnUsrModel.INFO: Query : CALL SP_AdmnUsrConfig('0', '0', 0, '', '', '', 0, 0, '','','', '', 
            1, '', 10, '0', 
            0, '', 'DESC', 'GETALL')  
[2023-06-13 18:34:59] AdmnUsrModel.INFO: Admin User List Avaliable User list count : 10  
[2023-06-13 18:34:59] AdmnUsrsRepository.INFO: ======= End AdmnUsrs Repository ================  
