[2023-06-13 06:51:38] CategoryAction.INFO: ======= Start Category Action (Single One) ================  
[2023-06-13 06:51:38] CategoryAction.INFO: method : POST  
[2023-06-13 06:51:38] CategoryAction.INFO: contentType : application/json  
[2023-06-13 06:51:38] CategoryAction.INFO: Input Data : {"decoded":{"sub":"1","id":"1","userName":"super admin","userGroup":"1","email":"superadmin@msense.in","hotelId":"1","brandId":null,"iat":1686638697,"exp":1686725097}}  
[2023-06-13 06:51:38] CategoryAction.INFO: ======= END Channel Action (CREATE) ================  
[2023-06-13 06:52:30] CategoryAction.INFO: ======= Start Category Action (Create) ================  
[2023-06-13 06:52:30] CategoryAction.INFO: method : POST  
[2023-06-13 06:52:30] CategoryAction.INFO: contentType : application/json  
[2023-06-13 06:52:30] CategoryAction.INFO: Input Data : {"hotelid":1,"categoryname":"Tamil","decoded":{"sub":"1","id":"1","userName":"super admin","userGroup":"1","email":"superadmin@msense.in","hotelId":"1","brandId":null,"iat":1686639126,"exp":1686725526}}  
[2023-06-13 06:52:30] ChannelModel.INFO: Query : call SP_AddandEditChannelcategory('ADD',1,'Tamil' ,0 ,1)  
[2023-06-13 06:52:30] CategoryAction.INFO: ======= END Channel Action (Create) ================  
[2023-06-13 06:53:14] CategoryAction.INFO: ======= Start Category Action (Create) ================  
[2023-06-13 06:53:14] CategoryAction.INFO: method : POST  
[2023-06-13 06:53:14] CategoryAction.INFO: contentType : application/json  
[2023-06-13 06:53:14] CategoryAction.INFO: Input Data : {"hotelid":1,"categoryname":"Telugu","decoded":{"sub":"1","id":"1","userName":"super admin","userGroup":"1","email":"superadmin@msense.in","hotelId":"1","brandId":null,"iat":1686639126,"exp":1686725526}}  
[2023-06-13 06:53:14] ChannelModel.INFO: Query : call SP_AddandEditChannelcategory('ADD',1,'Telugu' ,0 ,1)  
[2023-06-13 06:53:14] CategoryAction.INFO: ======= END Channel Action (Create) ================  
[2023-06-13 06:53:21] CategoryAction.INFO: ======= Start Category Action (Create) ================  
[2023-06-13 06:53:21] CategoryAction.INFO: method : POST  
[2023-06-13 06:53:21] CategoryAction.INFO: contentType : application/json  
[2023-06-13 06:53:21] CategoryAction.INFO: Input Data : {"hotelid":1,"categoryname":"Malayalam","decoded":{"sub":"1","id":"1","userName":"super admin","userGroup":"1","email":"superadmin@msense.in","hotelId":"1","brandId":null,"iat":1686639126,"exp":1686725526}}  
[2023-06-13 06:53:21] ChannelModel.INFO: Query : call SP_AddandEditChannelcategory('ADD',1,'Malayalam' ,0 ,1)  
[2023-06-13 06:53:21] CategoryAction.INFO: ======= END Channel Action (Create) ================  
[2023-06-13 06:53:25] CategoryAction.INFO: ======= Start Category Action (Single One) ================  
[2023-06-13 06:53:25] CategoryAction.INFO: method : POST  
[2023-06-13 06:53:25] CategoryAction.INFO: contentType : application/json  
[2023-06-13 06:53:25] CategoryAction.INFO: Input Data : {"decoded":{"sub":"1","id":"1","userName":"super admin","userGroup":"1","email":"superadmin@msense.in","hotelId":"1","brandId":null,"iat":1686638697,"exp":1686725097}}  
[2023-06-13 06:53:25] CategoryAction.INFO: ======= END Channel Action (CREATE) ================  
[2023-06-13 13:21:45] CategoryAction.INFO: ======= Start Category Action (Single One) ================  
[2023-06-13 13:21:45] CategoryAction.INFO: method : POST  
[2023-06-13 13:21:45] CategoryAction.INFO: contentType : application/json  
[2023-06-13 13:21:45] CategoryAction.INFO: Input Data : {"decoded":{"sub":"1","id":"1","userName":"super admin","userGroup":"1","email":"superadmin@msense.in","hotelId":"1","brandId":null,"iat":1686658599,"exp":1686744999}}  
[2023-06-13 13:21:45] CategoryAction.INFO: ======= END Channel Action (CREATE) ================  
[2023-06-13 13:24:51] CategoryAction.INFO: ======= Start Category Action (Single One) ================  
[2023-06-13 13:24:51] CategoryAction.INFO: method : POST  
[2023-06-13 13:24:51] CategoryAction.INFO: contentType : application/json  
[2023-06-13 13:24:51] CategoryAction.INFO: Input Data : {"decoded":{"sub":"1","id":"1","userName":"super admin","userGroup":"1","email":"superadmin@msense.in","hotelId":"1","brandId":null,"iat":1686658599,"exp":1686744999}}  
[2023-06-13 13:24:51] CategoryAction.INFO: ======= END Channel Action (CREATE) ================  
