[2023-06-26 11:58:25] TVtempAction.INFO: ======= Start Tv Action (Get All Template List) ================  
[2023-06-26 11:58:25] TVtempAction.INFO: method : GET  
[2023-06-26 11:58:25] TVtempAction.INFO: contentType : application/json  
[2023-06-26 11:58:25] TVtempAction.INFO: Input Data : {"decoded":{"sub":"1","id":"1","userName":"super admin","userGroup":"1","email":"superadmin@msense.in","hotelId":"4","brandId":"7","iat":1687754417,"exp":1687840817}}  
[2023-06-26 11:58:25] TVtempAction.INFO: ======= END Tv Action (Get All Template List) ================  
[2023-06-26 11:58:25] TVtempAction.INFO: ======= Start Tv Action (Get All Template List) ================  
[2023-06-26 11:58:25] TVtempAction.INFO: method : GET  
[2023-06-26 11:58:25] TVtempAction.INFO: contentType : application/json  
[2023-06-26 11:58:25] TVtempAction.INFO: Input Data : {"decoded":{"sub":"1","id":"1","userName":"super admin","userGroup":"1","email":"superadmin@msense.in","hotelId":"4","brandId":"7","iat":1687754417,"exp":1687840817}}  
[2023-06-26 11:58:25] TVtempAction.INFO: ======= Start Tv Action (Get All Feature List) ================  
[2023-06-26 11:58:25] TVtempAction.INFO: method : GET  
[2023-06-26 11:58:25] TVtempAction.INFO: contentType : application/json  
[2023-06-26 11:58:25] TVtempAction.INFO: Input Data : {"decoded":{"sub":"1","id":"1","userName":"super admin","userGroup":"1","email":"superadmin@msense.in","hotelId":"4","brandId":"7","iat":1687754417,"exp":1687840817}}  
[2023-06-26 11:58:25] TVtempAction.INFO: ======= END Tv Action (Get All Template List) ================  
[2023-06-26 11:58:25] TVtempAction.INFO: ======= END Tv Action (Get All Feature List) ================  
[2023-06-26 12:00:01] TVtempAction.INFO: ======= Start Tv Action (Get All Template List) ================  
[2023-06-26 12:00:01] TVtempAction.INFO: method : GET  
[2023-06-26 12:00:01] TVtempAction.INFO: contentType : application/json  
[2023-06-26 12:00:01] TVtempAction.INFO: ======= Start Tv Action (Get All Feature List) ================  
[2023-06-26 12:00:01] TVtempAction.INFO: method : GET  
[2023-06-26 12:00:01] TVtempAction.INFO: contentType : application/json  
[2023-06-26 12:00:01] TVtempAction.INFO: Input Data : {"decoded":{"sub":"1","id":"1","userName":"super admin","userGroup":"1","email":"superadmin@msense.in","hotelId":"4","brandId":"7","iat":1687754417,"exp":1687840817}}  
[2023-06-26 12:00:01] TVtempAction.INFO: Input Data : {"decoded":{"sub":"1","id":"1","userName":"super admin","userGroup":"1","email":"superadmin@msense.in","hotelId":"4","brandId":"7","iat":1687754417,"exp":1687840817}}  
[2023-06-26 12:00:01] TVtempAction.INFO: ======= Start Tv Action (Get All Template List) ================  
[2023-06-26 12:00:01] TVtempAction.INFO: method : GET  
[2023-06-26 12:00:01] TVtempAction.INFO: contentType : application/json  
[2023-06-26 12:00:01] TVtempAction.INFO: Input Data : {"decoded":{"sub":"1","id":"1","userName":"super admin","userGroup":"1","email":"superadmin@msense.in","hotelId":"4","brandId":"7","iat":1687754417,"exp":1687840817}}  
[2023-06-26 12:00:01] TVtempAction.INFO: ======= END Tv Action (Get All Template List) ================  
[2023-06-26 12:00:01] TVtempAction.INFO: ======= END Tv Action (Get All Feature List) ================  
[2023-06-26 12:00:01] TVtempAction.INFO: ======= END Tv Action (Get All Template List) ================  
[2023-06-26 12:07:50] TVtempAction.INFO: ======= Start Tv Action (Get All Template List) ================  
[2023-06-26 12:07:50] TVtempAction.INFO: method : GET  
[2023-06-26 12:07:50] TVtempAction.INFO: ======= Start Tv Action (Get All Template List) ================  
[2023-06-26 12:07:50] TVtempAction.INFO: method : GET  
[2023-06-26 12:07:50] TVtempAction.INFO: contentType : application/json  
[2023-06-26 12:07:50] TVtempAction.INFO: Input Data : {"decoded":{"sub":"1","id":"1","userName":"super admin","userGroup":"1","email":"superadmin@msense.in","hotelId":"4","brandId":"7","iat":1687754417,"exp":1687840817}}  
[2023-06-26 12:07:50] TVtempAction.INFO: contentType : application/json  
[2023-06-26 12:07:50] TVtempAction.INFO: Input Data : {"decoded":{"sub":"1","id":"1","userName":"super admin","userGroup":"1","email":"superadmin@msense.in","hotelId":"4","brandId":"7","iat":1687754417,"exp":1687840817}}  
[2023-06-26 12:07:50] TVtempAction.INFO: ======= Start Tv Action (Get All Feature List) ================  
[2023-06-26 12:07:50] TVtempAction.INFO: method : GET  
[2023-06-26 12:07:50] TVtempAction.INFO: contentType : application/json  
[2023-06-26 12:07:50] TVtempAction.INFO: Input Data : {"decoded":{"sub":"1","id":"1","userName":"super admin","userGroup":"1","email":"superadmin@msense.in","hotelId":"4","brandId":"7","iat":1687754417,"exp":1687840817}}  
[2023-06-26 12:07:50] TVtempAction.INFO: ======= END Tv Action (Get All Template List) ================  
[2023-06-26 12:07:50] TVtempAction.INFO: ======= END Tv Action (Get All Feature List) ================  
[2023-06-26 12:07:50] TVtempAction.INFO: ======= END Tv Action (Get All Template List) ================  
[2023-06-26 12:08:50] TVtempAction.INFO: ======= Start Tv Action (Get All Template List) ================  
[2023-06-26 12:08:50] TVtempAction.INFO: method : GET  
[2023-06-26 12:08:50] TVtempAction.INFO: contentType : application/json  
[2023-06-26 12:08:50] TVtempAction.INFO: Input Data : {"decoded":{"sub":"1","id":"1","userName":"super admin","userGroup":"1","email":"superadmin@msense.in","hotelId":"4","brandId":"7","iat":1687754417,"exp":1687840817}}  
[2023-06-26 12:08:50] TVtempAction.INFO: ======= END Tv Action (Get All Template List) ================  
[2023-06-26 12:08:50] TVtempAction.INFO: ======= Start Tv Action (Get All Feature List) ================  
[2023-06-26 12:08:50] TVtempAction.INFO: method : GET  
[2023-06-26 12:08:50] TVtempAction.INFO: contentType : application/json  
[2023-06-26 12:08:50] TVtempAction.INFO: Input Data : {"decoded":{"sub":"1","id":"1","userName":"super admin","userGroup":"1","email":"superadmin@msense.in","hotelId":"4","brandId":"7","iat":1687754417,"exp":1687840817}}  
[2023-06-26 12:08:50] TVtempAction.INFO: ======= END Tv Action (Get All Feature List) ================  
[2023-06-26 12:08:50] TVtempAction.INFO: ======= Start Tv Action (Get All Template List) ================  
[2023-06-26 12:08:50] TVtempAction.INFO: method : GET  
[2023-06-26 12:08:50] TVtempAction.INFO: contentType : application/json  
[2023-06-26 12:08:50] TVtempAction.INFO: Input Data : {"decoded":{"sub":"1","id":"1","userName":"super admin","userGroup":"1","email":"superadmin@msense.in","hotelId":"4","brandId":"7","iat":1687754417,"exp":1687840817}}  
[2023-06-26 12:08:50] TVtempAction.INFO: ======= END Tv Action (Get All Template List) ================  
[2023-06-26 12:09:43] TVtempAction.INFO: ======= Start Tv Action (Get All Feature List) ================  
[2023-06-26 12:09:43] TVtempAction.INFO: method : GET  
[2023-06-26 12:09:43] TVtempAction.INFO: contentType : application/json  
[2023-06-26 12:09:43] TVtempAction.INFO: Input Data : {"decoded":{"sub":"1","id":"1","userName":"super admin","userGroup":"1","email":"superadmin@msense.in","hotelId":"4","brandId":"7","iat":1687754417,"exp":1687840817}}  
[2023-06-26 12:09:43] TVtempAction.INFO: ======= END Tv Action (Get All Feature List) ================  
[2023-06-26 12:09:43] TVtempAction.INFO: ======= Start Tv Action (Get All Template List) ================  
[2023-06-26 12:09:43] TVtempAction.INFO: method : GET  
[2023-06-26 12:09:43] TVtempAction.INFO: contentType : application/json  
[2023-06-26 12:09:43] TVtempAction.INFO: Input Data : {"decoded":{"sub":"1","id":"1","userName":"super admin","userGroup":"1","email":"superadmin@msense.in","hotelId":"4","brandId":"7","iat":1687754417,"exp":1687840817}}  
[2023-06-26 12:09:43] TVtempAction.INFO: ======= END Tv Action (Get All Template List) ================  
[2023-06-26 12:09:43] TVtempAction.INFO: ======= Start Tv Action (Get All Template List) ================  
[2023-06-26 12:09:43] TVtempAction.INFO: method : GET  
[2023-06-26 12:09:43] TVtempAction.INFO: contentType : application/json  
[2023-06-26 12:09:43] TVtempAction.INFO: Input Data : {"decoded":{"sub":"1","id":"1","userName":"super admin","userGroup":"1","email":"superadmin@msense.in","hotelId":"4","brandId":"7","iat":1687754417,"exp":1687840817}}  
[2023-06-26 12:09:43] TVtempAction.INFO: ======= END Tv Action (Get All Template List) ================  
[2023-06-26 12:10:10] TVtempAction.INFO: ======= Start Tv Action (Get All Template List) ================  
[2023-06-26 12:10:10] TVtempAction.INFO: method : GET  
[2023-06-26 12:10:10] TVtempAction.INFO: contentType : application/json  
[2023-06-26 12:10:10] TVtempAction.INFO: Input Data : {"decoded":{"sub":"1","id":"1","userName":"super admin","userGroup":"1","email":"superadmin@msense.in","hotelId":"4","brandId":"7","iat":1687754417,"exp":1687840817}}  
[2023-06-26 12:10:10] TVtempAction.INFO: ======= END Tv Action (Get All Template List) ================  
[2023-06-26 12:10:10] TVtempAction.INFO: ======= Start Tv Action (Get All Feature List) ================  
[2023-06-26 12:10:10] TVtempAction.INFO: method : GET  
[2023-06-26 12:10:10] TVtempAction.INFO: contentType : application/json  
[2023-06-26 12:10:10] TVtempAction.INFO: Input Data : {"decoded":{"sub":"1","id":"1","userName":"super admin","userGroup":"1","email":"superadmin@msense.in","hotelId":"4","brandId":"7","iat":1687754417,"exp":1687840817}}  
[2023-06-26 12:10:10] TVtempAction.INFO: ======= Start Tv Action (Get All Template List) ================  
[2023-06-26 12:10:10] TVtempAction.INFO: method : GET  
[2023-06-26 12:10:10] TVtempAction.INFO: contentType : application/json  
[2023-06-26 12:10:10] TVtempAction.INFO: Input Data : {"decoded":{"sub":"1","id":"1","userName":"super admin","userGroup":"1","email":"superadmin@msense.in","hotelId":"4","brandId":"7","iat":1687754417,"exp":1687840817}}  
[2023-06-26 12:10:10] TVtempAction.INFO: ======= END Tv Action (Get All Feature List) ================  
[2023-06-26 12:10:10] TVtempAction.INFO: ======= END Tv Action (Get All Template List) ================  
[2023-06-26 12:12:53] TVtempAction.INFO: ======= Start Tv Action (Get All Template List) ================  
[2023-06-26 12:12:53] TVtempAction.INFO: method : GET  
[2023-06-26 12:12:53] TVtempAction.INFO: contentType : application/json  
[2023-06-26 12:12:53] TVtempAction.INFO: Input Data : {"decoded":{"sub":"1","id":"1","userName":"super admin","userGroup":"1","email":"superadmin@msense.in","hotelId":"4","brandId":"7","iat":1687754417,"exp":1687840817}}  
[2023-06-26 12:12:53] TVtempAction.INFO: ======= Start Tv Action (Get All Template List) ================  
[2023-06-26 12:12:53] TVtempAction.INFO: method : GET  
[2023-06-26 12:12:53] TVtempAction.INFO: contentType : application/json  
[2023-06-26 12:12:53] TVtempAction.INFO: Input Data : {"decoded":{"sub":"1","id":"1","userName":"super admin","userGroup":"1","email":"superadmin@msense.in","hotelId":"4","brandId":"7","iat":1687754417,"exp":1687840817}}  
[2023-06-26 12:12:53] TVtempAction.INFO: ======= END Tv Action (Get All Template List) ================  
[2023-06-26 12:12:53] TVtempAction.INFO: ======= END Tv Action (Get All Template List) ================  
[2023-06-26 12:12:53] TVtempAction.INFO: ======= Start Tv Action (Get All Feature List) ================  
[2023-06-26 12:12:53] TVtempAction.INFO: method : GET  
[2023-06-26 12:12:53] TVtempAction.INFO: contentType : application/json  
[2023-06-26 12:12:53] TVtempAction.INFO: Input Data : {"decoded":{"sub":"1","id":"1","userName":"super admin","userGroup":"1","email":"superadmin@msense.in","hotelId":"4","brandId":"7","iat":1687754417,"exp":1687840817}}  
[2023-06-26 12:12:53] TVtempAction.INFO: ======= END Tv Action (Get All Feature List) ================  
[2023-06-26 12:14:28] TVtempAction.INFO: ======= Start Tv Action (Get All Template List) ================  
[2023-06-26 12:14:28] TVtempAction.INFO: method : GET  
[2023-06-26 12:14:28] TVtempAction.INFO: contentType : application/json  
[2023-06-26 12:14:28] TVtempAction.INFO: Input Data : {"decoded":{"sub":"1","id":"1","userName":"super admin","userGroup":"1","email":"superadmin@msense.in","hotelId":"4","brandId":"7","iat":1687754417,"exp":1687840817}}  
[2023-06-26 12:14:28] TVtempAction.INFO: ======= Start Tv Action (Get All Template List) ================  
[2023-06-26 12:14:28] TVtempAction.INFO: method : GET  
[2023-06-26 12:14:28] TVtempAction.INFO: contentType : application/json  
[2023-06-26 12:14:28] TVtempAction.INFO: Input Data : {"decoded":{"sub":"1","id":"1","userName":"super admin","userGroup":"1","email":"superadmin@msense.in","hotelId":"4","brandId":"7","iat":1687754417,"exp":1687840817}}  
[2023-06-26 12:14:28] TVtempAction.INFO: ======= Start Tv Action (Get All Feature List) ================  
[2023-06-26 12:14:28] TVtempAction.INFO: method : GET  
[2023-06-26 12:14:28] TVtempAction.INFO: contentType : application/json  
[2023-06-26 12:14:28] TVtempAction.INFO: Input Data : {"decoded":{"sub":"1","id":"1","userName":"super admin","userGroup":"1","email":"superadmin@msense.in","hotelId":"4","brandId":"7","iat":1687754417,"exp":1687840817}}  
[2023-06-26 12:14:28] TVtempAction.INFO: ======= END Tv Action (Get All Template List) ================  
[2023-06-26 12:14:28] TVtempAction.INFO: ======= END Tv Action (Get All Template List) ================  
[2023-06-26 12:14:28] TVtempAction.INFO: ======= END Tv Action (Get All Feature List) ================  
[2023-06-26 12:16:41] TVtempAction.INFO: ======= Start Tv Action (Get All Feature List) ================  
[2023-06-26 12:16:41] TVtempAction.INFO: method : GET  
[2023-06-26 12:16:41] TVtempAction.INFO: contentType : application/json  
[2023-06-26 12:16:41] TVtempAction.INFO: Input Data : {"decoded":{"sub":"1","id":"1","userName":"super admin","userGroup":"1","email":"superadmin@msense.in","hotelId":"4","brandId":"7","iat":1687754417,"exp":1687840817}}  
[2023-06-26 12:16:41] TVtempAction.INFO: ======= Start Tv Action (Get All Template List) ================  
[2023-06-26 12:16:41] TVtempAction.INFO: method : GET  
[2023-06-26 12:16:41] TVtempAction.INFO: contentType : application/json  
[2023-06-26 12:16:41] TVtempAction.INFO: Input Data : {"decoded":{"sub":"1","id":"1","userName":"super admin","userGroup":"1","email":"superadmin@msense.in","hotelId":"4","brandId":"7","iat":1687754417,"exp":1687840817}}  
[2023-06-26 12:16:41] TVtempAction.INFO: ======= Start Tv Action (Get All Template List) ================  
[2023-06-26 12:16:41] TVtempAction.INFO: method : GET  
[2023-06-26 12:16:41] TVtempAction.INFO: contentType : application/json  
[2023-06-26 12:16:41] TVtempAction.INFO: Input Data : {"decoded":{"sub":"1","id":"1","userName":"super admin","userGroup":"1","email":"superadmin@msense.in","hotelId":"4","brandId":"7","iat":1687754417,"exp":1687840817}}  
[2023-06-26 12:16:41] TVtempAction.INFO: ======= END Tv Action (Get All Feature List) ================  
[2023-06-26 12:16:41] TVtempAction.INFO: ======= END Tv Action (Get All Template List) ================  
[2023-06-26 12:16:41] TVtempAction.INFO: ======= END Tv Action (Get All Template List) ================  
[2023-06-26 12:17:04] TVtempAction.INFO: ======= Start Tv Action (Get All Template List) ================  
[2023-06-26 12:17:04] TVtempAction.INFO: method : GET  
[2023-06-26 12:17:04] TVtempAction.INFO: contentType : application/json  
[2023-06-26 12:17:04] TVtempAction.INFO: Input Data : {"decoded":{"sub":"1","id":"1","userName":"super admin","userGroup":"1","email":"superadmin@msense.in","hotelId":"4","brandId":"7","iat":1687754417,"exp":1687840817}}  
[2023-06-26 12:17:04] TVtempAction.INFO: ======= Start Tv Action (Get All Feature List) ================  
[2023-06-26 12:17:04] TVtempAction.INFO: method : GET  
[2023-06-26 12:17:04] TVtempAction.INFO: contentType : application/json  
[2023-06-26 12:17:04] TVtempAction.INFO: Input Data : {"decoded":{"sub":"1","id":"1","userName":"super admin","userGroup":"1","email":"superadmin@msense.in","hotelId":"4","brandId":"7","iat":1687754417,"exp":1687840817}}  
[2023-06-26 12:17:04] TVtempAction.INFO: ======= Start Tv Action (Get All Template List) ================  
[2023-06-26 12:17:04] TVtempAction.INFO: method : GET  
[2023-06-26 12:17:04] TVtempAction.INFO: contentType : application/json  
[2023-06-26 12:17:04] TVtempAction.INFO: Input Data : {"decoded":{"sub":"1","id":"1","userName":"super admin","userGroup":"1","email":"superadmin@msense.in","hotelId":"4","brandId":"7","iat":1687754417,"exp":1687840817}}  
[2023-06-26 12:17:04] TVtempAction.INFO: ======= END Tv Action (Get All Template List) ================  
[2023-06-26 12:17:04] TVtempAction.INFO: ======= END Tv Action (Get All Template List) ================  
[2023-06-26 12:17:04] TVtempAction.INFO: ======= END Tv Action (Get All Feature List) ================  
[2023-06-26 12:17:37] TVtempAction.INFO: ======= Start Tv Action (Get All Template List) ================  
[2023-06-26 12:17:37] TVtempAction.INFO: method : GET  
[2023-06-26 12:17:37] TVtempAction.INFO: contentType : application/json  
[2023-06-26 12:17:37] TVtempAction.INFO: Input Data : {"decoded":{"sub":"1","id":"1","userName":"super admin","userGroup":"1","email":"superadmin@msense.in","hotelId":"4","brandId":"7","iat":1687754417,"exp":1687840817}}  
[2023-06-26 12:17:37] TVtempAction.INFO: ======= Start Tv Action (Get All Feature List) ================  
[2023-06-26 12:17:37] TVtempAction.INFO: method : GET  
[2023-06-26 12:17:37] TVtempAction.INFO: contentType : application/json  
[2023-06-26 12:17:37] TVtempAction.INFO: Input Data : {"decoded":{"sub":"1","id":"1","userName":"super admin","userGroup":"1","email":"superadmin@msense.in","hotelId":"4","brandId":"7","iat":1687754417,"exp":1687840817}}  
[2023-06-26 12:17:37] TVtempAction.INFO: ======= END Tv Action (Get All Template List) ================  
[2023-06-26 12:17:37] TVtempAction.INFO: ======= END Tv Action (Get All Feature List) ================  
[2023-06-26 12:17:37] TVtempAction.INFO: ======= Start Tv Action (Get All Template List) ================  
[2023-06-26 12:17:37] TVtempAction.INFO: method : GET  
[2023-06-26 12:17:37] TVtempAction.INFO: contentType : application/json  
[2023-06-26 12:17:37] TVtempAction.INFO: Input Data : {"decoded":{"sub":"1","id":"1","userName":"super admin","userGroup":"1","email":"superadmin@msense.in","hotelId":"4","brandId":"7","iat":1687754417,"exp":1687840817}}  
[2023-06-26 12:17:37] TVtempAction.INFO: ======= END Tv Action (Get All Template List) ================  
[2023-06-26 12:18:40] TVtempAction.INFO: ======= Start Tv Action (Get All Template List) ================  
[2023-06-26 12:18:40] TVtempAction.INFO: method : GET  
[2023-06-26 12:18:40] TVtempAction.INFO: contentType : application/json  
[2023-06-26 12:18:40] TVtempAction.INFO: Input Data : {"decoded":{"sub":"1","id":"1","userName":"super admin","userGroup":"1","email":"superadmin@msense.in","hotelId":"4","brandId":"7","iat":1687754417,"exp":1687840817}}  
[2023-06-26 12:18:40] TVtempAction.INFO: ======= Start Tv Action (Get All Feature List) ================  
[2023-06-26 12:18:40] TVtempAction.INFO: method : GET  
[2023-06-26 12:18:40] TVtempAction.INFO: contentType : application/json  
[2023-06-26 12:18:40] TVtempAction.INFO: Input Data : {"decoded":{"sub":"1","id":"1","userName":"super admin","userGroup":"1","email":"superadmin@msense.in","hotelId":"4","brandId":"7","iat":1687754417,"exp":1687840817}}  
[2023-06-26 12:18:40] TVtempAction.INFO: ======= END Tv Action (Get All Template List) ================  
[2023-06-26 12:18:40] TVtempAction.INFO: ======= Start Tv Action (Get All Template List) ================  
[2023-06-26 12:18:40] TVtempAction.INFO: method : GET  
[2023-06-26 12:18:40] TVtempAction.INFO: contentType : application/json  
[2023-06-26 12:18:40] TVtempAction.INFO: Input Data : {"decoded":{"sub":"1","id":"1","userName":"super admin","userGroup":"1","email":"superadmin@msense.in","hotelId":"4","brandId":"7","iat":1687754417,"exp":1687840817}}  
[2023-06-26 12:18:40] TVtempAction.INFO: ======= END Tv Action (Get All Feature List) ================  
[2023-06-26 12:18:40] TVtempAction.INFO: ======= END Tv Action (Get All Template List) ================  
[2023-06-26 12:19:19] TVtempAction.INFO: ======= Start Tv Action (Get All Template List) ================  
[2023-06-26 12:19:19] TVtempAction.INFO: method : GET  
[2023-06-26 12:19:19] TVtempAction.INFO: contentType : application/json  
[2023-06-26 12:19:19] TVtempAction.INFO: Input Data : {"decoded":{"sub":"1","id":"1","userName":"super admin","userGroup":"1","email":"superadmin@msense.in","hotelId":"4","brandId":"7","iat":1687754417,"exp":1687840817}}  
[2023-06-26 12:19:19] TVtempAction.INFO: ======= Start Tv Action (Get All Template List) ================  
[2023-06-26 12:19:19] TVtempAction.INFO: method : GET  
[2023-06-26 12:19:19] TVtempAction.INFO: contentType : application/json  
[2023-06-26 12:19:19] TVtempAction.INFO: Input Data : {"decoded":{"sub":"1","id":"1","userName":"super admin","userGroup":"1","email":"superadmin@msense.in","hotelId":"4","brandId":"7","iat":1687754417,"exp":1687840817}}  
[2023-06-26 12:19:19] TVtempAction.INFO: ======= END Tv Action (Get All Template List) ================  
[2023-06-26 12:19:19] TVtempAction.INFO: ======= Start Tv Action (Get All Feature List) ================  
[2023-06-26 12:19:19] TVtempAction.INFO: method : GET  
[2023-06-26 12:19:19] TVtempAction.INFO: contentType : application/json  
[2023-06-26 12:19:19] TVtempAction.INFO: Input Data : {"decoded":{"sub":"1","id":"1","userName":"super admin","userGroup":"1","email":"superadmin@msense.in","hotelId":"4","brandId":"7","iat":1687754417,"exp":1687840817}}  
[2023-06-26 12:19:19] TVtempAction.INFO: ======= END Tv Action (Get All Template List) ================  
[2023-06-26 12:19:19] TVtempAction.INFO: ======= END Tv Action (Get All Feature List) ================  
[2023-06-26 12:23:05] TVtempAction.INFO: ======= Start Tv Action (Get All Template List) ================  
[2023-06-26 12:23:05] TVtempAction.INFO: method : GET  
[2023-06-26 12:23:05] TVtempAction.INFO: contentType : application/json  
[2023-06-26 12:23:05] TVtempAction.INFO: Input Data : {"decoded":{"sub":"1","id":"1","userName":"super admin","userGroup":"1","email":"superadmin@msense.in","hotelId":"4","brandId":"7","iat":1687754417,"exp":1687840817}}  
[2023-06-26 12:23:05] TVtempAction.INFO: ======= Start Tv Action (Get All Feature List) ================  
[2023-06-26 12:23:05] TVtempAction.INFO: method : GET  
[2023-06-26 12:23:05] TVtempAction.INFO: contentType : application/json  
[2023-06-26 12:23:05] TVtempAction.INFO: Input Data : {"decoded":{"sub":"1","id":"1","userName":"super admin","userGroup":"1","email":"superadmin@msense.in","hotelId":"4","brandId":"7","iat":1687754417,"exp":1687840817}}  
[2023-06-26 12:23:05] TVtempAction.INFO: ======= Start Tv Action (Get All Template List) ================  
[2023-06-26 12:23:05] TVtempAction.INFO: method : GET  
[2023-06-26 12:23:05] TVtempAction.INFO: contentType : application/json  
[2023-06-26 12:23:05] TVtempAction.INFO: Input Data : {"decoded":{"sub":"1","id":"1","userName":"super admin","userGroup":"1","email":"superadmin@msense.in","hotelId":"4","brandId":"7","iat":1687754417,"exp":1687840817}}  
[2023-06-26 12:23:05] TVtempAction.INFO: ======= END Tv Action (Get All Template List) ================  
[2023-06-26 12:23:05] TVtempAction.INFO: ======= END Tv Action (Get All Feature List) ================  
[2023-06-26 12:23:05] TVtempAction.INFO: ======= END Tv Action (Get All Template List) ================  
[2023-06-26 12:23:23] TVtempAction.INFO: ======= Start Tv Action (Get All Template List) ================  
[2023-06-26 12:23:23] TVtempAction.INFO: method : GET  
[2023-06-26 12:23:23] TVtempAction.INFO: contentType : application/json  
[2023-06-26 12:23:23] TVtempAction.INFO: Input Data : {"decoded":{"sub":"1","id":"1","userName":"super admin","userGroup":"1","email":"superadmin@msense.in","hotelId":"4","brandId":"7","iat":1687754417,"exp":1687840817}}  
[2023-06-26 12:23:23] TVtempAction.INFO: ======= Start Tv Action (Get All Template List) ================  
[2023-06-26 12:23:23] TVtempAction.INFO: method : GET  
[2023-06-26 12:23:23] TVtempAction.INFO: contentType : application/json  
[2023-06-26 12:23:23] TVtempAction.INFO: Input Data : {"decoded":{"sub":"1","id":"1","userName":"super admin","userGroup":"1","email":"superadmin@msense.in","hotelId":"4","brandId":"7","iat":1687754417,"exp":1687840817}}  
[2023-06-26 12:23:23] TVtempAction.INFO: ======= END Tv Action (Get All Template List) ================  
[2023-06-26 12:23:23] TVtempAction.INFO: ======= END Tv Action (Get All Template List) ================  
[2023-06-26 12:23:23] TVtempAction.INFO: ======= Start Tv Action (Get All Feature List) ================  
[2023-06-26 12:23:23] TVtempAction.INFO: method : GET  
[2023-06-26 12:23:23] TVtempAction.INFO: contentType : application/json  
[2023-06-26 12:23:23] TVtempAction.INFO: Input Data : {"decoded":{"sub":"1","id":"1","userName":"super admin","userGroup":"1","email":"superadmin@msense.in","hotelId":"4","brandId":"7","iat":1687754417,"exp":1687840817}}  
[2023-06-26 12:23:23] TVtempAction.INFO: ======= END Tv Action (Get All Feature List) ================  
[2023-06-26 12:23:30] TVtempAction.INFO: ======= Start Tv Action (Get All Feature List) ================  
[2023-06-26 12:23:30] TVtempAction.INFO: method : GET  
[2023-06-26 12:23:30] TVtempAction.INFO: contentType : application/json  
[2023-06-26 12:23:30] TVtempAction.INFO: Input Data : {"decoded":{"sub":"1","id":"1","userName":"super admin","userGroup":"1","email":"superadmin@msense.in","hotelId":"4","brandId":"7","iat":1687754417,"exp":1687840817}}  
[2023-06-26 12:23:30] TVtempAction.INFO: ======= Start Tv Action (Get All Template List) ================  
[2023-06-26 12:23:30] TVtempAction.INFO: method : GET  
[2023-06-26 12:23:30] TVtempAction.INFO: contentType : application/json  
[2023-06-26 12:23:30] TVtempAction.INFO: Input Data : {"decoded":{"sub":"1","id":"1","userName":"super admin","userGroup":"1","email":"superadmin@msense.in","hotelId":"4","brandId":"7","iat":1687754417,"exp":1687840817}}  
[2023-06-26 12:23:30] TVtempAction.INFO: ======= END Tv Action (Get All Feature List) ================  
[2023-06-26 12:23:30] TVtempAction.INFO: ======= END Tv Action (Get All Template List) ================  
[2023-06-26 12:23:30] TVtempAction.INFO: ======= Start Tv Action (Get All Template List) ================  
[2023-06-26 12:23:30] TVtempAction.INFO: method : GET  
[2023-06-26 12:23:30] TVtempAction.INFO: contentType : application/json  
[2023-06-26 12:23:30] TVtempAction.INFO: Input Data : {"decoded":{"sub":"1","id":"1","userName":"super admin","userGroup":"1","email":"superadmin@msense.in","hotelId":"4","brandId":"7","iat":1687754417,"exp":1687840817}}  
[2023-06-26 12:23:30] TVtempAction.INFO: ======= END Tv Action (Get All Template List) ================  
[2023-06-26 12:23:49] TVtempAction.INFO: ======= Start Tv Action (Get All Feature List) ================  
[2023-06-26 12:23:49] TVtempAction.INFO: method : GET  
[2023-06-26 12:23:49] TVtempAction.INFO: contentType : application/json  
[2023-06-26 12:23:49] TVtempAction.INFO: Input Data : {"decoded":{"sub":"1","id":"1","userName":"super admin","userGroup":"1","email":"superadmin@msense.in","hotelId":"4","brandId":"7","iat":1687754417,"exp":1687840817}}  
[2023-06-26 12:23:49] TVtempAction.INFO: ======= Start Tv Action (Get All Template List) ================  
[2023-06-26 12:23:49] TVtempAction.INFO: method : GET  
[2023-06-26 12:23:49] TVtempAction.INFO: contentType : application/json  
[2023-06-26 12:23:49] TVtempAction.INFO: Input Data : {"decoded":{"sub":"1","id":"1","userName":"super admin","userGroup":"1","email":"superadmin@msense.in","hotelId":"4","brandId":"7","iat":1687754417,"exp":1687840817}}  
[2023-06-26 12:23:49] TVtempAction.INFO: ======= END Tv Action (Get All Template List) ================  
[2023-06-26 12:23:49] TVtempAction.INFO: ======= END Tv Action (Get All Feature List) ================  
[2023-06-26 12:23:49] TVtempAction.INFO: ======= Start Tv Action (Get All Template List) ================  
[2023-06-26 12:23:49] TVtempAction.INFO: method : GET  
[2023-06-26 12:23:49] TVtempAction.INFO: contentType : application/json  
[2023-06-26 12:23:49] TVtempAction.INFO: Input Data : {"decoded":{"sub":"1","id":"1","userName":"super admin","userGroup":"1","email":"superadmin@msense.in","hotelId":"4","brandId":"7","iat":1687754417,"exp":1687840817}}  
[2023-06-26 12:23:49] TVtempAction.INFO: ======= END Tv Action (Get All Template List) ================  
[2023-06-26 12:24:25] TVtempAction.INFO: ======= Start Tv Action (Get All Template List) ================  
[2023-06-26 12:24:25] TVtempAction.INFO: method : GET  
[2023-06-26 12:24:25] TVtempAction.INFO: contentType : application/json  
[2023-06-26 12:24:25] TVtempAction.INFO: Input Data : {"decoded":{"sub":"1","id":"1","userName":"super admin","userGroup":"1","email":"superadmin@msense.in","hotelId":"4","brandId":"7","iat":1687754417,"exp":1687840817}}  
[2023-06-26 12:24:25] TVtempAction.INFO: ======= Start Tv Action (Get All Feature List) ================  
[2023-06-26 12:24:25] TVtempAction.INFO: method : GET  
[2023-06-26 12:24:25] TVtempAction.INFO: contentType : application/json  
[2023-06-26 12:24:25] TVtempAction.INFO: Input Data : {"decoded":{"sub":"1","id":"1","userName":"super admin","userGroup":"1","email":"superadmin@msense.in","hotelId":"4","brandId":"7","iat":1687754417,"exp":1687840817}}  
[2023-06-26 12:24:25] TVtempAction.INFO: ======= END Tv Action (Get All Template List) ================  
[2023-06-26 12:24:25] TVtempAction.INFO: ======= Start Tv Action (Get All Template List) ================  
[2023-06-26 12:24:25] TVtempAction.INFO: method : GET  
[2023-06-26 12:24:25] TVtempAction.INFO: contentType : application/json  
[2023-06-26 12:24:25] TVtempAction.INFO: Input Data : {"decoded":{"sub":"1","id":"1","userName":"super admin","userGroup":"1","email":"superadmin@msense.in","hotelId":"4","brandId":"7","iat":1687754417,"exp":1687840817}}  
[2023-06-26 12:24:25] TVtempAction.INFO: ======= END Tv Action (Get All Feature List) ================  
[2023-06-26 12:24:25] TVtempAction.INFO: ======= END Tv Action (Get All Template List) ================  
[2023-06-26 12:25:12] TVtempAction.INFO: ======= Start Tv Action (Get All Feature List) ================  
[2023-06-26 12:25:12] TVtempAction.INFO: method : GET  
[2023-06-26 12:25:12] TVtempAction.INFO: contentType : application/json  
[2023-06-26 12:25:12] TVtempAction.INFO: Input Data : {"decoded":{"sub":"1","id":"1","userName":"super admin","userGroup":"1","email":"superadmin@msense.in","hotelId":"4","brandId":"7","iat":1687754417,"exp":1687840817}}  
[2023-06-26 12:25:12] TVtempAction.INFO: ======= Start Tv Action (Get All Template List) ================  
[2023-06-26 12:25:12] TVtempAction.INFO: method : GET  
[2023-06-26 12:25:12] TVtempAction.INFO: contentType : application/json  
[2023-06-26 12:25:12] TVtempAction.INFO: Input Data : {"decoded":{"sub":"1","id":"1","userName":"super admin","userGroup":"1","email":"superadmin@msense.in","hotelId":"4","brandId":"7","iat":1687754417,"exp":1687840817}}  
[2023-06-26 12:25:12] TVtempAction.INFO: ======= END Tv Action (Get All Feature List) ================  
[2023-06-26 12:25:12] TVtempAction.INFO: ======= Start Tv Action (Get All Template List) ================  
[2023-06-26 12:25:12] TVtempAction.INFO: method : GET  
[2023-06-26 12:25:12] TVtempAction.INFO: contentType : application/json  
[2023-06-26 12:25:12] TVtempAction.INFO: Input Data : {"decoded":{"sub":"1","id":"1","userName":"super admin","userGroup":"1","email":"superadmin@msense.in","hotelId":"4","brandId":"7","iat":1687754417,"exp":1687840817}}  
[2023-06-26 12:25:12] TVtempAction.INFO: ======= END Tv Action (Get All Template List) ================  
[2023-06-26 12:25:12] TVtempAction.INFO: ======= END Tv Action (Get All Template List) ================  
[2023-06-26 12:25:36] TVtempAction.INFO: ======= Start Tv Action (Get All Template List) ================  
[2023-06-26 12:25:36] TVtempAction.INFO: method : GET  
[2023-06-26 12:25:36] TVtempAction.INFO: contentType : application/json  
[2023-06-26 12:25:36] TVtempAction.INFO: Input Data : {"decoded":{"sub":"1","id":"1","userName":"super admin","userGroup":"1","email":"superadmin@msense.in","hotelId":"4","brandId":"7","iat":1687754417,"exp":1687840817}}  
[2023-06-26 12:25:36] TVtempAction.INFO: ======= Start Tv Action (Get All Feature List) ================  
[2023-06-26 12:25:36] TVtempAction.INFO: method : GET  
[2023-06-26 12:25:36] TVtempAction.INFO: contentType : application/json  
[2023-06-26 12:25:36] TVtempAction.INFO: Input Data : {"decoded":{"sub":"1","id":"1","userName":"super admin","userGroup":"1","email":"superadmin@msense.in","hotelId":"4","brandId":"7","iat":1687754417,"exp":1687840817}}  
[2023-06-26 12:25:36] TVtempAction.INFO: ======= END Tv Action (Get All Template List) ================  
[2023-06-26 12:25:36] TVtempAction.INFO: ======= Start Tv Action (Get All Template List) ================  
[2023-06-26 12:25:36] TVtempAction.INFO: method : GET  
[2023-06-26 12:25:36] TVtempAction.INFO: contentType : application/json  
[2023-06-26 12:25:36] TVtempAction.INFO: Input Data : {"decoded":{"sub":"1","id":"1","userName":"super admin","userGroup":"1","email":"superadmin@msense.in","hotelId":"4","brandId":"7","iat":1687754417,"exp":1687840817}}  
[2023-06-26 12:25:36] TVtempAction.INFO: ======= END Tv Action (Get All Feature List) ================  
[2023-06-26 12:25:36] TVtempAction.INFO: ======= END Tv Action (Get All Template List) ================  
[2023-06-26 12:26:06] TVtempAction.INFO: ======= Start Tv Action (Get All Template List) ================  
[2023-06-26 12:26:06] TVtempAction.INFO: method : GET  
[2023-06-26 12:26:06] TVtempAction.INFO: contentType : application/json  
[2023-06-26 12:26:06] TVtempAction.INFO: Input Data : {"decoded":{"sub":"1","id":"1","userName":"super admin","userGroup":"1","email":"superadmin@msense.in","hotelId":"4","brandId":"7","iat":1687754417,"exp":1687840817}}  
[2023-06-26 12:26:06] TVtempAction.INFO: ======= Start Tv Action (Get All Feature List) ================  
[2023-06-26 12:26:06] TVtempAction.INFO: method : GET  
[2023-06-26 12:26:06] TVtempAction.INFO: contentType : application/json  
[2023-06-26 12:26:06] TVtempAction.INFO: Input Data : {"decoded":{"sub":"1","id":"1","userName":"super admin","userGroup":"1","email":"superadmin@msense.in","hotelId":"4","brandId":"7","iat":1687754417,"exp":1687840817}}  
[2023-06-26 12:26:06] TVtempAction.INFO: ======= Start Tv Action (Get All Template List) ================  
[2023-06-26 12:26:06] TVtempAction.INFO: method : GET  
[2023-06-26 12:26:06] TVtempAction.INFO: contentType : application/json  
[2023-06-26 12:26:06] TVtempAction.INFO: Input Data : {"decoded":{"sub":"1","id":"1","userName":"super admin","userGroup":"1","email":"superadmin@msense.in","hotelId":"4","brandId":"7","iat":1687754417,"exp":1687840817}}  
[2023-06-26 12:26:06] TVtempAction.INFO: ======= END Tv Action (Get All Feature List) ================  
[2023-06-26 12:26:06] TVtempAction.INFO: ======= END Tv Action (Get All Template List) ================  
[2023-06-26 12:26:06] TVtempAction.INFO: ======= END Tv Action (Get All Template List) ================  
[2023-06-26 12:31:35] TVtempAction.INFO: ======= Start Tv Action (Get All Template List) ================  
[2023-06-26 12:31:35] TVtempAction.INFO: method : GET  
[2023-06-26 12:31:35] TVtempAction.INFO: contentType : application/json  
[2023-06-26 12:31:35] TVtempAction.INFO: Input Data : {"decoded":{"sub":"1","id":"1","userName":"super admin","userGroup":"1","email":"superadmin@msense.in","hotelId":"4","brandId":"7","iat":1687754417,"exp":1687840817}}  
[2023-06-26 12:31:35] TVtempAction.INFO: ======= Start Tv Action (Get All Feature List) ================  
[2023-06-26 12:31:35] TVtempAction.INFO: method : GET  
[2023-06-26 12:31:35] TVtempAction.INFO: contentType : application/json  
[2023-06-26 12:31:35] TVtempAction.INFO: Input Data : {"decoded":{"sub":"1","id":"1","userName":"super admin","userGroup":"1","email":"superadmin@msense.in","hotelId":"4","brandId":"7","iat":1687754417,"exp":1687840817}}  
[2023-06-26 12:31:35] TVtempAction.INFO: ======= Start Tv Action (Get All Template List) ================  
[2023-06-26 12:31:35] TVtempAction.INFO: method : GET  
[2023-06-26 12:31:35] TVtempAction.INFO: contentType : application/json  
[2023-06-26 12:31:35] TVtempAction.INFO: Input Data : {"decoded":{"sub":"1","id":"1","userName":"super admin","userGroup":"1","email":"superadmin@msense.in","hotelId":"4","brandId":"7","iat":1687754417,"exp":1687840817}}  
[2023-06-26 12:31:35] TVtempAction.INFO: ======= END Tv Action (Get All Feature List) ================  
[2023-06-26 12:31:35] TVtempAction.INFO: ======= END Tv Action (Get All Template List) ================  
[2023-06-26 12:31:35] TVtempAction.INFO: ======= END Tv Action (Get All Template List) ================  
[2023-06-26 12:32:05] TVtempAction.INFO: ======= Start Tv Action (Get All Feature List) ================  
[2023-06-26 12:32:05] TVtempAction.INFO: method : GET  
[2023-06-26 12:32:05] TVtempAction.INFO: contentType : application/json  
[2023-06-26 12:32:05] TVtempAction.INFO: Input Data : {"decoded":{"sub":"1","id":"1","userName":"super admin","userGroup":"1","email":"superadmin@msense.in","hotelId":"4","brandId":"7","iat":1687754417,"exp":1687840817}}  
[2023-06-26 12:32:05] TVtempAction.INFO: ======= Start Tv Action (Get All Template List) ================  
[2023-06-26 12:32:05] TVtempAction.INFO: method : GET  
[2023-06-26 12:32:05] TVtempAction.INFO: contentType : application/json  
[2023-06-26 12:32:05] TVtempAction.INFO: Input Data : {"decoded":{"sub":"1","id":"1","userName":"super admin","userGroup":"1","email":"superadmin@msense.in","hotelId":"4","brandId":"7","iat":1687754417,"exp":1687840817}}  
[2023-06-26 12:32:05] TVtempAction.INFO: ======= END Tv Action (Get All Feature List) ================  
[2023-06-26 12:32:05] TVtempAction.INFO: ======= END Tv Action (Get All Template List) ================  
[2023-06-26 12:32:05] TVtempAction.INFO: ======= Start Tv Action (Get All Template List) ================  
[2023-06-26 12:32:05] TVtempAction.INFO: method : GET  
[2023-06-26 12:32:05] TVtempAction.INFO: contentType : application/json  
[2023-06-26 12:32:05] TVtempAction.INFO: Input Data : {"decoded":{"sub":"1","id":"1","userName":"super admin","userGroup":"1","email":"superadmin@msense.in","hotelId":"4","brandId":"7","iat":1687754417,"exp":1687840817}}  
[2023-06-26 12:32:05] TVtempAction.INFO: ======= END Tv Action (Get All Template List) ================  
[2023-06-26 12:34:28] TVtempAction.INFO: ======= Start Tv Action (Get All Template List) ================  
[2023-06-26 12:34:28] TVtempAction.INFO: method : GET  
[2023-06-26 12:34:28] TVtempAction.INFO: contentType : application/json  
[2023-06-26 12:34:28] TVtempAction.INFO: Input Data : {"decoded":{"sub":"1","id":"1","userName":"super admin","userGroup":"1","email":"superadmin@msense.in","hotelId":"4","brandId":"7","iat":1687777961,"exp":1687864361}}  
[2023-06-26 12:34:28] TVtempAction.INFO: ======= Start Tv Action (Get All Feature List) ================  
[2023-06-26 12:34:28] TVtempAction.INFO: method : GET  
[2023-06-26 12:34:28] TVtempAction.INFO: contentType : application/json  
[2023-06-26 12:34:28] TVtempAction.INFO: Input Data : {"decoded":{"sub":"1","id":"1","userName":"super admin","userGroup":"1","email":"superadmin@msense.in","hotelId":"4","brandId":"7","iat":1687777961,"exp":1687864361}}  
[2023-06-26 12:34:28] TVtempAction.INFO: ======= Start Tv Action (Get All Template List) ================  
[2023-06-26 12:34:28] TVtempAction.INFO: method : GET  
[2023-06-26 12:34:28] TVtempAction.INFO: contentType : application/json  
[2023-06-26 12:34:28] TVtempAction.INFO: Input Data : {"decoded":{"sub":"1","id":"1","userName":"super admin","userGroup":"1","email":"superadmin@msense.in","hotelId":"4","brandId":"7","iat":1687777961,"exp":1687864361}}  
[2023-06-26 12:34:28] TVtempAction.INFO: ======= END Tv Action (Get All Template List) ================  
[2023-06-26 12:34:28] TVtempAction.INFO: ======= END Tv Action (Get All Feature List) ================  
[2023-06-26 12:34:28] TVtempAction.INFO: ======= END Tv Action (Get All Template List) ================  
[2023-06-26 12:35:29] TVtempAction.INFO: ======= Start Tv Action (Get All Template List) ================  
[2023-06-26 12:35:29] TVtempAction.INFO: method : GET  
[2023-06-26 12:35:29] TVtempAction.INFO: contentType : application/json  
[2023-06-26 12:35:29] TVtempAction.INFO: Input Data : {"decoded":{"sub":"1","id":"1","userName":"super admin","userGroup":"1","email":"superadmin@msense.in","hotelId":"4","brandId":"7","iat":1687777961,"exp":1687864361}}  
[2023-06-26 12:35:29] TVtempAction.INFO: ======= Start Tv Action (Get All Feature List) ================  
[2023-06-26 12:35:29] TVtempAction.INFO: method : GET  
[2023-06-26 12:35:29] TVtempAction.INFO: contentType : application/json  
[2023-06-26 12:35:29] TVtempAction.INFO: Input Data : {"decoded":{"sub":"1","id":"1","userName":"super admin","userGroup":"1","email":"superadmin@msense.in","hotelId":"4","brandId":"7","iat":1687777961,"exp":1687864361}}  
[2023-06-26 12:35:29] TVtempAction.INFO: ======= Start Tv Action (Get All Template List) ================  
[2023-06-26 12:35:29] TVtempAction.INFO: method : GET  
[2023-06-26 12:35:29] TVtempAction.INFO: contentType : application/json  
[2023-06-26 12:35:29] TVtempAction.INFO: Input Data : {"decoded":{"sub":"1","id":"1","userName":"super admin","userGroup":"1","email":"superadmin@msense.in","hotelId":"4","brandId":"7","iat":1687777961,"exp":1687864361}}  
[2023-06-26 12:35:29] TVtempAction.INFO: ======= END Tv Action (Get All Template List) ================  
[2023-06-26 12:35:29] TVtempAction.INFO: ======= END Tv Action (Get All Feature List) ================  
[2023-06-26 12:35:29] TVtempAction.INFO: ======= END Tv Action (Get All Template List) ================  
[2023-06-26 12:36:09] TVtempAction.INFO: ======= Start Tv Action (Get All Template List) ================  
[2023-06-26 12:36:09] TVtempAction.INFO: method : GET  
[2023-06-26 12:36:09] TVtempAction.INFO: contentType : application/json  
[2023-06-26 12:36:09] TVtempAction.INFO: Input Data : {"decoded":{"sub":"1","id":"1","userName":"super admin","userGroup":"1","email":"superadmin@msense.in","hotelId":"4","brandId":"7","iat":1687777961,"exp":1687864361}}  
[2023-06-26 12:36:09] TVtempAction.INFO: ======= Start Tv Action (Get All Template List) ================  
[2023-06-26 12:36:09] TVtempAction.INFO: method : GET  
[2023-06-26 12:36:09] TVtempAction.INFO: contentType : application/json  
[2023-06-26 12:36:09] TVtempAction.INFO: Input Data : {"decoded":{"sub":"1","id":"1","userName":"super admin","userGroup":"1","email":"superadmin@msense.in","hotelId":"4","brandId":"7","iat":1687777961,"exp":1687864361}}  
[2023-06-26 12:36:09] TVtempAction.INFO: ======= END Tv Action (Get All Template List) ================  
[2023-06-26 12:36:09] TVtempAction.INFO: ======= END Tv Action (Get All Template List) ================  
[2023-06-26 12:36:09] TVtempAction.INFO: ======= Start Tv Action (Get All Feature List) ================  
[2023-06-26 12:36:09] TVtempAction.INFO: method : GET  
[2023-06-26 12:36:09] TVtempAction.INFO: contentType : application/json  
[2023-06-26 12:36:09] TVtempAction.INFO: Input Data : {"decoded":{"sub":"1","id":"1","userName":"super admin","userGroup":"1","email":"superadmin@msense.in","hotelId":"4","brandId":"7","iat":1687777961,"exp":1687864361}}  
[2023-06-26 12:36:09] TVtempAction.INFO: ======= END Tv Action (Get All Feature List) ================  
[2023-06-26 12:40:27] TVtempAction.INFO: ======= Start Tv Action (Get All Template List) ================  
[2023-06-26 12:40:27] TVtempAction.INFO: method : GET  
[2023-06-26 12:40:27] TVtempAction.INFO: contentType : application/json  
[2023-06-26 12:40:27] TVtempAction.INFO: Input Data : {"decoded":{"sub":"1","id":"1","userName":"super admin","userGroup":"1","email":"superadmin@msense.in","hotelId":"4","brandId":"7","iat":1687754417,"exp":1687840817}}  
[2023-06-26 12:40:27] TVtempAction.INFO: ======= Start Tv Action (Get All Template List) ================  
[2023-06-26 12:40:27] TVtempAction.INFO: method : GET  
[2023-06-26 12:40:27] TVtempAction.INFO: contentType : application/json  
[2023-06-26 12:40:27] TVtempAction.INFO: Input Data : {"decoded":{"sub":"1","id":"1","userName":"super admin","userGroup":"1","email":"superadmin@msense.in","hotelId":"4","brandId":"7","iat":1687754417,"exp":1687840817}}  
[2023-06-26 12:40:27] TVtempAction.INFO: ======= END Tv Action (Get All Template List) ================  
[2023-06-26 12:40:27] TVtempAction.INFO: ======= Start Tv Action (Get All Feature List) ================  
[2023-06-26 12:40:27] TVtempAction.INFO: method : GET  
[2023-06-26 12:40:27] TVtempAction.INFO: contentType : application/json  
[2023-06-26 12:40:27] TVtempAction.INFO: Input Data : {"decoded":{"sub":"1","id":"1","userName":"super admin","userGroup":"1","email":"superadmin@msense.in","hotelId":"4","brandId":"7","iat":1687754417,"exp":1687840817}}  
[2023-06-26 12:40:27] TVtempAction.INFO: ======= END Tv Action (Get All Template List) ================  
[2023-06-26 12:40:27] TVtempAction.INFO: ======= END Tv Action (Get All Feature List) ================  
[2023-06-26 12:44:05] TVtempAction.INFO: ======= Start Tv Action (Get All Template List) ================  
[2023-06-26 12:44:05] TVtempAction.INFO: method : GET  
[2023-06-26 12:44:05] TVtempAction.INFO: contentType : application/json  
[2023-06-26 12:44:05] TVtempAction.INFO: Input Data : {"decoded":{"sub":"1","id":"1","userName":"super admin","userGroup":"1","email":"superadmin@msense.in","hotelId":"4","brandId":"7","iat":1687777961,"exp":1687864361}}  
[2023-06-26 12:44:05] TVtempAction.INFO: ======= Start Tv Action (Get All Feature List) ================  
[2023-06-26 12:44:05] TVtempAction.INFO: method : GET  
[2023-06-26 12:44:05] TVtempAction.INFO: contentType : application/json  
[2023-06-26 12:44:05] TVtempAction.INFO: Input Data : {"decoded":{"sub":"1","id":"1","userName":"super admin","userGroup":"1","email":"superadmin@msense.in","hotelId":"4","brandId":"7","iat":1687777961,"exp":1687864361}}  
[2023-06-26 12:44:05] TVtempAction.INFO: ======= Start Tv Action (Get All Template List) ================  
[2023-06-26 12:44:05] TVtempAction.INFO: method : GET  
[2023-06-26 12:44:05] TVtempAction.INFO: contentType : application/json  
[2023-06-26 12:44:05] TVtempAction.INFO: Input Data : {"decoded":{"sub":"1","id":"1","userName":"super admin","userGroup":"1","email":"superadmin@msense.in","hotelId":"4","brandId":"7","iat":1687777961,"exp":1687864361}}  
[2023-06-26 12:44:05] TVtempAction.INFO: ======= END Tv Action (Get All Template List) ================  
[2023-06-26 12:44:05] TVtempAction.INFO: ======= END Tv Action (Get All Feature List) ================  
[2023-06-26 12:44:05] TVtempAction.INFO: ======= END Tv Action (Get All Template List) ================  
[2023-06-26 12:45:33] TVtempAction.INFO: ======= Start Tv Action (Get All Feature List) ================  
[2023-06-26 12:45:33] TVtempAction.INFO: method : GET  
[2023-06-26 12:45:33] TVtempAction.INFO: contentType : application/json  
[2023-06-26 12:45:33] TVtempAction.INFO: Input Data : {"decoded":{"sub":"1","id":"1","userName":"super admin","userGroup":"1","email":"superadmin@msense.in","hotelId":"4","brandId":"7","iat":1687754417,"exp":1687840817}}  
[2023-06-26 12:45:33] TVtempAction.INFO: ======= Start Tv Action (Get All Template List) ================  
[2023-06-26 12:45:33] TVtempAction.INFO: method : GET  
[2023-06-26 12:45:33] TVtempAction.INFO: contentType : application/json  
[2023-06-26 12:45:33] TVtempAction.INFO: Input Data : {"decoded":{"sub":"1","id":"1","userName":"super admin","userGroup":"1","email":"superadmin@msense.in","hotelId":"4","brandId":"7","iat":1687754417,"exp":1687840817}}  
[2023-06-26 12:45:33] TVtempAction.INFO: ======= Start Tv Action (Get All Template List) ================  
[2023-06-26 12:45:33] TVtempAction.INFO: method : GET  
[2023-06-26 12:45:33] TVtempAction.INFO: contentType : application/json  
[2023-06-26 12:45:33] TVtempAction.INFO: Input Data : {"decoded":{"sub":"1","id":"1","userName":"super admin","userGroup":"1","email":"superadmin@msense.in","hotelId":"4","brandId":"7","iat":1687754417,"exp":1687840817}}  
[2023-06-26 12:45:33] TVtempAction.INFO: ======= END Tv Action (Get All Template List) ================  
[2023-06-26 12:45:33] TVtempAction.INFO: ======= END Tv Action (Get All Feature List) ================  
[2023-06-26 12:45:33] TVtempAction.INFO: ======= END Tv Action (Get All Template List) ================  
[2023-06-26 12:48:39] TVtempAction.INFO: ======= Start Tv Action (Get All Feature List) ================  
[2023-06-26 12:48:39] TVtempAction.INFO: method : GET  
[2023-06-26 12:48:39] TVtempAction.INFO: contentType : application/json  
[2023-06-26 12:48:39] TVtempAction.INFO: Input Data : {"decoded":{"sub":"1","id":"1","userName":"super admin","userGroup":"1","email":"superadmin@msense.in","hotelId":"4","brandId":"7","iat":1687754417,"exp":1687840817}}  
[2023-06-26 12:48:39] TVtempAction.INFO: ======= Start Tv Action (Get All Template List) ================  
[2023-06-26 12:48:39] TVtempAction.INFO: method : GET  
[2023-06-26 12:48:39] TVtempAction.INFO: contentType : application/json  
[2023-06-26 12:48:39] TVtempAction.INFO: Input Data : {"decoded":{"sub":"1","id":"1","userName":"super admin","userGroup":"1","email":"superadmin@msense.in","hotelId":"4","brandId":"7","iat":1687754417,"exp":1687840817}}  
[2023-06-26 12:48:39] TVtempAction.INFO: ======= Start Tv Action (Get All Template List) ================  
[2023-06-26 12:48:39] TVtempAction.INFO: method : GET  
[2023-06-26 12:48:39] TVtempAction.INFO: contentType : application/json  
[2023-06-26 12:48:39] TVtempAction.INFO: Input Data : {"decoded":{"sub":"1","id":"1","userName":"super admin","userGroup":"1","email":"superadmin@msense.in","hotelId":"4","brandId":"7","iat":1687754417,"exp":1687840817}}  
[2023-06-26 12:48:39] TVtempAction.INFO: ======= END Tv Action (Get All Template List) ================  
[2023-06-26 12:48:39] TVtempAction.INFO: ======= END Tv Action (Get All Template List) ================  
[2023-06-26 12:48:39] TVtempAction.INFO: ======= END Tv Action (Get All Feature List) ================  
[2023-06-26 12:49:38] TVtempAction.INFO: ======= Start Tv Action (Get All Template List) ================  
[2023-06-26 12:49:38] TVtempAction.INFO: method : GET  
[2023-06-26 12:49:38] TVtempAction.INFO: contentType : application/json  
[2023-06-26 12:49:38] TVtempAction.INFO: Input Data : {"decoded":{"sub":"1","id":"1","userName":"super admin","userGroup":"1","email":"superadmin@msense.in","hotelId":"4","brandId":"7","iat":1687754417,"exp":1687840817}}  
[2023-06-26 12:49:38] TVtempAction.INFO: ======= Start Tv Action (Get All Template List) ================  
[2023-06-26 12:49:38] TVtempAction.INFO: method : GET  
[2023-06-26 12:49:38] TVtempAction.INFO: contentType : application/json  
[2023-06-26 12:49:38] TVtempAction.INFO: Input Data : {"decoded":{"sub":"1","id":"1","userName":"super admin","userGroup":"1","email":"superadmin@msense.in","hotelId":"4","brandId":"7","iat":1687754417,"exp":1687840817}}  
[2023-06-26 12:49:38] TVtempAction.INFO: ======= Start Tv Action (Get All Feature List) ================  
[2023-06-26 12:49:38] TVtempAction.INFO: method : GET  
[2023-06-26 12:49:38] TVtempAction.INFO: contentType : application/json  
[2023-06-26 12:49:38] TVtempAction.INFO: Input Data : {"decoded":{"sub":"1","id":"1","userName":"super admin","userGroup":"1","email":"superadmin@msense.in","hotelId":"4","brandId":"7","iat":1687754417,"exp":1687840817}}  
[2023-06-26 12:49:38] TVtempAction.INFO: ======= END Tv Action (Get All Template List) ================  
[2023-06-26 12:49:38] TVtempAction.INFO: ======= END Tv Action (Get All Template List) ================  
[2023-06-26 12:49:38] TVtempAction.INFO: ======= END Tv Action (Get All Feature List) ================  
[2023-06-26 13:00:14] TVtempAction.INFO: ======= Start Tv Action (Get All Template List) ================  
[2023-06-26 13:00:14] TVtempAction.INFO: method : GET  
[2023-06-26 13:00:14] TVtempAction.INFO: contentType : application/json  
[2023-06-26 13:00:14] TVtempAction.INFO: Input Data : {"decoded":{"sub":"1","id":"1","userName":"super admin","userGroup":"1","email":"superadmin@msense.in","hotelId":"4","brandId":"7","iat":1687754417,"exp":1687840817}}  
[2023-06-26 13:00:14] TVtempAction.INFO: ======= END Tv Action (Get All Template List) ================  
[2023-06-26 13:00:14] TVtempAction.INFO: ======= Start Tv Action (Get All Template List) ================  
[2023-06-26 13:00:14] TVtempAction.INFO: method : GET  
[2023-06-26 13:00:14] TVtempAction.INFO: contentType : application/json  
[2023-06-26 13:00:14] TVtempAction.INFO: Input Data : {"decoded":{"sub":"1","id":"1","userName":"super admin","userGroup":"1","email":"superadmin@msense.in","hotelId":"4","brandId":"7","iat":1687754417,"exp":1687840817}}  
[2023-06-26 13:00:14] TVtempAction.INFO: ======= Start Tv Action (Get All Feature List) ================  
[2023-06-26 13:00:14] TVtempAction.INFO: method : GET  
[2023-06-26 13:00:14] TVtempAction.INFO: contentType : application/json  
[2023-06-26 13:00:14] TVtempAction.INFO: Input Data : {"decoded":{"sub":"1","id":"1","userName":"super admin","userGroup":"1","email":"superadmin@msense.in","hotelId":"4","brandId":"7","iat":1687754417,"exp":1687840817}}  
[2023-06-26 13:00:14] TVtempAction.INFO: ======= END Tv Action (Get All Feature List) ================  
[2023-06-26 13:00:14] TVtempAction.INFO: ======= END Tv Action (Get All Template List) ================  
[2023-06-26 13:01:18] TVtempAction.INFO: ======= Start Tv Action (Get All Template List) ================  
[2023-06-26 13:01:18] TVtempAction.INFO: method : GET  
[2023-06-26 13:01:18] TVtempAction.INFO: contentType : application/json  
[2023-06-26 13:01:18] TVtempAction.INFO: Input Data : {"decoded":{"sub":"1","id":"1","userName":"super admin","userGroup":"1","email":"superadmin@msense.in","hotelId":"4","brandId":"7","iat":1687754417,"exp":1687840817}}  
[2023-06-26 13:01:18] TVtempAction.INFO: ======= END Tv Action (Get All Template List) ================  
[2023-06-26 13:01:18] TVtempAction.INFO: ======= Start Tv Action (Get All Feature List) ================  
[2023-06-26 13:01:18] TVtempAction.INFO: method : GET  
[2023-06-26 13:01:18] TVtempAction.INFO: contentType : application/json  
[2023-06-26 13:01:18] TVtempAction.INFO: Input Data : {"decoded":{"sub":"1","id":"1","userName":"super admin","userGroup":"1","email":"superadmin@msense.in","hotelId":"4","brandId":"7","iat":1687754417,"exp":1687840817}}  
[2023-06-26 13:01:18] TVtempAction.INFO: ======= Start Tv Action (Get All Template List) ================  
[2023-06-26 13:01:18] TVtempAction.INFO: method : GET  
[2023-06-26 13:01:18] TVtempAction.INFO: contentType : application/json  
[2023-06-26 13:01:18] TVtempAction.INFO: Input Data : {"decoded":{"sub":"1","id":"1","userName":"super admin","userGroup":"1","email":"superadmin@msense.in","hotelId":"4","brandId":"7","iat":1687754417,"exp":1687840817}}  
[2023-06-26 13:01:18] TVtempAction.INFO: ======= END Tv Action (Get All Feature List) ================  
[2023-06-26 13:01:18] TVtempAction.INFO: ======= END Tv Action (Get All Template List) ================  
[2023-06-26 13:05:31] TVtempAction.INFO: ======= Start Tv Action (Get All Template List) ================  
[2023-06-26 13:05:31] TVtempAction.INFO: method : GET  
[2023-06-26 13:05:31] TVtempAction.INFO: contentType : application/json  
[2023-06-26 13:05:31] TVtempAction.INFO: Input Data : {"decoded":{"sub":"1","id":"1","userName":"super admin","userGroup":"1","email":"superadmin@msense.in","hotelId":"4","brandId":"7","iat":1687754417,"exp":1687840817}}  
[2023-06-26 13:05:31] TVtempAction.INFO: ======= END Tv Action (Get All Template List) ================  
[2023-06-26 13:05:31] TVtempAction.INFO: ======= Start Tv Action (Get All Template List) ================  
[2023-06-26 13:05:31] TVtempAction.INFO: method : GET  
[2023-06-26 13:05:31] TVtempAction.INFO: contentType : application/json  
[2023-06-26 13:05:31] TVtempAction.INFO: Input Data : {"decoded":{"sub":"1","id":"1","userName":"super admin","userGroup":"1","email":"superadmin@msense.in","hotelId":"4","brandId":"7","iat":1687754417,"exp":1687840817}}  
[2023-06-26 13:05:31] TVtempAction.INFO: ======= Start Tv Action (Get All Feature List) ================  
[2023-06-26 13:05:31] TVtempAction.INFO: method : GET  
[2023-06-26 13:05:31] TVtempAction.INFO: contentType : application/json  
[2023-06-26 13:05:31] TVtempAction.INFO: Input Data : {"decoded":{"sub":"1","id":"1","userName":"super admin","userGroup":"1","email":"superadmin@msense.in","hotelId":"4","brandId":"7","iat":1687754417,"exp":1687840817}}  
[2023-06-26 13:05:31] TVtempAction.INFO: ======= END Tv Action (Get All Template List) ================  
[2023-06-26 13:05:31] TVtempAction.INFO: ======= END Tv Action (Get All Feature List) ================  
[2023-06-26 13:06:29] TVtempAction.INFO: ======= Start Tv Action (Get All Feature List) ================  
[2023-06-26 13:06:29] TVtempAction.INFO: method : GET  
[2023-06-26 13:06:29] TVtempAction.INFO: contentType : application/json  
[2023-06-26 13:06:29] TVtempAction.INFO: Input Data : {"decoded":{"sub":"1","id":"1","userName":"super admin","userGroup":"1","email":"superadmin@msense.in","hotelId":"4","brandId":"7","iat":1687754417,"exp":1687840817}}  
[2023-06-26 13:06:29] TVtempAction.INFO: ======= Start Tv Action (Get All Template List) ================  
[2023-06-26 13:06:29] TVtempAction.INFO: method : GET  
[2023-06-26 13:06:29] TVtempAction.INFO: contentType : application/json  
[2023-06-26 13:06:29] TVtempAction.INFO: Input Data : {"decoded":{"sub":"1","id":"1","userName":"super admin","userGroup":"1","email":"superadmin@msense.in","hotelId":"4","brandId":"7","iat":1687754417,"exp":1687840817}}  
[2023-06-26 13:06:29] TVtempAction.INFO: ======= Start Tv Action (Get All Template List) ================  
[2023-06-26 13:06:29] TVtempAction.INFO: method : GET  
[2023-06-26 13:06:29] TVtempAction.INFO: contentType : application/json  
[2023-06-26 13:06:29] TVtempAction.INFO: Input Data : {"decoded":{"sub":"1","id":"1","userName":"super admin","userGroup":"1","email":"superadmin@msense.in","hotelId":"4","brandId":"7","iat":1687754417,"exp":1687840817}}  
[2023-06-26 13:06:29] TVtempAction.INFO: ======= END Tv Action (Get All Feature List) ================  
[2023-06-26 13:06:29] TVtempAction.INFO: ======= END Tv Action (Get All Template List) ================  
[2023-06-26 13:06:29] TVtempAction.INFO: ======= END Tv Action (Get All Template List) ================  
[2023-06-26 13:10:17] TVtempAction.INFO: ======= Start Tv Action (Get All Template List) ================  
[2023-06-26 13:10:17] TVtempAction.INFO: method : GET  
[2023-06-26 13:10:17] TVtempAction.INFO: contentType : application/json  
[2023-06-26 13:10:17] TVtempAction.INFO: Input Data : {"decoded":{"sub":"1","id":"1","userName":"super admin","userGroup":"1","email":"superadmin@msense.in","hotelId":"4","brandId":"7","iat":1687754417,"exp":1687840817}}  
[2023-06-26 13:10:17] TVtempAction.INFO: ======= Start Tv Action (Get All Feature List) ================  
[2023-06-26 13:10:17] TVtempAction.INFO: method : GET  
[2023-06-26 13:10:17] TVtempAction.INFO: contentType : application/json  
[2023-06-26 13:10:17] TVtempAction.INFO: Input Data : {"decoded":{"sub":"1","id":"1","userName":"super admin","userGroup":"1","email":"superadmin@msense.in","hotelId":"4","brandId":"7","iat":1687754417,"exp":1687840817}}  
[2023-06-26 13:10:17] TVtempAction.INFO: ======= Start Tv Action (Get All Template List) ================  
[2023-06-26 13:10:17] TVtempAction.INFO: method : GET  
[2023-06-26 13:10:17] TVtempAction.INFO: contentType : application/json  
[2023-06-26 13:10:17] TVtempAction.INFO: Input Data : {"decoded":{"sub":"1","id":"1","userName":"super admin","userGroup":"1","email":"superadmin@msense.in","hotelId":"4","brandId":"7","iat":1687754417,"exp":1687840817}}  
[2023-06-26 13:10:17] TVtempAction.INFO: ======= END Tv Action (Get All Feature List) ================  
[2023-06-26 13:10:17] TVtempAction.INFO: ======= END Tv Action (Get All Template List) ================  
[2023-06-26 13:10:17] TVtempAction.INFO: ======= END Tv Action (Get All Template List) ================  
[2023-06-26 13:14:03] TVtempAction.INFO: ======= Start Tv Action (Get All Template List) ================  
[2023-06-26 13:14:03] TVtempAction.INFO: method : GET  
[2023-06-26 13:14:03] TVtempAction.INFO: contentType : application/json  
[2023-06-26 13:14:03] TVtempAction.INFO: Input Data : {"decoded":{"sub":"1","id":"1","userName":"super admin","userGroup":"1","email":"superadmin@msense.in","hotelId":"4","brandId":"7","iat":1687754417,"exp":1687840817}}  
[2023-06-26 13:14:03] TVtempAction.INFO: ======= END Tv Action (Get All Template List) ================  
[2023-06-26 13:14:03] TVtempAction.INFO: ======= Start Tv Action (Get All Feature List) ================  
[2023-06-26 13:14:03] TVtempAction.INFO: method : GET  
[2023-06-26 13:14:03] TVtempAction.INFO: contentType : application/json  
[2023-06-26 13:14:03] TVtempAction.INFO: Input Data : {"decoded":{"sub":"1","id":"1","userName":"super admin","userGroup":"1","email":"superadmin@msense.in","hotelId":"4","brandId":"7","iat":1687754417,"exp":1687840817}}  
[2023-06-26 13:14:03] TVtempAction.INFO: ======= Start Tv Action (Get All Template List) ================  
[2023-06-26 13:14:03] TVtempAction.INFO: method : GET  
[2023-06-26 13:14:03] TVtempAction.INFO: contentType : application/json  
[2023-06-26 13:14:03] TVtempAction.INFO: Input Data : {"decoded":{"sub":"1","id":"1","userName":"super admin","userGroup":"1","email":"superadmin@msense.in","hotelId":"4","brandId":"7","iat":1687754417,"exp":1687840817}}  
[2023-06-26 13:14:03] TVtempAction.INFO: ======= END Tv Action (Get All Feature List) ================  
[2023-06-26 13:14:03] TVtempAction.INFO: ======= END Tv Action (Get All Template List) ================  
[2023-06-26 13:14:19] TVtempAction.INFO: ======= Start Tv Action (Get All Feature List) ================  
[2023-06-26 13:14:19] TVtempAction.INFO: method : GET  
[2023-06-26 13:14:19] TVtempAction.INFO: contentType : application/json  
[2023-06-26 13:14:19] TVtempAction.INFO: Input Data : {"decoded":{"sub":"1","id":"1","userName":"super admin","userGroup":"1","email":"superadmin@msense.in","hotelId":"4","brandId":"7","iat":1687754417,"exp":1687840817}}  
[2023-06-26 13:14:19] TVtempAction.INFO: ======= END Tv Action (Get All Feature List) ================  
[2023-06-26 13:14:19] TVtempAction.INFO: ======= Start Tv Action (Get All Template List) ================  
[2023-06-26 13:14:19] TVtempAction.INFO: method : GET  
[2023-06-26 13:14:19] TVtempAction.INFO: contentType : application/json  
[2023-06-26 13:14:19] TVtempAction.INFO: Input Data : {"decoded":{"sub":"1","id":"1","userName":"super admin","userGroup":"1","email":"superadmin@msense.in","hotelId":"4","brandId":"7","iat":1687754417,"exp":1687840817}}  
[2023-06-26 13:14:19] TVtempAction.INFO: ======= END Tv Action (Get All Template List) ================  
[2023-06-26 13:14:19] TVtempAction.INFO: ======= Start Tv Action (Get All Template List) ================  
[2023-06-26 13:14:19] TVtempAction.INFO: method : GET  
[2023-06-26 13:14:19] TVtempAction.INFO: contentType : application/json  
[2023-06-26 13:14:19] TVtempAction.INFO: Input Data : {"decoded":{"sub":"1","id":"1","userName":"super admin","userGroup":"1","email":"superadmin@msense.in","hotelId":"4","brandId":"7","iat":1687754417,"exp":1687840817}}  
[2023-06-26 13:14:19] TVtempAction.INFO: ======= END Tv Action (Get All Template List) ================  
[2023-06-26 13:18:31] TVtempAction.INFO: ======= Start Tv Action (Get All Template List) ================  
[2023-06-26 13:18:31] TVtempAction.INFO: method : GET  
[2023-06-26 13:18:31] TVtempAction.INFO: contentType : application/json  
[2023-06-26 13:18:31] TVtempAction.INFO: Input Data : {"decoded":{"sub":"1","id":"1","userName":"super admin","userGroup":"1","email":"superadmin@msense.in","hotelId":"4","brandId":"7","iat":1687754417,"exp":1687840817}}  
[2023-06-26 13:18:31] TVtempAction.INFO: ======= Start Tv Action (Get All Template List) ================  
[2023-06-26 13:18:31] TVtempAction.INFO: method : GET  
[2023-06-26 13:18:31] TVtempAction.INFO: contentType : application/json  
[2023-06-26 13:18:31] TVtempAction.INFO: Input Data : {"decoded":{"sub":"1","id":"1","userName":"super admin","userGroup":"1","email":"superadmin@msense.in","hotelId":"4","brandId":"7","iat":1687754417,"exp":1687840817}}  
[2023-06-26 13:18:31] TVtempAction.INFO: ======= Start Tv Action (Get All Feature List) ================  
[2023-06-26 13:18:31] TVtempAction.INFO: method : GET  
[2023-06-26 13:18:31] TVtempAction.INFO: contentType : application/json  
[2023-06-26 13:18:31] TVtempAction.INFO: Input Data : {"decoded":{"sub":"1","id":"1","userName":"super admin","userGroup":"1","email":"superadmin@msense.in","hotelId":"4","brandId":"7","iat":1687754417,"exp":1687840817}}  
[2023-06-26 13:18:31] TVtempAction.INFO: ======= END Tv Action (Get All Template List) ================  
[2023-06-26 13:18:31] TVtempAction.INFO: ======= END Tv Action (Get All Feature List) ================  
[2023-06-26 13:18:31] TVtempAction.INFO: ======= END Tv Action (Get All Template List) ================  
[2023-06-26 13:18:36] TVtempAction.INFO: ======= Start Tv Action (Get All Template List) ================  
[2023-06-26 13:18:36] TVtempAction.INFO: method : GET  
[2023-06-26 13:18:36] TVtempAction.INFO: contentType : application/json  
[2023-06-26 13:18:36] TVtempAction.INFO: Input Data : {"decoded":{"sub":"1","id":"1","userName":"super admin","userGroup":"1","email":"superadmin@msense.in","hotelId":"4","brandId":"7","iat":1687754417,"exp":1687840817}}  
[2023-06-26 13:18:36] TVtempAction.INFO: ======= Start Tv Action (Get All Template List) ================  
[2023-06-26 13:18:36] TVtempAction.INFO: method : GET  
[2023-06-26 13:18:36] TVtempAction.INFO: contentType : application/json  
[2023-06-26 13:18:36] TVtempAction.INFO: Input Data : {"decoded":{"sub":"1","id":"1","userName":"super admin","userGroup":"1","email":"superadmin@msense.in","hotelId":"4","brandId":"7","iat":1687754417,"exp":1687840817}}  
[2023-06-26 13:18:36] TVtempAction.INFO: ======= Start Tv Action (Get All Feature List) ================  
[2023-06-26 13:18:36] TVtempAction.INFO: method : GET  
[2023-06-26 13:18:36] TVtempAction.INFO: contentType : application/json  
[2023-06-26 13:18:36] TVtempAction.INFO: Input Data : {"decoded":{"sub":"1","id":"1","userName":"super admin","userGroup":"1","email":"superadmin@msense.in","hotelId":"4","brandId":"7","iat":1687754417,"exp":1687840817}}  
[2023-06-26 13:18:36] TVtempAction.INFO: ======= END Tv Action (Get All Feature List) ================  
[2023-06-26 13:18:36] TVtempAction.INFO: ======= END Tv Action (Get All Template List) ================  
[2023-06-26 13:18:36] TVtempAction.INFO: ======= END Tv Action (Get All Template List) ================  
[2023-06-26 13:35:36] TVtempAction.INFO: ======= Start Tv Action (Get All Template List) ================  
[2023-06-26 13:35:36] TVtempAction.INFO: method : GET  
[2023-06-26 13:35:36] TVtempAction.INFO: contentType : application/json  
[2023-06-26 13:35:36] TVtempAction.INFO: Input Data : {"decoded":{"sub":"1","id":"1","userName":"super admin","userGroup":"1","email":"superadmin@msense.in","hotelId":"4","brandId":"7","iat":1687786530,"exp":1687872930}}  
[2023-06-26 13:35:36] TVtempAction.INFO: ======= Start Tv Action (Get All Feature List) ================  
[2023-06-26 13:35:36] TVtempAction.INFO: method : GET  
[2023-06-26 13:35:36] TVtempAction.INFO: contentType : application/json  
[2023-06-26 13:35:36] TVtempAction.INFO: Input Data : {"decoded":{"sub":"1","id":"1","userName":"super admin","userGroup":"1","email":"superadmin@msense.in","hotelId":"4","brandId":"7","iat":1687786530,"exp":1687872930}}  
[2023-06-26 13:35:36] TVtempAction.INFO: ======= Start Tv Action (Get All Template List) ================  
[2023-06-26 13:35:36] TVtempAction.INFO: method : GET  
[2023-06-26 13:35:36] TVtempAction.INFO: contentType : application/json  
[2023-06-26 13:35:36] TVtempAction.INFO: Input Data : {"decoded":{"sub":"1","id":"1","userName":"super admin","userGroup":"1","email":"superadmin@msense.in","hotelId":"4","brandId":"7","iat":1687786530,"exp":1687872930}}  
[2023-06-26 13:35:36] TVtempAction.INFO: ======= END Tv Action (Get All Template List) ================  
[2023-06-26 13:35:36] TVtempAction.INFO: ======= END Tv Action (Get All Feature List) ================  
[2023-06-26 13:35:36] TVtempAction.INFO: ======= END Tv Action (Get All Template List) ================  
[2023-06-26 13:36:17] TVtempAction.INFO: ======= Start Tv Action (Get All Feature List) ================  
[2023-06-26 13:36:17] TVtempAction.INFO: method : GET  
[2023-06-26 13:36:17] TVtempAction.INFO: contentType : application/json  
[2023-06-26 13:36:17] TVtempAction.INFO: Input Data : {"decoded":{"sub":"1","id":"1","userName":"super admin","userGroup":"1","email":"superadmin@msense.in","hotelId":"4","brandId":"7","iat":1687786530,"exp":1687872930}}  
[2023-06-26 13:36:17] TVtempAction.INFO: ======= Start Tv Action (Get All Template List) ================  
[2023-06-26 13:36:17] TVtempAction.INFO: method : GET  
[2023-06-26 13:36:17] TVtempAction.INFO: contentType : application/json  
[2023-06-26 13:36:17] TVtempAction.INFO: Input Data : {"decoded":{"sub":"1","id":"1","userName":"super admin","userGroup":"1","email":"superadmin@msense.in","hotelId":"4","brandId":"7","iat":1687786530,"exp":1687872930}}  
[2023-06-26 13:36:17] TVtempAction.INFO: ======= Start Tv Action (Get All Template List) ================  
[2023-06-26 13:36:17] TVtempAction.INFO: method : GET  
[2023-06-26 13:36:17] TVtempAction.INFO: contentType : application/json  
[2023-06-26 13:36:17] TVtempAction.INFO: Input Data : {"decoded":{"sub":"1","id":"1","userName":"super admin","userGroup":"1","email":"superadmin@msense.in","hotelId":"4","brandId":"7","iat":1687786530,"exp":1687872930}}  
[2023-06-26 13:36:17] TVtempAction.INFO: ======= END Tv Action (Get All Feature List) ================  
[2023-06-26 13:36:17] TVtempAction.INFO: ======= END Tv Action (Get All Template List) ================  
[2023-06-26 13:36:17] TVtempAction.INFO: ======= END Tv Action (Get All Template List) ================  
