[2023-06-26 11:58:25] CommonAction.INFO: ======= Start Common Action (getAllSideBarMenu) ================  
[2023-06-26 11:58:25] CommonAction.INFO: method : GET  
[2023-06-26 11:58:25] CommonAction.INFO: contentType : application/json  
[2023-06-26 11:58:25] CommonAction.INFO: Input Data : {"decoded":{"sub":"1","id":"1","userName":"super admin","userGroup":"1","email":"superadmin@msense.in","hotelId":"4","brandId":"7","iat":1687754417,"exp":1687840817}}  
[2023-06-26 11:58:25] CommonAction.INFO: ======= END Common Action (getAllSideBarMenu) ================  
[2023-06-26 12:00:01] CommonAction.INFO: ======= Start Common Action (getAllSideBarMenu) ================  
[2023-06-26 12:00:01] CommonAction.INFO: method : GET  
[2023-06-26 12:00:01] CommonAction.INFO: contentType : application/json  
[2023-06-26 12:00:01] CommonAction.INFO: Input Data : {"decoded":{"sub":"1","id":"1","userName":"super admin","userGroup":"1","email":"superadmin@msense.in","hotelId":"4","brandId":"7","iat":1687754417,"exp":1687840817}}  
[2023-06-26 12:00:01] CommonAction.INFO: ======= END Common Action (getAllSideBarMenu) ================  
[2023-06-26 12:07:46] CommonAction.INFO: ======= Start Common Action (getAllSideBarMenu) ================  
[2023-06-26 12:07:46] CommonAction.INFO: method : GET  
[2023-06-26 12:07:46] CommonAction.INFO: contentType : application/json  
[2023-06-26 12:07:46] CommonAction.INFO: Input Data : {"decoded":{"sub":"1","id":"1","userName":"super admin","userGroup":"1","email":"superadmin@msense.in","hotelId":"4","brandId":"7","iat":1687754417,"exp":1687840817}}  
[2023-06-26 12:07:46] CommonAction.INFO: ======= END Common Action (getAllSideBarMenu) ================  
[2023-06-26 12:08:50] CommonAction.INFO: ======= Start Common Action (getAllSideBarMenu) ================  
[2023-06-26 12:08:50] CommonAction.INFO: method : GET  
[2023-06-26 12:08:50] CommonAction.INFO: contentType : application/json  
[2023-06-26 12:08:50] CommonAction.INFO: Input Data : {"decoded":{"sub":"1","id":"1","userName":"super admin","userGroup":"1","email":"superadmin@msense.in","hotelId":"4","brandId":"7","iat":1687754417,"exp":1687840817}}  
[2023-06-26 12:08:50] CommonAction.INFO: ======= END Common Action (getAllSideBarMenu) ================  
[2023-06-26 12:09:43] CommonAction.INFO: ======= Start Common Action (getAllSideBarMenu) ================  
[2023-06-26 12:09:43] CommonAction.INFO: method : GET  
[2023-06-26 12:09:43] CommonAction.INFO: contentType : application/json  
[2023-06-26 12:09:43] CommonAction.INFO: Input Data : {"decoded":{"sub":"1","id":"1","userName":"super admin","userGroup":"1","email":"superadmin@msense.in","hotelId":"4","brandId":"7","iat":1687754417,"exp":1687840817}}  
[2023-06-26 12:09:43] CommonAction.INFO: ======= END Common Action (getAllSideBarMenu) ================  
[2023-06-26 12:10:10] CommonAction.INFO: ======= Start Common Action (getAllSideBarMenu) ================  
[2023-06-26 12:10:10] CommonAction.INFO: method : GET  
[2023-06-26 12:10:10] CommonAction.INFO: contentType : application/json  
[2023-06-26 12:10:10] CommonAction.INFO: Input Data : {"decoded":{"sub":"1","id":"1","userName":"super admin","userGroup":"1","email":"superadmin@msense.in","hotelId":"4","brandId":"7","iat":1687754417,"exp":1687840817}}  
[2023-06-26 12:10:10] CommonAction.INFO: ======= END Common Action (getAllSideBarMenu) ================  
[2023-06-26 12:19:57] CommonAction.INFO: ======= Start Common Action (getAllSideBarMenu) ================  
[2023-06-26 12:19:57] CommonAction.INFO: method : GET  
[2023-06-26 12:19:57] CommonAction.INFO: contentType : application/json  
[2023-06-26 12:19:57] CommonAction.INFO: Input Data : {"decoded":{"sub":"1","id":"1","userName":"super admin","userGroup":"1","email":"superadmin@msense.in","hotelId":"4","brandId":"7","iat":1687754417,"exp":1687840817}}  
[2023-06-26 12:19:57] CommonAction.INFO: ======= END Common Action (getAllSideBarMenu) ================  
[2023-06-26 12:22:05] CommonAction.INFO: ======= Start Common Action (getAllSideBarMenu) ================  
[2023-06-26 12:22:05] CommonAction.INFO: method : GET  
[2023-06-26 12:22:05] CommonAction.INFO: contentType : application/json  
[2023-06-26 12:22:05] CommonAction.INFO: Input Data : {"decoded":{"sub":"1","id":"1","userName":"super admin","userGroup":"1","email":"superadmin@msense.in","hotelId":"4","brandId":"7","iat":1687754417,"exp":1687840817}}  
[2023-06-26 12:22:05] CommonAction.INFO: ======= END Common Action (getAllSideBarMenu) ================  
[2023-06-26 12:23:01] CommonAction.INFO: ======= Start Common Action (getAllSideBarMenu) ================  
[2023-06-26 12:23:01] CommonAction.INFO: method : GET  
[2023-06-26 12:23:01] CommonAction.INFO: contentType : application/json  
[2023-06-26 12:23:01] CommonAction.INFO: Input Data : {"decoded":{"sub":"1","id":"1","userName":"super admin","userGroup":"1","email":"superadmin@msense.in","hotelId":"4","brandId":"7","iat":1687754417,"exp":1687840817}}  
[2023-06-26 12:23:01] CommonAction.INFO: ======= END Common Action (getAllSideBarMenu) ================  
[2023-06-26 12:23:23] CommonAction.INFO: ======= Start Common Action (getAllSideBarMenu) ================  
[2023-06-26 12:23:23] CommonAction.INFO: method : GET  
[2023-06-26 12:23:23] CommonAction.INFO: contentType : application/json  
[2023-06-26 12:23:23] CommonAction.INFO: Input Data : {"decoded":{"sub":"1","id":"1","userName":"super admin","userGroup":"1","email":"superadmin@msense.in","hotelId":"4","brandId":"7","iat":1687754417,"exp":1687840817}}  
[2023-06-26 12:23:23] CommonAction.INFO: ======= END Common Action (getAllSideBarMenu) ================  
[2023-06-26 12:25:05] CommonAction.INFO: ======= Start Common Action (getAllSideBarMenu) ================  
[2023-06-26 12:25:05] CommonAction.INFO: method : GET  
[2023-06-26 12:25:05] CommonAction.INFO: contentType : application/json  
[2023-06-26 12:25:05] CommonAction.INFO: Input Data : {"decoded":{"sub":"1","id":"1","userName":"super admin","userGroup":"1","email":"superadmin@msense.in","hotelId":"4","brandId":"7","iat":1687754417,"exp":1687840817}}  
[2023-06-26 12:25:05] CommonAction.INFO: ======= END Common Action (getAllSideBarMenu) ================  
[2023-06-26 12:28:42] CommonAction.INFO: ======= Start Common Action (getAllSideBarMenu) ================  
[2023-06-26 12:28:42] CommonAction.INFO: method : GET  
[2023-06-26 12:28:42] CommonAction.INFO: contentType : application/json  
[2023-06-26 12:28:42] CommonAction.INFO: Input Data : {"decoded":{"sub":"1","id":"1","userName":"super admin","userGroup":"1","email":"superadmin@msense.in","hotelId":"4","brandId":"7","iat":1687754417,"exp":1687840817}}  
[2023-06-26 12:28:42] CommonAction.INFO: ======= END Common Action (getAllSideBarMenu) ================  
[2023-06-26 12:34:28] CommonAction.INFO: ======= Start Common Action (getAllSideBarMenu) ================  
[2023-06-26 12:34:28] CommonAction.INFO: method : GET  
[2023-06-26 12:34:28] CommonAction.INFO: contentType : application/json  
[2023-06-26 12:34:28] CommonAction.INFO: Input Data : {"decoded":{"sub":"1","id":"1","userName":"super admin","userGroup":"1","email":"superadmin@msense.in","hotelId":"4","brandId":"7","iat":1687777961,"exp":1687864361}}  
[2023-06-26 12:34:28] CommonAction.INFO: ======= END Common Action (getAllSideBarMenu) ================  
[2023-06-26 12:35:29] CommonAction.INFO: ======= Start Common Action (getAllSideBarMenu) ================  
[2023-06-26 12:35:29] CommonAction.INFO: method : GET  
[2023-06-26 12:35:29] CommonAction.INFO: contentType : application/json  
[2023-06-26 12:35:29] CommonAction.INFO: Input Data : {"decoded":{"sub":"1","id":"1","userName":"super admin","userGroup":"1","email":"superadmin@msense.in","hotelId":"4","brandId":"7","iat":1687777961,"exp":1687864361}}  
[2023-06-26 12:35:29] CommonAction.INFO: ======= END Common Action (getAllSideBarMenu) ================  
[2023-06-26 12:35:29] CommonAction.INFO: ======= Start Common Action (getAllSideBarMenu) ================  
[2023-06-26 12:35:29] CommonAction.INFO: method : GET  
[2023-06-26 12:35:29] CommonAction.INFO: contentType : application/json  
[2023-06-26 12:35:29] CommonAction.INFO: Input Data : {"decoded":{"sub":"1","id":"1","userName":"super admin","userGroup":"1","email":"superadmin@msense.in","hotelId":"4","brandId":"7","iat":1687754417,"exp":1687840817}}  
[2023-06-26 12:35:30] CommonAction.INFO: ======= END Common Action (getAllSideBarMenu) ================  
[2023-06-26 12:35:32] CommonAction.INFO: ======= Start Common Action (getAllSideBarMenu) ================  
[2023-06-26 12:35:32] CommonAction.INFO: method : GET  
[2023-06-26 12:35:32] CommonAction.INFO: contentType : application/json  
[2023-06-26 12:35:32] CommonAction.INFO: Input Data : {"decoded":{"sub":"1","id":"1","userName":"super admin","userGroup":"1","email":"superadmin@msense.in","hotelId":"4","brandId":"7","iat":1687754417,"exp":1687840817}}  
[2023-06-26 12:35:32] CommonAction.INFO: ======= END Common Action (getAllSideBarMenu) ================  
[2023-06-26 12:35:45] CommonAction.INFO: ======= Start Common Action (getAllSideBarMenu) ================  
[2023-06-26 12:35:45] CommonAction.INFO: method : GET  
[2023-06-26 12:35:45] CommonAction.INFO: contentType : application/json  
[2023-06-26 12:35:45] CommonAction.INFO: Input Data : {"decoded":{"sub":"1","id":"1","userName":"super admin","userGroup":"1","email":"superadmin@msense.in","hotelId":"4","brandId":"7","iat":1687754417,"exp":1687840817}}  
[2023-06-26 12:35:45] CommonAction.INFO: ======= END Common Action (getAllSideBarMenu) ================  
[2023-06-26 12:35:57] CommonAction.INFO: ======= Start Common Action (getAllSideBarMenu) ================  
[2023-06-26 12:35:57] CommonAction.INFO: method : GET  
[2023-06-26 12:35:57] CommonAction.INFO: contentType : application/json  
[2023-06-26 12:35:57] CommonAction.INFO: Input Data : {"decoded":{"sub":"1","id":"1","userName":"super admin","userGroup":"1","email":"superadmin@msense.in","hotelId":"4","brandId":"7","iat":1687754417,"exp":1687840817}}  
[2023-06-26 12:35:57] CommonAction.INFO: ======= END Common Action (getAllSideBarMenu) ================  
[2023-06-26 12:36:08] CommonAction.INFO: ======= Start Common Action (getAllSideBarMenu) ================  
[2023-06-26 12:36:08] CommonAction.INFO: method : GET  
[2023-06-26 12:36:08] CommonAction.INFO: contentType : application/json  
[2023-06-26 12:36:08] CommonAction.INFO: Input Data : {"decoded":{"sub":"1","id":"1","userName":"super admin","userGroup":"1","email":"superadmin@msense.in","hotelId":"4","brandId":"7","iat":1687754417,"exp":1687840817}}  
[2023-06-26 12:36:08] CommonAction.INFO: ======= END Common Action (getAllSideBarMenu) ================  
[2023-06-26 12:36:09] CommonAction.INFO: ======= Start Common Action (getAllSideBarMenu) ================  
[2023-06-26 12:36:09] CommonAction.INFO: method : GET  
[2023-06-26 12:36:09] CommonAction.INFO: contentType : application/json  
[2023-06-26 12:36:09] CommonAction.INFO: Input Data : {"decoded":{"sub":"1","id":"1","userName":"super admin","userGroup":"1","email":"superadmin@msense.in","hotelId":"4","brandId":"7","iat":1687777961,"exp":1687864361}}  
[2023-06-26 12:36:09] CommonAction.INFO: ======= END Common Action (getAllSideBarMenu) ================  
[2023-06-26 12:36:42] CommonAction.INFO: ======= Start Common Action (getAllSideBarMenu) ================  
[2023-06-26 12:36:42] CommonAction.INFO: method : GET  
[2023-06-26 12:36:42] CommonAction.INFO: contentType : application/json  
[2023-06-26 12:36:42] CommonAction.INFO: Input Data : {"decoded":{"sub":"1","id":"1","userName":"super admin","userGroup":"1","email":"superadmin@msense.in","hotelId":"4","brandId":"7","iat":1687754417,"exp":1687840817}}  
[2023-06-26 12:36:42] CommonAction.INFO: ======= END Common Action (getAllSideBarMenu) ================  
[2023-06-26 12:38:07] CommonAction.INFO: ======= Start Common Action (getAllSideBarMenu) ================  
[2023-06-26 12:38:07] CommonAction.INFO: method : GET  
[2023-06-26 12:38:07] CommonAction.INFO: contentType : application/json  
[2023-06-26 12:38:07] CommonAction.INFO: Input Data : {"decoded":{"sub":"1","id":"1","userName":"super admin","userGroup":"1","email":"superadmin@msense.in","hotelId":"4","brandId":"7","iat":1687754417,"exp":1687840817}}  
[2023-06-26 12:38:07] CommonAction.INFO: ======= END Common Action (getAllSideBarMenu) ================  
[2023-06-26 12:41:36] CommonAction.INFO: ======= Start Common Action (getAllSideBarMenu) ================  
[2023-06-26 12:41:36] CommonAction.INFO: method : GET  
[2023-06-26 12:41:36] CommonAction.INFO: contentType : application/json  
[2023-06-26 12:41:36] CommonAction.INFO: Input Data : {"decoded":{"sub":"1","id":"1","userName":"super admin","userGroup":"1","email":"superadmin@msense.in","hotelId":"4","brandId":"7","iat":1687754417,"exp":1687840817}}  
[2023-06-26 12:41:36] CommonAction.INFO: ======= END Common Action (getAllSideBarMenu) ================  
[2023-06-26 12:42:02] CommonAction.INFO: ======= Start Common Action (getAllSideBarMenu) ================  
[2023-06-26 12:42:02] CommonAction.INFO: method : GET  
[2023-06-26 12:42:02] CommonAction.INFO: contentType : application/json  
[2023-06-26 12:42:02] CommonAction.INFO: Input Data : {"decoded":{"sub":"1","id":"1","userName":"super admin","userGroup":"1","email":"superadmin@msense.in","hotelId":"4","brandId":"7","iat":1687754417,"exp":1687840817}}  
[2023-06-26 12:42:02] CommonAction.INFO: ======= END Common Action (getAllSideBarMenu) ================  
[2023-06-26 12:44:05] CommonAction.INFO: ======= Start Common Action (getAllSideBarMenu) ================  
[2023-06-26 12:44:05] CommonAction.INFO: method : GET  
[2023-06-26 12:44:05] CommonAction.INFO: contentType : application/json  
[2023-06-26 12:44:05] CommonAction.INFO: Input Data : {"decoded":{"sub":"1","id":"1","userName":"super admin","userGroup":"1","email":"superadmin@msense.in","hotelId":"4","brandId":"7","iat":1687777961,"exp":1687864361}}  
[2023-06-26 12:44:05] CommonAction.INFO: ======= END Common Action (getAllSideBarMenu) ================  
[2023-06-26 12:44:05] CommonAction.INFO: ======= Start Common Action (getAllSideBarMenu) ================  
[2023-06-26 12:44:05] CommonAction.INFO: method : GET  
[2023-06-26 12:44:05] CommonAction.INFO: contentType : application/json  
[2023-06-26 12:44:05] CommonAction.INFO: Input Data : {"decoded":{"sub":"1","id":"1","userName":"super admin","userGroup":"1","email":"superadmin@msense.in","hotelId":"4","brandId":"7","iat":1687754417,"exp":1687840817}}  
[2023-06-26 12:44:05] CommonAction.INFO: ======= END Common Action (getAllSideBarMenu) ================  
[2023-06-26 12:44:10] CommonAction.INFO: ======= Start Common Action (getAllSideBarMenu) ================  
[2023-06-26 12:44:10] CommonAction.INFO: method : GET  
[2023-06-26 12:44:10] CommonAction.INFO: contentType : application/json  
[2023-06-26 12:44:10] CommonAction.INFO: Input Data : {"decoded":{"sub":"1","id":"1","userName":"super admin","userGroup":"1","email":"superadmin@msense.in","hotelId":"4","brandId":"7","iat":1687754417,"exp":1687840817}}  
[2023-06-26 12:44:10] CommonAction.INFO: ======= END Common Action (getAllSideBarMenu) ================  
[2023-06-26 12:45:19] CommonAction.INFO: ======= Start Common Action (getAllSideBarMenu) ================  
[2023-06-26 12:45:19] CommonAction.INFO: method : GET  
[2023-06-26 12:45:19] CommonAction.INFO: contentType : application/json  
[2023-06-26 12:45:19] CommonAction.INFO: Input Data : {"decoded":{"sub":"1","id":"1","userName":"super admin","userGroup":"1","email":"superadmin@msense.in","hotelId":"4","brandId":"7","iat":1687754417,"exp":1687840817}}  
[2023-06-26 12:45:19] CommonAction.INFO: ======= END Common Action (getAllSideBarMenu) ================  
[2023-06-26 12:48:39] CommonAction.INFO: ======= Start Common Action (getAllSideBarMenu) ================  
[2023-06-26 12:48:39] CommonAction.INFO: method : GET  
[2023-06-26 12:48:39] CommonAction.INFO: contentType : application/json  
[2023-06-26 12:48:39] CommonAction.INFO: Input Data : {"decoded":{"sub":"1","id":"1","userName":"super admin","userGroup":"1","email":"superadmin@msense.in","hotelId":"4","brandId":"7","iat":1687754417,"exp":1687840817}}  
[2023-06-26 12:48:39] CommonAction.INFO: ======= END Common Action (getAllSideBarMenu) ================  
[2023-06-26 12:49:38] CommonAction.INFO: ======= Start Common Action (getAllSideBarMenu) ================  
[2023-06-26 12:49:38] CommonAction.INFO: method : GET  
[2023-06-26 12:49:38] CommonAction.INFO: contentType : application/json  
[2023-06-26 12:49:38] CommonAction.INFO: Input Data : {"decoded":{"sub":"1","id":"1","userName":"super admin","userGroup":"1","email":"superadmin@msense.in","hotelId":"4","brandId":"7","iat":1687754417,"exp":1687840817}}  
[2023-06-26 12:49:38] CommonAction.INFO: ======= END Common Action (getAllSideBarMenu) ================  
[2023-06-26 13:00:14] CommonAction.INFO: ======= Start Common Action (getAllSideBarMenu) ================  
[2023-06-26 13:00:14] CommonAction.INFO: method : GET  
[2023-06-26 13:00:14] CommonAction.INFO: contentType : application/json  
[2023-06-26 13:00:14] CommonAction.INFO: Input Data : {"decoded":{"sub":"1","id":"1","userName":"super admin","userGroup":"1","email":"superadmin@msense.in","hotelId":"4","brandId":"7","iat":1687754417,"exp":1687840817}}  
[2023-06-26 13:00:14] CommonAction.INFO: ======= END Common Action (getAllSideBarMenu) ================  
[2023-06-26 13:01:18] CommonAction.INFO: ======= Start Common Action (getAllSideBarMenu) ================  
[2023-06-26 13:01:18] CommonAction.INFO: method : GET  
[2023-06-26 13:01:18] CommonAction.INFO: contentType : application/json  
[2023-06-26 13:01:18] CommonAction.INFO: Input Data : {"decoded":{"sub":"1","id":"1","userName":"super admin","userGroup":"1","email":"superadmin@msense.in","hotelId":"4","brandId":"7","iat":1687754417,"exp":1687840817}}  
[2023-06-26 13:01:18] CommonAction.INFO: ======= END Common Action (getAllSideBarMenu) ================  
[2023-06-26 13:05:31] CommonAction.INFO: ======= Start Common Action (getAllSideBarMenu) ================  
[2023-06-26 13:05:31] CommonAction.INFO: method : GET  
[2023-06-26 13:05:31] CommonAction.INFO: contentType : application/json  
[2023-06-26 13:05:31] CommonAction.INFO: Input Data : {"decoded":{"sub":"1","id":"1","userName":"super admin","userGroup":"1","email":"superadmin@msense.in","hotelId":"4","brandId":"7","iat":1687754417,"exp":1687840817}}  
[2023-06-26 13:05:31] CommonAction.INFO: ======= END Common Action (getAllSideBarMenu) ================  
[2023-06-26 13:14:03] CommonAction.INFO: ======= Start Common Action (getAllSideBarMenu) ================  
[2023-06-26 13:14:03] CommonAction.INFO: method : GET  
[2023-06-26 13:14:03] CommonAction.INFO: contentType : application/json  
[2023-06-26 13:14:03] CommonAction.INFO: Input Data : {"decoded":{"sub":"1","id":"1","userName":"super admin","userGroup":"1","email":"superadmin@msense.in","hotelId":"4","brandId":"7","iat":1687754417,"exp":1687840817}}  
[2023-06-26 13:14:03] CommonAction.INFO: ======= END Common Action (getAllSideBarMenu) ================  
[2023-06-26 13:14:19] CommonAction.INFO: ======= Start Common Action (getAllSideBarMenu) ================  
[2023-06-26 13:14:19] CommonAction.INFO: method : GET  
[2023-06-26 13:14:19] CommonAction.INFO: contentType : application/json  
[2023-06-26 13:14:19] CommonAction.INFO: Input Data : {"decoded":{"sub":"1","id":"1","userName":"super admin","userGroup":"1","email":"superadmin@msense.in","hotelId":"4","brandId":"7","iat":1687754417,"exp":1687840817}}  
[2023-06-26 13:14:19] CommonAction.INFO: ======= END Common Action (getAllSideBarMenu) ================  
[2023-06-26 13:18:31] CommonAction.INFO: ======= Start Common Action (getAllSideBarMenu) ================  
[2023-06-26 13:18:31] CommonAction.INFO: method : GET  
[2023-06-26 13:18:31] CommonAction.INFO: contentType : application/json  
[2023-06-26 13:18:31] CommonAction.INFO: Input Data : {"decoded":{"sub":"1","id":"1","userName":"super admin","userGroup":"1","email":"superadmin@msense.in","hotelId":"4","brandId":"7","iat":1687754417,"exp":1687840817}}  
[2023-06-26 13:18:31] CommonAction.INFO: ======= END Common Action (getAllSideBarMenu) ================  
[2023-06-26 13:35:30] CommonAction.INFO: ======= Start Common Action (getAllSideBarMenu) ================  
[2023-06-26 13:35:30] CommonAction.INFO: method : GET  
[2023-06-26 13:35:30] CommonAction.INFO: contentType : application/json  
[2023-06-26 13:35:30] CommonAction.INFO: Input Data : {"decoded":{"sub":"1","id":"1","userName":"super admin","userGroup":"1","email":"superadmin@msense.in","hotelId":"4","brandId":"7","iat":1687786530,"exp":1687872930}}  
[2023-06-26 13:35:30] CommonAction.INFO: ======= END Common Action (getAllSideBarMenu) ================  
[2023-06-26 13:36:21] CommonAction.INFO: ======= Start Common Action (getAllBrand) ================  
[2023-06-26 13:36:21] CommonAction.INFO: method : GET  
[2023-06-26 13:36:21] CommonAction.INFO: contentType : application/json  
[2023-06-26 13:36:21] CommonAction.INFO: Input Data : {"decoded":{"sub":"1","id":"1","userName":"super admin","userGroup":"1","email":"superadmin@msense.in","hotelId":"4","brandId":"7","iat":1687786530,"exp":1687872930}}  
