[2023-06-26 11:58:25] CommonRepository.INFO: ======= Start Common Repository ================  
[2023-06-26 11:58:25] CommonModel.INFO: Query : CALL SP_OttLookUp(0, 1, 'SIDEBARMENUPARENTALL')  
[2023-06-26 11:58:25] CommonModel.INFO: getAllListDataZeroRecords (count) : 3  
[2023-06-26 11:58:25] CommonModel.INFO: Query : CALL SP_OttLookUp(1, 1, 'MENUACCESSDETAILS')  
[2023-06-26 11:58:25] CommonModel.INFO: getAllListDataZeroRecords (count) : 1  
[2023-06-26 11:58:25] CommonModel.INFO: Query : CALL SP_OttLookUp(1, 1, 'SIDEBARSUBMENUALL')  
[2023-06-26 11:58:25] CommonModel.INFO: Query : CALL SP_OttLookUp(2, 1, 'MENUACCESSDETAILS')  
[2023-06-26 11:58:25] CommonModel.INFO: getAllListDataZeroRecords (count) : 1  
[2023-06-26 11:58:25] CommonModel.INFO: Query : CALL SP_OttLookUp(2, 1, 'SIDEBARSUBMENUALL')  
[2023-06-26 11:58:25] CommonModel.INFO: Query : CALL SP_OttLookUp(3, 1, 'MENUACCESSDETAILS')  
[2023-06-26 11:58:25] CommonModel.INFO: getAllListDataZeroRecords (count) : 1  
[2023-06-26 11:58:25] CommonModel.INFO: Query : CALL SP_OttLookUp(3, 1, 'SIDEBARSUBMENUALL')  
[2023-06-26 11:58:25] CommonModel.INFO: getAllListDataZeroRecords (count) : 4  
[2023-06-26 11:58:25] CommonModel.INFO: Query : CALL SP_OttLookUp(4, 1, 'MENUACCESSDETAILS')  
[2023-06-26 11:58:25] CommonModel.INFO: getAllListDataZeroRecords (count) : 1  
[2023-06-26 11:58:25] CommonModel.INFO: Query : CALL SP_OttLookUp(5, 1, 'MENUACCESSDETAILS')  
[2023-06-26 11:58:25] CommonModel.INFO: getAllListDataZeroRecords (count) : 1  
[2023-06-26 11:58:25] CommonModel.INFO: Query : CALL SP_OttLookUp(6, 1, 'MENUACCESSDETAILS')  
[2023-06-26 11:58:25] CommonModel.INFO: getAllListDataZeroRecords (count) : 1  
[2023-06-26 11:58:25] CommonModel.INFO: Query : CALL SP_OttLookUp(7, 1, 'MENUACCESSDETAILS')  
[2023-06-26 11:58:25] CommonModel.INFO: getAllListDataZeroRecords (count) : 1  
[2023-06-26 11:58:25] CommonRepository.INFO: ======= End Common Repository ================  
[2023-06-26 12:00:01] CommonRepository.INFO: ======= Start Common Repository ================  
[2023-06-26 12:00:01] CommonModel.INFO: Query : CALL SP_OttLookUp(0, 1, 'SIDEBARMENUPARENTALL')  
[2023-06-26 12:00:01] CommonModel.INFO: getAllListDataZeroRecords (count) : 3  
[2023-06-26 12:00:01] CommonModel.INFO: Query : CALL SP_OttLookUp(1, 1, 'MENUACCESSDETAILS')  
[2023-06-26 12:00:01] CommonModel.INFO: getAllListDataZeroRecords (count) : 1  
[2023-06-26 12:00:01] CommonModel.INFO: Query : CALL SP_OttLookUp(1, 1, 'SIDEBARSUBMENUALL')  
[2023-06-26 12:00:01] CommonModel.INFO: Query : CALL SP_OttLookUp(2, 1, 'MENUACCESSDETAILS')  
[2023-06-26 12:00:01] CommonModel.INFO: getAllListDataZeroRecords (count) : 1  
[2023-06-26 12:00:01] CommonModel.INFO: Query : CALL SP_OttLookUp(2, 1, 'SIDEBARSUBMENUALL')  
[2023-06-26 12:00:01] CommonModel.INFO: Query : CALL SP_OttLookUp(3, 1, 'MENUACCESSDETAILS')  
[2023-06-26 12:00:01] CommonModel.INFO: getAllListDataZeroRecords (count) : 1  
[2023-06-26 12:00:01] CommonModel.INFO: Query : CALL SP_OttLookUp(3, 1, 'SIDEBARSUBMENUALL')  
[2023-06-26 12:00:01] CommonModel.INFO: getAllListDataZeroRecords (count) : 4  
[2023-06-26 12:00:01] CommonModel.INFO: Query : CALL SP_OttLookUp(4, 1, 'MENUACCESSDETAILS')  
[2023-06-26 12:00:01] CommonModel.INFO: getAllListDataZeroRecords (count) : 1  
[2023-06-26 12:00:01] CommonModel.INFO: Query : CALL SP_OttLookUp(5, 1, 'MENUACCESSDETAILS')  
[2023-06-26 12:00:01] CommonModel.INFO: getAllListDataZeroRecords (count) : 1  
[2023-06-26 12:00:01] CommonModel.INFO: Query : CALL SP_OttLookUp(6, 1, 'MENUACCESSDETAILS')  
[2023-06-26 12:00:01] CommonModel.INFO: getAllListDataZeroRecords (count) : 1  
[2023-06-26 12:00:01] CommonModel.INFO: Query : CALL SP_OttLookUp(7, 1, 'MENUACCESSDETAILS')  
[2023-06-26 12:00:01] CommonModel.INFO: getAllListDataZeroRecords (count) : 1  
[2023-06-26 12:00:01] CommonRepository.INFO: ======= End Common Repository ================  
[2023-06-26 12:07:46] CommonRepository.INFO: ======= Start Common Repository ================  
[2023-06-26 12:07:46] CommonModel.INFO: Query : CALL SP_OttLookUp(0, 1, 'SIDEBARMENUPARENTALL')  
[2023-06-26 12:07:46] CommonModel.INFO: getAllListDataZeroRecords (count) : 3  
[2023-06-26 12:07:46] CommonModel.INFO: Query : CALL SP_OttLookUp(1, 1, 'MENUACCESSDETAILS')  
[2023-06-26 12:07:46] CommonModel.INFO: getAllListDataZeroRecords (count) : 1  
[2023-06-26 12:07:46] CommonModel.INFO: Query : CALL SP_OttLookUp(1, 1, 'SIDEBARSUBMENUALL')  
[2023-06-26 12:07:46] CommonModel.INFO: Query : CALL SP_OttLookUp(2, 1, 'MENUACCESSDETAILS')  
[2023-06-26 12:07:46] CommonModel.INFO: getAllListDataZeroRecords (count) : 1  
[2023-06-26 12:07:46] CommonModel.INFO: Query : CALL SP_OttLookUp(2, 1, 'SIDEBARSUBMENUALL')  
[2023-06-26 12:07:46] CommonModel.INFO: Query : CALL SP_OttLookUp(3, 1, 'MENUACCESSDETAILS')  
[2023-06-26 12:07:46] CommonModel.INFO: getAllListDataZeroRecords (count) : 1  
[2023-06-26 12:07:46] CommonModel.INFO: Query : CALL SP_OttLookUp(3, 1, 'SIDEBARSUBMENUALL')  
[2023-06-26 12:07:46] CommonModel.INFO: getAllListDataZeroRecords (count) : 4  
[2023-06-26 12:07:46] CommonModel.INFO: Query : CALL SP_OttLookUp(4, 1, 'MENUACCESSDETAILS')  
[2023-06-26 12:07:46] CommonModel.INFO: getAllListDataZeroRecords (count) : 1  
[2023-06-26 12:07:46] CommonModel.INFO: Query : CALL SP_OttLookUp(5, 1, 'MENUACCESSDETAILS')  
[2023-06-26 12:07:46] CommonModel.INFO: getAllListDataZeroRecords (count) : 1  
[2023-06-26 12:07:46] CommonModel.INFO: Query : CALL SP_OttLookUp(6, 1, 'MENUACCESSDETAILS')  
[2023-06-26 12:07:46] CommonModel.INFO: getAllListDataZeroRecords (count) : 1  
[2023-06-26 12:07:46] CommonModel.INFO: Query : CALL SP_OttLookUp(7, 1, 'MENUACCESSDETAILS')  
[2023-06-26 12:07:46] CommonModel.INFO: getAllListDataZeroRecords (count) : 1  
[2023-06-26 12:07:46] CommonRepository.INFO: ======= End Common Repository ================  
[2023-06-26 12:08:50] CommonRepository.INFO: ======= Start Common Repository ================  
[2023-06-26 12:08:50] CommonModel.INFO: Query : CALL SP_OttLookUp(0, 1, 'SIDEBARMENUPARENTALL')  
[2023-06-26 12:08:50] CommonModel.INFO: getAllListDataZeroRecords (count) : 3  
[2023-06-26 12:08:50] CommonModel.INFO: Query : CALL SP_OttLookUp(1, 1, 'MENUACCESSDETAILS')  
[2023-06-26 12:08:50] CommonModel.INFO: getAllListDataZeroRecords (count) : 1  
[2023-06-26 12:08:50] CommonModel.INFO: Query : CALL SP_OttLookUp(1, 1, 'SIDEBARSUBMENUALL')  
[2023-06-26 12:08:50] CommonModel.INFO: Query : CALL SP_OttLookUp(2, 1, 'MENUACCESSDETAILS')  
[2023-06-26 12:08:50] CommonModel.INFO: getAllListDataZeroRecords (count) : 1  
[2023-06-26 12:08:50] CommonModel.INFO: Query : CALL SP_OttLookUp(2, 1, 'SIDEBARSUBMENUALL')  
[2023-06-26 12:08:50] CommonModel.INFO: Query : CALL SP_OttLookUp(3, 1, 'MENUACCESSDETAILS')  
[2023-06-26 12:08:50] CommonModel.INFO: getAllListDataZeroRecords (count) : 1  
[2023-06-26 12:08:50] CommonModel.INFO: Query : CALL SP_OttLookUp(3, 1, 'SIDEBARSUBMENUALL')  
[2023-06-26 12:08:50] CommonModel.INFO: getAllListDataZeroRecords (count) : 4  
[2023-06-26 12:08:50] CommonModel.INFO: Query : CALL SP_OttLookUp(4, 1, 'MENUACCESSDETAILS')  
[2023-06-26 12:08:50] CommonModel.INFO: getAllListDataZeroRecords (count) : 1  
[2023-06-26 12:08:50] CommonModel.INFO: Query : CALL SP_OttLookUp(5, 1, 'MENUACCESSDETAILS')  
[2023-06-26 12:08:50] CommonModel.INFO: getAllListDataZeroRecords (count) : 1  
[2023-06-26 12:08:50] CommonModel.INFO: Query : CALL SP_OttLookUp(6, 1, 'MENUACCESSDETAILS')  
[2023-06-26 12:08:50] CommonModel.INFO: getAllListDataZeroRecords (count) : 1  
[2023-06-26 12:08:50] CommonModel.INFO: Query : CALL SP_OttLookUp(7, 1, 'MENUACCESSDETAILS')  
[2023-06-26 12:08:50] CommonModel.INFO: getAllListDataZeroRecords (count) : 1  
[2023-06-26 12:08:50] CommonRepository.INFO: ======= End Common Repository ================  
[2023-06-26 12:09:43] CommonRepository.INFO: ======= Start Common Repository ================  
[2023-06-26 12:09:43] CommonModel.INFO: Query : CALL SP_OttLookUp(0, 1, 'SIDEBARMENUPARENTALL')  
[2023-06-26 12:09:43] CommonModel.INFO: getAllListDataZeroRecords (count) : 3  
[2023-06-26 12:09:43] CommonModel.INFO: Query : CALL SP_OttLookUp(1, 1, 'MENUACCESSDETAILS')  
[2023-06-26 12:09:43] CommonModel.INFO: getAllListDataZeroRecords (count) : 1  
[2023-06-26 12:09:43] CommonModel.INFO: Query : CALL SP_OttLookUp(1, 1, 'SIDEBARSUBMENUALL')  
[2023-06-26 12:09:43] CommonModel.INFO: Query : CALL SP_OttLookUp(2, 1, 'MENUACCESSDETAILS')  
[2023-06-26 12:09:43] CommonModel.INFO: getAllListDataZeroRecords (count) : 1  
[2023-06-26 12:09:43] CommonModel.INFO: Query : CALL SP_OttLookUp(2, 1, 'SIDEBARSUBMENUALL')  
[2023-06-26 12:09:43] CommonModel.INFO: Query : CALL SP_OttLookUp(3, 1, 'MENUACCESSDETAILS')  
[2023-06-26 12:09:43] CommonModel.INFO: getAllListDataZeroRecords (count) : 1  
[2023-06-26 12:09:43] CommonModel.INFO: Query : CALL SP_OttLookUp(3, 1, 'SIDEBARSUBMENUALL')  
[2023-06-26 12:09:43] CommonModel.INFO: getAllListDataZeroRecords (count) : 4  
[2023-06-26 12:09:43] CommonModel.INFO: Query : CALL SP_OttLookUp(4, 1, 'MENUACCESSDETAILS')  
[2023-06-26 12:09:43] CommonModel.INFO: getAllListDataZeroRecords (count) : 1  
[2023-06-26 12:09:43] CommonModel.INFO: Query : CALL SP_OttLookUp(5, 1, 'MENUACCESSDETAILS')  
[2023-06-26 12:09:43] CommonModel.INFO: getAllListDataZeroRecords (count) : 1  
[2023-06-26 12:09:43] CommonModel.INFO: Query : CALL SP_OttLookUp(6, 1, 'MENUACCESSDETAILS')  
[2023-06-26 12:09:43] CommonModel.INFO: getAllListDataZeroRecords (count) : 1  
[2023-06-26 12:09:43] CommonModel.INFO: Query : CALL SP_OttLookUp(7, 1, 'MENUACCESSDETAILS')  
[2023-06-26 12:09:43] CommonModel.INFO: getAllListDataZeroRecords (count) : 1  
[2023-06-26 12:09:43] CommonRepository.INFO: ======= End Common Repository ================  
[2023-06-26 12:10:10] CommonRepository.INFO: ======= Start Common Repository ================  
[2023-06-26 12:10:10] CommonModel.INFO: Query : CALL SP_OttLookUp(0, 1, 'SIDEBARMENUPARENTALL')  
[2023-06-26 12:10:10] CommonModel.INFO: getAllListDataZeroRecords (count) : 3  
[2023-06-26 12:10:10] CommonModel.INFO: Query : CALL SP_OttLookUp(1, 1, 'MENUACCESSDETAILS')  
[2023-06-26 12:10:10] CommonModel.INFO: getAllListDataZeroRecords (count) : 1  
[2023-06-26 12:10:10] CommonModel.INFO: Query : CALL SP_OttLookUp(1, 1, 'SIDEBARSUBMENUALL')  
[2023-06-26 12:10:10] CommonModel.INFO: Query : CALL SP_OttLookUp(2, 1, 'MENUACCESSDETAILS')  
[2023-06-26 12:10:10] CommonModel.INFO: getAllListDataZeroRecords (count) : 1  
[2023-06-26 12:10:10] CommonModel.INFO: Query : CALL SP_OttLookUp(2, 1, 'SIDEBARSUBMENUALL')  
[2023-06-26 12:10:10] CommonModel.INFO: Query : CALL SP_OttLookUp(3, 1, 'MENUACCESSDETAILS')  
[2023-06-26 12:10:10] CommonModel.INFO: getAllListDataZeroRecords (count) : 1  
[2023-06-26 12:10:10] CommonModel.INFO: Query : CALL SP_OttLookUp(3, 1, 'SIDEBARSUBMENUALL')  
[2023-06-26 12:10:10] CommonModel.INFO: getAllListDataZeroRecords (count) : 4  
[2023-06-26 12:10:10] CommonModel.INFO: Query : CALL SP_OttLookUp(4, 1, 'MENUACCESSDETAILS')  
[2023-06-26 12:10:10] CommonModel.INFO: getAllListDataZeroRecords (count) : 1  
[2023-06-26 12:10:10] CommonModel.INFO: Query : CALL SP_OttLookUp(5, 1, 'MENUACCESSDETAILS')  
[2023-06-26 12:10:10] CommonModel.INFO: getAllListDataZeroRecords (count) : 1  
[2023-06-26 12:10:10] CommonModel.INFO: Query : CALL SP_OttLookUp(6, 1, 'MENUACCESSDETAILS')  
[2023-06-26 12:10:10] CommonModel.INFO: getAllListDataZeroRecords (count) : 1  
[2023-06-26 12:10:10] CommonModel.INFO: Query : CALL SP_OttLookUp(7, 1, 'MENUACCESSDETAILS')  
[2023-06-26 12:10:10] CommonModel.INFO: getAllListDataZeroRecords (count) : 1  
[2023-06-26 12:10:10] CommonRepository.INFO: ======= End Common Repository ================  
[2023-06-26 12:19:57] CommonRepository.INFO: ======= Start Common Repository ================  
[2023-06-26 12:19:57] CommonModel.INFO: Query : CALL SP_OttLookUp(0, 1, 'SIDEBARMENUPARENTALL')  
[2023-06-26 12:19:57] CommonModel.INFO: getAllListDataZeroRecords (count) : 3  
[2023-06-26 12:19:57] CommonModel.INFO: Query : CALL SP_OttLookUp(1, 1, 'MENUACCESSDETAILS')  
[2023-06-26 12:19:57] CommonModel.INFO: getAllListDataZeroRecords (count) : 1  
[2023-06-26 12:19:57] CommonModel.INFO: Query : CALL SP_OttLookUp(1, 1, 'SIDEBARSUBMENUALL')  
[2023-06-26 12:19:57] CommonModel.INFO: Query : CALL SP_OttLookUp(2, 1, 'MENUACCESSDETAILS')  
[2023-06-26 12:19:57] CommonModel.INFO: getAllListDataZeroRecords (count) : 1  
[2023-06-26 12:19:57] CommonModel.INFO: Query : CALL SP_OttLookUp(2, 1, 'SIDEBARSUBMENUALL')  
[2023-06-26 12:19:57] CommonModel.INFO: Query : CALL SP_OttLookUp(3, 1, 'MENUACCESSDETAILS')  
[2023-06-26 12:19:57] CommonModel.INFO: getAllListDataZeroRecords (count) : 1  
[2023-06-26 12:19:57] CommonModel.INFO: Query : CALL SP_OttLookUp(3, 1, 'SIDEBARSUBMENUALL')  
[2023-06-26 12:19:57] CommonModel.INFO: getAllListDataZeroRecords (count) : 4  
[2023-06-26 12:19:57] CommonModel.INFO: Query : CALL SP_OttLookUp(4, 1, 'MENUACCESSDETAILS')  
[2023-06-26 12:19:57] CommonModel.INFO: getAllListDataZeroRecords (count) : 1  
[2023-06-26 12:19:57] CommonModel.INFO: Query : CALL SP_OttLookUp(5, 1, 'MENUACCESSDETAILS')  
[2023-06-26 12:19:57] CommonModel.INFO: getAllListDataZeroRecords (count) : 1  
[2023-06-26 12:19:57] CommonModel.INFO: Query : CALL SP_OttLookUp(6, 1, 'MENUACCESSDETAILS')  
[2023-06-26 12:19:57] CommonModel.INFO: getAllListDataZeroRecords (count) : 1  
[2023-06-26 12:19:57] CommonModel.INFO: Query : CALL SP_OttLookUp(7, 1, 'MENUACCESSDETAILS')  
[2023-06-26 12:19:57] CommonModel.INFO: getAllListDataZeroRecords (count) : 1  
[2023-06-26 12:19:57] CommonRepository.INFO: ======= End Common Repository ================  
[2023-06-26 12:22:05] CommonRepository.INFO: ======= Start Common Repository ================  
[2023-06-26 12:22:05] CommonModel.INFO: Query : CALL SP_OttLookUp(0, 1, 'SIDEBARMENUPARENTALL')  
[2023-06-26 12:22:05] CommonModel.INFO: getAllListDataZeroRecords (count) : 3  
[2023-06-26 12:22:05] CommonModel.INFO: Query : CALL SP_OttLookUp(1, 1, 'MENUACCESSDETAILS')  
[2023-06-26 12:22:05] CommonModel.INFO: getAllListDataZeroRecords (count) : 1  
[2023-06-26 12:22:05] CommonModel.INFO: Query : CALL SP_OttLookUp(1, 1, 'SIDEBARSUBMENUALL')  
[2023-06-26 12:22:05] CommonModel.INFO: Query : CALL SP_OttLookUp(2, 1, 'MENUACCESSDETAILS')  
[2023-06-26 12:22:05] CommonModel.INFO: getAllListDataZeroRecords (count) : 1  
[2023-06-26 12:22:05] CommonModel.INFO: Query : CALL SP_OttLookUp(2, 1, 'SIDEBARSUBMENUALL')  
[2023-06-26 12:22:05] CommonModel.INFO: Query : CALL SP_OttLookUp(3, 1, 'MENUACCESSDETAILS')  
[2023-06-26 12:22:05] CommonModel.INFO: getAllListDataZeroRecords (count) : 1  
[2023-06-26 12:22:05] CommonModel.INFO: Query : CALL SP_OttLookUp(3, 1, 'SIDEBARSUBMENUALL')  
[2023-06-26 12:22:05] CommonModel.INFO: getAllListDataZeroRecords (count) : 4  
[2023-06-26 12:22:05] CommonModel.INFO: Query : CALL SP_OttLookUp(4, 1, 'MENUACCESSDETAILS')  
[2023-06-26 12:22:05] CommonModel.INFO: getAllListDataZeroRecords (count) : 1  
[2023-06-26 12:22:05] CommonModel.INFO: Query : CALL SP_OttLookUp(5, 1, 'MENUACCESSDETAILS')  
[2023-06-26 12:22:05] CommonModel.INFO: getAllListDataZeroRecords (count) : 1  
[2023-06-26 12:22:05] CommonModel.INFO: Query : CALL SP_OttLookUp(6, 1, 'MENUACCESSDETAILS')  
[2023-06-26 12:22:05] CommonModel.INFO: getAllListDataZeroRecords (count) : 1  
[2023-06-26 12:22:05] CommonModel.INFO: Query : CALL SP_OttLookUp(7, 1, 'MENUACCESSDETAILS')  
[2023-06-26 12:22:05] CommonModel.INFO: getAllListDataZeroRecords (count) : 1  
[2023-06-26 12:22:05] CommonRepository.INFO: ======= End Common Repository ================  
[2023-06-26 12:23:01] CommonRepository.INFO: ======= Start Common Repository ================  
[2023-06-26 12:23:01] CommonModel.INFO: Query : CALL SP_OttLookUp(0, 1, 'SIDEBARMENUPARENTALL')  
[2023-06-26 12:23:01] CommonModel.INFO: getAllListDataZeroRecords (count) : 3  
[2023-06-26 12:23:01] CommonModel.INFO: Query : CALL SP_OttLookUp(1, 1, 'MENUACCESSDETAILS')  
[2023-06-26 12:23:01] CommonModel.INFO: getAllListDataZeroRecords (count) : 1  
[2023-06-26 12:23:01] CommonModel.INFO: Query : CALL SP_OttLookUp(1, 1, 'SIDEBARSUBMENUALL')  
[2023-06-26 12:23:01] CommonModel.INFO: Query : CALL SP_OttLookUp(2, 1, 'MENUACCESSDETAILS')  
[2023-06-26 12:23:01] CommonModel.INFO: getAllListDataZeroRecords (count) : 1  
[2023-06-26 12:23:01] CommonModel.INFO: Query : CALL SP_OttLookUp(2, 1, 'SIDEBARSUBMENUALL')  
[2023-06-26 12:23:01] CommonModel.INFO: Query : CALL SP_OttLookUp(3, 1, 'MENUACCESSDETAILS')  
[2023-06-26 12:23:01] CommonModel.INFO: getAllListDataZeroRecords (count) : 1  
[2023-06-26 12:23:01] CommonModel.INFO: Query : CALL SP_OttLookUp(3, 1, 'SIDEBARSUBMENUALL')  
[2023-06-26 12:23:01] CommonModel.INFO: getAllListDataZeroRecords (count) : 4  
[2023-06-26 12:23:01] CommonModel.INFO: Query : CALL SP_OttLookUp(4, 1, 'MENUACCESSDETAILS')  
[2023-06-26 12:23:01] CommonModel.INFO: getAllListDataZeroRecords (count) : 1  
[2023-06-26 12:23:01] CommonModel.INFO: Query : CALL SP_OttLookUp(5, 1, 'MENUACCESSDETAILS')  
[2023-06-26 12:23:01] CommonModel.INFO: getAllListDataZeroRecords (count) : 1  
[2023-06-26 12:23:01] CommonModel.INFO: Query : CALL SP_OttLookUp(6, 1, 'MENUACCESSDETAILS')  
[2023-06-26 12:23:01] CommonModel.INFO: getAllListDataZeroRecords (count) : 1  
[2023-06-26 12:23:01] CommonModel.INFO: Query : CALL SP_OttLookUp(7, 1, 'MENUACCESSDETAILS')  
[2023-06-26 12:23:01] CommonModel.INFO: getAllListDataZeroRecords (count) : 1  
[2023-06-26 12:23:01] CommonRepository.INFO: ======= End Common Repository ================  
[2023-06-26 12:23:23] CommonRepository.INFO: ======= Start Common Repository ================  
[2023-06-26 12:23:23] CommonModel.INFO: Query : CALL SP_OttLookUp(0, 1, 'SIDEBARMENUPARENTALL')  
[2023-06-26 12:23:23] CommonModel.INFO: getAllListDataZeroRecords (count) : 3  
[2023-06-26 12:23:23] CommonModel.INFO: Query : CALL SP_OttLookUp(1, 1, 'MENUACCESSDETAILS')  
[2023-06-26 12:23:23] CommonModel.INFO: getAllListDataZeroRecords (count) : 1  
[2023-06-26 12:23:23] CommonModel.INFO: Query : CALL SP_OttLookUp(1, 1, 'SIDEBARSUBMENUALL')  
[2023-06-26 12:23:23] CommonModel.INFO: Query : CALL SP_OttLookUp(2, 1, 'MENUACCESSDETAILS')  
[2023-06-26 12:23:23] CommonModel.INFO: getAllListDataZeroRecords (count) : 1  
[2023-06-26 12:23:23] CommonModel.INFO: Query : CALL SP_OttLookUp(2, 1, 'SIDEBARSUBMENUALL')  
[2023-06-26 12:23:23] CommonModel.INFO: Query : CALL SP_OttLookUp(3, 1, 'MENUACCESSDETAILS')  
[2023-06-26 12:23:23] CommonModel.INFO: getAllListDataZeroRecords (count) : 1  
[2023-06-26 12:23:23] CommonModel.INFO: Query : CALL SP_OttLookUp(3, 1, 'SIDEBARSUBMENUALL')  
[2023-06-26 12:23:23] CommonModel.INFO: getAllListDataZeroRecords (count) : 4  
[2023-06-26 12:23:23] CommonModel.INFO: Query : CALL SP_OttLookUp(4, 1, 'MENUACCESSDETAILS')  
[2023-06-26 12:23:23] CommonModel.INFO: getAllListDataZeroRecords (count) : 1  
[2023-06-26 12:23:23] CommonModel.INFO: Query : CALL SP_OttLookUp(5, 1, 'MENUACCESSDETAILS')  
[2023-06-26 12:23:23] CommonModel.INFO: getAllListDataZeroRecords (count) : 1  
[2023-06-26 12:23:23] CommonModel.INFO: Query : CALL SP_OttLookUp(6, 1, 'MENUACCESSDETAILS')  
[2023-06-26 12:23:23] CommonModel.INFO: getAllListDataZeroRecords (count) : 1  
[2023-06-26 12:23:23] CommonModel.INFO: Query : CALL SP_OttLookUp(7, 1, 'MENUACCESSDETAILS')  
[2023-06-26 12:23:23] CommonModel.INFO: getAllListDataZeroRecords (count) : 1  
[2023-06-26 12:23:23] CommonRepository.INFO: ======= End Common Repository ================  
[2023-06-26 12:25:05] CommonRepository.INFO: ======= Start Common Repository ================  
[2023-06-26 12:25:05] CommonModel.INFO: Query : CALL SP_OttLookUp(0, 1, 'SIDEBARMENUPARENTALL')  
[2023-06-26 12:25:05] CommonModel.INFO: getAllListDataZeroRecords (count) : 3  
[2023-06-26 12:25:05] CommonModel.INFO: Query : CALL SP_OttLookUp(1, 1, 'MENUACCESSDETAILS')  
[2023-06-26 12:25:05] CommonModel.INFO: getAllListDataZeroRecords (count) : 1  
[2023-06-26 12:25:05] CommonModel.INFO: Query : CALL SP_OttLookUp(1, 1, 'SIDEBARSUBMENUALL')  
[2023-06-26 12:25:05] CommonModel.INFO: Query : CALL SP_OttLookUp(2, 1, 'MENUACCESSDETAILS')  
[2023-06-26 12:25:05] CommonModel.INFO: getAllListDataZeroRecords (count) : 1  
[2023-06-26 12:25:05] CommonModel.INFO: Query : CALL SP_OttLookUp(2, 1, 'SIDEBARSUBMENUALL')  
[2023-06-26 12:25:05] CommonModel.INFO: Query : CALL SP_OttLookUp(3, 1, 'MENUACCESSDETAILS')  
[2023-06-26 12:25:05] CommonModel.INFO: getAllListDataZeroRecords (count) : 1  
[2023-06-26 12:25:05] CommonModel.INFO: Query : CALL SP_OttLookUp(3, 1, 'SIDEBARSUBMENUALL')  
[2023-06-26 12:25:05] CommonModel.INFO: getAllListDataZeroRecords (count) : 4  
[2023-06-26 12:25:05] CommonModel.INFO: Query : CALL SP_OttLookUp(4, 1, 'MENUACCESSDETAILS')  
[2023-06-26 12:25:05] CommonModel.INFO: getAllListDataZeroRecords (count) : 1  
[2023-06-26 12:25:05] CommonModel.INFO: Query : CALL SP_OttLookUp(5, 1, 'MENUACCESSDETAILS')  
[2023-06-26 12:25:05] CommonModel.INFO: getAllListDataZeroRecords (count) : 1  
[2023-06-26 12:25:05] CommonModel.INFO: Query : CALL SP_OttLookUp(6, 1, 'MENUACCESSDETAILS')  
[2023-06-26 12:25:05] CommonModel.INFO: getAllListDataZeroRecords (count) : 1  
[2023-06-26 12:25:05] CommonModel.INFO: Query : CALL SP_OttLookUp(7, 1, 'MENUACCESSDETAILS')  
[2023-06-26 12:25:05] CommonModel.INFO: getAllListDataZeroRecords (count) : 1  
[2023-06-26 12:25:05] CommonRepository.INFO: ======= End Common Repository ================  
[2023-06-26 12:28:42] CommonRepository.INFO: ======= Start Common Repository ================  
[2023-06-26 12:28:42] CommonModel.INFO: Query : CALL SP_OttLookUp(0, 1, 'SIDEBARMENUPARENTALL')  
[2023-06-26 12:28:42] CommonModel.INFO: getAllListDataZeroRecords (count) : 3  
[2023-06-26 12:28:42] CommonModel.INFO: Query : CALL SP_OttLookUp(1, 1, 'MENUACCESSDETAILS')  
[2023-06-26 12:28:42] CommonModel.INFO: getAllListDataZeroRecords (count) : 1  
[2023-06-26 12:28:42] CommonModel.INFO: Query : CALL SP_OttLookUp(1, 1, 'SIDEBARSUBMENUALL')  
[2023-06-26 12:28:42] CommonModel.INFO: Query : CALL SP_OttLookUp(2, 1, 'MENUACCESSDETAILS')  
[2023-06-26 12:28:42] CommonModel.INFO: getAllListDataZeroRecords (count) : 1  
[2023-06-26 12:28:42] CommonModel.INFO: Query : CALL SP_OttLookUp(2, 1, 'SIDEBARSUBMENUALL')  
[2023-06-26 12:28:42] CommonModel.INFO: Query : CALL SP_OttLookUp(3, 1, 'MENUACCESSDETAILS')  
[2023-06-26 12:28:42] CommonModel.INFO: getAllListDataZeroRecords (count) : 1  
[2023-06-26 12:28:42] CommonModel.INFO: Query : CALL SP_OttLookUp(3, 1, 'SIDEBARSUBMENUALL')  
[2023-06-26 12:28:42] CommonModel.INFO: getAllListDataZeroRecords (count) : 4  
[2023-06-26 12:28:42] CommonModel.INFO: Query : CALL SP_OttLookUp(4, 1, 'MENUACCESSDETAILS')  
[2023-06-26 12:28:42] CommonModel.INFO: getAllListDataZeroRecords (count) : 1  
[2023-06-26 12:28:42] CommonModel.INFO: Query : CALL SP_OttLookUp(5, 1, 'MENUACCESSDETAILS')  
[2023-06-26 12:28:42] CommonModel.INFO: getAllListDataZeroRecords (count) : 1  
[2023-06-26 12:28:42] CommonModel.INFO: Query : CALL SP_OttLookUp(6, 1, 'MENUACCESSDETAILS')  
[2023-06-26 12:28:42] CommonModel.INFO: getAllListDataZeroRecords (count) : 1  
[2023-06-26 12:28:42] CommonModel.INFO: Query : CALL SP_OttLookUp(7, 1, 'MENUACCESSDETAILS')  
[2023-06-26 12:28:42] CommonModel.INFO: getAllListDataZeroRecords (count) : 1  
[2023-06-26 12:28:42] CommonRepository.INFO: ======= End Common Repository ================  
[2023-06-26 12:34:28] CommonRepository.INFO: ======= Start Common Repository ================  
[2023-06-26 12:34:28] CommonModel.INFO: Query : CALL SP_OttLookUp(0, 1, 'SIDEBARMENUPARENTALL')  
[2023-06-26 12:34:28] CommonModel.INFO: getAllListDataZeroRecords (count) : 3  
[2023-06-26 12:34:28] CommonModel.INFO: Query : CALL SP_OttLookUp(1, 1, 'MENUACCESSDETAILS')  
[2023-06-26 12:34:28] CommonModel.INFO: getAllListDataZeroRecords (count) : 1  
[2023-06-26 12:34:28] CommonModel.INFO: Query : CALL SP_OttLookUp(1, 1, 'SIDEBARSUBMENUALL')  
[2023-06-26 12:34:28] CommonModel.INFO: Query : CALL SP_OttLookUp(2, 1, 'MENUACCESSDETAILS')  
[2023-06-26 12:34:28] CommonModel.INFO: getAllListDataZeroRecords (count) : 1  
[2023-06-26 12:34:28] CommonModel.INFO: Query : CALL SP_OttLookUp(2, 1, 'SIDEBARSUBMENUALL')  
[2023-06-26 12:34:28] CommonModel.INFO: Query : CALL SP_OttLookUp(3, 1, 'MENUACCESSDETAILS')  
[2023-06-26 12:34:28] CommonModel.INFO: getAllListDataZeroRecords (count) : 1  
[2023-06-26 12:34:28] CommonModel.INFO: Query : CALL SP_OttLookUp(3, 1, 'SIDEBARSUBMENUALL')  
[2023-06-26 12:34:28] CommonModel.INFO: getAllListDataZeroRecords (count) : 4  
[2023-06-26 12:34:28] CommonModel.INFO: Query : CALL SP_OttLookUp(4, 1, 'MENUACCESSDETAILS')  
[2023-06-26 12:34:28] CommonModel.INFO: getAllListDataZeroRecords (count) : 1  
[2023-06-26 12:34:28] CommonModel.INFO: Query : CALL SP_OttLookUp(5, 1, 'MENUACCESSDETAILS')  
[2023-06-26 12:34:28] CommonModel.INFO: getAllListDataZeroRecords (count) : 1  
[2023-06-26 12:34:28] CommonModel.INFO: Query : CALL SP_OttLookUp(6, 1, 'MENUACCESSDETAILS')  
[2023-06-26 12:34:28] CommonModel.INFO: getAllListDataZeroRecords (count) : 1  
[2023-06-26 12:34:28] CommonModel.INFO: Query : CALL SP_OttLookUp(7, 1, 'MENUACCESSDETAILS')  
[2023-06-26 12:34:28] CommonModel.INFO: getAllListDataZeroRecords (count) : 1  
[2023-06-26 12:34:28] CommonRepository.INFO: ======= End Common Repository ================  
[2023-06-26 12:35:29] CommonRepository.INFO: ======= Start Common Repository ================  
[2023-06-26 12:35:29] CommonModel.INFO: Query : CALL SP_OttLookUp(0, 1, 'SIDEBARMENUPARENTALL')  
[2023-06-26 12:35:29] CommonModel.INFO: getAllListDataZeroRecords (count) : 3  
[2023-06-26 12:35:29] CommonModel.INFO: Query : CALL SP_OttLookUp(1, 1, 'MENUACCESSDETAILS')  
[2023-06-26 12:35:29] CommonModel.INFO: getAllListDataZeroRecords (count) : 1  
[2023-06-26 12:35:29] CommonModel.INFO: Query : CALL SP_OttLookUp(1, 1, 'SIDEBARSUBMENUALL')  
[2023-06-26 12:35:29] CommonModel.INFO: Query : CALL SP_OttLookUp(2, 1, 'MENUACCESSDETAILS')  
[2023-06-26 12:35:29] CommonModel.INFO: getAllListDataZeroRecords (count) : 1  
[2023-06-26 12:35:29] CommonModel.INFO: Query : CALL SP_OttLookUp(2, 1, 'SIDEBARSUBMENUALL')  
[2023-06-26 12:35:29] CommonModel.INFO: Query : CALL SP_OttLookUp(3, 1, 'MENUACCESSDETAILS')  
[2023-06-26 12:35:29] CommonModel.INFO: getAllListDataZeroRecords (count) : 1  
[2023-06-26 12:35:29] CommonModel.INFO: Query : CALL SP_OttLookUp(3, 1, 'SIDEBARSUBMENUALL')  
[2023-06-26 12:35:29] CommonModel.INFO: getAllListDataZeroRecords (count) : 4  
[2023-06-26 12:35:29] CommonModel.INFO: Query : CALL SP_OttLookUp(4, 1, 'MENUACCESSDETAILS')  
[2023-06-26 12:35:29] CommonModel.INFO: getAllListDataZeroRecords (count) : 1  
[2023-06-26 12:35:29] CommonModel.INFO: Query : CALL SP_OttLookUp(5, 1, 'MENUACCESSDETAILS')  
[2023-06-26 12:35:29] CommonModel.INFO: getAllListDataZeroRecords (count) : 1  
[2023-06-26 12:35:29] CommonModel.INFO: Query : CALL SP_OttLookUp(6, 1, 'MENUACCESSDETAILS')  
[2023-06-26 12:35:29] CommonModel.INFO: getAllListDataZeroRecords (count) : 1  
[2023-06-26 12:35:29] CommonModel.INFO: Query : CALL SP_OttLookUp(7, 1, 'MENUACCESSDETAILS')  
[2023-06-26 12:35:29] CommonModel.INFO: getAllListDataZeroRecords (count) : 1  
[2023-06-26 12:35:29] CommonRepository.INFO: ======= End Common Repository ================  
[2023-06-26 12:35:29] CommonRepository.INFO: ======= Start Common Repository ================  
[2023-06-26 12:35:29] CommonModel.INFO: Query : CALL SP_OttLookUp(0, 1, 'SIDEBARMENUPARENTALL')  
[2023-06-26 12:35:29] CommonModel.INFO: getAllListDataZeroRecords (count) : 3  
[2023-06-26 12:35:29] CommonModel.INFO: Query : CALL SP_OttLookUp(1, 1, 'MENUACCESSDETAILS')  
[2023-06-26 12:35:29] CommonModel.INFO: getAllListDataZeroRecords (count) : 1  
[2023-06-26 12:35:29] CommonModel.INFO: Query : CALL SP_OttLookUp(1, 1, 'SIDEBARSUBMENUALL')  
[2023-06-26 12:35:29] CommonModel.INFO: Query : CALL SP_OttLookUp(2, 1, 'MENUACCESSDETAILS')  
[2023-06-26 12:35:29] CommonModel.INFO: getAllListDataZeroRecords (count) : 1  
[2023-06-26 12:35:29] CommonModel.INFO: Query : CALL SP_OttLookUp(2, 1, 'SIDEBARSUBMENUALL')  
[2023-06-26 12:35:29] CommonModel.INFO: Query : CALL SP_OttLookUp(3, 1, 'MENUACCESSDETAILS')  
[2023-06-26 12:35:29] CommonModel.INFO: getAllListDataZeroRecords (count) : 1  
[2023-06-26 12:35:29] CommonModel.INFO: Query : CALL SP_OttLookUp(3, 1, 'SIDEBARSUBMENUALL')  
[2023-06-26 12:35:30] CommonModel.INFO: getAllListDataZeroRecords (count) : 4  
[2023-06-26 12:35:30] CommonModel.INFO: Query : CALL SP_OttLookUp(4, 1, 'MENUACCESSDETAILS')  
[2023-06-26 12:35:30] CommonModel.INFO: getAllListDataZeroRecords (count) : 1  
[2023-06-26 12:35:30] CommonModel.INFO: Query : CALL SP_OttLookUp(5, 1, 'MENUACCESSDETAILS')  
[2023-06-26 12:35:30] CommonModel.INFO: getAllListDataZeroRecords (count) : 1  
[2023-06-26 12:35:30] CommonModel.INFO: Query : CALL SP_OttLookUp(6, 1, 'MENUACCESSDETAILS')  
[2023-06-26 12:35:30] CommonModel.INFO: getAllListDataZeroRecords (count) : 1  
[2023-06-26 12:35:30] CommonModel.INFO: Query : CALL SP_OttLookUp(7, 1, 'MENUACCESSDETAILS')  
[2023-06-26 12:35:30] CommonModel.INFO: getAllListDataZeroRecords (count) : 1  
[2023-06-26 12:35:30] CommonRepository.INFO: ======= End Common Repository ================  
[2023-06-26 12:35:32] CommonRepository.INFO: ======= Start Common Repository ================  
[2023-06-26 12:35:32] CommonModel.INFO: Query : CALL SP_OttLookUp(0, 1, 'SIDEBARMENUPARENTALL')  
[2023-06-26 12:35:32] CommonModel.INFO: getAllListDataZeroRecords (count) : 3  
[2023-06-26 12:35:32] CommonModel.INFO: Query : CALL SP_OttLookUp(1, 1, 'MENUACCESSDETAILS')  
[2023-06-26 12:35:32] CommonModel.INFO: getAllListDataZeroRecords (count) : 1  
[2023-06-26 12:35:32] CommonModel.INFO: Query : CALL SP_OttLookUp(1, 1, 'SIDEBARSUBMENUALL')  
[2023-06-26 12:35:32] CommonModel.INFO: Query : CALL SP_OttLookUp(2, 1, 'MENUACCESSDETAILS')  
[2023-06-26 12:35:32] CommonModel.INFO: getAllListDataZeroRecords (count) : 1  
[2023-06-26 12:35:32] CommonModel.INFO: Query : CALL SP_OttLookUp(2, 1, 'SIDEBARSUBMENUALL')  
[2023-06-26 12:35:32] CommonModel.INFO: Query : CALL SP_OttLookUp(3, 1, 'MENUACCESSDETAILS')  
[2023-06-26 12:35:32] CommonModel.INFO: getAllListDataZeroRecords (count) : 1  
[2023-06-26 12:35:32] CommonModel.INFO: Query : CALL SP_OttLookUp(3, 1, 'SIDEBARSUBMENUALL')  
[2023-06-26 12:35:32] CommonModel.INFO: getAllListDataZeroRecords (count) : 4  
[2023-06-26 12:35:32] CommonModel.INFO: Query : CALL SP_OttLookUp(4, 1, 'MENUACCESSDETAILS')  
[2023-06-26 12:35:32] CommonModel.INFO: getAllListDataZeroRecords (count) : 1  
[2023-06-26 12:35:32] CommonModel.INFO: Query : CALL SP_OttLookUp(5, 1, 'MENUACCESSDETAILS')  
[2023-06-26 12:35:32] CommonModel.INFO: getAllListDataZeroRecords (count) : 1  
[2023-06-26 12:35:32] CommonModel.INFO: Query : CALL SP_OttLookUp(6, 1, 'MENUACCESSDETAILS')  
[2023-06-26 12:35:32] CommonModel.INFO: getAllListDataZeroRecords (count) : 1  
[2023-06-26 12:35:32] CommonModel.INFO: Query : CALL SP_OttLookUp(7, 1, 'MENUACCESSDETAILS')  
[2023-06-26 12:35:32] CommonModel.INFO: getAllListDataZeroRecords (count) : 1  
[2023-06-26 12:35:32] CommonRepository.INFO: ======= End Common Repository ================  
[2023-06-26 12:35:45] CommonRepository.INFO: ======= Start Common Repository ================  
[2023-06-26 12:35:45] CommonModel.INFO: Query : CALL SP_OttLookUp(0, 1, 'SIDEBARMENUPARENTALL')  
[2023-06-26 12:35:45] CommonModel.INFO: getAllListDataZeroRecords (count) : 3  
[2023-06-26 12:35:45] CommonModel.INFO: Query : CALL SP_OttLookUp(1, 1, 'MENUACCESSDETAILS')  
[2023-06-26 12:35:45] CommonModel.INFO: getAllListDataZeroRecords (count) : 1  
[2023-06-26 12:35:45] CommonModel.INFO: Query : CALL SP_OttLookUp(1, 1, 'SIDEBARSUBMENUALL')  
[2023-06-26 12:35:45] CommonModel.INFO: Query : CALL SP_OttLookUp(2, 1, 'MENUACCESSDETAILS')  
[2023-06-26 12:35:45] CommonModel.INFO: getAllListDataZeroRecords (count) : 1  
[2023-06-26 12:35:45] CommonModel.INFO: Query : CALL SP_OttLookUp(2, 1, 'SIDEBARSUBMENUALL')  
[2023-06-26 12:35:45] CommonModel.INFO: Query : CALL SP_OttLookUp(3, 1, 'MENUACCESSDETAILS')  
[2023-06-26 12:35:45] CommonModel.INFO: getAllListDataZeroRecords (count) : 1  
[2023-06-26 12:35:45] CommonModel.INFO: Query : CALL SP_OttLookUp(3, 1, 'SIDEBARSUBMENUALL')  
[2023-06-26 12:35:45] CommonModel.INFO: getAllListDataZeroRecords (count) : 4  
[2023-06-26 12:35:45] CommonModel.INFO: Query : CALL SP_OttLookUp(4, 1, 'MENUACCESSDETAILS')  
[2023-06-26 12:35:45] CommonModel.INFO: getAllListDataZeroRecords (count) : 1  
[2023-06-26 12:35:45] CommonModel.INFO: Query : CALL SP_OttLookUp(5, 1, 'MENUACCESSDETAILS')  
[2023-06-26 12:35:45] CommonModel.INFO: getAllListDataZeroRecords (count) : 1  
[2023-06-26 12:35:45] CommonModel.INFO: Query : CALL SP_OttLookUp(6, 1, 'MENUACCESSDETAILS')  
[2023-06-26 12:35:45] CommonModel.INFO: getAllListDataZeroRecords (count) : 1  
[2023-06-26 12:35:45] CommonModel.INFO: Query : CALL SP_OttLookUp(7, 1, 'MENUACCESSDETAILS')  
[2023-06-26 12:35:45] CommonModel.INFO: getAllListDataZeroRecords (count) : 1  
[2023-06-26 12:35:45] CommonRepository.INFO: ======= End Common Repository ================  
[2023-06-26 12:35:57] CommonRepository.INFO: ======= Start Common Repository ================  
[2023-06-26 12:35:57] CommonModel.INFO: Query : CALL SP_OttLookUp(0, 1, 'SIDEBARMENUPARENTALL')  
[2023-06-26 12:35:57] CommonModel.INFO: getAllListDataZeroRecords (count) : 3  
[2023-06-26 12:35:57] CommonModel.INFO: Query : CALL SP_OttLookUp(1, 1, 'MENUACCESSDETAILS')  
[2023-06-26 12:35:57] CommonModel.INFO: getAllListDataZeroRecords (count) : 1  
[2023-06-26 12:35:57] CommonModel.INFO: Query : CALL SP_OttLookUp(1, 1, 'SIDEBARSUBMENUALL')  
[2023-06-26 12:35:57] CommonModel.INFO: Query : CALL SP_OttLookUp(2, 1, 'MENUACCESSDETAILS')  
[2023-06-26 12:35:57] CommonModel.INFO: getAllListDataZeroRecords (count) : 1  
[2023-06-26 12:35:57] CommonModel.INFO: Query : CALL SP_OttLookUp(2, 1, 'SIDEBARSUBMENUALL')  
[2023-06-26 12:35:57] CommonModel.INFO: Query : CALL SP_OttLookUp(3, 1, 'MENUACCESSDETAILS')  
[2023-06-26 12:35:57] CommonModel.INFO: getAllListDataZeroRecords (count) : 1  
[2023-06-26 12:35:57] CommonModel.INFO: Query : CALL SP_OttLookUp(3, 1, 'SIDEBARSUBMENUALL')  
[2023-06-26 12:35:57] CommonModel.INFO: getAllListDataZeroRecords (count) : 4  
[2023-06-26 12:35:57] CommonModel.INFO: Query : CALL SP_OttLookUp(4, 1, 'MENUACCESSDETAILS')  
[2023-06-26 12:35:57] CommonModel.INFO: getAllListDataZeroRecords (count) : 1  
[2023-06-26 12:35:57] CommonModel.INFO: Query : CALL SP_OttLookUp(5, 1, 'MENUACCESSDETAILS')  
[2023-06-26 12:35:57] CommonModel.INFO: getAllListDataZeroRecords (count) : 1  
[2023-06-26 12:35:57] CommonModel.INFO: Query : CALL SP_OttLookUp(6, 1, 'MENUACCESSDETAILS')  
[2023-06-26 12:35:57] CommonModel.INFO: getAllListDataZeroRecords (count) : 1  
[2023-06-26 12:35:57] CommonModel.INFO: Query : CALL SP_OttLookUp(7, 1, 'MENUACCESSDETAILS')  
[2023-06-26 12:35:57] CommonModel.INFO: getAllListDataZeroRecords (count) : 1  
[2023-06-26 12:35:57] CommonRepository.INFO: ======= End Common Repository ================  
[2023-06-26 12:36:08] CommonRepository.INFO: ======= Start Common Repository ================  
[2023-06-26 12:36:08] CommonModel.INFO: Query : CALL SP_OttLookUp(0, 1, 'SIDEBARMENUPARENTALL')  
[2023-06-26 12:36:08] CommonModel.INFO: getAllListDataZeroRecords (count) : 3  
[2023-06-26 12:36:08] CommonModel.INFO: Query : CALL SP_OttLookUp(1, 1, 'MENUACCESSDETAILS')  
[2023-06-26 12:36:08] CommonModel.INFO: getAllListDataZeroRecords (count) : 1  
[2023-06-26 12:36:08] CommonModel.INFO: Query : CALL SP_OttLookUp(1, 1, 'SIDEBARSUBMENUALL')  
[2023-06-26 12:36:08] CommonModel.INFO: Query : CALL SP_OttLookUp(2, 1, 'MENUACCESSDETAILS')  
[2023-06-26 12:36:08] CommonModel.INFO: getAllListDataZeroRecords (count) : 1  
[2023-06-26 12:36:08] CommonModel.INFO: Query : CALL SP_OttLookUp(2, 1, 'SIDEBARSUBMENUALL')  
[2023-06-26 12:36:08] CommonModel.INFO: Query : CALL SP_OttLookUp(3, 1, 'MENUACCESSDETAILS')  
[2023-06-26 12:36:08] CommonModel.INFO: getAllListDataZeroRecords (count) : 1  
[2023-06-26 12:36:08] CommonModel.INFO: Query : CALL SP_OttLookUp(3, 1, 'SIDEBARSUBMENUALL')  
[2023-06-26 12:36:08] CommonModel.INFO: getAllListDataZeroRecords (count) : 4  
[2023-06-26 12:36:08] CommonModel.INFO: Query : CALL SP_OttLookUp(4, 1, 'MENUACCESSDETAILS')  
[2023-06-26 12:36:08] CommonModel.INFO: getAllListDataZeroRecords (count) : 1  
[2023-06-26 12:36:08] CommonModel.INFO: Query : CALL SP_OttLookUp(5, 1, 'MENUACCESSDETAILS')  
[2023-06-26 12:36:08] CommonModel.INFO: getAllListDataZeroRecords (count) : 1  
[2023-06-26 12:36:08] CommonModel.INFO: Query : CALL SP_OttLookUp(6, 1, 'MENUACCESSDETAILS')  
[2023-06-26 12:36:08] CommonModel.INFO: getAllListDataZeroRecords (count) : 1  
[2023-06-26 12:36:08] CommonModel.INFO: Query : CALL SP_OttLookUp(7, 1, 'MENUACCESSDETAILS')  
[2023-06-26 12:36:08] CommonModel.INFO: getAllListDataZeroRecords (count) : 1  
[2023-06-26 12:36:08] CommonRepository.INFO: ======= End Common Repository ================  
[2023-06-26 12:36:09] CommonRepository.INFO: ======= Start Common Repository ================  
[2023-06-26 12:36:09] CommonModel.INFO: Query : CALL SP_OttLookUp(0, 1, 'SIDEBARMENUPARENTALL')  
[2023-06-26 12:36:09] CommonModel.INFO: getAllListDataZeroRecords (count) : 3  
[2023-06-26 12:36:09] CommonModel.INFO: Query : CALL SP_OttLookUp(1, 1, 'MENUACCESSDETAILS')  
[2023-06-26 12:36:09] CommonModel.INFO: getAllListDataZeroRecords (count) : 1  
[2023-06-26 12:36:09] CommonModel.INFO: Query : CALL SP_OttLookUp(1, 1, 'SIDEBARSUBMENUALL')  
[2023-06-26 12:36:09] CommonModel.INFO: Query : CALL SP_OttLookUp(2, 1, 'MENUACCESSDETAILS')  
[2023-06-26 12:36:09] CommonModel.INFO: getAllListDataZeroRecords (count) : 1  
[2023-06-26 12:36:09] CommonModel.INFO: Query : CALL SP_OttLookUp(2, 1, 'SIDEBARSUBMENUALL')  
[2023-06-26 12:36:09] CommonModel.INFO: Query : CALL SP_OttLookUp(3, 1, 'MENUACCESSDETAILS')  
[2023-06-26 12:36:09] CommonModel.INFO: getAllListDataZeroRecords (count) : 1  
[2023-06-26 12:36:09] CommonModel.INFO: Query : CALL SP_OttLookUp(3, 1, 'SIDEBARSUBMENUALL')  
[2023-06-26 12:36:09] CommonModel.INFO: getAllListDataZeroRecords (count) : 4  
[2023-06-26 12:36:09] CommonModel.INFO: Query : CALL SP_OttLookUp(4, 1, 'MENUACCESSDETAILS')  
[2023-06-26 12:36:09] CommonModel.INFO: getAllListDataZeroRecords (count) : 1  
[2023-06-26 12:36:09] CommonModel.INFO: Query : CALL SP_OttLookUp(5, 1, 'MENUACCESSDETAILS')  
[2023-06-26 12:36:09] CommonModel.INFO: getAllListDataZeroRecords (count) : 1  
[2023-06-26 12:36:09] CommonModel.INFO: Query : CALL SP_OttLookUp(6, 1, 'MENUACCESSDETAILS')  
[2023-06-26 12:36:09] CommonModel.INFO: getAllListDataZeroRecords (count) : 1  
[2023-06-26 12:36:09] CommonModel.INFO: Query : CALL SP_OttLookUp(7, 1, 'MENUACCESSDETAILS')  
[2023-06-26 12:36:09] CommonModel.INFO: getAllListDataZeroRecords (count) : 1  
[2023-06-26 12:36:09] CommonRepository.INFO: ======= End Common Repository ================  
[2023-06-26 12:36:42] CommonRepository.INFO: ======= Start Common Repository ================  
[2023-06-26 12:36:42] CommonModel.INFO: Query : CALL SP_OttLookUp(0, 1, 'SIDEBARMENUPARENTALL')  
[2023-06-26 12:36:42] CommonModel.INFO: getAllListDataZeroRecords (count) : 3  
[2023-06-26 12:36:42] CommonModel.INFO: Query : CALL SP_OttLookUp(1, 1, 'MENUACCESSDETAILS')  
[2023-06-26 12:36:42] CommonModel.INFO: getAllListDataZeroRecords (count) : 1  
[2023-06-26 12:36:42] CommonModel.INFO: Query : CALL SP_OttLookUp(1, 1, 'SIDEBARSUBMENUALL')  
[2023-06-26 12:36:42] CommonModel.INFO: Query : CALL SP_OttLookUp(2, 1, 'MENUACCESSDETAILS')  
[2023-06-26 12:36:42] CommonModel.INFO: getAllListDataZeroRecords (count) : 1  
[2023-06-26 12:36:42] CommonModel.INFO: Query : CALL SP_OttLookUp(2, 1, 'SIDEBARSUBMENUALL')  
[2023-06-26 12:36:42] CommonModel.INFO: Query : CALL SP_OttLookUp(3, 1, 'MENUACCESSDETAILS')  
[2023-06-26 12:36:42] CommonModel.INFO: getAllListDataZeroRecords (count) : 1  
[2023-06-26 12:36:42] CommonModel.INFO: Query : CALL SP_OttLookUp(3, 1, 'SIDEBARSUBMENUALL')  
[2023-06-26 12:36:42] CommonModel.INFO: getAllListDataZeroRecords (count) : 4  
[2023-06-26 12:36:42] CommonModel.INFO: Query : CALL SP_OttLookUp(4, 1, 'MENUACCESSDETAILS')  
[2023-06-26 12:36:42] CommonModel.INFO: getAllListDataZeroRecords (count) : 1  
[2023-06-26 12:36:42] CommonModel.INFO: Query : CALL SP_OttLookUp(5, 1, 'MENUACCESSDETAILS')  
[2023-06-26 12:36:42] CommonModel.INFO: getAllListDataZeroRecords (count) : 1  
[2023-06-26 12:36:42] CommonModel.INFO: Query : CALL SP_OttLookUp(6, 1, 'MENUACCESSDETAILS')  
[2023-06-26 12:36:42] CommonModel.INFO: getAllListDataZeroRecords (count) : 1  
[2023-06-26 12:36:42] CommonModel.INFO: Query : CALL SP_OttLookUp(7, 1, 'MENUACCESSDETAILS')  
[2023-06-26 12:36:42] CommonModel.INFO: getAllListDataZeroRecords (count) : 1  
[2023-06-26 12:36:42] CommonRepository.INFO: ======= End Common Repository ================  
[2023-06-26 12:38:07] CommonRepository.INFO: ======= Start Common Repository ================  
[2023-06-26 12:38:07] CommonModel.INFO: Query : CALL SP_OttLookUp(0, 1, 'SIDEBARMENUPARENTALL')  
[2023-06-26 12:38:07] CommonModel.INFO: getAllListDataZeroRecords (count) : 3  
[2023-06-26 12:38:07] CommonModel.INFO: Query : CALL SP_OttLookUp(1, 1, 'MENUACCESSDETAILS')  
[2023-06-26 12:38:07] CommonModel.INFO: getAllListDataZeroRecords (count) : 1  
[2023-06-26 12:38:07] CommonModel.INFO: Query : CALL SP_OttLookUp(1, 1, 'SIDEBARSUBMENUALL')  
[2023-06-26 12:38:07] CommonModel.INFO: Query : CALL SP_OttLookUp(2, 1, 'MENUACCESSDETAILS')  
[2023-06-26 12:38:07] CommonModel.INFO: getAllListDataZeroRecords (count) : 1  
[2023-06-26 12:38:07] CommonModel.INFO: Query : CALL SP_OttLookUp(2, 1, 'SIDEBARSUBMENUALL')  
[2023-06-26 12:38:07] CommonModel.INFO: Query : CALL SP_OttLookUp(3, 1, 'MENUACCESSDETAILS')  
[2023-06-26 12:38:07] CommonModel.INFO: getAllListDataZeroRecords (count) : 1  
[2023-06-26 12:38:07] CommonModel.INFO: Query : CALL SP_OttLookUp(3, 1, 'SIDEBARSUBMENUALL')  
[2023-06-26 12:38:07] CommonModel.INFO: getAllListDataZeroRecords (count) : 4  
[2023-06-26 12:38:07] CommonModel.INFO: Query : CALL SP_OttLookUp(4, 1, 'MENUACCESSDETAILS')  
[2023-06-26 12:38:07] CommonModel.INFO: getAllListDataZeroRecords (count) : 1  
[2023-06-26 12:38:07] CommonModel.INFO: Query : CALL SP_OttLookUp(5, 1, 'MENUACCESSDETAILS')  
[2023-06-26 12:38:07] CommonModel.INFO: getAllListDataZeroRecords (count) : 1  
[2023-06-26 12:38:07] CommonModel.INFO: Query : CALL SP_OttLookUp(6, 1, 'MENUACCESSDETAILS')  
[2023-06-26 12:38:07] CommonModel.INFO: getAllListDataZeroRecords (count) : 1  
[2023-06-26 12:38:07] CommonModel.INFO: Query : CALL SP_OttLookUp(7, 1, 'MENUACCESSDETAILS')  
[2023-06-26 12:38:07] CommonModel.INFO: getAllListDataZeroRecords (count) : 1  
[2023-06-26 12:38:07] CommonRepository.INFO: ======= End Common Repository ================  
[2023-06-26 12:41:36] CommonRepository.INFO: ======= Start Common Repository ================  
[2023-06-26 12:41:36] CommonModel.INFO: Query : CALL SP_OttLookUp(0, 1, 'SIDEBARMENUPARENTALL')  
[2023-06-26 12:41:36] CommonModel.INFO: getAllListDataZeroRecords (count) : 3  
[2023-06-26 12:41:36] CommonModel.INFO: Query : CALL SP_OttLookUp(1, 1, 'MENUACCESSDETAILS')  
[2023-06-26 12:41:36] CommonModel.INFO: getAllListDataZeroRecords (count) : 1  
[2023-06-26 12:41:36] CommonModel.INFO: Query : CALL SP_OttLookUp(1, 1, 'SIDEBARSUBMENUALL')  
[2023-06-26 12:41:36] CommonModel.INFO: Query : CALL SP_OttLookUp(2, 1, 'MENUACCESSDETAILS')  
[2023-06-26 12:41:36] CommonModel.INFO: getAllListDataZeroRecords (count) : 1  
[2023-06-26 12:41:36] CommonModel.INFO: Query : CALL SP_OttLookUp(2, 1, 'SIDEBARSUBMENUALL')  
[2023-06-26 12:41:36] CommonModel.INFO: Query : CALL SP_OttLookUp(3, 1, 'MENUACCESSDETAILS')  
[2023-06-26 12:41:36] CommonModel.INFO: getAllListDataZeroRecords (count) : 1  
[2023-06-26 12:41:36] CommonModel.INFO: Query : CALL SP_OttLookUp(3, 1, 'SIDEBARSUBMENUALL')  
[2023-06-26 12:41:36] CommonModel.INFO: getAllListDataZeroRecords (count) : 4  
[2023-06-26 12:41:36] CommonModel.INFO: Query : CALL SP_OttLookUp(4, 1, 'MENUACCESSDETAILS')  
[2023-06-26 12:41:36] CommonModel.INFO: getAllListDataZeroRecords (count) : 1  
[2023-06-26 12:41:36] CommonModel.INFO: Query : CALL SP_OttLookUp(5, 1, 'MENUACCESSDETAILS')  
[2023-06-26 12:41:36] CommonModel.INFO: getAllListDataZeroRecords (count) : 1  
[2023-06-26 12:41:36] CommonModel.INFO: Query : CALL SP_OttLookUp(6, 1, 'MENUACCESSDETAILS')  
[2023-06-26 12:41:36] CommonModel.INFO: getAllListDataZeroRecords (count) : 1  
[2023-06-26 12:41:36] CommonModel.INFO: Query : CALL SP_OttLookUp(7, 1, 'MENUACCESSDETAILS')  
[2023-06-26 12:41:36] CommonModel.INFO: getAllListDataZeroRecords (count) : 1  
[2023-06-26 12:41:36] CommonRepository.INFO: ======= End Common Repository ================  
[2023-06-26 12:42:02] CommonRepository.INFO: ======= Start Common Repository ================  
[2023-06-26 12:42:02] CommonModel.INFO: Query : CALL SP_OttLookUp(0, 1, 'SIDEBARMENUPARENTALL')  
[2023-06-26 12:42:02] CommonModel.INFO: getAllListDataZeroRecords (count) : 3  
[2023-06-26 12:42:02] CommonModel.INFO: Query : CALL SP_OttLookUp(1, 1, 'MENUACCESSDETAILS')  
[2023-06-26 12:42:02] CommonModel.INFO: getAllListDataZeroRecords (count) : 1  
[2023-06-26 12:42:02] CommonModel.INFO: Query : CALL SP_OttLookUp(1, 1, 'SIDEBARSUBMENUALL')  
[2023-06-26 12:42:02] CommonModel.INFO: Query : CALL SP_OttLookUp(2, 1, 'MENUACCESSDETAILS')  
[2023-06-26 12:42:02] CommonModel.INFO: getAllListDataZeroRecords (count) : 1  
[2023-06-26 12:42:02] CommonModel.INFO: Query : CALL SP_OttLookUp(2, 1, 'SIDEBARSUBMENUALL')  
[2023-06-26 12:42:02] CommonModel.INFO: Query : CALL SP_OttLookUp(3, 1, 'MENUACCESSDETAILS')  
[2023-06-26 12:42:02] CommonModel.INFO: getAllListDataZeroRecords (count) : 1  
[2023-06-26 12:42:02] CommonModel.INFO: Query : CALL SP_OttLookUp(3, 1, 'SIDEBARSUBMENUALL')  
[2023-06-26 12:42:02] CommonModel.INFO: getAllListDataZeroRecords (count) : 4  
[2023-06-26 12:42:02] CommonModel.INFO: Query : CALL SP_OttLookUp(4, 1, 'MENUACCESSDETAILS')  
[2023-06-26 12:42:02] CommonModel.INFO: getAllListDataZeroRecords (count) : 1  
[2023-06-26 12:42:02] CommonModel.INFO: Query : CALL SP_OttLookUp(5, 1, 'MENUACCESSDETAILS')  
[2023-06-26 12:42:02] CommonModel.INFO: getAllListDataZeroRecords (count) : 1  
[2023-06-26 12:42:02] CommonModel.INFO: Query : CALL SP_OttLookUp(6, 1, 'MENUACCESSDETAILS')  
[2023-06-26 12:42:02] CommonModel.INFO: getAllListDataZeroRecords (count) : 1  
[2023-06-26 12:42:02] CommonModel.INFO: Query : CALL SP_OttLookUp(7, 1, 'MENUACCESSDETAILS')  
[2023-06-26 12:42:02] CommonModel.INFO: getAllListDataZeroRecords (count) : 1  
[2023-06-26 12:42:02] CommonRepository.INFO: ======= End Common Repository ================  
[2023-06-26 12:44:05] CommonRepository.INFO: ======= Start Common Repository ================  
[2023-06-26 12:44:05] CommonModel.INFO: Query : CALL SP_OttLookUp(0, 1, 'SIDEBARMENUPARENTALL')  
[2023-06-26 12:44:05] CommonModel.INFO: getAllListDataZeroRecords (count) : 3  
[2023-06-26 12:44:05] CommonModel.INFO: Query : CALL SP_OttLookUp(1, 1, 'MENUACCESSDETAILS')  
[2023-06-26 12:44:05] CommonModel.INFO: getAllListDataZeroRecords (count) : 1  
[2023-06-26 12:44:05] CommonModel.INFO: Query : CALL SP_OttLookUp(1, 1, 'SIDEBARSUBMENUALL')  
[2023-06-26 12:44:05] CommonModel.INFO: Query : CALL SP_OttLookUp(2, 1, 'MENUACCESSDETAILS')  
[2023-06-26 12:44:05] CommonModel.INFO: getAllListDataZeroRecords (count) : 1  
[2023-06-26 12:44:05] CommonModel.INFO: Query : CALL SP_OttLookUp(2, 1, 'SIDEBARSUBMENUALL')  
[2023-06-26 12:44:05] CommonModel.INFO: Query : CALL SP_OttLookUp(3, 1, 'MENUACCESSDETAILS')  
[2023-06-26 12:44:05] CommonModel.INFO: getAllListDataZeroRecords (count) : 1  
[2023-06-26 12:44:05] CommonModel.INFO: Query : CALL SP_OttLookUp(3, 1, 'SIDEBARSUBMENUALL')  
[2023-06-26 12:44:05] CommonModel.INFO: getAllListDataZeroRecords (count) : 4  
[2023-06-26 12:44:05] CommonModel.INFO: Query : CALL SP_OttLookUp(4, 1, 'MENUACCESSDETAILS')  
[2023-06-26 12:44:05] CommonModel.INFO: getAllListDataZeroRecords (count) : 1  
[2023-06-26 12:44:05] CommonModel.INFO: Query : CALL SP_OttLookUp(5, 1, 'MENUACCESSDETAILS')  
[2023-06-26 12:44:05] CommonModel.INFO: getAllListDataZeroRecords (count) : 1  
[2023-06-26 12:44:05] CommonModel.INFO: Query : CALL SP_OttLookUp(6, 1, 'MENUACCESSDETAILS')  
[2023-06-26 12:44:05] CommonModel.INFO: getAllListDataZeroRecords (count) : 1  
[2023-06-26 12:44:05] CommonModel.INFO: Query : CALL SP_OttLookUp(7, 1, 'MENUACCESSDETAILS')  
[2023-06-26 12:44:05] CommonModel.INFO: getAllListDataZeroRecords (count) : 1  
[2023-06-26 12:44:05] CommonRepository.INFO: ======= End Common Repository ================  
[2023-06-26 12:44:05] CommonRepository.INFO: ======= Start Common Repository ================  
[2023-06-26 12:44:05] CommonModel.INFO: Query : CALL SP_OttLookUp(0, 1, 'SIDEBARMENUPARENTALL')  
[2023-06-26 12:44:05] CommonModel.INFO: getAllListDataZeroRecords (count) : 3  
[2023-06-26 12:44:05] CommonModel.INFO: Query : CALL SP_OttLookUp(1, 1, 'MENUACCESSDETAILS')  
[2023-06-26 12:44:05] CommonModel.INFO: getAllListDataZeroRecords (count) : 1  
[2023-06-26 12:44:05] CommonModel.INFO: Query : CALL SP_OttLookUp(1, 1, 'SIDEBARSUBMENUALL')  
[2023-06-26 12:44:05] CommonModel.INFO: Query : CALL SP_OttLookUp(2, 1, 'MENUACCESSDETAILS')  
[2023-06-26 12:44:05] CommonModel.INFO: getAllListDataZeroRecords (count) : 1  
[2023-06-26 12:44:05] CommonModel.INFO: Query : CALL SP_OttLookUp(2, 1, 'SIDEBARSUBMENUALL')  
[2023-06-26 12:44:05] CommonModel.INFO: Query : CALL SP_OttLookUp(3, 1, 'MENUACCESSDETAILS')  
[2023-06-26 12:44:05] CommonModel.INFO: getAllListDataZeroRecords (count) : 1  
[2023-06-26 12:44:05] CommonModel.INFO: Query : CALL SP_OttLookUp(3, 1, 'SIDEBARSUBMENUALL')  
[2023-06-26 12:44:05] CommonModel.INFO: getAllListDataZeroRecords (count) : 4  
[2023-06-26 12:44:05] CommonModel.INFO: Query : CALL SP_OttLookUp(4, 1, 'MENUACCESSDETAILS')  
[2023-06-26 12:44:05] CommonModel.INFO: getAllListDataZeroRecords (count) : 1  
[2023-06-26 12:44:05] CommonModel.INFO: Query : CALL SP_OttLookUp(5, 1, 'MENUACCESSDETAILS')  
[2023-06-26 12:44:05] CommonModel.INFO: getAllListDataZeroRecords (count) : 1  
[2023-06-26 12:44:05] CommonModel.INFO: Query : CALL SP_OttLookUp(6, 1, 'MENUACCESSDETAILS')  
[2023-06-26 12:44:05] CommonModel.INFO: getAllListDataZeroRecords (count) : 1  
[2023-06-26 12:44:05] CommonModel.INFO: Query : CALL SP_OttLookUp(7, 1, 'MENUACCESSDETAILS')  
[2023-06-26 12:44:05] CommonModel.INFO: getAllListDataZeroRecords (count) : 1  
[2023-06-26 12:44:05] CommonRepository.INFO: ======= End Common Repository ================  
[2023-06-26 12:44:10] CommonRepository.INFO: ======= Start Common Repository ================  
[2023-06-26 12:44:10] CommonModel.INFO: Query : CALL SP_OttLookUp(0, 1, 'SIDEBARMENUPARENTALL')  
[2023-06-26 12:44:10] CommonModel.INFO: getAllListDataZeroRecords (count) : 3  
[2023-06-26 12:44:10] CommonModel.INFO: Query : CALL SP_OttLookUp(1, 1, 'MENUACCESSDETAILS')  
[2023-06-26 12:44:10] CommonModel.INFO: getAllListDataZeroRecords (count) : 1  
[2023-06-26 12:44:10] CommonModel.INFO: Query : CALL SP_OttLookUp(1, 1, 'SIDEBARSUBMENUALL')  
[2023-06-26 12:44:10] CommonModel.INFO: Query : CALL SP_OttLookUp(2, 1, 'MENUACCESSDETAILS')  
[2023-06-26 12:44:10] CommonModel.INFO: getAllListDataZeroRecords (count) : 1  
[2023-06-26 12:44:10] CommonModel.INFO: Query : CALL SP_OttLookUp(2, 1, 'SIDEBARSUBMENUALL')  
[2023-06-26 12:44:10] CommonModel.INFO: Query : CALL SP_OttLookUp(3, 1, 'MENUACCESSDETAILS')  
[2023-06-26 12:44:10] CommonModel.INFO: getAllListDataZeroRecords (count) : 1  
[2023-06-26 12:44:10] CommonModel.INFO: Query : CALL SP_OttLookUp(3, 1, 'SIDEBARSUBMENUALL')  
[2023-06-26 12:44:10] CommonModel.INFO: getAllListDataZeroRecords (count) : 4  
[2023-06-26 12:44:10] CommonModel.INFO: Query : CALL SP_OttLookUp(4, 1, 'MENUACCESSDETAILS')  
[2023-06-26 12:44:10] CommonModel.INFO: getAllListDataZeroRecords (count) : 1  
[2023-06-26 12:44:10] CommonModel.INFO: Query : CALL SP_OttLookUp(5, 1, 'MENUACCESSDETAILS')  
[2023-06-26 12:44:10] CommonModel.INFO: getAllListDataZeroRecords (count) : 1  
[2023-06-26 12:44:10] CommonModel.INFO: Query : CALL SP_OttLookUp(6, 1, 'MENUACCESSDETAILS')  
[2023-06-26 12:44:10] CommonModel.INFO: getAllListDataZeroRecords (count) : 1  
[2023-06-26 12:44:10] CommonModel.INFO: Query : CALL SP_OttLookUp(7, 1, 'MENUACCESSDETAILS')  
[2023-06-26 12:44:10] CommonModel.INFO: getAllListDataZeroRecords (count) : 1  
[2023-06-26 12:44:10] CommonRepository.INFO: ======= End Common Repository ================  
[2023-06-26 12:45:19] CommonRepository.INFO: ======= Start Common Repository ================  
[2023-06-26 12:45:19] CommonModel.INFO: Query : CALL SP_OttLookUp(0, 1, 'SIDEBARMENUPARENTALL')  
[2023-06-26 12:45:19] CommonModel.INFO: getAllListDataZeroRecords (count) : 3  
[2023-06-26 12:45:19] CommonModel.INFO: Query : CALL SP_OttLookUp(1, 1, 'MENUACCESSDETAILS')  
[2023-06-26 12:45:19] CommonModel.INFO: getAllListDataZeroRecords (count) : 1  
[2023-06-26 12:45:19] CommonModel.INFO: Query : CALL SP_OttLookUp(1, 1, 'SIDEBARSUBMENUALL')  
[2023-06-26 12:45:19] CommonModel.INFO: Query : CALL SP_OttLookUp(2, 1, 'MENUACCESSDETAILS')  
[2023-06-26 12:45:19] CommonModel.INFO: getAllListDataZeroRecords (count) : 1  
[2023-06-26 12:45:19] CommonModel.INFO: Query : CALL SP_OttLookUp(2, 1, 'SIDEBARSUBMENUALL')  
[2023-06-26 12:45:19] CommonModel.INFO: Query : CALL SP_OttLookUp(3, 1, 'MENUACCESSDETAILS')  
[2023-06-26 12:45:19] CommonModel.INFO: getAllListDataZeroRecords (count) : 1  
[2023-06-26 12:45:19] CommonModel.INFO: Query : CALL SP_OttLookUp(3, 1, 'SIDEBARSUBMENUALL')  
[2023-06-26 12:45:19] CommonModel.INFO: getAllListDataZeroRecords (count) : 4  
[2023-06-26 12:45:19] CommonModel.INFO: Query : CALL SP_OttLookUp(4, 1, 'MENUACCESSDETAILS')  
[2023-06-26 12:45:19] CommonModel.INFO: getAllListDataZeroRecords (count) : 1  
[2023-06-26 12:45:19] CommonModel.INFO: Query : CALL SP_OttLookUp(5, 1, 'MENUACCESSDETAILS')  
[2023-06-26 12:45:19] CommonModel.INFO: getAllListDataZeroRecords (count) : 1  
[2023-06-26 12:45:19] CommonModel.INFO: Query : CALL SP_OttLookUp(6, 1, 'MENUACCESSDETAILS')  
[2023-06-26 12:45:19] CommonModel.INFO: getAllListDataZeroRecords (count) : 1  
[2023-06-26 12:45:19] CommonModel.INFO: Query : CALL SP_OttLookUp(7, 1, 'MENUACCESSDETAILS')  
[2023-06-26 12:45:19] CommonModel.INFO: getAllListDataZeroRecords (count) : 1  
[2023-06-26 12:45:19] CommonRepository.INFO: ======= End Common Repository ================  
[2023-06-26 12:48:39] CommonRepository.INFO: ======= Start Common Repository ================  
[2023-06-26 12:48:39] CommonModel.INFO: Query : CALL SP_OttLookUp(0, 1, 'SIDEBARMENUPARENTALL')  
[2023-06-26 12:48:39] CommonModel.INFO: getAllListDataZeroRecords (count) : 3  
[2023-06-26 12:48:39] CommonModel.INFO: Query : CALL SP_OttLookUp(1, 1, 'MENUACCESSDETAILS')  
[2023-06-26 12:48:39] CommonModel.INFO: getAllListDataZeroRecords (count) : 1  
[2023-06-26 12:48:39] CommonModel.INFO: Query : CALL SP_OttLookUp(1, 1, 'SIDEBARSUBMENUALL')  
[2023-06-26 12:48:39] CommonModel.INFO: Query : CALL SP_OttLookUp(2, 1, 'MENUACCESSDETAILS')  
[2023-06-26 12:48:39] CommonModel.INFO: getAllListDataZeroRecords (count) : 1  
[2023-06-26 12:48:39] CommonModel.INFO: Query : CALL SP_OttLookUp(2, 1, 'SIDEBARSUBMENUALL')  
[2023-06-26 12:48:39] CommonModel.INFO: Query : CALL SP_OttLookUp(3, 1, 'MENUACCESSDETAILS')  
[2023-06-26 12:48:39] CommonModel.INFO: getAllListDataZeroRecords (count) : 1  
[2023-06-26 12:48:39] CommonModel.INFO: Query : CALL SP_OttLookUp(3, 1, 'SIDEBARSUBMENUALL')  
[2023-06-26 12:48:39] CommonModel.INFO: getAllListDataZeroRecords (count) : 4  
[2023-06-26 12:48:39] CommonModel.INFO: Query : CALL SP_OttLookUp(4, 1, 'MENUACCESSDETAILS')  
[2023-06-26 12:48:39] CommonModel.INFO: getAllListDataZeroRecords (count) : 1  
[2023-06-26 12:48:39] CommonModel.INFO: Query : CALL SP_OttLookUp(5, 1, 'MENUACCESSDETAILS')  
[2023-06-26 12:48:39] CommonModel.INFO: getAllListDataZeroRecords (count) : 1  
[2023-06-26 12:48:39] CommonModel.INFO: Query : CALL SP_OttLookUp(6, 1, 'MENUACCESSDETAILS')  
[2023-06-26 12:48:39] CommonModel.INFO: getAllListDataZeroRecords (count) : 1  
[2023-06-26 12:48:39] CommonModel.INFO: Query : CALL SP_OttLookUp(7, 1, 'MENUACCESSDETAILS')  
[2023-06-26 12:48:39] CommonModel.INFO: getAllListDataZeroRecords (count) : 1  
[2023-06-26 12:48:39] CommonRepository.INFO: ======= End Common Repository ================  
[2023-06-26 12:49:38] CommonRepository.INFO: ======= Start Common Repository ================  
[2023-06-26 12:49:38] CommonModel.INFO: Query : CALL SP_OttLookUp(0, 1, 'SIDEBARMENUPARENTALL')  
[2023-06-26 12:49:38] CommonModel.INFO: getAllListDataZeroRecords (count) : 3  
[2023-06-26 12:49:38] CommonModel.INFO: Query : CALL SP_OttLookUp(1, 1, 'MENUACCESSDETAILS')  
[2023-06-26 12:49:38] CommonModel.INFO: getAllListDataZeroRecords (count) : 1  
[2023-06-26 12:49:38] CommonModel.INFO: Query : CALL SP_OttLookUp(1, 1, 'SIDEBARSUBMENUALL')  
[2023-06-26 12:49:38] CommonModel.INFO: Query : CALL SP_OttLookUp(2, 1, 'MENUACCESSDETAILS')  
[2023-06-26 12:49:38] CommonModel.INFO: getAllListDataZeroRecords (count) : 1  
[2023-06-26 12:49:38] CommonModel.INFO: Query : CALL SP_OttLookUp(2, 1, 'SIDEBARSUBMENUALL')  
[2023-06-26 12:49:38] CommonModel.INFO: Query : CALL SP_OttLookUp(3, 1, 'MENUACCESSDETAILS')  
[2023-06-26 12:49:38] CommonModel.INFO: getAllListDataZeroRecords (count) : 1  
[2023-06-26 12:49:38] CommonModel.INFO: Query : CALL SP_OttLookUp(3, 1, 'SIDEBARSUBMENUALL')  
[2023-06-26 12:49:38] CommonModel.INFO: getAllListDataZeroRecords (count) : 4  
[2023-06-26 12:49:38] CommonModel.INFO: Query : CALL SP_OttLookUp(4, 1, 'MENUACCESSDETAILS')  
[2023-06-26 12:49:38] CommonModel.INFO: getAllListDataZeroRecords (count) : 1  
[2023-06-26 12:49:38] CommonModel.INFO: Query : CALL SP_OttLookUp(5, 1, 'MENUACCESSDETAILS')  
[2023-06-26 12:49:38] CommonModel.INFO: getAllListDataZeroRecords (count) : 1  
[2023-06-26 12:49:38] CommonModel.INFO: Query : CALL SP_OttLookUp(6, 1, 'MENUACCESSDETAILS')  
[2023-06-26 12:49:38] CommonModel.INFO: getAllListDataZeroRecords (count) : 1  
[2023-06-26 12:49:38] CommonModel.INFO: Query : CALL SP_OttLookUp(7, 1, 'MENUACCESSDETAILS')  
[2023-06-26 12:49:38] CommonModel.INFO: getAllListDataZeroRecords (count) : 1  
[2023-06-26 12:49:38] CommonRepository.INFO: ======= End Common Repository ================  
[2023-06-26 13:00:14] CommonRepository.INFO: ======= Start Common Repository ================  
[2023-06-26 13:00:14] CommonModel.INFO: Query : CALL SP_OttLookUp(0, 1, 'SIDEBARMENUPARENTALL')  
[2023-06-26 13:00:14] CommonModel.INFO: getAllListDataZeroRecords (count) : 3  
[2023-06-26 13:00:14] CommonModel.INFO: Query : CALL SP_OttLookUp(1, 1, 'MENUACCESSDETAILS')  
[2023-06-26 13:00:14] CommonModel.INFO: getAllListDataZeroRecords (count) : 1  
[2023-06-26 13:00:14] CommonModel.INFO: Query : CALL SP_OttLookUp(1, 1, 'SIDEBARSUBMENUALL')  
[2023-06-26 13:00:14] CommonModel.INFO: Query : CALL SP_OttLookUp(2, 1, 'MENUACCESSDETAILS')  
[2023-06-26 13:00:14] CommonModel.INFO: getAllListDataZeroRecords (count) : 1  
[2023-06-26 13:00:14] CommonModel.INFO: Query : CALL SP_OttLookUp(2, 1, 'SIDEBARSUBMENUALL')  
[2023-06-26 13:00:14] CommonModel.INFO: Query : CALL SP_OttLookUp(3, 1, 'MENUACCESSDETAILS')  
[2023-06-26 13:00:14] CommonModel.INFO: getAllListDataZeroRecords (count) : 1  
[2023-06-26 13:00:14] CommonModel.INFO: Query : CALL SP_OttLookUp(3, 1, 'SIDEBARSUBMENUALL')  
[2023-06-26 13:00:14] CommonModel.INFO: getAllListDataZeroRecords (count) : 4  
[2023-06-26 13:00:14] CommonModel.INFO: Query : CALL SP_OttLookUp(4, 1, 'MENUACCESSDETAILS')  
[2023-06-26 13:00:14] CommonModel.INFO: getAllListDataZeroRecords (count) : 1  
[2023-06-26 13:00:14] CommonModel.INFO: Query : CALL SP_OttLookUp(5, 1, 'MENUACCESSDETAILS')  
[2023-06-26 13:00:14] CommonModel.INFO: getAllListDataZeroRecords (count) : 1  
[2023-06-26 13:00:14] CommonModel.INFO: Query : CALL SP_OttLookUp(6, 1, 'MENUACCESSDETAILS')  
[2023-06-26 13:00:14] CommonModel.INFO: getAllListDataZeroRecords (count) : 1  
[2023-06-26 13:00:14] CommonModel.INFO: Query : CALL SP_OttLookUp(7, 1, 'MENUACCESSDETAILS')  
[2023-06-26 13:00:14] CommonModel.INFO: getAllListDataZeroRecords (count) : 1  
[2023-06-26 13:00:14] CommonRepository.INFO: ======= End Common Repository ================  
[2023-06-26 13:01:18] CommonRepository.INFO: ======= Start Common Repository ================  
[2023-06-26 13:01:18] CommonModel.INFO: Query : CALL SP_OttLookUp(0, 1, 'SIDEBARMENUPARENTALL')  
[2023-06-26 13:01:18] CommonModel.INFO: getAllListDataZeroRecords (count) : 3  
[2023-06-26 13:01:18] CommonModel.INFO: Query : CALL SP_OttLookUp(1, 1, 'MENUACCESSDETAILS')  
[2023-06-26 13:01:18] CommonModel.INFO: getAllListDataZeroRecords (count) : 1  
[2023-06-26 13:01:18] CommonModel.INFO: Query : CALL SP_OttLookUp(1, 1, 'SIDEBARSUBMENUALL')  
[2023-06-26 13:01:18] CommonModel.INFO: Query : CALL SP_OttLookUp(2, 1, 'MENUACCESSDETAILS')  
[2023-06-26 13:01:18] CommonModel.INFO: getAllListDataZeroRecords (count) : 1  
[2023-06-26 13:01:18] CommonModel.INFO: Query : CALL SP_OttLookUp(2, 1, 'SIDEBARSUBMENUALL')  
[2023-06-26 13:01:18] CommonModel.INFO: Query : CALL SP_OttLookUp(3, 1, 'MENUACCESSDETAILS')  
[2023-06-26 13:01:18] CommonModel.INFO: getAllListDataZeroRecords (count) : 1  
[2023-06-26 13:01:18] CommonModel.INFO: Query : CALL SP_OttLookUp(3, 1, 'SIDEBARSUBMENUALL')  
[2023-06-26 13:01:18] CommonModel.INFO: getAllListDataZeroRecords (count) : 4  
[2023-06-26 13:01:18] CommonModel.INFO: Query : CALL SP_OttLookUp(4, 1, 'MENUACCESSDETAILS')  
[2023-06-26 13:01:18] CommonModel.INFO: getAllListDataZeroRecords (count) : 1  
[2023-06-26 13:01:18] CommonModel.INFO: Query : CALL SP_OttLookUp(5, 1, 'MENUACCESSDETAILS')  
[2023-06-26 13:01:18] CommonModel.INFO: getAllListDataZeroRecords (count) : 1  
[2023-06-26 13:01:18] CommonModel.INFO: Query : CALL SP_OttLookUp(6, 1, 'MENUACCESSDETAILS')  
[2023-06-26 13:01:18] CommonModel.INFO: getAllListDataZeroRecords (count) : 1  
[2023-06-26 13:01:18] CommonModel.INFO: Query : CALL SP_OttLookUp(7, 1, 'MENUACCESSDETAILS')  
[2023-06-26 13:01:18] CommonModel.INFO: getAllListDataZeroRecords (count) : 1  
[2023-06-26 13:01:18] CommonRepository.INFO: ======= End Common Repository ================  
[2023-06-26 13:05:31] CommonRepository.INFO: ======= Start Common Repository ================  
[2023-06-26 13:05:31] CommonModel.INFO: Query : CALL SP_OttLookUp(0, 1, 'SIDEBARMENUPARENTALL')  
[2023-06-26 13:05:31] CommonModel.INFO: getAllListDataZeroRecords (count) : 3  
[2023-06-26 13:05:31] CommonModel.INFO: Query : CALL SP_OttLookUp(1, 1, 'MENUACCESSDETAILS')  
[2023-06-26 13:05:31] CommonModel.INFO: getAllListDataZeroRecords (count) : 1  
[2023-06-26 13:05:31] CommonModel.INFO: Query : CALL SP_OttLookUp(1, 1, 'SIDEBARSUBMENUALL')  
[2023-06-26 13:05:31] CommonModel.INFO: Query : CALL SP_OttLookUp(2, 1, 'MENUACCESSDETAILS')  
[2023-06-26 13:05:31] CommonModel.INFO: getAllListDataZeroRecords (count) : 1  
[2023-06-26 13:05:31] CommonModel.INFO: Query : CALL SP_OttLookUp(2, 1, 'SIDEBARSUBMENUALL')  
[2023-06-26 13:05:31] CommonModel.INFO: Query : CALL SP_OttLookUp(3, 1, 'MENUACCESSDETAILS')  
[2023-06-26 13:05:31] CommonModel.INFO: getAllListDataZeroRecords (count) : 1  
[2023-06-26 13:05:31] CommonModel.INFO: Query : CALL SP_OttLookUp(3, 1, 'SIDEBARSUBMENUALL')  
[2023-06-26 13:05:31] CommonModel.INFO: getAllListDataZeroRecords (count) : 4  
[2023-06-26 13:05:31] CommonModel.INFO: Query : CALL SP_OttLookUp(4, 1, 'MENUACCESSDETAILS')  
[2023-06-26 13:05:31] CommonModel.INFO: getAllListDataZeroRecords (count) : 1  
[2023-06-26 13:05:31] CommonModel.INFO: Query : CALL SP_OttLookUp(5, 1, 'MENUACCESSDETAILS')  
[2023-06-26 13:05:31] CommonModel.INFO: getAllListDataZeroRecords (count) : 1  
[2023-06-26 13:05:31] CommonModel.INFO: Query : CALL SP_OttLookUp(6, 1, 'MENUACCESSDETAILS')  
[2023-06-26 13:05:31] CommonModel.INFO: getAllListDataZeroRecords (count) : 1  
[2023-06-26 13:05:31] CommonModel.INFO: Query : CALL SP_OttLookUp(7, 1, 'MENUACCESSDETAILS')  
[2023-06-26 13:05:31] CommonModel.INFO: getAllListDataZeroRecords (count) : 1  
[2023-06-26 13:05:31] CommonRepository.INFO: ======= End Common Repository ================  
[2023-06-26 13:14:03] CommonRepository.INFO: ======= Start Common Repository ================  
[2023-06-26 13:14:03] CommonModel.INFO: Query : CALL SP_OttLookUp(0, 1, 'SIDEBARMENUPARENTALL')  
[2023-06-26 13:14:03] CommonModel.INFO: getAllListDataZeroRecords (count) : 3  
[2023-06-26 13:14:03] CommonModel.INFO: Query : CALL SP_OttLookUp(1, 1, 'MENUACCESSDETAILS')  
[2023-06-26 13:14:03] CommonModel.INFO: getAllListDataZeroRecords (count) : 1  
[2023-06-26 13:14:03] CommonModel.INFO: Query : CALL SP_OttLookUp(1, 1, 'SIDEBARSUBMENUALL')  
[2023-06-26 13:14:03] CommonModel.INFO: Query : CALL SP_OttLookUp(2, 1, 'MENUACCESSDETAILS')  
[2023-06-26 13:14:03] CommonModel.INFO: getAllListDataZeroRecords (count) : 1  
[2023-06-26 13:14:03] CommonModel.INFO: Query : CALL SP_OttLookUp(2, 1, 'SIDEBARSUBMENUALL')  
[2023-06-26 13:14:03] CommonModel.INFO: Query : CALL SP_OttLookUp(3, 1, 'MENUACCESSDETAILS')  
[2023-06-26 13:14:03] CommonModel.INFO: getAllListDataZeroRecords (count) : 1  
[2023-06-26 13:14:03] CommonModel.INFO: Query : CALL SP_OttLookUp(3, 1, 'SIDEBARSUBMENUALL')  
[2023-06-26 13:14:03] CommonModel.INFO: getAllListDataZeroRecords (count) : 4  
[2023-06-26 13:14:03] CommonModel.INFO: Query : CALL SP_OttLookUp(4, 1, 'MENUACCESSDETAILS')  
[2023-06-26 13:14:03] CommonModel.INFO: getAllListDataZeroRecords (count) : 1  
[2023-06-26 13:14:03] CommonModel.INFO: Query : CALL SP_OttLookUp(5, 1, 'MENUACCESSDETAILS')  
[2023-06-26 13:14:03] CommonModel.INFO: getAllListDataZeroRecords (count) : 1  
[2023-06-26 13:14:03] CommonModel.INFO: Query : CALL SP_OttLookUp(6, 1, 'MENUACCESSDETAILS')  
[2023-06-26 13:14:03] CommonModel.INFO: getAllListDataZeroRecords (count) : 1  
[2023-06-26 13:14:03] CommonModel.INFO: Query : CALL SP_OttLookUp(7, 1, 'MENUACCESSDETAILS')  
[2023-06-26 13:14:03] CommonModel.INFO: getAllListDataZeroRecords (count) : 1  
[2023-06-26 13:14:03] CommonRepository.INFO: ======= End Common Repository ================  
[2023-06-26 13:14:19] CommonRepository.INFO: ======= Start Common Repository ================  
[2023-06-26 13:14:19] CommonModel.INFO: Query : CALL SP_OttLookUp(0, 1, 'SIDEBARMENUPARENTALL')  
[2023-06-26 13:14:19] CommonModel.INFO: getAllListDataZeroRecords (count) : 3  
[2023-06-26 13:14:19] CommonModel.INFO: Query : CALL SP_OttLookUp(1, 1, 'MENUACCESSDETAILS')  
[2023-06-26 13:14:19] CommonModel.INFO: getAllListDataZeroRecords (count) : 1  
[2023-06-26 13:14:19] CommonModel.INFO: Query : CALL SP_OttLookUp(1, 1, 'SIDEBARSUBMENUALL')  
[2023-06-26 13:14:19] CommonModel.INFO: Query : CALL SP_OttLookUp(2, 1, 'MENUACCESSDETAILS')  
[2023-06-26 13:14:19] CommonModel.INFO: getAllListDataZeroRecords (count) : 1  
[2023-06-26 13:14:19] CommonModel.INFO: Query : CALL SP_OttLookUp(2, 1, 'SIDEBARSUBMENUALL')  
[2023-06-26 13:14:19] CommonModel.INFO: Query : CALL SP_OttLookUp(3, 1, 'MENUACCESSDETAILS')  
[2023-06-26 13:14:19] CommonModel.INFO: getAllListDataZeroRecords (count) : 1  
[2023-06-26 13:14:19] CommonModel.INFO: Query : CALL SP_OttLookUp(3, 1, 'SIDEBARSUBMENUALL')  
[2023-06-26 13:14:19] CommonModel.INFO: getAllListDataZeroRecords (count) : 4  
[2023-06-26 13:14:19] CommonModel.INFO: Query : CALL SP_OttLookUp(4, 1, 'MENUACCESSDETAILS')  
[2023-06-26 13:14:19] CommonModel.INFO: getAllListDataZeroRecords (count) : 1  
[2023-06-26 13:14:19] CommonModel.INFO: Query : CALL SP_OttLookUp(5, 1, 'MENUACCESSDETAILS')  
[2023-06-26 13:14:19] CommonModel.INFO: getAllListDataZeroRecords (count) : 1  
[2023-06-26 13:14:19] CommonModel.INFO: Query : CALL SP_OttLookUp(6, 1, 'MENUACCESSDETAILS')  
[2023-06-26 13:14:19] CommonModel.INFO: getAllListDataZeroRecords (count) : 1  
[2023-06-26 13:14:19] CommonModel.INFO: Query : CALL SP_OttLookUp(7, 1, 'MENUACCESSDETAILS')  
[2023-06-26 13:14:19] CommonModel.INFO: getAllListDataZeroRecords (count) : 1  
[2023-06-26 13:14:19] CommonRepository.INFO: ======= End Common Repository ================  
[2023-06-26 13:18:31] CommonRepository.INFO: ======= Start Common Repository ================  
[2023-06-26 13:18:31] CommonModel.INFO: Query : CALL SP_OttLookUp(0, 1, 'SIDEBARMENUPARENTALL')  
[2023-06-26 13:18:31] CommonModel.INFO: getAllListDataZeroRecords (count) : 3  
[2023-06-26 13:18:31] CommonModel.INFO: Query : CALL SP_OttLookUp(1, 1, 'MENUACCESSDETAILS')  
[2023-06-26 13:18:31] CommonModel.INFO: getAllListDataZeroRecords (count) : 1  
[2023-06-26 13:18:31] CommonModel.INFO: Query : CALL SP_OttLookUp(1, 1, 'SIDEBARSUBMENUALL')  
[2023-06-26 13:18:31] CommonModel.INFO: Query : CALL SP_OttLookUp(2, 1, 'MENUACCESSDETAILS')  
[2023-06-26 13:18:31] CommonModel.INFO: getAllListDataZeroRecords (count) : 1  
[2023-06-26 13:18:31] CommonModel.INFO: Query : CALL SP_OttLookUp(2, 1, 'SIDEBARSUBMENUALL')  
[2023-06-26 13:18:31] CommonModel.INFO: Query : CALL SP_OttLookUp(3, 1, 'MENUACCESSDETAILS')  
[2023-06-26 13:18:31] CommonModel.INFO: getAllListDataZeroRecords (count) : 1  
[2023-06-26 13:18:31] CommonModel.INFO: Query : CALL SP_OttLookUp(3, 1, 'SIDEBARSUBMENUALL')  
[2023-06-26 13:18:31] CommonModel.INFO: getAllListDataZeroRecords (count) : 4  
[2023-06-26 13:18:31] CommonModel.INFO: Query : CALL SP_OttLookUp(4, 1, 'MENUACCESSDETAILS')  
[2023-06-26 13:18:31] CommonModel.INFO: getAllListDataZeroRecords (count) : 1  
[2023-06-26 13:18:31] CommonModel.INFO: Query : CALL SP_OttLookUp(5, 1, 'MENUACCESSDETAILS')  
[2023-06-26 13:18:31] CommonModel.INFO: getAllListDataZeroRecords (count) : 1  
[2023-06-26 13:18:31] CommonModel.INFO: Query : CALL SP_OttLookUp(6, 1, 'MENUACCESSDETAILS')  
[2023-06-26 13:18:31] CommonModel.INFO: getAllListDataZeroRecords (count) : 1  
[2023-06-26 13:18:31] CommonModel.INFO: Query : CALL SP_OttLookUp(7, 1, 'MENUACCESSDETAILS')  
[2023-06-26 13:18:31] CommonModel.INFO: getAllListDataZeroRecords (count) : 1  
[2023-06-26 13:18:31] CommonRepository.INFO: ======= End Common Repository ================  
[2023-06-26 13:35:30] CommonRepository.INFO: ======= Start Common Repository ================  
[2023-06-26 13:35:30] CommonModel.INFO: Query : CALL SP_OttLookUp(0, 1, 'SIDEBARMENUPARENTALL')  
[2023-06-26 13:35:30] CommonModel.INFO: getAllListDataZeroRecords (count) : 3  
[2023-06-26 13:35:30] CommonModel.INFO: Query : CALL SP_OttLookUp(1, 1, 'MENUACCESSDETAILS')  
[2023-06-26 13:35:30] CommonModel.INFO: getAllListDataZeroRecords (count) : 1  
[2023-06-26 13:35:30] CommonModel.INFO: Query : CALL SP_OttLookUp(1, 1, 'SIDEBARSUBMENUALL')  
[2023-06-26 13:35:30] CommonModel.INFO: Query : CALL SP_OttLookUp(2, 1, 'MENUACCESSDETAILS')  
[2023-06-26 13:35:30] CommonModel.INFO: getAllListDataZeroRecords (count) : 1  
[2023-06-26 13:35:30] CommonModel.INFO: Query : CALL SP_OttLookUp(2, 1, 'SIDEBARSUBMENUALL')  
[2023-06-26 13:35:30] CommonModel.INFO: Query : CALL SP_OttLookUp(3, 1, 'MENUACCESSDETAILS')  
[2023-06-26 13:35:30] CommonModel.INFO: getAllListDataZeroRecords (count) : 1  
[2023-06-26 13:35:30] CommonModel.INFO: Query : CALL SP_OttLookUp(3, 1, 'SIDEBARSUBMENUALL')  
[2023-06-26 13:35:30] CommonModel.INFO: getAllListDataZeroRecords (count) : 4  
[2023-06-26 13:35:30] CommonModel.INFO: Query : CALL SP_OttLookUp(4, 1, 'MENUACCESSDETAILS')  
[2023-06-26 13:35:30] CommonModel.INFO: getAllListDataZeroRecords (count) : 1  
[2023-06-26 13:35:30] CommonModel.INFO: Query : CALL SP_OttLookUp(5, 1, 'MENUACCESSDETAILS')  
[2023-06-26 13:35:30] CommonModel.INFO: getAllListDataZeroRecords (count) : 1  
[2023-06-26 13:35:30] CommonModel.INFO: Query : CALL SP_OttLookUp(6, 1, 'MENUACCESSDETAILS')  
[2023-06-26 13:35:30] CommonModel.INFO: getAllListDataZeroRecords (count) : 1  
[2023-06-26 13:35:30] CommonModel.INFO: Query : CALL SP_OttLookUp(7, 1, 'MENUACCESSDETAILS')  
[2023-06-26 13:35:30] CommonModel.INFO: getAllListDataZeroRecords (count) : 1  
[2023-06-26 13:35:30] CommonRepository.INFO: ======= End Common Repository ================  
[2023-06-26 13:36:21] CommonRepository.INFO: ======= Start Common Repository ================  
[2023-06-26 13:36:21] CommonModel.INFO: Query : CALL SP_OttLookUp(0, 1, 'TIMEZONEALL')  
