[2023-06-26 11:58:25] WizardSetupModel.INFO: Query : select lc.brandid,(select bd.brandname from brand_details as bd where bd.id=lc.brandid) as brandname,lc.hotelname,lc.custmail,
            lc.location,lc.mobileno,lc.spocname,lc.address,lc.tempid,lc.channelfeedtype,tm.templatename,cf.channeltype
             FROM locations as lc 
             left join template as tm on tm.id = lc.tempid 
             left join channelfeed as cf on cf.id=lc.channelfeedtype where lc.id=4  
[2023-06-26 11:58:25] WizardSetupModel.INFO: Query : select fl.id,fl.name  from  hotelfeaturelist as hf  left join featurelist as fl on fl.id = hf.featureid
             where hf.hotelid=4  
[2023-06-26 11:58:25] WizardSetupModel.INFO: Query : select tvc.channelno,tvl.channelname,tvl.channellogo,tvc.channelip,tvc.channelport
            ,if(cg.categoryid is null,0,cg.categoryid) categoryid,if(cgc.categoryname is null,'Unknown',cgc.categoryname) 
            categoryname from tvchannels as tvc 
            left join tvchannelslist as tvl on tvc.channellistid = tvl.id
            left join channelgroup as cg on   cg.channelid=tvl.id and cg.hotelid = tvc.hotelid
            left join channelcategory as cgc on cgc.id = cg.categoryid
            where tvc.hotelid=4  
[2023-06-26 11:58:25] WizardSetupModel.INFO: Json Data : {"HomePageDetails":{"logo":"public\/uploads\/Template\/4\/2\/Logo.png","bg_img":"public\/uploads\/Template\/4\/2\/Background.png","welcome":"","welcome_txt":"dsafdsfds"}}  
[2023-06-26 12:00:01] WizardSetupModel.INFO: Query : select lc.brandid,(select bd.brandname from brand_details as bd where bd.id=lc.brandid) as brandname,lc.hotelname,lc.custmail,
            lc.location,lc.mobileno,lc.spocname,lc.address,lc.tempid,lc.channelfeedtype,tm.templatename,cf.channeltype
             FROM locations as lc 
             left join template as tm on tm.id = lc.tempid 
             left join channelfeed as cf on cf.id=lc.channelfeedtype where lc.id=4  
[2023-06-26 12:00:01] WizardSetupModel.INFO: Query : select fl.id,fl.name  from  hotelfeaturelist as hf  left join featurelist as fl on fl.id = hf.featureid
             where hf.hotelid=4  
[2023-06-26 12:00:01] WizardSetupModel.INFO: Query : select tvc.channelno,tvl.channelname,tvl.channellogo,tvc.channelip,tvc.channelport
            ,if(cg.categoryid is null,0,cg.categoryid) categoryid,if(cgc.categoryname is null,'Unknown',cgc.categoryname) 
            categoryname from tvchannels as tvc 
            left join tvchannelslist as tvl on tvc.channellistid = tvl.id
            left join channelgroup as cg on   cg.channelid=tvl.id and cg.hotelid = tvc.hotelid
            left join channelcategory as cgc on cgc.id = cg.categoryid
            where tvc.hotelid=4  
[2023-06-26 12:00:01] WizardSetupModel.INFO: Json Data : {"HomePageDetails":{"logo":"public\/uploads\/Template\/4\/2\/Logo.png","bg_img":"public\/uploads\/Template\/4\/2\/Background.png","welcome":"","welcome_txt":"dsafdsfds"}}  
[2023-06-26 12:00:24] WizardSetupModel.INFO: Query : insert into temphotelfeaturelist (hotelid,featureid) values(4,3)  
[2023-06-26 12:00:24] WizardSetupModel.INFO: Query : insert into temphotelfeaturelist (hotelid,featureid) values(4,2)  
[2023-06-26 12:00:24] WizardSetupModel.INFO: Query : CALL SP_WizardSetup('ADD',0,4,0,1)  
[2023-06-26 12:04:23] WizardSetupModel.INFO: Query : insert into temphotelfeaturelist (hotelid,featureid) values(4,3)  
[2023-06-26 12:04:23] WizardSetupModel.INFO: Query : insert into temphotelfeaturelist (hotelid,featureid) values(4,2)  
[2023-06-26 12:04:23] WizardSetupModel.INFO: Query : CALL SP_WizardSetup('ADD',0,4,0,1)  
[2023-06-26 12:05:32] WizardSetupModel.INFO: Query : insert into temphotelfeaturelist (hotelid,featureid) values(4,3)  
[2023-06-26 12:05:32] WizardSetupModel.INFO: Query : insert into temphotelfeaturelist (hotelid,featureid) values(4,2)  
[2023-06-26 12:05:32] WizardSetupModel.INFO: Query : CALL SP_WizardSetup('ADD',0,4,0,1)  
[2023-06-26 12:07:50] WizardSetupModel.INFO: Query : select lc.brandid,(select bd.brandname from brand_details as bd where bd.id=lc.brandid) as brandname,lc.hotelname,lc.custmail,
            lc.location,lc.mobileno,lc.spocname,lc.address,lc.tempid,lc.channelfeedtype,tm.templatename,cf.channeltype
             FROM locations as lc 
             left join template as tm on tm.id = lc.tempid 
             left join channelfeed as cf on cf.id=lc.channelfeedtype where lc.id=4  
[2023-06-26 12:07:50] WizardSetupModel.INFO: Query : select fl.id,fl.name  from  hotelfeaturelist as hf  left join featurelist as fl on fl.id = hf.featureid
             where hf.hotelid=4  
[2023-06-26 12:07:50] WizardSetupModel.INFO: Query : select tvc.channelno,tvl.channelname,tvl.channellogo,tvc.channelip,tvc.channelport
            ,if(cg.categoryid is null,0,cg.categoryid) categoryid,if(cgc.categoryname is null,'Unknown',cgc.categoryname) 
            categoryname from tvchannels as tvc 
            left join tvchannelslist as tvl on tvc.channellistid = tvl.id
            left join channelgroup as cg on   cg.channelid=tvl.id and cg.hotelid = tvc.hotelid
            left join channelcategory as cgc on cgc.id = cg.categoryid
            where tvc.hotelid=4  
[2023-06-26 12:07:50] WizardSetupModel.INFO: Json Data : {"HomePageDetails":{"logo":"public\/uploads\/Template\/4\/2\/Logo.png","bg_img":"public\/uploads\/Template\/4\/2\/Background.png","welcome":"","welcome_txt":"check now"}}  
[2023-06-26 12:08:50] WizardSetupModel.INFO: Query : select lc.brandid,(select bd.brandname from brand_details as bd where bd.id=lc.brandid) as brandname,lc.hotelname,lc.custmail,
            lc.location,lc.mobileno,lc.spocname,lc.address,lc.tempid,lc.channelfeedtype,tm.templatename,cf.channeltype
             FROM locations as lc 
             left join template as tm on tm.id = lc.tempid 
             left join channelfeed as cf on cf.id=lc.channelfeedtype where lc.id=4  
[2023-06-26 12:08:50] WizardSetupModel.INFO: Query : select fl.id,fl.name  from  hotelfeaturelist as hf  left join featurelist as fl on fl.id = hf.featureid
             where hf.hotelid=4  
[2023-06-26 12:08:50] WizardSetupModel.INFO: Query : select tvc.channelno,tvl.channelname,tvl.channellogo,tvc.channelip,tvc.channelport
            ,if(cg.categoryid is null,0,cg.categoryid) categoryid,if(cgc.categoryname is null,'Unknown',cgc.categoryname) 
            categoryname from tvchannels as tvc 
            left join tvchannelslist as tvl on tvc.channellistid = tvl.id
            left join channelgroup as cg on   cg.channelid=tvl.id and cg.hotelid = tvc.hotelid
            left join channelcategory as cgc on cgc.id = cg.categoryid
            where tvc.hotelid=4  
[2023-06-26 12:08:50] WizardSetupModel.INFO: Json Data : {"HomePageDetails":{"logo":"public\/uploads\/Template\/4\/2\/Logo.png","bg_img":"public\/uploads\/Template\/4\/2\/Background.png","welcome":"","welcome_txt":"fasdfds"}}  
[2023-06-26 12:09:43] WizardSetupModel.INFO: Query : select lc.brandid,(select bd.brandname from brand_details as bd where bd.id=lc.brandid) as brandname,lc.hotelname,lc.custmail,
            lc.location,lc.mobileno,lc.spocname,lc.address,lc.tempid,lc.channelfeedtype,tm.templatename,cf.channeltype
             FROM locations as lc 
             left join template as tm on tm.id = lc.tempid 
             left join channelfeed as cf on cf.id=lc.channelfeedtype where lc.id=4  
[2023-06-26 12:09:43] WizardSetupModel.INFO: Query : select fl.id,fl.name  from  hotelfeaturelist as hf  left join featurelist as fl on fl.id = hf.featureid
             where hf.hotelid=4  
[2023-06-26 12:09:43] WizardSetupModel.INFO: Query : select tvc.channelno,tvl.channelname,tvl.channellogo,tvc.channelip,tvc.channelport
            ,if(cg.categoryid is null,0,cg.categoryid) categoryid,if(cgc.categoryname is null,'Unknown',cgc.categoryname) 
            categoryname from tvchannels as tvc 
            left join tvchannelslist as tvl on tvc.channellistid = tvl.id
            left join channelgroup as cg on   cg.channelid=tvl.id and cg.hotelid = tvc.hotelid
            left join channelcategory as cgc on cgc.id = cg.categoryid
            where tvc.hotelid=4  
[2023-06-26 12:09:43] WizardSetupModel.INFO: Json Data : {"HomePageDetails":{"logo":"public\/uploads\/Template\/4\/2\/Logo.png","bg_img":"public\/uploads\/Template\/4\/2\/Background.png","welcome":"","welcome_txt":"fasdfds"}}  
[2023-06-26 12:10:10] WizardSetupModel.INFO: Query : select lc.brandid,(select bd.brandname from brand_details as bd where bd.id=lc.brandid) as brandname,lc.hotelname,lc.custmail,
            lc.location,lc.mobileno,lc.spocname,lc.address,lc.tempid,lc.channelfeedtype,tm.templatename,cf.channeltype
             FROM locations as lc 
             left join template as tm on tm.id = lc.tempid 
             left join channelfeed as cf on cf.id=lc.channelfeedtype where lc.id=4  
[2023-06-26 12:10:10] WizardSetupModel.INFO: Query : select fl.id,fl.name  from  hotelfeaturelist as hf  left join featurelist as fl on fl.id = hf.featureid
             where hf.hotelid=4  
[2023-06-26 12:10:10] WizardSetupModel.INFO: Query : select tvc.channelno,tvl.channelname,tvl.channellogo,tvc.channelip,tvc.channelport
            ,if(cg.categoryid is null,0,cg.categoryid) categoryid,if(cgc.categoryname is null,'Unknown',cgc.categoryname) 
            categoryname from tvchannels as tvc 
            left join tvchannelslist as tvl on tvc.channellistid = tvl.id
            left join channelgroup as cg on   cg.channelid=tvl.id and cg.hotelid = tvc.hotelid
            left join channelcategory as cgc on cgc.id = cg.categoryid
            where tvc.hotelid=4  
[2023-06-26 12:10:10] WizardSetupModel.INFO: Json Data : {"HomePageDetails":{"logo":"public\/uploads\/Template\/4\/2\/Logo.png","bg_img":"public\/uploads\/Template\/4\/2\/Background.png","welcome":"","welcome_txt":"fasdfds"}}  
[2023-06-26 12:12:53] WizardSetupModel.INFO: Query : select lc.brandid,(select bd.brandname from brand_details as bd where bd.id=lc.brandid) as brandname,lc.hotelname,lc.custmail,
            lc.location,lc.mobileno,lc.spocname,lc.address,lc.tempid,lc.channelfeedtype,tm.templatename,cf.channeltype
             FROM locations as lc 
             left join template as tm on tm.id = lc.tempid 
             left join channelfeed as cf on cf.id=lc.channelfeedtype where lc.id=12  
[2023-06-26 12:12:53] WizardSetupModel.INFO: Query : select fl.id,fl.name  from  hotelfeaturelist as hf  left join featurelist as fl on fl.id = hf.featureid
             where hf.hotelid=12  
[2023-06-26 12:12:53] WizardSetupModel.INFO: Query : select tvc.channelno,tvl.channelname,tvl.channellogo,tvc.channelip,tvc.channelport
            ,if(cg.categoryid is null,0,cg.categoryid) categoryid,if(cgc.categoryname is null,'Unknown',cgc.categoryname) 
            categoryname from tvchannels as tvc 
            left join tvchannelslist as tvl on tvc.channellistid = tvl.id
            left join channelgroup as cg on   cg.channelid=tvl.id and cg.hotelid = tvc.hotelid
            left join channelcategory as cgc on cgc.id = cg.categoryid
            where tvc.hotelid=12  
[2023-06-26 12:12:56] WizardSetupModel.INFO: Query : CALL SP_WizardSetup('UPDATE',2,4,0,1)  
[2023-06-26 12:14:28] WizardSetupModel.INFO: Query : select lc.brandid,(select bd.brandname from brand_details as bd where bd.id=lc.brandid) as brandname,lc.hotelname,lc.custmail,
            lc.location,lc.mobileno,lc.spocname,lc.address,lc.tempid,lc.channelfeedtype,tm.templatename,cf.channeltype
             FROM locations as lc 
             left join template as tm on tm.id = lc.tempid 
             left join channelfeed as cf on cf.id=lc.channelfeedtype where lc.id=4  
[2023-06-26 12:14:28] WizardSetupModel.INFO: Query : select fl.id,fl.name  from  hotelfeaturelist as hf  left join featurelist as fl on fl.id = hf.featureid
             where hf.hotelid=4  
[2023-06-26 12:14:28] WizardSetupModel.INFO: Query : select tvc.channelno,tvl.channelname,tvl.channellogo,tvc.channelip,tvc.channelport
            ,if(cg.categoryid is null,0,cg.categoryid) categoryid,if(cgc.categoryname is null,'Unknown',cgc.categoryname) 
            categoryname from tvchannels as tvc 
            left join tvchannelslist as tvl on tvc.channellistid = tvl.id
            left join channelgroup as cg on   cg.channelid=tvl.id and cg.hotelid = tvc.hotelid
            left join channelcategory as cgc on cgc.id = cg.categoryid
            where tvc.hotelid=4  
[2023-06-26 12:14:28] WizardSetupModel.INFO: Json Data : {"HomePageDetails":{"logo":"public\/uploads\/Template\/4\/2\/Logo.png","bg_img":"public\/uploads\/Template\/4\/2\/Background.png","welcome":"","welcome_txt":"fadsfdsf"}}  
[2023-06-26 12:16:41] WizardSetupModel.INFO: Query : select lc.brandid,(select bd.brandname from brand_details as bd where bd.id=lc.brandid) as brandname,lc.hotelname,lc.custmail,
            lc.location,lc.mobileno,lc.spocname,lc.address,lc.tempid,lc.channelfeedtype,tm.templatename,cf.channeltype
             FROM locations as lc 
             left join template as tm on tm.id = lc.tempid 
             left join channelfeed as cf on cf.id=lc.channelfeedtype where lc.id=12  
[2023-06-26 12:16:41] WizardSetupModel.INFO: Query : select fl.id,fl.name  from  hotelfeaturelist as hf  left join featurelist as fl on fl.id = hf.featureid
             where hf.hotelid=12  
[2023-06-26 12:16:41] WizardSetupModel.INFO: Query : select tvc.channelno,tvl.channelname,tvl.channellogo,tvc.channelip,tvc.channelport
            ,if(cg.categoryid is null,0,cg.categoryid) categoryid,if(cgc.categoryname is null,'Unknown',cgc.categoryname) 
            categoryname from tvchannels as tvc 
            left join tvchannelslist as tvl on tvc.channellistid = tvl.id
            left join channelgroup as cg on   cg.channelid=tvl.id and cg.hotelid = tvc.hotelid
            left join channelcategory as cgc on cgc.id = cg.categoryid
            where tvc.hotelid=12  
[2023-06-26 12:16:44] WizardSetupModel.INFO: Query : CALL SP_WizardSetup('UPDATE',4,4,0,1)  
[2023-06-26 12:17:04] WizardSetupModel.INFO: Query : select lc.brandid,(select bd.brandname from brand_details as bd where bd.id=lc.brandid) as brandname,lc.hotelname,lc.custmail,
            lc.location,lc.mobileno,lc.spocname,lc.address,lc.tempid,lc.channelfeedtype,tm.templatename,cf.channeltype
             FROM locations as lc 
             left join template as tm on tm.id = lc.tempid 
             left join channelfeed as cf on cf.id=lc.channelfeedtype where lc.id=12  
[2023-06-26 12:17:04] WizardSetupModel.INFO: Query : select fl.id,fl.name  from  hotelfeaturelist as hf  left join featurelist as fl on fl.id = hf.featureid
             where hf.hotelid=12  
[2023-06-26 12:17:04] WizardSetupModel.INFO: Query : select tvc.channelno,tvl.channelname,tvl.channellogo,tvc.channelip,tvc.channelport
            ,if(cg.categoryid is null,0,cg.categoryid) categoryid,if(cgc.categoryname is null,'Unknown',cgc.categoryname) 
            categoryname from tvchannels as tvc 
            left join tvchannelslist as tvl on tvc.channellistid = tvl.id
            left join channelgroup as cg on   cg.channelid=tvl.id and cg.hotelid = tvc.hotelid
            left join channelcategory as cgc on cgc.id = cg.categoryid
            where tvc.hotelid=12  
[2023-06-26 12:17:37] WizardSetupModel.INFO: Query : select lc.brandid,(select bd.brandname from brand_details as bd where bd.id=lc.brandid) as brandname,lc.hotelname,lc.custmail,
            lc.location,lc.mobileno,lc.spocname,lc.address,lc.tempid,lc.channelfeedtype,tm.templatename,cf.channeltype
             FROM locations as lc 
             left join template as tm on tm.id = lc.tempid 
             left join channelfeed as cf on cf.id=lc.channelfeedtype where lc.id=6  
[2023-06-26 12:17:37] WizardSetupModel.INFO: Query : select fl.id,fl.name  from  hotelfeaturelist as hf  left join featurelist as fl on fl.id = hf.featureid
             where hf.hotelid=6  
[2023-06-26 12:17:37] WizardSetupModel.INFO: Query : select tvc.channelno,tvl.channelname,tvl.channellogo,tvc.channelip,tvc.channelport
            ,if(cg.categoryid is null,0,cg.categoryid) categoryid,if(cgc.categoryname is null,'Unknown',cgc.categoryname) 
            categoryname from tvchannels as tvc 
            left join tvchannelslist as tvl on tvc.channellistid = tvl.id
            left join channelgroup as cg on   cg.channelid=tvl.id and cg.hotelid = tvc.hotelid
            left join channelcategory as cgc on cgc.id = cg.categoryid
            where tvc.hotelid=6  
[2023-06-26 12:17:42] WizardSetupModel.INFO: Query : CALL SP_WizardSetup('UPDATE',2,4,0,1)  
[2023-06-26 12:18:40] WizardSetupModel.INFO: Query : select lc.brandid,(select bd.brandname from brand_details as bd where bd.id=lc.brandid) as brandname,lc.hotelname,lc.custmail,
            lc.location,lc.mobileno,lc.spocname,lc.address,lc.tempid,lc.channelfeedtype,tm.templatename,cf.channeltype
             FROM locations as lc 
             left join template as tm on tm.id = lc.tempid 
             left join channelfeed as cf on cf.id=lc.channelfeedtype where lc.id=12  
[2023-06-26 12:18:40] WizardSetupModel.INFO: Query : select fl.id,fl.name  from  hotelfeaturelist as hf  left join featurelist as fl on fl.id = hf.featureid
             where hf.hotelid=12  
[2023-06-26 12:18:40] WizardSetupModel.INFO: Query : select tvc.channelno,tvl.channelname,tvl.channellogo,tvc.channelip,tvc.channelport
            ,if(cg.categoryid is null,0,cg.categoryid) categoryid,if(cgc.categoryname is null,'Unknown',cgc.categoryname) 
            categoryname from tvchannels as tvc 
            left join tvchannelslist as tvl on tvc.channellistid = tvl.id
            left join channelgroup as cg on   cg.channelid=tvl.id and cg.hotelid = tvc.hotelid
            left join channelcategory as cgc on cgc.id = cg.categoryid
            where tvc.hotelid=12  
[2023-06-26 12:18:50] WizardSetupModel.INFO: Query : CALL SP_WizardSetup('UPDATE',2,4,0,1)  
[2023-06-26 12:19:19] WizardSetupModel.INFO: Query : select lc.brandid,(select bd.brandname from brand_details as bd where bd.id=lc.brandid) as brandname,lc.hotelname,lc.custmail,
            lc.location,lc.mobileno,lc.spocname,lc.address,lc.tempid,lc.channelfeedtype,tm.templatename,cf.channeltype
             FROM locations as lc 
             left join template as tm on tm.id = lc.tempid 
             left join channelfeed as cf on cf.id=lc.channelfeedtype where lc.id=12  
[2023-06-26 12:19:19] WizardSetupModel.INFO: Query : select fl.id,fl.name  from  hotelfeaturelist as hf  left join featurelist as fl on fl.id = hf.featureid
             where hf.hotelid=12  
[2023-06-26 12:19:19] WizardSetupModel.INFO: Query : select tvc.channelno,tvl.channelname,tvl.channellogo,tvc.channelip,tvc.channelport
            ,if(cg.categoryid is null,0,cg.categoryid) categoryid,if(cgc.categoryname is null,'Unknown',cgc.categoryname) 
            categoryname from tvchannels as tvc 
            left join tvchannelslist as tvl on tvc.channellistid = tvl.id
            left join channelgroup as cg on   cg.channelid=tvl.id and cg.hotelid = tvc.hotelid
            left join channelcategory as cgc on cgc.id = cg.categoryid
            where tvc.hotelid=12  
[2023-06-26 12:19:31] WizardSetupModel.INFO: Query : CALL SP_WizardSetup('UPDATE',2,4,0,1)  
[2023-06-26 12:23:05] WizardSetupModel.INFO: Query : select lc.brandid,(select bd.brandname from brand_details as bd where bd.id=lc.brandid) as brandname,lc.hotelname,lc.custmail,
            lc.location,lc.mobileno,lc.spocname,lc.address,lc.tempid,lc.channelfeedtype,tm.templatename,cf.channeltype
             FROM locations as lc 
             left join template as tm on tm.id = lc.tempid 
             left join channelfeed as cf on cf.id=lc.channelfeedtype where lc.id=12  
[2023-06-26 12:23:05] WizardSetupModel.INFO: Query : select fl.id,fl.name  from  hotelfeaturelist as hf  left join featurelist as fl on fl.id = hf.featureid
             where hf.hotelid=12  
[2023-06-26 12:23:05] WizardSetupModel.INFO: Query : select tvc.channelno,tvl.channelname,tvl.channellogo,tvc.channelip,tvc.channelport
            ,if(cg.categoryid is null,0,cg.categoryid) categoryid,if(cgc.categoryname is null,'Unknown',cgc.categoryname) 
            categoryname from tvchannels as tvc 
            left join tvchannelslist as tvl on tvc.channellistid = tvl.id
            left join channelgroup as cg on   cg.channelid=tvl.id and cg.hotelid = tvc.hotelid
            left join channelcategory as cgc on cgc.id = cg.categoryid
            where tvc.hotelid=12  
[2023-06-26 12:23:11] WizardSetupModel.INFO: Query : CALL SP_WizardSetup('UPDATE',5,12,0,1)  
[2023-06-26 12:23:23] WizardSetupModel.INFO: Query : select lc.brandid,(select bd.brandname from brand_details as bd where bd.id=lc.brandid) as brandname,lc.hotelname,lc.custmail,
            lc.location,lc.mobileno,lc.spocname,lc.address,lc.tempid,lc.channelfeedtype,tm.templatename,cf.channeltype
             FROM locations as lc 
             left join template as tm on tm.id = lc.tempid 
             left join channelfeed as cf on cf.id=lc.channelfeedtype where lc.id=12  
[2023-06-26 12:23:23] WizardSetupModel.INFO: Query : select fl.id,fl.name  from  hotelfeaturelist as hf  left join featurelist as fl on fl.id = hf.featureid
             where hf.hotelid=12  
[2023-06-26 12:23:23] WizardSetupModel.INFO: Query : select tvc.channelno,tvl.channelname,tvl.channellogo,tvc.channelip,tvc.channelport
            ,if(cg.categoryid is null,0,cg.categoryid) categoryid,if(cgc.categoryname is null,'Unknown',cgc.categoryname) 
            categoryname from tvchannels as tvc 
            left join tvchannelslist as tvl on tvc.channellistid = tvl.id
            left join channelgroup as cg on   cg.channelid=tvl.id and cg.hotelid = tvc.hotelid
            left join channelcategory as cgc on cgc.id = cg.categoryid
            where tvc.hotelid=12  
[2023-06-26 12:23:30] WizardSetupModel.INFO: Query : select lc.brandid,(select bd.brandname from brand_details as bd where bd.id=lc.brandid) as brandname,lc.hotelname,lc.custmail,
            lc.location,lc.mobileno,lc.spocname,lc.address,lc.tempid,lc.channelfeedtype,tm.templatename,cf.channeltype
             FROM locations as lc 
             left join template as tm on tm.id = lc.tempid 
             left join channelfeed as cf on cf.id=lc.channelfeedtype where lc.id=12  
[2023-06-26 12:23:30] WizardSetupModel.INFO: Query : select fl.id,fl.name  from  hotelfeaturelist as hf  left join featurelist as fl on fl.id = hf.featureid
             where hf.hotelid=12  
[2023-06-26 12:23:30] WizardSetupModel.INFO: Query : select tvc.channelno,tvl.channelname,tvl.channellogo,tvc.channelip,tvc.channelport
            ,if(cg.categoryid is null,0,cg.categoryid) categoryid,if(cgc.categoryname is null,'Unknown',cgc.categoryname) 
            categoryname from tvchannels as tvc 
            left join tvchannelslist as tvl on tvc.channellistid = tvl.id
            left join channelgroup as cg on   cg.channelid=tvl.id and cg.hotelid = tvc.hotelid
            left join channelcategory as cgc on cgc.id = cg.categoryid
            where tvc.hotelid=12  
[2023-06-26 12:23:49] WizardSetupModel.INFO: Query : select lc.brandid,(select bd.brandname from brand_details as bd where bd.id=lc.brandid) as brandname,lc.hotelname,lc.custmail,
            lc.location,lc.mobileno,lc.spocname,lc.address,lc.tempid,lc.channelfeedtype,tm.templatename,cf.channeltype
             FROM locations as lc 
             left join template as tm on tm.id = lc.tempid 
             left join channelfeed as cf on cf.id=lc.channelfeedtype where lc.id=6  
[2023-06-26 12:23:49] WizardSetupModel.INFO: Query : select fl.id,fl.name  from  hotelfeaturelist as hf  left join featurelist as fl on fl.id = hf.featureid
             where hf.hotelid=6  
[2023-06-26 12:23:49] WizardSetupModel.INFO: Query : select tvc.channelno,tvl.channelname,tvl.channellogo,tvc.channelip,tvc.channelport
            ,if(cg.categoryid is null,0,cg.categoryid) categoryid,if(cgc.categoryname is null,'Unknown',cgc.categoryname) 
            categoryname from tvchannels as tvc 
            left join tvchannelslist as tvl on tvc.channellistid = tvl.id
            left join channelgroup as cg on   cg.channelid=tvl.id and cg.hotelid = tvc.hotelid
            left join channelcategory as cgc on cgc.id = cg.categoryid
            where tvc.hotelid=6  
[2023-06-26 12:23:59] WizardSetupModel.INFO: Query : CALL SP_WizardSetup('UPDATE',6,6,0,1)  
[2023-06-26 12:24:25] WizardSetupModel.INFO: Query : select lc.brandid,(select bd.brandname from brand_details as bd where bd.id=lc.brandid) as brandname,lc.hotelname,lc.custmail,
            lc.location,lc.mobileno,lc.spocname,lc.address,lc.tempid,lc.channelfeedtype,tm.templatename,cf.channeltype
             FROM locations as lc 
             left join template as tm on tm.id = lc.tempid 
             left join channelfeed as cf on cf.id=lc.channelfeedtype where lc.id=6  
[2023-06-26 12:24:25] WizardSetupModel.INFO: Query : select fl.id,fl.name  from  hotelfeaturelist as hf  left join featurelist as fl on fl.id = hf.featureid
             where hf.hotelid=6  
[2023-06-26 12:24:25] WizardSetupModel.INFO: Query : select tvc.channelno,tvl.channelname,tvl.channellogo,tvc.channelip,tvc.channelport
            ,if(cg.categoryid is null,0,cg.categoryid) categoryid,if(cgc.categoryname is null,'Unknown',cgc.categoryname) 
            categoryname from tvchannels as tvc 
            left join tvchannelslist as tvl on tvc.channellistid = tvl.id
            left join channelgroup as cg on   cg.channelid=tvl.id and cg.hotelid = tvc.hotelid
            left join channelcategory as cgc on cgc.id = cg.categoryid
            where tvc.hotelid=6  
[2023-06-26 12:25:12] WizardSetupModel.INFO: Query : select lc.brandid,(select bd.brandname from brand_details as bd where bd.id=lc.brandid) as brandname,lc.hotelname,lc.custmail,
            lc.location,lc.mobileno,lc.spocname,lc.address,lc.tempid,lc.channelfeedtype,tm.templatename,cf.channeltype
             FROM locations as lc 
             left join template as tm on tm.id = lc.tempid 
             left join channelfeed as cf on cf.id=lc.channelfeedtype where lc.id=5  
[2023-06-26 12:25:12] WizardSetupModel.INFO: Query : select fl.id,fl.name  from  hotelfeaturelist as hf  left join featurelist as fl on fl.id = hf.featureid
             where hf.hotelid=5  
[2023-06-26 12:25:12] WizardSetupModel.INFO: Query : select tvc.channelno,tvl.channelname,tvl.channellogo,tvc.channelip,tvc.channelport
            ,if(cg.categoryid is null,0,cg.categoryid) categoryid,if(cgc.categoryname is null,'Unknown',cgc.categoryname) 
            categoryname from tvchannels as tvc 
            left join tvchannelslist as tvl on tvc.channellistid = tvl.id
            left join channelgroup as cg on   cg.channelid=tvl.id and cg.hotelid = tvc.hotelid
            left join channelcategory as cgc on cgc.id = cg.categoryid
            where tvc.hotelid=5  
[2023-06-26 12:25:36] WizardSetupModel.INFO: Query : select lc.brandid,(select bd.brandname from brand_details as bd where bd.id=lc.brandid) as brandname,lc.hotelname,lc.custmail,
            lc.location,lc.mobileno,lc.spocname,lc.address,lc.tempid,lc.channelfeedtype,tm.templatename,cf.channeltype
             FROM locations as lc 
             left join template as tm on tm.id = lc.tempid 
             left join channelfeed as cf on cf.id=lc.channelfeedtype where lc.id=4  
[2023-06-26 12:25:36] WizardSetupModel.INFO: Query : select fl.id,fl.name  from  hotelfeaturelist as hf  left join featurelist as fl on fl.id = hf.featureid
             where hf.hotelid=4  
[2023-06-26 12:25:36] WizardSetupModel.INFO: Query : select tvc.channelno,tvl.channelname,tvl.channellogo,tvc.channelip,tvc.channelport
            ,if(cg.categoryid is null,0,cg.categoryid) categoryid,if(cgc.categoryname is null,'Unknown',cgc.categoryname) 
            categoryname from tvchannels as tvc 
            left join tvchannelslist as tvl on tvc.channellistid = tvl.id
            left join channelgroup as cg on   cg.channelid=tvl.id and cg.hotelid = tvc.hotelid
            left join channelcategory as cgc on cgc.id = cg.categoryid
            where tvc.hotelid=4  
[2023-06-26 12:25:36] WizardSetupModel.INFO: Json Data : {"HomePageDetails":{"logo":"public\/uploads\/Template\/4\/2\/Logo.png","bg_img":"public\/uploads\/Template\/4\/2\/Background.png","welcome":"","welcome_txt":"fadsfdsf"}}  
[2023-06-26 12:26:06] WizardSetupModel.INFO: Query : select lc.brandid,(select bd.brandname from brand_details as bd where bd.id=lc.brandid) as brandname,lc.hotelname,lc.custmail,
            lc.location,lc.mobileno,lc.spocname,lc.address,lc.tempid,lc.channelfeedtype,tm.templatename,cf.channeltype
             FROM locations as lc 
             left join template as tm on tm.id = lc.tempid 
             left join channelfeed as cf on cf.id=lc.channelfeedtype where lc.id=12  
[2023-06-26 12:26:06] WizardSetupModel.INFO: Query : select fl.id,fl.name  from  hotelfeaturelist as hf  left join featurelist as fl on fl.id = hf.featureid
             where hf.hotelid=12  
[2023-06-26 12:26:06] WizardSetupModel.INFO: Query : select tvc.channelno,tvl.channelname,tvl.channellogo,tvc.channelip,tvc.channelport
            ,if(cg.categoryid is null,0,cg.categoryid) categoryid,if(cgc.categoryname is null,'Unknown',cgc.categoryname) 
            categoryname from tvchannels as tvc 
            left join tvchannelslist as tvl on tvc.channellistid = tvl.id
            left join channelgroup as cg on   cg.channelid=tvl.id and cg.hotelid = tvc.hotelid
            left join channelcategory as cgc on cgc.id = cg.categoryid
            where tvc.hotelid=12  
[2023-06-26 12:26:39] WizardSetupModel.INFO: Query : CALL SP_WizardSetup('UPDATE',4,12,0,1)  
[2023-06-26 12:31:35] WizardSetupModel.INFO: Query : select lc.brandid,(select bd.brandname from brand_details as bd where bd.id=lc.brandid) as brandname,lc.hotelname,lc.custmail,
            lc.location,lc.mobileno,lc.spocname,lc.address,lc.tempid,lc.channelfeedtype,tm.templatename,cf.channeltype
             FROM locations as lc 
             left join template as tm on tm.id = lc.tempid 
             left join channelfeed as cf on cf.id=lc.channelfeedtype where lc.id=12  
[2023-06-26 12:31:35] WizardSetupModel.INFO: Query : select fl.id,fl.name  from  hotelfeaturelist as hf  left join featurelist as fl on fl.id = hf.featureid
             where hf.hotelid=12  
[2023-06-26 12:31:35] WizardSetupModel.INFO: Query : select tvc.channelno,tvl.channelname,tvl.channellogo,tvc.channelip,tvc.channelport
            ,if(cg.categoryid is null,0,cg.categoryid) categoryid,if(cgc.categoryname is null,'Unknown',cgc.categoryname) 
            categoryname from tvchannels as tvc 
            left join tvchannelslist as tvl on tvc.channellistid = tvl.id
            left join channelgroup as cg on   cg.channelid=tvl.id and cg.hotelid = tvc.hotelid
            left join channelcategory as cgc on cgc.id = cg.categoryid
            where tvc.hotelid=12  
[2023-06-26 12:32:05] WizardSetupModel.INFO: Query : select lc.brandid,(select bd.brandname from brand_details as bd where bd.id=lc.brandid) as brandname,lc.hotelname,lc.custmail,
            lc.location,lc.mobileno,lc.spocname,lc.address,lc.tempid,lc.channelfeedtype,tm.templatename,cf.channeltype
             FROM locations as lc 
             left join template as tm on tm.id = lc.tempid 
             left join channelfeed as cf on cf.id=lc.channelfeedtype where lc.id=4  
[2023-06-26 12:32:05] WizardSetupModel.INFO: Query : select fl.id,fl.name  from  hotelfeaturelist as hf  left join featurelist as fl on fl.id = hf.featureid
             where hf.hotelid=4  
[2023-06-26 12:32:05] WizardSetupModel.INFO: Query : select tvc.channelno,tvl.channelname,tvl.channellogo,tvc.channelip,tvc.channelport
            ,if(cg.categoryid is null,0,cg.categoryid) categoryid,if(cgc.categoryname is null,'Unknown',cgc.categoryname) 
            categoryname from tvchannels as tvc 
            left join tvchannelslist as tvl on tvc.channellistid = tvl.id
            left join channelgroup as cg on   cg.channelid=tvl.id and cg.hotelid = tvc.hotelid
            left join channelcategory as cgc on cgc.id = cg.categoryid
            where tvc.hotelid=4  
[2023-06-26 12:32:05] WizardSetupModel.INFO: Json Data : {"HomePageDetails":{"logo":"public\/uploads\/Template\/4\/2\/Logo.png","bg_img":"public\/uploads\/Template\/4\/2\/Background.png","welcome":"","welcome_txt":"fadsfdsf"}}  
[2023-06-26 12:34:28] WizardSetupModel.INFO: Query : select lc.brandid,(select bd.brandname from brand_details as bd where bd.id=lc.brandid) as brandname,lc.hotelname,lc.custmail,
            lc.location,lc.mobileno,lc.spocname,lc.address,lc.tempid,lc.channelfeedtype,tm.templatename,cf.channeltype
             FROM locations as lc 
             left join template as tm on tm.id = lc.tempid 
             left join channelfeed as cf on cf.id=lc.channelfeedtype where lc.id=4  
[2023-06-26 12:34:28] WizardSetupModel.INFO: Query : select fl.id,fl.name  from  hotelfeaturelist as hf  left join featurelist as fl on fl.id = hf.featureid
             where hf.hotelid=4  
[2023-06-26 12:34:28] WizardSetupModel.INFO: Query : select tvc.channelno,tvl.channelname,tvl.channellogo,tvc.channelip,tvc.channelport
            ,if(cg.categoryid is null,0,cg.categoryid) categoryid,if(cgc.categoryname is null,'Unknown',cgc.categoryname) 
            categoryname from tvchannels as tvc 
            left join tvchannelslist as tvl on tvc.channellistid = tvl.id
            left join channelgroup as cg on   cg.channelid=tvl.id and cg.hotelid = tvc.hotelid
            left join channelcategory as cgc on cgc.id = cg.categoryid
            where tvc.hotelid=4  
[2023-06-26 12:34:28] WizardSetupModel.INFO: Json Data : ""  
[2023-06-26 12:35:29] WizardSetupModel.INFO: Query : select lc.brandid,(select bd.brandname from brand_details as bd where bd.id=lc.brandid) as brandname,lc.hotelname,lc.custmail,
            lc.location,lc.mobileno,lc.spocname,lc.address,lc.tempid,lc.channelfeedtype,tm.templatename,cf.channeltype
             FROM locations as lc 
             left join template as tm on tm.id = lc.tempid 
             left join channelfeed as cf on cf.id=lc.channelfeedtype where lc.id=4  
[2023-06-26 12:35:29] WizardSetupModel.INFO: Query : select fl.id,fl.name  from  hotelfeaturelist as hf  left join featurelist as fl on fl.id = hf.featureid
             where hf.hotelid=4  
[2023-06-26 12:35:29] WizardSetupModel.INFO: Query : select tvc.channelno,tvl.channelname,tvl.channellogo,tvc.channelip,tvc.channelport
            ,if(cg.categoryid is null,0,cg.categoryid) categoryid,if(cgc.categoryname is null,'Unknown',cgc.categoryname) 
            categoryname from tvchannels as tvc 
            left join tvchannelslist as tvl on tvc.channellistid = tvl.id
            left join channelgroup as cg on   cg.channelid=tvl.id and cg.hotelid = tvc.hotelid
            left join channelcategory as cgc on cgc.id = cg.categoryid
            where tvc.hotelid=4  
[2023-06-26 12:35:29] WizardSetupModel.INFO: Json Data : ""  
[2023-06-26 12:36:09] WizardSetupModel.INFO: Query : select lc.brandid,(select bd.brandname from brand_details as bd where bd.id=lc.brandid) as brandname,lc.hotelname,lc.custmail,
            lc.location,lc.mobileno,lc.spocname,lc.address,lc.tempid,lc.channelfeedtype,tm.templatename,cf.channeltype
             FROM locations as lc 
             left join template as tm on tm.id = lc.tempid 
             left join channelfeed as cf on cf.id=lc.channelfeedtype where lc.id=4  
[2023-06-26 12:36:09] WizardSetupModel.INFO: Query : select fl.id,fl.name  from  hotelfeaturelist as hf  left join featurelist as fl on fl.id = hf.featureid
             where hf.hotelid=4  
[2023-06-26 12:36:09] WizardSetupModel.INFO: Query : select tvc.channelno,tvl.channelname,tvl.channellogo,tvc.channelip,tvc.channelport
            ,if(cg.categoryid is null,0,cg.categoryid) categoryid,if(cgc.categoryname is null,'Unknown',cgc.categoryname) 
            categoryname from tvchannels as tvc 
            left join tvchannelslist as tvl on tvc.channellistid = tvl.id
            left join channelgroup as cg on   cg.channelid=tvl.id and cg.hotelid = tvc.hotelid
            left join channelcategory as cgc on cgc.id = cg.categoryid
            where tvc.hotelid=4  
[2023-06-26 12:36:09] WizardSetupModel.INFO: Json Data : ""  
[2023-06-26 12:40:27] WizardSetupModel.INFO: Query : select lc.brandid,(select bd.brandname from brand_details as bd where bd.id=lc.brandid) as brandname,lc.hotelname,lc.custmail,
            lc.location,lc.mobileno,lc.spocname,lc.address,lc.tempid,lc.channelfeedtype,tm.templatename,cf.channeltype
             FROM locations as lc 
             left join template as tm on tm.id = lc.tempid 
             left join channelfeed as cf on cf.id=lc.channelfeedtype where lc.id=4  
[2023-06-26 12:40:27] WizardSetupModel.INFO: Query : select fl.id,fl.name  from  hotelfeaturelist as hf  left join featurelist as fl on fl.id = hf.featureid
             where hf.hotelid=4  
[2023-06-26 12:40:27] WizardSetupModel.INFO: Query : select tvc.channelno,tvl.channelname,tvl.channellogo,tvc.channelip,tvc.channelport
            ,if(cg.categoryid is null,0,cg.categoryid) categoryid,if(cgc.categoryname is null,'Unknown',cgc.categoryname) 
            categoryname from tvchannels as tvc 
            left join tvchannelslist as tvl on tvc.channellistid = tvl.id
            left join channelgroup as cg on   cg.channelid=tvl.id and cg.hotelid = tvc.hotelid
            left join channelcategory as cgc on cgc.id = cg.categoryid
            where tvc.hotelid=4  
[2023-06-26 12:40:27] WizardSetupModel.INFO: Json Data : {"HomePageDetails":{"logo":"public\/uploads\/Template\/4\/2\/Logo.png","bg_img":"public\/uploads\/Template\/4\/2\/Background.png","welcome":"","welcome_txt":"fadsfdsf"}}  
[2023-06-26 12:44:05] WizardSetupModel.INFO: Query : select lc.brandid,(select bd.brandname from brand_details as bd where bd.id=lc.brandid) as brandname,lc.hotelname,lc.custmail,
            lc.location,lc.mobileno,lc.spocname,lc.address,lc.tempid,lc.channelfeedtype,tm.templatename,cf.channeltype
             FROM locations as lc 
             left join template as tm on tm.id = lc.tempid 
             left join channelfeed as cf on cf.id=lc.channelfeedtype where lc.id=4  
[2023-06-26 12:44:05] WizardSetupModel.INFO: Query : select fl.id,fl.name  from  hotelfeaturelist as hf  left join featurelist as fl on fl.id = hf.featureid
             where hf.hotelid=4  
[2023-06-26 12:44:05] WizardSetupModel.INFO: Query : select tvc.channelno,tvl.channelname,tvl.channellogo,tvc.channelip,tvc.channelport
            ,if(cg.categoryid is null,0,cg.categoryid) categoryid,if(cgc.categoryname is null,'Unknown',cgc.categoryname) 
            categoryname from tvchannels as tvc 
            left join tvchannelslist as tvl on tvc.channellistid = tvl.id
            left join channelgroup as cg on   cg.channelid=tvl.id and cg.hotelid = tvc.hotelid
            left join channelcategory as cgc on cgc.id = cg.categoryid
            where tvc.hotelid=4  
[2023-06-26 12:44:05] WizardSetupModel.INFO: Json Data : ""  
[2023-06-26 12:45:33] WizardSetupModel.INFO: Query : select lc.brandid,(select bd.brandname from brand_details as bd where bd.id=lc.brandid) as brandname,lc.hotelname,lc.custmail,
            lc.location,lc.mobileno,lc.spocname,lc.address,lc.tempid,lc.channelfeedtype,tm.templatename,cf.channeltype
             FROM locations as lc 
             left join template as tm on tm.id = lc.tempid 
             left join channelfeed as cf on cf.id=lc.channelfeedtype where lc.id=4  
[2023-06-26 12:45:33] WizardSetupModel.INFO: Query : select fl.id,fl.name  from  hotelfeaturelist as hf  left join featurelist as fl on fl.id = hf.featureid
             where hf.hotelid=4  
[2023-06-26 12:45:33] WizardSetupModel.INFO: Query : select tvc.channelno,tvl.channelname,tvl.channellogo,tvc.channelip,tvc.channelport
            ,if(cg.categoryid is null,0,cg.categoryid) categoryid,if(cgc.categoryname is null,'Unknown',cgc.categoryname) 
            categoryname from tvchannels as tvc 
            left join tvchannelslist as tvl on tvc.channellistid = tvl.id
            left join channelgroup as cg on   cg.channelid=tvl.id and cg.hotelid = tvc.hotelid
            left join channelcategory as cgc on cgc.id = cg.categoryid
            where tvc.hotelid=4  
[2023-06-26 12:45:33] WizardSetupModel.INFO: Json Data : {"HomePageDetails":{"logo":"public\/uploads\/Template\/4\/2\/Logo.png","bg_img":"public\/uploads\/Template\/4\/2\/Background.png","welcome":"","welcome_txt":"fadsfdsf"}}  
[2023-06-26 12:48:39] WizardSetupModel.INFO: Query : select lc.brandid,(select bd.brandname from brand_details as bd where bd.id=lc.brandid) as brandname,lc.hotelname,lc.custmail,
            lc.location,lc.mobileno,lc.spocname,lc.address,lc.tempid,lc.channelfeedtype,tm.templatename,cf.channeltype
             FROM locations as lc 
             left join template as tm on tm.id = lc.tempid 
             left join channelfeed as cf on cf.id=lc.channelfeedtype where lc.id=4  
[2023-06-26 12:48:39] WizardSetupModel.INFO: Query : select fl.id,fl.name  from  hotelfeaturelist as hf  left join featurelist as fl on fl.id = hf.featureid
             where hf.hotelid=4  
[2023-06-26 12:48:39] WizardSetupModel.INFO: Query : select tvc.channelno,tvl.channelname,tvl.channellogo,tvc.channelip,tvc.channelport
            ,if(cg.categoryid is null,0,cg.categoryid) categoryid,if(cgc.categoryname is null,'Unknown',cgc.categoryname) 
            categoryname from tvchannels as tvc 
            left join tvchannelslist as tvl on tvc.channellistid = tvl.id
            left join channelgroup as cg on   cg.channelid=tvl.id and cg.hotelid = tvc.hotelid
            left join channelcategory as cgc on cgc.id = cg.categoryid
            where tvc.hotelid=4  
[2023-06-26 12:48:39] WizardSetupModel.INFO: Json Data : {"HomePageDetails":{"logo":"public\/uploads\/Template\/4\/2\/Logo.png","bg_img":"public\/uploads\/Template\/4\/2\/Background.png","welcome":"","welcome_txt":"fadsfdsf"}}  
[2023-06-26 12:48:48] WizardSetupModel.INFO: Query : CALL SP_WizardSetup('UPDATE',2,4,0,1)  
[2023-06-26 12:49:38] WizardSetupModel.INFO: Query : select lc.brandid,(select bd.brandname from brand_details as bd where bd.id=lc.brandid) as brandname,lc.hotelname,lc.custmail,
            lc.location,lc.mobileno,lc.spocname,lc.address,lc.tempid,lc.channelfeedtype,tm.templatename,cf.channeltype
             FROM locations as lc 
             left join template as tm on tm.id = lc.tempid 
             left join channelfeed as cf on cf.id=lc.channelfeedtype where lc.id=4  
[2023-06-26 12:49:38] WizardSetupModel.INFO: Query : select fl.id,fl.name  from  hotelfeaturelist as hf  left join featurelist as fl on fl.id = hf.featureid
             where hf.hotelid=4  
[2023-06-26 12:49:38] WizardSetupModel.INFO: Query : select tvc.channelno,tvl.channelname,tvl.channellogo,tvc.channelip,tvc.channelport
            ,if(cg.categoryid is null,0,cg.categoryid) categoryid,if(cgc.categoryname is null,'Unknown',cgc.categoryname) 
            categoryname from tvchannels as tvc 
            left join tvchannelslist as tvl on tvc.channellistid = tvl.id
            left join channelgroup as cg on   cg.channelid=tvl.id and cg.hotelid = tvc.hotelid
            left join channelcategory as cgc on cgc.id = cg.categoryid
            where tvc.hotelid=4  
[2023-06-26 12:49:38] WizardSetupModel.INFO: Json Data : {"HomePageDetails":{"logo":"public\/uploads\/Template\/4\/2\/Logo.png","bg_img":"public\/uploads\/Template\/4\/2\/Background.png","welcome":"","welcome_txt":"fadsfdsf"}}  
[2023-06-26 12:55:20] WizardSetupModel.INFO: Query : CALL SP_WizardSetup('UPDATE',2,4,0,1)  
[2023-06-26 12:55:41] WizardSetupModel.INFO: Query : CALL SP_WizardSetup('UPDATE',2,4,0,1)  
[2023-06-26 13:00:14] WizardSetupModel.INFO: Query : select lc.brandid,(select bd.brandname from brand_details as bd where bd.id=lc.brandid) as brandname,lc.hotelname,lc.custmail,
            lc.location,lc.mobileno,lc.spocname,lc.address,lc.tempid,lc.channelfeedtype,tm.templatename,cf.channeltype
             FROM locations as lc 
             left join template as tm on tm.id = lc.tempid 
             left join channelfeed as cf on cf.id=lc.channelfeedtype where lc.id=4  
[2023-06-26 13:00:14] WizardSetupModel.INFO: Query : select fl.id,fl.name  from  hotelfeaturelist as hf  left join featurelist as fl on fl.id = hf.featureid
             where hf.hotelid=4  
[2023-06-26 13:00:14] WizardSetupModel.INFO: Query : select tvc.channelno,tvl.channelname,tvl.channellogo,tvc.channelip,tvc.channelport
            ,if(cg.categoryid is null,0,cg.categoryid) categoryid,if(cgc.categoryname is null,'Unknown',cgc.categoryname) 
            categoryname from tvchannels as tvc 
            left join tvchannelslist as tvl on tvc.channellistid = tvl.id
            left join channelgroup as cg on   cg.channelid=tvl.id and cg.hotelid = tvc.hotelid
            left join channelcategory as cgc on cgc.id = cg.categoryid
            where tvc.hotelid=4  
[2023-06-26 13:00:14] WizardSetupModel.INFO: Json Data : {"HomePageDetails":{"logo":"public\/uploads\/Template\/4\/2\/Logo.png","bg_img":"public\/uploads\/Template\/4\/2\/Background.png","welcome":"","welcome_txt":"fadsfdsf"}}  
[2023-06-26 13:01:18] WizardSetupModel.INFO: Query : select lc.brandid,(select bd.brandname from brand_details as bd where bd.id=lc.brandid) as brandname,lc.hotelname,lc.custmail,
            lc.location,lc.mobileno,lc.spocname,lc.address,lc.tempid,lc.channelfeedtype,tm.templatename,cf.channeltype
             FROM locations as lc 
             left join template as tm on tm.id = lc.tempid 
             left join channelfeed as cf on cf.id=lc.channelfeedtype where lc.id=4  
[2023-06-26 13:01:18] WizardSetupModel.INFO: Query : select fl.id,fl.name  from  hotelfeaturelist as hf  left join featurelist as fl on fl.id = hf.featureid
             where hf.hotelid=4  
[2023-06-26 13:01:18] WizardSetupModel.INFO: Query : select tvc.channelno,tvl.channelname,tvl.channellogo,tvc.channelip,tvc.channelport
            ,if(cg.categoryid is null,0,cg.categoryid) categoryid,if(cgc.categoryname is null,'Unknown',cgc.categoryname) 
            categoryname from tvchannels as tvc 
            left join tvchannelslist as tvl on tvc.channellistid = tvl.id
            left join channelgroup as cg on   cg.channelid=tvl.id and cg.hotelid = tvc.hotelid
            left join channelcategory as cgc on cgc.id = cg.categoryid
            where tvc.hotelid=4  
[2023-06-26 13:01:18] WizardSetupModel.INFO: Json Data : {"HomePageDetails":{"logo":"public\/uploads\/Template\/4\/2\/Logo.png","bg_img":"public\/uploads\/Template\/4\/2\/Background.png","welcome":"","welcome_txt":"fadsfdsf"}}  
[2023-06-26 13:01:40] WizardSetupModel.INFO: Query : insert into temphotelfeaturelist (hotelid,featureid) values(4,1)  
[2023-06-26 13:01:40] WizardSetupModel.INFO: Query : insert into temphotelfeaturelist (hotelid,featureid) values(4,2)  
[2023-06-26 13:01:40] WizardSetupModel.INFO: Query : CALL SP_WizardSetup('ADD',0,4,0,1)  
[2023-06-26 13:05:28] WizardSetupModel.INFO: Query : insert into temphotelfeaturelist (hotelid,featureid) values(4,1)  
[2023-06-26 13:05:28] WizardSetupModel.INFO: Query : insert into temphotelfeaturelist (hotelid,featureid) values(4,2)  
[2023-06-26 13:05:28] WizardSetupModel.INFO: Query : CALL SP_WizardSetup('ADD',0,4,0,1)  
[2023-06-26 13:05:30] WizardSetupModel.INFO: Query : insert into temphotelfeaturelist (hotelid,featureid) values(4,1)  
[2023-06-26 13:05:30] WizardSetupModel.INFO: Query : insert into temphotelfeaturelist (hotelid,featureid) values(4,2)  
[2023-06-26 13:05:30] WizardSetupModel.INFO: Query : CALL SP_WizardSetup('ADD',0,4,0,1)  
[2023-06-26 13:05:31] WizardSetupModel.INFO: Query : select lc.brandid,(select bd.brandname from brand_details as bd where bd.id=lc.brandid) as brandname,lc.hotelname,lc.custmail,
            lc.location,lc.mobileno,lc.spocname,lc.address,lc.tempid,lc.channelfeedtype,tm.templatename,cf.channeltype
             FROM locations as lc 
             left join template as tm on tm.id = lc.tempid 
             left join channelfeed as cf on cf.id=lc.channelfeedtype where lc.id=4  
[2023-06-26 13:05:31] WizardSetupModel.INFO: Query : select fl.id,fl.name  from  hotelfeaturelist as hf  left join featurelist as fl on fl.id = hf.featureid
             where hf.hotelid=4  
[2023-06-26 13:05:31] WizardSetupModel.INFO: Query : select tvc.channelno,tvl.channelname,tvl.channellogo,tvc.channelip,tvc.channelport
            ,if(cg.categoryid is null,0,cg.categoryid) categoryid,if(cgc.categoryname is null,'Unknown',cgc.categoryname) 
            categoryname from tvchannels as tvc 
            left join tvchannelslist as tvl on tvc.channellistid = tvl.id
            left join channelgroup as cg on   cg.channelid=tvl.id and cg.hotelid = tvc.hotelid
            left join channelcategory as cgc on cgc.id = cg.categoryid
            where tvc.hotelid=4  
[2023-06-26 13:05:31] WizardSetupModel.INFO: Json Data : {"HomePageDetails":{"logo":"public\/uploads\/Template\/4\/2\/Logo.png","bg_img":"public\/uploads\/Template\/4\/2\/Background.png","welcome":"","welcome_txt":"fasdfds"}}  
[2023-06-26 13:05:52] WizardSetupModel.INFO: Query : insert into temphotelfeaturelist (hotelid,featureid) values(4,1)  
[2023-06-26 13:05:52] WizardSetupModel.INFO: Query : insert into temphotelfeaturelist (hotelid,featureid) values(4,2)  
[2023-06-26 13:05:52] WizardSetupModel.INFO: Query : CALL SP_WizardSetup('ADD',0,4,0,1)  
[2023-06-26 13:06:29] WizardSetupModel.INFO: Query : select lc.brandid,(select bd.brandname from brand_details as bd where bd.id=lc.brandid) as brandname,lc.hotelname,lc.custmail,
            lc.location,lc.mobileno,lc.spocname,lc.address,lc.tempid,lc.channelfeedtype,tm.templatename,cf.channeltype
             FROM locations as lc 
             left join template as tm on tm.id = lc.tempid 
             left join channelfeed as cf on cf.id=lc.channelfeedtype where lc.id=4  
[2023-06-26 13:06:29] WizardSetupModel.INFO: Query : select fl.id,fl.name  from  hotelfeaturelist as hf  left join featurelist as fl on fl.id = hf.featureid
             where hf.hotelid=4  
[2023-06-26 13:06:29] WizardSetupModel.INFO: Query : select tvc.channelno,tvl.channelname,tvl.channellogo,tvc.channelip,tvc.channelport
            ,if(cg.categoryid is null,0,cg.categoryid) categoryid,if(cgc.categoryname is null,'Unknown',cgc.categoryname) 
            categoryname from tvchannels as tvc 
            left join tvchannelslist as tvl on tvc.channellistid = tvl.id
            left join channelgroup as cg on   cg.channelid=tvl.id and cg.hotelid = tvc.hotelid
            left join channelcategory as cgc on cgc.id = cg.categoryid
            where tvc.hotelid=4  
[2023-06-26 13:06:29] WizardSetupModel.INFO: Json Data : {"HomePageDetails":{"logo":"public\/uploads\/Template\/4\/2\/Logo.png","bg_img":"public\/uploads\/Template\/4\/2\/Background.png","welcome":"","welcome_txt":"teste"}}  
[2023-06-26 13:09:13] WizardSetupModel.INFO: Query : insert into temphotelfeaturelist (hotelid,featureid) values(4,1)  
[2023-06-26 13:09:13] WizardSetupModel.INFO: Query : insert into temphotelfeaturelist (hotelid,featureid) values(4,2)  
[2023-06-26 13:09:13] WizardSetupModel.INFO: Query : CALL SP_WizardSetup('ADD',0,4,0,1)  
[2023-06-26 13:10:17] WizardSetupModel.INFO: Query : select lc.brandid,(select bd.brandname from brand_details as bd where bd.id=lc.brandid) as brandname,lc.hotelname,lc.custmail,
            lc.location,lc.mobileno,lc.spocname,lc.address,lc.tempid,lc.channelfeedtype,tm.templatename,cf.channeltype
             FROM locations as lc 
             left join template as tm on tm.id = lc.tempid 
             left join channelfeed as cf on cf.id=lc.channelfeedtype where lc.id=12  
[2023-06-26 13:10:17] WizardSetupModel.INFO: Query : select fl.id,fl.name  from  hotelfeaturelist as hf  left join featurelist as fl on fl.id = hf.featureid
             where hf.hotelid=12  
[2023-06-26 13:10:17] WizardSetupModel.INFO: Query : select tvc.channelno,tvl.channelname,tvl.channellogo,tvc.channelip,tvc.channelport
            ,if(cg.categoryid is null,0,cg.categoryid) categoryid,if(cgc.categoryname is null,'Unknown',cgc.categoryname) 
            categoryname from tvchannels as tvc 
            left join tvchannelslist as tvl on tvc.channellistid = tvl.id
            left join channelgroup as cg on   cg.channelid=tvl.id and cg.hotelid = tvc.hotelid
            left join channelcategory as cgc on cgc.id = cg.categoryid
            where tvc.hotelid=12  
[2023-06-26 13:10:27] WizardSetupModel.INFO: Query : CALL SP_WizardSetup('UPDATE',3,12,0,1)  
[2023-06-26 13:14:03] WizardSetupModel.INFO: Query : select lc.brandid,(select bd.brandname from brand_details as bd where bd.id=lc.brandid) as brandname,lc.hotelname,lc.custmail,
            lc.location,lc.mobileno,lc.spocname,lc.address,lc.tempid,lc.channelfeedtype,tm.templatename,cf.channeltype
             FROM locations as lc 
             left join template as tm on tm.id = lc.tempid 
             left join channelfeed as cf on cf.id=lc.channelfeedtype where lc.id=12  
[2023-06-26 13:14:03] WizardSetupModel.INFO: Query : select fl.id,fl.name  from  hotelfeaturelist as hf  left join featurelist as fl on fl.id = hf.featureid
             where hf.hotelid=12  
[2023-06-26 13:14:03] WizardSetupModel.INFO: Query : select tvc.channelno,tvl.channelname,tvl.channellogo,tvc.channelip,tvc.channelport
            ,if(cg.categoryid is null,0,cg.categoryid) categoryid,if(cgc.categoryname is null,'Unknown',cgc.categoryname) 
            categoryname from tvchannels as tvc 
            left join tvchannelslist as tvl on tvc.channellistid = tvl.id
            left join channelgroup as cg on   cg.channelid=tvl.id and cg.hotelid = tvc.hotelid
            left join channelcategory as cgc on cgc.id = cg.categoryid
            where tvc.hotelid=12  
[2023-06-26 13:14:19] WizardSetupModel.INFO: Query : select lc.brandid,(select bd.brandname from brand_details as bd where bd.id=lc.brandid) as brandname,lc.hotelname,lc.custmail,
            lc.location,lc.mobileno,lc.spocname,lc.address,lc.tempid,lc.channelfeedtype,tm.templatename,cf.channeltype
             FROM locations as lc 
             left join template as tm on tm.id = lc.tempid 
             left join channelfeed as cf on cf.id=lc.channelfeedtype where lc.id=12  
[2023-06-26 13:14:19] WizardSetupModel.INFO: Query : select fl.id,fl.name  from  hotelfeaturelist as hf  left join featurelist as fl on fl.id = hf.featureid
             where hf.hotelid=12  
[2023-06-26 13:14:19] WizardSetupModel.INFO: Query : select tvc.channelno,tvl.channelname,tvl.channellogo,tvc.channelip,tvc.channelport
            ,if(cg.categoryid is null,0,cg.categoryid) categoryid,if(cgc.categoryname is null,'Unknown',cgc.categoryname) 
            categoryname from tvchannels as tvc 
            left join tvchannelslist as tvl on tvc.channellistid = tvl.id
            left join channelgroup as cg on   cg.channelid=tvl.id and cg.hotelid = tvc.hotelid
            left join channelcategory as cgc on cgc.id = cg.categoryid
            where tvc.hotelid=12  
[2023-06-26 13:18:31] WizardSetupModel.INFO: Query : select lc.brandid,(select bd.brandname from brand_details as bd where bd.id=lc.brandid) as brandname,lc.hotelname,lc.custmail,
            lc.location,lc.mobileno,lc.spocname,lc.address,lc.tempid,lc.channelfeedtype,tm.templatename,cf.channeltype
             FROM locations as lc 
             left join template as tm on tm.id = lc.tempid 
             left join channelfeed as cf on cf.id=lc.channelfeedtype where lc.id=12  
[2023-06-26 13:18:31] WizardSetupModel.INFO: Query : select fl.id,fl.name  from  hotelfeaturelist as hf  left join featurelist as fl on fl.id = hf.featureid
             where hf.hotelid=12  
[2023-06-26 13:18:31] WizardSetupModel.INFO: Query : select tvc.channelno,tvl.channelname,tvl.channellogo,tvc.channelip,tvc.channelport
            ,if(cg.categoryid is null,0,cg.categoryid) categoryid,if(cgc.categoryname is null,'Unknown',cgc.categoryname) 
            categoryname from tvchannels as tvc 
            left join tvchannelslist as tvl on tvc.channellistid = tvl.id
            left join channelgroup as cg on   cg.channelid=tvl.id and cg.hotelid = tvc.hotelid
            left join channelcategory as cgc on cgc.id = cg.categoryid
            where tvc.hotelid=12  
[2023-06-26 13:18:36] WizardSetupModel.INFO: Query : select lc.brandid,(select bd.brandname from brand_details as bd where bd.id=lc.brandid) as brandname,lc.hotelname,lc.custmail,
            lc.location,lc.mobileno,lc.spocname,lc.address,lc.tempid,lc.channelfeedtype,tm.templatename,cf.channeltype
             FROM locations as lc 
             left join template as tm on tm.id = lc.tempid 
             left join channelfeed as cf on cf.id=lc.channelfeedtype where lc.id=5  
[2023-06-26 13:18:36] WizardSetupModel.INFO: Query : select fl.id,fl.name  from  hotelfeaturelist as hf  left join featurelist as fl on fl.id = hf.featureid
             where hf.hotelid=5  
[2023-06-26 13:18:36] WizardSetupModel.INFO: Query : select tvc.channelno,tvl.channelname,tvl.channellogo,tvc.channelip,tvc.channelport
            ,if(cg.categoryid is null,0,cg.categoryid) categoryid,if(cgc.categoryname is null,'Unknown',cgc.categoryname) 
            categoryname from tvchannels as tvc 
            left join tvchannelslist as tvl on tvc.channellistid = tvl.id
            left join channelgroup as cg on   cg.channelid=tvl.id and cg.hotelid = tvc.hotelid
            left join channelcategory as cgc on cgc.id = cg.categoryid
            where tvc.hotelid=5  
[2023-06-26 13:18:38] WizardSetupModel.INFO: Query : CALL SP_WizardSetup('UPDATE',2,5,0,1)  
[2023-06-26 13:19:06] WizardSetupModel.INFO: Query : insert into temphotelfeaturelist (hotelid,featureid) values(5,1)  
[2023-06-26 13:19:06] WizardSetupModel.INFO: Query : insert into temphotelfeaturelist (hotelid,featureid) values(5,2)  
[2023-06-26 13:19:06] WizardSetupModel.INFO: Query : CALL SP_WizardSetup('ADD',0,5,0,1)  
[2023-06-26 13:35:36] WizardSetupModel.INFO: Query : select lc.brandid,(select bd.brandname from brand_details as bd where bd.id=lc.brandid) as brandname,lc.hotelname,lc.custmail,
            lc.location,lc.mobileno,lc.spocname,lc.address,lc.tempid,lc.channelfeedtype,tm.templatename,cf.channeltype
             FROM locations as lc 
             left join template as tm on tm.id = lc.tempid 
             left join channelfeed as cf on cf.id=lc.channelfeedtype where lc.id=4  
[2023-06-26 13:35:36] WizardSetupModel.INFO: Query : select fl.id,fl.name  from  hotelfeaturelist as hf  left join featurelist as fl on fl.id = hf.featureid
             where hf.hotelid=4  
[2023-06-26 13:35:36] WizardSetupModel.INFO: Query : select tvc.channelno,tvl.channelname,tvl.channellogo,tvc.channelip,tvc.channelport
            ,if(cg.categoryid is null,0,cg.categoryid) categoryid,if(cgc.categoryname is null,'Unknown',cgc.categoryname) 
            categoryname from tvchannels as tvc 
            left join tvchannelslist as tvl on tvc.channellistid = tvl.id
            left join channelgroup as cg on   cg.channelid=tvl.id and cg.hotelid = tvc.hotelid
            left join channelcategory as cgc on cgc.id = cg.categoryid
            where tvc.hotelid=4  
[2023-06-26 13:35:36] WizardSetupModel.INFO: Json Data : {"HomePageDetails":{"logo":"public\/uploads\/Template\/4\/2\/Logo.png","bg_img":"public\/uploads\/Template\/4\/2\/Background.png","welcome":"","welcome_txt":"testee","menu":[]}}  
[2023-06-26 13:36:17] WizardSetupModel.INFO: Query : select lc.brandid,(select bd.brandname from brand_details as bd where bd.id=lc.brandid) as brandname,lc.hotelname,lc.custmail,
            lc.location,lc.mobileno,lc.spocname,lc.address,lc.tempid,lc.channelfeedtype,tm.templatename,cf.channeltype
             FROM locations as lc 
             left join template as tm on tm.id = lc.tempid 
             left join channelfeed as cf on cf.id=lc.channelfeedtype where lc.id=12  
[2023-06-26 13:36:17] WizardSetupModel.INFO: Query : select fl.id,fl.name  from  hotelfeaturelist as hf  left join featurelist as fl on fl.id = hf.featureid
             where hf.hotelid=12  
[2023-06-26 13:36:17] WizardSetupModel.INFO: Query : select tvc.channelno,tvl.channelname,tvl.channellogo,tvc.channelip,tvc.channelport
            ,if(cg.categoryid is null,0,cg.categoryid) categoryid,if(cgc.categoryname is null,'Unknown',cgc.categoryname) 
            categoryname from tvchannels as tvc 
            left join tvchannelslist as tvl on tvc.channellistid = tvl.id
            left join channelgroup as cg on   cg.channelid=tvl.id and cg.hotelid = tvc.hotelid
            left join channelcategory as cgc on cgc.id = cg.categoryid
            where tvc.hotelid=12  
