[2023-06-26 11:58:25] DBModel.INFO:  Result : No Records Found  
[2023-06-26 11:58:25] DBModel.INFO:  Result : No Records Found  
[2023-06-26 12:00:01] DBModel.INFO:  Result : No Records Found  
[2023-06-26 12:00:01] DBModel.INFO:  Result : No Records Found  
[2023-06-26 12:00:24] DBModel.INFO: Mysql Error Message :   
[2023-06-26 12:00:24] DBModel.INFO: Mysql Error Message :   
[2023-06-26 12:04:23] DBModel.INFO: Mysql Error Message :   
[2023-06-26 12:04:23] DBModel.INFO: Mysql Error Message :   
[2023-06-26 12:05:32] DBModel.INFO: Mysql Error Message :   
[2023-06-26 12:05:32] DBModel.INFO: Mysql Error Message :   
[2023-06-26 12:07:46] DBModel.INFO:  Result : No Records Found  
[2023-06-26 12:07:46] DBModel.INFO:  Result : No Records Found  
[2023-06-26 12:08:50] DBModel.INFO:  Result : No Records Found  
[2023-06-26 12:08:50] DBModel.INFO:  Result : No Records Found  
[2023-06-26 12:09:43] DBModel.INFO:  Result : No Records Found  
[2023-06-26 12:09:43] DBModel.INFO:  Result : No Records Found  
[2023-06-26 12:10:10] DBModel.INFO:  Result : No Records Found  
[2023-06-26 12:10:10] DBModel.INFO:  Result : No Records Found  
[2023-06-26 12:12:53] DBModel.INFO: ======= START DBError ================  
[2023-06-26 12:12:53] DBModel.ERROR: Error Code : 401Error Message : No Records Found  
[2023-06-26 12:12:53] DBModel.ERROR: Error File : /var/www/projects/ottproduct/api/v1/src/Model/DB.phpError Line : 108  
[2023-06-26 12:12:53] DBModel.ERROR: Error Trace String : #0 /var/www/projects/ottproduct/api/v1/src/Model/WizardSetupModel.php(202): App\Model\DB->getMultiDatasByObjects()
#1 /var/www/projects/ottproduct/api/v1/src/Domain/Repository/WizardSetup/WizardSetupRepository.php(143): App\Model\WizardSetupModel->gettemplateDetailsModel()
#2 /var/www/projects/ottproduct/api/v1/src/Application/Actions/WizardSetup/WizardSetupAction.php(250): App\Domain\Repository\WizardSetup\WizardSetupRepository->gettemplateDetails()
#3 /var/www/projects/ottproduct/api/v1/vendor/slim/slim/Slim/Handlers/Strategies/RequestResponse.php(38): App\Application\Actions\WizardSetup\WizardSetupAction->GetTemplateDetails()
#4 /var/www/projects/ottproduct/api/v1/vendor/slim/slim/Slim/Routing/Route.php(358): Slim\Handlers\Strategies\RequestResponse->__invoke()
#5 /var/www/projects/ottproduct/api/v1/src/Application/Middleware/AuthMiddleware.php(60): Slim\Routing\Route->handle()
#6 /var/www/projects/ottproduct/api/v1/vendor/slim/slim/Slim/MiddlewareDispatcher.php(121): App\Application\Middleware\AuthMiddleware->process()
#7 /var/www/projects/ottproduct/api/v1/vendor/slim/slim/Slim/MiddlewareDispatcher.php(65): Psr\Http\Server\RequestHandlerInterface@anonymous->handle()
#8 /var/www/projects/ottproduct/api/v1/vendor/slim/slim/Slim/MiddlewareDispatcher.php(65): Slim\MiddlewareDispatcher->handle()
#9 /var/www/projects/ottproduct/api/v1/vendor/slim/slim/Slim/Routing/Route.php(315): Slim\MiddlewareDispatcher->handle()
#10 /var/www/projects/ottproduct/api/v1/vendor/slim/slim/Slim/Routing/RouteRunner.php(68): Slim\Routing\Route->run()
#11 /var/www/projects/ottproduct/api/v1/src/Application/Middleware/SessionMiddleware.php(26): Slim\Routing\RouteRunner->handle()
#12 /var/www/projects/ottproduct/api/v1/vendor/slim/slim/Slim/MiddlewareDispatcher.php(168): App\Application\Middleware\SessionMiddleware->process()
#13 /var/www/projects/ottproduct/api/v1/vendor/slim/slim/Slim/Middleware/RoutingMiddleware.php(45): Psr\Http\Server\RequestHandlerInterface@anonymous->handle()
#14 /var/www/projects/ottproduct/api/v1/vendor/slim/slim/Slim/MiddlewareDispatcher.php(121): Slim\Middleware\RoutingMiddleware->process()
#15 /var/www/projects/ottproduct/api/v1/vendor/selective/basepath/src/BasePathMiddleware.php(52): Psr\Http\Server\RequestHandlerInterface@anonymous->handle()
#16 /var/www/projects/ottproduct/api/v1/vendor/slim/slim/Slim/MiddlewareDispatcher.php(121): Selective\BasePath\BasePathMiddleware->process()
#17 /var/www/projects/ottproduct/api/v1/vendor/slim/slim/Slim/Middleware/BodyParsingMiddleware.php(64): Psr\Http\Server\RequestHandlerInterface@anonymous->handle()
#18 /var/www/projects/ottproduct/api/v1/vendor/slim/slim/Slim/MiddlewareDispatcher.php(121): Slim\Middleware\BodyParsingMiddleware->process()
#19 /var/www/projects/ottproduct/api/v1/vendor/slim/slim/Slim/Middleware/ErrorMiddleware.php(76): Psr\Http\Server\RequestHandlerInterface@anonymous->handle()
#20 /var/www/projects/ottproduct/api/v1/vendor/slim/slim/Slim/MiddlewareDispatcher.php(121): Slim\Middleware\ErrorMiddleware->process()
#21 /var/www/projects/ottproduct/api/v1/vendor/tuupola/cors-middleware/src/CorsMiddleware.php(158): Psr\Http\Server\RequestHandlerInterface@anonymous->handle()
#22 /var/www/projects/ottproduct/api/v1/vendor/slim/slim/Slim/MiddlewareDispatcher.php(121): Tuupola\Middleware\CorsMiddleware->process()
#23 /var/www/projects/ottproduct/api/v1/vendor/slim/slim/Slim/MiddlewareDispatcher.php(65): Psr\Http\Server\RequestHandlerInterface@anonymous->handle()
#24 /var/www/projects/ottproduct/api/v1/vendor/slim/slim/Slim/App.php(199): Slim\MiddlewareDispatcher->handle()
#25 /var/www/projects/ottproduct/api/v1/public/index.php(94): Slim\App->handle()
#26 {main}  
[2023-06-26 12:12:53] DBModel.INFO: ======= END DBError ================  
[2023-06-26 12:16:41] DBModel.INFO: ======= START DBError ================  
[2023-06-26 12:16:41] DBModel.ERROR: Error Code : 401Error Message : No Records Found  
[2023-06-26 12:16:41] DBModel.ERROR: Error File : /var/www/projects/ottproduct/api/v1/src/Model/DB.phpError Line : 108  
[2023-06-26 12:16:41] DBModel.ERROR: Error Trace String : #0 /var/www/projects/ottproduct/api/v1/src/Model/WizardSetupModel.php(202): App\Model\DB->getMultiDatasByObjects()
#1 /var/www/projects/ottproduct/api/v1/src/Domain/Repository/WizardSetup/WizardSetupRepository.php(143): App\Model\WizardSetupModel->gettemplateDetailsModel()
#2 /var/www/projects/ottproduct/api/v1/src/Application/Actions/WizardSetup/WizardSetupAction.php(250): App\Domain\Repository\WizardSetup\WizardSetupRepository->gettemplateDetails()
#3 /var/www/projects/ottproduct/api/v1/vendor/slim/slim/Slim/Handlers/Strategies/RequestResponse.php(38): App\Application\Actions\WizardSetup\WizardSetupAction->GetTemplateDetails()
#4 /var/www/projects/ottproduct/api/v1/vendor/slim/slim/Slim/Routing/Route.php(358): Slim\Handlers\Strategies\RequestResponse->__invoke()
#5 /var/www/projects/ottproduct/api/v1/src/Application/Middleware/AuthMiddleware.php(60): Slim\Routing\Route->handle()
#6 /var/www/projects/ottproduct/api/v1/vendor/slim/slim/Slim/MiddlewareDispatcher.php(121): App\Application\Middleware\AuthMiddleware->process()
#7 /var/www/projects/ottproduct/api/v1/vendor/slim/slim/Slim/MiddlewareDispatcher.php(65): Psr\Http\Server\RequestHandlerInterface@anonymous->handle()
#8 /var/www/projects/ottproduct/api/v1/vendor/slim/slim/Slim/MiddlewareDispatcher.php(65): Slim\MiddlewareDispatcher->handle()
#9 /var/www/projects/ottproduct/api/v1/vendor/slim/slim/Slim/Routing/Route.php(315): Slim\MiddlewareDispatcher->handle()
#10 /var/www/projects/ottproduct/api/v1/vendor/slim/slim/Slim/Routing/RouteRunner.php(68): Slim\Routing\Route->run()
#11 /var/www/projects/ottproduct/api/v1/src/Application/Middleware/SessionMiddleware.php(26): Slim\Routing\RouteRunner->handle()
#12 /var/www/projects/ottproduct/api/v1/vendor/slim/slim/Slim/MiddlewareDispatcher.php(168): App\Application\Middleware\SessionMiddleware->process()
#13 /var/www/projects/ottproduct/api/v1/vendor/slim/slim/Slim/Middleware/RoutingMiddleware.php(45): Psr\Http\Server\RequestHandlerInterface@anonymous->handle()
#14 /var/www/projects/ottproduct/api/v1/vendor/slim/slim/Slim/MiddlewareDispatcher.php(121): Slim\Middleware\RoutingMiddleware->process()
#15 /var/www/projects/ottproduct/api/v1/vendor/selective/basepath/src/BasePathMiddleware.php(52): Psr\Http\Server\RequestHandlerInterface@anonymous->handle()
#16 /var/www/projects/ottproduct/api/v1/vendor/slim/slim/Slim/MiddlewareDispatcher.php(121): Selective\BasePath\BasePathMiddleware->process()
#17 /var/www/projects/ottproduct/api/v1/vendor/slim/slim/Slim/Middleware/BodyParsingMiddleware.php(64): Psr\Http\Server\RequestHandlerInterface@anonymous->handle()
#18 /var/www/projects/ottproduct/api/v1/vendor/slim/slim/Slim/MiddlewareDispatcher.php(121): Slim\Middleware\BodyParsingMiddleware->process()
#19 /var/www/projects/ottproduct/api/v1/vendor/slim/slim/Slim/Middleware/ErrorMiddleware.php(76): Psr\Http\Server\RequestHandlerInterface@anonymous->handle()
#20 /var/www/projects/ottproduct/api/v1/vendor/slim/slim/Slim/MiddlewareDispatcher.php(121): Slim\Middleware\ErrorMiddleware->process()
#21 /var/www/projects/ottproduct/api/v1/vendor/tuupola/cors-middleware/src/CorsMiddleware.php(158): Psr\Http\Server\RequestHandlerInterface@anonymous->handle()
#22 /var/www/projects/ottproduct/api/v1/vendor/slim/slim/Slim/MiddlewareDispatcher.php(121): Tuupola\Middleware\CorsMiddleware->process()
#23 /var/www/projects/ottproduct/api/v1/vendor/slim/slim/Slim/MiddlewareDispatcher.php(65): Psr\Http\Server\RequestHandlerInterface@anonymous->handle()
#24 /var/www/projects/ottproduct/api/v1/vendor/slim/slim/Slim/App.php(199): Slim\MiddlewareDispatcher->handle()
#25 /var/www/projects/ottproduct/api/v1/public/index.php(94): Slim\App->handle()
#26 {main}  
[2023-06-26 12:16:41] DBModel.INFO: ======= END DBError ================  
[2023-06-26 12:17:04] DBModel.INFO: ======= START DBError ================  
[2023-06-26 12:17:04] DBModel.ERROR: Error Code : 401Error Message : No Records Found  
[2023-06-26 12:17:04] DBModel.ERROR: Error File : /var/www/projects/ottproduct/api/v1/src/Model/DB.phpError Line : 108  
[2023-06-26 12:17:04] DBModel.ERROR: Error Trace String : #0 /var/www/projects/ottproduct/api/v1/src/Model/WizardSetupModel.php(202): App\Model\DB->getMultiDatasByObjects()
#1 /var/www/projects/ottproduct/api/v1/src/Domain/Repository/WizardSetup/WizardSetupRepository.php(143): App\Model\WizardSetupModel->gettemplateDetailsModel()
#2 /var/www/projects/ottproduct/api/v1/src/Application/Actions/WizardSetup/WizardSetupAction.php(250): App\Domain\Repository\WizardSetup\WizardSetupRepository->gettemplateDetails()
#3 /var/www/projects/ottproduct/api/v1/vendor/slim/slim/Slim/Handlers/Strategies/RequestResponse.php(38): App\Application\Actions\WizardSetup\WizardSetupAction->GetTemplateDetails()
#4 /var/www/projects/ottproduct/api/v1/vendor/slim/slim/Slim/Routing/Route.php(358): Slim\Handlers\Strategies\RequestResponse->__invoke()
#5 /var/www/projects/ottproduct/api/v1/src/Application/Middleware/AuthMiddleware.php(60): Slim\Routing\Route->handle()
#6 /var/www/projects/ottproduct/api/v1/vendor/slim/slim/Slim/MiddlewareDispatcher.php(121): App\Application\Middleware\AuthMiddleware->process()
#7 /var/www/projects/ottproduct/api/v1/vendor/slim/slim/Slim/MiddlewareDispatcher.php(65): Psr\Http\Server\RequestHandlerInterface@anonymous->handle()
#8 /var/www/projects/ottproduct/api/v1/vendor/slim/slim/Slim/MiddlewareDispatcher.php(65): Slim\MiddlewareDispatcher->handle()
#9 /var/www/projects/ottproduct/api/v1/vendor/slim/slim/Slim/Routing/Route.php(315): Slim\MiddlewareDispatcher->handle()
#10 /var/www/projects/ottproduct/api/v1/vendor/slim/slim/Slim/Routing/RouteRunner.php(68): Slim\Routing\Route->run()
#11 /var/www/projects/ottproduct/api/v1/src/Application/Middleware/SessionMiddleware.php(26): Slim\Routing\RouteRunner->handle()
#12 /var/www/projects/ottproduct/api/v1/vendor/slim/slim/Slim/MiddlewareDispatcher.php(168): App\Application\Middleware\SessionMiddleware->process()
#13 /var/www/projects/ottproduct/api/v1/vendor/slim/slim/Slim/Middleware/RoutingMiddleware.php(45): Psr\Http\Server\RequestHandlerInterface@anonymous->handle()
#14 /var/www/projects/ottproduct/api/v1/vendor/slim/slim/Slim/MiddlewareDispatcher.php(121): Slim\Middleware\RoutingMiddleware->process()
#15 /var/www/projects/ottproduct/api/v1/vendor/selective/basepath/src/BasePathMiddleware.php(52): Psr\Http\Server\RequestHandlerInterface@anonymous->handle()
#16 /var/www/projects/ottproduct/api/v1/vendor/slim/slim/Slim/MiddlewareDispatcher.php(121): Selective\BasePath\BasePathMiddleware->process()
#17 /var/www/projects/ottproduct/api/v1/vendor/slim/slim/Slim/Middleware/BodyParsingMiddleware.php(64): Psr\Http\Server\RequestHandlerInterface@anonymous->handle()
#18 /var/www/projects/ottproduct/api/v1/vendor/slim/slim/Slim/MiddlewareDispatcher.php(121): Slim\Middleware\BodyParsingMiddleware->process()
#19 /var/www/projects/ottproduct/api/v1/vendor/slim/slim/Slim/Middleware/ErrorMiddleware.php(76): Psr\Http\Server\RequestHandlerInterface@anonymous->handle()
#20 /var/www/projects/ottproduct/api/v1/vendor/slim/slim/Slim/MiddlewareDispatcher.php(121): Slim\Middleware\ErrorMiddleware->process()
#21 /var/www/projects/ottproduct/api/v1/vendor/tuupola/cors-middleware/src/CorsMiddleware.php(158): Psr\Http\Server\RequestHandlerInterface@anonymous->handle()
#22 /var/www/projects/ottproduct/api/v1/vendor/slim/slim/Slim/MiddlewareDispatcher.php(121): Tuupola\Middleware\CorsMiddleware->process()
#23 /var/www/projects/ottproduct/api/v1/vendor/slim/slim/Slim/MiddlewareDispatcher.php(65): Psr\Http\Server\RequestHandlerInterface@anonymous->handle()
#24 /var/www/projects/ottproduct/api/v1/vendor/slim/slim/Slim/App.php(199): Slim\MiddlewareDispatcher->handle()
#25 /var/www/projects/ottproduct/api/v1/public/index.php(94): Slim\App->handle()
#26 {main}  
[2023-06-26 12:17:04] DBModel.INFO: ======= END DBError ================  
[2023-06-26 12:17:37] DBModel.INFO: ======= START DBError ================  
[2023-06-26 12:17:37] DBModel.ERROR: Error Code : 401Error Message : No Records Found  
[2023-06-26 12:17:37] DBModel.ERROR: Error File : /var/www/projects/ottproduct/api/v1/src/Model/DB.phpError Line : 108  
[2023-06-26 12:17:37] DBModel.ERROR: Error Trace String : #0 /var/www/projects/ottproduct/api/v1/src/Model/WizardSetupModel.php(202): App\Model\DB->getMultiDatasByObjects()
#1 /var/www/projects/ottproduct/api/v1/src/Domain/Repository/WizardSetup/WizardSetupRepository.php(143): App\Model\WizardSetupModel->gettemplateDetailsModel()
#2 /var/www/projects/ottproduct/api/v1/src/Application/Actions/WizardSetup/WizardSetupAction.php(250): App\Domain\Repository\WizardSetup\WizardSetupRepository->gettemplateDetails()
#3 /var/www/projects/ottproduct/api/v1/vendor/slim/slim/Slim/Handlers/Strategies/RequestResponse.php(38): App\Application\Actions\WizardSetup\WizardSetupAction->GetTemplateDetails()
#4 /var/www/projects/ottproduct/api/v1/vendor/slim/slim/Slim/Routing/Route.php(358): Slim\Handlers\Strategies\RequestResponse->__invoke()
#5 /var/www/projects/ottproduct/api/v1/src/Application/Middleware/AuthMiddleware.php(60): Slim\Routing\Route->handle()
#6 /var/www/projects/ottproduct/api/v1/vendor/slim/slim/Slim/MiddlewareDispatcher.php(121): App\Application\Middleware\AuthMiddleware->process()
#7 /var/www/projects/ottproduct/api/v1/vendor/slim/slim/Slim/MiddlewareDispatcher.php(65): Psr\Http\Server\RequestHandlerInterface@anonymous->handle()
#8 /var/www/projects/ottproduct/api/v1/vendor/slim/slim/Slim/MiddlewareDispatcher.php(65): Slim\MiddlewareDispatcher->handle()
#9 /var/www/projects/ottproduct/api/v1/vendor/slim/slim/Slim/Routing/Route.php(315): Slim\MiddlewareDispatcher->handle()
#10 /var/www/projects/ottproduct/api/v1/vendor/slim/slim/Slim/Routing/RouteRunner.php(68): Slim\Routing\Route->run()
#11 /var/www/projects/ottproduct/api/v1/src/Application/Middleware/SessionMiddleware.php(26): Slim\Routing\RouteRunner->handle()
#12 /var/www/projects/ottproduct/api/v1/vendor/slim/slim/Slim/MiddlewareDispatcher.php(168): App\Application\Middleware\SessionMiddleware->process()
#13 /var/www/projects/ottproduct/api/v1/vendor/slim/slim/Slim/Middleware/RoutingMiddleware.php(45): Psr\Http\Server\RequestHandlerInterface@anonymous->handle()
#14 /var/www/projects/ottproduct/api/v1/vendor/slim/slim/Slim/MiddlewareDispatcher.php(121): Slim\Middleware\RoutingMiddleware->process()
#15 /var/www/projects/ottproduct/api/v1/vendor/selective/basepath/src/BasePathMiddleware.php(52): Psr\Http\Server\RequestHandlerInterface@anonymous->handle()
#16 /var/www/projects/ottproduct/api/v1/vendor/slim/slim/Slim/MiddlewareDispatcher.php(121): Selective\BasePath\BasePathMiddleware->process()
#17 /var/www/projects/ottproduct/api/v1/vendor/slim/slim/Slim/Middleware/BodyParsingMiddleware.php(64): Psr\Http\Server\RequestHandlerInterface@anonymous->handle()
#18 /var/www/projects/ottproduct/api/v1/vendor/slim/slim/Slim/MiddlewareDispatcher.php(121): Slim\Middleware\BodyParsingMiddleware->process()
#19 /var/www/projects/ottproduct/api/v1/vendor/slim/slim/Slim/Middleware/ErrorMiddleware.php(76): Psr\Http\Server\RequestHandlerInterface@anonymous->handle()
#20 /var/www/projects/ottproduct/api/v1/vendor/slim/slim/Slim/MiddlewareDispatcher.php(121): Slim\Middleware\ErrorMiddleware->process()
#21 /var/www/projects/ottproduct/api/v1/vendor/tuupola/cors-middleware/src/CorsMiddleware.php(158): Psr\Http\Server\RequestHandlerInterface@anonymous->handle()
#22 /var/www/projects/ottproduct/api/v1/vendor/slim/slim/Slim/MiddlewareDispatcher.php(121): Tuupola\Middleware\CorsMiddleware->process()
#23 /var/www/projects/ottproduct/api/v1/vendor/slim/slim/Slim/MiddlewareDispatcher.php(65): Psr\Http\Server\RequestHandlerInterface@anonymous->handle()
#24 /var/www/projects/ottproduct/api/v1/vendor/slim/slim/Slim/App.php(199): Slim\MiddlewareDispatcher->handle()
#25 /var/www/projects/ottproduct/api/v1/public/index.php(94): Slim\App->handle()
#26 {main}  
[2023-06-26 12:17:37] DBModel.INFO: ======= END DBError ================  
[2023-06-26 12:18:40] DBModel.INFO: ======= START DBError ================  
[2023-06-26 12:18:40] DBModel.ERROR: Error Code : 401Error Message : No Records Found  
[2023-06-26 12:18:40] DBModel.ERROR: Error File : /var/www/projects/ottproduct/api/v1/src/Model/DB.phpError Line : 108  
[2023-06-26 12:18:40] DBModel.ERROR: Error Trace String : #0 /var/www/projects/ottproduct/api/v1/src/Model/WizardSetupModel.php(202): App\Model\DB->getMultiDatasByObjects()
#1 /var/www/projects/ottproduct/api/v1/src/Domain/Repository/WizardSetup/WizardSetupRepository.php(143): App\Model\WizardSetupModel->gettemplateDetailsModel()
#2 /var/www/projects/ottproduct/api/v1/src/Application/Actions/WizardSetup/WizardSetupAction.php(250): App\Domain\Repository\WizardSetup\WizardSetupRepository->gettemplateDetails()
#3 /var/www/projects/ottproduct/api/v1/vendor/slim/slim/Slim/Handlers/Strategies/RequestResponse.php(38): App\Application\Actions\WizardSetup\WizardSetupAction->GetTemplateDetails()
#4 /var/www/projects/ottproduct/api/v1/vendor/slim/slim/Slim/Routing/Route.php(358): Slim\Handlers\Strategies\RequestResponse->__invoke()
#5 /var/www/projects/ottproduct/api/v1/src/Application/Middleware/AuthMiddleware.php(60): Slim\Routing\Route->handle()
#6 /var/www/projects/ottproduct/api/v1/vendor/slim/slim/Slim/MiddlewareDispatcher.php(121): App\Application\Middleware\AuthMiddleware->process()
#7 /var/www/projects/ottproduct/api/v1/vendor/slim/slim/Slim/MiddlewareDispatcher.php(65): Psr\Http\Server\RequestHandlerInterface@anonymous->handle()
#8 /var/www/projects/ottproduct/api/v1/vendor/slim/slim/Slim/MiddlewareDispatcher.php(65): Slim\MiddlewareDispatcher->handle()
#9 /var/www/projects/ottproduct/api/v1/vendor/slim/slim/Slim/Routing/Route.php(315): Slim\MiddlewareDispatcher->handle()
#10 /var/www/projects/ottproduct/api/v1/vendor/slim/slim/Slim/Routing/RouteRunner.php(68): Slim\Routing\Route->run()
#11 /var/www/projects/ottproduct/api/v1/src/Application/Middleware/SessionMiddleware.php(26): Slim\Routing\RouteRunner->handle()
#12 /var/www/projects/ottproduct/api/v1/vendor/slim/slim/Slim/MiddlewareDispatcher.php(168): App\Application\Middleware\SessionMiddleware->process()
#13 /var/www/projects/ottproduct/api/v1/vendor/slim/slim/Slim/Middleware/RoutingMiddleware.php(45): Psr\Http\Server\RequestHandlerInterface@anonymous->handle()
#14 /var/www/projects/ottproduct/api/v1/vendor/slim/slim/Slim/MiddlewareDispatcher.php(121): Slim\Middleware\RoutingMiddleware->process()
#15 /var/www/projects/ottproduct/api/v1/vendor/selective/basepath/src/BasePathMiddleware.php(52): Psr\Http\Server\RequestHandlerInterface@anonymous->handle()
#16 /var/www/projects/ottproduct/api/v1/vendor/slim/slim/Slim/MiddlewareDispatcher.php(121): Selective\BasePath\BasePathMiddleware->process()
#17 /var/www/projects/ottproduct/api/v1/vendor/slim/slim/Slim/Middleware/BodyParsingMiddleware.php(64): Psr\Http\Server\RequestHandlerInterface@anonymous->handle()
#18 /var/www/projects/ottproduct/api/v1/vendor/slim/slim/Slim/MiddlewareDispatcher.php(121): Slim\Middleware\BodyParsingMiddleware->process()
#19 /var/www/projects/ottproduct/api/v1/vendor/slim/slim/Slim/Middleware/ErrorMiddleware.php(76): Psr\Http\Server\RequestHandlerInterface@anonymous->handle()
#20 /var/www/projects/ottproduct/api/v1/vendor/slim/slim/Slim/MiddlewareDispatcher.php(121): Slim\Middleware\ErrorMiddleware->process()
#21 /var/www/projects/ottproduct/api/v1/vendor/tuupola/cors-middleware/src/CorsMiddleware.php(158): Psr\Http\Server\RequestHandlerInterface@anonymous->handle()
#22 /var/www/projects/ottproduct/api/v1/vendor/slim/slim/Slim/MiddlewareDispatcher.php(121): Tuupola\Middleware\CorsMiddleware->process()
#23 /var/www/projects/ottproduct/api/v1/vendor/slim/slim/Slim/MiddlewareDispatcher.php(65): Psr\Http\Server\RequestHandlerInterface@anonymous->handle()
#24 /var/www/projects/ottproduct/api/v1/vendor/slim/slim/Slim/App.php(199): Slim\MiddlewareDispatcher->handle()
#25 /var/www/projects/ottproduct/api/v1/public/index.php(94): Slim\App->handle()
#26 {main}  
[2023-06-26 12:18:40] DBModel.INFO: ======= END DBError ================  
[2023-06-26 12:19:19] DBModel.INFO: ======= START DBError ================  
[2023-06-26 12:19:19] DBModel.ERROR: Error Code : 401Error Message : No Records Found  
[2023-06-26 12:19:19] DBModel.ERROR: Error File : /var/www/projects/ottproduct/api/v1/src/Model/DB.phpError Line : 108  
[2023-06-26 12:19:19] DBModel.ERROR: Error Trace String : #0 /var/www/projects/ottproduct/api/v1/src/Model/WizardSetupModel.php(202): App\Model\DB->getMultiDatasByObjects()
#1 /var/www/projects/ottproduct/api/v1/src/Domain/Repository/WizardSetup/WizardSetupRepository.php(143): App\Model\WizardSetupModel->gettemplateDetailsModel()
#2 /var/www/projects/ottproduct/api/v1/src/Application/Actions/WizardSetup/WizardSetupAction.php(250): App\Domain\Repository\WizardSetup\WizardSetupRepository->gettemplateDetails()
#3 /var/www/projects/ottproduct/api/v1/vendor/slim/slim/Slim/Handlers/Strategies/RequestResponse.php(38): App\Application\Actions\WizardSetup\WizardSetupAction->GetTemplateDetails()
#4 /var/www/projects/ottproduct/api/v1/vendor/slim/slim/Slim/Routing/Route.php(358): Slim\Handlers\Strategies\RequestResponse->__invoke()
#5 /var/www/projects/ottproduct/api/v1/src/Application/Middleware/AuthMiddleware.php(60): Slim\Routing\Route->handle()
#6 /var/www/projects/ottproduct/api/v1/vendor/slim/slim/Slim/MiddlewareDispatcher.php(121): App\Application\Middleware\AuthMiddleware->process()
#7 /var/www/projects/ottproduct/api/v1/vendor/slim/slim/Slim/MiddlewareDispatcher.php(65): Psr\Http\Server\RequestHandlerInterface@anonymous->handle()
#8 /var/www/projects/ottproduct/api/v1/vendor/slim/slim/Slim/MiddlewareDispatcher.php(65): Slim\MiddlewareDispatcher->handle()
#9 /var/www/projects/ottproduct/api/v1/vendor/slim/slim/Slim/Routing/Route.php(315): Slim\MiddlewareDispatcher->handle()
#10 /var/www/projects/ottproduct/api/v1/vendor/slim/slim/Slim/Routing/RouteRunner.php(68): Slim\Routing\Route->run()
#11 /var/www/projects/ottproduct/api/v1/src/Application/Middleware/SessionMiddleware.php(26): Slim\Routing\RouteRunner->handle()
#12 /var/www/projects/ottproduct/api/v1/vendor/slim/slim/Slim/MiddlewareDispatcher.php(168): App\Application\Middleware\SessionMiddleware->process()
#13 /var/www/projects/ottproduct/api/v1/vendor/slim/slim/Slim/Middleware/RoutingMiddleware.php(45): Psr\Http\Server\RequestHandlerInterface@anonymous->handle()
#14 /var/www/projects/ottproduct/api/v1/vendor/slim/slim/Slim/MiddlewareDispatcher.php(121): Slim\Middleware\RoutingMiddleware->process()
#15 /var/www/projects/ottproduct/api/v1/vendor/selective/basepath/src/BasePathMiddleware.php(52): Psr\Http\Server\RequestHandlerInterface@anonymous->handle()
#16 /var/www/projects/ottproduct/api/v1/vendor/slim/slim/Slim/MiddlewareDispatcher.php(121): Selective\BasePath\BasePathMiddleware->process()
#17 /var/www/projects/ottproduct/api/v1/vendor/slim/slim/Slim/Middleware/BodyParsingMiddleware.php(64): Psr\Http\Server\RequestHandlerInterface@anonymous->handle()
#18 /var/www/projects/ottproduct/api/v1/vendor/slim/slim/Slim/MiddlewareDispatcher.php(121): Slim\Middleware\BodyParsingMiddleware->process()
#19 /var/www/projects/ottproduct/api/v1/vendor/slim/slim/Slim/Middleware/ErrorMiddleware.php(76): Psr\Http\Server\RequestHandlerInterface@anonymous->handle()
#20 /var/www/projects/ottproduct/api/v1/vendor/slim/slim/Slim/MiddlewareDispatcher.php(121): Slim\Middleware\ErrorMiddleware->process()
#21 /var/www/projects/ottproduct/api/v1/vendor/tuupola/cors-middleware/src/CorsMiddleware.php(158): Psr\Http\Server\RequestHandlerInterface@anonymous->handle()
#22 /var/www/projects/ottproduct/api/v1/vendor/slim/slim/Slim/MiddlewareDispatcher.php(121): Tuupola\Middleware\CorsMiddleware->process()
#23 /var/www/projects/ottproduct/api/v1/vendor/slim/slim/Slim/MiddlewareDispatcher.php(65): Psr\Http\Server\RequestHandlerInterface@anonymous->handle()
#24 /var/www/projects/ottproduct/api/v1/vendor/slim/slim/Slim/App.php(199): Slim\MiddlewareDispatcher->handle()
#25 /var/www/projects/ottproduct/api/v1/public/index.php(94): Slim\App->handle()
#26 {main}  
[2023-06-26 12:19:19] DBModel.INFO: ======= END DBError ================  
[2023-06-26 12:19:57] DBModel.INFO:  Result : No Records Found  
[2023-06-26 12:19:57] DBModel.INFO:  Result : No Records Found  
[2023-06-26 12:22:05] DBModel.INFO:  Result : No Records Found  
[2023-06-26 12:22:05] DBModel.INFO:  Result : No Records Found  
[2023-06-26 12:23:01] DBModel.INFO:  Result : No Records Found  
[2023-06-26 12:23:01] DBModel.INFO:  Result : No Records Found  
[2023-06-26 12:23:05] DBModel.INFO: ======= START DBError ================  
[2023-06-26 12:23:05] DBModel.ERROR: Error Code : 401Error Message : No Records Found  
[2023-06-26 12:23:05] DBModel.ERROR: Error File : /var/www/projects/ottproduct/api/v1/src/Model/DB.phpError Line : 108  
[2023-06-26 12:23:05] DBModel.ERROR: Error Trace String : #0 /var/www/projects/ottproduct/api/v1/src/Model/WizardSetupModel.php(202): App\Model\DB->getMultiDatasByObjects()
#1 /var/www/projects/ottproduct/api/v1/src/Domain/Repository/WizardSetup/WizardSetupRepository.php(143): App\Model\WizardSetupModel->gettemplateDetailsModel()
#2 /var/www/projects/ottproduct/api/v1/src/Application/Actions/WizardSetup/WizardSetupAction.php(250): App\Domain\Repository\WizardSetup\WizardSetupRepository->gettemplateDetails()
#3 /var/www/projects/ottproduct/api/v1/vendor/slim/slim/Slim/Handlers/Strategies/RequestResponse.php(38): App\Application\Actions\WizardSetup\WizardSetupAction->GetTemplateDetails()
#4 /var/www/projects/ottproduct/api/v1/vendor/slim/slim/Slim/Routing/Route.php(358): Slim\Handlers\Strategies\RequestResponse->__invoke()
#5 /var/www/projects/ottproduct/api/v1/src/Application/Middleware/AuthMiddleware.php(60): Slim\Routing\Route->handle()
#6 /var/www/projects/ottproduct/api/v1/vendor/slim/slim/Slim/MiddlewareDispatcher.php(121): App\Application\Middleware\AuthMiddleware->process()
#7 /var/www/projects/ottproduct/api/v1/vendor/slim/slim/Slim/MiddlewareDispatcher.php(65): Psr\Http\Server\RequestHandlerInterface@anonymous->handle()
#8 /var/www/projects/ottproduct/api/v1/vendor/slim/slim/Slim/MiddlewareDispatcher.php(65): Slim\MiddlewareDispatcher->handle()
#9 /var/www/projects/ottproduct/api/v1/vendor/slim/slim/Slim/Routing/Route.php(315): Slim\MiddlewareDispatcher->handle()
#10 /var/www/projects/ottproduct/api/v1/vendor/slim/slim/Slim/Routing/RouteRunner.php(68): Slim\Routing\Route->run()
#11 /var/www/projects/ottproduct/api/v1/src/Application/Middleware/SessionMiddleware.php(26): Slim\Routing\RouteRunner->handle()
#12 /var/www/projects/ottproduct/api/v1/vendor/slim/slim/Slim/MiddlewareDispatcher.php(168): App\Application\Middleware\SessionMiddleware->process()
#13 /var/www/projects/ottproduct/api/v1/vendor/slim/slim/Slim/Middleware/RoutingMiddleware.php(45): Psr\Http\Server\RequestHandlerInterface@anonymous->handle()
#14 /var/www/projects/ottproduct/api/v1/vendor/slim/slim/Slim/MiddlewareDispatcher.php(121): Slim\Middleware\RoutingMiddleware->process()
#15 /var/www/projects/ottproduct/api/v1/vendor/selective/basepath/src/BasePathMiddleware.php(52): Psr\Http\Server\RequestHandlerInterface@anonymous->handle()
#16 /var/www/projects/ottproduct/api/v1/vendor/slim/slim/Slim/MiddlewareDispatcher.php(121): Selective\BasePath\BasePathMiddleware->process()
#17 /var/www/projects/ottproduct/api/v1/vendor/slim/slim/Slim/Middleware/BodyParsingMiddleware.php(64): Psr\Http\Server\RequestHandlerInterface@anonymous->handle()
#18 /var/www/projects/ottproduct/api/v1/vendor/slim/slim/Slim/MiddlewareDispatcher.php(121): Slim\Middleware\BodyParsingMiddleware->process()
#19 /var/www/projects/ottproduct/api/v1/vendor/slim/slim/Slim/Middleware/ErrorMiddleware.php(76): Psr\Http\Server\RequestHandlerInterface@anonymous->handle()
#20 /var/www/projects/ottproduct/api/v1/vendor/slim/slim/Slim/MiddlewareDispatcher.php(121): Slim\Middleware\ErrorMiddleware->process()
#21 /var/www/projects/ottproduct/api/v1/vendor/tuupola/cors-middleware/src/CorsMiddleware.php(158): Psr\Http\Server\RequestHandlerInterface@anonymous->handle()
#22 /var/www/projects/ottproduct/api/v1/vendor/slim/slim/Slim/MiddlewareDispatcher.php(121): Tuupola\Middleware\CorsMiddleware->process()
#23 /var/www/projects/ottproduct/api/v1/vendor/slim/slim/Slim/MiddlewareDispatcher.php(65): Psr\Http\Server\RequestHandlerInterface@anonymous->handle()
#24 /var/www/projects/ottproduct/api/v1/vendor/slim/slim/Slim/App.php(199): Slim\MiddlewareDispatcher->handle()
#25 /var/www/projects/ottproduct/api/v1/public/index.php(94): Slim\App->handle()
#26 {main}  
[2023-06-26 12:23:05] DBModel.INFO: ======= END DBError ================  
[2023-06-26 12:23:23] DBModel.INFO: ======= START DBError ================  
[2023-06-26 12:23:23] DBModel.ERROR: Error Code : 401Error Message : No Records Found  
[2023-06-26 12:23:23] DBModel.ERROR: Error File : /var/www/projects/ottproduct/api/v1/src/Model/DB.phpError Line : 108  
[2023-06-26 12:23:23] DBModel.ERROR: Error Trace String : #0 /var/www/projects/ottproduct/api/v1/src/Model/WizardSetupModel.php(202): App\Model\DB->getMultiDatasByObjects()
#1 /var/www/projects/ottproduct/api/v1/src/Domain/Repository/WizardSetup/WizardSetupRepository.php(143): App\Model\WizardSetupModel->gettemplateDetailsModel()
#2 /var/www/projects/ottproduct/api/v1/src/Application/Actions/WizardSetup/WizardSetupAction.php(250): App\Domain\Repository\WizardSetup\WizardSetupRepository->gettemplateDetails()
#3 /var/www/projects/ottproduct/api/v1/vendor/slim/slim/Slim/Handlers/Strategies/RequestResponse.php(38): App\Application\Actions\WizardSetup\WizardSetupAction->GetTemplateDetails()
#4 /var/www/projects/ottproduct/api/v1/vendor/slim/slim/Slim/Routing/Route.php(358): Slim\Handlers\Strategies\RequestResponse->__invoke()
#5 /var/www/projects/ottproduct/api/v1/src/Application/Middleware/AuthMiddleware.php(60): Slim\Routing\Route->handle()
#6 /var/www/projects/ottproduct/api/v1/vendor/slim/slim/Slim/MiddlewareDispatcher.php(121): App\Application\Middleware\AuthMiddleware->process()
#7 /var/www/projects/ottproduct/api/v1/vendor/slim/slim/Slim/MiddlewareDispatcher.php(65): Psr\Http\Server\RequestHandlerInterface@anonymous->handle()
#8 /var/www/projects/ottproduct/api/v1/vendor/slim/slim/Slim/MiddlewareDispatcher.php(65): Slim\MiddlewareDispatcher->handle()
#9 /var/www/projects/ottproduct/api/v1/vendor/slim/slim/Slim/Routing/Route.php(315): Slim\MiddlewareDispatcher->handle()
#10 /var/www/projects/ottproduct/api/v1/vendor/slim/slim/Slim/Routing/RouteRunner.php(68): Slim\Routing\Route->run()
#11 /var/www/projects/ottproduct/api/v1/src/Application/Middleware/SessionMiddleware.php(26): Slim\Routing\RouteRunner->handle()
#12 /var/www/projects/ottproduct/api/v1/vendor/slim/slim/Slim/MiddlewareDispatcher.php(168): App\Application\Middleware\SessionMiddleware->process()
#13 /var/www/projects/ottproduct/api/v1/vendor/slim/slim/Slim/Middleware/RoutingMiddleware.php(45): Psr\Http\Server\RequestHandlerInterface@anonymous->handle()
#14 /var/www/projects/ottproduct/api/v1/vendor/slim/slim/Slim/MiddlewareDispatcher.php(121): Slim\Middleware\RoutingMiddleware->process()
#15 /var/www/projects/ottproduct/api/v1/vendor/selective/basepath/src/BasePathMiddleware.php(52): Psr\Http\Server\RequestHandlerInterface@anonymous->handle()
#16 /var/www/projects/ottproduct/api/v1/vendor/slim/slim/Slim/MiddlewareDispatcher.php(121): Selective\BasePath\BasePathMiddleware->process()
#17 /var/www/projects/ottproduct/api/v1/vendor/slim/slim/Slim/Middleware/BodyParsingMiddleware.php(64): Psr\Http\Server\RequestHandlerInterface@anonymous->handle()
#18 /var/www/projects/ottproduct/api/v1/vendor/slim/slim/Slim/MiddlewareDispatcher.php(121): Slim\Middleware\BodyParsingMiddleware->process()
#19 /var/www/projects/ottproduct/api/v1/vendor/slim/slim/Slim/Middleware/ErrorMiddleware.php(76): Psr\Http\Server\RequestHandlerInterface@anonymous->handle()
#20 /var/www/projects/ottproduct/api/v1/vendor/slim/slim/Slim/MiddlewareDispatcher.php(121): Slim\Middleware\ErrorMiddleware->process()
#21 /var/www/projects/ottproduct/api/v1/vendor/tuupola/cors-middleware/src/CorsMiddleware.php(158): Psr\Http\Server\RequestHandlerInterface@anonymous->handle()
#22 /var/www/projects/ottproduct/api/v1/vendor/slim/slim/Slim/MiddlewareDispatcher.php(121): Tuupola\Middleware\CorsMiddleware->process()
#23 /var/www/projects/ottproduct/api/v1/vendor/slim/slim/Slim/MiddlewareDispatcher.php(65): Psr\Http\Server\RequestHandlerInterface@anonymous->handle()
#24 /var/www/projects/ottproduct/api/v1/vendor/slim/slim/Slim/App.php(199): Slim\MiddlewareDispatcher->handle()
#25 /var/www/projects/ottproduct/api/v1/public/index.php(94): Slim\App->handle()
#26 {main}  
[2023-06-26 12:23:23] DBModel.INFO: ======= END DBError ================  
[2023-06-26 12:23:23] DBModel.INFO:  Result : No Records Found  
[2023-06-26 12:23:23] DBModel.INFO:  Result : No Records Found  
[2023-06-26 12:23:30] DBModel.INFO: ======= START DBError ================  
[2023-06-26 12:23:30] DBModel.ERROR: Error Code : 401Error Message : No Records Found  
[2023-06-26 12:23:30] DBModel.ERROR: Error File : /var/www/projects/ottproduct/api/v1/src/Model/DB.phpError Line : 108  
[2023-06-26 12:23:30] DBModel.ERROR: Error Trace String : #0 /var/www/projects/ottproduct/api/v1/src/Model/WizardSetupModel.php(202): App\Model\DB->getMultiDatasByObjects()
#1 /var/www/projects/ottproduct/api/v1/src/Domain/Repository/WizardSetup/WizardSetupRepository.php(143): App\Model\WizardSetupModel->gettemplateDetailsModel()
#2 /var/www/projects/ottproduct/api/v1/src/Application/Actions/WizardSetup/WizardSetupAction.php(250): App\Domain\Repository\WizardSetup\WizardSetupRepository->gettemplateDetails()
#3 /var/www/projects/ottproduct/api/v1/vendor/slim/slim/Slim/Handlers/Strategies/RequestResponse.php(38): App\Application\Actions\WizardSetup\WizardSetupAction->GetTemplateDetails()
#4 /var/www/projects/ottproduct/api/v1/vendor/slim/slim/Slim/Routing/Route.php(358): Slim\Handlers\Strategies\RequestResponse->__invoke()
#5 /var/www/projects/ottproduct/api/v1/src/Application/Middleware/AuthMiddleware.php(60): Slim\Routing\Route->handle()
#6 /var/www/projects/ottproduct/api/v1/vendor/slim/slim/Slim/MiddlewareDispatcher.php(121): App\Application\Middleware\AuthMiddleware->process()
#7 /var/www/projects/ottproduct/api/v1/vendor/slim/slim/Slim/MiddlewareDispatcher.php(65): Psr\Http\Server\RequestHandlerInterface@anonymous->handle()
#8 /var/www/projects/ottproduct/api/v1/vendor/slim/slim/Slim/MiddlewareDispatcher.php(65): Slim\MiddlewareDispatcher->handle()
#9 /var/www/projects/ottproduct/api/v1/vendor/slim/slim/Slim/Routing/Route.php(315): Slim\MiddlewareDispatcher->handle()
#10 /var/www/projects/ottproduct/api/v1/vendor/slim/slim/Slim/Routing/RouteRunner.php(68): Slim\Routing\Route->run()
#11 /var/www/projects/ottproduct/api/v1/src/Application/Middleware/SessionMiddleware.php(26): Slim\Routing\RouteRunner->handle()
#12 /var/www/projects/ottproduct/api/v1/vendor/slim/slim/Slim/MiddlewareDispatcher.php(168): App\Application\Middleware\SessionMiddleware->process()
#13 /var/www/projects/ottproduct/api/v1/vendor/slim/slim/Slim/Middleware/RoutingMiddleware.php(45): Psr\Http\Server\RequestHandlerInterface@anonymous->handle()
#14 /var/www/projects/ottproduct/api/v1/vendor/slim/slim/Slim/MiddlewareDispatcher.php(121): Slim\Middleware\RoutingMiddleware->process()
#15 /var/www/projects/ottproduct/api/v1/vendor/selective/basepath/src/BasePathMiddleware.php(52): Psr\Http\Server\RequestHandlerInterface@anonymous->handle()
#16 /var/www/projects/ottproduct/api/v1/vendor/slim/slim/Slim/MiddlewareDispatcher.php(121): Selective\BasePath\BasePathMiddleware->process()
#17 /var/www/projects/ottproduct/api/v1/vendor/slim/slim/Slim/Middleware/BodyParsingMiddleware.php(64): Psr\Http\Server\RequestHandlerInterface@anonymous->handle()
#18 /var/www/projects/ottproduct/api/v1/vendor/slim/slim/Slim/MiddlewareDispatcher.php(121): Slim\Middleware\BodyParsingMiddleware->process()
#19 /var/www/projects/ottproduct/api/v1/vendor/slim/slim/Slim/Middleware/ErrorMiddleware.php(76): Psr\Http\Server\RequestHandlerInterface@anonymous->handle()
#20 /var/www/projects/ottproduct/api/v1/vendor/slim/slim/Slim/MiddlewareDispatcher.php(121): Slim\Middleware\ErrorMiddleware->process()
#21 /var/www/projects/ottproduct/api/v1/vendor/tuupola/cors-middleware/src/CorsMiddleware.php(158): Psr\Http\Server\RequestHandlerInterface@anonymous->handle()
#22 /var/www/projects/ottproduct/api/v1/vendor/slim/slim/Slim/MiddlewareDispatcher.php(121): Tuupola\Middleware\CorsMiddleware->process()
#23 /var/www/projects/ottproduct/api/v1/vendor/slim/slim/Slim/MiddlewareDispatcher.php(65): Psr\Http\Server\RequestHandlerInterface@anonymous->handle()
#24 /var/www/projects/ottproduct/api/v1/vendor/slim/slim/Slim/App.php(199): Slim\MiddlewareDispatcher->handle()
#25 /var/www/projects/ottproduct/api/v1/public/index.php(94): Slim\App->handle()
#26 {main}  
[2023-06-26 12:23:30] DBModel.INFO: ======= END DBError ================  
[2023-06-26 12:23:49] DBModel.INFO: ======= START DBError ================  
[2023-06-26 12:23:49] DBModel.ERROR: Error Code : 401Error Message : No Records Found  
[2023-06-26 12:23:49] DBModel.ERROR: Error File : /var/www/projects/ottproduct/api/v1/src/Model/DB.phpError Line : 108  
[2023-06-26 12:23:49] DBModel.ERROR: Error Trace String : #0 /var/www/projects/ottproduct/api/v1/src/Model/WizardSetupModel.php(202): App\Model\DB->getMultiDatasByObjects()
#1 /var/www/projects/ottproduct/api/v1/src/Domain/Repository/WizardSetup/WizardSetupRepository.php(143): App\Model\WizardSetupModel->gettemplateDetailsModel()
#2 /var/www/projects/ottproduct/api/v1/src/Application/Actions/WizardSetup/WizardSetupAction.php(250): App\Domain\Repository\WizardSetup\WizardSetupRepository->gettemplateDetails()
#3 /var/www/projects/ottproduct/api/v1/vendor/slim/slim/Slim/Handlers/Strategies/RequestResponse.php(38): App\Application\Actions\WizardSetup\WizardSetupAction->GetTemplateDetails()
#4 /var/www/projects/ottproduct/api/v1/vendor/slim/slim/Slim/Routing/Route.php(358): Slim\Handlers\Strategies\RequestResponse->__invoke()
#5 /var/www/projects/ottproduct/api/v1/src/Application/Middleware/AuthMiddleware.php(60): Slim\Routing\Route->handle()
#6 /var/www/projects/ottproduct/api/v1/vendor/slim/slim/Slim/MiddlewareDispatcher.php(121): App\Application\Middleware\AuthMiddleware->process()
#7 /var/www/projects/ottproduct/api/v1/vendor/slim/slim/Slim/MiddlewareDispatcher.php(65): Psr\Http\Server\RequestHandlerInterface@anonymous->handle()
#8 /var/www/projects/ottproduct/api/v1/vendor/slim/slim/Slim/MiddlewareDispatcher.php(65): Slim\MiddlewareDispatcher->handle()
#9 /var/www/projects/ottproduct/api/v1/vendor/slim/slim/Slim/Routing/Route.php(315): Slim\MiddlewareDispatcher->handle()
#10 /var/www/projects/ottproduct/api/v1/vendor/slim/slim/Slim/Routing/RouteRunner.php(68): Slim\Routing\Route->run()
#11 /var/www/projects/ottproduct/api/v1/src/Application/Middleware/SessionMiddleware.php(26): Slim\Routing\RouteRunner->handle()
#12 /var/www/projects/ottproduct/api/v1/vendor/slim/slim/Slim/MiddlewareDispatcher.php(168): App\Application\Middleware\SessionMiddleware->process()
#13 /var/www/projects/ottproduct/api/v1/vendor/slim/slim/Slim/Middleware/RoutingMiddleware.php(45): Psr\Http\Server\RequestHandlerInterface@anonymous->handle()
#14 /var/www/projects/ottproduct/api/v1/vendor/slim/slim/Slim/MiddlewareDispatcher.php(121): Slim\Middleware\RoutingMiddleware->process()
#15 /var/www/projects/ottproduct/api/v1/vendor/selective/basepath/src/BasePathMiddleware.php(52): Psr\Http\Server\RequestHandlerInterface@anonymous->handle()
#16 /var/www/projects/ottproduct/api/v1/vendor/slim/slim/Slim/MiddlewareDispatcher.php(121): Selective\BasePath\BasePathMiddleware->process()
#17 /var/www/projects/ottproduct/api/v1/vendor/slim/slim/Slim/Middleware/BodyParsingMiddleware.php(64): Psr\Http\Server\RequestHandlerInterface@anonymous->handle()
#18 /var/www/projects/ottproduct/api/v1/vendor/slim/slim/Slim/MiddlewareDispatcher.php(121): Slim\Middleware\BodyParsingMiddleware->process()
#19 /var/www/projects/ottproduct/api/v1/vendor/slim/slim/Slim/Middleware/ErrorMiddleware.php(76): Psr\Http\Server\RequestHandlerInterface@anonymous->handle()
#20 /var/www/projects/ottproduct/api/v1/vendor/slim/slim/Slim/MiddlewareDispatcher.php(121): Slim\Middleware\ErrorMiddleware->process()
#21 /var/www/projects/ottproduct/api/v1/vendor/tuupola/cors-middleware/src/CorsMiddleware.php(158): Psr\Http\Server\RequestHandlerInterface@anonymous->handle()
#22 /var/www/projects/ottproduct/api/v1/vendor/slim/slim/Slim/MiddlewareDispatcher.php(121): Tuupola\Middleware\CorsMiddleware->process()
#23 /var/www/projects/ottproduct/api/v1/vendor/slim/slim/Slim/MiddlewareDispatcher.php(65): Psr\Http\Server\RequestHandlerInterface@anonymous->handle()
#24 /var/www/projects/ottproduct/api/v1/vendor/slim/slim/Slim/App.php(199): Slim\MiddlewareDispatcher->handle()
#25 /var/www/projects/ottproduct/api/v1/public/index.php(94): Slim\App->handle()
#26 {main}  
[2023-06-26 12:23:49] DBModel.INFO: ======= END DBError ================  
[2023-06-26 12:24:25] DBModel.INFO: ======= START DBError ================  
[2023-06-26 12:24:25] DBModel.ERROR: Error Code : 401Error Message : No Records Found  
[2023-06-26 12:24:25] DBModel.ERROR: Error File : /var/www/projects/ottproduct/api/v1/src/Model/DB.phpError Line : 108  
[2023-06-26 12:24:25] DBModel.ERROR: Error Trace String : #0 /var/www/projects/ottproduct/api/v1/src/Model/WizardSetupModel.php(202): App\Model\DB->getMultiDatasByObjects()
#1 /var/www/projects/ottproduct/api/v1/src/Domain/Repository/WizardSetup/WizardSetupRepository.php(143): App\Model\WizardSetupModel->gettemplateDetailsModel()
#2 /var/www/projects/ottproduct/api/v1/src/Application/Actions/WizardSetup/WizardSetupAction.php(250): App\Domain\Repository\WizardSetup\WizardSetupRepository->gettemplateDetails()
#3 /var/www/projects/ottproduct/api/v1/vendor/slim/slim/Slim/Handlers/Strategies/RequestResponse.php(38): App\Application\Actions\WizardSetup\WizardSetupAction->GetTemplateDetails()
#4 /var/www/projects/ottproduct/api/v1/vendor/slim/slim/Slim/Routing/Route.php(358): Slim\Handlers\Strategies\RequestResponse->__invoke()
#5 /var/www/projects/ottproduct/api/v1/src/Application/Middleware/AuthMiddleware.php(60): Slim\Routing\Route->handle()
#6 /var/www/projects/ottproduct/api/v1/vendor/slim/slim/Slim/MiddlewareDispatcher.php(121): App\Application\Middleware\AuthMiddleware->process()
#7 /var/www/projects/ottproduct/api/v1/vendor/slim/slim/Slim/MiddlewareDispatcher.php(65): Psr\Http\Server\RequestHandlerInterface@anonymous->handle()
#8 /var/www/projects/ottproduct/api/v1/vendor/slim/slim/Slim/MiddlewareDispatcher.php(65): Slim\MiddlewareDispatcher->handle()
#9 /var/www/projects/ottproduct/api/v1/vendor/slim/slim/Slim/Routing/Route.php(315): Slim\MiddlewareDispatcher->handle()
#10 /var/www/projects/ottproduct/api/v1/vendor/slim/slim/Slim/Routing/RouteRunner.php(68): Slim\Routing\Route->run()
#11 /var/www/projects/ottproduct/api/v1/src/Application/Middleware/SessionMiddleware.php(26): Slim\Routing\RouteRunner->handle()
#12 /var/www/projects/ottproduct/api/v1/vendor/slim/slim/Slim/MiddlewareDispatcher.php(168): App\Application\Middleware\SessionMiddleware->process()
#13 /var/www/projects/ottproduct/api/v1/vendor/slim/slim/Slim/Middleware/RoutingMiddleware.php(45): Psr\Http\Server\RequestHandlerInterface@anonymous->handle()
#14 /var/www/projects/ottproduct/api/v1/vendor/slim/slim/Slim/MiddlewareDispatcher.php(121): Slim\Middleware\RoutingMiddleware->process()
#15 /var/www/projects/ottproduct/api/v1/vendor/selective/basepath/src/BasePathMiddleware.php(52): Psr\Http\Server\RequestHandlerInterface@anonymous->handle()
#16 /var/www/projects/ottproduct/api/v1/vendor/slim/slim/Slim/MiddlewareDispatcher.php(121): Selective\BasePath\BasePathMiddleware->process()
#17 /var/www/projects/ottproduct/api/v1/vendor/slim/slim/Slim/Middleware/BodyParsingMiddleware.php(64): Psr\Http\Server\RequestHandlerInterface@anonymous->handle()
#18 /var/www/projects/ottproduct/api/v1/vendor/slim/slim/Slim/MiddlewareDispatcher.php(121): Slim\Middleware\BodyParsingMiddleware->process()
#19 /var/www/projects/ottproduct/api/v1/vendor/slim/slim/Slim/Middleware/ErrorMiddleware.php(76): Psr\Http\Server\RequestHandlerInterface@anonymous->handle()
#20 /var/www/projects/ottproduct/api/v1/vendor/slim/slim/Slim/MiddlewareDispatcher.php(121): Slim\Middleware\ErrorMiddleware->process()
#21 /var/www/projects/ottproduct/api/v1/vendor/tuupola/cors-middleware/src/CorsMiddleware.php(158): Psr\Http\Server\RequestHandlerInterface@anonymous->handle()
#22 /var/www/projects/ottproduct/api/v1/vendor/slim/slim/Slim/MiddlewareDispatcher.php(121): Tuupola\Middleware\CorsMiddleware->process()
#23 /var/www/projects/ottproduct/api/v1/vendor/slim/slim/Slim/MiddlewareDispatcher.php(65): Psr\Http\Server\RequestHandlerInterface@anonymous->handle()
#24 /var/www/projects/ottproduct/api/v1/vendor/slim/slim/Slim/App.php(199): Slim\MiddlewareDispatcher->handle()
#25 /var/www/projects/ottproduct/api/v1/public/index.php(94): Slim\App->handle()
#26 {main}  
[2023-06-26 12:24:25] DBModel.INFO: ======= END DBError ================  
[2023-06-26 12:25:05] DBModel.INFO:  Result : No Records Found  
[2023-06-26 12:25:05] DBModel.INFO:  Result : No Records Found  
[2023-06-26 12:25:12] DBModel.INFO: ======= START DBError ================  
[2023-06-26 12:25:12] DBModel.ERROR: Error Code : 401Error Message : No Records Found  
[2023-06-26 12:25:12] DBModel.ERROR: Error File : /var/www/projects/ottproduct/api/v1/src/Model/DB.phpError Line : 108  
[2023-06-26 12:25:12] DBModel.ERROR: Error Trace String : #0 /var/www/projects/ottproduct/api/v1/src/Model/WizardSetupModel.php(202): App\Model\DB->getMultiDatasByObjects()
#1 /var/www/projects/ottproduct/api/v1/src/Domain/Repository/WizardSetup/WizardSetupRepository.php(143): App\Model\WizardSetupModel->gettemplateDetailsModel()
#2 /var/www/projects/ottproduct/api/v1/src/Application/Actions/WizardSetup/WizardSetupAction.php(250): App\Domain\Repository\WizardSetup\WizardSetupRepository->gettemplateDetails()
#3 /var/www/projects/ottproduct/api/v1/vendor/slim/slim/Slim/Handlers/Strategies/RequestResponse.php(38): App\Application\Actions\WizardSetup\WizardSetupAction->GetTemplateDetails()
#4 /var/www/projects/ottproduct/api/v1/vendor/slim/slim/Slim/Routing/Route.php(358): Slim\Handlers\Strategies\RequestResponse->__invoke()
#5 /var/www/projects/ottproduct/api/v1/src/Application/Middleware/AuthMiddleware.php(60): Slim\Routing\Route->handle()
#6 /var/www/projects/ottproduct/api/v1/vendor/slim/slim/Slim/MiddlewareDispatcher.php(121): App\Application\Middleware\AuthMiddleware->process()
#7 /var/www/projects/ottproduct/api/v1/vendor/slim/slim/Slim/MiddlewareDispatcher.php(65): Psr\Http\Server\RequestHandlerInterface@anonymous->handle()
#8 /var/www/projects/ottproduct/api/v1/vendor/slim/slim/Slim/MiddlewareDispatcher.php(65): Slim\MiddlewareDispatcher->handle()
#9 /var/www/projects/ottproduct/api/v1/vendor/slim/slim/Slim/Routing/Route.php(315): Slim\MiddlewareDispatcher->handle()
#10 /var/www/projects/ottproduct/api/v1/vendor/slim/slim/Slim/Routing/RouteRunner.php(68): Slim\Routing\Route->run()
#11 /var/www/projects/ottproduct/api/v1/src/Application/Middleware/SessionMiddleware.php(26): Slim\Routing\RouteRunner->handle()
#12 /var/www/projects/ottproduct/api/v1/vendor/slim/slim/Slim/MiddlewareDispatcher.php(168): App\Application\Middleware\SessionMiddleware->process()
#13 /var/www/projects/ottproduct/api/v1/vendor/slim/slim/Slim/Middleware/RoutingMiddleware.php(45): Psr\Http\Server\RequestHandlerInterface@anonymous->handle()
#14 /var/www/projects/ottproduct/api/v1/vendor/slim/slim/Slim/MiddlewareDispatcher.php(121): Slim\Middleware\RoutingMiddleware->process()
#15 /var/www/projects/ottproduct/api/v1/vendor/selective/basepath/src/BasePathMiddleware.php(52): Psr\Http\Server\RequestHandlerInterface@anonymous->handle()
#16 /var/www/projects/ottproduct/api/v1/vendor/slim/slim/Slim/MiddlewareDispatcher.php(121): Selective\BasePath\BasePathMiddleware->process()
#17 /var/www/projects/ottproduct/api/v1/vendor/slim/slim/Slim/Middleware/BodyParsingMiddleware.php(64): Psr\Http\Server\RequestHandlerInterface@anonymous->handle()
#18 /var/www/projects/ottproduct/api/v1/vendor/slim/slim/Slim/MiddlewareDispatcher.php(121): Slim\Middleware\BodyParsingMiddleware->process()
#19 /var/www/projects/ottproduct/api/v1/vendor/slim/slim/Slim/Middleware/ErrorMiddleware.php(76): Psr\Http\Server\RequestHandlerInterface@anonymous->handle()
#20 /var/www/projects/ottproduct/api/v1/vendor/slim/slim/Slim/MiddlewareDispatcher.php(121): Slim\Middleware\ErrorMiddleware->process()
#21 /var/www/projects/ottproduct/api/v1/vendor/tuupola/cors-middleware/src/CorsMiddleware.php(158): Psr\Http\Server\RequestHandlerInterface@anonymous->handle()
#22 /var/www/projects/ottproduct/api/v1/vendor/slim/slim/Slim/MiddlewareDispatcher.php(121): Tuupola\Middleware\CorsMiddleware->process()
#23 /var/www/projects/ottproduct/api/v1/vendor/slim/slim/Slim/MiddlewareDispatcher.php(65): Psr\Http\Server\RequestHandlerInterface@anonymous->handle()
#24 /var/www/projects/ottproduct/api/v1/vendor/slim/slim/Slim/App.php(199): Slim\MiddlewareDispatcher->handle()
#25 /var/www/projects/ottproduct/api/v1/public/index.php(94): Slim\App->handle()
#26 {main}  
[2023-06-26 12:25:12] DBModel.INFO: ======= END DBError ================  
[2023-06-26 12:26:06] DBModel.INFO: ======= START DBError ================  
[2023-06-26 12:26:06] DBModel.ERROR: Error Code : 401Error Message : No Records Found  
[2023-06-26 12:26:06] DBModel.ERROR: Error File : /var/www/projects/ottproduct/api/v1/src/Model/DB.phpError Line : 108  
[2023-06-26 12:26:06] DBModel.ERROR: Error Trace String : #0 /var/www/projects/ottproduct/api/v1/src/Model/WizardSetupModel.php(202): App\Model\DB->getMultiDatasByObjects()
#1 /var/www/projects/ottproduct/api/v1/src/Domain/Repository/WizardSetup/WizardSetupRepository.php(143): App\Model\WizardSetupModel->gettemplateDetailsModel()
#2 /var/www/projects/ottproduct/api/v1/src/Application/Actions/WizardSetup/WizardSetupAction.php(250): App\Domain\Repository\WizardSetup\WizardSetupRepository->gettemplateDetails()
#3 /var/www/projects/ottproduct/api/v1/vendor/slim/slim/Slim/Handlers/Strategies/RequestResponse.php(38): App\Application\Actions\WizardSetup\WizardSetupAction->GetTemplateDetails()
#4 /var/www/projects/ottproduct/api/v1/vendor/slim/slim/Slim/Routing/Route.php(358): Slim\Handlers\Strategies\RequestResponse->__invoke()
#5 /var/www/projects/ottproduct/api/v1/src/Application/Middleware/AuthMiddleware.php(60): Slim\Routing\Route->handle()
#6 /var/www/projects/ottproduct/api/v1/vendor/slim/slim/Slim/MiddlewareDispatcher.php(121): App\Application\Middleware\AuthMiddleware->process()
#7 /var/www/projects/ottproduct/api/v1/vendor/slim/slim/Slim/MiddlewareDispatcher.php(65): Psr\Http\Server\RequestHandlerInterface@anonymous->handle()
#8 /var/www/projects/ottproduct/api/v1/vendor/slim/slim/Slim/MiddlewareDispatcher.php(65): Slim\MiddlewareDispatcher->handle()
#9 /var/www/projects/ottproduct/api/v1/vendor/slim/slim/Slim/Routing/Route.php(315): Slim\MiddlewareDispatcher->handle()
#10 /var/www/projects/ottproduct/api/v1/vendor/slim/slim/Slim/Routing/RouteRunner.php(68): Slim\Routing\Route->run()
#11 /var/www/projects/ottproduct/api/v1/src/Application/Middleware/SessionMiddleware.php(26): Slim\Routing\RouteRunner->handle()
#12 /var/www/projects/ottproduct/api/v1/vendor/slim/slim/Slim/MiddlewareDispatcher.php(168): App\Application\Middleware\SessionMiddleware->process()
#13 /var/www/projects/ottproduct/api/v1/vendor/slim/slim/Slim/Middleware/RoutingMiddleware.php(45): Psr\Http\Server\RequestHandlerInterface@anonymous->handle()
#14 /var/www/projects/ottproduct/api/v1/vendor/slim/slim/Slim/MiddlewareDispatcher.php(121): Slim\Middleware\RoutingMiddleware->process()
#15 /var/www/projects/ottproduct/api/v1/vendor/selective/basepath/src/BasePathMiddleware.php(52): Psr\Http\Server\RequestHandlerInterface@anonymous->handle()
#16 /var/www/projects/ottproduct/api/v1/vendor/slim/slim/Slim/MiddlewareDispatcher.php(121): Selective\BasePath\BasePathMiddleware->process()
#17 /var/www/projects/ottproduct/api/v1/vendor/slim/slim/Slim/Middleware/BodyParsingMiddleware.php(64): Psr\Http\Server\RequestHandlerInterface@anonymous->handle()
#18 /var/www/projects/ottproduct/api/v1/vendor/slim/slim/Slim/MiddlewareDispatcher.php(121): Slim\Middleware\BodyParsingMiddleware->process()
#19 /var/www/projects/ottproduct/api/v1/vendor/slim/slim/Slim/Middleware/ErrorMiddleware.php(76): Psr\Http\Server\RequestHandlerInterface@anonymous->handle()
#20 /var/www/projects/ottproduct/api/v1/vendor/slim/slim/Slim/MiddlewareDispatcher.php(121): Slim\Middleware\ErrorMiddleware->process()
#21 /var/www/projects/ottproduct/api/v1/vendor/tuupola/cors-middleware/src/CorsMiddleware.php(158): Psr\Http\Server\RequestHandlerInterface@anonymous->handle()
#22 /var/www/projects/ottproduct/api/v1/vendor/slim/slim/Slim/MiddlewareDispatcher.php(121): Tuupola\Middleware\CorsMiddleware->process()
#23 /var/www/projects/ottproduct/api/v1/vendor/slim/slim/Slim/MiddlewareDispatcher.php(65): Psr\Http\Server\RequestHandlerInterface@anonymous->handle()
#24 /var/www/projects/ottproduct/api/v1/vendor/slim/slim/Slim/App.php(199): Slim\MiddlewareDispatcher->handle()
#25 /var/www/projects/ottproduct/api/v1/public/index.php(94): Slim\App->handle()
#26 {main}  
[2023-06-26 12:26:06] DBModel.INFO: ======= END DBError ================  
[2023-06-26 12:28:42] DBModel.INFO:  Result : No Records Found  
[2023-06-26 12:28:42] DBModel.INFO:  Result : No Records Found  
[2023-06-26 12:31:35] DBModel.INFO: ======= START DBError ================  
[2023-06-26 12:31:35] DBModel.ERROR: Error Code : 401Error Message : No Records Found  
[2023-06-26 12:31:35] DBModel.ERROR: Error File : /var/www/projects/ottproduct/api/v1/src/Model/DB.phpError Line : 108  
[2023-06-26 12:31:35] DBModel.ERROR: Error Trace String : #0 /var/www/projects/ottproduct/api/v1/src/Model/WizardSetupModel.php(202): App\Model\DB->getMultiDatasByObjects()
#1 /var/www/projects/ottproduct/api/v1/src/Domain/Repository/WizardSetup/WizardSetupRepository.php(143): App\Model\WizardSetupModel->gettemplateDetailsModel()
#2 /var/www/projects/ottproduct/api/v1/src/Application/Actions/WizardSetup/WizardSetupAction.php(250): App\Domain\Repository\WizardSetup\WizardSetupRepository->gettemplateDetails()
#3 /var/www/projects/ottproduct/api/v1/vendor/slim/slim/Slim/Handlers/Strategies/RequestResponse.php(38): App\Application\Actions\WizardSetup\WizardSetupAction->GetTemplateDetails()
#4 /var/www/projects/ottproduct/api/v1/vendor/slim/slim/Slim/Routing/Route.php(358): Slim\Handlers\Strategies\RequestResponse->__invoke()
#5 /var/www/projects/ottproduct/api/v1/src/Application/Middleware/AuthMiddleware.php(60): Slim\Routing\Route->handle()
#6 /var/www/projects/ottproduct/api/v1/vendor/slim/slim/Slim/MiddlewareDispatcher.php(121): App\Application\Middleware\AuthMiddleware->process()
#7 /var/www/projects/ottproduct/api/v1/vendor/slim/slim/Slim/MiddlewareDispatcher.php(65): Psr\Http\Server\RequestHandlerInterface@anonymous->handle()
#8 /var/www/projects/ottproduct/api/v1/vendor/slim/slim/Slim/MiddlewareDispatcher.php(65): Slim\MiddlewareDispatcher->handle()
#9 /var/www/projects/ottproduct/api/v1/vendor/slim/slim/Slim/Routing/Route.php(315): Slim\MiddlewareDispatcher->handle()
#10 /var/www/projects/ottproduct/api/v1/vendor/slim/slim/Slim/Routing/RouteRunner.php(68): Slim\Routing\Route->run()
#11 /var/www/projects/ottproduct/api/v1/src/Application/Middleware/SessionMiddleware.php(26): Slim\Routing\RouteRunner->handle()
#12 /var/www/projects/ottproduct/api/v1/vendor/slim/slim/Slim/MiddlewareDispatcher.php(168): App\Application\Middleware\SessionMiddleware->process()
#13 /var/www/projects/ottproduct/api/v1/vendor/slim/slim/Slim/Middleware/RoutingMiddleware.php(45): Psr\Http\Server\RequestHandlerInterface@anonymous->handle()
#14 /var/www/projects/ottproduct/api/v1/vendor/slim/slim/Slim/MiddlewareDispatcher.php(121): Slim\Middleware\RoutingMiddleware->process()
#15 /var/www/projects/ottproduct/api/v1/vendor/selective/basepath/src/BasePathMiddleware.php(52): Psr\Http\Server\RequestHandlerInterface@anonymous->handle()
#16 /var/www/projects/ottproduct/api/v1/vendor/slim/slim/Slim/MiddlewareDispatcher.php(121): Selective\BasePath\BasePathMiddleware->process()
#17 /var/www/projects/ottproduct/api/v1/vendor/slim/slim/Slim/Middleware/BodyParsingMiddleware.php(64): Psr\Http\Server\RequestHandlerInterface@anonymous->handle()
#18 /var/www/projects/ottproduct/api/v1/vendor/slim/slim/Slim/MiddlewareDispatcher.php(121): Slim\Middleware\BodyParsingMiddleware->process()
#19 /var/www/projects/ottproduct/api/v1/vendor/slim/slim/Slim/Middleware/ErrorMiddleware.php(76): Psr\Http\Server\RequestHandlerInterface@anonymous->handle()
#20 /var/www/projects/ottproduct/api/v1/vendor/slim/slim/Slim/MiddlewareDispatcher.php(121): Slim\Middleware\ErrorMiddleware->process()
#21 /var/www/projects/ottproduct/api/v1/vendor/tuupola/cors-middleware/src/CorsMiddleware.php(158): Psr\Http\Server\RequestHandlerInterface@anonymous->handle()
#22 /var/www/projects/ottproduct/api/v1/vendor/slim/slim/Slim/MiddlewareDispatcher.php(121): Tuupola\Middleware\CorsMiddleware->process()
#23 /var/www/projects/ottproduct/api/v1/vendor/slim/slim/Slim/MiddlewareDispatcher.php(65): Psr\Http\Server\RequestHandlerInterface@anonymous->handle()
#24 /var/www/projects/ottproduct/api/v1/vendor/slim/slim/Slim/App.php(199): Slim\MiddlewareDispatcher->handle()
#25 /var/www/projects/ottproduct/api/v1/public/index.php(94): Slim\App->handle()
#26 {main}  
[2023-06-26 12:31:35] DBModel.INFO: ======= END DBError ================  
[2023-06-26 12:34:28] DBModel.INFO:  Result : No Records Found  
[2023-06-26 12:34:28] DBModel.INFO:  Result : No Records Found  
[2023-06-26 12:35:29] DBModel.INFO:  Result : No Records Found  
[2023-06-26 12:35:29] DBModel.INFO:  Result : No Records Found  
[2023-06-26 12:35:29] DBModel.INFO:  Result : No Records Found  
[2023-06-26 12:35:29] DBModel.INFO:  Result : No Records Found  
[2023-06-26 12:35:32] DBModel.INFO:  Result : No Records Found  
[2023-06-26 12:35:32] DBModel.INFO:  Result : No Records Found  
[2023-06-26 12:35:45] DBModel.INFO:  Result : No Records Found  
[2023-06-26 12:35:45] DBModel.INFO:  Result : No Records Found  
[2023-06-26 12:35:57] DBModel.INFO:  Result : No Records Found  
[2023-06-26 12:35:57] DBModel.INFO:  Result : No Records Found  
[2023-06-26 12:36:08] DBModel.INFO:  Result : No Records Found  
[2023-06-26 12:36:08] DBModel.INFO:  Result : No Records Found  
[2023-06-26 12:36:09] DBModel.INFO:  Result : No Records Found  
[2023-06-26 12:36:09] DBModel.INFO:  Result : No Records Found  
[2023-06-26 12:36:42] DBModel.INFO:  Result : No Records Found  
[2023-06-26 12:36:42] DBModel.INFO:  Result : No Records Found  
[2023-06-26 12:38:07] DBModel.INFO:  Result : No Records Found  
[2023-06-26 12:38:07] DBModel.INFO:  Result : No Records Found  
[2023-06-26 12:41:36] DBModel.INFO:  Result : No Records Found  
[2023-06-26 12:41:36] DBModel.INFO:  Result : No Records Found  
[2023-06-26 12:42:02] DBModel.INFO:  Result : No Records Found  
[2023-06-26 12:42:02] DBModel.INFO:  Result : No Records Found  
[2023-06-26 12:44:05] DBModel.INFO:  Result : No Records Found  
[2023-06-26 12:44:05] DBModel.INFO:  Result : No Records Found  
[2023-06-26 12:44:05] DBModel.INFO:  Result : No Records Found  
[2023-06-26 12:44:05] DBModel.INFO:  Result : No Records Found  
[2023-06-26 12:44:10] DBModel.INFO:  Result : No Records Found  
[2023-06-26 12:44:10] DBModel.INFO:  Result : No Records Found  
[2023-06-26 12:45:19] DBModel.INFO:  Result : No Records Found  
[2023-06-26 12:45:19] DBModel.INFO:  Result : No Records Found  
[2023-06-26 12:48:39] DBModel.INFO:  Result : No Records Found  
[2023-06-26 12:48:39] DBModel.INFO:  Result : No Records Found  
[2023-06-26 12:49:38] DBModel.INFO:  Result : No Records Found  
[2023-06-26 12:49:38] DBModel.INFO:  Result : No Records Found  
[2023-06-26 13:00:14] DBModel.INFO:  Result : No Records Found  
[2023-06-26 13:00:14] DBModel.INFO:  Result : No Records Found  
[2023-06-26 13:01:18] DBModel.INFO:  Result : No Records Found  
[2023-06-26 13:01:18] DBModel.INFO:  Result : No Records Found  
[2023-06-26 13:01:40] DBModel.INFO: Mysql Error Message :   
[2023-06-26 13:01:40] DBModel.INFO: Mysql Error Message :   
[2023-06-26 13:05:28] DBModel.INFO: Mysql Error Message :   
[2023-06-26 13:05:28] DBModel.INFO: Mysql Error Message :   
[2023-06-26 13:05:30] DBModel.INFO: Mysql Error Message :   
[2023-06-26 13:05:30] DBModel.INFO: Mysql Error Message :   
[2023-06-26 13:05:31] DBModel.INFO:  Result : No Records Found  
[2023-06-26 13:05:31] DBModel.INFO:  Result : No Records Found  
[2023-06-26 13:05:52] DBModel.INFO: Mysql Error Message :   
[2023-06-26 13:05:52] DBModel.INFO: Mysql Error Message :   
[2023-06-26 13:09:13] DBModel.INFO: Mysql Error Message :   
[2023-06-26 13:09:13] DBModel.INFO: Mysql Error Message :   
[2023-06-26 13:10:17] DBModel.INFO: ======= START DBError ================  
[2023-06-26 13:10:17] DBModel.ERROR: Error Code : 401Error Message : No Records Found  
[2023-06-26 13:10:17] DBModel.ERROR: Error File : /var/www/projects/ottproduct/api/v1/src/Model/DB.phpError Line : 108  
[2023-06-26 13:10:17] DBModel.ERROR: Error Trace String : #0 /var/www/projects/ottproduct/api/v1/src/Model/WizardSetupModel.php(202): App\Model\DB->getMultiDatasByObjects()
#1 /var/www/projects/ottproduct/api/v1/src/Domain/Repository/WizardSetup/WizardSetupRepository.php(143): App\Model\WizardSetupModel->gettemplateDetailsModel()
#2 /var/www/projects/ottproduct/api/v1/src/Application/Actions/WizardSetup/WizardSetupAction.php(250): App\Domain\Repository\WizardSetup\WizardSetupRepository->gettemplateDetails()
#3 /var/www/projects/ottproduct/api/v1/vendor/slim/slim/Slim/Handlers/Strategies/RequestResponse.php(38): App\Application\Actions\WizardSetup\WizardSetupAction->GetTemplateDetails()
#4 /var/www/projects/ottproduct/api/v1/vendor/slim/slim/Slim/Routing/Route.php(358): Slim\Handlers\Strategies\RequestResponse->__invoke()
#5 /var/www/projects/ottproduct/api/v1/src/Application/Middleware/AuthMiddleware.php(60): Slim\Routing\Route->handle()
#6 /var/www/projects/ottproduct/api/v1/vendor/slim/slim/Slim/MiddlewareDispatcher.php(121): App\Application\Middleware\AuthMiddleware->process()
#7 /var/www/projects/ottproduct/api/v1/vendor/slim/slim/Slim/MiddlewareDispatcher.php(65): Psr\Http\Server\RequestHandlerInterface@anonymous->handle()
#8 /var/www/projects/ottproduct/api/v1/vendor/slim/slim/Slim/MiddlewareDispatcher.php(65): Slim\MiddlewareDispatcher->handle()
#9 /var/www/projects/ottproduct/api/v1/vendor/slim/slim/Slim/Routing/Route.php(315): Slim\MiddlewareDispatcher->handle()
#10 /var/www/projects/ottproduct/api/v1/vendor/slim/slim/Slim/Routing/RouteRunner.php(68): Slim\Routing\Route->run()
#11 /var/www/projects/ottproduct/api/v1/src/Application/Middleware/SessionMiddleware.php(26): Slim\Routing\RouteRunner->handle()
#12 /var/www/projects/ottproduct/api/v1/vendor/slim/slim/Slim/MiddlewareDispatcher.php(168): App\Application\Middleware\SessionMiddleware->process()
#13 /var/www/projects/ottproduct/api/v1/vendor/slim/slim/Slim/Middleware/RoutingMiddleware.php(45): Psr\Http\Server\RequestHandlerInterface@anonymous->handle()
#14 /var/www/projects/ottproduct/api/v1/vendor/slim/slim/Slim/MiddlewareDispatcher.php(121): Slim\Middleware\RoutingMiddleware->process()
#15 /var/www/projects/ottproduct/api/v1/vendor/selective/basepath/src/BasePathMiddleware.php(52): Psr\Http\Server\RequestHandlerInterface@anonymous->handle()
#16 /var/www/projects/ottproduct/api/v1/vendor/slim/slim/Slim/MiddlewareDispatcher.php(121): Selective\BasePath\BasePathMiddleware->process()
#17 /var/www/projects/ottproduct/api/v1/vendor/slim/slim/Slim/Middleware/BodyParsingMiddleware.php(64): Psr\Http\Server\RequestHandlerInterface@anonymous->handle()
#18 /var/www/projects/ottproduct/api/v1/vendor/slim/slim/Slim/MiddlewareDispatcher.php(121): Slim\Middleware\BodyParsingMiddleware->process()
#19 /var/www/projects/ottproduct/api/v1/vendor/slim/slim/Slim/Middleware/ErrorMiddleware.php(76): Psr\Http\Server\RequestHandlerInterface@anonymous->handle()
#20 /var/www/projects/ottproduct/api/v1/vendor/slim/slim/Slim/MiddlewareDispatcher.php(121): Slim\Middleware\ErrorMiddleware->process()
#21 /var/www/projects/ottproduct/api/v1/vendor/tuupola/cors-middleware/src/CorsMiddleware.php(158): Psr\Http\Server\RequestHandlerInterface@anonymous->handle()
#22 /var/www/projects/ottproduct/api/v1/vendor/slim/slim/Slim/MiddlewareDispatcher.php(121): Tuupola\Middleware\CorsMiddleware->process()
#23 /var/www/projects/ottproduct/api/v1/vendor/slim/slim/Slim/MiddlewareDispatcher.php(65): Psr\Http\Server\RequestHandlerInterface@anonymous->handle()
#24 /var/www/projects/ottproduct/api/v1/vendor/slim/slim/Slim/App.php(199): Slim\MiddlewareDispatcher->handle()
#25 /var/www/projects/ottproduct/api/v1/public/index.php(94): Slim\App->handle()
#26 {main}  
[2023-06-26 13:10:17] DBModel.INFO: ======= END DBError ================  
[2023-06-26 13:14:03] DBModel.INFO: ======= START DBError ================  
[2023-06-26 13:14:03] DBModel.ERROR: Error Code : 401Error Message : No Records Found  
[2023-06-26 13:14:03] DBModel.ERROR: Error File : /var/www/projects/ottproduct/api/v1/src/Model/DB.phpError Line : 108  
[2023-06-26 13:14:03] DBModel.ERROR: Error Trace String : #0 /var/www/projects/ottproduct/api/v1/src/Model/WizardSetupModel.php(202): App\Model\DB->getMultiDatasByObjects()
#1 /var/www/projects/ottproduct/api/v1/src/Domain/Repository/WizardSetup/WizardSetupRepository.php(143): App\Model\WizardSetupModel->gettemplateDetailsModel()
#2 /var/www/projects/ottproduct/api/v1/src/Application/Actions/WizardSetup/WizardSetupAction.php(250): App\Domain\Repository\WizardSetup\WizardSetupRepository->gettemplateDetails()
#3 /var/www/projects/ottproduct/api/v1/vendor/slim/slim/Slim/Handlers/Strategies/RequestResponse.php(38): App\Application\Actions\WizardSetup\WizardSetupAction->GetTemplateDetails()
#4 /var/www/projects/ottproduct/api/v1/vendor/slim/slim/Slim/Routing/Route.php(358): Slim\Handlers\Strategies\RequestResponse->__invoke()
#5 /var/www/projects/ottproduct/api/v1/src/Application/Middleware/AuthMiddleware.php(60): Slim\Routing\Route->handle()
#6 /var/www/projects/ottproduct/api/v1/vendor/slim/slim/Slim/MiddlewareDispatcher.php(121): App\Application\Middleware\AuthMiddleware->process()
#7 /var/www/projects/ottproduct/api/v1/vendor/slim/slim/Slim/MiddlewareDispatcher.php(65): Psr\Http\Server\RequestHandlerInterface@anonymous->handle()
#8 /var/www/projects/ottproduct/api/v1/vendor/slim/slim/Slim/MiddlewareDispatcher.php(65): Slim\MiddlewareDispatcher->handle()
#9 /var/www/projects/ottproduct/api/v1/vendor/slim/slim/Slim/Routing/Route.php(315): Slim\MiddlewareDispatcher->handle()
#10 /var/www/projects/ottproduct/api/v1/vendor/slim/slim/Slim/Routing/RouteRunner.php(68): Slim\Routing\Route->run()
#11 /var/www/projects/ottproduct/api/v1/src/Application/Middleware/SessionMiddleware.php(26): Slim\Routing\RouteRunner->handle()
#12 /var/www/projects/ottproduct/api/v1/vendor/slim/slim/Slim/MiddlewareDispatcher.php(168): App\Application\Middleware\SessionMiddleware->process()
#13 /var/www/projects/ottproduct/api/v1/vendor/slim/slim/Slim/Middleware/RoutingMiddleware.php(45): Psr\Http\Server\RequestHandlerInterface@anonymous->handle()
#14 /var/www/projects/ottproduct/api/v1/vendor/slim/slim/Slim/MiddlewareDispatcher.php(121): Slim\Middleware\RoutingMiddleware->process()
#15 /var/www/projects/ottproduct/api/v1/vendor/selective/basepath/src/BasePathMiddleware.php(52): Psr\Http\Server\RequestHandlerInterface@anonymous->handle()
#16 /var/www/projects/ottproduct/api/v1/vendor/slim/slim/Slim/MiddlewareDispatcher.php(121): Selective\BasePath\BasePathMiddleware->process()
#17 /var/www/projects/ottproduct/api/v1/vendor/slim/slim/Slim/Middleware/BodyParsingMiddleware.php(64): Psr\Http\Server\RequestHandlerInterface@anonymous->handle()
#18 /var/www/projects/ottproduct/api/v1/vendor/slim/slim/Slim/MiddlewareDispatcher.php(121): Slim\Middleware\BodyParsingMiddleware->process()
#19 /var/www/projects/ottproduct/api/v1/vendor/slim/slim/Slim/Middleware/ErrorMiddleware.php(76): Psr\Http\Server\RequestHandlerInterface@anonymous->handle()
#20 /var/www/projects/ottproduct/api/v1/vendor/slim/slim/Slim/MiddlewareDispatcher.php(121): Slim\Middleware\ErrorMiddleware->process()
#21 /var/www/projects/ottproduct/api/v1/vendor/tuupola/cors-middleware/src/CorsMiddleware.php(158): Psr\Http\Server\RequestHandlerInterface@anonymous->handle()
#22 /var/www/projects/ottproduct/api/v1/vendor/slim/slim/Slim/MiddlewareDispatcher.php(121): Tuupola\Middleware\CorsMiddleware->process()
#23 /var/www/projects/ottproduct/api/v1/vendor/slim/slim/Slim/MiddlewareDispatcher.php(65): Psr\Http\Server\RequestHandlerInterface@anonymous->handle()
#24 /var/www/projects/ottproduct/api/v1/vendor/slim/slim/Slim/App.php(199): Slim\MiddlewareDispatcher->handle()
#25 /var/www/projects/ottproduct/api/v1/public/index.php(94): Slim\App->handle()
#26 {main}  
[2023-06-26 13:14:03] DBModel.INFO: ======= END DBError ================  
[2023-06-26 13:14:03] DBModel.INFO:  Result : No Records Found  
[2023-06-26 13:14:03] DBModel.INFO:  Result : No Records Found  
[2023-06-26 13:14:19] DBModel.INFO: ======= START DBError ================  
[2023-06-26 13:14:19] DBModel.ERROR: Error Code : 401Error Message : No Records Found  
[2023-06-26 13:14:19] DBModel.ERROR: Error File : /var/www/projects/ottproduct/api/v1/src/Model/DB.phpError Line : 108  
[2023-06-26 13:14:19] DBModel.ERROR: Error Trace String : #0 /var/www/projects/ottproduct/api/v1/src/Model/WizardSetupModel.php(202): App\Model\DB->getMultiDatasByObjects()
#1 /var/www/projects/ottproduct/api/v1/src/Domain/Repository/WizardSetup/WizardSetupRepository.php(143): App\Model\WizardSetupModel->gettemplateDetailsModel()
#2 /var/www/projects/ottproduct/api/v1/src/Application/Actions/WizardSetup/WizardSetupAction.php(250): App\Domain\Repository\WizardSetup\WizardSetupRepository->gettemplateDetails()
#3 /var/www/projects/ottproduct/api/v1/vendor/slim/slim/Slim/Handlers/Strategies/RequestResponse.php(38): App\Application\Actions\WizardSetup\WizardSetupAction->GetTemplateDetails()
#4 /var/www/projects/ottproduct/api/v1/vendor/slim/slim/Slim/Routing/Route.php(358): Slim\Handlers\Strategies\RequestResponse->__invoke()
#5 /var/www/projects/ottproduct/api/v1/src/Application/Middleware/AuthMiddleware.php(60): Slim\Routing\Route->handle()
#6 /var/www/projects/ottproduct/api/v1/vendor/slim/slim/Slim/MiddlewareDispatcher.php(121): App\Application\Middleware\AuthMiddleware->process()
#7 /var/www/projects/ottproduct/api/v1/vendor/slim/slim/Slim/MiddlewareDispatcher.php(65): Psr\Http\Server\RequestHandlerInterface@anonymous->handle()
#8 /var/www/projects/ottproduct/api/v1/vendor/slim/slim/Slim/MiddlewareDispatcher.php(65): Slim\MiddlewareDispatcher->handle()
#9 /var/www/projects/ottproduct/api/v1/vendor/slim/slim/Slim/Routing/Route.php(315): Slim\MiddlewareDispatcher->handle()
#10 /var/www/projects/ottproduct/api/v1/vendor/slim/slim/Slim/Routing/RouteRunner.php(68): Slim\Routing\Route->run()
#11 /var/www/projects/ottproduct/api/v1/src/Application/Middleware/SessionMiddleware.php(26): Slim\Routing\RouteRunner->handle()
#12 /var/www/projects/ottproduct/api/v1/vendor/slim/slim/Slim/MiddlewareDispatcher.php(168): App\Application\Middleware\SessionMiddleware->process()
#13 /var/www/projects/ottproduct/api/v1/vendor/slim/slim/Slim/Middleware/RoutingMiddleware.php(45): Psr\Http\Server\RequestHandlerInterface@anonymous->handle()
#14 /var/www/projects/ottproduct/api/v1/vendor/slim/slim/Slim/MiddlewareDispatcher.php(121): Slim\Middleware\RoutingMiddleware->process()
#15 /var/www/projects/ottproduct/api/v1/vendor/selective/basepath/src/BasePathMiddleware.php(52): Psr\Http\Server\RequestHandlerInterface@anonymous->handle()
#16 /var/www/projects/ottproduct/api/v1/vendor/slim/slim/Slim/MiddlewareDispatcher.php(121): Selective\BasePath\BasePathMiddleware->process()
#17 /var/www/projects/ottproduct/api/v1/vendor/slim/slim/Slim/Middleware/BodyParsingMiddleware.php(64): Psr\Http\Server\RequestHandlerInterface@anonymous->handle()
#18 /var/www/projects/ottproduct/api/v1/vendor/slim/slim/Slim/MiddlewareDispatcher.php(121): Slim\Middleware\BodyParsingMiddleware->process()
#19 /var/www/projects/ottproduct/api/v1/vendor/slim/slim/Slim/Middleware/ErrorMiddleware.php(76): Psr\Http\Server\RequestHandlerInterface@anonymous->handle()
#20 /var/www/projects/ottproduct/api/v1/vendor/slim/slim/Slim/MiddlewareDispatcher.php(121): Slim\Middleware\ErrorMiddleware->process()
#21 /var/www/projects/ottproduct/api/v1/vendor/tuupola/cors-middleware/src/CorsMiddleware.php(158): Psr\Http\Server\RequestHandlerInterface@anonymous->handle()
#22 /var/www/projects/ottproduct/api/v1/vendor/slim/slim/Slim/MiddlewareDispatcher.php(121): Tuupola\Middleware\CorsMiddleware->process()
#23 /var/www/projects/ottproduct/api/v1/vendor/slim/slim/Slim/MiddlewareDispatcher.php(65): Psr\Http\Server\RequestHandlerInterface@anonymous->handle()
#24 /var/www/projects/ottproduct/api/v1/vendor/slim/slim/Slim/App.php(199): Slim\MiddlewareDispatcher->handle()
#25 /var/www/projects/ottproduct/api/v1/public/index.php(94): Slim\App->handle()
#26 {main}  
[2023-06-26 13:14:19] DBModel.INFO: ======= END DBError ================  
[2023-06-26 13:14:19] DBModel.INFO:  Result : No Records Found  
[2023-06-26 13:14:19] DBModel.INFO:  Result : No Records Found  
[2023-06-26 13:18:31] DBModel.INFO: ======= START DBError ================  
[2023-06-26 13:18:31] DBModel.ERROR: Error Code : 401Error Message : No Records Found  
[2023-06-26 13:18:31] DBModel.ERROR: Error File : /var/www/projects/ottproduct/api/v1/src/Model/DB.phpError Line : 108  
[2023-06-26 13:18:31] DBModel.ERROR: Error Trace String : #0 /var/www/projects/ottproduct/api/v1/src/Model/WizardSetupModel.php(202): App\Model\DB->getMultiDatasByObjects()
#1 /var/www/projects/ottproduct/api/v1/src/Domain/Repository/WizardSetup/WizardSetupRepository.php(143): App\Model\WizardSetupModel->gettemplateDetailsModel()
#2 /var/www/projects/ottproduct/api/v1/src/Application/Actions/WizardSetup/WizardSetupAction.php(250): App\Domain\Repository\WizardSetup\WizardSetupRepository->gettemplateDetails()
#3 /var/www/projects/ottproduct/api/v1/vendor/slim/slim/Slim/Handlers/Strategies/RequestResponse.php(38): App\Application\Actions\WizardSetup\WizardSetupAction->GetTemplateDetails()
#4 /var/www/projects/ottproduct/api/v1/vendor/slim/slim/Slim/Routing/Route.php(358): Slim\Handlers\Strategies\RequestResponse->__invoke()
#5 /var/www/projects/ottproduct/api/v1/src/Application/Middleware/AuthMiddleware.php(60): Slim\Routing\Route->handle()
#6 /var/www/projects/ottproduct/api/v1/vendor/slim/slim/Slim/MiddlewareDispatcher.php(121): App\Application\Middleware\AuthMiddleware->process()
#7 /var/www/projects/ottproduct/api/v1/vendor/slim/slim/Slim/MiddlewareDispatcher.php(65): Psr\Http\Server\RequestHandlerInterface@anonymous->handle()
#8 /var/www/projects/ottproduct/api/v1/vendor/slim/slim/Slim/MiddlewareDispatcher.php(65): Slim\MiddlewareDispatcher->handle()
#9 /var/www/projects/ottproduct/api/v1/vendor/slim/slim/Slim/Routing/Route.php(315): Slim\MiddlewareDispatcher->handle()
#10 /var/www/projects/ottproduct/api/v1/vendor/slim/slim/Slim/Routing/RouteRunner.php(68): Slim\Routing\Route->run()
#11 /var/www/projects/ottproduct/api/v1/src/Application/Middleware/SessionMiddleware.php(26): Slim\Routing\RouteRunner->handle()
#12 /var/www/projects/ottproduct/api/v1/vendor/slim/slim/Slim/MiddlewareDispatcher.php(168): App\Application\Middleware\SessionMiddleware->process()
#13 /var/www/projects/ottproduct/api/v1/vendor/slim/slim/Slim/Middleware/RoutingMiddleware.php(45): Psr\Http\Server\RequestHandlerInterface@anonymous->handle()
#14 /var/www/projects/ottproduct/api/v1/vendor/slim/slim/Slim/MiddlewareDispatcher.php(121): Slim\Middleware\RoutingMiddleware->process()
#15 /var/www/projects/ottproduct/api/v1/vendor/selective/basepath/src/BasePathMiddleware.php(52): Psr\Http\Server\RequestHandlerInterface@anonymous->handle()
#16 /var/www/projects/ottproduct/api/v1/vendor/slim/slim/Slim/MiddlewareDispatcher.php(121): Selective\BasePath\BasePathMiddleware->process()
#17 /var/www/projects/ottproduct/api/v1/vendor/slim/slim/Slim/Middleware/BodyParsingMiddleware.php(64): Psr\Http\Server\RequestHandlerInterface@anonymous->handle()
#18 /var/www/projects/ottproduct/api/v1/vendor/slim/slim/Slim/MiddlewareDispatcher.php(121): Slim\Middleware\BodyParsingMiddleware->process()
#19 /var/www/projects/ottproduct/api/v1/vendor/slim/slim/Slim/Middleware/ErrorMiddleware.php(76): Psr\Http\Server\RequestHandlerInterface@anonymous->handle()
#20 /var/www/projects/ottproduct/api/v1/vendor/slim/slim/Slim/MiddlewareDispatcher.php(121): Slim\Middleware\ErrorMiddleware->process()
#21 /var/www/projects/ottproduct/api/v1/vendor/tuupola/cors-middleware/src/CorsMiddleware.php(158): Psr\Http\Server\RequestHandlerInterface@anonymous->handle()
#22 /var/www/projects/ottproduct/api/v1/vendor/slim/slim/Slim/MiddlewareDispatcher.php(121): Tuupola\Middleware\CorsMiddleware->process()
#23 /var/www/projects/ottproduct/api/v1/vendor/slim/slim/Slim/MiddlewareDispatcher.php(65): Psr\Http\Server\RequestHandlerInterface@anonymous->handle()
#24 /var/www/projects/ottproduct/api/v1/vendor/slim/slim/Slim/App.php(199): Slim\MiddlewareDispatcher->handle()
#25 /var/www/projects/ottproduct/api/v1/public/index.php(94): Slim\App->handle()
#26 {main}  
[2023-06-26 13:18:31] DBModel.INFO: ======= END DBError ================  
[2023-06-26 13:18:31] DBModel.INFO:  Result : No Records Found  
[2023-06-26 13:18:31] DBModel.INFO:  Result : No Records Found  
[2023-06-26 13:18:36] DBModel.INFO: ======= START DBError ================  
[2023-06-26 13:18:36] DBModel.ERROR: Error Code : 401Error Message : No Records Found  
[2023-06-26 13:18:36] DBModel.ERROR: Error File : /var/www/projects/ottproduct/api/v1/src/Model/DB.phpError Line : 108  
[2023-06-26 13:18:36] DBModel.ERROR: Error Trace String : #0 /var/www/projects/ottproduct/api/v1/src/Model/WizardSetupModel.php(202): App\Model\DB->getMultiDatasByObjects()
#1 /var/www/projects/ottproduct/api/v1/src/Domain/Repository/WizardSetup/WizardSetupRepository.php(143): App\Model\WizardSetupModel->gettemplateDetailsModel()
#2 /var/www/projects/ottproduct/api/v1/src/Application/Actions/WizardSetup/WizardSetupAction.php(250): App\Domain\Repository\WizardSetup\WizardSetupRepository->gettemplateDetails()
#3 /var/www/projects/ottproduct/api/v1/vendor/slim/slim/Slim/Handlers/Strategies/RequestResponse.php(38): App\Application\Actions\WizardSetup\WizardSetupAction->GetTemplateDetails()
#4 /var/www/projects/ottproduct/api/v1/vendor/slim/slim/Slim/Routing/Route.php(358): Slim\Handlers\Strategies\RequestResponse->__invoke()
#5 /var/www/projects/ottproduct/api/v1/src/Application/Middleware/AuthMiddleware.php(60): Slim\Routing\Route->handle()
#6 /var/www/projects/ottproduct/api/v1/vendor/slim/slim/Slim/MiddlewareDispatcher.php(121): App\Application\Middleware\AuthMiddleware->process()
#7 /var/www/projects/ottproduct/api/v1/vendor/slim/slim/Slim/MiddlewareDispatcher.php(65): Psr\Http\Server\RequestHandlerInterface@anonymous->handle()
#8 /var/www/projects/ottproduct/api/v1/vendor/slim/slim/Slim/MiddlewareDispatcher.php(65): Slim\MiddlewareDispatcher->handle()
#9 /var/www/projects/ottproduct/api/v1/vendor/slim/slim/Slim/Routing/Route.php(315): Slim\MiddlewareDispatcher->handle()
#10 /var/www/projects/ottproduct/api/v1/vendor/slim/slim/Slim/Routing/RouteRunner.php(68): Slim\Routing\Route->run()
#11 /var/www/projects/ottproduct/api/v1/src/Application/Middleware/SessionMiddleware.php(26): Slim\Routing\RouteRunner->handle()
#12 /var/www/projects/ottproduct/api/v1/vendor/slim/slim/Slim/MiddlewareDispatcher.php(168): App\Application\Middleware\SessionMiddleware->process()
#13 /var/www/projects/ottproduct/api/v1/vendor/slim/slim/Slim/Middleware/RoutingMiddleware.php(45): Psr\Http\Server\RequestHandlerInterface@anonymous->handle()
#14 /var/www/projects/ottproduct/api/v1/vendor/slim/slim/Slim/MiddlewareDispatcher.php(121): Slim\Middleware\RoutingMiddleware->process()
#15 /var/www/projects/ottproduct/api/v1/vendor/selective/basepath/src/BasePathMiddleware.php(52): Psr\Http\Server\RequestHandlerInterface@anonymous->handle()
#16 /var/www/projects/ottproduct/api/v1/vendor/slim/slim/Slim/MiddlewareDispatcher.php(121): Selective\BasePath\BasePathMiddleware->process()
#17 /var/www/projects/ottproduct/api/v1/vendor/slim/slim/Slim/Middleware/BodyParsingMiddleware.php(64): Psr\Http\Server\RequestHandlerInterface@anonymous->handle()
#18 /var/www/projects/ottproduct/api/v1/vendor/slim/slim/Slim/MiddlewareDispatcher.php(121): Slim\Middleware\BodyParsingMiddleware->process()
#19 /var/www/projects/ottproduct/api/v1/vendor/slim/slim/Slim/Middleware/ErrorMiddleware.php(76): Psr\Http\Server\RequestHandlerInterface@anonymous->handle()
#20 /var/www/projects/ottproduct/api/v1/vendor/slim/slim/Slim/MiddlewareDispatcher.php(121): Slim\Middleware\ErrorMiddleware->process()
#21 /var/www/projects/ottproduct/api/v1/vendor/tuupola/cors-middleware/src/CorsMiddleware.php(158): Psr\Http\Server\RequestHandlerInterface@anonymous->handle()
#22 /var/www/projects/ottproduct/api/v1/vendor/slim/slim/Slim/MiddlewareDispatcher.php(121): Tuupola\Middleware\CorsMiddleware->process()
#23 /var/www/projects/ottproduct/api/v1/vendor/slim/slim/Slim/MiddlewareDispatcher.php(65): Psr\Http\Server\RequestHandlerInterface@anonymous->handle()
#24 /var/www/projects/ottproduct/api/v1/vendor/slim/slim/Slim/App.php(199): Slim\MiddlewareDispatcher->handle()
#25 /var/www/projects/ottproduct/api/v1/public/index.php(94): Slim\App->handle()
#26 {main}  
[2023-06-26 13:18:36] DBModel.INFO: ======= END DBError ================  
[2023-06-26 13:19:06] DBModel.INFO: Mysql Error Message :   
[2023-06-26 13:19:06] DBModel.INFO: Mysql Error Message :   
[2023-06-26 13:35:30] DBModel.INFO:  Result : No Records Found  
[2023-06-26 13:35:30] DBModel.INFO:  Result : No Records Found  
[2023-06-26 13:36:17] DBModel.INFO: ======= START DBError ================  
[2023-06-26 13:36:17] DBModel.ERROR: Error Code : 401Error Message : No Records Found  
[2023-06-26 13:36:17] DBModel.ERROR: Error File : /var/www/projects/ottproduct/api/v1/src/Model/DB.phpError Line : 108  
[2023-06-26 13:36:17] DBModel.ERROR: Error Trace String : #0 /var/www/projects/ottproduct/api/v1/src/Model/WizardSetupModel.php(202): App\Model\DB->getMultiDatasByObjects()
#1 /var/www/projects/ottproduct/api/v1/src/Domain/Repository/WizardSetup/WizardSetupRepository.php(143): App\Model\WizardSetupModel->gettemplateDetailsModel()
#2 /var/www/projects/ottproduct/api/v1/src/Application/Actions/WizardSetup/WizardSetupAction.php(250): App\Domain\Repository\WizardSetup\WizardSetupRepository->gettemplateDetails()
#3 /var/www/projects/ottproduct/api/v1/vendor/slim/slim/Slim/Handlers/Strategies/RequestResponse.php(38): App\Application\Actions\WizardSetup\WizardSetupAction->GetTemplateDetails()
#4 /var/www/projects/ottproduct/api/v1/vendor/slim/slim/Slim/Routing/Route.php(358): Slim\Handlers\Strategies\RequestResponse->__invoke()
#5 /var/www/projects/ottproduct/api/v1/src/Application/Middleware/AuthMiddleware.php(60): Slim\Routing\Route->handle()
#6 /var/www/projects/ottproduct/api/v1/vendor/slim/slim/Slim/MiddlewareDispatcher.php(121): App\Application\Middleware\AuthMiddleware->process()
#7 /var/www/projects/ottproduct/api/v1/vendor/slim/slim/Slim/MiddlewareDispatcher.php(65): Psr\Http\Server\RequestHandlerInterface@anonymous->handle()
#8 /var/www/projects/ottproduct/api/v1/vendor/slim/slim/Slim/MiddlewareDispatcher.php(65): Slim\MiddlewareDispatcher->handle()
#9 /var/www/projects/ottproduct/api/v1/vendor/slim/slim/Slim/Routing/Route.php(315): Slim\MiddlewareDispatcher->handle()
#10 /var/www/projects/ottproduct/api/v1/vendor/slim/slim/Slim/Routing/RouteRunner.php(68): Slim\Routing\Route->run()
#11 /var/www/projects/ottproduct/api/v1/src/Application/Middleware/SessionMiddleware.php(26): Slim\Routing\RouteRunner->handle()
#12 /var/www/projects/ottproduct/api/v1/vendor/slim/slim/Slim/MiddlewareDispatcher.php(168): App\Application\Middleware\SessionMiddleware->process()
#13 /var/www/projects/ottproduct/api/v1/vendor/slim/slim/Slim/Middleware/RoutingMiddleware.php(45): Psr\Http\Server\RequestHandlerInterface@anonymous->handle()
#14 /var/www/projects/ottproduct/api/v1/vendor/slim/slim/Slim/MiddlewareDispatcher.php(121): Slim\Middleware\RoutingMiddleware->process()
#15 /var/www/projects/ottproduct/api/v1/vendor/selective/basepath/src/BasePathMiddleware.php(52): Psr\Http\Server\RequestHandlerInterface@anonymous->handle()
#16 /var/www/projects/ottproduct/api/v1/vendor/slim/slim/Slim/MiddlewareDispatcher.php(121): Selective\BasePath\BasePathMiddleware->process()
#17 /var/www/projects/ottproduct/api/v1/vendor/slim/slim/Slim/Middleware/BodyParsingMiddleware.php(64): Psr\Http\Server\RequestHandlerInterface@anonymous->handle()
#18 /var/www/projects/ottproduct/api/v1/vendor/slim/slim/Slim/MiddlewareDispatcher.php(121): Slim\Middleware\BodyParsingMiddleware->process()
#19 /var/www/projects/ottproduct/api/v1/vendor/slim/slim/Slim/Middleware/ErrorMiddleware.php(76): Psr\Http\Server\RequestHandlerInterface@anonymous->handle()
#20 /var/www/projects/ottproduct/api/v1/vendor/slim/slim/Slim/MiddlewareDispatcher.php(121): Slim\Middleware\ErrorMiddleware->process()
#21 /var/www/projects/ottproduct/api/v1/vendor/tuupola/cors-middleware/src/CorsMiddleware.php(158): Psr\Http\Server\RequestHandlerInterface@anonymous->handle()
#22 /var/www/projects/ottproduct/api/v1/vendor/slim/slim/Slim/MiddlewareDispatcher.php(121): Tuupola\Middleware\CorsMiddleware->process()
#23 /var/www/projects/ottproduct/api/v1/vendor/slim/slim/Slim/MiddlewareDispatcher.php(65): Psr\Http\Server\RequestHandlerInterface@anonymous->handle()
#24 /var/www/projects/ottproduct/api/v1/vendor/slim/slim/Slim/App.php(199): Slim\MiddlewareDispatcher->handle()
#25 /var/www/projects/ottproduct/api/v1/public/index.php(94): Slim\App->handle()
#26 {main}  
[2023-06-26 13:36:17] DBModel.INFO: ======= END DBError ================  
