[2023-06-23 11:38:58] BrandAction.INFO: ======= Start Brand Action (VIEW)================  
[2023-06-23 11:38:58] BrandAction.INFO: method : POST  
[2023-06-23 11:38:58] BrandAction.INFO: contentType : application/json  
[2023-06-23 11:38:58] BrandAction.INFO: Input Data : {"decoded":{"sub":"1","id":"1","userName":"super admin","userGroup":"1","email":"superadmin@msense.in","hotelId":"4","brandId":"7","iat":1687520330,"exp":1687606730}}  
[2023-06-23 11:38:58] BrandModel.INFO: Query : call SP_AddandEditBrand('VIEW','','',0,0)  
[2023-06-23 11:38:58] BrandAction.INFO: ======= END Brand Action (VIEW)================  
[2023-06-23 11:50:14] BrandAction.INFO: ======= Start Brand Action (VIEW)================  
[2023-06-23 11:50:14] BrandAction.INFO: method : POST  
[2023-06-23 11:50:14] BrandAction.INFO: contentType : application/json  
[2023-06-23 11:50:14] BrandAction.INFO: Input Data : {"decoded":{"sub":"1","id":"1","userName":"super admin","userGroup":"1","email":"superadmin@msense.in","hotelId":"4","brandId":"7","iat":1687521011,"exp":1687607411}}  
[2023-06-23 11:50:14] BrandModel.INFO: Query : call SP_AddandEditBrand('VIEW','','',0,0)  
[2023-06-23 11:50:14] BrandAction.INFO: ======= END Brand Action (VIEW)================  
[2023-06-23 12:17:18] BrandAction.INFO: ======= Start Brand Action (VIEW)================  
[2023-06-23 12:17:18] BrandAction.INFO: method : POST  
[2023-06-23 12:17:18] BrandAction.INFO: contentType : application/json  
[2023-06-23 12:17:18] BrandAction.INFO: Input Data : {"decoded":{"sub":"1","id":"1","userName":"super admin","userGroup":"1","email":"superadmin@msense.in","hotelId":"4","brandId":"7","iat":1687520330,"exp":1687606730}}  
[2023-06-23 12:17:18] BrandModel.INFO: Query : call SP_AddandEditBrand('VIEW','','',0,0)  
[2023-06-23 12:17:18] BrandAction.INFO: ======= END Brand Action (VIEW)================  
[2023-06-23 13:06:14] BrandAction.INFO: ======= Start Brand Action (VIEW)================  
[2023-06-23 13:06:14] BrandAction.INFO: method : POST  
[2023-06-23 13:06:14] BrandAction.INFO: contentType : application/json  
[2023-06-23 13:06:14] BrandAction.INFO: Input Data : {"decoded":{"sub":"1","id":"1","userName":"super admin","userGroup":"1","email":"superadmin@msense.in","hotelId":"4","brandId":"7","iat":1687520330,"exp":1687606730}}  
[2023-06-23 13:06:14] BrandModel.INFO: Query : call SP_AddandEditBrand('VIEW','','',0,0)  
[2023-06-23 13:06:14] BrandAction.INFO: ======= END Brand Action (VIEW)================  
[2023-06-23 13:10:23] BrandAction.INFO: ======= Start Brand Action (VIEW)================  
[2023-06-23 13:10:23] BrandAction.INFO: method : POST  
[2023-06-23 13:10:23] BrandAction.INFO: contentType : application/json  
[2023-06-23 13:10:23] BrandAction.INFO: Input Data : {"decoded":{"sub":"1","id":"1","userName":"super admin","userGroup":"1","email":"superadmin@msense.in","hotelId":"4","brandId":"7","iat":1687525814,"exp":1687612214}}  
[2023-06-23 13:10:23] BrandModel.INFO: Query : call SP_AddandEditBrand('VIEW','','',0,0)  
[2023-06-23 13:10:23] BrandAction.INFO: ======= END Brand Action (VIEW)================  
[2023-06-23 13:11:32] BrandAction.INFO: ======= Start Brand Action (VIEW)================  
[2023-06-23 13:11:32] BrandAction.INFO: method : POST  
[2023-06-23 13:11:32] BrandAction.INFO: contentType : application/json  
[2023-06-23 13:11:32] BrandAction.INFO: Input Data : {"decoded":{"sub":"1","id":"1","userName":"super admin","userGroup":"1","email":"superadmin@msense.in","hotelId":"4","brandId":"7","iat":1687525886,"exp":1687612286}}  
[2023-06-23 13:11:32] BrandModel.INFO: Query : call SP_AddandEditBrand('VIEW','','',0,0)  
[2023-06-23 13:11:32] BrandAction.INFO: ======= END Brand Action (VIEW)================  
[2023-06-23 13:17:29] BrandAction.INFO: ======= Start Brand Action (VIEW)================  
[2023-06-23 13:17:29] BrandAction.INFO: method : POST  
[2023-06-23 13:17:29] BrandAction.INFO: contentType : application/json  
[2023-06-23 13:17:29] BrandAction.INFO: Input Data : {"decoded":{"sub":"1","id":"1","userName":"super admin","userGroup":"1","email":"superadmin@msense.in","hotelId":"4","brandId":"7","iat":1687525886,"exp":1687612286}}  
[2023-06-23 13:17:29] BrandModel.INFO: Query : call SP_AddandEditBrand('VIEW','','',0,0)  
[2023-06-23 13:17:29] BrandAction.INFO: ======= END Brand Action (VIEW)================  
[2023-06-23 13:45:10] BrandAction.INFO: ======= Start Brand Action (VIEW)================  
[2023-06-23 13:45:10] BrandAction.INFO: method : POST  
[2023-06-23 13:45:10] BrandAction.INFO: contentType : application/json  
[2023-06-23 13:45:10] BrandAction.INFO: Input Data : {"decoded":{"sub":"1","id":"1","userName":"super admin","userGroup":"1","email":"superadmin@msense.in","hotelId":"4","brandId":"7","iat":1687527900,"exp":1687614300}}  
[2023-06-23 13:45:10] BrandModel.INFO: Query : call SP_AddandEditBrand('VIEW','','',0,0)  
[2023-06-23 13:45:10] BrandAction.INFO: ======= END Brand Action (VIEW)================  
