[2023-06-23 11:39:00] TvtempRepository.INFO: ======= Start TV Repository (Get All ChannelFeed List) ================  
[2023-06-23 11:39:00] TvtempModel.INFO: Query : CALL SP_TvtemplateDetails('CHNLTYPE')  
[2023-06-23 11:39:00] TvtempRepository.INFO: ======= Start TV Repository (Get All Template List)================  
[2023-06-23 11:39:00] TvtempModel.INFO: Query : CALL SP_TvtemplateDetails('LIST')  
[2023-06-23 11:39:00] TvtempRepository.INFO: ======= Start TV Repository (Get All Feature List)================  
[2023-06-23 11:39:00] TvtempModel.INFO: Query : CALL SP_TvtemplateDetails('FEATURE')  
[2023-06-23 11:39:00] TvtempModel.INFO: get All Template (count) : 3  
[2023-06-23 11:39:00] TvtempRepository.INFO: ======= End TV Repository (Get All ChannelFeed List) ================  
[2023-06-23 11:39:00] TvtempModel.INFO: get All Template (count) : 6  
[2023-06-23 11:39:00] TvtempRepository.INFO: ======= End TV Repository (Get All Template List)================  
[2023-06-23 11:39:00] TvtempModel.INFO: get All Template (count) : 7  
[2023-06-23 11:39:00] TvtempRepository.INFO: ======= End TV Repository (Get All Feature List)================  
[2023-06-23 11:44:17] TvtempRepository.INFO: ======= Start TV Repository (Get All Template List)================  
[2023-06-23 11:44:17] TvtempModel.INFO: Query : CALL SP_TvtemplateDetails('LIST')  
[2023-06-23 11:44:17] TvtempRepository.INFO: ======= Start TV Repository (Get All Feature List)================  
[2023-06-23 11:44:17] TvtempModel.INFO: Query : CALL SP_TvtemplateDetails('FEATURE')  
[2023-06-23 11:44:17] TvtempRepository.INFO: ======= Start TV Repository (Get All ChannelFeed List) ================  
[2023-06-23 11:44:17] TvtempModel.INFO: Query : CALL SP_TvtemplateDetails('CHNLTYPE')  
[2023-06-23 11:44:17] TvtempModel.INFO: get All Template (count) : 7  
[2023-06-23 11:44:17] TvtempRepository.INFO: ======= End TV Repository (Get All Feature List)================  
[2023-06-23 11:44:17] TvtempModel.INFO: get All Template (count) : 3  
[2023-06-23 11:44:17] TvtempRepository.INFO: ======= End TV Repository (Get All ChannelFeed List) ================  
[2023-06-23 11:44:17] TvtempModel.INFO: get All Template (count) : 6  
[2023-06-23 11:44:17] TvtempRepository.INFO: ======= End TV Repository (Get All Template List)================  
[2023-06-23 11:50:16] TvtempRepository.INFO: ======= Start TV Repository (Get All Template List)================  
[2023-06-23 11:50:16] TvtempModel.INFO: Query : CALL SP_TvtemplateDetails('LIST')  
[2023-06-23 11:50:16] TvtempRepository.INFO: ======= Start TV Repository (Get All Feature List)================  
[2023-06-23 11:50:16] TvtempModel.INFO: Query : CALL SP_TvtemplateDetails('FEATURE')  
[2023-06-23 11:50:16] TvtempRepository.INFO: ======= Start TV Repository (Get All ChannelFeed List) ================  
[2023-06-23 11:50:16] TvtempModel.INFO: Query : CALL SP_TvtemplateDetails('CHNLTYPE')  
[2023-06-23 11:50:16] TvtempModel.INFO: get All Template (count) : 7  
[2023-06-23 11:50:16] TvtempRepository.INFO: ======= End TV Repository (Get All Feature List)================  
[2023-06-23 11:50:16] TvtempModel.INFO: get All Template (count) : 3  
[2023-06-23 11:50:16] TvtempRepository.INFO: ======= End TV Repository (Get All ChannelFeed List) ================  
[2023-06-23 11:50:16] TvtempModel.INFO: get All Template (count) : 6  
[2023-06-23 11:50:16] TvtempRepository.INFO: ======= End TV Repository (Get All Template List)================  
[2023-06-23 11:53:35] TvtempRepository.INFO: ======= Start TV Repository (Get All Template List)================  
[2023-06-23 11:53:35] TvtempModel.INFO: Query : CALL SP_TvtemplateDetails('LIST')  
[2023-06-23 11:53:35] TvtempModel.INFO: get All Template (count) : 6  
[2023-06-23 11:53:35] TvtempRepository.INFO: ======= End TV Repository (Get All Template List)================  
[2023-06-23 11:53:35] TvtempRepository.INFO: ======= Start TV Repository (Get All Feature List)================  
[2023-06-23 11:53:35] TvtempModel.INFO: Query : CALL SP_TvtemplateDetails('FEATURE')  
[2023-06-23 11:53:35] TvtempRepository.INFO: ======= Start TV Repository (Get All ChannelFeed List) ================  
[2023-06-23 11:53:35] TvtempModel.INFO: Query : CALL SP_TvtemplateDetails('CHNLTYPE')  
[2023-06-23 11:53:35] TvtempModel.INFO: get All Template (count) : 7  
[2023-06-23 11:53:35] TvtempRepository.INFO: ======= End TV Repository (Get All Feature List)================  
[2023-06-23 11:53:35] TvtempModel.INFO: get All Template (count) : 3  
[2023-06-23 11:53:35] TvtempRepository.INFO: ======= End TV Repository (Get All ChannelFeed List) ================  
[2023-06-23 11:54:39] TvtempRepository.INFO: ======= Start TV Repository (Get All ChannelFeed List) ================  
[2023-06-23 11:54:39] TvtempModel.INFO: Query : CALL SP_TvtemplateDetails('CHNLTYPE')  
[2023-06-23 11:54:39] TvtempRepository.INFO: ======= Start TV Repository (Get All Feature List)================  
[2023-06-23 11:54:39] TvtempModel.INFO: Query : CALL SP_TvtemplateDetails('FEATURE')  
[2023-06-23 11:54:39] TvtempRepository.INFO: ======= Start TV Repository (Get All Template List)================  
[2023-06-23 11:54:39] TvtempModel.INFO: Query : CALL SP_TvtemplateDetails('LIST')  
[2023-06-23 11:54:39] TvtempModel.INFO: get All Template (count) : 3  
[2023-06-23 11:54:39] TvtempRepository.INFO: ======= End TV Repository (Get All ChannelFeed List) ================  
[2023-06-23 11:54:39] TvtempModel.INFO: get All Template (count) : 6  
[2023-06-23 11:54:39] TvtempRepository.INFO: ======= End TV Repository (Get All Template List)================  
[2023-06-23 11:54:39] TvtempModel.INFO: get All Template (count) : 7  
[2023-06-23 11:54:39] TvtempRepository.INFO: ======= End TV Repository (Get All Feature List)================  
[2023-06-23 11:55:20] TvtempRepository.INFO: ======= Start TV Repository (Get All Feature List)================  
[2023-06-23 11:55:20] TvtempModel.INFO: Query : CALL SP_TvtemplateDetails('FEATURE')  
[2023-06-23 11:55:20] TvtempRepository.INFO: ======= Start TV Repository (Get All ChannelFeed List) ================  
[2023-06-23 11:55:20] TvtempModel.INFO: Query : CALL SP_TvtemplateDetails('CHNLTYPE')  
[2023-06-23 11:55:20] TvtempRepository.INFO: ======= Start TV Repository (Get All Template List)================  
[2023-06-23 11:55:20] TvtempModel.INFO: Query : CALL SP_TvtemplateDetails('LIST')  
[2023-06-23 11:55:20] TvtempModel.INFO: get All Template (count) : 7  
[2023-06-23 11:55:20] TvtempRepository.INFO: ======= End TV Repository (Get All Feature List)================  
[2023-06-23 11:55:20] TvtempModel.INFO: get All Template (count) : 3  
[2023-06-23 11:55:20] TvtempRepository.INFO: ======= End TV Repository (Get All ChannelFeed List) ================  
[2023-06-23 11:55:20] TvtempModel.INFO: get All Template (count) : 6  
[2023-06-23 11:55:20] TvtempRepository.INFO: ======= End TV Repository (Get All Template List)================  
[2023-06-23 11:56:47] TvtempRepository.INFO: ======= Start TV Repository (Get All Template List)================  
[2023-06-23 11:56:47] TvtempModel.INFO: Query : CALL SP_TvtemplateDetails('LIST')  
[2023-06-23 11:56:47] TvtempModel.INFO: get All Template (count) : 6  
[2023-06-23 11:56:47] TvtempRepository.INFO: ======= End TV Repository (Get All Template List)================  
[2023-06-23 11:56:47] TvtempRepository.INFO: ======= Start TV Repository (Get All Feature List)================  
[2023-06-23 11:56:47] TvtempModel.INFO: Query : CALL SP_TvtemplateDetails('FEATURE')  
[2023-06-23 11:56:47] TvtempModel.INFO: get All Template (count) : 7  
[2023-06-23 11:56:47] TvtempRepository.INFO: ======= End TV Repository (Get All Feature List)================  
[2023-06-23 11:56:47] TvtempRepository.INFO: ======= Start TV Repository (Get All ChannelFeed List) ================  
[2023-06-23 11:56:47] TvtempModel.INFO: Query : CALL SP_TvtemplateDetails('CHNLTYPE')  
[2023-06-23 11:56:47] TvtempModel.INFO: get All Template (count) : 3  
[2023-06-23 11:56:47] TvtempRepository.INFO: ======= End TV Repository (Get All ChannelFeed List) ================  
[2023-06-23 11:57:49] TvtempRepository.INFO: ======= Start TV Repository (Get All ChannelFeed List) ================  
[2023-06-23 11:57:49] TvtempModel.INFO: Query : CALL SP_TvtemplateDetails('CHNLTYPE')  
[2023-06-23 11:57:49] TvtempRepository.INFO: ======= Start TV Repository (Get All Feature List)================  
[2023-06-23 11:57:49] TvtempModel.INFO: Query : CALL SP_TvtemplateDetails('FEATURE')  
[2023-06-23 11:57:49] TvtempRepository.INFO: ======= Start TV Repository (Get All Template List)================  
[2023-06-23 11:57:49] TvtempModel.INFO: Query : CALL SP_TvtemplateDetails('LIST')  
[2023-06-23 11:57:49] TvtempModel.INFO: get All Template (count) : 3  
[2023-06-23 11:57:49] TvtempRepository.INFO: ======= End TV Repository (Get All ChannelFeed List) ================  
[2023-06-23 11:57:49] TvtempModel.INFO: get All Template (count) : 7  
[2023-06-23 11:57:49] TvtempRepository.INFO: ======= End TV Repository (Get All Feature List)================  
[2023-06-23 11:57:49] TvtempModel.INFO: get All Template (count) : 6  
[2023-06-23 11:57:49] TvtempRepository.INFO: ======= End TV Repository (Get All Template List)================  
[2023-06-23 11:59:46] TvtempRepository.INFO: ======= Start TV Repository (Get All Template List)================  
[2023-06-23 11:59:46] TvtempModel.INFO: Query : CALL SP_TvtemplateDetails('LIST')  
[2023-06-23 11:59:46] TvtempModel.INFO: get All Template (count) : 6  
[2023-06-23 11:59:46] TvtempRepository.INFO: ======= End TV Repository (Get All Template List)================  
[2023-06-23 11:59:46] TvtempRepository.INFO: ======= Start TV Repository (Get All ChannelFeed List) ================  
[2023-06-23 11:59:46] TvtempModel.INFO: Query : CALL SP_TvtemplateDetails('CHNLTYPE')  
[2023-06-23 11:59:46] TvtempRepository.INFO: ======= Start TV Repository (Get All Feature List)================  
[2023-06-23 11:59:46] TvtempModel.INFO: Query : CALL SP_TvtemplateDetails('FEATURE')  
[2023-06-23 11:59:46] TvtempModel.INFO: get All Template (count) : 3  
[2023-06-23 11:59:46] TvtempRepository.INFO: ======= End TV Repository (Get All ChannelFeed List) ================  
[2023-06-23 11:59:46] TvtempModel.INFO: get All Template (count) : 7  
[2023-06-23 11:59:46] TvtempRepository.INFO: ======= End TV Repository (Get All Feature List)================  
[2023-06-23 12:00:41] TvtempRepository.INFO: ======= Start TV Repository (Get All Template List)================  
[2023-06-23 12:00:41] TvtempModel.INFO: Query : CALL SP_TvtemplateDetails('LIST')  
[2023-06-23 12:00:41] TvtempRepository.INFO: ======= Start TV Repository (Get All Feature List)================  
[2023-06-23 12:00:41] TvtempModel.INFO: Query : CALL SP_TvtemplateDetails('FEATURE')  
[2023-06-23 12:00:41] TvtempModel.INFO: get All Template (count) : 6  
[2023-06-23 12:00:41] TvtempRepository.INFO: ======= End TV Repository (Get All Template List)================  
[2023-06-23 12:00:41] TvtempModel.INFO: get All Template (count) : 7  
[2023-06-23 12:00:41] TvtempRepository.INFO: ======= End TV Repository (Get All Feature List)================  
[2023-06-23 12:00:41] TvtempRepository.INFO: ======= Start TV Repository (Get All ChannelFeed List) ================  
[2023-06-23 12:00:41] TvtempModel.INFO: Query : CALL SP_TvtemplateDetails('CHNLTYPE')  
[2023-06-23 12:00:41] TvtempModel.INFO: get All Template (count) : 3  
[2023-06-23 12:00:41] TvtempRepository.INFO: ======= End TV Repository (Get All ChannelFeed List) ================  
[2023-06-23 12:06:04] TvtempRepository.INFO: ======= Start TV Repository (Get All Template List)================  
[2023-06-23 12:06:04] TvtempModel.INFO: Query : CALL SP_TvtemplateDetails('LIST')  
[2023-06-23 12:06:04] TvtempRepository.INFO: ======= Start TV Repository (Get All ChannelFeed List) ================  
[2023-06-23 12:06:04] TvtempModel.INFO: Query : CALL SP_TvtemplateDetails('CHNLTYPE')  
[2023-06-23 12:06:04] TvtempModel.INFO: get All Template (count) : 6  
[2023-06-23 12:06:04] TvtempRepository.INFO: ======= End TV Repository (Get All Template List)================  
[2023-06-23 12:06:04] TvtempRepository.INFO: ======= Start TV Repository (Get All Feature List)================  
[2023-06-23 12:06:04] TvtempModel.INFO: Query : CALL SP_TvtemplateDetails('FEATURE')  
[2023-06-23 12:06:04] TvtempModel.INFO: get All Template (count) : 3  
[2023-06-23 12:06:04] TvtempRepository.INFO: ======= End TV Repository (Get All ChannelFeed List) ================  
[2023-06-23 12:06:04] TvtempModel.INFO: get All Template (count) : 7  
[2023-06-23 12:06:04] TvtempRepository.INFO: ======= End TV Repository (Get All Feature List)================  
[2023-06-23 12:07:39] TvtempRepository.INFO: ======= Start TV Repository (Get All Feature List)================  
[2023-06-23 12:07:39] TvtempModel.INFO: Query : CALL SP_TvtemplateDetails('FEATURE')  
[2023-06-23 12:07:39] TvtempRepository.INFO: ======= Start TV Repository (Get All ChannelFeed List) ================  
[2023-06-23 12:07:39] TvtempModel.INFO: Query : CALL SP_TvtemplateDetails('CHNLTYPE')  
[2023-06-23 12:07:39] TvtempRepository.INFO: ======= Start TV Repository (Get All Template List)================  
[2023-06-23 12:07:39] TvtempModel.INFO: Query : CALL SP_TvtemplateDetails('LIST')  
[2023-06-23 12:07:39] TvtempModel.INFO: get All Template (count) : 7  
[2023-06-23 12:07:39] TvtempRepository.INFO: ======= End TV Repository (Get All Feature List)================  
[2023-06-23 12:07:39] TvtempModel.INFO: get All Template (count) : 3  
[2023-06-23 12:07:39] TvtempRepository.INFO: ======= End TV Repository (Get All ChannelFeed List) ================  
[2023-06-23 12:07:39] TvtempModel.INFO: get All Template (count) : 6  
[2023-06-23 12:07:39] TvtempRepository.INFO: ======= End TV Repository (Get All Template List)================  
[2023-06-23 12:10:04] TvtempRepository.INFO: ======= Start TV Repository (Get All Template List)================  
[2023-06-23 12:10:04] TvtempModel.INFO: Query : CALL SP_TvtemplateDetails('LIST')  
[2023-06-23 12:10:04] TvtempModel.INFO: get All Template (count) : 6  
[2023-06-23 12:10:04] TvtempRepository.INFO: ======= End TV Repository (Get All Template List)================  
[2023-06-23 12:10:04] TvtempRepository.INFO: ======= Start TV Repository (Get All ChannelFeed List) ================  
[2023-06-23 12:10:04] TvtempModel.INFO: Query : CALL SP_TvtemplateDetails('CHNLTYPE')  
[2023-06-23 12:10:04] TvtempRepository.INFO: ======= Start TV Repository (Get All Feature List)================  
[2023-06-23 12:10:04] TvtempModel.INFO: Query : CALL SP_TvtemplateDetails('FEATURE')  
[2023-06-23 12:10:04] TvtempModel.INFO: get All Template (count) : 3  
[2023-06-23 12:10:04] TvtempRepository.INFO: ======= End TV Repository (Get All ChannelFeed List) ================  
[2023-06-23 12:10:04] TvtempModel.INFO: get All Template (count) : 7  
[2023-06-23 12:10:04] TvtempRepository.INFO: ======= End TV Repository (Get All Feature List)================  
[2023-06-23 12:10:49] TvtempRepository.INFO: ======= Start TV Repository (Get All ChannelFeed List) ================  
[2023-06-23 12:10:49] TvtempModel.INFO: Query : CALL SP_TvtemplateDetails('CHNLTYPE')  
[2023-06-23 12:10:49] TvtempModel.INFO: get All Template (count) : 3  
[2023-06-23 12:10:49] TvtempRepository.INFO: ======= End TV Repository (Get All ChannelFeed List) ================  
[2023-06-23 12:10:49] TvtempRepository.INFO: ======= Start TV Repository (Get All Template List)================  
[2023-06-23 12:10:49] TvtempModel.INFO: Query : CALL SP_TvtemplateDetails('LIST')  
[2023-06-23 12:10:49] TvtempRepository.INFO: ======= Start TV Repository (Get All Feature List)================  
[2023-06-23 12:10:49] TvtempModel.INFO: Query : CALL SP_TvtemplateDetails('FEATURE')  
[2023-06-23 12:10:49] TvtempModel.INFO: get All Template (count) : 6  
[2023-06-23 12:10:49] TvtempRepository.INFO: ======= End TV Repository (Get All Template List)================  
[2023-06-23 12:10:49] TvtempModel.INFO: get All Template (count) : 7  
[2023-06-23 12:10:49] TvtempRepository.INFO: ======= End TV Repository (Get All Feature List)================  
[2023-06-23 12:13:17] TvtempRepository.INFO: ======= Start TV Repository (Get All ChannelFeed List) ================  
[2023-06-23 12:13:17] TvtempModel.INFO: Query : CALL SP_TvtemplateDetails('CHNLTYPE')  
[2023-06-23 12:13:17] TvtempRepository.INFO: ======= Start TV Repository (Get All Feature List)================  
[2023-06-23 12:13:17] TvtempModel.INFO: Query : CALL SP_TvtemplateDetails('FEATURE')  
[2023-06-23 12:13:17] TvtempModel.INFO: get All Template (count) : 3  
[2023-06-23 12:13:17] TvtempRepository.INFO: ======= End TV Repository (Get All ChannelFeed List) ================  
[2023-06-23 12:13:17] TvtempRepository.INFO: ======= Start TV Repository (Get All Template List)================  
[2023-06-23 12:13:17] TvtempModel.INFO: Query : CALL SP_TvtemplateDetails('LIST')  
[2023-06-23 12:13:17] TvtempModel.INFO: get All Template (count) : 7  
[2023-06-23 12:13:17] TvtempRepository.INFO: ======= End TV Repository (Get All Feature List)================  
[2023-06-23 12:13:17] TvtempModel.INFO: get All Template (count) : 6  
[2023-06-23 12:13:17] TvtempRepository.INFO: ======= End TV Repository (Get All Template List)================  
[2023-06-23 12:17:20] TvtempRepository.INFO: ======= Start TV Repository (Get All ChannelFeed List) ================  
[2023-06-23 12:17:20] TvtempModel.INFO: Query : CALL SP_TvtemplateDetails('CHNLTYPE')  
[2023-06-23 12:17:20] TvtempModel.INFO: get All Template (count) : 3  
[2023-06-23 12:17:20] TvtempRepository.INFO: ======= End TV Repository (Get All ChannelFeed List) ================  
[2023-06-23 12:17:20] TvtempRepository.INFO: ======= Start TV Repository (Get All Template List)================  
[2023-06-23 12:17:20] TvtempModel.INFO: Query : CALL SP_TvtemplateDetails('LIST')  
[2023-06-23 12:17:20] TvtempRepository.INFO: ======= Start TV Repository (Get All Feature List)================  
[2023-06-23 12:17:20] TvtempModel.INFO: Query : CALL SP_TvtemplateDetails('FEATURE')  
[2023-06-23 12:17:20] TvtempModel.INFO: get All Template (count) : 6  
[2023-06-23 12:17:20] TvtempRepository.INFO: ======= End TV Repository (Get All Template List)================  
[2023-06-23 12:17:20] TvtempModel.INFO: get All Template (count) : 7  
[2023-06-23 12:17:20] TvtempRepository.INFO: ======= End TV Repository (Get All Feature List)================  
[2023-06-23 12:18:22] TvtempRepository.INFO: ======= Start TV Repository (Get All ChannelFeed List) ================  
[2023-06-23 12:18:22] TvtempModel.INFO: Query : CALL SP_TvtemplateDetails('CHNLTYPE')  
[2023-06-23 12:18:22] TvtempRepository.INFO: ======= Start TV Repository (Get All Template List)================  
[2023-06-23 12:18:22] TvtempModel.INFO: Query : CALL SP_TvtemplateDetails('LIST')  
[2023-06-23 12:18:22] TvtempRepository.INFO: ======= Start TV Repository (Get All Feature List)================  
[2023-06-23 12:18:22] TvtempModel.INFO: Query : CALL SP_TvtemplateDetails('FEATURE')  
[2023-06-23 12:18:22] TvtempModel.INFO: get All Template (count) : 3  
[2023-06-23 12:18:22] TvtempRepository.INFO: ======= End TV Repository (Get All ChannelFeed List) ================  
[2023-06-23 12:18:22] TvtempModel.INFO: get All Template (count) : 6  
[2023-06-23 12:18:22] TvtempRepository.INFO: ======= End TV Repository (Get All Template List)================  
[2023-06-23 12:18:22] TvtempModel.INFO: get All Template (count) : 7  
[2023-06-23 12:18:22] TvtempRepository.INFO: ======= End TV Repository (Get All Feature List)================  
[2023-06-23 12:19:13] TvtempRepository.INFO: ======= Start TV Repository (Get All Feature List)================  
[2023-06-23 12:19:13] TvtempModel.INFO: Query : CALL SP_TvtemplateDetails('FEATURE')  
[2023-06-23 12:19:13] TvtempRepository.INFO: ======= Start TV Repository (Get All Template List)================  
[2023-06-23 12:19:13] TvtempModel.INFO: Query : CALL SP_TvtemplateDetails('LIST')  
[2023-06-23 12:19:13] TvtempRepository.INFO: ======= Start TV Repository (Get All ChannelFeed List) ================  
[2023-06-23 12:19:13] TvtempModel.INFO: Query : CALL SP_TvtemplateDetails('CHNLTYPE')  
[2023-06-23 12:19:13] TvtempModel.INFO: get All Template (count) : 7  
[2023-06-23 12:19:13] TvtempRepository.INFO: ======= End TV Repository (Get All Feature List)================  
[2023-06-23 12:19:13] TvtempModel.INFO: get All Template (count) : 6  
[2023-06-23 12:19:13] TvtempRepository.INFO: ======= End TV Repository (Get All Template List)================  
[2023-06-23 12:19:13] TvtempModel.INFO: get All Template (count) : 3  
[2023-06-23 12:19:13] TvtempRepository.INFO: ======= End TV Repository (Get All ChannelFeed List) ================  
[2023-06-23 12:19:41] TvtempRepository.INFO: ======= Start TV Repository (Get All ChannelFeed List) ================  
[2023-06-23 12:19:41] TvtempModel.INFO: Query : CALL SP_TvtemplateDetails('CHNLTYPE')  
[2023-06-23 12:19:41] TvtempRepository.INFO: ======= Start TV Repository (Get All Feature List)================  
[2023-06-23 12:19:41] TvtempModel.INFO: Query : CALL SP_TvtemplateDetails('FEATURE')  
[2023-06-23 12:19:41] TvtempRepository.INFO: ======= Start TV Repository (Get All Template List)================  
[2023-06-23 12:19:41] TvtempModel.INFO: Query : CALL SP_TvtemplateDetails('LIST')  
[2023-06-23 12:19:41] TvtempModel.INFO: get All Template (count) : 3  
[2023-06-23 12:19:41] TvtempRepository.INFO: ======= End TV Repository (Get All ChannelFeed List) ================  
[2023-06-23 12:19:41] TvtempModel.INFO: get All Template (count) : 7  
[2023-06-23 12:19:41] TvtempRepository.INFO: ======= End TV Repository (Get All Feature List)================  
[2023-06-23 12:19:41] TvtempModel.INFO: get All Template (count) : 6  
[2023-06-23 12:19:41] TvtempRepository.INFO: ======= End TV Repository (Get All Template List)================  
[2023-06-23 12:20:18] TvtempRepository.INFO: ======= Start TV Repository (Get All Template List)================  
[2023-06-23 12:20:18] TvtempModel.INFO: Query : CALL SP_TvtemplateDetails('LIST')  
[2023-06-23 12:20:18] TvtempRepository.INFO: ======= Start TV Repository (Get All ChannelFeed List) ================  
[2023-06-23 12:20:18] TvtempModel.INFO: Query : CALL SP_TvtemplateDetails('CHNLTYPE')  
[2023-06-23 12:20:18] TvtempModel.INFO: get All Template (count) : 6  
[2023-06-23 12:20:18] TvtempRepository.INFO: ======= End TV Repository (Get All Template List)================  
[2023-06-23 12:20:18] TvtempRepository.INFO: ======= Start TV Repository (Get All Feature List)================  
[2023-06-23 12:20:18] TvtempModel.INFO: Query : CALL SP_TvtemplateDetails('FEATURE')  
[2023-06-23 12:20:18] TvtempModel.INFO: get All Template (count) : 3  
[2023-06-23 12:20:18] TvtempRepository.INFO: ======= End TV Repository (Get All ChannelFeed List) ================  
[2023-06-23 12:20:18] TvtempModel.INFO: get All Template (count) : 7  
[2023-06-23 12:20:18] TvtempRepository.INFO: ======= End TV Repository (Get All Feature List)================  
[2023-06-23 12:20:41] TvtempRepository.INFO: ======= Start TV Repository (Get All Feature List)================  
[2023-06-23 12:20:41] TvtempModel.INFO: Query : CALL SP_TvtemplateDetails('FEATURE')  
[2023-06-23 12:20:41] TvtempModel.INFO: get All Template (count) : 7  
[2023-06-23 12:20:41] TvtempRepository.INFO: ======= End TV Repository (Get All Feature List)================  
[2023-06-23 12:20:41] TvtempRepository.INFO: ======= Start TV Repository (Get All Template List)================  
[2023-06-23 12:20:41] TvtempModel.INFO: Query : CALL SP_TvtemplateDetails('LIST')  
[2023-06-23 12:20:41] TvtempModel.INFO: get All Template (count) : 6  
[2023-06-23 12:20:41] TvtempRepository.INFO: ======= End TV Repository (Get All Template List)================  
[2023-06-23 12:20:41] TvtempRepository.INFO: ======= Start TV Repository (Get All ChannelFeed List) ================  
[2023-06-23 12:20:41] TvtempModel.INFO: Query : CALL SP_TvtemplateDetails('CHNLTYPE')  
[2023-06-23 12:20:41] TvtempModel.INFO: get All Template (count) : 3  
[2023-06-23 12:20:41] TvtempRepository.INFO: ======= End TV Repository (Get All ChannelFeed List) ================  
[2023-06-23 12:20:49] TvtempRepository.INFO: ======= Start TV Repository (Get All ChannelFeed List) ================  
[2023-06-23 12:20:49] TvtempModel.INFO: Query : CALL SP_TvtemplateDetails('CHNLTYPE')  
[2023-06-23 12:20:49] TvtempRepository.INFO: ======= Start TV Repository (Get All Feature List)================  
[2023-06-23 12:20:49] TvtempRepository.INFO: ======= Start TV Repository (Get All Template List)================  
[2023-06-23 12:20:49] TvtempModel.INFO: Query : CALL SP_TvtemplateDetails('LIST')  
[2023-06-23 12:20:49] TvtempModel.INFO: Query : CALL SP_TvtemplateDetails('FEATURE')  
[2023-06-23 12:20:49] TvtempModel.INFO: get All Template (count) : 3  
[2023-06-23 12:20:49] TvtempRepository.INFO: ======= End TV Repository (Get All ChannelFeed List) ================  
[2023-06-23 12:20:49] TvtempModel.INFO: get All Template (count) : 6  
[2023-06-23 12:20:49] TvtempRepository.INFO: ======= End TV Repository (Get All Template List)================  
[2023-06-23 12:20:49] TvtempModel.INFO: get All Template (count) : 7  
[2023-06-23 12:20:49] TvtempRepository.INFO: ======= End TV Repository (Get All Feature List)================  
[2023-06-23 12:21:29] TvtempRepository.INFO: ======= Start TV Repository (Get All Template List)================  
[2023-06-23 12:21:29] TvtempModel.INFO: Query : CALL SP_TvtemplateDetails('LIST')  
[2023-06-23 12:21:29] TvtempRepository.INFO: ======= Start TV Repository (Get All ChannelFeed List) ================  
[2023-06-23 12:21:29] TvtempModel.INFO: Query : CALL SP_TvtemplateDetails('CHNLTYPE')  
[2023-06-23 12:21:29] TvtempRepository.INFO: ======= Start TV Repository (Get All Feature List)================  
[2023-06-23 12:21:29] TvtempModel.INFO: Query : CALL SP_TvtemplateDetails('FEATURE')  
[2023-06-23 12:21:29] TvtempModel.INFO: get All Template (count) : 6  
[2023-06-23 12:21:29] TvtempRepository.INFO: ======= End TV Repository (Get All Template List)================  
[2023-06-23 12:21:29] TvtempModel.INFO: get All Template (count) : 7  
[2023-06-23 12:21:29] TvtempRepository.INFO: ======= End TV Repository (Get All Feature List)================  
[2023-06-23 12:21:29] TvtempModel.INFO: get All Template (count) : 3  
[2023-06-23 12:21:29] TvtempRepository.INFO: ======= End TV Repository (Get All ChannelFeed List) ================  
[2023-06-23 12:22:17] TvtempRepository.INFO: ======= Start TV Repository (Get All Template List)================  
[2023-06-23 12:22:17] TvtempModel.INFO: Query : CALL SP_TvtemplateDetails('LIST')  
[2023-06-23 12:22:17] TvtempRepository.INFO: ======= Start TV Repository (Get All ChannelFeed List) ================  
[2023-06-23 12:22:17] TvtempModel.INFO: Query : CALL SP_TvtemplateDetails('CHNLTYPE')  
[2023-06-23 12:22:17] TvtempRepository.INFO: ======= Start TV Repository (Get All Feature List)================  
[2023-06-23 12:22:17] TvtempModel.INFO: Query : CALL SP_TvtemplateDetails('FEATURE')  
[2023-06-23 12:22:17] TvtempModel.INFO: get All Template (count) : 6  
[2023-06-23 12:22:17] TvtempRepository.INFO: ======= End TV Repository (Get All Template List)================  
[2023-06-23 12:22:17] TvtempModel.INFO: get All Template (count) : 7  
[2023-06-23 12:22:17] TvtempRepository.INFO: ======= End TV Repository (Get All Feature List)================  
[2023-06-23 12:22:17] TvtempModel.INFO: get All Template (count) : 3  
[2023-06-23 12:22:17] TvtempRepository.INFO: ======= End TV Repository (Get All ChannelFeed List) ================  
[2023-06-23 12:24:27] TvtempRepository.INFO: ======= Start TV Repository (Get All Template List)================  
[2023-06-23 12:24:27] TvtempModel.INFO: Query : CALL SP_TvtemplateDetails('LIST')  
[2023-06-23 12:24:27] TvtempRepository.INFO: ======= Start TV Repository (Get All ChannelFeed List) ================  
[2023-06-23 12:24:27] TvtempModel.INFO: Query : CALL SP_TvtemplateDetails('CHNLTYPE')  
[2023-06-23 12:24:27] TvtempModel.INFO: get All Template (count) : 3  
[2023-06-23 12:24:27] TvtempRepository.INFO: ======= End TV Repository (Get All ChannelFeed List) ================  
[2023-06-23 12:24:27] TvtempModel.INFO: get All Template (count) : 6  
[2023-06-23 12:24:27] TvtempRepository.INFO: ======= End TV Repository (Get All Template List)================  
[2023-06-23 12:24:27] TvtempRepository.INFO: ======= Start TV Repository (Get All Feature List)================  
[2023-06-23 12:24:27] TvtempModel.INFO: Query : CALL SP_TvtemplateDetails('FEATURE')  
[2023-06-23 12:24:27] TvtempModel.INFO: get All Template (count) : 7  
[2023-06-23 12:24:27] TvtempRepository.INFO: ======= End TV Repository (Get All Feature List)================  
[2023-06-23 12:24:52] TvtempRepository.INFO: ======= Start TV Repository (Get All Feature List)================  
[2023-06-23 12:24:52] TvtempModel.INFO: Query : CALL SP_TvtemplateDetails('FEATURE')  
[2023-06-23 12:24:52] TvtempRepository.INFO: ======= Start TV Repository (Get All ChannelFeed List) ================  
[2023-06-23 12:24:52] TvtempModel.INFO: Query : CALL SP_TvtemplateDetails('CHNLTYPE')  
[2023-06-23 12:24:52] TvtempModel.INFO: get All Template (count) : 7  
[2023-06-23 12:24:52] TvtempRepository.INFO: ======= End TV Repository (Get All Feature List)================  
[2023-06-23 12:24:52] TvtempModel.INFO: get All Template (count) : 3  
[2023-06-23 12:24:52] TvtempRepository.INFO: ======= End TV Repository (Get All ChannelFeed List) ================  
[2023-06-23 12:24:52] TvtempRepository.INFO: ======= Start TV Repository (Get All Template List)================  
[2023-06-23 12:24:52] TvtempModel.INFO: Query : CALL SP_TvtemplateDetails('LIST')  
[2023-06-23 12:24:52] TvtempModel.INFO: get All Template (count) : 6  
[2023-06-23 12:24:52] TvtempRepository.INFO: ======= End TV Repository (Get All Template List)================  
[2023-06-23 12:38:27] TvtempRepository.INFO: ======= Start TV Repository (Get All Feature List)================  
[2023-06-23 12:38:27] TvtempModel.INFO: Query : CALL SP_TvtemplateDetails('FEATURE')  
[2023-06-23 12:38:27] TvtempRepository.INFO: ======= Start TV Repository (Get All ChannelFeed List) ================  
[2023-06-23 12:38:27] TvtempModel.INFO: Query : CALL SP_TvtemplateDetails('CHNLTYPE')  
[2023-06-23 12:38:27] TvtempRepository.INFO: ======= Start TV Repository (Get All Template List)================  
[2023-06-23 12:38:27] TvtempModel.INFO: Query : CALL SP_TvtemplateDetails('LIST')  
[2023-06-23 12:38:27] TvtempModel.INFO: get All Template (count) : 3  
[2023-06-23 12:38:27] TvtempRepository.INFO: ======= End TV Repository (Get All ChannelFeed List) ================  
[2023-06-23 12:38:27] TvtempModel.INFO: get All Template (count) : 7  
[2023-06-23 12:38:27] TvtempRepository.INFO: ======= End TV Repository (Get All Feature List)================  
[2023-06-23 12:38:27] TvtempModel.INFO: get All Template (count) : 6  
[2023-06-23 12:38:27] TvtempRepository.INFO: ======= End TV Repository (Get All Template List)================  
[2023-06-23 13:06:05] TvtempRepository.INFO: ======= Start TV Repository (Get All ChannelFeed List) ================  
[2023-06-23 13:06:05] TvtempModel.INFO: Query : CALL SP_TvtemplateDetails('CHNLTYPE')  
[2023-06-23 13:06:05] TvtempModel.INFO: get All Template (count) : 3  
[2023-06-23 13:06:05] TvtempRepository.INFO: ======= End TV Repository (Get All ChannelFeed List) ================  
[2023-06-23 13:06:05] TvtempRepository.INFO: ======= Start TV Repository (Get All Feature List)================  
[2023-06-23 13:06:05] TvtempModel.INFO: Query : CALL SP_TvtemplateDetails('FEATURE')  
[2023-06-23 13:06:05] TvtempRepository.INFO: ======= Start TV Repository (Get All Template List)================  
[2023-06-23 13:06:05] TvtempModel.INFO: Query : CALL SP_TvtemplateDetails('LIST')  
[2023-06-23 13:06:05] TvtempModel.INFO: get All Template (count) : 6  
[2023-06-23 13:06:05] TvtempRepository.INFO: ======= End TV Repository (Get All Template List)================  
[2023-06-23 13:06:05] TvtempModel.INFO: get All Template (count) : 7  
[2023-06-23 13:06:05] TvtempRepository.INFO: ======= End TV Repository (Get All Feature List)================  
[2023-06-23 13:06:16] TvtempRepository.INFO: ======= Start TV Repository (Get All Feature List)================  
[2023-06-23 13:06:16] TvtempModel.INFO: Query : CALL SP_TvtemplateDetails('FEATURE')  
[2023-06-23 13:06:16] TvtempRepository.INFO: ======= Start TV Repository (Get All ChannelFeed List) ================  
[2023-06-23 13:06:16] TvtempModel.INFO: Query : CALL SP_TvtemplateDetails('CHNLTYPE')  
[2023-06-23 13:06:16] TvtempRepository.INFO: ======= Start TV Repository (Get All Template List)================  
[2023-06-23 13:06:16] TvtempModel.INFO: Query : CALL SP_TvtemplateDetails('LIST')  
[2023-06-23 13:06:16] TvtempModel.INFO: get All Template (count) : 3  
[2023-06-23 13:06:16] TvtempRepository.INFO: ======= End TV Repository (Get All ChannelFeed List) ================  
[2023-06-23 13:06:16] TvtempModel.INFO: get All Template (count) : 7  
[2023-06-23 13:06:16] TvtempRepository.INFO: ======= End TV Repository (Get All Feature List)================  
[2023-06-23 13:06:16] TvtempModel.INFO: get All Template (count) : 6  
[2023-06-23 13:06:16] TvtempRepository.INFO: ======= End TV Repository (Get All Template List)================  
[2023-06-23 13:10:26] TvtempRepository.INFO: ======= Start TV Repository (Get All Feature List)================  
[2023-06-23 13:10:26] TvtempModel.INFO: Query : CALL SP_TvtemplateDetails('FEATURE')  
[2023-06-23 13:10:26] TvtempRepository.INFO: ======= Start TV Repository (Get All ChannelFeed List) ================  
[2023-06-23 13:10:26] TvtempModel.INFO: Query : CALL SP_TvtemplateDetails('CHNLTYPE')  
[2023-06-23 13:10:26] TvtempRepository.INFO: ======= Start TV Repository (Get All Template List)================  
[2023-06-23 13:10:26] TvtempModel.INFO: Query : CALL SP_TvtemplateDetails('LIST')  
[2023-06-23 13:10:26] TvtempModel.INFO: get All Template (count) : 7  
[2023-06-23 13:10:26] TvtempRepository.INFO: ======= End TV Repository (Get All Feature List)================  
[2023-06-23 13:10:26] TvtempModel.INFO: get All Template (count) : 3  
[2023-06-23 13:10:26] TvtempRepository.INFO: ======= End TV Repository (Get All ChannelFeed List) ================  
[2023-06-23 13:10:26] TvtempModel.INFO: get All Template (count) : 6  
[2023-06-23 13:10:26] TvtempRepository.INFO: ======= End TV Repository (Get All Template List)================  
[2023-06-23 13:10:39] TvtempRepository.INFO: ======= Start TV Repository (Get All ChannelFeed List) ================  
[2023-06-23 13:10:39] TvtempModel.INFO: Query : CALL SP_TvtemplateDetails('CHNLTYPE')  
[2023-06-23 13:10:39] TvtempRepository.INFO: ======= Start TV Repository (Get All Feature List)================  
[2023-06-23 13:10:39] TvtempModel.INFO: Query : CALL SP_TvtemplateDetails('FEATURE')  
[2023-06-23 13:10:39] TvtempRepository.INFO: ======= Start TV Repository (Get All Template List)================  
[2023-06-23 13:10:39] TvtempModel.INFO: Query : CALL SP_TvtemplateDetails('LIST')  
[2023-06-23 13:10:39] TvtempModel.INFO: get All Template (count) : 3  
[2023-06-23 13:10:39] TvtempRepository.INFO: ======= End TV Repository (Get All ChannelFeed List) ================  
[2023-06-23 13:10:39] TvtempModel.INFO: get All Template (count) : 6  
[2023-06-23 13:10:39] TvtempRepository.INFO: ======= End TV Repository (Get All Template List)================  
[2023-06-23 13:10:39] TvtempModel.INFO: get All Template (count) : 7  
[2023-06-23 13:10:39] TvtempRepository.INFO: ======= End TV Repository (Get All Feature List)================  
[2023-06-23 13:11:35] TvtempRepository.INFO: ======= Start TV Repository (Get All ChannelFeed List) ================  
[2023-06-23 13:11:35] TvtempModel.INFO: Query : CALL SP_TvtemplateDetails('CHNLTYPE')  
[2023-06-23 13:11:35] TvtempRepository.INFO: ======= Start TV Repository (Get All Template List)================  
[2023-06-23 13:11:35] TvtempModel.INFO: Query : CALL SP_TvtemplateDetails('LIST')  
[2023-06-23 13:11:35] TvtempRepository.INFO: ======= Start TV Repository (Get All Feature List)================  
[2023-06-23 13:11:35] TvtempModel.INFO: Query : CALL SP_TvtemplateDetails('FEATURE')  
[2023-06-23 13:11:35] TvtempModel.INFO: get All Template (count) : 6  
[2023-06-23 13:11:35] TvtempRepository.INFO: ======= End TV Repository (Get All Template List)================  
[2023-06-23 13:11:35] TvtempModel.INFO: get All Template (count) : 3  
[2023-06-23 13:11:35] TvtempRepository.INFO: ======= End TV Repository (Get All ChannelFeed List) ================  
[2023-06-23 13:11:35] TvtempModel.INFO: get All Template (count) : 7  
[2023-06-23 13:11:35] TvtempRepository.INFO: ======= End TV Repository (Get All Feature List)================  
[2023-06-23 13:17:37] TvtempRepository.INFO: ======= Start TV Repository (Get All ChannelFeed List) ================  
[2023-06-23 13:17:37] TvtempModel.INFO: Query : CALL SP_TvtemplateDetails('CHNLTYPE')  
[2023-06-23 13:17:37] TvtempRepository.INFO: ======= Start TV Repository (Get All Feature List)================  
[2023-06-23 13:17:37] TvtempModel.INFO: Query : CALL SP_TvtemplateDetails('FEATURE')  
[2023-06-23 13:17:37] TvtempRepository.INFO: ======= Start TV Repository (Get All Template List)================  
[2023-06-23 13:17:37] TvtempModel.INFO: Query : CALL SP_TvtemplateDetails('LIST')  
[2023-06-23 13:17:37] TvtempModel.INFO: get All Template (count) : 3  
[2023-06-23 13:17:37] TvtempRepository.INFO: ======= End TV Repository (Get All ChannelFeed List) ================  
[2023-06-23 13:17:37] TvtempModel.INFO: get All Template (count) : 7  
[2023-06-23 13:17:37] TvtempRepository.INFO: ======= End TV Repository (Get All Feature List)================  
[2023-06-23 13:17:37] TvtempModel.INFO: get All Template (count) : 6  
[2023-06-23 13:17:37] TvtempRepository.INFO: ======= End TV Repository (Get All Template List)================  
