[2023-06-23 11:39:00] WizardSetupModel.INFO: Query : select lc.brandid,(select bd.brandname from brand_details as bd where bd.id=lc.brandid) as brandname,lc.hotelname,lc.custmail,
            lc.location,lc.mobileno,lc.spocname,lc.address,lc.tempid,lc.channelfeedtype,tm.templatename,cf.channeltype
             FROM locations as lc 
             left join template as tm on tm.id = lc.tempid 
             left join channelfeed as cf on cf.id=lc.channelfeedtype where lc.id=4  
[2023-06-23 11:39:00] WizardSetupModel.INFO: Query : select fl.id,fl.name  from  hotelfeaturelist as hf  left join featurelist as fl on fl.id = hf.featureid
             where hf.hotelid=4  
[2023-06-23 11:39:00] WizardSetupModel.INFO: Query : select tvc.channelno,tvl.channelname,tvl.channellogo,tvc.channelip,tvc.channelport
            ,if(cg.categoryid is null,0,cg.categoryid) categoryid,if(cgc.categoryname is null,'Unknown',cgc.categoryname) 
            categoryname from tvchannels as tvc 
            left join tvchannelslist as tvl on tvc.channellistid = tvl.id
            left join channelgroup as cg on   cg.channelid=tvl.id and cg.hotelid = tvc.hotelid
            left join channelcategory as cgc on cgc.id = cg.categoryid
            where tvc.hotelid=4  
[2023-06-23 11:39:00] WizardSetupModel.INFO: Json Data : ""  
[2023-06-23 11:39:05] WizardSetupModel.INFO: Query : CALL SP_WizardSetup('UPDATE',6,4,0,1)  
[2023-06-23 11:44:17] WizardSetupModel.INFO: Query : select lc.brandid,(select bd.brandname from brand_details as bd where bd.id=lc.brandid) as brandname,lc.hotelname,lc.custmail,
            lc.location,lc.mobileno,lc.spocname,lc.address,lc.tempid,lc.channelfeedtype,tm.templatename,cf.channeltype
             FROM locations as lc 
             left join template as tm on tm.id = lc.tempid 
             left join channelfeed as cf on cf.id=lc.channelfeedtype where lc.id=4  
[2023-06-23 11:44:17] WizardSetupModel.INFO: Query : select fl.id,fl.name  from  hotelfeaturelist as hf  left join featurelist as fl on fl.id = hf.featureid
             where hf.hotelid=4  
[2023-06-23 11:44:17] WizardSetupModel.INFO: Query : select tvc.channelno,tvl.channelname,tvl.channellogo,tvc.channelip,tvc.channelport
            ,if(cg.categoryid is null,0,cg.categoryid) categoryid,if(cgc.categoryname is null,'Unknown',cgc.categoryname) 
            categoryname from tvchannels as tvc 
            left join tvchannelslist as tvl on tvc.channellistid = tvl.id
            left join channelgroup as cg on   cg.channelid=tvl.id and cg.hotelid = tvc.hotelid
            left join channelcategory as cgc on cgc.id = cg.categoryid
            where tvc.hotelid=4  
[2023-06-23 11:44:17] WizardSetupModel.INFO: Json Data : ""  
[2023-06-23 11:46:17] WizardSetupModel.INFO: Query : CALL SP_WizardSetup('UPDATE',2,4,0,1)  
[2023-06-23 11:50:16] WizardSetupModel.INFO: Query : select lc.brandid,(select bd.brandname from brand_details as bd where bd.id=lc.brandid) as brandname,lc.hotelname,lc.custmail,
            lc.location,lc.mobileno,lc.spocname,lc.address,lc.tempid,lc.channelfeedtype,tm.templatename,cf.channeltype
             FROM locations as lc 
             left join template as tm on tm.id = lc.tempid 
             left join channelfeed as cf on cf.id=lc.channelfeedtype where lc.id=4  
[2023-06-23 11:50:16] WizardSetupModel.INFO: Query : select fl.id,fl.name  from  hotelfeaturelist as hf  left join featurelist as fl on fl.id = hf.featureid
             where hf.hotelid=4  
[2023-06-23 11:50:16] WizardSetupModel.INFO: Query : select tvc.channelno,tvl.channelname,tvl.channellogo,tvc.channelip,tvc.channelport
            ,if(cg.categoryid is null,0,cg.categoryid) categoryid,if(cgc.categoryname is null,'Unknown',cgc.categoryname) 
            categoryname from tvchannels as tvc 
            left join tvchannelslist as tvl on tvc.channellistid = tvl.id
            left join channelgroup as cg on   cg.channelid=tvl.id and cg.hotelid = tvc.hotelid
            left join channelcategory as cgc on cgc.id = cg.categoryid
            where tvc.hotelid=4  
[2023-06-23 11:50:16] WizardSetupModel.INFO: Json Data : ""  
[2023-06-23 11:50:18] WizardSetupModel.INFO: Query : CALL SP_WizardSetup('UPDATE',3,4,0,1)  
[2023-06-23 11:53:35] WizardSetupModel.INFO: Query : select lc.brandid,(select bd.brandname from brand_details as bd where bd.id=lc.brandid) as brandname,lc.hotelname,lc.custmail,
            lc.location,lc.mobileno,lc.spocname,lc.address,lc.tempid,lc.channelfeedtype,tm.templatename,cf.channeltype
             FROM locations as lc 
             left join template as tm on tm.id = lc.tempid 
             left join channelfeed as cf on cf.id=lc.channelfeedtype where lc.id=4  
[2023-06-23 11:53:35] WizardSetupModel.INFO: Query : select fl.id,fl.name  from  hotelfeaturelist as hf  left join featurelist as fl on fl.id = hf.featureid
             where hf.hotelid=4  
[2023-06-23 11:53:35] WizardSetupModel.INFO: Query : select tvc.channelno,tvl.channelname,tvl.channellogo,tvc.channelip,tvc.channelport
            ,if(cg.categoryid is null,0,cg.categoryid) categoryid,if(cgc.categoryname is null,'Unknown',cgc.categoryname) 
            categoryname from tvchannels as tvc 
            left join tvchannelslist as tvl on tvc.channellistid = tvl.id
            left join channelgroup as cg on   cg.channelid=tvl.id and cg.hotelid = tvc.hotelid
            left join channelcategory as cgc on cgc.id = cg.categoryid
            where tvc.hotelid=4  
[2023-06-23 11:53:35] WizardSetupModel.INFO: Json Data : ""  
[2023-06-23 11:53:38] WizardSetupModel.INFO: Query : CALL SP_WizardSetup('UPDATE',6,4,0,1)  
[2023-06-23 11:54:39] WizardSetupModel.INFO: Query : select lc.brandid,(select bd.brandname from brand_details as bd where bd.id=lc.brandid) as brandname,lc.hotelname,lc.custmail,
            lc.location,lc.mobileno,lc.spocname,lc.address,lc.tempid,lc.channelfeedtype,tm.templatename,cf.channeltype
             FROM locations as lc 
             left join template as tm on tm.id = lc.tempid 
             left join channelfeed as cf on cf.id=lc.channelfeedtype where lc.id=4  
[2023-06-23 11:54:39] WizardSetupModel.INFO: Query : select fl.id,fl.name  from  hotelfeaturelist as hf  left join featurelist as fl on fl.id = hf.featureid
             where hf.hotelid=4  
[2023-06-23 11:54:39] WizardSetupModel.INFO: Query : select tvc.channelno,tvl.channelname,tvl.channellogo,tvc.channelip,tvc.channelport
            ,if(cg.categoryid is null,0,cg.categoryid) categoryid,if(cgc.categoryname is null,'Unknown',cgc.categoryname) 
            categoryname from tvchannels as tvc 
            left join tvchannelslist as tvl on tvc.channellistid = tvl.id
            left join channelgroup as cg on   cg.channelid=tvl.id and cg.hotelid = tvc.hotelid
            left join channelcategory as cgc on cgc.id = cg.categoryid
            where tvc.hotelid=4  
[2023-06-23 11:54:39] WizardSetupModel.INFO: Json Data : ""  
[2023-06-23 11:55:20] WizardSetupModel.INFO: Query : select lc.brandid,(select bd.brandname from brand_details as bd where bd.id=lc.brandid) as brandname,lc.hotelname,lc.custmail,
            lc.location,lc.mobileno,lc.spocname,lc.address,lc.tempid,lc.channelfeedtype,tm.templatename,cf.channeltype
             FROM locations as lc 
             left join template as tm on tm.id = lc.tempid 
             left join channelfeed as cf on cf.id=lc.channelfeedtype where lc.id=4  
[2023-06-23 11:55:20] WizardSetupModel.INFO: Query : select fl.id,fl.name  from  hotelfeaturelist as hf  left join featurelist as fl on fl.id = hf.featureid
             where hf.hotelid=4  
[2023-06-23 11:55:20] WizardSetupModel.INFO: Query : select tvc.channelno,tvl.channelname,tvl.channellogo,tvc.channelip,tvc.channelport
            ,if(cg.categoryid is null,0,cg.categoryid) categoryid,if(cgc.categoryname is null,'Unknown',cgc.categoryname) 
            categoryname from tvchannels as tvc 
            left join tvchannelslist as tvl on tvc.channellistid = tvl.id
            left join channelgroup as cg on   cg.channelid=tvl.id and cg.hotelid = tvc.hotelid
            left join channelcategory as cgc on cgc.id = cg.categoryid
            where tvc.hotelid=4  
[2023-06-23 11:55:20] WizardSetupModel.INFO: Json Data : ""  
[2023-06-23 11:55:25] WizardSetupModel.INFO: Query : CALL SP_WizardSetup('UPDATE',6,4,0,1)  
[2023-06-23 11:56:47] WizardSetupModel.INFO: Query : select lc.brandid,(select bd.brandname from brand_details as bd where bd.id=lc.brandid) as brandname,lc.hotelname,lc.custmail,
            lc.location,lc.mobileno,lc.spocname,lc.address,lc.tempid,lc.channelfeedtype,tm.templatename,cf.channeltype
             FROM locations as lc 
             left join template as tm on tm.id = lc.tempid 
             left join channelfeed as cf on cf.id=lc.channelfeedtype where lc.id=4  
[2023-06-23 11:56:47] WizardSetupModel.INFO: Query : select fl.id,fl.name  from  hotelfeaturelist as hf  left join featurelist as fl on fl.id = hf.featureid
             where hf.hotelid=4  
[2023-06-23 11:56:47] WizardSetupModel.INFO: Query : select tvc.channelno,tvl.channelname,tvl.channellogo,tvc.channelip,tvc.channelport
            ,if(cg.categoryid is null,0,cg.categoryid) categoryid,if(cgc.categoryname is null,'Unknown',cgc.categoryname) 
            categoryname from tvchannels as tvc 
            left join tvchannelslist as tvl on tvc.channellistid = tvl.id
            left join channelgroup as cg on   cg.channelid=tvl.id and cg.hotelid = tvc.hotelid
            left join channelcategory as cgc on cgc.id = cg.categoryid
            where tvc.hotelid=4  
[2023-06-23 11:56:47] WizardSetupModel.INFO: Json Data : ""  
[2023-06-23 11:56:50] WizardSetupModel.INFO: Query : CALL SP_WizardSetup('UPDATE',3,4,0,1)  
[2023-06-23 11:57:49] WizardSetupModel.INFO: Query : select lc.brandid,(select bd.brandname from brand_details as bd where bd.id=lc.brandid) as brandname,lc.hotelname,lc.custmail,
            lc.location,lc.mobileno,lc.spocname,lc.address,lc.tempid,lc.channelfeedtype,tm.templatename,cf.channeltype
             FROM locations as lc 
             left join template as tm on tm.id = lc.tempid 
             left join channelfeed as cf on cf.id=lc.channelfeedtype where lc.id=4  
[2023-06-23 11:57:49] WizardSetupModel.INFO: Query : select fl.id,fl.name  from  hotelfeaturelist as hf  left join featurelist as fl on fl.id = hf.featureid
             where hf.hotelid=4  
[2023-06-23 11:57:49] WizardSetupModel.INFO: Query : select tvc.channelno,tvl.channelname,tvl.channellogo,tvc.channelip,tvc.channelport
            ,if(cg.categoryid is null,0,cg.categoryid) categoryid,if(cgc.categoryname is null,'Unknown',cgc.categoryname) 
            categoryname from tvchannels as tvc 
            left join tvchannelslist as tvl on tvc.channellistid = tvl.id
            left join channelgroup as cg on   cg.channelid=tvl.id and cg.hotelid = tvc.hotelid
            left join channelcategory as cgc on cgc.id = cg.categoryid
            where tvc.hotelid=4  
[2023-06-23 11:57:49] WizardSetupModel.INFO: Json Data : ""  
[2023-06-23 11:57:51] WizardSetupModel.INFO: Query : CALL SP_WizardSetup('UPDATE',6,4,0,1)  
[2023-06-23 11:59:46] WizardSetupModel.INFO: Query : select lc.brandid,(select bd.brandname from brand_details as bd where bd.id=lc.brandid) as brandname,lc.hotelname,lc.custmail,
            lc.location,lc.mobileno,lc.spocname,lc.address,lc.tempid,lc.channelfeedtype,tm.templatename,cf.channeltype
             FROM locations as lc 
             left join template as tm on tm.id = lc.tempid 
             left join channelfeed as cf on cf.id=lc.channelfeedtype where lc.id=4  
[2023-06-23 11:59:46] WizardSetupModel.INFO: Query : select fl.id,fl.name  from  hotelfeaturelist as hf  left join featurelist as fl on fl.id = hf.featureid
             where hf.hotelid=4  
[2023-06-23 11:59:46] WizardSetupModel.INFO: Query : select tvc.channelno,tvl.channelname,tvl.channellogo,tvc.channelip,tvc.channelport
            ,if(cg.categoryid is null,0,cg.categoryid) categoryid,if(cgc.categoryname is null,'Unknown',cgc.categoryname) 
            categoryname from tvchannels as tvc 
            left join tvchannelslist as tvl on tvc.channellistid = tvl.id
            left join channelgroup as cg on   cg.channelid=tvl.id and cg.hotelid = tvc.hotelid
            left join channelcategory as cgc on cgc.id = cg.categoryid
            where tvc.hotelid=4  
[2023-06-23 11:59:46] WizardSetupModel.INFO: Json Data : ""  
[2023-06-23 11:59:55] WizardSetupModel.INFO: Query : CALL SP_WizardSetup('UPDATE',5,4,0,1)  
[2023-06-23 12:00:41] WizardSetupModel.INFO: Query : select lc.brandid,(select bd.brandname from brand_details as bd where bd.id=lc.brandid) as brandname,lc.hotelname,lc.custmail,
            lc.location,lc.mobileno,lc.spocname,lc.address,lc.tempid,lc.channelfeedtype,tm.templatename,cf.channeltype
             FROM locations as lc 
             left join template as tm on tm.id = lc.tempid 
             left join channelfeed as cf on cf.id=lc.channelfeedtype where lc.id=4  
[2023-06-23 12:00:41] WizardSetupModel.INFO: Query : select fl.id,fl.name  from  hotelfeaturelist as hf  left join featurelist as fl on fl.id = hf.featureid
             where hf.hotelid=4  
[2023-06-23 12:00:41] WizardSetupModel.INFO: Query : select tvc.channelno,tvl.channelname,tvl.channellogo,tvc.channelip,tvc.channelport
            ,if(cg.categoryid is null,0,cg.categoryid) categoryid,if(cgc.categoryname is null,'Unknown',cgc.categoryname) 
            categoryname from tvchannels as tvc 
            left join tvchannelslist as tvl on tvc.channellistid = tvl.id
            left join channelgroup as cg on   cg.channelid=tvl.id and cg.hotelid = tvc.hotelid
            left join channelcategory as cgc on cgc.id = cg.categoryid
            where tvc.hotelid=4  
[2023-06-23 12:00:41] WizardSetupModel.INFO: Json Data : ""  
[2023-06-23 12:05:33] WizardSetupModel.INFO: Query : CALL SP_WizardSetup('UPDATE',5,4,0,1)  
[2023-06-23 12:06:04] WizardSetupModel.INFO: Query : select lc.brandid,(select bd.brandname from brand_details as bd where bd.id=lc.brandid) as brandname,lc.hotelname,lc.custmail,
            lc.location,lc.mobileno,lc.spocname,lc.address,lc.tempid,lc.channelfeedtype,tm.templatename,cf.channeltype
             FROM locations as lc 
             left join template as tm on tm.id = lc.tempid 
             left join channelfeed as cf on cf.id=lc.channelfeedtype where lc.id=4  
[2023-06-23 12:06:04] WizardSetupModel.INFO: Query : select fl.id,fl.name  from  hotelfeaturelist as hf  left join featurelist as fl on fl.id = hf.featureid
             where hf.hotelid=4  
[2023-06-23 12:06:04] WizardSetupModel.INFO: Query : select tvc.channelno,tvl.channelname,tvl.channellogo,tvc.channelip,tvc.channelport
            ,if(cg.categoryid is null,0,cg.categoryid) categoryid,if(cgc.categoryname is null,'Unknown',cgc.categoryname) 
            categoryname from tvchannels as tvc 
            left join tvchannelslist as tvl on tvc.channellistid = tvl.id
            left join channelgroup as cg on   cg.channelid=tvl.id and cg.hotelid = tvc.hotelid
            left join channelcategory as cgc on cgc.id = cg.categoryid
            where tvc.hotelid=4  
[2023-06-23 12:06:04] WizardSetupModel.INFO: Json Data : ""  
[2023-06-23 12:06:07] WizardSetupModel.INFO: Query : CALL SP_WizardSetup('UPDATE',2,4,0,1)  
[2023-06-23 12:07:39] WizardSetupModel.INFO: Query : select lc.brandid,(select bd.brandname from brand_details as bd where bd.id=lc.brandid) as brandname,lc.hotelname,lc.custmail,
            lc.location,lc.mobileno,lc.spocname,lc.address,lc.tempid,lc.channelfeedtype,tm.templatename,cf.channeltype
             FROM locations as lc 
             left join template as tm on tm.id = lc.tempid 
             left join channelfeed as cf on cf.id=lc.channelfeedtype where lc.id=4  
[2023-06-23 12:07:39] WizardSetupModel.INFO: Query : select fl.id,fl.name  from  hotelfeaturelist as hf  left join featurelist as fl on fl.id = hf.featureid
             where hf.hotelid=4  
[2023-06-23 12:07:39] WizardSetupModel.INFO: Query : select tvc.channelno,tvl.channelname,tvl.channellogo,tvc.channelip,tvc.channelport
            ,if(cg.categoryid is null,0,cg.categoryid) categoryid,if(cgc.categoryname is null,'Unknown',cgc.categoryname) 
            categoryname from tvchannels as tvc 
            left join tvchannelslist as tvl on tvc.channellistid = tvl.id
            left join channelgroup as cg on   cg.channelid=tvl.id and cg.hotelid = tvc.hotelid
            left join channelcategory as cgc on cgc.id = cg.categoryid
            where tvc.hotelid=4  
[2023-06-23 12:07:39] WizardSetupModel.INFO: Json Data : ""  
[2023-06-23 12:07:42] WizardSetupModel.INFO: Query : CALL SP_WizardSetup('UPDATE',5,4,0,1)  
[2023-06-23 12:10:04] WizardSetupModel.INFO: Query : select lc.brandid,(select bd.brandname from brand_details as bd where bd.id=lc.brandid) as brandname,lc.hotelname,lc.custmail,
            lc.location,lc.mobileno,lc.spocname,lc.address,lc.tempid,lc.channelfeedtype,tm.templatename,cf.channeltype
             FROM locations as lc 
             left join template as tm on tm.id = lc.tempid 
             left join channelfeed as cf on cf.id=lc.channelfeedtype where lc.id=4  
[2023-06-23 12:10:04] WizardSetupModel.INFO: Query : select fl.id,fl.name  from  hotelfeaturelist as hf  left join featurelist as fl on fl.id = hf.featureid
             where hf.hotelid=4  
[2023-06-23 12:10:04] WizardSetupModel.INFO: Query : select tvc.channelno,tvl.channelname,tvl.channellogo,tvc.channelip,tvc.channelport
            ,if(cg.categoryid is null,0,cg.categoryid) categoryid,if(cgc.categoryname is null,'Unknown',cgc.categoryname) 
            categoryname from tvchannels as tvc 
            left join tvchannelslist as tvl on tvc.channellistid = tvl.id
            left join channelgroup as cg on   cg.channelid=tvl.id and cg.hotelid = tvc.hotelid
            left join channelcategory as cgc on cgc.id = cg.categoryid
            where tvc.hotelid=4  
[2023-06-23 12:10:04] WizardSetupModel.INFO: Json Data : ""  
[2023-06-23 12:10:49] WizardSetupModel.INFO: Query : select lc.brandid,(select bd.brandname from brand_details as bd where bd.id=lc.brandid) as brandname,lc.hotelname,lc.custmail,
            lc.location,lc.mobileno,lc.spocname,lc.address,lc.tempid,lc.channelfeedtype,tm.templatename,cf.channeltype
             FROM locations as lc 
             left join template as tm on tm.id = lc.tempid 
             left join channelfeed as cf on cf.id=lc.channelfeedtype where lc.id=4  
[2023-06-23 12:10:49] WizardSetupModel.INFO: Query : select fl.id,fl.name  from  hotelfeaturelist as hf  left join featurelist as fl on fl.id = hf.featureid
             where hf.hotelid=4  
[2023-06-23 12:10:49] WizardSetupModel.INFO: Query : select tvc.channelno,tvl.channelname,tvl.channellogo,tvc.channelip,tvc.channelport
            ,if(cg.categoryid is null,0,cg.categoryid) categoryid,if(cgc.categoryname is null,'Unknown',cgc.categoryname) 
            categoryname from tvchannels as tvc 
            left join tvchannelslist as tvl on tvc.channellistid = tvl.id
            left join channelgroup as cg on   cg.channelid=tvl.id and cg.hotelid = tvc.hotelid
            left join channelcategory as cgc on cgc.id = cg.categoryid
            where tvc.hotelid=4  
[2023-06-23 12:10:49] WizardSetupModel.INFO: Json Data : ""  
[2023-06-23 12:10:53] WizardSetupModel.INFO: Query : CALL SP_WizardSetup('UPDATE',5,4,0,1)  
[2023-06-23 12:13:17] WizardSetupModel.INFO: Query : select lc.brandid,(select bd.brandname from brand_details as bd where bd.id=lc.brandid) as brandname,lc.hotelname,lc.custmail,
            lc.location,lc.mobileno,lc.spocname,lc.address,lc.tempid,lc.channelfeedtype,tm.templatename,cf.channeltype
             FROM locations as lc 
             left join template as tm on tm.id = lc.tempid 
             left join channelfeed as cf on cf.id=lc.channelfeedtype where lc.id=4  
[2023-06-23 12:13:17] WizardSetupModel.INFO: Query : select fl.id,fl.name  from  hotelfeaturelist as hf  left join featurelist as fl on fl.id = hf.featureid
             where hf.hotelid=4  
[2023-06-23 12:13:17] WizardSetupModel.INFO: Query : select tvc.channelno,tvl.channelname,tvl.channellogo,tvc.channelip,tvc.channelport
            ,if(cg.categoryid is null,0,cg.categoryid) categoryid,if(cgc.categoryname is null,'Unknown',cgc.categoryname) 
            categoryname from tvchannels as tvc 
            left join tvchannelslist as tvl on tvc.channellistid = tvl.id
            left join channelgroup as cg on   cg.channelid=tvl.id and cg.hotelid = tvc.hotelid
            left join channelcategory as cgc on cgc.id = cg.categoryid
            where tvc.hotelid=4  
[2023-06-23 12:13:17] WizardSetupModel.INFO: Json Data : ""  
[2023-06-23 12:13:20] WizardSetupModel.INFO: Query : CALL SP_WizardSetup('UPDATE',5,4,0,1)  
[2023-06-23 12:17:20] WizardSetupModel.INFO: Query : select lc.brandid,(select bd.brandname from brand_details as bd where bd.id=lc.brandid) as brandname,lc.hotelname,lc.custmail,
            lc.location,lc.mobileno,lc.spocname,lc.address,lc.tempid,lc.channelfeedtype,tm.templatename,cf.channeltype
             FROM locations as lc 
             left join template as tm on tm.id = lc.tempid 
             left join channelfeed as cf on cf.id=lc.channelfeedtype where lc.id=4  
[2023-06-23 12:17:20] WizardSetupModel.INFO: Query : select fl.id,fl.name  from  hotelfeaturelist as hf  left join featurelist as fl on fl.id = hf.featureid
             where hf.hotelid=4  
[2023-06-23 12:17:20] WizardSetupModel.INFO: Query : select tvc.channelno,tvl.channelname,tvl.channellogo,tvc.channelip,tvc.channelport
            ,if(cg.categoryid is null,0,cg.categoryid) categoryid,if(cgc.categoryname is null,'Unknown',cgc.categoryname) 
            categoryname from tvchannels as tvc 
            left join tvchannelslist as tvl on tvc.channellistid = tvl.id
            left join channelgroup as cg on   cg.channelid=tvl.id and cg.hotelid = tvc.hotelid
            left join channelcategory as cgc on cgc.id = cg.categoryid
            where tvc.hotelid=4  
[2023-06-23 12:17:20] WizardSetupModel.INFO: Json Data : {"HomePageDetails":{"logo":"public\/uploads\/Template\/4\/4\/Logo.png","bg_img":"public\/uploads\/Template\/4\/4\/Background.png","welcome":"afds","welcome_txt":"fasdf","menu":[{"title":"fasd","img":"public\/uploads\/Template\/4\/4\/fasd.jpeg","pagelink":"fsadfd"}]}}  
[2023-06-23 12:17:22] WizardSetupModel.INFO: Query : CALL SP_WizardSetup('UPDATE',1,4,0,1)  
[2023-06-23 12:18:22] WizardSetupModel.INFO: Query : select lc.brandid,(select bd.brandname from brand_details as bd where bd.id=lc.brandid) as brandname,lc.hotelname,lc.custmail,
            lc.location,lc.mobileno,lc.spocname,lc.address,lc.tempid,lc.channelfeedtype,tm.templatename,cf.channeltype
             FROM locations as lc 
             left join template as tm on tm.id = lc.tempid 
             left join channelfeed as cf on cf.id=lc.channelfeedtype where lc.id=4  
[2023-06-23 12:18:22] WizardSetupModel.INFO: Query : select fl.id,fl.name  from  hotelfeaturelist as hf  left join featurelist as fl on fl.id = hf.featureid
             where hf.hotelid=4  
[2023-06-23 12:18:22] WizardSetupModel.INFO: Query : select tvc.channelno,tvl.channelname,tvl.channellogo,tvc.channelip,tvc.channelport
            ,if(cg.categoryid is null,0,cg.categoryid) categoryid,if(cgc.categoryname is null,'Unknown',cgc.categoryname) 
            categoryname from tvchannels as tvc 
            left join tvchannelslist as tvl on tvc.channellistid = tvl.id
            left join channelgroup as cg on   cg.channelid=tvl.id and cg.hotelid = tvc.hotelid
            left join channelcategory as cgc on cgc.id = cg.categoryid
            where tvc.hotelid=4  
[2023-06-23 12:18:22] WizardSetupModel.INFO: Json Data : {"HomePageDetails":{"logo":"public\/uploads\/Template\/4\/4\/Logo.png","bg_img":"public\/uploads\/Template\/4\/4\/Background.png","welcome":"afds","welcome_txt":"fasdf","menu":[{"title":"fasd","img":"public\/uploads\/Template\/4\/4\/fasd.jpeg","pagelink":"fsadfd"}]}}  
[2023-06-23 12:18:25] WizardSetupModel.INFO: Query : CALL SP_WizardSetup('UPDATE',2,4,0,1)  
[2023-06-23 12:19:13] WizardSetupModel.INFO: Query : select lc.brandid,(select bd.brandname from brand_details as bd where bd.id=lc.brandid) as brandname,lc.hotelname,lc.custmail,
            lc.location,lc.mobileno,lc.spocname,lc.address,lc.tempid,lc.channelfeedtype,tm.templatename,cf.channeltype
             FROM locations as lc 
             left join template as tm on tm.id = lc.tempid 
             left join channelfeed as cf on cf.id=lc.channelfeedtype where lc.id=4  
[2023-06-23 12:19:13] WizardSetupModel.INFO: Query : select fl.id,fl.name  from  hotelfeaturelist as hf  left join featurelist as fl on fl.id = hf.featureid
             where hf.hotelid=4  
[2023-06-23 12:19:13] WizardSetupModel.INFO: Query : select tvc.channelno,tvl.channelname,tvl.channellogo,tvc.channelip,tvc.channelport
            ,if(cg.categoryid is null,0,cg.categoryid) categoryid,if(cgc.categoryname is null,'Unknown',cgc.categoryname) 
            categoryname from tvchannels as tvc 
            left join tvchannelslist as tvl on tvc.channellistid = tvl.id
            left join channelgroup as cg on   cg.channelid=tvl.id and cg.hotelid = tvc.hotelid
            left join channelcategory as cgc on cgc.id = cg.categoryid
            where tvc.hotelid=4  
[2023-06-23 12:19:13] WizardSetupModel.INFO: Json Data : {"HomePageDetails":{"logo":"public\/uploads\/Template\/4\/4\/Logo.png","bg_img":"public\/uploads\/Template\/4\/4\/Background.png","welcome":"afds","welcome_txt":"fasdf","menu":[{"title":"fasd","img":"public\/uploads\/Template\/4\/4\/fasd.jpeg","pagelink":"fsadfd"}]}}  
[2023-06-23 12:19:41] WizardSetupModel.INFO: Query : select lc.brandid,(select bd.brandname from brand_details as bd where bd.id=lc.brandid) as brandname,lc.hotelname,lc.custmail,
            lc.location,lc.mobileno,lc.spocname,lc.address,lc.tempid,lc.channelfeedtype,tm.templatename,cf.channeltype
             FROM locations as lc 
             left join template as tm on tm.id = lc.tempid 
             left join channelfeed as cf on cf.id=lc.channelfeedtype where lc.id=4  
[2023-06-23 12:19:41] WizardSetupModel.INFO: Query : select fl.id,fl.name  from  hotelfeaturelist as hf  left join featurelist as fl on fl.id = hf.featureid
             where hf.hotelid=4  
[2023-06-23 12:19:41] WizardSetupModel.INFO: Query : select tvc.channelno,tvl.channelname,tvl.channellogo,tvc.channelip,tvc.channelport
            ,if(cg.categoryid is null,0,cg.categoryid) categoryid,if(cgc.categoryname is null,'Unknown',cgc.categoryname) 
            categoryname from tvchannels as tvc 
            left join tvchannelslist as tvl on tvc.channellistid = tvl.id
            left join channelgroup as cg on   cg.channelid=tvl.id and cg.hotelid = tvc.hotelid
            left join channelcategory as cgc on cgc.id = cg.categoryid
            where tvc.hotelid=4  
[2023-06-23 12:19:41] WizardSetupModel.INFO: Json Data : {"HomePageDetails":{"logo":"public\/uploads\/Template\/4\/4\/Logo.png","bg_img":"public\/uploads\/Template\/4\/4\/Background.png","welcome":"afds","welcome_txt":"fasdf","menu":[{"title":"fasd","img":"public\/uploads\/Template\/4\/4\/fasd.jpeg","pagelink":"fsadfd"}]}}  
[2023-06-23 12:19:44] WizardSetupModel.INFO: Query : CALL SP_WizardSetup('UPDATE',5,4,0,1)  
[2023-06-23 12:20:18] WizardSetupModel.INFO: Query : select lc.brandid,(select bd.brandname from brand_details as bd where bd.id=lc.brandid) as brandname,lc.hotelname,lc.custmail,
            lc.location,lc.mobileno,lc.spocname,lc.address,lc.tempid,lc.channelfeedtype,tm.templatename,cf.channeltype
             FROM locations as lc 
             left join template as tm on tm.id = lc.tempid 
             left join channelfeed as cf on cf.id=lc.channelfeedtype where lc.id=4  
[2023-06-23 12:20:18] WizardSetupModel.INFO: Query : select fl.id,fl.name  from  hotelfeaturelist as hf  left join featurelist as fl on fl.id = hf.featureid
             where hf.hotelid=4  
[2023-06-23 12:20:18] WizardSetupModel.INFO: Query : select tvc.channelno,tvl.channelname,tvl.channellogo,tvc.channelip,tvc.channelport
            ,if(cg.categoryid is null,0,cg.categoryid) categoryid,if(cgc.categoryname is null,'Unknown',cgc.categoryname) 
            categoryname from tvchannels as tvc 
            left join tvchannelslist as tvl on tvc.channellistid = tvl.id
            left join channelgroup as cg on   cg.channelid=tvl.id and cg.hotelid = tvc.hotelid
            left join channelcategory as cgc on cgc.id = cg.categoryid
            where tvc.hotelid=4  
[2023-06-23 12:20:18] WizardSetupModel.INFO: Json Data : {"HomePageDetails":{"logo":"public\/uploads\/Template\/4\/4\/Logo.png","bg_img":"public\/uploads\/Template\/4\/4\/Background.png","welcome":"afds","welcome_txt":"fasdf","menu":[{"title":"fasd","img":"public\/uploads\/Template\/4\/4\/fasd.jpeg","pagelink":"fsadfd"}]}}  
[2023-06-23 12:20:22] WizardSetupModel.INFO: Query : CALL SP_WizardSetup('UPDATE',1,4,0,1)  
[2023-06-23 12:20:41] WizardSetupModel.INFO: Query : select lc.brandid,(select bd.brandname from brand_details as bd where bd.id=lc.brandid) as brandname,lc.hotelname,lc.custmail,
            lc.location,lc.mobileno,lc.spocname,lc.address,lc.tempid,lc.channelfeedtype,tm.templatename,cf.channeltype
             FROM locations as lc 
             left join template as tm on tm.id = lc.tempid 
             left join channelfeed as cf on cf.id=lc.channelfeedtype where lc.id=4  
[2023-06-23 12:20:41] WizardSetupModel.INFO: Query : select fl.id,fl.name  from  hotelfeaturelist as hf  left join featurelist as fl on fl.id = hf.featureid
             where hf.hotelid=4  
[2023-06-23 12:20:41] WizardSetupModel.INFO: Query : select tvc.channelno,tvl.channelname,tvl.channellogo,tvc.channelip,tvc.channelport
            ,if(cg.categoryid is null,0,cg.categoryid) categoryid,if(cgc.categoryname is null,'Unknown',cgc.categoryname) 
            categoryname from tvchannels as tvc 
            left join tvchannelslist as tvl on tvc.channellistid = tvl.id
            left join channelgroup as cg on   cg.channelid=tvl.id and cg.hotelid = tvc.hotelid
            left join channelcategory as cgc on cgc.id = cg.categoryid
            where tvc.hotelid=4  
[2023-06-23 12:20:41] WizardSetupModel.INFO: Json Data : {"HomePageDetails":{"logo":"public\/uploads\/Template\/4\/4\/Logo.png","bg_img":"public\/uploads\/Template\/4\/4\/Background.png","welcome":"afds","welcome_txt":"fasdf","menu":[{"title":"fasd","img":"public\/uploads\/Template\/4\/4\/fasd.jpeg","pagelink":"fsadfd"}]}}  
[2023-06-23 12:20:49] WizardSetupModel.INFO: Query : select lc.brandid,(select bd.brandname from brand_details as bd where bd.id=lc.brandid) as brandname,lc.hotelname,lc.custmail,
            lc.location,lc.mobileno,lc.spocname,lc.address,lc.tempid,lc.channelfeedtype,tm.templatename,cf.channeltype
             FROM locations as lc 
             left join template as tm on tm.id = lc.tempid 
             left join channelfeed as cf on cf.id=lc.channelfeedtype where lc.id=4  
[2023-06-23 12:20:49] WizardSetupModel.INFO: Query : select fl.id,fl.name  from  hotelfeaturelist as hf  left join featurelist as fl on fl.id = hf.featureid
             where hf.hotelid=4  
[2023-06-23 12:20:49] WizardSetupModel.INFO: Query : select tvc.channelno,tvl.channelname,tvl.channellogo,tvc.channelip,tvc.channelport
            ,if(cg.categoryid is null,0,cg.categoryid) categoryid,if(cgc.categoryname is null,'Unknown',cgc.categoryname) 
            categoryname from tvchannels as tvc 
            left join tvchannelslist as tvl on tvc.channellistid = tvl.id
            left join channelgroup as cg on   cg.channelid=tvl.id and cg.hotelid = tvc.hotelid
            left join channelcategory as cgc on cgc.id = cg.categoryid
            where tvc.hotelid=4  
[2023-06-23 12:20:49] WizardSetupModel.INFO: Json Data : {"HomePageDetails":{"logo":"public\/uploads\/Template\/4\/4\/Logo.png","bg_img":"public\/uploads\/Template\/4\/4\/Background.png","welcome":"afds","welcome_txt":"fasdf","menu":[{"title":"fasd","img":"public\/uploads\/Template\/4\/4\/fasd.jpeg","pagelink":"fsadfd"}]}}  
[2023-06-23 12:20:52] WizardSetupModel.INFO: Query : CALL SP_WizardSetup('UPDATE',1,4,0,1)  
[2023-06-23 12:21:29] WizardSetupModel.INFO: Query : select lc.brandid,(select bd.brandname from brand_details as bd where bd.id=lc.brandid) as brandname,lc.hotelname,lc.custmail,
            lc.location,lc.mobileno,lc.spocname,lc.address,lc.tempid,lc.channelfeedtype,tm.templatename,cf.channeltype
             FROM locations as lc 
             left join template as tm on tm.id = lc.tempid 
             left join channelfeed as cf on cf.id=lc.channelfeedtype where lc.id=4  
[2023-06-23 12:21:29] WizardSetupModel.INFO: Query : select fl.id,fl.name  from  hotelfeaturelist as hf  left join featurelist as fl on fl.id = hf.featureid
             where hf.hotelid=4  
[2023-06-23 12:21:29] WizardSetupModel.INFO: Query : select tvc.channelno,tvl.channelname,tvl.channellogo,tvc.channelip,tvc.channelport
            ,if(cg.categoryid is null,0,cg.categoryid) categoryid,if(cgc.categoryname is null,'Unknown',cgc.categoryname) 
            categoryname from tvchannels as tvc 
            left join tvchannelslist as tvl on tvc.channellistid = tvl.id
            left join channelgroup as cg on   cg.channelid=tvl.id and cg.hotelid = tvc.hotelid
            left join channelcategory as cgc on cgc.id = cg.categoryid
            where tvc.hotelid=4  
[2023-06-23 12:21:29] WizardSetupModel.INFO: Json Data : {"HomePageDetails":{"logo":"public\/uploads\/Template\/4\/4\/Logo.png","bg_img":"public\/uploads\/Template\/4\/4\/Background.png","welcome":"afds","welcome_txt":"fasdf","menu":[{"title":"fasd","img":"public\/uploads\/Template\/4\/4\/fasd.jpeg","pagelink":"fsadfd"}]}}  
[2023-06-23 12:22:17] WizardSetupModel.INFO: Query : select lc.brandid,(select bd.brandname from brand_details as bd where bd.id=lc.brandid) as brandname,lc.hotelname,lc.custmail,
            lc.location,lc.mobileno,lc.spocname,lc.address,lc.tempid,lc.channelfeedtype,tm.templatename,cf.channeltype
             FROM locations as lc 
             left join template as tm on tm.id = lc.tempid 
             left join channelfeed as cf on cf.id=lc.channelfeedtype where lc.id=4  
[2023-06-23 12:22:17] WizardSetupModel.INFO: Query : select fl.id,fl.name  from  hotelfeaturelist as hf  left join featurelist as fl on fl.id = hf.featureid
             where hf.hotelid=4  
[2023-06-23 12:22:17] WizardSetupModel.INFO: Query : select tvc.channelno,tvl.channelname,tvl.channellogo,tvc.channelip,tvc.channelport
            ,if(cg.categoryid is null,0,cg.categoryid) categoryid,if(cgc.categoryname is null,'Unknown',cgc.categoryname) 
            categoryname from tvchannels as tvc 
            left join tvchannelslist as tvl on tvc.channellistid = tvl.id
            left join channelgroup as cg on   cg.channelid=tvl.id and cg.hotelid = tvc.hotelid
            left join channelcategory as cgc on cgc.id = cg.categoryid
            where tvc.hotelid=4  
[2023-06-23 12:22:17] WizardSetupModel.INFO: Json Data : {"HomePageDetails":{"logo":"public\/uploads\/Template\/4\/4\/Logo.png","bg_img":"public\/uploads\/Template\/4\/4\/Background.png","welcome":"afds","welcome_txt":"fasdf","menu":[{"title":"fasd","img":"public\/uploads\/Template\/4\/4\/fasd.jpeg","pagelink":"fsadfd"}]}}  
[2023-06-23 12:22:21] WizardSetupModel.INFO: Query : CALL SP_WizardSetup('UPDATE',5,4,0,1)  
[2023-06-23 12:24:27] WizardSetupModel.INFO: Query : select lc.brandid,(select bd.brandname from brand_details as bd where bd.id=lc.brandid) as brandname,lc.hotelname,lc.custmail,
            lc.location,lc.mobileno,lc.spocname,lc.address,lc.tempid,lc.channelfeedtype,tm.templatename,cf.channeltype
             FROM locations as lc 
             left join template as tm on tm.id = lc.tempid 
             left join channelfeed as cf on cf.id=lc.channelfeedtype where lc.id=4  
[2023-06-23 12:24:27] WizardSetupModel.INFO: Query : select fl.id,fl.name  from  hotelfeaturelist as hf  left join featurelist as fl on fl.id = hf.featureid
             where hf.hotelid=4  
[2023-06-23 12:24:27] WizardSetupModel.INFO: Query : select tvc.channelno,tvl.channelname,tvl.channellogo,tvc.channelip,tvc.channelport
            ,if(cg.categoryid is null,0,cg.categoryid) categoryid,if(cgc.categoryname is null,'Unknown',cgc.categoryname) 
            categoryname from tvchannels as tvc 
            left join tvchannelslist as tvl on tvc.channellistid = tvl.id
            left join channelgroup as cg on   cg.channelid=tvl.id and cg.hotelid = tvc.hotelid
            left join channelcategory as cgc on cgc.id = cg.categoryid
            where tvc.hotelid=4  
[2023-06-23 12:24:27] WizardSetupModel.INFO: Json Data : {"HomePageDetails":{"logo":"public\/uploads\/Template\/4\/4\/Logo.png","bg_img":"public\/uploads\/Template\/4\/4\/Background.png","welcome":"afds","welcome_txt":"fasdf","menu":[{"title":"fasd","img":"public\/uploads\/Template\/4\/4\/fasd.jpeg","pagelink":"fsadfd"}]}}  
[2023-06-23 12:24:33] WizardSetupModel.INFO: Query : CALL SP_WizardSetup('UPDATE',5,4,0,1)  
[2023-06-23 12:24:52] WizardSetupModel.INFO: Query : select lc.brandid,(select bd.brandname from brand_details as bd where bd.id=lc.brandid) as brandname,lc.hotelname,lc.custmail,
            lc.location,lc.mobileno,lc.spocname,lc.address,lc.tempid,lc.channelfeedtype,tm.templatename,cf.channeltype
             FROM locations as lc 
             left join template as tm on tm.id = lc.tempid 
             left join channelfeed as cf on cf.id=lc.channelfeedtype where lc.id=4  
[2023-06-23 12:24:52] WizardSetupModel.INFO: Query : select fl.id,fl.name  from  hotelfeaturelist as hf  left join featurelist as fl on fl.id = hf.featureid
             where hf.hotelid=4  
[2023-06-23 12:24:52] WizardSetupModel.INFO: Query : select tvc.channelno,tvl.channelname,tvl.channellogo,tvc.channelip,tvc.channelport
            ,if(cg.categoryid is null,0,cg.categoryid) categoryid,if(cgc.categoryname is null,'Unknown',cgc.categoryname) 
            categoryname from tvchannels as tvc 
            left join tvchannelslist as tvl on tvc.channellistid = tvl.id
            left join channelgroup as cg on   cg.channelid=tvl.id and cg.hotelid = tvc.hotelid
            left join channelcategory as cgc on cgc.id = cg.categoryid
            where tvc.hotelid=4  
[2023-06-23 12:24:52] WizardSetupModel.INFO: Json Data : {"HomePageDetails":{"logo":"public\/uploads\/Template\/4\/4\/Logo.png","bg_img":"public\/uploads\/Template\/4\/4\/Background.png","welcome":"afds","welcome_txt":"fasdf","menu":[{"title":"fasd","img":"public\/uploads\/Template\/4\/4\/fasd.jpeg","pagelink":"fsadfd"}]}}  
[2023-06-23 12:25:04] WizardSetupModel.INFO: Query : CALL SP_WizardSetup('UPDATE',5,4,0,1)  
[2023-06-23 12:38:27] WizardSetupModel.INFO: Query : select lc.brandid,(select bd.brandname from brand_details as bd where bd.id=lc.brandid) as brandname,lc.hotelname,lc.custmail,
            lc.location,lc.mobileno,lc.spocname,lc.address,lc.tempid,lc.channelfeedtype,tm.templatename,cf.channeltype
             FROM locations as lc 
             left join template as tm on tm.id = lc.tempid 
             left join channelfeed as cf on cf.id=lc.channelfeedtype where lc.id=4  
[2023-06-23 12:38:27] WizardSetupModel.INFO: Query : select fl.id,fl.name  from  hotelfeaturelist as hf  left join featurelist as fl on fl.id = hf.featureid
             where hf.hotelid=4  
[2023-06-23 12:38:27] WizardSetupModel.INFO: Query : select tvc.channelno,tvl.channelname,tvl.channellogo,tvc.channelip,tvc.channelport
            ,if(cg.categoryid is null,0,cg.categoryid) categoryid,if(cgc.categoryname is null,'Unknown',cgc.categoryname) 
            categoryname from tvchannels as tvc 
            left join tvchannelslist as tvl on tvc.channellistid = tvl.id
            left join channelgroup as cg on   cg.channelid=tvl.id and cg.hotelid = tvc.hotelid
            left join channelcategory as cgc on cgc.id = cg.categoryid
            where tvc.hotelid=4  
[2023-06-23 12:38:27] WizardSetupModel.INFO: Json Data : {"HomePageDetails":{"logo":"public\/uploads\/Template\/4\/4\/Logo.png","bg_img":"public\/uploads\/Template\/4\/4\/Background.png","welcome":"afds","welcome_txt":"fasdf","menu":[{"title":"fasd","img":"public\/uploads\/Template\/4\/4\/fasd.jpeg","pagelink":"fsadfd"}]}}  
[2023-06-23 12:38:36] WizardSetupModel.INFO: Query : CALL SP_WizardSetup('UPDATE',3,4,0,1)  
[2023-06-23 13:06:05] WizardSetupModel.INFO: Query : select lc.brandid,(select bd.brandname from brand_details as bd where bd.id=lc.brandid) as brandname,lc.hotelname,lc.custmail,
            lc.location,lc.mobileno,lc.spocname,lc.address,lc.tempid,lc.channelfeedtype,tm.templatename,cf.channeltype
             FROM locations as lc 
             left join template as tm on tm.id = lc.tempid 
             left join channelfeed as cf on cf.id=lc.channelfeedtype where lc.id=4  
[2023-06-23 13:06:05] WizardSetupModel.INFO: Query : select fl.id,fl.name  from  hotelfeaturelist as hf  left join featurelist as fl on fl.id = hf.featureid
             where hf.hotelid=4  
[2023-06-23 13:06:05] WizardSetupModel.INFO: Query : select tvc.channelno,tvl.channelname,tvl.channellogo,tvc.channelip,tvc.channelport
            ,if(cg.categoryid is null,0,cg.categoryid) categoryid,if(cgc.categoryname is null,'Unknown',cgc.categoryname) 
            categoryname from tvchannels as tvc 
            left join tvchannelslist as tvl on tvc.channellistid = tvl.id
            left join channelgroup as cg on   cg.channelid=tvl.id and cg.hotelid = tvc.hotelid
            left join channelcategory as cgc on cgc.id = cg.categoryid
            where tvc.hotelid=4  
[2023-06-23 13:06:05] WizardSetupModel.INFO: Json Data : {"HomePageDetails":{"logo":"public\/uploads\/Template\/4\/4\/Logo.png","bg_img":"public\/uploads\/Template\/4\/4\/Background.png","welcome":"afds","welcome_txt":"fasdf","menu":[{"title":"fasd","img":"public\/uploads\/Template\/4\/4\/fasd.jpeg","pagelink":"fsadfd"}]}}  
[2023-06-23 13:06:16] WizardSetupModel.INFO: Query : select lc.brandid,(select bd.brandname from brand_details as bd where bd.id=lc.brandid) as brandname,lc.hotelname,lc.custmail,
            lc.location,lc.mobileno,lc.spocname,lc.address,lc.tempid,lc.channelfeedtype,tm.templatename,cf.channeltype
             FROM locations as lc 
             left join template as tm on tm.id = lc.tempid 
             left join channelfeed as cf on cf.id=lc.channelfeedtype where lc.id=4  
[2023-06-23 13:06:16] WizardSetupModel.INFO: Query : select fl.id,fl.name  from  hotelfeaturelist as hf  left join featurelist as fl on fl.id = hf.featureid
             where hf.hotelid=4  
[2023-06-23 13:06:16] WizardSetupModel.INFO: Query : select tvc.channelno,tvl.channelname,tvl.channellogo,tvc.channelip,tvc.channelport
            ,if(cg.categoryid is null,0,cg.categoryid) categoryid,if(cgc.categoryname is null,'Unknown',cgc.categoryname) 
            categoryname from tvchannels as tvc 
            left join tvchannelslist as tvl on tvc.channellistid = tvl.id
            left join channelgroup as cg on   cg.channelid=tvl.id and cg.hotelid = tvc.hotelid
            left join channelcategory as cgc on cgc.id = cg.categoryid
            where tvc.hotelid=4  
[2023-06-23 13:06:16] WizardSetupModel.INFO: Json Data : ""  
[2023-06-23 13:10:26] WizardSetupModel.INFO: Query : select lc.brandid,(select bd.brandname from brand_details as bd where bd.id=lc.brandid) as brandname,lc.hotelname,lc.custmail,
            lc.location,lc.mobileno,lc.spocname,lc.address,lc.tempid,lc.channelfeedtype,tm.templatename,cf.channeltype
             FROM locations as lc 
             left join template as tm on tm.id = lc.tempid 
             left join channelfeed as cf on cf.id=lc.channelfeedtype where lc.id=4  
[2023-06-23 13:10:26] WizardSetupModel.INFO: Query : select fl.id,fl.name  from  hotelfeaturelist as hf  left join featurelist as fl on fl.id = hf.featureid
             where hf.hotelid=4  
[2023-06-23 13:10:26] WizardSetupModel.INFO: Query : select tvc.channelno,tvl.channelname,tvl.channellogo,tvc.channelip,tvc.channelport
            ,if(cg.categoryid is null,0,cg.categoryid) categoryid,if(cgc.categoryname is null,'Unknown',cgc.categoryname) 
            categoryname from tvchannels as tvc 
            left join tvchannelslist as tvl on tvc.channellistid = tvl.id
            left join channelgroup as cg on   cg.channelid=tvl.id and cg.hotelid = tvc.hotelid
            left join channelcategory as cgc on cgc.id = cg.categoryid
            where tvc.hotelid=4  
[2023-06-23 13:10:26] WizardSetupModel.INFO: Json Data : {"HomePageDetails":{"logo":"public\/uploads\/Template\/4\/4\/Logo.png","bg_img":"public\/uploads\/Template\/4\/4\/Background.png","welcome":"afds","welcome_txt":"fasdf","menu":[{"title":"fasd","img":"public\/uploads\/Template\/4\/4\/fasd.jpeg","pagelink":"fsadfd"}]}}  
[2023-06-23 13:10:29] WizardSetupModel.INFO: Query : CALL SP_WizardSetup('UPDATE',5,4,0,1)  
[2023-06-23 13:10:39] WizardSetupModel.INFO: Query : select lc.brandid,(select bd.brandname from brand_details as bd where bd.id=lc.brandid) as brandname,lc.hotelname,lc.custmail,
            lc.location,lc.mobileno,lc.spocname,lc.address,lc.tempid,lc.channelfeedtype,tm.templatename,cf.channeltype
             FROM locations as lc 
             left join template as tm on tm.id = lc.tempid 
             left join channelfeed as cf on cf.id=lc.channelfeedtype where lc.id=4  
[2023-06-23 13:10:39] WizardSetupModel.INFO: Query : select fl.id,fl.name  from  hotelfeaturelist as hf  left join featurelist as fl on fl.id = hf.featureid
             where hf.hotelid=4  
[2023-06-23 13:10:39] WizardSetupModel.INFO: Query : select tvc.channelno,tvl.channelname,tvl.channellogo,tvc.channelip,tvc.channelport
            ,if(cg.categoryid is null,0,cg.categoryid) categoryid,if(cgc.categoryname is null,'Unknown',cgc.categoryname) 
            categoryname from tvchannels as tvc 
            left join tvchannelslist as tvl on tvc.channellistid = tvl.id
            left join channelgroup as cg on   cg.channelid=tvl.id and cg.hotelid = tvc.hotelid
            left join channelcategory as cgc on cgc.id = cg.categoryid
            where tvc.hotelid=4  
[2023-06-23 13:10:39] WizardSetupModel.INFO: Json Data : {"HomePageDetails":{"logo":"public\/uploads\/Template\/4\/4\/Logo.png","bg_img":"public\/uploads\/Template\/4\/4\/Background.png","welcome":"afds","welcome_txt":"fasdf","menu":[{"title":"fasd","img":"public\/uploads\/Template\/4\/4\/fasd.jpeg","pagelink":"fsadfd"}]}}  
[2023-06-23 13:10:41] WizardSetupModel.INFO: Query : CALL SP_WizardSetup('UPDATE',1,4,0,1)  
[2023-06-23 13:11:35] WizardSetupModel.INFO: Query : select lc.brandid,(select bd.brandname from brand_details as bd where bd.id=lc.brandid) as brandname,lc.hotelname,lc.custmail,
            lc.location,lc.mobileno,lc.spocname,lc.address,lc.tempid,lc.channelfeedtype,tm.templatename,cf.channeltype
             FROM locations as lc 
             left join template as tm on tm.id = lc.tempid 
             left join channelfeed as cf on cf.id=lc.channelfeedtype where lc.id=4  
[2023-06-23 13:11:35] WizardSetupModel.INFO: Query : select fl.id,fl.name  from  hotelfeaturelist as hf  left join featurelist as fl on fl.id = hf.featureid
             where hf.hotelid=4  
[2023-06-23 13:11:35] WizardSetupModel.INFO: Query : select tvc.channelno,tvl.channelname,tvl.channellogo,tvc.channelip,tvc.channelport
            ,if(cg.categoryid is null,0,cg.categoryid) categoryid,if(cgc.categoryname is null,'Unknown',cgc.categoryname) 
            categoryname from tvchannels as tvc 
            left join tvchannelslist as tvl on tvc.channellistid = tvl.id
            left join channelgroup as cg on   cg.channelid=tvl.id and cg.hotelid = tvc.hotelid
            left join channelcategory as cgc on cgc.id = cg.categoryid
            where tvc.hotelid=4  
[2023-06-23 13:11:35] WizardSetupModel.INFO: Json Data : {"HomePageDetails":{"logo":"public\/uploads\/Template\/4\/4\/Logo.png","bg_img":"public\/uploads\/Template\/4\/4\/Background.png","welcome":"afds","welcome_txt":"fasdf","menu":[{"title":"fasd","img":"public\/uploads\/Template\/4\/4\/fasd.jpeg","pagelink":"fsadfd"}]}}  
[2023-06-23 13:11:38] WizardSetupModel.INFO: Query : CALL SP_WizardSetup('UPDATE',1,4,0,1)  
[2023-06-23 13:17:37] WizardSetupModel.INFO: Query : select lc.brandid,(select bd.brandname from brand_details as bd where bd.id=lc.brandid) as brandname,lc.hotelname,lc.custmail,
            lc.location,lc.mobileno,lc.spocname,lc.address,lc.tempid,lc.channelfeedtype,tm.templatename,cf.channeltype
             FROM locations as lc 
             left join template as tm on tm.id = lc.tempid 
             left join channelfeed as cf on cf.id=lc.channelfeedtype where lc.id=4  
[2023-06-23 13:17:37] WizardSetupModel.INFO: Query : select fl.id,fl.name  from  hotelfeaturelist as hf  left join featurelist as fl on fl.id = hf.featureid
             where hf.hotelid=4  
[2023-06-23 13:17:37] WizardSetupModel.INFO: Query : select tvc.channelno,tvl.channelname,tvl.channellogo,tvc.channelip,tvc.channelport
            ,if(cg.categoryid is null,0,cg.categoryid) categoryid,if(cgc.categoryname is null,'Unknown',cgc.categoryname) 
            categoryname from tvchannels as tvc 
            left join tvchannelslist as tvl on tvc.channellistid = tvl.id
            left join channelgroup as cg on   cg.channelid=tvl.id and cg.hotelid = tvc.hotelid
            left join channelcategory as cgc on cgc.id = cg.categoryid
            where tvc.hotelid=4  
[2023-06-23 13:17:37] WizardSetupModel.INFO: Json Data : {"HomePageDetails":{"logo":"public\/uploads\/Template\/4\/6\/Logo.png","bg_img":"public\/uploads\/Template\/4\/6\/Background.png","welcome":"","welcome_txt":"fdgfds"}}  
[2023-06-23 13:17:39] WizardSetupModel.INFO: Query : CALL SP_WizardSetup('UPDATE',2,4,0,1)  
