[2023-06-26 04:29:44] TvtempRepository.INFO: ======= Start TV Repository (Get All ChannelFeed List) ================  
[2023-06-26 04:29:44] TvtempModel.INFO: Query : CALL SP_TvtemplateDetails('CHNLTYPE')  
[2023-06-26 04:29:44] TvtempModel.INFO: get All Template (count) : 3  
[2023-06-26 04:29:44] TvtempRepository.INFO: ======= End TV Repository (Get All ChannelFeed List) ================  
[2023-06-26 04:29:44] TvtempRepository.INFO: ======= Start TV Repository (Get All Template List)================  
[2023-06-26 04:29:44] TvtempModel.INFO: Query : CALL SP_TvtemplateDetails('LIST')  
[2023-06-26 04:29:44] TvtempRepository.INFO: ======= Start TV Repository (Get All Feature List)================  
[2023-06-26 04:29:44] TvtempModel.INFO: Query : CALL SP_TvtemplateDetails('FEATURE')  
[2023-06-26 04:29:44] TvtempModel.INFO: get All Template (count) : 7  
[2023-06-26 04:29:44] TvtempRepository.INFO: ======= End TV Repository (Get All Feature List)================  
[2023-06-26 04:29:44] TvtempModel.INFO: get All Template (count) : 6  
[2023-06-26 04:29:44] TvtempRepository.INFO: ======= End TV Repository (Get All Template List)================  
[2023-06-26 04:31:53] TvtempRepository.INFO: ======= Start TV Repository (Get All ChannelFeed List) ================  
[2023-06-26 04:31:53] TvtempModel.INFO: Query : CALL SP_TvtemplateDetails('CHNLTYPE')  
[2023-06-26 04:31:53] TvtempRepository.INFO: ======= Start TV Repository (Get All Feature List)================  
[2023-06-26 04:31:53] TvtempModel.INFO: Query : CALL SP_TvtemplateDetails('FEATURE')  
[2023-06-26 04:31:53] TvtempModel.INFO: get All Template (count) : 3  
[2023-06-26 04:31:53] TvtempRepository.INFO: ======= End TV Repository (Get All ChannelFeed List) ================  
[2023-06-26 04:31:53] TvtempModel.INFO: get All Template (count) : 7  
[2023-06-26 04:31:53] TvtempRepository.INFO: ======= End TV Repository (Get All Feature List)================  
[2023-06-26 04:31:53] TvtempRepository.INFO: ======= Start TV Repository (Get All Template List)================  
[2023-06-26 04:31:53] TvtempModel.INFO: Query : CALL SP_TvtemplateDetails('LIST')  
[2023-06-26 04:31:53] TvtempModel.INFO: get All Template (count) : 6  
[2023-06-26 04:31:53] TvtempRepository.INFO: ======= End TV Repository (Get All Template List)================  
[2023-06-26 04:34:16] TvtempRepository.INFO: ======= Start TV Repository (Get All ChannelFeed List) ================  
[2023-06-26 04:34:16] TvtempModel.INFO: Query : CALL SP_TvtemplateDetails('CHNLTYPE')  
[2023-06-26 04:34:16] TvtempModel.INFO: get All Template (count) : 3  
[2023-06-26 04:34:16] TvtempRepository.INFO: ======= End TV Repository (Get All ChannelFeed List) ================  
[2023-06-26 04:34:16] TvtempRepository.INFO: ======= Start TV Repository (Get All Feature List)================  
[2023-06-26 04:34:16] TvtempModel.INFO: Query : CALL SP_TvtemplateDetails('FEATURE')  
[2023-06-26 04:34:16] TvtempRepository.INFO: ======= Start TV Repository (Get All Template List)================  
[2023-06-26 04:34:16] TvtempModel.INFO: Query : CALL SP_TvtemplateDetails('LIST')  
[2023-06-26 04:34:16] TvtempModel.INFO: get All Template (count) : 6  
[2023-06-26 04:34:16] TvtempRepository.INFO: ======= End TV Repository (Get All Template List)================  
[2023-06-26 04:34:16] TvtempModel.INFO: get All Template (count) : 7  
[2023-06-26 04:34:16] TvtempRepository.INFO: ======= End TV Repository (Get All Feature List)================  
[2023-06-26 04:34:52] TvtempRepository.INFO: ======= Start TV Repository (Get All ChannelFeed List) ================  
[2023-06-26 04:34:52] TvtempModel.INFO: Query : CALL SP_TvtemplateDetails('CHNLTYPE')  
[2023-06-26 04:34:52] TvtempModel.INFO: get All Template (count) : 3  
[2023-06-26 04:34:52] TvtempRepository.INFO: ======= End TV Repository (Get All ChannelFeed List) ================  
[2023-06-26 04:34:52] TvtempRepository.INFO: ======= Start TV Repository (Get All Template List)================  
[2023-06-26 04:34:52] TvtempModel.INFO: Query : CALL SP_TvtemplateDetails('LIST')  
[2023-06-26 04:34:52] TvtempRepository.INFO: ======= Start TV Repository (Get All Feature List)================  
[2023-06-26 04:34:52] TvtempModel.INFO: Query : CALL SP_TvtemplateDetails('FEATURE')  
[2023-06-26 04:34:52] TvtempModel.INFO: get All Template (count) : 6  
[2023-06-26 04:34:52] TvtempRepository.INFO: ======= End TV Repository (Get All Template List)================  
[2023-06-26 04:34:52] TvtempModel.INFO: get All Template (count) : 7  
[2023-06-26 04:34:52] TvtempRepository.INFO: ======= End TV Repository (Get All Feature List)================  
[2023-06-26 04:35:59] TvtempRepository.INFO: ======= Start TV Repository (Get All Feature List)================  
[2023-06-26 04:35:59] TvtempModel.INFO: Query : CALL SP_TvtemplateDetails('FEATURE')  
[2023-06-26 04:35:59] TvtempModel.INFO: get All Template (count) : 7  
[2023-06-26 04:35:59] TvtempRepository.INFO: ======= End TV Repository (Get All Feature List)================  
[2023-06-26 04:35:59] TvtempRepository.INFO: ======= Start TV Repository (Get All Template List)================  
[2023-06-26 04:35:59] TvtempModel.INFO: Query : CALL SP_TvtemplateDetails('LIST')  
[2023-06-26 04:35:59] TvtempModel.INFO: get All Template (count) : 6  
[2023-06-26 04:35:59] TvtempRepository.INFO: ======= End TV Repository (Get All Template List)================  
[2023-06-26 04:35:59] TvtempRepository.INFO: ======= Start TV Repository (Get All ChannelFeed List) ================  
[2023-06-26 04:35:59] TvtempModel.INFO: Query : CALL SP_TvtemplateDetails('CHNLTYPE')  
[2023-06-26 04:35:59] TvtempModel.INFO: get All Template (count) : 3  
[2023-06-26 04:35:59] TvtempRepository.INFO: ======= End TV Repository (Get All ChannelFeed List) ================  
[2023-06-26 04:37:56] TvtempRepository.INFO: ======= Start TV Repository (Get All ChannelFeed List) ================  
[2023-06-26 04:37:56] TvtempModel.INFO: Query : CALL SP_TvtemplateDetails('CHNLTYPE')  
[2023-06-26 04:37:56] TvtempRepository.INFO: ======= Start TV Repository (Get All Feature List)================  
[2023-06-26 04:37:56] TvtempModel.INFO: Query : CALL SP_TvtemplateDetails('FEATURE')  
[2023-06-26 04:37:56] TvtempModel.INFO: get All Template (count) : 3  
[2023-06-26 04:37:56] TvtempRepository.INFO: ======= End TV Repository (Get All ChannelFeed List) ================  
[2023-06-26 04:37:56] TvtempRepository.INFO: ======= Start TV Repository (Get All Template List)================  
[2023-06-26 04:37:56] TvtempModel.INFO: Query : CALL SP_TvtemplateDetails('LIST')  
[2023-06-26 04:37:56] TvtempModel.INFO: get All Template (count) : 7  
[2023-06-26 04:37:56] TvtempRepository.INFO: ======= End TV Repository (Get All Feature List)================  
[2023-06-26 04:37:56] TvtempModel.INFO: get All Template (count) : 6  
[2023-06-26 04:37:56] TvtempRepository.INFO: ======= End TV Repository (Get All Template List)================  
