[2023-06-05 13:09:20] HotelChannelAction.INFO: ======= Start HotelChannel Action (ASSIGN MENUS) ================  
[2023-06-05 13:09:20] HotelChannelAction.INFO: method : POST  
[2023-06-05 13:09:20] HotelChannelAction.INFO: contentType : application/json  
[2023-06-05 13:09:20] HotelChannelAction.INFO: Input Data : {"hotelid":1,"channelid":"1,2,3,4,5","channelcategory":1,"decoded":{"sub":"1","id":"1","userName":"super admin","userGroup":"1","email":"superadmin@example.com","iat":1685955936,"exp":1686042336}}  
[2023-06-05 13:10:41] HotelChannelAction.INFO: ======= Start HotelChannel Action (ASSIGN MENUS) ================  
[2023-06-05 13:10:41] HotelChannelAction.INFO: method : POST  
[2023-06-05 13:10:41] HotelChannelAction.INFO: contentType : application/json  
[2023-06-05 13:10:41] HotelChannelAction.INFO: Input Data : {"hotelid":1,"channelid":"1,2,3,4,5","channelcategory":1,"decoded":{"sub":"1","id":"1","userName":"super admin","userGroup":"1","email":"superadmin@example.com","iat":1685955936,"exp":1686042336}}  
[2023-06-05 13:11:20] HotelChannelAction.INFO: ======= Start HotelChannel Action (ASSIGN MENUS) ================  
[2023-06-05 13:11:20] HotelChannelAction.INFO: method : POST  
[2023-06-05 13:11:20] HotelChannelAction.INFO: contentType : application/json  
[2023-06-05 13:11:20] HotelChannelAction.INFO: Input Data : {"hotelid":1,"channelid":"1,2,3,4,5","channelcategory":1,"decoded":{"sub":"1","id":"1","userName":"super admin","userGroup":"1","email":"superadmin@example.com","iat":1685955936,"exp":1686042336}}  
[2023-06-05 13:11:58] HotelChannelAction.INFO: ======= Start HotelChannel Action (ASSIGN MENUS) ================  
[2023-06-05 13:11:58] HotelChannelAction.INFO: method : POST  
[2023-06-05 13:11:58] HotelChannelAction.INFO: contentType : application/json  
[2023-06-05 13:11:58] HotelChannelAction.INFO: Input Data : {"hotelid":1,"channelid":"1,2,3,4,5","channelcategory":1,"decoded":{"sub":"1","id":"1","userName":"super admin","userGroup":"1","email":"superadmin@example.com","iat":1685955936,"exp":1686042336}}  
[2023-06-05 13:11:58] HotelChannelAction.INFO: Insert Status : SUCCESS  
[2023-06-05 13:11:58] HotelChannelAction.INFO: ======= END HotelChannel Action (ASSING MENUS) ================  
[2023-06-05 13:12:02] HotelChannelAction.INFO: ======= Start HotelChannel Action (ASSIGN MENUS) ================  
[2023-06-05 13:12:02] HotelChannelAction.INFO: method : POST  
[2023-06-05 13:12:02] HotelChannelAction.INFO: contentType : application/json  
[2023-06-05 13:12:02] HotelChannelAction.INFO: Input Data : {"hotelid":1,"channelid":"1,2,3,4,5","channelcategory":1,"decoded":{"sub":"1","id":"1","userName":"super admin","userGroup":"1","email":"superadmin@example.com","iat":1685955936,"exp":1686042336}}  
[2023-06-05 13:12:02] HotelChannelAction.INFO: Insert Status : SUCCESS  
[2023-06-05 13:12:02] HotelChannelAction.INFO: ======= END HotelChannel Action (ASSING MENUS) ================  
[2023-06-05 13:12:03] HotelChannelAction.INFO: ======= Start HotelChannel Action (ASSIGN MENUS) ================  
[2023-06-05 13:12:03] HotelChannelAction.INFO: method : POST  
[2023-06-05 13:12:03] HotelChannelAction.INFO: contentType : application/json  
[2023-06-05 13:12:03] HotelChannelAction.INFO: Input Data : {"hotelid":1,"channelid":"1,2,3,4,5","channelcategory":1,"decoded":{"sub":"1","id":"1","userName":"super admin","userGroup":"1","email":"superadmin@example.com","iat":1685955936,"exp":1686042336}}  
[2023-06-05 13:12:03] HotelChannelAction.INFO: Insert Status : SUCCESS  
[2023-06-05 13:12:03] HotelChannelAction.INFO: ======= END HotelChannel Action (ASSING MENUS) ================  
