[2023-06-05 13:09:31] ChannelAction.INFO: ======= Start Channel Action (CREATE) ================  
[2023-06-05 13:09:31] ChannelAction.INFO: method : POST  
[2023-06-05 13:09:31] ChannelAction.INFO: contentType : application/json  
[2023-06-05 13:09:31] ChannelAction.INFO: Input Data : {"decoded":{"sub":"1","id":"1","userName":"super admin","userGroup":"1","email":"superadmin@example.com","iat":1685941470,"exp":1686027870}}  
[2023-06-05 13:09:31] ChannelAction.ERROR: Error Code : 401Error Message : Channel Name required  
[2023-06-05 13:09:31] ChannelAction.ERROR: Error File : /var/www/projects/ottproduct/api/v1/src/Domain/Repository/Channel/ChannelRepository.phpError Line : 101  
[2023-06-05 13:09:31] ChannelAction.INFO: ======= END Channel Action (CREATE) ================  
[2023-06-05 13:10:27] ChannelAction.INFO: ======= Start Channel Action (List) ================  
[2023-06-05 13:10:27] ChannelAction.INFO: method : POST  
[2023-06-05 13:10:27] ChannelAction.INFO: contentType : application/json  
[2023-06-05 13:10:27] ChannelAction.INFO: Input Data : {"decoded":{"sub":"1","id":"1","userName":"super admin","userGroup":"1","email":"superadmin@example.com","iat":1685941470,"exp":1686027870}}  
[2023-06-05 13:10:27] ChannelAction.INFO: ======= END Channel Action (List) ================  
[2023-06-05 13:10:45] ChannelAction.INFO: ======= Start Channel Action (List) ================  
[2023-06-05 13:10:45] ChannelAction.INFO: method : POST  
[2023-06-05 13:10:45] ChannelAction.INFO: contentType : application/json  
[2023-06-05 13:10:45] ChannelAction.INFO: Input Data : {"decoded":{"sub":"1","id":"1","userName":"super admin","userGroup":"1","email":"superadmin@example.com","iat":1685941470,"exp":1686027870}}  
[2023-06-05 13:10:45] ChannelAction.INFO: ======= END Channel Action (List) ================  
[2023-06-05 13:11:07] ChannelAction.INFO: ======= Start Channel Action (List) ================  
[2023-06-05 13:11:07] ChannelAction.INFO: method : POST  
[2023-06-05 13:11:07] ChannelAction.INFO: contentType : application/json  
[2023-06-05 13:11:07] ChannelAction.INFO: Input Data : {"decoded":{"sub":"1","id":"1","userName":"super admin","userGroup":"1","email":"superadmin@example.com","iat":1685941470,"exp":1686027870}}  
[2023-06-05 13:11:07] ChannelAction.INFO: ======= END Channel Action (List) ================  
[2023-06-05 13:11:27] ChannelAction.INFO: ======= Start Channel Action (List) ================  
[2023-06-05 13:11:27] ChannelAction.INFO: method : POST  
[2023-06-05 13:11:27] ChannelAction.INFO: contentType : application/json  
[2023-06-05 13:11:27] ChannelAction.INFO: Input Data : {"decoded":{"sub":"1","id":"1","userName":"super admin","userGroup":"1","email":"superadmin@example.com","iat":1685941470,"exp":1686027870}}  
[2023-06-05 13:11:27] ChannelAction.INFO: ======= END Channel Action (List) ================  
