[2023-06-20 04:54:55] HotelChannelAction.INFO: ======= Start HotelChannel Action (Single One) ================  
[2023-06-20 04:54:55] HotelChannelAction.INFO: method : POST  
[2023-06-20 04:54:55] HotelChannelAction.INFO: contentType : application/json  
[2023-06-20 04:54:55] HotelChannelAction.INFO: Input Data : {"hotelid":"1","decoded":{"sub":"1","id":"1","userName":"super admin","userGroup":"1","email":"superadmin@msense.in","hotelId":"4","brandId":"7","iat":1687236895,"exp":1687323295}}  
[2023-06-20 04:54:55] HotelChannelAction.INFO: ======= END HotelChannel Action (Single One) ================  
[2023-06-20 05:36:39] HotelChannelAction.INFO: ======= Start HotelChannel Action (Single One) ================  
[2023-06-20 05:36:39] HotelChannelAction.INFO: method : POST  
[2023-06-20 05:36:39] HotelChannelAction.INFO: contentType : application/json  
[2023-06-20 05:36:39] HotelChannelAction.INFO: Input Data : {"hotelid":"1","decoded":{"sub":"1","id":"1","userName":"super admin","userGroup":"1","email":"superadmin@msense.in","hotelId":"4","brandId":"7","iat":1687239399,"exp":1687325799}}  
[2023-06-20 05:36:39] HotelChannelAction.INFO: ======= END HotelChannel Action (Single One) ================  
[2023-06-20 05:59:19] HotelChannelAction.INFO: ======= Start HotelChannel Action (Single One) ================  
[2023-06-20 05:59:19] HotelChannelAction.INFO: method : POST  
[2023-06-20 05:59:19] HotelChannelAction.INFO: contentType : application/json  
[2023-06-20 05:59:19] HotelChannelAction.INFO: Input Data : {"hotelid":"1","decoded":{"sub":"1","id":"1","userName":"super admin","userGroup":"1","email":"superadmin@msense.in","hotelId":"4","brandId":"7","iat":1687240759,"exp":1687327159}}  
[2023-06-20 05:59:19] HotelChannelAction.INFO: ======= END HotelChannel Action (Single One) ================  
[2023-06-20 07:29:08] HotelChannelAction.INFO: ======= Start HotelChannel Action (Single One) ================  
[2023-06-20 07:29:08] HotelChannelAction.INFO: method : POST  
[2023-06-20 07:29:08] HotelChannelAction.INFO: contentType : application/json  
[2023-06-20 07:29:08] HotelChannelAction.INFO: Input Data : {"hotelid":"1","decoded":{"sub":"1","id":"1","userName":"super admin","userGroup":"1","email":"superadmin@msense.in","hotelId":"4","brandId":"7","iat":1687246148,"exp":1687332548}}  
[2023-06-20 07:29:08] HotelChannelAction.INFO: ======= END HotelChannel Action (Single One) ================  
[2023-06-20 09:47:04] HotelChannelAction.INFO: ======= Start HotelChannel Action (Single One) ================  
[2023-06-20 09:47:04] HotelChannelAction.INFO: method : POST  
[2023-06-20 09:47:04] HotelChannelAction.INFO: contentType : application/json  
[2023-06-20 09:47:04] HotelChannelAction.INFO: Input Data : {"hotelid":"1","decoded":{"sub":"1","id":"1","userName":"super admin","userGroup":"1","email":"superadmin@msense.in","hotelId":"4","brandId":"7","iat":1687254424,"exp":1687340824}}  
[2023-06-20 09:47:04] HotelChannelAction.INFO: ======= END HotelChannel Action (Single One) ================  
[2023-06-20 09:48:53] HotelChannelAction.INFO: ======= Start HotelChannel Action (Single One) ================  
[2023-06-20 09:48:53] HotelChannelAction.INFO: method : POST  
[2023-06-20 09:48:53] HotelChannelAction.INFO: contentType : application/json  
[2023-06-20 09:48:53] HotelChannelAction.INFO: Input Data : {"hotelid":"1","decoded":{"sub":"1","id":"1","userName":"super admin","userGroup":"1","email":"superadmin@msense.in","hotelId":"4","brandId":"7","iat":1687254533,"exp":1687340933}}  
[2023-06-20 09:48:53] HotelChannelAction.INFO: ======= END HotelChannel Action (Single One) ================  
[2023-06-20 09:49:08] HotelChannelAction.INFO: ======= Start HotelChannel Action (Single One) ================  
[2023-06-20 09:49:08] HotelChannelAction.INFO: method : POST  
[2023-06-20 09:49:08] HotelChannelAction.INFO: contentType : application/json  
[2023-06-20 09:49:08] HotelChannelAction.INFO: Input Data : {"hotelid":"1","decoded":{"sub":"1","id":"1","userName":"super admin","userGroup":"1","email":"superadmin@msense.in","hotelId":"4","brandId":"7","iat":1687254548,"exp":1687340948}}  
[2023-06-20 09:49:08] HotelChannelAction.INFO: ======= END HotelChannel Action (Single One) ================  
[2023-06-20 09:49:15] HotelChannelAction.INFO: ======= Start HotelChannel Action (Single One) ================  
[2023-06-20 09:49:15] HotelChannelAction.INFO: method : POST  
[2023-06-20 09:49:15] HotelChannelAction.INFO: contentType : application/json  
[2023-06-20 09:49:15] HotelChannelAction.INFO: Input Data : {"hotelid":"1","decoded":{"sub":"1","id":"1","userName":"super admin","userGroup":"1","email":"superadmin@msense.in","hotelId":"4","brandId":"7","iat":1687254555,"exp":1687340955}}  
[2023-06-20 09:49:15] HotelChannelAction.INFO: ======= END HotelChannel Action (Single One) ================  
[2023-06-20 09:49:20] HotelChannelAction.INFO: ======= Start HotelChannel Action (Single One) ================  
[2023-06-20 09:49:20] HotelChannelAction.INFO: method : POST  
[2023-06-20 09:49:20] HotelChannelAction.INFO: contentType : application/json  
[2023-06-20 09:49:20] HotelChannelAction.INFO: Input Data : {"hotelid":"1","decoded":{"sub":"1","id":"1","userName":"super admin","userGroup":"1","email":"superadmin@msense.in","hotelId":"4","brandId":"7","iat":1687254560,"exp":1687340960}}  
[2023-06-20 09:49:20] HotelChannelAction.INFO: ======= END HotelChannel Action (Single One) ================  
[2023-06-20 09:49:31] HotelChannelAction.INFO: ======= Start HotelChannel Action (Single One) ================  
[2023-06-20 09:49:31] HotelChannelAction.INFO: method : POST  
[2023-06-20 09:49:31] HotelChannelAction.INFO: contentType : application/json  
[2023-06-20 09:49:31] HotelChannelAction.INFO: Input Data : {"hotelid":"1","decoded":{"sub":"1","id":"1","userName":"super admin","userGroup":"1","email":"superadmin@msense.in","hotelId":"4","brandId":"7","iat":1687254571,"exp":1687340971}}  
[2023-06-20 09:49:31] HotelChannelAction.INFO: ======= END HotelChannel Action (Single One) ================  
[2023-06-20 09:49:41] HotelChannelAction.INFO: ======= Start HotelChannel Action (Single One) ================  
[2023-06-20 09:49:41] HotelChannelAction.INFO: method : POST  
[2023-06-20 09:49:41] HotelChannelAction.INFO: contentType : application/json  
[2023-06-20 09:49:41] HotelChannelAction.INFO: Input Data : {"hotelid":"1","decoded":{"sub":"1","id":"1","userName":"super admin","userGroup":"1","email":"superadmin@msense.in","hotelId":"4","brandId":"7","iat":1687254581,"exp":1687340981}}  
[2023-06-20 09:49:41] HotelChannelAction.INFO: ======= END HotelChannel Action (Single One) ================  
[2023-06-20 09:50:03] HotelChannelAction.INFO: ======= Start HotelChannel Action (Single One) ================  
[2023-06-20 09:50:03] HotelChannelAction.INFO: method : POST  
[2023-06-20 09:50:03] HotelChannelAction.INFO: contentType : application/json  
[2023-06-20 09:50:03] HotelChannelAction.INFO: Input Data : {"hotelid":"1","decoded":{"sub":"1","id":"1","userName":"super admin","userGroup":"1","email":"superadmin@msense.in","hotelId":"4","brandId":"7","iat":1687254603,"exp":1687341003}}  
[2023-06-20 09:50:03] HotelChannelAction.INFO: ======= END HotelChannel Action (Single One) ================  
[2023-06-20 09:50:11] HotelChannelAction.INFO: ======= Start HotelChannel Action (Single One) ================  
[2023-06-20 09:50:11] HotelChannelAction.INFO: method : POST  
[2023-06-20 09:50:11] HotelChannelAction.INFO: contentType : application/json  
[2023-06-20 09:50:11] HotelChannelAction.INFO: Input Data : {"hotelid":"1","decoded":{"sub":"1","id":"1","userName":"super admin","userGroup":"1","email":"superadmin@msense.in","hotelId":"4","brandId":"7","iat":1687254611,"exp":1687341011}}  
[2023-06-20 09:50:11] HotelChannelAction.INFO: ======= END HotelChannel Action (Single One) ================  
[2023-06-20 09:50:20] HotelChannelAction.INFO: ======= Start HotelChannel Action (Single One) ================  
[2023-06-20 09:50:20] HotelChannelAction.INFO: method : POST  
[2023-06-20 09:50:20] HotelChannelAction.INFO: contentType : application/json  
[2023-06-20 09:50:20] HotelChannelAction.INFO: Input Data : {"hotelid":"1","decoded":{"sub":"1","id":"1","userName":"super admin","userGroup":"1","email":"superadmin@msense.in","hotelId":"4","brandId":"7","iat":1687254620,"exp":1687341020}}  
[2023-06-20 09:50:20] HotelChannelAction.INFO: ======= END HotelChannel Action (Single One) ================  
[2023-06-20 09:51:28] HotelChannelAction.INFO: ======= Start HotelChannel Action (Single One) ================  
[2023-06-20 09:51:28] HotelChannelAction.INFO: method : POST  
[2023-06-20 09:51:28] HotelChannelAction.INFO: contentType : application/json  
[2023-06-20 09:51:28] HotelChannelAction.INFO: Input Data : {"hotelid":"1","decoded":{"sub":"1","id":"1","userName":"super admin","userGroup":"1","email":"superadmin@msense.in","hotelId":"4","brandId":"7","iat":1687254688,"exp":1687341088}}  
[2023-06-20 09:51:28] HotelChannelAction.INFO: ======= END HotelChannel Action (Single One) ================  
[2023-06-20 09:51:34] HotelChannelAction.INFO: ======= Start HotelChannel Action (Single One) ================  
[2023-06-20 09:51:34] HotelChannelAction.INFO: method : POST  
[2023-06-20 09:51:34] HotelChannelAction.INFO: contentType : application/json  
[2023-06-20 09:51:34] HotelChannelAction.INFO: Input Data : {"hotelid":"1","decoded":{"sub":"1","id":"1","userName":"super admin","userGroup":"1","email":"superadmin@msense.in","hotelId":"4","brandId":"7","iat":1687254694,"exp":1687341094}}  
[2023-06-20 09:51:34] HotelChannelAction.INFO: ======= END HotelChannel Action (Single One) ================  
[2023-06-20 09:52:04] HotelChannelAction.INFO: ======= Start HotelChannel Action (Single One) ================  
[2023-06-20 09:52:04] HotelChannelAction.INFO: method : POST  
[2023-06-20 09:52:04] HotelChannelAction.INFO: contentType : application/json  
[2023-06-20 09:52:04] HotelChannelAction.INFO: Input Data : {"hotelid":"1","decoded":{"sub":"1","id":"1","userName":"super admin","userGroup":"1","email":"superadmin@msense.in","hotelId":"4","brandId":"7","iat":1687254724,"exp":1687341124}}  
[2023-06-20 09:52:04] HotelChannelAction.INFO: ======= END HotelChannel Action (Single One) ================  
[2023-06-20 10:10:41] HotelChannelAction.INFO: ======= Start HotelChannel Action (Single One) ================  
[2023-06-20 10:10:41] HotelChannelAction.INFO: method : POST  
[2023-06-20 10:10:41] HotelChannelAction.INFO: contentType : application/json  
[2023-06-20 10:10:41] HotelChannelAction.INFO: Input Data : {"hotelid":"1","decoded":{"sub":"1","id":"1","userName":"super admin","userGroup":"1","email":"superadmin@msense.in","hotelId":"4","brandId":"7","iat":1687255841,"exp":1687342241}}  
[2023-06-20 10:10:41] HotelChannelAction.INFO: ======= END HotelChannel Action (Single One) ================  
[2023-06-20 10:16:38] HotelChannelAction.INFO: ======= Start HotelChannel Action (Single One) ================  
[2023-06-20 10:16:38] HotelChannelAction.INFO: method : POST  
[2023-06-20 10:16:38] HotelChannelAction.INFO: contentType : application/json  
[2023-06-20 10:16:38] HotelChannelAction.INFO: Input Data : {"hotelid":"1","decoded":{"sub":"1","id":"1","userName":"super admin","userGroup":"1","email":"superadmin@msense.in","hotelId":"4","brandId":"7","iat":1687256198,"exp":1687342598}}  
[2023-06-20 10:16:38] HotelChannelAction.INFO: ======= END HotelChannel Action (Single One) ================  
[2023-06-20 10:16:44] HotelChannelAction.INFO: ======= Start HotelChannel Action (Single One) ================  
[2023-06-20 10:16:44] HotelChannelAction.INFO: method : POST  
[2023-06-20 10:16:44] HotelChannelAction.INFO: contentType : application/json  
[2023-06-20 10:16:44] HotelChannelAction.INFO: Input Data : {"hotelid":"1","decoded":{"sub":"1","id":"1","userName":"super admin","userGroup":"1","email":"superadmin@msense.in","hotelId":"4","brandId":"7","iat":1687256204,"exp":1687342604}}  
[2023-06-20 10:16:44] HotelChannelAction.INFO: ======= END HotelChannel Action (Single One) ================  
[2023-06-20 10:17:59] HotelChannelAction.INFO: ======= Start HotelChannel Action (Single One) ================  
[2023-06-20 10:17:59] HotelChannelAction.INFO: method : POST  
[2023-06-20 10:17:59] HotelChannelAction.INFO: contentType : application/json  
[2023-06-20 10:17:59] HotelChannelAction.INFO: Input Data : {"hotelid":"1","decoded":{"sub":"1","id":"1","userName":"super admin","userGroup":"1","email":"superadmin@msense.in","hotelId":"4","brandId":"7","iat":1687256279,"exp":1687342679}}  
[2023-06-20 10:17:59] HotelChannelAction.INFO: ======= END HotelChannel Action (Single One) ================  
[2023-06-20 10:18:02] HotelChannelAction.INFO: ======= Start HotelChannel Action (Single One) ================  
[2023-06-20 10:18:02] HotelChannelAction.INFO: method : POST  
[2023-06-20 10:18:02] HotelChannelAction.INFO: contentType : application/json  
[2023-06-20 10:18:02] HotelChannelAction.INFO: Input Data : {"hotelid":"1","decoded":{"sub":"1","id":"1","userName":"super admin","userGroup":"1","email":"superadmin@msense.in","hotelId":"4","brandId":"7","iat":1687256282,"exp":1687342682}}  
[2023-06-20 10:18:02] HotelChannelAction.INFO: ======= END HotelChannel Action (Single One) ================  
[2023-06-20 10:40:48] HotelChannelAction.INFO: ======= Start HotelChannel Action (Single One) ================  
[2023-06-20 10:40:48] HotelChannelAction.INFO: method : POST  
[2023-06-20 10:40:48] HotelChannelAction.INFO: contentType : application/json  
[2023-06-20 10:40:48] HotelChannelAction.INFO: Input Data : {"hotelid":"1","decoded":{"sub":"1","id":"1","userName":"super admin","userGroup":"1","email":"superadmin@msense.in","hotelId":"4","brandId":"7","iat":1687257648,"exp":1687344048}}  
[2023-06-20 10:40:48] HotelChannelAction.INFO: ======= END HotelChannel Action (Single One) ================  
[2023-06-20 11:19:48] HotelChannelAction.INFO: ======= Start HotelChannel Action (Single One) ================  
[2023-06-20 11:19:48] HotelChannelAction.INFO: method : POST  
[2023-06-20 11:19:48] HotelChannelAction.INFO: contentType : application/json  
[2023-06-20 11:19:48] HotelChannelAction.INFO: Input Data : {"hotelid":"1","decoded":{"sub":"1","id":"1","userName":"super admin","userGroup":"1","email":"superadmin@msense.in","hotelId":"4","brandId":"7","iat":1687259988,"exp":1687346388}}  
[2023-06-20 11:19:48] HotelChannelAction.INFO: ======= END HotelChannel Action (Single One) ================  
[2023-06-20 11:20:41] HotelChannelAction.INFO: ======= Start HotelChannel Action (Single One) ================  
[2023-06-20 11:20:41] HotelChannelAction.INFO: method : POST  
[2023-06-20 11:20:41] HotelChannelAction.INFO: contentType : application/json  
[2023-06-20 11:20:41] HotelChannelAction.INFO: Input Data : {"hotelid":"1","decoded":{"sub":"1","id":"1","userName":"super admin","userGroup":"1","email":"superadmin@msense.in","hotelId":"4","brandId":"7","iat":1687260041,"exp":1687346441}}  
[2023-06-20 11:20:41] HotelChannelAction.INFO: ======= END HotelChannel Action (Single One) ================  
[2023-06-20 11:20:45] HotelChannelAction.INFO: ======= Start HotelChannel Action (Single One) ================  
[2023-06-20 11:20:45] HotelChannelAction.INFO: method : POST  
[2023-06-20 11:20:45] HotelChannelAction.INFO: contentType : application/json  
[2023-06-20 11:20:45] HotelChannelAction.INFO: Input Data : {"hotelid":"1","decoded":{"sub":"1","id":"1","userName":"super admin","userGroup":"1","email":"superadmin@msense.in","hotelId":"4","brandId":"7","iat":1687260045,"exp":1687346445}}  
[2023-06-20 11:20:45] HotelChannelAction.INFO: ======= END HotelChannel Action (Single One) ================  
[2023-06-20 11:20:55] HotelChannelAction.INFO: ======= Start HotelChannel Action (Single One) ================  
[2023-06-20 11:20:55] HotelChannelAction.INFO: method : POST  
[2023-06-20 11:20:55] HotelChannelAction.INFO: contentType : application/json  
[2023-06-20 11:20:55] HotelChannelAction.INFO: Input Data : {"hotelid":"1","decoded":{"sub":"1","id":"1","userName":"super admin","userGroup":"1","email":"superadmin@msense.in","hotelId":"4","brandId":"7","iat":1687260055,"exp":1687346455}}  
[2023-06-20 11:20:55] HotelChannelAction.INFO: ======= END HotelChannel Action (Single One) ================  
[2023-06-20 11:21:08] HotelChannelAction.INFO: ======= Start HotelChannel Action (Single One) ================  
[2023-06-20 11:21:08] HotelChannelAction.INFO: method : POST  
[2023-06-20 11:21:08] HotelChannelAction.INFO: contentType : application/json  
[2023-06-20 11:21:08] HotelChannelAction.INFO: Input Data : {"hotelid":"1","decoded":{"sub":"1","id":"1","userName":"super admin","userGroup":"1","email":"superadmin@msense.in","hotelId":"4","brandId":"7","iat":1687260068,"exp":1687346468}}  
[2023-06-20 11:21:08] HotelChannelAction.INFO: ======= END HotelChannel Action (Single One) ================  
[2023-06-20 11:25:02] HotelChannelAction.INFO: ======= Start HotelChannel Action (Single One) ================  
[2023-06-20 11:25:02] HotelChannelAction.INFO: method : POST  
[2023-06-20 11:25:02] HotelChannelAction.INFO: contentType : application/json  
[2023-06-20 11:25:02] HotelChannelAction.INFO: Input Data : {"hotelid":"1","decoded":{"sub":"1","id":"1","userName":"super admin","userGroup":"1","email":"superadmin@msense.in","hotelId":"4","brandId":"7","iat":1687260302,"exp":1687346702}}  
[2023-06-20 11:25:02] HotelChannelAction.INFO: ======= END HotelChannel Action (Single One) ================  
[2023-06-20 11:30:44] HotelChannelAction.INFO: ======= Start HotelChannel Action (Single One) ================  
[2023-06-20 11:30:44] HotelChannelAction.INFO: method : POST  
[2023-06-20 11:30:44] HotelChannelAction.INFO: contentType : application/json  
[2023-06-20 11:30:44] HotelChannelAction.INFO: Input Data : {"hotelid":"1","decoded":{"sub":"1","id":"1","userName":"super admin","userGroup":"1","email":"superadmin@msense.in","hotelId":"4","brandId":"7","iat":1687260644,"exp":1687347044}}  
[2023-06-20 11:30:44] HotelChannelAction.INFO: ======= END HotelChannel Action (Single One) ================  
[2023-06-20 11:31:37] HotelChannelAction.INFO: ======= Start HotelChannel Action (Single One) ================  
[2023-06-20 11:31:37] HotelChannelAction.INFO: method : POST  
[2023-06-20 11:31:37] HotelChannelAction.INFO: contentType : application/json  
[2023-06-20 11:31:37] HotelChannelAction.INFO: Input Data : {"hotelid":"1","decoded":{"sub":"1","id":"1","userName":"super admin","userGroup":"1","email":"superadmin@msense.in","hotelId":"4","brandId":"7","iat":1687260697,"exp":1687347097}}  
[2023-06-20 11:31:37] HotelChannelAction.INFO: ======= END HotelChannel Action (Single One) ================  
[2023-06-20 11:34:42] HotelChannelAction.INFO: ======= Start HotelChannel Action (Single One) ================  
[2023-06-20 11:34:42] HotelChannelAction.INFO: method : POST  
[2023-06-20 11:34:42] HotelChannelAction.INFO: contentType : application/json  
[2023-06-20 11:34:42] HotelChannelAction.INFO: Input Data : {"hotelid":"1","decoded":{"sub":"1","id":"1","userName":"super admin","userGroup":"1","email":"superadmin@msense.in","hotelId":"4","brandId":"7","iat":1687260882,"exp":1687347282}}  
[2023-06-20 11:34:42] HotelChannelAction.INFO: ======= END HotelChannel Action (Single One) ================  
[2023-06-20 11:35:46] HotelChannelAction.INFO: ======= Start HotelChannel Action (Single One) ================  
[2023-06-20 11:35:46] HotelChannelAction.INFO: method : POST  
[2023-06-20 11:35:46] HotelChannelAction.INFO: contentType : application/json  
[2023-06-20 11:35:46] HotelChannelAction.INFO: Input Data : {"hotelid":"1","decoded":{"sub":"1","id":"1","userName":"super admin","userGroup":"1","email":"superadmin@msense.in","hotelId":"4","brandId":"7","iat":1687260946,"exp":1687347346}}  
[2023-06-20 11:35:46] HotelChannelAction.INFO: ======= END HotelChannel Action (Single One) ================  
[2023-06-20 11:36:23] HotelChannelAction.INFO: ======= Start HotelChannel Action (Single One) ================  
[2023-06-20 11:36:23] HotelChannelAction.INFO: method : POST  
[2023-06-20 11:36:23] HotelChannelAction.INFO: contentType : application/json  
[2023-06-20 11:36:23] HotelChannelAction.INFO: Input Data : {"hotelid":"1","decoded":{"sub":"1","id":"1","userName":"super admin","userGroup":"1","email":"superadmin@msense.in","hotelId":"4","brandId":"7","iat":1687260983,"exp":1687347383}}  
[2023-06-20 11:36:23] HotelChannelAction.INFO: ======= END HotelChannel Action (Single One) ================  
[2023-06-20 11:38:05] HotelChannelAction.INFO: ======= Start HotelChannel Action (Single One) ================  
[2023-06-20 11:38:05] HotelChannelAction.INFO: method : POST  
[2023-06-20 11:38:05] HotelChannelAction.INFO: contentType : application/json  
[2023-06-20 11:38:05] HotelChannelAction.INFO: Input Data : {"hotelid":"1","decoded":{"sub":"1","id":"1","userName":"super admin","userGroup":"1","email":"superadmin@msense.in","hotelId":"4","brandId":"7","iat":1687261085,"exp":1687347485}}  
[2023-06-20 11:38:05] HotelChannelAction.INFO: ======= END HotelChannel Action (Single One) ================  
[2023-06-20 11:39:03] HotelChannelAction.INFO: ======= Start HotelChannel Action (Single One) ================  
[2023-06-20 11:39:03] HotelChannelAction.INFO: method : POST  
[2023-06-20 11:39:03] HotelChannelAction.INFO: contentType : application/json  
[2023-06-20 11:39:03] HotelChannelAction.INFO: Input Data : {"hotelid":"1","decoded":{"sub":"1","id":"1","userName":"super admin","userGroup":"1","email":"superadmin@msense.in","hotelId":"4","brandId":"7","iat":1687261143,"exp":1687347543}}  
[2023-06-20 11:39:03] HotelChannelAction.INFO: ======= END HotelChannel Action (Single One) ================  
[2023-06-20 11:54:46] HotelChannelAction.INFO: ======= Start HotelChannel Action (Single One) ================  
[2023-06-20 11:54:46] HotelChannelAction.INFO: method : POST  
[2023-06-20 11:54:46] HotelChannelAction.INFO: contentType : application/json  
[2023-06-20 11:54:46] HotelChannelAction.INFO: Input Data : {"hotelid":"1","decoded":{"sub":"1","id":"1","userName":"super admin","userGroup":"1","email":"superadmin@msense.in","hotelId":"4","brandId":"7","iat":1687262086,"exp":1687348486}}  
[2023-06-20 11:54:46] HotelChannelAction.INFO: ======= END HotelChannel Action (Single One) ================  
[2023-06-20 11:57:45] HotelChannelAction.INFO: ======= Start HotelChannel Action (Single One) ================  
[2023-06-20 11:57:45] HotelChannelAction.INFO: method : POST  
[2023-06-20 11:57:45] HotelChannelAction.INFO: contentType : application/json  
[2023-06-20 11:57:45] HotelChannelAction.INFO: Input Data : {"hotelid":"1","decoded":{"sub":"1","id":"1","userName":"super admin","userGroup":"1","email":"superadmin@msense.in","hotelId":"4","brandId":"7","iat":1687262265,"exp":1687348665}}  
[2023-06-20 11:57:45] HotelChannelAction.INFO: ======= END HotelChannel Action (Single One) ================  
[2023-06-20 11:58:29] HotelChannelAction.INFO: ======= Start HotelChannel Action (Single One) ================  
[2023-06-20 11:58:29] HotelChannelAction.INFO: method : POST  
[2023-06-20 11:58:29] HotelChannelAction.INFO: contentType : application/json  
[2023-06-20 11:58:29] HotelChannelAction.INFO: Input Data : {"hotelid":"1","decoded":{"sub":"1","id":"1","userName":"super admin","userGroup":"1","email":"superadmin@msense.in","hotelId":"4","brandId":"7","iat":1687262309,"exp":1687348709}}  
[2023-06-20 11:58:29] HotelChannelAction.INFO: ======= END HotelChannel Action (Single One) ================  
[2023-06-20 11:59:14] HotelChannelAction.INFO: ======= Start HotelChannel Action (Single One) ================  
[2023-06-20 11:59:14] HotelChannelAction.INFO: method : POST  
[2023-06-20 11:59:14] HotelChannelAction.INFO: contentType : application/json  
[2023-06-20 11:59:14] HotelChannelAction.INFO: Input Data : {"hotelid":"1","decoded":{"sub":"1","id":"1","userName":"super admin","userGroup":"1","email":"superadmin@msense.in","hotelId":"4","brandId":"7","iat":1687262354,"exp":1687348754}}  
[2023-06-20 11:59:14] HotelChannelAction.INFO: ======= END HotelChannel Action (Single One) ================  
[2023-06-20 12:00:22] HotelChannelAction.INFO: ======= Start HotelChannel Action (Single One) ================  
[2023-06-20 12:00:22] HotelChannelAction.INFO: method : POST  
[2023-06-20 12:00:22] HotelChannelAction.INFO: contentType : application/json  
[2023-06-20 12:00:22] HotelChannelAction.INFO: Input Data : {"hotelid":"1","decoded":{"sub":"1","id":"1","userName":"super admin","userGroup":"1","email":"superadmin@msense.in","hotelId":"4","brandId":"7","iat":1687262422,"exp":1687348822}}  
[2023-06-20 12:00:22] HotelChannelAction.INFO: ======= END HotelChannel Action (Single One) ================  
[2023-06-20 12:00:47] HotelChannelAction.INFO: ======= Start HotelChannel Action (Single One) ================  
[2023-06-20 12:00:47] HotelChannelAction.INFO: method : POST  
[2023-06-20 12:00:47] HotelChannelAction.INFO: contentType : application/json  
[2023-06-20 12:00:47] HotelChannelAction.INFO: Input Data : {"hotelid":"1","decoded":{"sub":"1","id":"1","userName":"super admin","userGroup":"1","email":"superadmin@msense.in","hotelId":"4","brandId":"7","iat":1687262446,"exp":1687348846}}  
[2023-06-20 12:00:47] HotelChannelAction.INFO: ======= END HotelChannel Action (Single One) ================  
[2023-06-20 12:01:07] HotelChannelAction.INFO: ======= Start HotelChannel Action (Single One) ================  
[2023-06-20 12:01:07] HotelChannelAction.INFO: method : POST  
[2023-06-20 12:01:07] HotelChannelAction.INFO: contentType : application/json  
[2023-06-20 12:01:07] HotelChannelAction.INFO: Input Data : {"hotelid":"1","decoded":{"sub":"1","id":"1","userName":"super admin","userGroup":"1","email":"superadmin@msense.in","hotelId":"4","brandId":"7","iat":1687262467,"exp":1687348867}}  
[2023-06-20 12:01:07] HotelChannelAction.INFO: ======= END HotelChannel Action (Single One) ================  
[2023-06-20 12:05:33] HotelChannelAction.INFO: ======= Start HotelChannel Action (Single One) ================  
[2023-06-20 12:05:33] HotelChannelAction.INFO: method : POST  
[2023-06-20 12:05:33] HotelChannelAction.INFO: contentType : application/json  
[2023-06-20 12:05:33] HotelChannelAction.INFO: Input Data : {"hotelid":"1","decoded":{"sub":"1","id":"1","userName":"super admin","userGroup":"1","email":"superadmin@msense.in","hotelId":"4","brandId":"7","iat":1687262733,"exp":1687349133}}  
[2023-06-20 12:05:33] HotelChannelAction.INFO: ======= END HotelChannel Action (Single One) ================  
[2023-06-20 12:06:27] HotelChannelAction.INFO: ======= Start HotelChannel Action (Single One) ================  
[2023-06-20 12:06:27] HotelChannelAction.INFO: method : POST  
[2023-06-20 12:06:27] HotelChannelAction.INFO: contentType : application/json  
[2023-06-20 12:06:27] HotelChannelAction.INFO: Input Data : {"hotelid":"1","decoded":{"sub":"1","id":"1","userName":"super admin","userGroup":"1","email":"superadmin@msense.in","hotelId":"4","brandId":"7","iat":1687262787,"exp":1687349187}}  
[2023-06-20 12:06:27] HotelChannelAction.INFO: ======= END HotelChannel Action (Single One) ================  
[2023-06-20 12:13:20] HotelChannelAction.INFO: ======= Start HotelChannel Action (Single One) ================  
[2023-06-20 12:13:20] HotelChannelAction.INFO: method : POST  
[2023-06-20 12:13:20] HotelChannelAction.INFO: contentType : application/json  
[2023-06-20 12:13:20] HotelChannelAction.INFO: Input Data : {"hotelid":"1","decoded":{"sub":"1","id":"1","userName":"super admin","userGroup":"1","email":"superadmin@msense.in","hotelId":"4","brandId":"7","iat":1687263200,"exp":1687349600}}  
[2023-06-20 12:13:20] HotelChannelAction.INFO: ======= END HotelChannel Action (Single One) ================  
[2023-06-20 12:13:29] HotelChannelAction.INFO: ======= Start HotelChannel Action (Single One) ================  
[2023-06-20 12:13:29] HotelChannelAction.INFO: method : POST  
[2023-06-20 12:13:29] HotelChannelAction.INFO: contentType : application/json  
[2023-06-20 12:13:29] HotelChannelAction.INFO: Input Data : {"hotelid":"1","decoded":{"sub":"1","id":"1","userName":"super admin","userGroup":"1","email":"superadmin@msense.in","hotelId":"4","brandId":"7","iat":1687263209,"exp":1687349609}}  
[2023-06-20 12:13:29] HotelChannelAction.INFO: ======= END HotelChannel Action (Single One) ================  
[2023-06-20 12:13:40] HotelChannelAction.INFO: ======= Start HotelChannel Action (Single One) ================  
[2023-06-20 12:13:40] HotelChannelAction.INFO: method : POST  
[2023-06-20 12:13:40] HotelChannelAction.INFO: contentType : application/json  
[2023-06-20 12:13:40] HotelChannelAction.INFO: Input Data : {"hotelid":"1","decoded":{"sub":"1","id":"1","userName":"super admin","userGroup":"1","email":"superadmin@msense.in","hotelId":"4","brandId":"7","iat":1687263220,"exp":1687349620}}  
[2023-06-20 12:13:40] HotelChannelAction.INFO: ======= END HotelChannel Action (Single One) ================  
[2023-06-20 12:20:51] HotelChannelAction.INFO: ======= Start HotelChannel Action (Single One) ================  
[2023-06-20 12:20:51] HotelChannelAction.INFO: method : POST  
[2023-06-20 12:20:51] HotelChannelAction.INFO: contentType : application/json  
[2023-06-20 12:20:51] HotelChannelAction.INFO: Input Data : {"hotelid":"1","decoded":{"sub":"1","id":"1","userName":"super admin","userGroup":"1","email":"superadmin@msense.in","hotelId":"4","brandId":"7","iat":1687263651,"exp":1687350051}}  
[2023-06-20 12:20:51] HotelChannelAction.INFO: ======= END HotelChannel Action (Single One) ================  
[2023-06-20 12:21:38] HotelChannelAction.INFO: ======= Start HotelChannel Action (Single One) ================  
[2023-06-20 12:21:38] HotelChannelAction.INFO: method : POST  
[2023-06-20 12:21:38] HotelChannelAction.INFO: contentType : application/json  
[2023-06-20 12:21:38] HotelChannelAction.INFO: Input Data : {"hotelid":"1","decoded":{"sub":"1","id":"1","userName":"super admin","userGroup":"1","email":"superadmin@msense.in","hotelId":"4","brandId":"7","iat":1687263698,"exp":1687350098}}  
[2023-06-20 12:21:38] HotelChannelAction.INFO: ======= END HotelChannel Action (Single One) ================  
[2023-06-20 12:32:17] HotelChannelAction.INFO: ======= Start HotelChannel Action (Single One) ================  
[2023-06-20 12:32:17] HotelChannelAction.INFO: method : POST  
[2023-06-20 12:32:17] HotelChannelAction.INFO: contentType : application/json  
[2023-06-20 12:32:17] HotelChannelAction.INFO: Input Data : {"hotelid":"1","decoded":{"sub":"1","id":"1","userName":"super admin","userGroup":"1","email":"superadmin@msense.in","hotelId":"4","brandId":"7","iat":1687264337,"exp":1687350737}}  
[2023-06-20 12:32:17] HotelChannelAction.INFO: ======= END HotelChannel Action (Single One) ================  
[2023-06-20 12:32:19] HotelChannelAction.INFO: ======= Start HotelChannel Action (Single One) ================  
[2023-06-20 12:32:19] HotelChannelAction.INFO: method : POST  
[2023-06-20 12:32:19] HotelChannelAction.INFO: contentType : application/json  
[2023-06-20 12:32:19] HotelChannelAction.INFO: Input Data : {"hotelid":"1","decoded":{"sub":"1","id":"1","userName":"super admin","userGroup":"1","email":"superadmin@msense.in","hotelId":"4","brandId":"7","iat":1687264339,"exp":1687350739}}  
[2023-06-20 12:32:19] HotelChannelAction.INFO: ======= END HotelChannel Action (Single One) ================  
[2023-06-20 12:41:38] HotelChannelAction.INFO: ======= Start HotelChannel Action (Single One) ================  
[2023-06-20 12:41:38] HotelChannelAction.INFO: method : POST  
[2023-06-20 12:41:38] HotelChannelAction.INFO: contentType : application/json  
[2023-06-20 12:41:38] HotelChannelAction.INFO: Input Data : {"hotelid":"1","decoded":{"sub":"1","id":"1","userName":"super admin","userGroup":"1","email":"superadmin@msense.in","hotelId":"4","brandId":"7","iat":1687264898,"exp":1687351298}}  
[2023-06-20 12:41:38] HotelChannelAction.INFO: ======= END HotelChannel Action (Single One) ================  
[2023-06-20 12:50:22] HotelChannelAction.INFO: ======= Start HotelChannel Action (Single One) ================  
[2023-06-20 12:50:22] HotelChannelAction.INFO: method : POST  
[2023-06-20 12:50:22] HotelChannelAction.INFO: contentType : application/json  
[2023-06-20 12:50:22] HotelChannelAction.INFO: Input Data : {"hotelid":"1","decoded":{"sub":"1","id":"1","userName":"super admin","userGroup":"1","email":"superadmin@msense.in","hotelId":"4","brandId":"7","iat":1687265422,"exp":1687351822}}  
[2023-06-20 12:50:22] HotelChannelAction.INFO: ======= END HotelChannel Action (Single One) ================  
[2023-06-20 12:56:55] HotelChannelAction.INFO: ======= Start HotelChannel Action (Single One) ================  
[2023-06-20 12:56:55] HotelChannelAction.INFO: method : POST  
[2023-06-20 12:56:55] HotelChannelAction.INFO: contentType : application/json  
[2023-06-20 12:56:55] HotelChannelAction.INFO: Input Data : {"hotelid":"1","decoded":{"sub":"1","id":"1","userName":"super admin","userGroup":"1","email":"superadmin@msense.in","hotelId":"4","brandId":"7","iat":1687265815,"exp":1687352215}}  
[2023-06-20 12:56:55] HotelChannelAction.INFO: ======= END HotelChannel Action (Single One) ================  
[2023-06-20 13:19:38] HotelChannelAction.INFO: ======= Start HotelChannel Action (Single One) ================  
[2023-06-20 13:19:38] HotelChannelAction.INFO: method : POST  
[2023-06-20 13:19:38] HotelChannelAction.INFO: contentType : application/json  
[2023-06-20 13:19:38] HotelChannelAction.INFO: Input Data : {"hotelid":"1","decoded":{"sub":"1","id":"1","userName":"super admin","userGroup":"1","email":"superadmin@msense.in","hotelId":"4","brandId":"7","iat":1687267178,"exp":1687353578}}  
[2023-06-20 13:19:38] HotelChannelAction.INFO: ======= END HotelChannel Action (Single One) ================  
[2023-06-20 13:20:05] HotelChannelAction.INFO: ======= Start HotelChannel Action (Single One) ================  
[2023-06-20 13:20:05] HotelChannelAction.INFO: method : POST  
[2023-06-20 13:20:05] HotelChannelAction.INFO: contentType : application/json  
[2023-06-20 13:20:05] HotelChannelAction.INFO: Input Data : {"hotelid":"1","decoded":{"sub":"1","id":"1","userName":"super admin","userGroup":"1","email":"superadmin@msense.in","hotelId":"4","brandId":"7","iat":1687267205,"exp":1687353605}}  
[2023-06-20 13:20:05] HotelChannelAction.INFO: ======= END HotelChannel Action (Single One) ================  
[2023-06-20 13:24:27] HotelChannelAction.INFO: ======= Start HotelChannel Action (Single One) ================  
[2023-06-20 13:24:27] HotelChannelAction.INFO: method : POST  
[2023-06-20 13:24:27] HotelChannelAction.INFO: contentType : application/json  
[2023-06-20 13:24:27] HotelChannelAction.INFO: Input Data : {"hotelid":"1","decoded":{"sub":"1","id":"1","userName":"super admin","userGroup":"1","email":"superadmin@msense.in","hotelId":"4","brandId":"7","iat":1687267467,"exp":1687353867}}  
[2023-06-20 13:24:27] HotelChannelAction.INFO: ======= END HotelChannel Action (Single One) ================  
[2023-06-20 13:29:37] HotelChannelAction.INFO: ======= Start HotelChannel Action (Single One) ================  
[2023-06-20 13:29:37] HotelChannelAction.INFO: method : POST  
[2023-06-20 13:29:37] HotelChannelAction.INFO: contentType : application/json  
[2023-06-20 13:29:37] HotelChannelAction.INFO: Input Data : {"hotelid":"1","decoded":{"sub":"1","id":"1","userName":"super admin","userGroup":"1","email":"superadmin@msense.in","hotelId":"4","brandId":"7","iat":1687267777,"exp":1687354177}}  
[2023-06-20 13:29:37] HotelChannelAction.INFO: ======= END HotelChannel Action (Single One) ================  
[2023-06-20 13:31:39] HotelChannelAction.INFO: ======= Start HotelChannel Action (Single One) ================  
[2023-06-20 13:31:39] HotelChannelAction.INFO: method : POST  
[2023-06-20 13:31:39] HotelChannelAction.INFO: contentType : application/json  
[2023-06-20 13:31:39] HotelChannelAction.INFO: Input Data : {"hotelid":"1","decoded":{"sub":"1","id":"1","userName":"super admin","userGroup":"1","email":"superadmin@msense.in","hotelId":"4","brandId":"7","iat":1687267899,"exp":1687354299}}  
[2023-06-20 13:31:39] HotelChannelAction.INFO: ======= END HotelChannel Action (Single One) ================  
[2023-06-20 13:31:47] HotelChannelAction.INFO: ======= Start HotelChannel Action (Single One) ================  
[2023-06-20 13:31:47] HotelChannelAction.INFO: method : POST  
[2023-06-20 13:31:47] HotelChannelAction.INFO: contentType : application/json  
[2023-06-20 13:31:47] HotelChannelAction.INFO: Input Data : {"hotelid":"1","decoded":{"sub":"1","id":"1","userName":"super admin","userGroup":"1","email":"superadmin@msense.in","hotelId":"4","brandId":"7","iat":1687267907,"exp":1687354307}}  
[2023-06-20 13:31:47] HotelChannelAction.INFO: ======= END HotelChannel Action (Single One) ================  
[2023-06-20 13:32:03] HotelChannelAction.INFO: ======= Start HotelChannel Action (Single One) ================  
[2023-06-20 13:32:03] HotelChannelAction.INFO: method : POST  
[2023-06-20 13:32:03] HotelChannelAction.INFO: contentType : application/json  
[2023-06-20 13:32:03] HotelChannelAction.INFO: Input Data : {"hotelid":"1","decoded":{"sub":"1","id":"1","userName":"super admin","userGroup":"1","email":"superadmin@msense.in","hotelId":"4","brandId":"7","iat":1687267923,"exp":1687354323}}  
[2023-06-20 13:32:03] HotelChannelAction.INFO: ======= END HotelChannel Action (Single One) ================  
[2023-06-20 13:32:07] HotelChannelAction.INFO: ======= Start HotelChannel Action (Single One) ================  
[2023-06-20 13:32:07] HotelChannelAction.INFO: method : POST  
[2023-06-20 13:32:07] HotelChannelAction.INFO: contentType : application/json  
[2023-06-20 13:32:07] HotelChannelAction.INFO: Input Data : {"hotelid":"1","decoded":{"sub":"1","id":"1","userName":"super admin","userGroup":"1","email":"superadmin@msense.in","hotelId":"4","brandId":"7","iat":1687267927,"exp":1687354327}}  
[2023-06-20 13:32:07] HotelChannelAction.INFO: ======= END HotelChannel Action (Single One) ================  
