[2023-06-20 04:29:48] HotelAction.INFO: ======= Start Hotel Action (List) ================  
[2023-06-20 04:29:48] HotelAction.INFO: method : POST  
[2023-06-20 04:29:48] HotelAction.INFO: contentType : application/json  
[2023-06-20 04:29:48] HotelAction.INFO: Input Data : {"decoded":{"sub":"1","id":"1","userName":"super admin","userGroup":"1","email":"superadmin@msense.in","hotelId":"4","brandId":"7","iat":1687235351,"exp":1687321751}}  
[2023-06-20 04:29:48] HotelAction.INFO: ======= END Hotel Action (List) ================  
[2023-06-20 04:29:50] HotelAction.INFO: ======= Start Hotel Action (List) ================  
[2023-06-20 04:29:50] HotelAction.INFO: method : POST  
[2023-06-20 04:29:50] HotelAction.INFO: contentType : application/json  
[2023-06-20 04:29:50] HotelAction.INFO: Input Data : {"decoded":{"sub":"1","id":"1","userName":"super admin","userGroup":"1","email":"superadmin@msense.in","hotelId":"4","brandId":"7","iat":1687235351,"exp":1687321751}}  
[2023-06-20 04:29:50] HotelAction.INFO: ======= END Hotel Action (List) ================  
[2023-06-20 04:29:57] HotelAction.INFO: ======= Start Hotel Action (List) ================  
[2023-06-20 04:29:57] HotelAction.INFO: method : POST  
[2023-06-20 04:29:57] HotelAction.INFO: contentType : application/json  
[2023-06-20 04:29:57] HotelAction.INFO: Input Data : {"decoded":{"sub":"1","id":"1","userName":"super admin","userGroup":"1","email":"superadmin@msense.in","hotelId":"4","brandId":"7","iat":1687235351,"exp":1687321751}}  
[2023-06-20 04:29:57] HotelAction.INFO: ======= END Hotel Action (List) ================  
[2023-06-20 04:54:09] HotelAction.INFO: ======= Start Hotel Action (List) ================  
[2023-06-20 04:54:09] HotelAction.INFO: method : POST  
[2023-06-20 04:54:09] HotelAction.INFO: contentType : application/json  
[2023-06-20 04:54:09] HotelAction.INFO: Input Data : {"decoded":{"sub":"1","id":"1","userName":"super admin","userGroup":"1","email":"superadmin@msense.in","hotelId":"4","brandId":"7","iat":1687235351,"exp":1687321751}}  
[2023-06-20 04:54:09] HotelAction.INFO: ======= END Hotel Action (List) ================  
[2023-06-20 04:54:11] HotelAction.INFO: ======= Start Hotel Action (List) ================  
[2023-06-20 04:54:11] HotelAction.INFO: method : POST  
[2023-06-20 04:54:11] HotelAction.INFO: contentType : application/json  
[2023-06-20 04:54:11] HotelAction.INFO: Input Data : {"decoded":{"sub":"1","id":"1","userName":"super admin","userGroup":"1","email":"superadmin@msense.in","hotelId":"4","brandId":"7","iat":1687235351,"exp":1687321751}}  
[2023-06-20 04:54:11] HotelAction.INFO: ======= END Hotel Action (List) ================  
[2023-06-20 04:56:00] HotelAction.INFO: ======= Start Hotel Action (List) ================  
[2023-06-20 04:56:00] HotelAction.INFO: method : POST  
[2023-06-20 04:56:00] HotelAction.INFO: contentType : application/json  
[2023-06-20 04:56:00] HotelAction.INFO: Input Data : {"decoded":{"sub":"1","id":"1","userName":"super admin","userGroup":"1","email":"superadmin@msense.in","hotelId":"4","brandId":"7","iat":1687235351,"exp":1687321751}}  
[2023-06-20 04:56:00] HotelAction.INFO: ======= END Hotel Action (List) ================  
[2023-06-20 04:56:49] HotelAction.INFO: ======= Start Hotel Action (List) ================  
[2023-06-20 04:56:49] HotelAction.INFO: method : POST  
[2023-06-20 04:56:49] HotelAction.INFO: contentType : application/json  
[2023-06-20 04:56:49] HotelAction.INFO: Input Data : {"decoded":{"sub":"1","id":"1","userName":"super admin","userGroup":"1","email":"superadmin@msense.in","hotelId":"4","brandId":"7","iat":1687235351,"exp":1687321751}}  
[2023-06-20 04:56:49] HotelAction.INFO: ======= END Hotel Action (List) ================  
[2023-06-20 04:57:33] HotelAction.INFO: ======= Start Hotel Action (List) ================  
[2023-06-20 04:57:33] HotelAction.INFO: method : POST  
[2023-06-20 04:57:33] HotelAction.INFO: contentType : application/json  
[2023-06-20 04:57:33] HotelAction.INFO: Input Data : {"decoded":{"sub":"1","id":"1","userName":"super admin","userGroup":"1","email":"superadmin@msense.in","hotelId":"4","brandId":"7","iat":1687235351,"exp":1687321751}}  
[2023-06-20 04:57:33] HotelAction.INFO: ======= END Hotel Action (List) ================  
[2023-06-20 04:58:01] HotelAction.INFO: ======= Start Hotel Action (List) ================  
[2023-06-20 04:58:01] HotelAction.INFO: method : POST  
[2023-06-20 04:58:01] HotelAction.INFO: contentType : application/json  
[2023-06-20 04:58:01] HotelAction.INFO: Input Data : {"decoded":{"sub":"1","id":"1","userName":"super admin","userGroup":"1","email":"superadmin@msense.in","hotelId":"4","brandId":"7","iat":1687235351,"exp":1687321751}}  
[2023-06-20 04:58:01] HotelAction.INFO: ======= END Hotel Action (List) ================  
[2023-06-20 04:58:16] HotelAction.INFO: ======= Start Hotel Action (List) ================  
[2023-06-20 04:58:16] HotelAction.INFO: method : POST  
[2023-06-20 04:58:16] HotelAction.INFO: contentType : application/json  
[2023-06-20 04:58:16] HotelAction.INFO: Input Data : {"decoded":{"sub":"1","id":"1","userName":"super admin","userGroup":"1","email":"superadmin@msense.in","hotelId":"4","brandId":"7","iat":1687235351,"exp":1687321751}}  
[2023-06-20 04:58:16] HotelAction.INFO: ======= END Hotel Action (List) ================  
[2023-06-20 04:58:20] HotelAction.INFO: ======= Start Hotel Action (List) ================  
[2023-06-20 04:58:20] HotelAction.INFO: method : POST  
[2023-06-20 04:58:20] HotelAction.INFO: contentType : application/json  
[2023-06-20 04:58:20] HotelAction.INFO: Input Data : {"decoded":{"sub":"1","id":"1","userName":"super admin","userGroup":"1","email":"superadmin@msense.in","hotelId":"4","brandId":"7","iat":1687235351,"exp":1687321751}}  
[2023-06-20 04:58:20] HotelAction.INFO: ======= END Hotel Action (List) ================  
[2023-06-20 04:58:34] HotelAction.INFO: ======= Start Hotel Action (List) ================  
[2023-06-20 04:58:34] HotelAction.INFO: method : POST  
[2023-06-20 04:58:34] HotelAction.INFO: contentType : application/json  
[2023-06-20 04:58:34] HotelAction.INFO: Input Data : {"decoded":{"sub":"1","id":"1","userName":"super admin","userGroup":"1","email":"superadmin@msense.in","hotelId":"4","brandId":"7","iat":1687235351,"exp":1687321751}}  
[2023-06-20 04:58:34] HotelAction.INFO: ======= END Hotel Action (List) ================  
[2023-06-20 04:58:37] HotelAction.INFO: ======= Start Hotel Action (List) ================  
[2023-06-20 04:58:37] HotelAction.INFO: method : POST  
[2023-06-20 04:58:37] HotelAction.INFO: contentType : application/json  
[2023-06-20 04:58:37] HotelAction.INFO: Input Data : {"decoded":{"sub":"1","id":"1","userName":"super admin","userGroup":"1","email":"superadmin@msense.in","hotelId":"4","brandId":"7","iat":1687235351,"exp":1687321751}}  
[2023-06-20 04:58:37] HotelAction.INFO: ======= END Hotel Action (List) ================  
[2023-06-20 04:59:18] HotelAction.INFO: ======= Start Hotel Action (List) ================  
[2023-06-20 04:59:18] HotelAction.INFO: method : POST  
[2023-06-20 04:59:18] HotelAction.INFO: contentType : application/json  
[2023-06-20 04:59:18] HotelAction.INFO: Input Data : {"decoded":{"sub":"1","id":"1","userName":"super admin","userGroup":"1","email":"superadmin@msense.in","hotelId":"4","brandId":"7","iat":1687235351,"exp":1687321751}}  
[2023-06-20 04:59:18] HotelAction.INFO: ======= END Hotel Action (List) ================  
[2023-06-20 04:59:33] HotelAction.INFO: ======= Start Hotel Action (List) ================  
[2023-06-20 04:59:33] HotelAction.INFO: method : POST  
[2023-06-20 04:59:33] HotelAction.INFO: contentType : application/json  
[2023-06-20 04:59:33] HotelAction.INFO: Input Data : {"decoded":{"sub":"1","id":"1","userName":"super admin","userGroup":"1","email":"superadmin@msense.in","hotelId":"4","brandId":"7","iat":1687235351,"exp":1687321751}}  
[2023-06-20 04:59:33] HotelAction.INFO: ======= END Hotel Action (List) ================  
[2023-06-20 04:59:42] HotelAction.INFO: ======= Start Hotel Action (List) ================  
[2023-06-20 04:59:42] HotelAction.INFO: method : POST  
[2023-06-20 04:59:42] HotelAction.INFO: contentType : application/json  
[2023-06-20 04:59:42] HotelAction.INFO: Input Data : {"decoded":{"sub":"1","id":"1","userName":"super admin","userGroup":"1","email":"superadmin@msense.in","hotelId":"4","brandId":"7","iat":1687235351,"exp":1687321751}}  
[2023-06-20 04:59:42] HotelAction.INFO: ======= END Hotel Action (List) ================  
[2023-06-20 04:59:49] HotelAction.INFO: ======= Start Hotel Action (List) ================  
[2023-06-20 04:59:49] HotelAction.INFO: method : POST  
[2023-06-20 04:59:49] HotelAction.INFO: contentType : application/json  
[2023-06-20 04:59:49] HotelAction.INFO: Input Data : {"decoded":{"sub":"1","id":"1","userName":"super admin","userGroup":"1","email":"superadmin@msense.in","hotelId":"4","brandId":"7","iat":1687235351,"exp":1687321751}}  
[2023-06-20 04:59:49] HotelAction.INFO: ======= END Hotel Action (List) ================  
[2023-06-20 04:59:51] HotelAction.INFO: ======= Start Hotel Action (List) ================  
[2023-06-20 04:59:51] HotelAction.INFO: method : POST  
[2023-06-20 04:59:51] HotelAction.INFO: contentType : application/json  
[2023-06-20 04:59:51] HotelAction.INFO: Input Data : {"decoded":{"sub":"1","id":"1","userName":"super admin","userGroup":"1","email":"superadmin@msense.in","hotelId":"4","brandId":"7","iat":1687235351,"exp":1687321751}}  
[2023-06-20 04:59:51] HotelAction.INFO: ======= END Hotel Action (List) ================  
[2023-06-20 05:00:25] HotelAction.INFO: ======= Start Hotel Action (List) ================  
[2023-06-20 05:00:25] HotelAction.INFO: method : POST  
[2023-06-20 05:00:25] HotelAction.INFO: contentType : application/json  
[2023-06-20 05:00:25] HotelAction.INFO: Input Data : {"decoded":{"sub":"1","id":"1","userName":"super admin","userGroup":"1","email":"superadmin@msense.in","hotelId":"4","brandId":"7","iat":1687235351,"exp":1687321751}}  
[2023-06-20 05:00:25] HotelAction.INFO: ======= END Hotel Action (List) ================  
[2023-06-20 05:00:27] HotelAction.INFO: ======= Start Hotel Action (List) ================  
[2023-06-20 05:00:27] HotelAction.INFO: method : POST  
[2023-06-20 05:00:27] HotelAction.INFO: contentType : application/json  
[2023-06-20 05:00:27] HotelAction.INFO: Input Data : {"decoded":{"sub":"1","id":"1","userName":"super admin","userGroup":"1","email":"superadmin@msense.in","hotelId":"4","brandId":"7","iat":1687235351,"exp":1687321751}}  
[2023-06-20 05:00:27] HotelAction.INFO: ======= END Hotel Action (List) ================  
[2023-06-20 05:00:30] HotelAction.INFO: ======= Start Hotel Action (List) ================  
[2023-06-20 05:00:30] HotelAction.INFO: method : POST  
[2023-06-20 05:00:30] HotelAction.INFO: contentType : application/json  
[2023-06-20 05:00:30] HotelAction.INFO: Input Data : {"decoded":{"sub":"1","id":"1","userName":"super admin","userGroup":"1","email":"superadmin@msense.in","hotelId":"4","brandId":"7","iat":1687235351,"exp":1687321751}}  
[2023-06-20 05:00:30] HotelAction.INFO: ======= END Hotel Action (List) ================  
[2023-06-20 05:00:32] HotelAction.INFO: ======= Start Hotel Action (List) ================  
[2023-06-20 05:00:32] HotelAction.INFO: method : POST  
[2023-06-20 05:00:32] HotelAction.INFO: contentType : application/json  
[2023-06-20 05:00:32] HotelAction.INFO: Input Data : {"decoded":{"sub":"1","id":"1","userName":"super admin","userGroup":"1","email":"superadmin@msense.in","hotelId":"4","brandId":"7","iat":1687235351,"exp":1687321751}}  
[2023-06-20 05:00:32] HotelAction.INFO: ======= END Hotel Action (List) ================  
[2023-06-20 05:00:34] HotelAction.INFO: ======= Start Hotel Action (List) ================  
[2023-06-20 05:00:34] HotelAction.INFO: method : POST  
[2023-06-20 05:00:34] HotelAction.INFO: contentType : application/json  
[2023-06-20 05:00:34] HotelAction.INFO: Input Data : {"decoded":{"sub":"1","id":"1","userName":"super admin","userGroup":"1","email":"superadmin@msense.in","hotelId":"4","brandId":"7","iat":1687235351,"exp":1687321751}}  
[2023-06-20 05:00:34] HotelAction.INFO: ======= END Hotel Action (List) ================  
[2023-06-20 05:01:03] HotelAction.INFO: ======= Start Hotel Action (List) ================  
[2023-06-20 05:01:03] HotelAction.INFO: method : POST  
[2023-06-20 05:01:03] HotelAction.INFO: contentType : application/json  
[2023-06-20 05:01:03] HotelAction.INFO: Input Data : {"decoded":{"sub":"1","id":"1","userName":"super admin","userGroup":"1","email":"superadmin@msense.in","hotelId":"4","brandId":"7","iat":1687235351,"exp":1687321751}}  
[2023-06-20 05:01:03] HotelAction.INFO: ======= END Hotel Action (List) ================  
[2023-06-20 05:01:06] HotelAction.INFO: ======= Start Hotel Action (List) ================  
[2023-06-20 05:01:06] HotelAction.INFO: method : POST  
[2023-06-20 05:01:06] HotelAction.INFO: contentType : application/json  
[2023-06-20 05:01:06] HotelAction.INFO: Input Data : {"decoded":{"sub":"1","id":"1","userName":"super admin","userGroup":"1","email":"superadmin@msense.in","hotelId":"4","brandId":"7","iat":1687235351,"exp":1687321751}}  
[2023-06-20 05:01:06] HotelAction.INFO: ======= END Hotel Action (List) ================  
[2023-06-20 05:01:31] HotelAction.INFO: ======= Start Hotel Action (List) ================  
[2023-06-20 05:01:31] HotelAction.INFO: method : POST  
[2023-06-20 05:01:31] HotelAction.INFO: contentType : application/json  
[2023-06-20 05:01:31] HotelAction.INFO: Input Data : {"decoded":{"sub":"1","id":"1","userName":"super admin","userGroup":"1","email":"superadmin@msense.in","hotelId":"4","brandId":"7","iat":1687235351,"exp":1687321751}}  
[2023-06-20 05:01:31] HotelAction.INFO: ======= END Hotel Action (List) ================  
[2023-06-20 05:01:44] HotelAction.INFO: ======= Start Hotel Action (List) ================  
[2023-06-20 05:01:44] HotelAction.INFO: method : POST  
[2023-06-20 05:01:44] HotelAction.INFO: contentType : application/json  
[2023-06-20 05:01:44] HotelAction.INFO: Input Data : {"decoded":{"sub":"1","id":"1","userName":"super admin","userGroup":"1","email":"superadmin@msense.in","hotelId":"4","brandId":"7","iat":1687235351,"exp":1687321751}}  
[2023-06-20 05:01:44] HotelAction.INFO: ======= END Hotel Action (List) ================  
[2023-06-20 05:02:24] HotelAction.INFO: ======= Start Hotel Action (List) ================  
[2023-06-20 05:02:24] HotelAction.INFO: method : POST  
[2023-06-20 05:02:24] HotelAction.INFO: contentType : application/json  
[2023-06-20 05:02:24] HotelAction.INFO: Input Data : {"decoded":{"sub":"1","id":"1","userName":"super admin","userGroup":"1","email":"superadmin@msense.in","hotelId":"4","brandId":"7","iat":1687235351,"exp":1687321751}}  
[2023-06-20 05:02:24] HotelAction.INFO: ======= END Hotel Action (List) ================  
[2023-06-20 05:02:28] HotelAction.INFO: ======= Start Hotel Action (List) ================  
[2023-06-20 05:02:28] HotelAction.INFO: method : POST  
[2023-06-20 05:02:28] HotelAction.INFO: contentType : application/json  
[2023-06-20 05:02:28] HotelAction.INFO: Input Data : {"decoded":{"sub":"1","id":"1","userName":"super admin","userGroup":"1","email":"superadmin@msense.in","hotelId":"4","brandId":"7","iat":1687235351,"exp":1687321751}}  
[2023-06-20 05:02:28] HotelAction.INFO: ======= END Hotel Action (List) ================  
[2023-06-20 05:02:43] HotelAction.INFO: ======= Start Hotel Action (List) ================  
[2023-06-20 05:02:43] HotelAction.INFO: method : POST  
[2023-06-20 05:02:43] HotelAction.INFO: contentType : application/json  
[2023-06-20 05:02:43] HotelAction.INFO: Input Data : {"decoded":{"sub":"1","id":"1","userName":"super admin","userGroup":"1","email":"superadmin@msense.in","hotelId":"4","brandId":"7","iat":1687235351,"exp":1687321751}}  
[2023-06-20 05:02:43] HotelAction.INFO: ======= END Hotel Action (List) ================  
[2023-06-20 05:02:49] HotelAction.INFO: ======= Start Hotel Action (List) ================  
[2023-06-20 05:02:49] HotelAction.INFO: method : POST  
[2023-06-20 05:02:49] HotelAction.INFO: contentType : application/json  
[2023-06-20 05:02:49] HotelAction.INFO: Input Data : {"decoded":{"sub":"1","id":"1","userName":"super admin","userGroup":"1","email":"superadmin@msense.in","hotelId":"4","brandId":"7","iat":1687235351,"exp":1687321751}}  
[2023-06-20 05:02:49] HotelAction.INFO: ======= END Hotel Action (List) ================  
[2023-06-20 05:02:52] HotelAction.INFO: ======= Start Hotel Action (List) ================  
[2023-06-20 05:02:52] HotelAction.INFO: method : POST  
[2023-06-20 05:02:52] HotelAction.INFO: contentType : application/json  
[2023-06-20 05:02:52] HotelAction.INFO: Input Data : {"decoded":{"sub":"1","id":"1","userName":"super admin","userGroup":"1","email":"superadmin@msense.in","hotelId":"4","brandId":"7","iat":1687235351,"exp":1687321751}}  
[2023-06-20 05:02:52] HotelAction.INFO: ======= END Hotel Action (List) ================  
[2023-06-20 05:04:13] HotelAction.INFO: ======= Start Hotel Action (List) ================  
[2023-06-20 05:04:13] HotelAction.INFO: method : POST  
[2023-06-20 05:04:13] HotelAction.INFO: contentType : application/json  
[2023-06-20 05:04:13] HotelAction.INFO: Input Data : {"decoded":{"sub":"1","id":"1","userName":"super admin","userGroup":"1","email":"superadmin@msense.in","hotelId":"4","brandId":"7","iat":1687235351,"exp":1687321751}}  
[2023-06-20 05:04:13] HotelAction.INFO: ======= END Hotel Action (List) ================  
[2023-06-20 05:07:51] HotelAction.INFO: ======= Start Hotel Action (List) ================  
[2023-06-20 05:07:51] HotelAction.INFO: method : POST  
[2023-06-20 05:07:51] HotelAction.INFO: contentType : application/json  
[2023-06-20 05:07:51] HotelAction.INFO: Input Data : {"decoded":{"sub":"1","id":"1","userName":"super admin","userGroup":"1","email":"superadmin@msense.in","hotelId":"4","brandId":"7","iat":1687235351,"exp":1687321751}}  
[2023-06-20 05:07:51] HotelAction.INFO: ======= END Hotel Action (List) ================  
[2023-06-20 05:07:53] HotelAction.INFO: ======= Start Hotel Action (List) ================  
[2023-06-20 05:07:53] HotelAction.INFO: method : POST  
[2023-06-20 05:07:53] HotelAction.INFO: contentType : application/json  
[2023-06-20 05:07:53] HotelAction.INFO: Input Data : {"decoded":{"sub":"1","id":"1","userName":"super admin","userGroup":"1","email":"superadmin@msense.in","hotelId":"4","brandId":"7","iat":1687235351,"exp":1687321751}}  
[2023-06-20 05:07:53] HotelAction.INFO: ======= END Hotel Action (List) ================  
[2023-06-20 05:08:01] HotelAction.INFO: ======= Start Hotel Action (List) ================  
[2023-06-20 05:08:01] HotelAction.INFO: method : POST  
[2023-06-20 05:08:01] HotelAction.INFO: contentType : application/json  
[2023-06-20 05:08:01] HotelAction.INFO: Input Data : {"decoded":{"sub":"1","id":"1","userName":"super admin","userGroup":"1","email":"superadmin@msense.in","hotelId":"4","brandId":"7","iat":1687235351,"exp":1687321751}}  
[2023-06-20 05:08:01] HotelAction.INFO: ======= END Hotel Action (List) ================  
[2023-06-20 05:08:27] HotelAction.INFO: ======= Start Hotel Action (List) ================  
[2023-06-20 05:08:27] HotelAction.INFO: method : POST  
[2023-06-20 05:08:27] HotelAction.INFO: contentType : application/json  
[2023-06-20 05:08:27] HotelAction.INFO: Input Data : {"decoded":{"sub":"1","id":"1","userName":"super admin","userGroup":"1","email":"superadmin@msense.in","hotelId":"4","brandId":"7","iat":1687235351,"exp":1687321751}}  
[2023-06-20 05:08:27] HotelAction.INFO: ======= END Hotel Action (List) ================  
[2023-06-20 05:08:29] HotelAction.INFO: ======= Start Hotel Action (List) ================  
[2023-06-20 05:08:29] HotelAction.INFO: method : POST  
[2023-06-20 05:08:29] HotelAction.INFO: contentType : application/json  
[2023-06-20 05:08:29] HotelAction.INFO: Input Data : {"decoded":{"sub":"1","id":"1","userName":"super admin","userGroup":"1","email":"superadmin@msense.in","hotelId":"4","brandId":"7","iat":1687235351,"exp":1687321751}}  
[2023-06-20 05:08:29] HotelAction.INFO: ======= END Hotel Action (List) ================  
[2023-06-20 05:08:39] HotelAction.INFO: ======= Start Hotel Action (List) ================  
[2023-06-20 05:08:39] HotelAction.INFO: method : POST  
[2023-06-20 05:08:39] HotelAction.INFO: contentType : application/json  
[2023-06-20 05:08:39] HotelAction.INFO: Input Data : {"decoded":{"sub":"1","id":"1","userName":"super admin","userGroup":"1","email":"superadmin@msense.in","hotelId":"4","brandId":"7","iat":1687235351,"exp":1687321751}}  
[2023-06-20 05:08:39] HotelAction.INFO: ======= END Hotel Action (List) ================  
[2023-06-20 05:09:28] HotelAction.INFO: ======= Start Hotel Action (List) ================  
[2023-06-20 05:09:28] HotelAction.INFO: method : POST  
[2023-06-20 05:09:28] HotelAction.INFO: contentType : application/json  
[2023-06-20 05:09:28] HotelAction.INFO: Input Data : {"decoded":{"sub":"1","id":"1","userName":"super admin","userGroup":"1","email":"superadmin@msense.in","hotelId":"4","brandId":"7","iat":1687235351,"exp":1687321751}}  
[2023-06-20 05:09:28] HotelAction.INFO: ======= END Hotel Action (List) ================  
[2023-06-20 05:09:30] HotelAction.INFO: ======= Start Hotel Action (List) ================  
[2023-06-20 05:09:30] HotelAction.INFO: method : POST  
[2023-06-20 05:09:30] HotelAction.INFO: contentType : application/json  
[2023-06-20 05:09:30] HotelAction.INFO: Input Data : {"decoded":{"sub":"1","id":"1","userName":"super admin","userGroup":"1","email":"superadmin@msense.in","hotelId":"4","brandId":"7","iat":1687235351,"exp":1687321751}}  
[2023-06-20 05:09:30] HotelAction.INFO: ======= END Hotel Action (List) ================  
[2023-06-20 05:09:33] HotelAction.INFO: ======= Start Hotel Action (List) ================  
[2023-06-20 05:09:33] HotelAction.INFO: method : POST  
[2023-06-20 05:09:33] HotelAction.INFO: contentType : application/json  
[2023-06-20 05:09:33] HotelAction.INFO: Input Data : {"decoded":{"sub":"1","id":"1","userName":"super admin","userGroup":"1","email":"superadmin@msense.in","hotelId":"4","brandId":"7","iat":1687235351,"exp":1687321751}}  
[2023-06-20 05:09:33] HotelAction.INFO: ======= END Hotel Action (List) ================  
[2023-06-20 05:09:49] HotelAction.INFO: ======= Start Hotel Action (List) ================  
[2023-06-20 05:09:49] HotelAction.INFO: method : POST  
[2023-06-20 05:09:49] HotelAction.INFO: contentType : application/json  
[2023-06-20 05:09:49] HotelAction.INFO: Input Data : {"decoded":{"sub":"1","id":"1","userName":"super admin","userGroup":"1","email":"superadmin@msense.in","hotelId":"4","brandId":"7","iat":1687235351,"exp":1687321751}}  
[2023-06-20 05:09:49] HotelAction.INFO: ======= END Hotel Action (List) ================  
[2023-06-20 05:09:51] HotelAction.INFO: ======= Start Hotel Action (List) ================  
[2023-06-20 05:09:51] HotelAction.INFO: method : POST  
[2023-06-20 05:09:51] HotelAction.INFO: contentType : application/json  
[2023-06-20 05:09:51] HotelAction.INFO: Input Data : {"decoded":{"sub":"1","id":"1","userName":"super admin","userGroup":"1","email":"superadmin@msense.in","hotelId":"4","brandId":"7","iat":1687235351,"exp":1687321751}}  
[2023-06-20 05:09:51] HotelAction.INFO: ======= END Hotel Action (List) ================  
[2023-06-20 05:10:38] HotelAction.INFO: ======= Start Hotel Action (List) ================  
[2023-06-20 05:10:38] HotelAction.INFO: method : POST  
[2023-06-20 05:10:38] HotelAction.INFO: contentType : application/json  
[2023-06-20 05:10:38] HotelAction.INFO: Input Data : {"decoded":{"sub":"1","id":"1","userName":"super admin","userGroup":"1","email":"superadmin@msense.in","hotelId":"4","brandId":"7","iat":1687235351,"exp":1687321751}}  
[2023-06-20 05:10:38] HotelAction.INFO: ======= END Hotel Action (List) ================  
[2023-06-20 05:10:40] HotelAction.INFO: ======= Start Hotel Action (List) ================  
[2023-06-20 05:10:40] HotelAction.INFO: method : POST  
[2023-06-20 05:10:40] HotelAction.INFO: contentType : application/json  
[2023-06-20 05:10:40] HotelAction.INFO: Input Data : {"decoded":{"sub":"1","id":"1","userName":"super admin","userGroup":"1","email":"superadmin@msense.in","hotelId":"4","brandId":"7","iat":1687235351,"exp":1687321751}}  
[2023-06-20 05:10:40] HotelAction.INFO: ======= END Hotel Action (List) ================  
[2023-06-20 05:10:41] HotelAction.INFO: ======= Start Hotel Action (List) ================  
[2023-06-20 05:10:41] HotelAction.INFO: method : POST  
[2023-06-20 05:10:41] HotelAction.INFO: contentType : application/json  
[2023-06-20 05:10:41] HotelAction.INFO: Input Data : {"decoded":{"sub":"1","id":"1","userName":"super admin","userGroup":"1","email":"superadmin@msense.in","hotelId":"4","brandId":"7","iat":1687235351,"exp":1687321751}}  
[2023-06-20 05:10:41] HotelAction.INFO: ======= END Hotel Action (List) ================  
[2023-06-20 05:10:43] HotelAction.INFO: ======= Start Hotel Action (List) ================  
[2023-06-20 05:10:43] HotelAction.INFO: method : POST  
[2023-06-20 05:10:43] HotelAction.INFO: contentType : application/json  
[2023-06-20 05:10:43] HotelAction.INFO: Input Data : {"decoded":{"sub":"1","id":"1","userName":"super admin","userGroup":"1","email":"superadmin@msense.in","hotelId":"4","brandId":"7","iat":1687235351,"exp":1687321751}}  
[2023-06-20 05:10:43] HotelAction.INFO: ======= END Hotel Action (List) ================  
[2023-06-20 05:10:53] HotelAction.INFO: ======= Start Hotel Action (List) ================  
[2023-06-20 05:10:53] HotelAction.INFO: method : POST  
[2023-06-20 05:10:53] HotelAction.INFO: contentType : application/json  
[2023-06-20 05:10:53] HotelAction.INFO: Input Data : {"decoded":{"sub":"1","id":"1","userName":"super admin","userGroup":"1","email":"superadmin@msense.in","hotelId":"4","brandId":"7","iat":1687235351,"exp":1687321751}}  
[2023-06-20 05:10:53] HotelAction.INFO: ======= END Hotel Action (List) ================  
[2023-06-20 05:11:29] HotelAction.INFO: ======= Start Hotel Action (List) ================  
[2023-06-20 05:11:29] HotelAction.INFO: method : POST  
[2023-06-20 05:11:29] HotelAction.INFO: contentType : application/json  
[2023-06-20 05:11:29] HotelAction.INFO: Input Data : {"decoded":{"sub":"1","id":"1","userName":"super admin","userGroup":"1","email":"superadmin@msense.in","hotelId":"4","brandId":"7","iat":1687237880,"exp":1687324280}}  
[2023-06-20 05:11:29] HotelAction.INFO: ======= END Hotel Action (List) ================  
