[2023-06-20 04:41:33] CategoryAction.INFO: ======= Start Category Action (Single One) ================  
[2023-06-20 04:41:33] CategoryAction.INFO: method : POST  
[2023-06-20 04:41:33] CategoryAction.INFO: contentType : application/json  
[2023-06-20 04:41:33] CategoryAction.INFO: Input Data : {"decoded":{"sub":"1","id":"1","userName":"super admin","userGroup":"1","email":"superadmin@msense.in","hotelId":"4","brandId":"7","iat":1687235351,"exp":1687321751}}  
[2023-06-20 04:41:33] CategoryAction.INFO: ======= END Channel Action (CREATE) ================  
[2023-06-20 05:04:15] CategoryAction.INFO: ======= Start Category Action (Single One) ================  
[2023-06-20 05:04:15] CategoryAction.INFO: method : POST  
[2023-06-20 05:04:15] CategoryAction.INFO: contentType : application/json  
[2023-06-20 05:04:15] CategoryAction.INFO: Input Data : {"decoded":{"sub":"1","id":"1","userName":"super admin","userGroup":"1","email":"superadmin@msense.in","hotelId":"4","brandId":"7","iat":1687235351,"exp":1687321751}}  
[2023-06-20 05:04:15] CategoryAction.INFO: ======= END Channel Action (CREATE) ================  
[2023-06-20 05:06:32] CategoryAction.INFO: ======= Start Category Action (Single One) ================  
[2023-06-20 05:06:32] CategoryAction.INFO: method : POST  
[2023-06-20 05:06:32] CategoryAction.INFO: contentType : application/json  
[2023-06-20 05:06:32] CategoryAction.INFO: Input Data : {"decoded":{"sub":"1","id":"1","userName":"super admin","userGroup":"1","email":"superadmin@msense.in","hotelId":"4","brandId":"7","iat":1687235351,"exp":1687321751}}  
[2023-06-20 05:06:32] CategoryAction.INFO: ======= END Channel Action (CREATE) ================  
[2023-06-20 05:07:49] CategoryAction.INFO: ======= Start Category Action (Single One) ================  
[2023-06-20 05:07:49] CategoryAction.INFO: method : POST  
[2023-06-20 05:07:49] CategoryAction.INFO: contentType : application/json  
[2023-06-20 05:07:49] CategoryAction.INFO: Input Data : {"decoded":{"sub":"1","id":"1","userName":"super admin","userGroup":"1","email":"superadmin@msense.in","hotelId":"4","brandId":"7","iat":1687235351,"exp":1687321751}}  
[2023-06-20 05:07:49] CategoryAction.INFO: ======= END Channel Action (CREATE) ================  
[2023-06-20 11:58:43] CategoryAction.INFO: ======= Start Category Action (Single One) ================  
[2023-06-20 11:58:43] CategoryAction.INFO: method : POST  
[2023-06-20 11:58:43] CategoryAction.INFO: contentType : application/json  
[2023-06-20 11:58:43] CategoryAction.INFO: Input Data : {"decoded":{"sub":"1","id":"1","userName":"super admin","userGroup":"1","email":"superadmin@msense.in","hotelId":"4","brandId":"7","iat":1687262321,"exp":1687348721}}  
[2023-06-20 11:58:43] CategoryAction.INFO: ======= END Channel Action (CREATE) ================  
