[2023-06-20 05:27:23] ChannelRepository.INFO: ======= Start Channel Repository ================  
[2023-06-20 05:27:23] ChannelRepository.INFO: ======= End Channel Repository ================  
[2023-06-20 05:27:25] ChannelRepository.INFO: ======= Start Channel Repository ================  
[2023-06-20 05:27:25] ChannelRepository.INFO: ======= End Channel Repository ================  
[2023-06-20 06:00:21] ChannelRepository.INFO: ======= Start Channel Repository ================  
[2023-06-20 06:00:21] ChannelRepository.INFO: ======= End Channel Repository ================  
[2023-06-20 06:02:49] ChannelRepository.INFO: ======= Start Channel Repository ================  
[2023-06-20 06:02:49] ChannelRepository.INFO: ======= End Channel Repository ================  
[2023-06-20 06:02:49] ChannelRepository.INFO: ======= Start Channel Repository ================  
[2023-06-20 06:02:49] ChannelRepository.INFO: ======= End Channel Repository ================  
[2023-06-20 09:59:37] ChannelRepository.INFO: ======= Start Channel Repository ================  
[2023-06-20 09:59:37] ChannelRepository.INFO: ======= End Channel Repository ================  
[2023-06-20 10:00:19] ChannelRepository.INFO: ======= Start Channel Repository ================  
[2023-06-20 10:00:19] ChannelRepository.INFO: ======= End Channel Repository ================  
[2023-06-20 10:01:03] ChannelRepository.INFO: ======= Start Channel Repository ================  
[2023-06-20 10:01:03] ChannelRepository.INFO: ======= End Channel Repository ================  
[2023-06-20 10:01:07] ChannelRepository.INFO: ======= Start Channel Repository ================  
[2023-06-20 10:01:07] ChannelRepository.INFO: ======= End Channel Repository ================  
[2023-06-20 10:01:58] ChannelRepository.INFO: ======= Start Channel Repository ================  
[2023-06-20 10:01:58] ChannelRepository.INFO: ======= End Channel Repository ================  
[2023-06-20 10:02:05] ChannelRepository.INFO: ======= Start Channel Repository ================  
[2023-06-20 10:02:05] ChannelRepository.INFO: ======= End Channel Repository ================  
[2023-06-20 10:02:31] ChannelRepository.INFO: ======= Start Channel Repository ================  
[2023-06-20 10:02:31] ChannelRepository.INFO: ======= End Channel Repository ================  
[2023-06-20 10:03:32] ChannelRepository.INFO: ======= Start Channel Repository ================  
[2023-06-20 10:03:32] ChannelRepository.INFO: ======= End Channel Repository ================  
[2023-06-20 10:04:20] ChannelRepository.INFO: ======= Start Channel Repository ================  
[2023-06-20 10:04:20] ChannelRepository.INFO: ======= End Channel Repository ================  
[2023-06-20 10:07:47] ChannelRepository.INFO: ======= Start Channel Repository ================  
[2023-06-20 10:07:47] ChannelRepository.INFO: ======= End Channel Repository ================  
[2023-06-20 10:09:26] ChannelRepository.INFO: ======= Start Channel Repository ================  
[2023-06-20 10:09:26] ChannelRepository.INFO: ======= End Channel Repository ================  
[2023-06-20 10:10:12] ChannelRepository.INFO: ======= Start Channel Repository ================  
[2023-06-20 10:10:12] ChannelRepository.INFO: ======= End Channel Repository ================  
[2023-06-20 10:10:46] ChannelRepository.INFO: ======= Start Channel Repository ================  
[2023-06-20 10:10:46] ChannelRepository.INFO: ======= End Channel Repository ================  
[2023-06-20 10:11:41] ChannelRepository.INFO: ======= Start Channel Repository ================  
[2023-06-20 10:11:41] ChannelRepository.INFO: ======= End Channel Repository ================  
[2023-06-20 10:15:36] ChannelRepository.INFO: ======= Start Channel Repository ================  
[2023-06-20 10:15:36] ChannelRepository.INFO: ======= End Channel Repository ================  
[2023-06-20 10:15:41] ChannelRepository.INFO: ======= Start Channel Repository ================  
[2023-06-20 10:15:41] ChannelRepository.INFO: ======= End Channel Repository ================  
[2023-06-20 10:15:42] ChannelRepository.INFO: ======= Start Channel Repository ================  
[2023-06-20 10:15:42] ChannelRepository.INFO: ======= End Channel Repository ================  
[2023-06-20 10:15:59] ChannelRepository.INFO: ======= Start Channel Repository ================  
[2023-06-20 10:15:59] ChannelRepository.INFO: ======= End Channel Repository ================  
[2023-06-20 10:16:29] ChannelRepository.INFO: ======= Start Channel Repository ================  
[2023-06-20 10:16:29] ChannelRepository.INFO: ======= End Channel Repository ================  
[2023-06-20 10:17:34] ChannelRepository.INFO: ======= Start Channel Repository ================  
[2023-06-20 10:17:34] ChannelRepository.INFO: ======= End Channel Repository ================  
[2023-06-20 10:20:44] ChannelRepository.INFO: ======= Start Channel Repository ================  
[2023-06-20 10:20:44] ChannelRepository.INFO: ======= End Channel Repository ================  
[2023-06-20 10:21:32] ChannelRepository.INFO: ======= Start Channel Repository ================  
[2023-06-20 10:21:32] ChannelRepository.INFO: ======= End Channel Repository ================  
[2023-06-20 10:23:18] ChannelRepository.INFO: ======= Start Channel Repository ================  
[2023-06-20 10:23:18] ChannelRepository.INFO: ======= End Channel Repository ================  
[2023-06-20 10:23:33] ChannelRepository.INFO: ======= Start Channel Repository ================  
[2023-06-20 10:23:33] ChannelRepository.INFO: Input Data : {"brandname":"Sample Form","shortname":"public\/uploads\/Channels\/fdsaf.png","decoded":{"sub":"1","id":"1","userName":"super admin","userGroup":"1","email":"superadmin@msense.in","hotelId":"4","brandId":"7","iat":1687235351,"exp":1687321751}}  
[2023-06-20 10:23:33] ChannelRepository.ERROR: Error Code : 401Error Message : Channel Name required  
[2023-06-20 10:23:33] ChannelRepository.ERROR: Error File : /var/www/projects/ottproduct/api/v1/src/Domain/Repository/Channel/ChannelRepository.phpError Line : 160  
[2023-06-20 10:23:33] ChannelRepository.INFO: ======= End Channel Repository ================  
[2023-06-20 10:27:25] ChannelRepository.INFO: ======= Start Channel Repository ================  
[2023-06-20 10:27:25] ChannelRepository.INFO: ======= End Channel Repository ================  
[2023-06-20 10:27:37] ChannelRepository.INFO: ======= Start Channel Repository ================  
[2023-06-20 10:27:37] ChannelRepository.INFO: Input Data : {"decoded":{"sub":"1","id":"1","userName":"super admin","userGroup":"1","email":"superadmin@msense.in","hotelId":"4","brandId":"7","iat":1687235351,"exp":1687321751}}  
[2023-06-20 10:27:37] ChannelRepository.ERROR: Error Code : 401Error Message : Channel Name required  
[2023-06-20 10:27:37] ChannelRepository.ERROR: Error File : /var/www/projects/ottproduct/api/v1/src/Domain/Repository/Channel/ChannelRepository.phpError Line : 160  
[2023-06-20 10:27:37] ChannelRepository.INFO: ======= End Channel Repository ================  
[2023-06-20 10:28:53] ChannelRepository.INFO: ======= Start Channel Repository ================  
[2023-06-20 10:28:53] ChannelRepository.INFO: ======= End Channel Repository ================  
[2023-06-20 10:29:14] ChannelRepository.INFO: ======= Start Channel Repository ================  
[2023-06-20 10:29:14] ChannelRepository.INFO: ======= End Channel Repository ================  
[2023-06-20 10:30:10] ChannelRepository.INFO: ======= Start Channel Repository ================  
[2023-06-20 10:30:10] ChannelRepository.INFO: ======= End Channel Repository ================  
[2023-06-20 10:30:22] ChannelRepository.INFO: ======= Start Channel Repository ================  
[2023-06-20 10:30:22] ChannelRepository.INFO: ======= End Channel Repository ================  
[2023-06-20 10:32:58] ChannelRepository.INFO: ======= Start Channel Repository ================  
[2023-06-20 10:32:58] ChannelRepository.INFO: ======= End Channel Repository ================  
[2023-06-20 10:33:02] ChannelRepository.INFO: ======= Start Channel Repository ================  
[2023-06-20 10:33:02] ChannelRepository.INFO: ======= End Channel Repository ================  
[2023-06-20 10:36:52] ChannelRepository.INFO: ======= Start Channel Repository ================  
[2023-06-20 10:36:52] ChannelRepository.INFO: ======= End Channel Repository ================  
[2023-06-20 10:36:55] ChannelRepository.INFO: ======= Start Channel Repository ================  
[2023-06-20 10:36:55] ChannelRepository.INFO: ======= End Channel Repository ================  
[2023-06-20 10:37:12] ChannelRepository.INFO: ======= Start Channel Repository ================  
[2023-06-20 10:37:12] ChannelRepository.INFO: ======= End Channel Repository ================  
[2023-06-20 11:16:32] ChannelRepository.INFO: ======= Start Channel Repository ================  
[2023-06-20 11:16:32] ChannelRepository.INFO: ======= End Channel Repository ================  
[2023-06-20 11:17:51] ChannelRepository.INFO: ======= Start Channel Repository ================  
[2023-06-20 11:17:51] ChannelRepository.INFO: ======= End Channel Repository ================  
[2023-06-20 11:17:58] ChannelRepository.INFO: ======= Start Channel Repository ================  
[2023-06-20 11:17:58] ChannelRepository.INFO: ======= End Channel Repository ================  
[2023-06-20 11:25:11] ChannelRepository.INFO: ======= Start Channel Repository ================  
[2023-06-20 11:25:11] ChannelRepository.INFO: ======= End Channel Repository ================  
[2023-06-20 11:25:42] ChannelRepository.INFO: ======= Start Channel Repository ================  
[2023-06-20 11:25:42] ChannelRepository.INFO: ======= End Channel Repository ================  
[2023-06-20 11:25:48] ChannelRepository.INFO: ======= Start Channel Repository ================  
[2023-06-20 11:25:48] ChannelRepository.INFO: ======= End Channel Repository ================  
[2023-06-20 11:27:10] ChannelRepository.INFO: ======= Start Channel Repository ================  
[2023-06-20 11:27:10] ChannelRepository.INFO: ======= End Channel Repository ================  
[2023-06-20 11:27:18] ChannelRepository.INFO: ======= Start Channel Repository ================  
[2023-06-20 11:27:18] ChannelRepository.INFO: ======= End Channel Repository ================  
[2023-06-20 11:28:22] ChannelRepository.INFO: ======= Start Channel Repository ================  
[2023-06-20 11:28:22] ChannelRepository.INFO: ======= End Channel Repository ================  
[2023-06-20 11:28:24] ChannelRepository.INFO: ======= Start Channel Repository ================  
[2023-06-20 11:28:24] ChannelRepository.INFO: ======= End Channel Repository ================  
[2023-06-20 11:29:00] ChannelRepository.INFO: ======= Start Channel Repository ================  
[2023-06-20 11:29:00] ChannelRepository.INFO: ======= End Channel Repository ================  
[2023-06-20 11:29:32] ChannelRepository.INFO: ======= Start Channel Repository ================  
[2023-06-20 11:29:32] ChannelRepository.INFO: ======= End Channel Repository ================  
[2023-06-20 11:32:19] ChannelRepository.INFO: ======= Start Channel Repository ================  
[2023-06-20 11:32:19] ChannelRepository.INFO: ======= End Channel Repository ================  
[2023-06-20 11:32:34] ChannelRepository.INFO: ======= Start Channel Repository ================  
[2023-06-20 11:32:34] ChannelRepository.INFO: ======= End Channel Repository ================  
[2023-06-20 11:32:38] ChannelRepository.INFO: ======= Start Channel Repository ================  
[2023-06-20 11:32:38] ChannelRepository.INFO: ======= End Channel Repository ================  
[2023-06-20 11:35:01] ChannelRepository.INFO: ======= Start Channel Repository ================  
[2023-06-20 11:35:01] ChannelRepository.INFO: ======= End Channel Repository ================  
[2023-06-20 11:35:10] ChannelRepository.INFO: ======= Start Channel Repository ================  
[2023-06-20 11:35:10] ChannelRepository.INFO: ======= End Channel Repository ================  
[2023-06-20 11:35:50] ChannelRepository.INFO: ======= Start Channel Repository ================  
[2023-06-20 11:35:50] ChannelRepository.INFO: ======= End Channel Repository ================  
[2023-06-20 11:36:30] ChannelRepository.INFO: ======= Start Channel Repository ================  
[2023-06-20 11:36:30] ChannelRepository.INFO: ======= End Channel Repository ================  
[2023-06-20 11:36:34] ChannelRepository.INFO: ======= Start Channel Repository ================  
[2023-06-20 11:36:34] ChannelRepository.INFO: ======= End Channel Repository ================  
[2023-06-20 11:37:00] ChannelRepository.INFO: ======= Start Channel Repository ================  
[2023-06-20 11:37:00] ChannelRepository.INFO: ======= End Channel Repository ================  
[2023-06-20 11:39:55] ChannelRepository.INFO: ======= Start Channel Repository ================  
[2023-06-20 11:39:55] ChannelRepository.INFO: ======= End Channel Repository ================  
[2023-06-20 11:42:20] ChannelRepository.INFO: ======= Start Channel Repository ================  
[2023-06-20 11:42:20] ChannelRepository.INFO: ======= End Channel Repository ================  
[2023-06-20 11:46:39] ChannelRepository.INFO: ======= Start Channel Repository ================  
[2023-06-20 11:46:39] ChannelRepository.INFO: ======= End Channel Repository ================  
[2023-06-20 11:47:36] ChannelRepository.INFO: ======= Start Channel Repository ================  
[2023-06-20 11:47:36] ChannelRepository.INFO: Input Data : {"decoded":{"sub":"1","id":"1","userName":"super admin","userGroup":"1","email":"superadmin@msense.in","hotelId":"4","brandId":"7","iat":1687260303,"exp":1687346703}}  
[2023-06-20 11:47:36] ChannelRepository.ERROR: Error Code : 401Error Message : Channel Name required  
[2023-06-20 11:47:36] ChannelRepository.ERROR: Error File : /var/www/projects/ottproduct/api/v1/src/Domain/Repository/Channel/ChannelRepository.phpError Line : 160  
[2023-06-20 11:47:36] ChannelRepository.INFO: ======= End Channel Repository ================  
[2023-06-20 11:51:01] ChannelRepository.INFO: ======= Start Channel Repository ================  
[2023-06-20 11:51:01] ChannelRepository.INFO: ======= End Channel Repository ================  
[2023-06-20 11:51:05] ChannelRepository.INFO: ======= Start Channel Repository ================  
[2023-06-20 11:51:05] ChannelRepository.INFO: ======= End Channel Repository ================  
[2023-06-20 11:56:27] ChannelRepository.INFO: ======= Start Channel Repository ================  
[2023-06-20 11:56:27] ChannelRepository.INFO: ======= End Channel Repository ================  
[2023-06-20 11:58:47] ChannelRepository.INFO: ======= Start Channel Repository ================  
[2023-06-20 11:58:47] ChannelRepository.INFO: ======= End Channel Repository ================  
[2023-06-20 11:59:09] ChannelRepository.INFO: ======= Start Channel Repository ================  
[2023-06-20 11:59:09] ChannelRepository.INFO: ======= End Channel Repository ================  
[2023-06-20 12:04:18] ChannelRepository.INFO: ======= Start Channel Repository ================  
[2023-06-20 12:04:18] ChannelRepository.INFO: ======= End Channel Repository ================  
[2023-06-20 12:04:21] ChannelRepository.INFO: ======= Start Channel Repository ================  
[2023-06-20 12:04:21] ChannelRepository.INFO: ======= End Channel Repository ================  
[2023-06-20 12:05:55] ChannelRepository.INFO: ======= Start Channel Repository ================  
[2023-06-20 12:05:55] ChannelRepository.INFO: ======= End Channel Repository ================  
[2023-06-20 12:06:02] ChannelRepository.INFO: ======= Start Channel Repository ================  
[2023-06-20 12:06:02] ChannelRepository.INFO: ======= End Channel Repository ================  
[2023-06-20 12:09:33] ChannelRepository.INFO: ======= Start Channel Repository ================  
[2023-06-20 12:09:33] ChannelRepository.INFO: ======= End Channel Repository ================  
[2023-06-20 12:10:30] ChannelRepository.INFO: ======= Start Channel Repository ================  
[2023-06-20 12:10:30] ChannelRepository.INFO: ======= End Channel Repository ================  
[2023-06-20 12:11:24] ChannelRepository.INFO: ======= Start Channel Repository ================  
[2023-06-20 12:11:24] ChannelRepository.INFO: ======= End Channel Repository ================  
[2023-06-20 12:17:54] ChannelRepository.INFO: ======= Start Channel Repository ================  
[2023-06-20 12:17:54] ChannelRepository.INFO: ======= End Channel Repository ================  
[2023-06-20 12:21:05] ChannelRepository.INFO: ======= Start Channel Repository ================  
[2023-06-20 12:21:05] ChannelRepository.INFO: ======= End Channel Repository ================  
[2023-06-20 12:21:18] ChannelRepository.INFO: ======= Start Channel Repository ================  
[2023-06-20 12:21:18] ChannelRepository.INFO: ======= End Channel Repository ================  
[2023-06-20 12:21:47] ChannelRepository.INFO: ======= Start Channel Repository ================  
[2023-06-20 12:21:47] ChannelRepository.INFO: ======= End Channel Repository ================  
[2023-06-20 12:22:22] ChannelRepository.INFO: ======= Start Channel Repository ================  
[2023-06-20 12:22:22] ChannelRepository.INFO: ======= End Channel Repository ================  
[2023-06-20 12:22:34] ChannelRepository.INFO: ======= Start Channel Repository ================  
[2023-06-20 12:22:34] ChannelRepository.INFO: ======= End Channel Repository ================  
[2023-06-20 12:24:20] ChannelRepository.INFO: ======= Start Channel Repository ================  
[2023-06-20 12:24:20] ChannelRepository.INFO: ======= End Channel Repository ================  
[2023-06-20 12:28:08] ChannelRepository.INFO: ======= Start Channel Repository ================  
[2023-06-20 12:28:08] ChannelRepository.INFO: ======= End Channel Repository ================  
[2023-06-20 12:32:33] ChannelRepository.INFO: ======= Start Channel Repository ================  
[2023-06-20 12:32:33] ChannelRepository.INFO: ======= End Channel Repository ================  
[2023-06-20 12:33:45] ChannelRepository.INFO: ======= Start Channel Repository ================  
[2023-06-20 12:33:45] ChannelRepository.INFO: ======= End Channel Repository ================  
[2023-06-20 12:34:48] ChannelRepository.INFO: ======= Start Channel Repository ================  
[2023-06-20 12:34:48] ChannelRepository.INFO: ======= End Channel Repository ================  
[2023-06-20 12:36:11] ChannelRepository.INFO: ======= Start Channel Repository ================  
[2023-06-20 12:36:11] ChannelRepository.INFO: ======= End Channel Repository ================  
[2023-06-20 12:39:59] ChannelRepository.INFO: ======= Start Channel Repository ================  
[2023-06-20 12:39:59] ChannelRepository.INFO: ======= End Channel Repository ================  
[2023-06-20 12:40:27] ChannelRepository.INFO: ======= Start Channel Repository ================  
[2023-06-20 12:40:27] ChannelRepository.INFO: ======= End Channel Repository ================  
[2023-06-20 12:41:39] ChannelRepository.INFO: ======= Start Channel Repository ================  
[2023-06-20 12:41:39] ChannelRepository.INFO: ======= End Channel Repository ================  
[2023-06-20 12:43:11] ChannelRepository.INFO: ======= Start Channel Repository ================  
[2023-06-20 12:43:11] ChannelRepository.INFO: ======= End Channel Repository ================  
[2023-06-20 12:45:26] ChannelRepository.INFO: ======= Start Channel Repository ================  
[2023-06-20 12:45:26] ChannelRepository.INFO: ======= End Channel Repository ================  
[2023-06-20 12:45:55] ChannelRepository.INFO: ======= Start Channel Repository ================  
[2023-06-20 12:45:55] ChannelRepository.INFO: ======= End Channel Repository ================  
[2023-06-20 12:50:30] ChannelRepository.INFO: ======= Start Channel Repository ================  
[2023-06-20 12:50:30] ChannelRepository.INFO: ======= End Channel Repository ================  
[2023-06-20 12:51:14] ChannelRepository.INFO: ======= Start Channel Repository ================  
[2023-06-20 12:51:14] ChannelRepository.INFO: ======= End Channel Repository ================  
[2023-06-20 12:52:10] ChannelRepository.INFO: ======= Start Channel Repository ================  
[2023-06-20 12:52:10] ChannelRepository.INFO: ======= End Channel Repository ================  
[2023-06-20 12:52:17] ChannelRepository.INFO: ======= Start Channel Repository ================  
[2023-06-20 12:52:17] ChannelRepository.INFO: ======= End Channel Repository ================  
[2023-06-20 12:54:32] ChannelRepository.INFO: ======= Start Channel Repository ================  
[2023-06-20 12:54:32] ChannelRepository.INFO: ======= End Channel Repository ================  
[2023-06-20 12:56:18] ChannelRepository.INFO: ======= Start Channel Repository ================  
[2023-06-20 12:56:18] ChannelRepository.INFO: ======= End Channel Repository ================  
[2023-06-20 12:56:24] ChannelRepository.INFO: ======= Start Channel Repository ================  
[2023-06-20 12:56:24] ChannelRepository.INFO: ======= End Channel Repository ================  
[2023-06-20 12:56:51] ChannelRepository.INFO: ======= Start Channel Repository ================  
[2023-06-20 12:56:51] ChannelRepository.INFO: ======= End Channel Repository ================  
[2023-06-20 12:58:11] ChannelRepository.INFO: ======= Start Channel Repository ================  
[2023-06-20 12:58:11] ChannelRepository.INFO: ======= End Channel Repository ================  
[2023-06-20 13:00:22] ChannelRepository.INFO: ======= Start Channel Repository ================  
[2023-06-20 13:00:22] ChannelRepository.INFO: ======= End Channel Repository ================  
[2023-06-20 13:07:30] ChannelRepository.INFO: ======= Start Channel Repository ================  
[2023-06-20 13:07:30] ChannelRepository.INFO: ======= End Channel Repository ================  
[2023-06-20 13:07:32] ChannelRepository.INFO: ======= Start Channel Repository ================  
[2023-06-20 13:07:32] ChannelRepository.INFO: ======= End Channel Repository ================  
[2023-06-20 13:07:38] ChannelRepository.INFO: ======= Start Channel Repository ================  
[2023-06-20 13:07:38] ChannelRepository.INFO: ======= End Channel Repository ================  
[2023-06-20 13:07:39] ChannelRepository.INFO: ======= Start Channel Repository ================  
[2023-06-20 13:07:39] ChannelRepository.INFO: ======= End Channel Repository ================  
[2023-06-20 13:19:35] ChannelRepository.INFO: ======= Start Channel Repository ================  
[2023-06-20 13:19:35] ChannelRepository.INFO: ======= End Channel Repository ================  
[2023-06-20 13:19:54] ChannelRepository.INFO: ======= Start Channel Repository ================  
[2023-06-20 13:19:54] ChannelRepository.INFO: ======= End Channel Repository ================  
[2023-06-20 13:19:59] ChannelRepository.INFO: ======= Start Channel Repository ================  
[2023-06-20 13:19:59] ChannelRepository.INFO: ======= End Channel Repository ================  
[2023-06-20 13:20:03] ChannelRepository.INFO: ======= Start Channel Repository ================  
[2023-06-20 13:20:03] ChannelRepository.INFO: ======= End Channel Repository ================  
[2023-06-20 13:21:12] ChannelRepository.INFO: ======= Start Channel Repository ================  
[2023-06-20 13:21:12] ChannelRepository.INFO: ======= End Channel Repository ================  
[2023-06-20 13:21:20] ChannelRepository.INFO: ======= Start Channel Repository ================  
[2023-06-20 13:21:20] ChannelRepository.INFO: ======= End Channel Repository ================  
[2023-06-20 13:21:48] ChannelRepository.INFO: ======= Start Channel Repository ================  
[2023-06-20 13:21:48] ChannelRepository.INFO: ======= End Channel Repository ================  
[2023-06-20 13:22:00] ChannelRepository.INFO: ======= Start Channel Repository ================  
[2023-06-20 13:22:00] ChannelRepository.INFO: ======= End Channel Repository ================  
[2023-06-20 13:22:25] ChannelRepository.INFO: ======= Start Channel Repository ================  
[2023-06-20 13:22:25] ChannelRepository.INFO: ======= End Channel Repository ================  
[2023-06-20 13:23:19] ChannelRepository.INFO: ======= Start Channel Repository ================  
[2023-06-20 13:23:19] ChannelRepository.INFO: ======= End Channel Repository ================  
[2023-06-20 13:24:47] ChannelRepository.INFO: ======= Start Channel Repository ================  
[2023-06-20 13:24:47] ChannelRepository.INFO: ======= End Channel Repository ================  
[2023-06-20 13:25:00] ChannelRepository.INFO: ======= Start Channel Repository ================  
[2023-06-20 13:25:00] ChannelRepository.INFO: ======= End Channel Repository ================  
[2023-06-20 13:25:02] ChannelRepository.INFO: ======= Start Channel Repository ================  
[2023-06-20 13:25:02] ChannelRepository.INFO: ======= End Channel Repository ================  
[2023-06-20 13:25:03] ChannelRepository.INFO: ======= Start Channel Repository ================  
[2023-06-20 13:25:03] ChannelRepository.INFO: ======= End Channel Repository ================  
[2023-06-20 13:26:29] ChannelRepository.INFO: ======= Start Channel Repository ================  
[2023-06-20 13:26:29] ChannelRepository.INFO: ======= End Channel Repository ================  
[2023-06-20 13:27:40] ChannelRepository.INFO: ======= Start Channel Repository ================  
[2023-06-20 13:27:40] ChannelRepository.INFO: ======= End Channel Repository ================  
