[2023-06-26 04:40:17] CommonAction.INFO: ======= Start Common Action (getAllSideBarMenu) ================  
[2023-06-26 04:40:17] CommonAction.INFO: method : GET  
[2023-06-26 04:40:17] CommonAction.INFO: contentType : application/json  
[2023-06-26 04:40:17] CommonAction.INFO: Input Data : {"decoded":{"sub":"1","id":"1","userName":"super admin","userGroup":"1","email":"superadmin@msense.in","hotelId":"4","brandId":"7","iat":1687754417,"exp":1687840817}}  
[2023-06-26 04:40:17] CommonAction.INFO: ======= END Common Action (getAllSideBarMenu) ================  
[2023-06-26 04:41:12] CommonAction.INFO: ======= Start Common Action (getAllSideBarMenu) ================  
[2023-06-26 04:41:12] CommonAction.INFO: method : GET  
[2023-06-26 04:41:12] CommonAction.INFO: contentType : application/json  
[2023-06-26 04:41:12] CommonAction.INFO: Input Data : {"decoded":{"sub":"1","id":"1","userName":"super admin","userGroup":"1","email":"superadmin@msense.in","hotelId":"4","brandId":"7","iat":1687754472,"exp":1687840872}}  
[2023-06-26 04:41:12] CommonAction.INFO: ======= END Common Action (getAllSideBarMenu) ================  
[2023-06-26 04:41:57] CommonAction.INFO: ======= Start Common Action (getAllSideBarMenu) ================  
[2023-06-26 04:41:57] CommonAction.INFO: method : GET  
[2023-06-26 04:41:57] CommonAction.INFO: contentType : application/json  
[2023-06-26 04:41:57] CommonAction.INFO: Input Data : {"decoded":{"sub":"1","id":"1","userName":"super admin","userGroup":"1","email":"superadmin@msense.in","hotelId":"4","brandId":"7","iat":1687754517,"exp":1687840917}}  
[2023-06-26 04:41:57] CommonAction.INFO: ======= END Common Action (getAllSideBarMenu) ================  
[2023-06-26 04:42:04] CommonAction.INFO: ======= Start Common Action (getAllSideBarMenu) ================  
[2023-06-26 04:42:04] CommonAction.INFO: method : GET  
[2023-06-26 04:42:04] CommonAction.INFO: contentType : application/json  
[2023-06-26 04:42:04] CommonAction.INFO: Input Data : {"decoded":{"sub":"1","id":"1","userName":"super admin","userGroup":"1","email":"superadmin@msense.in","hotelId":"4","brandId":"7","iat":1687754517,"exp":1687840917}}  
[2023-06-26 04:42:04] CommonAction.INFO: ======= END Common Action (getAllSideBarMenu) ================  
[2023-06-26 04:42:27] CommonAction.INFO: ======= Start Common Action (getAllSideBarMenu) ================  
[2023-06-26 04:42:27] CommonAction.INFO: method : GET  
[2023-06-26 04:42:27] CommonAction.INFO: contentType : application/json  
[2023-06-26 04:42:27] CommonAction.INFO: Input Data : {"decoded":{"sub":"1","id":"1","userName":"super admin","userGroup":"1","email":"superadmin@msense.in","hotelId":"4","brandId":"7","iat":1687754517,"exp":1687840917}}  
[2023-06-26 04:42:27] CommonAction.INFO: ======= END Common Action (getAllSideBarMenu) ================  
[2023-06-26 04:46:38] CommonAction.INFO: ======= Start Common Action (getAllSideBarMenu) ================  
[2023-06-26 04:46:38] CommonAction.INFO: method : GET  
[2023-06-26 04:46:38] CommonAction.INFO: contentType : application/json  
[2023-06-26 04:46:38] CommonAction.INFO: Input Data : {"decoded":{"sub":"1","id":"1","userName":"super admin","userGroup":"1","email":"superadmin@msense.in","hotelId":"4","brandId":"7","iat":1687754417,"exp":1687840817}}  
[2023-06-26 04:46:38] CommonAction.INFO: ======= END Common Action (getAllSideBarMenu) ================  
[2023-06-26 04:47:12] CommonAction.INFO: ======= Start Common Action (getAllSideBarMenu) ================  
[2023-06-26 04:47:12] CommonAction.INFO: method : GET  
[2023-06-26 04:47:12] CommonAction.INFO: contentType : application/json  
[2023-06-26 04:47:12] CommonAction.INFO: Input Data : {"decoded":{"sub":"1","id":"1","userName":"super admin","userGroup":"1","email":"superadmin@msense.in","hotelId":"4","brandId":"7","iat":1687754417,"exp":1687840817}}  
[2023-06-26 04:47:12] CommonAction.INFO: ======= END Common Action (getAllSideBarMenu) ================  
[2023-06-26 04:49:24] CommonAction.INFO: ======= Start Common Action (getAllSideBarMenu) ================  
[2023-06-26 04:49:24] CommonAction.INFO: method : GET  
[2023-06-26 04:49:24] CommonAction.INFO: contentType : application/json  
[2023-06-26 04:49:24] CommonAction.INFO: Input Data : {"decoded":{"sub":"1","id":"1","userName":"super admin","userGroup":"1","email":"superadmin@msense.in","hotelId":"4","brandId":"7","iat":1687754517,"exp":1687840917}}  
[2023-06-26 04:49:24] CommonAction.INFO: ======= END Common Action (getAllSideBarMenu) ================  
[2023-06-26 04:53:26] CommonAction.INFO: ======= Start Common Action (getAllSideBarMenu) ================  
[2023-06-26 04:53:26] CommonAction.INFO: method : GET  
[2023-06-26 04:53:26] CommonAction.INFO: contentType : application/json  
[2023-06-26 04:53:26] CommonAction.INFO: Input Data : {"decoded":{"sub":"1","id":"1","userName":"super admin","userGroup":"1","email":"superadmin@msense.in","hotelId":"4","brandId":"7","iat":1687754517,"exp":1687840917}}  
[2023-06-26 04:53:26] CommonAction.INFO: ======= END Common Action (getAllSideBarMenu) ================  
[2023-06-26 05:01:01] CommonAction.INFO: ======= Start Common Action (getAllSideBarMenu) ================  
[2023-06-26 05:01:01] CommonAction.INFO: method : GET  
[2023-06-26 05:01:01] CommonAction.INFO: contentType : application/json  
[2023-06-26 05:01:01] CommonAction.INFO: Input Data : {"decoded":{"sub":"1","id":"1","userName":"super admin","userGroup":"1","email":"superadmin@msense.in","hotelId":"4","brandId":"7","iat":1687754417,"exp":1687840817}}  
[2023-06-26 05:01:01] CommonAction.INFO: ======= END Common Action (getAllSideBarMenu) ================  
[2023-06-26 05:07:21] CommonAction.INFO: ======= Start Common Action (getAllSideBarMenu) ================  
[2023-06-26 05:07:21] CommonAction.INFO: method : GET  
[2023-06-26 05:07:21] CommonAction.INFO: contentType : application/json  
[2023-06-26 05:07:21] CommonAction.INFO: Input Data : {"decoded":{"sub":"1","id":"1","userName":"super admin","userGroup":"1","email":"superadmin@msense.in","hotelId":"4","brandId":"7","iat":1687754417,"exp":1687840817}}  
[2023-06-26 05:07:21] CommonAction.INFO: ======= END Common Action (getAllSideBarMenu) ================  
[2023-06-26 05:12:50] CommonAction.INFO: ======= Start Common Action (getAllSideBarMenu) ================  
[2023-06-26 05:12:50] CommonAction.INFO: method : GET  
[2023-06-26 05:12:50] CommonAction.INFO: contentType : application/json  
[2023-06-26 05:12:50] CommonAction.INFO: Input Data : {"decoded":{"sub":"1","id":"1","userName":"super admin","userGroup":"1","email":"superadmin@msense.in","hotelId":"4","brandId":"7","iat":1687754417,"exp":1687840817}}  
[2023-06-26 05:12:50] CommonAction.INFO: ======= END Common Action (getAllSideBarMenu) ================  
[2023-06-26 05:16:43] CommonAction.INFO: ======= Start Common Action (getAllSideBarMenu) ================  
[2023-06-26 05:16:43] CommonAction.INFO: method : GET  
[2023-06-26 05:16:43] CommonAction.INFO: contentType : application/json  
[2023-06-26 05:16:43] CommonAction.INFO: Input Data : {"decoded":{"sub":"1","id":"1","userName":"super admin","userGroup":"1","email":"superadmin@msense.in","hotelId":"4","brandId":"7","iat":1687756602,"exp":1687843002}}  
[2023-06-26 05:16:43] CommonAction.INFO: ======= END Common Action (getAllSideBarMenu) ================  
[2023-06-26 05:16:59] CommonAction.INFO: ======= Start Common Action (getAllBrand) ================  
[2023-06-26 05:16:59] CommonAction.INFO: method : GET  
[2023-06-26 05:16:59] CommonAction.INFO: contentType : application/json  
[2023-06-26 05:16:59] CommonAction.INFO: Input Data : {"decoded":{"sub":"1","id":"1","userName":"super admin","userGroup":"1","email":"superadmin@msense.in","hotelId":"4","brandId":"7","iat":1687756602,"exp":1687843002}}  
[2023-06-26 05:17:23] CommonAction.INFO: ======= Start Common Action (getAllBrand) ================  
[2023-06-26 05:17:23] CommonAction.INFO: method : GET  
[2023-06-26 05:17:23] CommonAction.INFO: contentType : application/json  
[2023-06-26 05:17:23] CommonAction.INFO: Input Data : {"decoded":{"sub":"1","id":"1","userName":"super admin","userGroup":"1","email":"superadmin@msense.in","hotelId":"4","brandId":"7","iat":1687756602,"exp":1687843002}}  
[2023-06-26 05:18:34] CommonAction.INFO: ======= Start Common Action (getAllSideBarMenu) ================  
[2023-06-26 05:18:34] CommonAction.INFO: method : GET  
[2023-06-26 05:18:34] CommonAction.INFO: contentType : application/json  
[2023-06-26 05:18:34] CommonAction.INFO: Input Data : {"decoded":{"sub":"1","id":"1","userName":"super admin","userGroup":"1","email":"superadmin@msense.in","hotelId":"4","brandId":"7","iat":1687756602,"exp":1687843002}}  
[2023-06-26 05:18:34] CommonAction.INFO: ======= END Common Action (getAllSideBarMenu) ================  
[2023-06-26 05:19:17] CommonAction.INFO: ======= Start Common Action (getAllSideBarMenu) ================  
[2023-06-26 05:19:17] CommonAction.INFO: method : GET  
[2023-06-26 05:19:17] CommonAction.INFO: contentType : application/json  
[2023-06-26 05:19:17] CommonAction.INFO: Input Data : {"decoded":{"sub":"1","id":"1","userName":"super admin","userGroup":"1","email":"superadmin@msense.in","hotelId":"4","brandId":"7","iat":1687756602,"exp":1687843002}}  
[2023-06-26 05:19:17] CommonAction.INFO: ======= END Common Action (getAllSideBarMenu) ================  
[2023-06-26 05:22:54] CommonAction.INFO: ======= Start Common Action (getAllSideBarMenu) ================  
[2023-06-26 05:22:54] CommonAction.INFO: method : GET  
[2023-06-26 05:22:54] CommonAction.INFO: contentType : application/json  
[2023-06-26 05:22:54] CommonAction.INFO: Input Data : {"decoded":{"sub":"1","id":"1","userName":"super admin","userGroup":"1","email":"superadmin@msense.in","hotelId":"4","brandId":"7","iat":1687756602,"exp":1687843002}}  
[2023-06-26 05:22:54] CommonAction.INFO: ======= END Common Action (getAllSideBarMenu) ================  
[2023-06-26 05:22:55] CommonAction.INFO: ======= Start Common Action (getAllSideBarMenu) ================  
[2023-06-26 05:22:55] CommonAction.INFO: method : GET  
[2023-06-26 05:22:55] CommonAction.INFO: contentType : application/json  
[2023-06-26 05:22:55] CommonAction.INFO: Input Data : {"decoded":{"sub":"1","id":"1","userName":"super admin","userGroup":"1","email":"superadmin@msense.in","hotelId":"4","brandId":"7","iat":1687756602,"exp":1687843002}}  
[2023-06-26 05:22:55] CommonAction.INFO: ======= END Common Action (getAllSideBarMenu) ================  
[2023-06-26 05:23:08] CommonAction.INFO: ======= Start Common Action (getAllSideBarMenu) ================  
[2023-06-26 05:23:08] CommonAction.INFO: method : GET  
[2023-06-26 05:23:08] CommonAction.INFO: contentType : application/json  
[2023-06-26 05:23:08] CommonAction.INFO: Input Data : {"decoded":{"sub":"1","id":"1","userName":"super admin","userGroup":"1","email":"superadmin@msense.in","hotelId":"4","brandId":"7","iat":1687756602,"exp":1687843002}}  
[2023-06-26 05:23:08] CommonAction.INFO: ======= END Common Action (getAllSideBarMenu) ================  
[2023-06-26 05:23:51] CommonAction.INFO: ======= Start Common Action (getAllSideBarMenu) ================  
[2023-06-26 05:23:51] CommonAction.INFO: method : GET  
[2023-06-26 05:23:51] CommonAction.INFO: contentType : application/json  
[2023-06-26 05:23:51] CommonAction.INFO: Input Data : {"decoded":{"sub":"1","id":"1","userName":"super admin","userGroup":"1","email":"superadmin@msense.in","hotelId":"4","brandId":"7","iat":1687756602,"exp":1687843002}}  
[2023-06-26 05:23:51] CommonAction.INFO: ======= END Common Action (getAllSideBarMenu) ================  
[2023-06-26 05:24:34] CommonAction.INFO: ======= Start Common Action (getAllSideBarMenu) ================  
[2023-06-26 05:24:34] CommonAction.INFO: method : GET  
[2023-06-26 05:24:34] CommonAction.INFO: contentType : application/json  
[2023-06-26 05:24:34] CommonAction.INFO: Input Data : {"decoded":{"sub":"1","id":"1","userName":"super admin","userGroup":"1","email":"superadmin@msense.in","hotelId":"4","brandId":"7","iat":1687756602,"exp":1687843002}}  
[2023-06-26 05:24:34] CommonAction.INFO: ======= Start Common Action (getAllBrand) ================  
[2023-06-26 05:24:34] CommonAction.INFO: method : GET  
[2023-06-26 05:24:34] CommonAction.INFO: contentType : application/json  
[2023-06-26 05:24:34] CommonAction.INFO: Input Data : {"decoded":{"sub":"1","id":"1","userName":"super admin","userGroup":"1","email":"superadmin@msense.in","hotelId":"4","brandId":"7","iat":1687756602,"exp":1687843002}}  
[2023-06-26 05:24:34] CommonAction.INFO: ======= END Common Action (getAllSideBarMenu) ================  
[2023-06-26 05:24:35] CommonAction.INFO: ======= Start Common Action (getAllSideBarMenu) ================  
[2023-06-26 05:24:35] CommonAction.INFO: method : GET  
[2023-06-26 05:24:35] CommonAction.INFO: contentType : application/json  
[2023-06-26 05:24:35] CommonAction.INFO: Input Data : {"decoded":{"sub":"1","id":"1","userName":"super admin","userGroup":"1","email":"superadmin@msense.in","hotelId":"4","brandId":"7","iat":1687756602,"exp":1687843002}}  
[2023-06-26 05:24:35] CommonAction.INFO: ======= END Common Action (getAllSideBarMenu) ================  
[2023-06-26 05:25:09] CommonAction.INFO: ======= Start Common Action (getAllSideBarMenu) ================  
[2023-06-26 05:25:09] CommonAction.INFO: method : GET  
[2023-06-26 05:25:09] CommonAction.INFO: contentType : application/json  
[2023-06-26 05:25:09] CommonAction.INFO: Input Data : {"decoded":{"sub":"1","id":"1","userName":"super admin","userGroup":"1","email":"superadmin@msense.in","hotelId":"4","brandId":"7","iat":1687756602,"exp":1687843002}}  
[2023-06-26 05:25:10] CommonAction.INFO: ======= END Common Action (getAllSideBarMenu) ================  
[2023-06-26 05:25:41] CommonAction.INFO: ======= Start Common Action (getAllSideBarMenu) ================  
[2023-06-26 05:25:41] CommonAction.INFO: method : GET  
[2023-06-26 05:25:41] CommonAction.INFO: contentType : application/json  
[2023-06-26 05:25:41] CommonAction.INFO: Input Data : {"decoded":{"sub":"1","id":"1","userName":"super admin","userGroup":"1","email":"superadmin@msense.in","hotelId":"4","brandId":"7","iat":1687756602,"exp":1687843002}}  
[2023-06-26 05:25:41] CommonAction.INFO: ======= END Common Action (getAllSideBarMenu) ================  
[2023-06-26 05:26:25] CommonAction.INFO: ======= Start Common Action (getAllSideBarMenu) ================  
[2023-06-26 05:26:25] CommonAction.INFO: method : GET  
[2023-06-26 05:26:25] CommonAction.INFO: contentType : application/json  
[2023-06-26 05:26:25] CommonAction.INFO: Input Data : {"decoded":{"sub":"1","id":"1","userName":"super admin","userGroup":"1","email":"superadmin@msense.in","hotelId":"4","brandId":"7","iat":1687756602,"exp":1687843002}}  
[2023-06-26 05:26:26] CommonAction.INFO: ======= END Common Action (getAllSideBarMenu) ================  
[2023-06-26 05:30:32] CommonAction.INFO: ======= Start Common Action (getAllSideBarMenu) ================  
[2023-06-26 05:30:32] CommonAction.INFO: method : GET  
[2023-06-26 05:30:32] CommonAction.INFO: contentType : application/json  
[2023-06-26 05:30:32] CommonAction.INFO: Input Data : {"decoded":{"sub":"1","id":"1","userName":"super admin","userGroup":"1","email":"superadmin@msense.in","hotelId":"4","brandId":"7","iat":1687756602,"exp":1687843002}}  
[2023-06-26 05:30:32] CommonAction.INFO: ======= END Common Action (getAllSideBarMenu) ================  
[2023-06-26 05:30:53] CommonAction.INFO: ======= Start Common Action (getAllSideBarMenu) ================  
[2023-06-26 05:30:53] CommonAction.INFO: method : GET  
[2023-06-26 05:30:53] CommonAction.INFO: contentType : application/json  
[2023-06-26 05:30:53] CommonAction.INFO: Input Data : {"decoded":{"sub":"1","id":"1","userName":"super admin","userGroup":"1","email":"superadmin@msense.in","hotelId":"4","brandId":"7","iat":1687756602,"exp":1687843002}}  
[2023-06-26 05:30:53] CommonAction.INFO: ======= END Common Action (getAllSideBarMenu) ================  
[2023-06-26 05:30:55] CommonAction.INFO: ======= Start Common Action (getAllSideBarMenu) ================  
[2023-06-26 05:30:55] CommonAction.INFO: method : GET  
[2023-06-26 05:30:55] CommonAction.INFO: contentType : application/json  
[2023-06-26 05:30:55] CommonAction.INFO: Input Data : {"decoded":{"sub":"1","id":"1","userName":"super admin","userGroup":"1","email":"superadmin@msense.in","hotelId":"4","brandId":"7","iat":1687756602,"exp":1687843002}}  
[2023-06-26 05:30:55] CommonAction.INFO: ======= END Common Action (getAllSideBarMenu) ================  
[2023-06-26 05:31:53] CommonAction.INFO: ======= Start Common Action (getAllSideBarMenu) ================  
[2023-06-26 05:31:53] CommonAction.INFO: method : GET  
[2023-06-26 05:31:53] CommonAction.INFO: contentType : application/json  
[2023-06-26 05:31:53] CommonAction.INFO: Input Data : {"decoded":{"sub":"1","id":"1","userName":"super admin","userGroup":"1","email":"superadmin@msense.in","hotelId":"4","brandId":"7","iat":1687754417,"exp":1687840817}}  
[2023-06-26 05:31:54] CommonAction.INFO: ======= END Common Action (getAllSideBarMenu) ================  
[2023-06-26 05:32:17] CommonAction.INFO: ======= Start Common Action (getAllSideBarMenu) ================  
[2023-06-26 05:32:17] CommonAction.INFO: method : GET  
[2023-06-26 05:32:17] CommonAction.INFO: contentType : application/json  
[2023-06-26 05:32:17] CommonAction.INFO: Input Data : {"decoded":{"sub":"1","id":"1","userName":"super admin","userGroup":"1","email":"superadmin@msense.in","hotelId":"4","brandId":"7","iat":1687754517,"exp":1687840917}}  
[2023-06-26 05:32:17] CommonAction.INFO: ======= END Common Action (getAllSideBarMenu) ================  
[2023-06-26 05:32:21] CommonAction.INFO: ======= Start Common Action (getAllSideBarMenu) ================  
[2023-06-26 05:32:21] CommonAction.INFO: method : GET  
[2023-06-26 05:32:21] CommonAction.INFO: contentType : application/json  
[2023-06-26 05:32:21] CommonAction.INFO: Input Data : {"decoded":{"sub":"1","id":"1","userName":"super admin","userGroup":"1","email":"superadmin@msense.in","hotelId":"4","brandId":"7","iat":1687754517,"exp":1687840917}}  
[2023-06-26 05:32:21] CommonAction.INFO: ======= END Common Action (getAllSideBarMenu) ================  
[2023-06-26 05:32:57] CommonAction.INFO: ======= Start Common Action (getAllSideBarMenu) ================  
[2023-06-26 05:32:57] CommonAction.INFO: method : GET  
[2023-06-26 05:32:57] CommonAction.INFO: contentType : application/json  
[2023-06-26 05:32:57] CommonAction.INFO: Input Data : {"decoded":{"sub":"1","id":"1","userName":"super admin","userGroup":"1","email":"superadmin@msense.in","hotelId":"4","brandId":"7","iat":1687754517,"exp":1687840917}}  
[2023-06-26 05:32:57] CommonAction.INFO: ======= END Common Action (getAllSideBarMenu) ================  
[2023-06-26 05:33:06] CommonAction.INFO: ======= Start Common Action (getAllSideBarMenu) ================  
[2023-06-26 05:33:06] CommonAction.INFO: method : GET  
[2023-06-26 05:33:06] CommonAction.INFO: contentType : application/json  
[2023-06-26 05:33:06] CommonAction.INFO: Input Data : {"decoded":{"sub":"1","id":"1","userName":"super admin","userGroup":"1","email":"superadmin@msense.in","hotelId":"4","brandId":"7","iat":1687754517,"exp":1687840917}}  
[2023-06-26 05:33:06] CommonAction.INFO: ======= END Common Action (getAllSideBarMenu) ================  
[2023-06-26 05:33:26] CommonAction.INFO: ======= Start Common Action (getAllSideBarMenu) ================  
[2023-06-26 05:33:26] CommonAction.INFO: method : GET  
[2023-06-26 05:33:26] CommonAction.INFO: contentType : application/json  
[2023-06-26 05:33:26] CommonAction.INFO: Input Data : {"decoded":{"sub":"1","id":"1","userName":"super admin","userGroup":"1","email":"superadmin@msense.in","hotelId":"4","brandId":"7","iat":1687754517,"exp":1687840917}}  
[2023-06-26 05:33:26] CommonAction.INFO: ======= END Common Action (getAllSideBarMenu) ================  
[2023-06-26 05:33:29] CommonAction.INFO: ======= Start Common Action (getAllSideBarMenu) ================  
[2023-06-26 05:33:29] CommonAction.INFO: method : GET  
[2023-06-26 05:33:29] CommonAction.INFO: contentType : application/json  
[2023-06-26 05:33:29] CommonAction.INFO: Input Data : {"decoded":{"sub":"1","id":"1","userName":"super admin","userGroup":"1","email":"superadmin@msense.in","hotelId":"4","brandId":"7","iat":1687754517,"exp":1687840917}}  
[2023-06-26 05:33:29] CommonAction.INFO: ======= END Common Action (getAllSideBarMenu) ================  
[2023-06-26 05:37:11] CommonAction.INFO: ======= Start Common Action (getAllSideBarMenu) ================  
[2023-06-26 05:37:11] CommonAction.INFO: method : GET  
[2023-06-26 05:37:11] CommonAction.INFO: contentType : application/json  
[2023-06-26 05:37:11] CommonAction.INFO: Input Data : {"decoded":{"sub":"1","id":"1","userName":"super admin","userGroup":"1","email":"superadmin@msense.in","hotelId":"4","brandId":"7","iat":1687754417,"exp":1687840817}}  
[2023-06-26 05:37:11] CommonAction.INFO: ======= END Common Action (getAllSideBarMenu) ================  
[2023-06-26 05:37:20] CommonAction.INFO: ======= Start Common Action (getAllSideBarMenu) ================  
[2023-06-26 05:37:20] CommonAction.INFO: method : GET  
[2023-06-26 05:37:20] CommonAction.INFO: contentType : application/json  
[2023-06-26 05:37:20] CommonAction.INFO: Input Data : {"decoded":{"sub":"1","id":"1","userName":"super admin","userGroup":"1","email":"superadmin@msense.in","hotelId":"4","brandId":"7","iat":1687754417,"exp":1687840817}}  
[2023-06-26 05:37:20] CommonAction.INFO: ======= END Common Action (getAllSideBarMenu) ================  
[2023-06-26 05:37:44] CommonAction.INFO: ======= Start Common Action (getAllSideBarMenu) ================  
[2023-06-26 05:37:44] CommonAction.INFO: method : GET  
[2023-06-26 05:37:44] CommonAction.INFO: contentType : application/json  
[2023-06-26 05:37:44] CommonAction.INFO: Input Data : {"decoded":{"sub":"1","id":"1","userName":"super admin","userGroup":"1","email":"superadmin@msense.in","hotelId":"4","brandId":"7","iat":1687754417,"exp":1687840817}}  
[2023-06-26 05:37:44] CommonAction.INFO: ======= END Common Action (getAllSideBarMenu) ================  
[2023-06-26 05:37:56] CommonAction.INFO: ======= Start Common Action (getAllSideBarMenu) ================  
[2023-06-26 05:37:56] CommonAction.INFO: method : GET  
[2023-06-26 05:37:56] CommonAction.INFO: contentType : application/json  
[2023-06-26 05:37:56] CommonAction.INFO: Input Data : {"decoded":{"sub":"1","id":"1","userName":"super admin","userGroup":"1","email":"superadmin@msense.in","hotelId":"4","brandId":"7","iat":1687754417,"exp":1687840817}}  
[2023-06-26 05:37:56] CommonAction.INFO: ======= END Common Action (getAllSideBarMenu) ================  
[2023-06-26 05:53:37] CommonAction.INFO: ======= Start Common Action (getAllSideBarMenu) ================  
[2023-06-26 05:53:37] CommonAction.INFO: method : GET  
[2023-06-26 05:53:37] CommonAction.INFO: contentType : application/json  
[2023-06-26 05:53:37] CommonAction.INFO: Input Data : {"decoded":{"sub":"1","id":"1","userName":"super admin","userGroup":"1","email":"superadmin@msense.in","hotelId":"4","brandId":"7","iat":1687754417,"exp":1687840817}}  
[2023-06-26 05:53:37] CommonAction.INFO: ======= END Common Action (getAllSideBarMenu) ================  
[2023-06-26 05:54:58] CommonAction.INFO: ======= Start Common Action (getAllSideBarMenu) ================  
[2023-06-26 05:54:58] CommonAction.INFO: method : GET  
[2023-06-26 05:54:58] CommonAction.INFO: contentType : application/json  
[2023-06-26 05:54:58] CommonAction.INFO: Input Data : {"decoded":{"sub":"1","id":"1","userName":"super admin","userGroup":"1","email":"superadmin@msense.in","hotelId":"4","brandId":"7","iat":1687754417,"exp":1687840817}}  
[2023-06-26 05:54:58] CommonAction.INFO: ======= END Common Action (getAllSideBarMenu) ================  
[2023-06-26 05:55:48] CommonAction.INFO: ======= Start Common Action (getAllSideBarMenu) ================  
[2023-06-26 05:55:48] CommonAction.INFO: method : GET  
[2023-06-26 05:55:48] CommonAction.INFO: contentType : application/json  
[2023-06-26 05:55:48] CommonAction.INFO: Input Data : {"decoded":{"sub":"1","id":"1","userName":"super admin","userGroup":"1","email":"superadmin@msense.in","hotelId":"4","brandId":"7","iat":1687754417,"exp":1687840817}}  
[2023-06-26 05:55:48] CommonAction.INFO: ======= END Common Action (getAllSideBarMenu) ================  
[2023-06-26 05:56:50] CommonAction.INFO: ======= Start Common Action (getAllSideBarMenu) ================  
[2023-06-26 05:56:50] CommonAction.INFO: method : GET  
[2023-06-26 05:56:50] CommonAction.INFO: contentType : application/json  
[2023-06-26 05:56:50] CommonAction.INFO: Input Data : {"decoded":{"sub":"1","id":"1","userName":"super admin","userGroup":"1","email":"superadmin@msense.in","hotelId":"4","brandId":"7","iat":1687754417,"exp":1687840817}}  
[2023-06-26 05:56:50] CommonAction.INFO: ======= END Common Action (getAllSideBarMenu) ================  
[2023-06-26 05:57:49] CommonAction.INFO: ======= Start Common Action (getAllSideBarMenu) ================  
[2023-06-26 05:57:49] CommonAction.INFO: method : GET  
[2023-06-26 05:57:49] CommonAction.INFO: contentType : application/json  
[2023-06-26 05:57:49] CommonAction.INFO: Input Data : {"decoded":{"sub":"1","id":"1","userName":"super admin","userGroup":"1","email":"superadmin@msense.in","hotelId":"4","brandId":"7","iat":1687754417,"exp":1687840817}}  
[2023-06-26 05:57:49] CommonAction.INFO: ======= END Common Action (getAllSideBarMenu) ================  
[2023-06-26 05:59:51] CommonAction.INFO: ======= Start Common Action (getAllSideBarMenu) ================  
[2023-06-26 05:59:51] CommonAction.INFO: method : GET  
[2023-06-26 05:59:51] CommonAction.INFO: contentType : application/json  
[2023-06-26 05:59:51] CommonAction.INFO: Input Data : {"decoded":{"sub":"1","id":"1","userName":"super admin","userGroup":"1","email":"superadmin@msense.in","hotelId":"4","brandId":"7","iat":1687754417,"exp":1687840817}}  
[2023-06-26 05:59:52] CommonAction.INFO: ======= END Common Action (getAllSideBarMenu) ================  
[2023-06-26 06:02:33] CommonAction.INFO: ======= Start Common Action (getAllSideBarMenu) ================  
[2023-06-26 06:02:33] CommonAction.INFO: method : GET  
[2023-06-26 06:02:33] CommonAction.INFO: contentType : application/json  
[2023-06-26 06:02:33] CommonAction.INFO: Input Data : {"decoded":{"sub":"1","id":"1","userName":"super admin","userGroup":"1","email":"superadmin@msense.in","hotelId":"4","brandId":"7","iat":1687754417,"exp":1687840817}}  
[2023-06-26 06:02:33] CommonAction.INFO: ======= END Common Action (getAllSideBarMenu) ================  
[2023-06-26 06:02:54] CommonAction.INFO: ======= Start Common Action (getAllSideBarMenu) ================  
[2023-06-26 06:02:54] CommonAction.INFO: method : GET  
[2023-06-26 06:02:54] CommonAction.INFO: contentType : application/json  
[2023-06-26 06:02:54] CommonAction.INFO: Input Data : {"decoded":{"sub":"1","id":"1","userName":"super admin","userGroup":"1","email":"superadmin@msense.in","hotelId":"4","brandId":"7","iat":1687754417,"exp":1687840817}}  
[2023-06-26 06:02:54] CommonAction.INFO: ======= END Common Action (getAllSideBarMenu) ================  
[2023-06-26 06:05:26] CommonAction.INFO: ======= Start Common Action (getAllSideBarMenu) ================  
[2023-06-26 06:05:26] CommonAction.INFO: method : GET  
[2023-06-26 06:05:26] CommonAction.INFO: contentType : application/json  
[2023-06-26 06:05:26] CommonAction.INFO: Input Data : {"decoded":{"sub":"1","id":"1","userName":"super admin","userGroup":"1","email":"superadmin@msense.in","hotelId":"4","brandId":"7","iat":1687754417,"exp":1687840817}}  
[2023-06-26 06:05:26] CommonAction.INFO: ======= END Common Action (getAllSideBarMenu) ================  
[2023-06-26 06:06:30] CommonAction.INFO: ======= Start Common Action (getAllSideBarMenu) ================  
[2023-06-26 06:06:30] CommonAction.INFO: method : GET  
[2023-06-26 06:06:30] CommonAction.INFO: contentType : application/json  
[2023-06-26 06:06:30] CommonAction.INFO: Input Data : {"decoded":{"sub":"1","id":"1","userName":"super admin","userGroup":"1","email":"superadmin@msense.in","hotelId":"4","brandId":"7","iat":1687754417,"exp":1687840817}}  
[2023-06-26 06:06:30] CommonAction.INFO: ======= END Common Action (getAllSideBarMenu) ================  
[2023-06-26 06:37:20] CommonAction.INFO: ======= Start Common Action (getAllSideBarMenu) ================  
[2023-06-26 06:37:20] CommonAction.INFO: method : GET  
[2023-06-26 06:37:20] CommonAction.INFO: contentType : application/json  
[2023-06-26 06:37:20] CommonAction.INFO: Input Data : {"decoded":{"sub":"1","id":"1","userName":"super admin","userGroup":"1","email":"superadmin@msense.in","hotelId":"4","brandId":"7","iat":1687754417,"exp":1687840817}}  
[2023-06-26 06:37:21] CommonAction.INFO: ======= END Common Action (getAllSideBarMenu) ================  
[2023-06-26 06:38:52] CommonAction.INFO: ======= Start Common Action (getAllSideBarMenu) ================  
[2023-06-26 06:38:52] CommonAction.INFO: method : GET  
[2023-06-26 06:38:52] CommonAction.INFO: contentType : application/json  
[2023-06-26 06:38:52] CommonAction.INFO: Input Data : {"decoded":{"sub":"1","id":"1","userName":"super admin","userGroup":"1","email":"superadmin@msense.in","hotelId":"4","brandId":"7","iat":1687754517,"exp":1687840917}}  
[2023-06-26 06:38:52] CommonAction.INFO: ======= END Common Action (getAllSideBarMenu) ================  
[2023-06-26 06:38:57] CommonAction.INFO: ======= Start Common Action (getAllSideBarMenu) ================  
[2023-06-26 06:38:57] CommonAction.INFO: method : GET  
[2023-06-26 06:38:57] CommonAction.INFO: contentType : application/json  
[2023-06-26 06:38:57] CommonAction.INFO: Input Data : {"decoded":{"sub":"1","id":"1","userName":"super admin","userGroup":"1","email":"superadmin@msense.in","hotelId":"4","brandId":"7","iat":1687754517,"exp":1687840917}}  
[2023-06-26 06:38:57] CommonAction.INFO: ======= END Common Action (getAllSideBarMenu) ================  
[2023-06-26 06:42:48] CommonAction.INFO: ======= Start Common Action (getAllSideBarMenu) ================  
[2023-06-26 06:42:48] CommonAction.INFO: method : GET  
[2023-06-26 06:42:48] CommonAction.INFO: contentType : application/json  
[2023-06-26 06:42:48] CommonAction.INFO: Input Data : {"decoded":{"sub":"1","id":"1","userName":"super admin","userGroup":"1","email":"superadmin@msense.in","hotelId":"4","brandId":"7","iat":1687754417,"exp":1687840817}}  
[2023-06-26 06:42:48] CommonAction.INFO: ======= END Common Action (getAllSideBarMenu) ================  
[2023-06-26 06:48:47] CommonAction.INFO: ======= Start Common Action (getAllSideBarMenu) ================  
[2023-06-26 06:48:47] CommonAction.INFO: method : GET  
[2023-06-26 06:48:47] CommonAction.INFO: contentType : application/json  
[2023-06-26 06:48:47] CommonAction.INFO: Input Data : {"decoded":{"sub":"1","id":"1","userName":"super admin","userGroup":"1","email":"superadmin@msense.in","hotelId":"4","brandId":"7","iat":1687754417,"exp":1687840817}}  
[2023-06-26 06:48:47] CommonAction.INFO: ======= END Common Action (getAllSideBarMenu) ================  
[2023-06-26 06:54:12] CommonAction.INFO: ======= Start Common Action (getAllSideBarMenu) ================  
[2023-06-26 06:54:12] CommonAction.INFO: method : GET  
[2023-06-26 06:54:12] CommonAction.INFO: contentType : application/json  
[2023-06-26 06:54:12] CommonAction.INFO: Input Data : {"decoded":{"sub":"1","id":"1","userName":"super admin","userGroup":"1","email":"superadmin@msense.in","hotelId":"4","brandId":"7","iat":1687762452,"exp":1687848852}}  
[2023-06-26 06:54:12] CommonAction.INFO: ======= END Common Action (getAllSideBarMenu) ================  
[2023-06-26 06:54:51] CommonAction.INFO: ======= Start Common Action (getAllSideBarMenu) ================  
[2023-06-26 06:54:51] CommonAction.INFO: method : GET  
[2023-06-26 06:54:51] CommonAction.INFO: contentType : application/json  
[2023-06-26 06:54:51] CommonAction.INFO: Input Data : {"decoded":{"sub":"1","id":"1","userName":"super admin","userGroup":"1","email":"superadmin@msense.in","hotelId":"4","brandId":"7","iat":1687762452,"exp":1687848852}}  
[2023-06-26 06:54:51] CommonAction.INFO: ======= END Common Action (getAllSideBarMenu) ================  
[2023-06-26 06:54:56] CommonAction.INFO: ======= Start Common Action (getAllSideBarMenu) ================  
[2023-06-26 06:54:56] CommonAction.INFO: method : GET  
[2023-06-26 06:54:56] CommonAction.INFO: contentType : application/json  
[2023-06-26 06:54:56] CommonAction.INFO: Input Data : {"decoded":{"sub":"1","id":"1","userName":"super admin","userGroup":"1","email":"superadmin@msense.in","hotelId":"4","brandId":"7","iat":1687762452,"exp":1687848852}}  
[2023-06-26 06:54:57] CommonAction.INFO: ======= END Common Action (getAllSideBarMenu) ================  
[2023-06-26 06:54:58] CommonAction.INFO: ======= Start Common Action (getAllSideBarMenu) ================  
[2023-06-26 06:54:58] CommonAction.INFO: method : GET  
[2023-06-26 06:54:58] CommonAction.INFO: contentType : application/json  
[2023-06-26 06:54:58] CommonAction.INFO: Input Data : {"decoded":{"sub":"1","id":"1","userName":"super admin","userGroup":"1","email":"superadmin@msense.in","hotelId":"4","brandId":"7","iat":1687762452,"exp":1687848852}}  
[2023-06-26 06:54:58] CommonAction.INFO: ======= END Common Action (getAllSideBarMenu) ================  
[2023-06-26 06:55:13] CommonAction.INFO: ======= Start Common Action (getAllSideBarMenu) ================  
[2023-06-26 06:55:13] CommonAction.INFO: method : GET  
[2023-06-26 06:55:13] CommonAction.INFO: contentType : application/json  
[2023-06-26 06:55:13] CommonAction.INFO: Input Data : {"decoded":{"sub":"1","id":"1","userName":"super admin","userGroup":"1","email":"superadmin@msense.in","hotelId":"4","brandId":"7","iat":1687762452,"exp":1687848852}}  
[2023-06-26 06:55:13] CommonAction.INFO: ======= END Common Action (getAllSideBarMenu) ================  
[2023-06-26 06:55:15] CommonAction.INFO: ======= Start Common Action (getAllSideBarMenu) ================  
[2023-06-26 06:55:15] CommonAction.INFO: method : GET  
[2023-06-26 06:55:15] CommonAction.INFO: contentType : application/json  
[2023-06-26 06:55:15] CommonAction.INFO: Input Data : {"decoded":{"sub":"1","id":"1","userName":"super admin","userGroup":"1","email":"superadmin@msense.in","hotelId":"4","brandId":"7","iat":1687762452,"exp":1687848852}}  
[2023-06-26 06:55:15] CommonAction.INFO: ======= END Common Action (getAllSideBarMenu) ================  
[2023-06-26 06:55:17] CommonAction.INFO: ======= Start Common Action (getAllSideBarMenu) ================  
[2023-06-26 06:55:17] CommonAction.INFO: method : GET  
[2023-06-26 06:55:17] CommonAction.INFO: contentType : application/json  
[2023-06-26 06:55:17] CommonAction.INFO: Input Data : {"decoded":{"sub":"1","id":"1","userName":"super admin","userGroup":"1","email":"superadmin@msense.in","hotelId":"4","brandId":"7","iat":1687762452,"exp":1687848852}}  
[2023-06-26 06:55:17] CommonAction.INFO: ======= END Common Action (getAllSideBarMenu) ================  
[2023-06-26 06:55:48] CommonAction.INFO: ======= Start Common Action (getAllSideBarMenu) ================  
[2023-06-26 06:55:48] CommonAction.INFO: method : GET  
[2023-06-26 06:55:48] CommonAction.INFO: contentType : application/json  
[2023-06-26 06:55:48] CommonAction.INFO: Input Data : {"decoded":{"sub":"1","id":"1","userName":"super admin","userGroup":"1","email":"superadmin@msense.in","hotelId":"4","brandId":"7","iat":1687762452,"exp":1687848852}}  
[2023-06-26 06:55:48] CommonAction.INFO: ======= END Common Action (getAllSideBarMenu) ================  
[2023-06-26 06:55:49] CommonAction.INFO: ======= Start Common Action (getAllSideBarMenu) ================  
[2023-06-26 06:55:49] CommonAction.INFO: method : GET  
[2023-06-26 06:55:49] CommonAction.INFO: contentType : application/json  
[2023-06-26 06:55:49] CommonAction.INFO: Input Data : {"decoded":{"sub":"1","id":"1","userName":"super admin","userGroup":"1","email":"superadmin@msense.in","hotelId":"4","brandId":"7","iat":1687762452,"exp":1687848852}}  
[2023-06-26 06:55:49] CommonAction.INFO: ======= END Common Action (getAllSideBarMenu) ================  
[2023-06-26 06:56:13] CommonAction.INFO: ======= Start Common Action (getAllSideBarMenu) ================  
[2023-06-26 06:56:13] CommonAction.INFO: method : GET  
[2023-06-26 06:56:13] CommonAction.INFO: contentType : application/json  
[2023-06-26 06:56:13] CommonAction.INFO: Input Data : {"decoded":{"sub":"1","id":"1","userName":"super admin","userGroup":"1","email":"superadmin@msense.in","hotelId":"4","brandId":"7","iat":1687762452,"exp":1687848852}}  
[2023-06-26 06:56:13] CommonAction.INFO: ======= END Common Action (getAllSideBarMenu) ================  
[2023-06-26 06:56:17] CommonAction.INFO: ======= Start Common Action (getAllSideBarMenu) ================  
[2023-06-26 06:56:17] CommonAction.INFO: method : GET  
[2023-06-26 06:56:17] CommonAction.INFO: contentType : application/json  
[2023-06-26 06:56:17] CommonAction.INFO: Input Data : {"decoded":{"sub":"1","id":"1","userName":"super admin","userGroup":"1","email":"superadmin@msense.in","hotelId":"4","brandId":"7","iat":1687762452,"exp":1687848852}}  
[2023-06-26 06:56:17] CommonAction.INFO: ======= END Common Action (getAllSideBarMenu) ================  
[2023-06-26 06:57:00] CommonAction.INFO: ======= Start Common Action (getAllSideBarMenu) ================  
[2023-06-26 06:57:00] CommonAction.INFO: method : GET  
[2023-06-26 06:57:00] CommonAction.INFO: contentType : application/json  
[2023-06-26 06:57:00] CommonAction.INFO: Input Data : {"decoded":{"sub":"1","id":"1","userName":"super admin","userGroup":"1","email":"superadmin@msense.in","hotelId":"4","brandId":"7","iat":1687762452,"exp":1687848852}}  
[2023-06-26 06:57:00] CommonAction.INFO: ======= END Common Action (getAllSideBarMenu) ================  
[2023-06-26 06:57:02] CommonAction.INFO: ======= Start Common Action (getAllSideBarMenu) ================  
[2023-06-26 06:57:02] CommonAction.INFO: method : GET  
[2023-06-26 06:57:02] CommonAction.INFO: contentType : application/json  
[2023-06-26 06:57:02] CommonAction.INFO: Input Data : {"decoded":{"sub":"1","id":"1","userName":"super admin","userGroup":"1","email":"superadmin@msense.in","hotelId":"4","brandId":"7","iat":1687762452,"exp":1687848852}}  
[2023-06-26 06:57:02] CommonAction.INFO: ======= END Common Action (getAllSideBarMenu) ================  
[2023-06-26 06:57:41] CommonAction.INFO: ======= Start Common Action (getAllSideBarMenu) ================  
[2023-06-26 06:57:41] CommonAction.INFO: method : GET  
[2023-06-26 06:57:41] CommonAction.INFO: contentType : application/json  
[2023-06-26 06:57:41] CommonAction.INFO: Input Data : {"decoded":{"sub":"1","id":"1","userName":"super admin","userGroup":"1","email":"superadmin@msense.in","hotelId":"4","brandId":"7","iat":1687762452,"exp":1687848852}}  
[2023-06-26 06:57:41] CommonAction.INFO: ======= END Common Action (getAllSideBarMenu) ================  
[2023-06-26 06:57:44] CommonAction.INFO: ======= Start Common Action (getAllSideBarMenu) ================  
[2023-06-26 06:57:44] CommonAction.INFO: method : GET  
[2023-06-26 06:57:44] CommonAction.INFO: contentType : application/json  
[2023-06-26 06:57:44] CommonAction.INFO: Input Data : {"decoded":{"sub":"1","id":"1","userName":"super admin","userGroup":"1","email":"superadmin@msense.in","hotelId":"4","brandId":"7","iat":1687762452,"exp":1687848852}}  
[2023-06-26 06:57:44] CommonAction.INFO: ======= END Common Action (getAllSideBarMenu) ================  
[2023-06-26 06:58:12] CommonAction.INFO: ======= Start Common Action (getAllSideBarMenu) ================  
[2023-06-26 06:58:12] CommonAction.INFO: method : GET  
[2023-06-26 06:58:12] CommonAction.INFO: contentType : application/json  
[2023-06-26 06:58:12] CommonAction.INFO: Input Data : {"decoded":{"sub":"1","id":"1","userName":"super admin","userGroup":"1","email":"superadmin@msense.in","hotelId":"4","brandId":"7","iat":1687754417,"exp":1687840817}}  
[2023-06-26 06:58:12] CommonAction.INFO: ======= END Common Action (getAllSideBarMenu) ================  
[2023-06-26 06:59:55] CommonAction.INFO: ======= Start Common Action (getAllSideBarMenu) ================  
[2023-06-26 06:59:55] CommonAction.INFO: method : GET  
[2023-06-26 06:59:55] CommonAction.INFO: contentType : application/json  
[2023-06-26 06:59:55] CommonAction.INFO: Input Data : {"decoded":{"sub":"1","id":"1","userName":"super admin","userGroup":"1","email":"superadmin@msense.in","hotelId":"4","brandId":"7","iat":1687754417,"exp":1687840817}}  
[2023-06-26 06:59:55] CommonAction.INFO: ======= END Common Action (getAllSideBarMenu) ================  
[2023-06-26 07:02:41] CommonAction.INFO: ======= Start Common Action (getAllSideBarMenu) ================  
[2023-06-26 07:02:41] CommonAction.INFO: method : GET  
[2023-06-26 07:02:41] CommonAction.INFO: contentType : application/json  
[2023-06-26 07:02:41] CommonAction.INFO: Input Data : {"decoded":{"sub":"1","id":"1","userName":"super admin","userGroup":"1","email":"superadmin@msense.in","hotelId":"4","brandId":"7","iat":1687754417,"exp":1687840817}}  
[2023-06-26 07:02:41] CommonAction.INFO: ======= END Common Action (getAllSideBarMenu) ================  
[2023-06-26 07:03:48] CommonAction.INFO: ======= Start Common Action (getAllSideBarMenu) ================  
[2023-06-26 07:03:48] CommonAction.INFO: method : GET  
[2023-06-26 07:03:48] CommonAction.INFO: contentType : application/json  
[2023-06-26 07:03:48] CommonAction.INFO: Input Data : {"decoded":{"sub":"1","id":"1","userName":"super admin","userGroup":"1","email":"superadmin@msense.in","hotelId":"4","brandId":"7","iat":1687754417,"exp":1687840817}}  
[2023-06-26 07:03:48] CommonAction.INFO: ======= END Common Action (getAllSideBarMenu) ================  
[2023-06-26 07:05:00] CommonAction.INFO: ======= Start Common Action (getAllSideBarMenu) ================  
[2023-06-26 07:05:00] CommonAction.INFO: method : GET  
[2023-06-26 07:05:00] CommonAction.INFO: contentType : application/json  
[2023-06-26 07:05:00] CommonAction.INFO: Input Data : {"decoded":{"sub":"1","id":"1","userName":"super admin","userGroup":"1","email":"superadmin@msense.in","hotelId":"4","brandId":"7","iat":1687754417,"exp":1687840817}}  
[2023-06-26 07:05:00] CommonAction.INFO: ======= END Common Action (getAllSideBarMenu) ================  
[2023-06-26 07:06:22] CommonAction.INFO: ======= Start Common Action (getAllSideBarMenu) ================  
[2023-06-26 07:06:22] CommonAction.INFO: method : GET  
[2023-06-26 07:06:22] CommonAction.INFO: contentType : application/json  
[2023-06-26 07:06:22] CommonAction.INFO: Input Data : {"decoded":{"sub":"1","id":"1","userName":"super admin","userGroup":"1","email":"superadmin@msense.in","hotelId":"4","brandId":"7","iat":1687754417,"exp":1687840817}}  
[2023-06-26 07:06:22] CommonAction.INFO: ======= END Common Action (getAllSideBarMenu) ================  
[2023-06-26 07:07:31] CommonAction.INFO: ======= Start Common Action (getAllSideBarMenu) ================  
[2023-06-26 07:07:31] CommonAction.INFO: method : GET  
[2023-06-26 07:07:31] CommonAction.INFO: contentType : application/json  
[2023-06-26 07:07:31] CommonAction.INFO: Input Data : {"decoded":{"sub":"1","id":"1","userName":"super admin","userGroup":"1","email":"superadmin@msense.in","hotelId":"4","brandId":"7","iat":1687754417,"exp":1687840817}}  
[2023-06-26 07:07:31] CommonAction.INFO: ======= END Common Action (getAllSideBarMenu) ================  
[2023-06-26 07:07:37] CommonAction.INFO: ======= Start Common Action (getAllSideBarMenu) ================  
[2023-06-26 07:07:37] CommonAction.INFO: method : GET  
[2023-06-26 07:07:37] CommonAction.INFO: contentType : application/json  
[2023-06-26 07:07:37] CommonAction.INFO: Input Data : {"decoded":{"sub":"1","id":"1","userName":"super admin","userGroup":"1","email":"superadmin@msense.in","hotelId":"4","brandId":"7","iat":1687754417,"exp":1687840817}}  
[2023-06-26 07:07:37] CommonAction.INFO: ======= END Common Action (getAllSideBarMenu) ================  
[2023-06-26 07:08:30] CommonAction.INFO: ======= Start Common Action (getAllSideBarMenu) ================  
[2023-06-26 07:08:30] CommonAction.INFO: method : GET  
[2023-06-26 07:08:30] CommonAction.INFO: contentType : application/json  
[2023-06-26 07:08:30] CommonAction.INFO: Input Data : {"decoded":{"sub":"1","id":"1","userName":"super admin","userGroup":"1","email":"superadmin@msense.in","hotelId":"4","brandId":"7","iat":1687754417,"exp":1687840817}}  
[2023-06-26 07:08:30] CommonAction.INFO: ======= END Common Action (getAllSideBarMenu) ================  
[2023-06-26 07:08:39] CommonAction.INFO: ======= Start Common Action (getAllSideBarMenu) ================  
[2023-06-26 07:08:39] CommonAction.INFO: method : GET  
[2023-06-26 07:08:39] CommonAction.INFO: contentType : application/json  
[2023-06-26 07:08:39] CommonAction.INFO: Input Data : {"decoded":{"sub":"1","id":"1","userName":"super admin","userGroup":"1","email":"superadmin@msense.in","hotelId":"4","brandId":"7","iat":1687754417,"exp":1687840817}}  
[2023-06-26 07:08:39] CommonAction.INFO: ======= END Common Action (getAllSideBarMenu) ================  
[2023-06-26 07:14:45] CommonAction.INFO: ======= Start Common Action (getAllSideBarMenu) ================  
[2023-06-26 07:14:45] CommonAction.INFO: method : GET  
[2023-06-26 07:14:45] CommonAction.INFO: contentType : application/json  
[2023-06-26 07:14:45] CommonAction.INFO: Input Data : {"decoded":{"sub":"1","id":"1","userName":"super admin","userGroup":"1","email":"superadmin@msense.in","hotelId":"4","brandId":"7","iat":1687754417,"exp":1687840817}}  
[2023-06-26 07:14:45] CommonAction.INFO: ======= END Common Action (getAllSideBarMenu) ================  
[2023-06-26 07:16:57] CommonAction.INFO: ======= Start Common Action (getAllSideBarMenu) ================  
[2023-06-26 07:16:57] CommonAction.INFO: method : GET  
[2023-06-26 07:16:57] CommonAction.INFO: contentType : application/json  
[2023-06-26 07:16:57] CommonAction.INFO: Input Data : {"decoded":{"sub":"1","id":"1","userName":"super admin","userGroup":"1","email":"superadmin@msense.in","hotelId":"4","brandId":"7","iat":1687754417,"exp":1687840817}}  
[2023-06-26 07:16:57] CommonAction.INFO: ======= END Common Action (getAllSideBarMenu) ================  
[2023-06-26 07:17:29] CommonAction.INFO: ======= Start Common Action (getAllSideBarMenu) ================  
[2023-06-26 07:17:29] CommonAction.INFO: method : GET  
[2023-06-26 07:17:29] CommonAction.INFO: contentType : application/json  
[2023-06-26 07:17:29] CommonAction.INFO: Input Data : {"decoded":{"sub":"1","id":"1","userName":"super admin","userGroup":"1","email":"superadmin@msense.in","hotelId":"4","brandId":"7","iat":1687754417,"exp":1687840817}}  
[2023-06-26 07:17:29] CommonAction.INFO: ======= END Common Action (getAllSideBarMenu) ================  
[2023-06-26 07:18:05] CommonAction.INFO: ======= Start Common Action (getAllSideBarMenu) ================  
[2023-06-26 07:18:05] CommonAction.INFO: method : GET  
[2023-06-26 07:18:05] CommonAction.INFO: contentType : application/json  
[2023-06-26 07:18:05] CommonAction.INFO: Input Data : {"decoded":{"sub":"1","id":"1","userName":"super admin","userGroup":"1","email":"superadmin@msense.in","hotelId":"4","brandId":"7","iat":1687754417,"exp":1687840817}}  
[2023-06-26 07:18:05] CommonAction.INFO: ======= END Common Action (getAllSideBarMenu) ================  
[2023-06-26 07:21:35] CommonAction.INFO: ======= Start Common Action (getAllSideBarMenu) ================  
[2023-06-26 07:21:35] CommonAction.INFO: method : GET  
[2023-06-26 07:21:35] CommonAction.INFO: contentType : application/json  
[2023-06-26 07:21:35] CommonAction.INFO: Input Data : {"decoded":{"sub":"1","id":"1","userName":"super admin","userGroup":"1","email":"superadmin@msense.in","hotelId":"4","brandId":"7","iat":1687754417,"exp":1687840817}}  
[2023-06-26 07:21:35] CommonAction.INFO: ======= END Common Action (getAllSideBarMenu) ================  
[2023-06-26 08:36:46] CommonAction.INFO: ======= Start Common Action (getAllSideBarMenu) ================  
[2023-06-26 08:36:46] CommonAction.INFO: method : GET  
[2023-06-26 08:36:46] CommonAction.INFO: contentType : application/json  
[2023-06-26 08:36:46] CommonAction.INFO: Input Data : {"decoded":{"sub":"1","id":"1","userName":"super admin","userGroup":"1","email":"superadmin@msense.in","hotelId":"4","brandId":"7","iat":1687754417,"exp":1687840817}}  
[2023-06-26 08:36:46] CommonAction.INFO: ======= END Common Action (getAllSideBarMenu) ================  
[2023-06-26 08:42:16] CommonAction.INFO: ======= Start Common Action (getAllSideBarMenu) ================  
[2023-06-26 08:42:16] CommonAction.INFO: method : GET  
[2023-06-26 08:42:16] CommonAction.INFO: contentType : application/json  
[2023-06-26 08:42:16] CommonAction.INFO: Input Data : {"decoded":{"sub":"1","id":"1","userName":"super admin","userGroup":"1","email":"superadmin@msense.in","hotelId":"4","brandId":"7","iat":1687754417,"exp":1687840817}}  
[2023-06-26 08:42:16] CommonAction.INFO: ======= END Common Action (getAllSideBarMenu) ================  
[2023-06-26 08:46:32] CommonAction.INFO: ======= Start Common Action (getAllSideBarMenu) ================  
[2023-06-26 08:46:32] CommonAction.INFO: method : GET  
[2023-06-26 08:46:32] CommonAction.INFO: contentType : application/json  
[2023-06-26 08:46:32] CommonAction.INFO: Input Data : {"decoded":{"sub":"1","id":"1","userName":"super admin","userGroup":"1","email":"superadmin@msense.in","hotelId":"4","brandId":"7","iat":1687754417,"exp":1687840817}}  
[2023-06-26 08:46:32] CommonAction.INFO: ======= END Common Action (getAllSideBarMenu) ================  
[2023-06-26 08:50:03] CommonAction.INFO: ======= Start Common Action (getAllSideBarMenu) ================  
[2023-06-26 08:50:03] CommonAction.INFO: method : GET  
[2023-06-26 08:50:03] CommonAction.INFO: contentType : application/json  
[2023-06-26 08:50:03] CommonAction.INFO: Input Data : {"decoded":{"sub":"1","id":"1","userName":"super admin","userGroup":"1","email":"superadmin@msense.in","hotelId":"4","brandId":"7","iat":1687754417,"exp":1687840817}}  
[2023-06-26 08:50:04] CommonAction.INFO: ======= END Common Action (getAllSideBarMenu) ================  
[2023-06-26 08:52:38] CommonAction.INFO: ======= Start Common Action (getAllSideBarMenu) ================  
[2023-06-26 08:52:38] CommonAction.INFO: method : GET  
[2023-06-26 08:52:38] CommonAction.INFO: contentType : application/json  
[2023-06-26 08:52:38] CommonAction.INFO: Input Data : {"decoded":{"sub":"1","id":"1","userName":"super admin","userGroup":"1","email":"superadmin@msense.in","hotelId":"4","brandId":"7","iat":1687754417,"exp":1687840817}}  
[2023-06-26 08:52:38] CommonAction.INFO: ======= END Common Action (getAllSideBarMenu) ================  
[2023-06-26 08:54:20] CommonAction.INFO: ======= Start Common Action (getAllSideBarMenu) ================  
[2023-06-26 08:54:20] CommonAction.INFO: method : GET  
[2023-06-26 08:54:20] CommonAction.INFO: contentType : application/json  
[2023-06-26 08:54:20] CommonAction.INFO: Input Data : {"decoded":{"sub":"1","id":"1","userName":"super admin","userGroup":"1","email":"superadmin@msense.in","hotelId":"4","brandId":"7","iat":1687754417,"exp":1687840817}}  
[2023-06-26 08:54:20] CommonAction.INFO: ======= END Common Action (getAllSideBarMenu) ================  
[2023-06-26 08:54:27] CommonAction.INFO: ======= Start Common Action (getAllSideBarMenu) ================  
[2023-06-26 08:54:27] CommonAction.INFO: method : GET  
[2023-06-26 08:54:27] CommonAction.INFO: contentType : application/json  
[2023-06-26 08:54:27] CommonAction.INFO: Input Data : {"decoded":{"sub":"1","id":"1","userName":"super admin","userGroup":"1","email":"superadmin@msense.in","hotelId":"4","brandId":"7","iat":1687754417,"exp":1687840817}}  
[2023-06-26 08:54:27] CommonAction.INFO: ======= END Common Action (getAllSideBarMenu) ================  
[2023-06-26 08:57:37] CommonAction.INFO: ======= Start Common Action (getAllSideBarMenu) ================  
[2023-06-26 08:57:37] CommonAction.INFO: method : GET  
[2023-06-26 08:57:37] CommonAction.INFO: contentType : application/json  
[2023-06-26 08:57:37] CommonAction.INFO: Input Data : {"decoded":{"sub":"1","id":"1","userName":"super admin","userGroup":"1","email":"superadmin@msense.in","hotelId":"4","brandId":"7","iat":1687754417,"exp":1687840817}}  
[2023-06-26 08:57:37] CommonAction.INFO: ======= END Common Action (getAllSideBarMenu) ================  
[2023-06-26 09:09:54] CommonAction.INFO: ======= Start Common Action (getAllSideBarMenu) ================  
[2023-06-26 09:09:54] CommonAction.INFO: method : GET  
[2023-06-26 09:09:54] CommonAction.INFO: contentType : application/json  
[2023-06-26 09:09:54] CommonAction.INFO: Input Data : {"decoded":{"sub":"1","id":"1","userName":"super admin","userGroup":"1","email":"superadmin@msense.in","hotelId":"4","brandId":"7","iat":1687754417,"exp":1687840817}}  
[2023-06-26 09:09:54] CommonAction.INFO: ======= END Common Action (getAllSideBarMenu) ================  
[2023-06-26 09:11:04] CommonAction.INFO: ======= Start Common Action (getAllSideBarMenu) ================  
[2023-06-26 09:11:04] CommonAction.INFO: method : GET  
[2023-06-26 09:11:04] CommonAction.INFO: contentType : application/json  
[2023-06-26 09:11:04] CommonAction.INFO: Input Data : {"decoded":{"sub":"1","id":"1","userName":"super admin","userGroup":"1","email":"superadmin@msense.in","hotelId":"4","brandId":"7","iat":1687754417,"exp":1687840817}}  
[2023-06-26 09:11:05] CommonAction.INFO: ======= END Common Action (getAllSideBarMenu) ================  
[2023-06-26 09:18:02] CommonAction.INFO: ======= Start Common Action (getAllSideBarMenu) ================  
[2023-06-26 09:18:02] CommonAction.INFO: method : GET  
[2023-06-26 09:18:02] CommonAction.INFO: contentType : application/json  
[2023-06-26 09:18:02] CommonAction.INFO: Input Data : {"decoded":{"sub":"1","id":"1","userName":"super admin","userGroup":"1","email":"superadmin@msense.in","hotelId":"4","brandId":"7","iat":1687754417,"exp":1687840817}}  
[2023-06-26 09:18:02] CommonAction.INFO: ======= END Common Action (getAllSideBarMenu) ================  
[2023-06-26 09:23:18] CommonAction.INFO: ======= Start Common Action (getAllSideBarMenu) ================  
[2023-06-26 09:23:18] CommonAction.INFO: method : GET  
[2023-06-26 09:23:18] CommonAction.INFO: contentType : application/json  
[2023-06-26 09:23:18] CommonAction.INFO: Input Data : {"decoded":{"sub":"1","id":"1","userName":"super admin","userGroup":"1","email":"superadmin@msense.in","hotelId":"4","brandId":"7","iat":1687754417,"exp":1687840817}}  
[2023-06-26 09:23:18] CommonAction.INFO: ======= END Common Action (getAllSideBarMenu) ================  
[2023-06-26 09:24:07] CommonAction.INFO: ======= Start Common Action (getAllSideBarMenu) ================  
[2023-06-26 09:24:07] CommonAction.INFO: method : GET  
[2023-06-26 09:24:07] CommonAction.INFO: contentType : application/json  
[2023-06-26 09:24:07] CommonAction.INFO: Input Data : {"decoded":{"sub":"1","id":"1","userName":"super admin","userGroup":"1","email":"superadmin@msense.in","hotelId":"4","brandId":"7","iat":1687754417,"exp":1687840817}}  
[2023-06-26 09:24:07] CommonAction.INFO: ======= END Common Action (getAllSideBarMenu) ================  
[2023-06-26 09:24:22] CommonAction.INFO: ======= Start Common Action (getAllSideBarMenu) ================  
[2023-06-26 09:24:22] CommonAction.INFO: method : GET  
[2023-06-26 09:24:22] CommonAction.INFO: contentType : application/json  
[2023-06-26 09:24:22] CommonAction.INFO: Input Data : {"decoded":{"sub":"1","id":"1","userName":"super admin","userGroup":"1","email":"superadmin@msense.in","hotelId":"4","brandId":"7","iat":1687754417,"exp":1687840817}}  
[2023-06-26 09:24:22] CommonAction.INFO: ======= END Common Action (getAllSideBarMenu) ================  
[2023-06-26 09:29:59] CommonAction.INFO: ======= Start Common Action (getAllSideBarMenu) ================  
[2023-06-26 09:29:59] CommonAction.INFO: method : GET  
[2023-06-26 09:29:59] CommonAction.INFO: contentType : application/json  
[2023-06-26 09:29:59] CommonAction.INFO: Input Data : {"decoded":{"sub":"1","id":"1","userName":"super admin","userGroup":"1","email":"superadmin@msense.in","hotelId":"4","brandId":"7","iat":1687754417,"exp":1687840817}}  
[2023-06-26 09:29:59] CommonAction.INFO: ======= END Common Action (getAllSideBarMenu) ================  
[2023-06-26 09:30:58] CommonAction.INFO: ======= Start Common Action (getAllSideBarMenu) ================  
[2023-06-26 09:30:58] CommonAction.INFO: method : GET  
[2023-06-26 09:30:58] CommonAction.INFO: contentType : application/json  
[2023-06-26 09:30:58] CommonAction.INFO: Input Data : {"decoded":{"sub":"1","id":"1","userName":"super admin","userGroup":"1","email":"superadmin@msense.in","hotelId":"4","brandId":"7","iat":1687754417,"exp":1687840817}}  
[2023-06-26 09:30:58] CommonAction.INFO: ======= END Common Action (getAllSideBarMenu) ================  
[2023-06-26 09:31:03] CommonAction.INFO: ======= Start Common Action (getAllSideBarMenu) ================  
[2023-06-26 09:31:03] CommonAction.INFO: method : GET  
[2023-06-26 09:31:03] CommonAction.INFO: contentType : application/json  
[2023-06-26 09:31:03] CommonAction.INFO: Input Data : {"decoded":{"sub":"1","id":"1","userName":"super admin","userGroup":"1","email":"superadmin@msense.in","hotelId":"4","brandId":"7","iat":1687754417,"exp":1687840817}}  
[2023-06-26 09:31:03] CommonAction.INFO: ======= END Common Action (getAllSideBarMenu) ================  
[2023-06-26 09:32:11] CommonAction.INFO: ======= Start Common Action (getAllSideBarMenu) ================  
[2023-06-26 09:32:11] CommonAction.INFO: method : GET  
[2023-06-26 09:32:11] CommonAction.INFO: contentType : application/json  
[2023-06-26 09:32:11] CommonAction.INFO: Input Data : {"decoded":{"sub":"1","id":"1","userName":"super admin","userGroup":"1","email":"superadmin@msense.in","hotelId":"4","brandId":"7","iat":1687754417,"exp":1687840817}}  
[2023-06-26 09:32:11] CommonAction.INFO: ======= END Common Action (getAllSideBarMenu) ================  
[2023-06-26 09:32:14] CommonAction.INFO: ======= Start Common Action (getAllSideBarMenu) ================  
[2023-06-26 09:32:14] CommonAction.INFO: method : GET  
[2023-06-26 09:32:14] CommonAction.INFO: contentType : application/json  
[2023-06-26 09:32:14] CommonAction.INFO: Input Data : {"decoded":{"sub":"1","id":"1","userName":"super admin","userGroup":"1","email":"superadmin@msense.in","hotelId":"4","brandId":"7","iat":1687754417,"exp":1687840817}}  
[2023-06-26 09:32:14] CommonAction.INFO: ======= END Common Action (getAllSideBarMenu) ================  
