[2023-06-26 05:18:34] ChannelRepository.INFO: ======= Start Channel Repository ================  
[2023-06-26 05:18:34] ChannelRepository.INFO: Input Data : {"channelname":"test","decoded":{"sub":"1","id":"1","userName":"super admin","userGroup":"1","email":"superadmin@msense.in","hotelId":"4","brandId":"7","iat":1687756602,"exp":1687843002}}  
[2023-06-26 05:18:34] ChannelRepository.INFO: Insert Status : {"msg":"Channel Name Already Available","status":"FAILURE"}  
[2023-06-26 05:18:34] ChannelRepository.INFO: ======= End Channel Repository ================  
[2023-06-26 05:19:17] ChannelRepository.INFO: ======= Start Channel Repository ================  
[2023-06-26 05:19:17] ChannelRepository.INFO: Input Data : {"channelname":"test","decoded":{"sub":"1","id":"1","userName":"super admin","userGroup":"1","email":"superadmin@msense.in","hotelId":"4","brandId":"7","iat":1687756602,"exp":1687843002}}  
[2023-06-26 05:19:17] ChannelRepository.INFO: Insert Status : {"msg":"Channel Name Already Available","status":"FAILURE"}  
[2023-06-26 05:19:17] ChannelRepository.INFO: ======= End Channel Repository ================  
[2023-06-26 05:19:56] ChannelRepository.INFO: ======= Start Channel Repository ================  
[2023-06-26 05:19:56] ChannelRepository.INFO: Input Data : {"channelname":"test","channelimg":"","decoded":{"sub":"1","id":"1","userName":"super admin","userGroup":"1","email":"superadmin@msense.in","hotelId":"4","brandId":"7","iat":1687756602,"exp":1687843002}}  
[2023-06-26 05:19:56] ChannelRepository.ERROR: Error Code : 301Error Message : Channel image required  
[2023-06-26 05:19:56] ChannelRepository.ERROR: Error File : /var/www/projects/ottproduct/api/v1/src/Domain/Repository/Channel/ChannelRepository.phpError Line : 164  
[2023-06-26 05:19:56] ChannelRepository.INFO: ======= End Channel Repository ================  
[2023-06-26 05:20:00] ChannelRepository.INFO: ======= Start Channel Repository ================  
[2023-06-26 05:20:00] ChannelRepository.INFO: Input Data : {"channelname":"test","channelimg":"","decoded":{"sub":"1","id":"1","userName":"super admin","userGroup":"1","email":"superadmin@msense.in","hotelId":"4","brandId":"7","iat":1687756602,"exp":1687843002}}  
[2023-06-26 05:20:00] ChannelRepository.ERROR: Error Code : 301Error Message : Channel image required  
[2023-06-26 05:20:00] ChannelRepository.ERROR: Error File : /var/www/projects/ottproduct/api/v1/src/Domain/Repository/Channel/ChannelRepository.phpError Line : 164  
[2023-06-26 05:20:00] ChannelRepository.INFO: ======= End Channel Repository ================  
[2023-06-26 05:21:37] ChannelRepository.INFO: ======= Start Channel Repository ================  
[2023-06-26 05:21:37] ChannelRepository.INFO: Input Data : {"channelname":"fdassdfd","channelimg":"","decoded":{"sub":"1","id":"1","userName":"super admin","userGroup":"1","email":"superadmin@msense.in","hotelId":"4","brandId":"7","iat":1687756602,"exp":1687843002}}  
[2023-06-26 05:21:37] ChannelRepository.ERROR: Error Code : 301Error Message : Channel image required  
[2023-06-26 05:21:37] ChannelRepository.ERROR: Error File : /var/www/projects/ottproduct/api/v1/src/Domain/Repository/Channel/ChannelRepository.phpError Line : 164  
[2023-06-26 05:21:37] ChannelRepository.INFO: ======= End Channel Repository ================  
[2023-06-26 05:21:45] ChannelRepository.INFO: ======= Start Channel Repository ================  
[2023-06-26 05:21:45] ChannelRepository.INFO: Input Data : {"channelname":"fdassdfd","channelimg":"","decoded":{"sub":"1","id":"1","userName":"super admin","userGroup":"1","email":"superadmin@msense.in","hotelId":"4","brandId":"7","iat":1687756602,"exp":1687843002}}  
[2023-06-26 05:21:45] ChannelRepository.ERROR: Error Code : 301Error Message : Channel image required  
[2023-06-26 05:21:45] ChannelRepository.ERROR: Error File : /var/www/projects/ottproduct/api/v1/src/Domain/Repository/Channel/ChannelRepository.phpError Line : 164  
[2023-06-26 05:21:45] ChannelRepository.INFO: ======= End Channel Repository ================  
[2023-06-26 05:22:14] ChannelRepository.INFO: ======= Start Channel Repository ================  
[2023-06-26 05:22:14] ChannelRepository.INFO: Input Data : {"channelname":"fdassdfd","channelimg":"","decoded":{"sub":"1","id":"1","userName":"super admin","userGroup":"1","email":"superadmin@msense.in","hotelId":"4","brandId":"7","iat":1687756602,"exp":1687843002}}  
[2023-06-26 05:22:14] ChannelRepository.ERROR: Error Code : 301Error Message : Channel image required  
[2023-06-26 05:22:14] ChannelRepository.ERROR: Error File : /var/www/projects/ottproduct/api/v1/src/Domain/Repository/Channel/ChannelRepository.phpError Line : 164  
[2023-06-26 05:22:14] ChannelRepository.INFO: ======= End Channel Repository ================  
[2023-06-26 05:23:08] ChannelRepository.INFO: ======= Start Channel Repository ================  
[2023-06-26 05:23:08] ChannelRepository.INFO: Input Data : {"channelname":"test","decoded":{"sub":"1","id":"1","userName":"super admin","userGroup":"1","email":"superadmin@msense.in","hotelId":"4","brandId":"7","iat":1687756602,"exp":1687843002}}  
[2023-06-26 05:23:08] ChannelRepository.INFO: Insert Status : {"msg":"Channel Name Already Available","status":"FAILURE"}  
[2023-06-26 05:23:08] ChannelRepository.INFO: ======= End Channel Repository ================  
[2023-06-26 05:23:51] ChannelRepository.INFO: ======= Start Channel Repository ================  
[2023-06-26 05:23:51] ChannelRepository.INFO: Input Data : {"channelname":"fadsds","decoded":{"sub":"1","id":"1","userName":"super admin","userGroup":"1","email":"superadmin@msense.in","hotelId":"4","brandId":"7","iat":1687756602,"exp":1687843002}}  
[2023-06-26 05:23:51] ChannelRepository.INFO: Insert Status : {"msg":"Channel Name Already Available","status":"FAILURE"}  
[2023-06-26 05:23:51] ChannelRepository.INFO: ======= End Channel Repository ================  
[2023-06-26 05:24:52] ChannelRepository.INFO: ======= Start Channel Repository ================  
[2023-06-26 05:24:52] ChannelRepository.INFO: ======= End Channel Repository ================  
[2023-06-26 05:25:09] ChannelRepository.INFO: ======= Start Channel Repository ================  
[2023-06-26 05:25:09] ChannelRepository.INFO: Input Data : {"channelname":"test","decoded":{"sub":"1","id":"1","userName":"super admin","userGroup":"1","email":"superadmin@msense.in","hotelId":"4","brandId":"7","iat":1687756602,"exp":1687843002}}  
[2023-06-26 05:25:09] ChannelRepository.INFO: Insert Status : {"msg":"Channel Name Already Available","status":"FAILURE"}  
[2023-06-26 05:25:09] ChannelRepository.INFO: ======= End Channel Repository ================  
[2023-06-26 05:25:41] ChannelRepository.INFO: ======= Start Channel Repository ================  
[2023-06-26 05:25:41] ChannelRepository.INFO: Input Data : {"channelname":"test","decoded":{"sub":"1","id":"1","userName":"super admin","userGroup":"1","email":"superadmin@msense.in","hotelId":"4","brandId":"7","iat":1687756602,"exp":1687843002}}  
[2023-06-26 05:25:41] ChannelRepository.INFO: Insert Status : {"msg":"Channel Name Already Available","status":"FAILURE"}  
[2023-06-26 05:25:41] ChannelRepository.INFO: ======= End Channel Repository ================  
[2023-06-26 05:26:25] ChannelRepository.INFO: ======= Start Channel Repository ================  
[2023-06-26 05:26:25] ChannelRepository.INFO: Input Data : {"channelname":"test10","decoded":{"sub":"1","id":"1","userName":"super admin","userGroup":"1","email":"superadmin@msense.in","hotelId":"4","brandId":"7","iat":1687756602,"exp":1687843002}}  
[2023-06-26 05:26:25] ChannelRepository.INFO: Insert Status : {"msg":"Channel Name Already Available","status":"FAILURE"}  
[2023-06-26 05:26:25] ChannelRepository.INFO: ======= End Channel Repository ================  
[2023-06-26 05:32:10] ChannelRepository.INFO: ======= Start Channel Repository ================  
[2023-06-26 05:32:10] ChannelRepository.INFO: Input Data : {"channelname":"test","channelimg":"","decoded":{"sub":"1","id":"1","userName":"super admin","userGroup":"1","email":"superadmin@msense.in","hotelId":"4","brandId":"7","iat":1687754517,"exp":1687840917}}  
[2023-06-26 05:32:10] ChannelRepository.ERROR: Error Code : 301Error Message : Channel image required  
[2023-06-26 05:32:10] ChannelRepository.ERROR: Error File : /var/www/projects/ottproduct/api/v1/src/Domain/Repository/Channel/ChannelRepository.phpError Line : 164  
[2023-06-26 05:32:10] ChannelRepository.INFO: ======= End Channel Repository ================  
[2023-06-26 05:32:17] ChannelRepository.INFO: ======= Start Channel Repository ================  
[2023-06-26 05:32:17] ChannelRepository.INFO: Input Data : {"channelname":"test","decoded":{"sub":"1","id":"1","userName":"super admin","userGroup":"1","email":"superadmin@msense.in","hotelId":"4","brandId":"7","iat":1687754517,"exp":1687840917}}  
[2023-06-26 05:32:17] ChannelRepository.INFO: Insert Status : {"msg":"Channel Updated SuccessFully","status":"Success"}  
[2023-06-26 05:32:17] ChannelRepository.INFO: ======= End Channel Repository ================  
[2023-06-26 05:32:52] ChannelRepository.INFO: ======= Start Channel Repository ================  
[2023-06-26 05:32:52] ChannelRepository.INFO: Input Data : {"channelname":"test10","channelimg":"","decoded":{"sub":"1","id":"1","userName":"super admin","userGroup":"1","email":"superadmin@msense.in","hotelId":"4","brandId":"7","iat":1687754517,"exp":1687840917}}  
[2023-06-26 05:32:52] ChannelRepository.ERROR: Error Code : 301Error Message : Channel image required  
[2023-06-26 05:32:52] ChannelRepository.ERROR: Error File : /var/www/projects/ottproduct/api/v1/src/Domain/Repository/Channel/ChannelRepository.phpError Line : 164  
[2023-06-26 05:32:52] ChannelRepository.INFO: ======= End Channel Repository ================  
[2023-06-26 05:32:57] ChannelRepository.INFO: ======= Start Channel Repository ================  
[2023-06-26 05:32:57] ChannelRepository.INFO: Input Data : {"channelname":"test10","decoded":{"sub":"1","id":"1","userName":"super admin","userGroup":"1","email":"superadmin@msense.in","hotelId":"4","brandId":"7","iat":1687754517,"exp":1687840917}}  
[2023-06-26 05:32:57] ChannelRepository.INFO: Insert Status : {"msg":"Channel Updated SuccessFully","status":"Success"}  
[2023-06-26 05:32:57] ChannelRepository.INFO: ======= End Channel Repository ================  
[2023-06-26 05:33:05] ChannelRepository.INFO: ======= Start Channel Repository ================  
[2023-06-26 05:33:05] ChannelRepository.INFO: Input Data : {"channelname":"test10","decoded":{"sub":"1","id":"1","userName":"super admin","userGroup":"1","email":"superadmin@msense.in","hotelId":"4","brandId":"7","iat":1687754517,"exp":1687840917}}  
[2023-06-26 05:33:05] ChannelRepository.INFO: Insert Status : {"msg":"Channel Updated SuccessFully","status":"Success"}  
[2023-06-26 05:33:05] ChannelRepository.INFO: ======= End Channel Repository ================  
[2023-06-26 05:33:17] ChannelRepository.INFO: ======= Start Channel Repository ================  
[2023-06-26 05:33:17] ChannelRepository.INFO: Input Data : {"channelname":"test","channelimg":"","decoded":{"sub":"1","id":"1","userName":"super admin","userGroup":"1","email":"superadmin@msense.in","hotelId":"4","brandId":"7","iat":1687754517,"exp":1687840917}}  
[2023-06-26 05:33:17] ChannelRepository.ERROR: Error Code : 301Error Message : Channel image required  
[2023-06-26 05:33:17] ChannelRepository.ERROR: Error File : /var/www/projects/ottproduct/api/v1/src/Domain/Repository/Channel/ChannelRepository.phpError Line : 164  
[2023-06-26 05:33:17] ChannelRepository.INFO: ======= End Channel Repository ================  
[2023-06-26 05:33:25] ChannelRepository.INFO: ======= Start Channel Repository ================  
[2023-06-26 05:33:25] ChannelRepository.INFO: Input Data : {"channelname":"test","decoded":{"sub":"1","id":"1","userName":"super admin","userGroup":"1","email":"superadmin@msense.in","hotelId":"4","brandId":"7","iat":1687754517,"exp":1687840917}}  
[2023-06-26 05:33:25] ChannelRepository.INFO: Insert Status : {"msg":"Channel Name Already Available","status":"FAILURE"}  
[2023-06-26 05:33:25] ChannelRepository.INFO: ======= End Channel Repository ================  
