[2023-06-26 04:40:17] LoginAction.INFO: ======= Start Login Action ================  
[2023-06-26 04:40:17] LoginAction.INFO: Input Data : {"email":"superadmin@msense.in","password":"1234567"}  
[2023-06-26 04:40:17] LoginModel.INFO: Query : call SP_Doauth('superadmin@msense.in','QUwxT0hwRExsV2g4VXpFNkdocllPQT09')  
[2023-06-26 04:40:17] LoginModel.INFO: User Data : {"username":"super admin","userGroup":"1","loginid":"1","email":"superadmin@msense.in","mobileno":"9677889090","designation":"Manage_rCate","hotelId":"4","brandId":"7"}  
[2023-06-26 04:40:17] LoginAction.INFO: ======= END Login Action ================  
[2023-06-26 04:41:12] LoginAction.INFO: ======= Start Login Action ================  
[2023-06-26 04:41:12] LoginAction.INFO: Input Data : {"email":"superadmin@msense.in","password":"1234567"}  
[2023-06-26 04:41:12] LoginModel.INFO: Query : call SP_Doauth('superadmin@msense.in','QUwxT0hwRExsV2g4VXpFNkdocllPQT09')  
[2023-06-26 04:41:12] LoginModel.INFO: User Data : {"username":"super admin","userGroup":"1","loginid":"1","email":"superadmin@msense.in","mobileno":"9677889090","designation":"Manage_rCate","hotelId":"4","brandId":"7"}  
[2023-06-26 04:41:12] LoginAction.INFO: ======= END Login Action ================  
[2023-06-26 04:41:57] LoginAction.INFO: ======= Start Login Action ================  
[2023-06-26 04:41:57] LoginAction.INFO: Input Data : {"email":"superadmin@msense.in","password":"1234567"}  
[2023-06-26 04:41:57] LoginModel.INFO: Query : call SP_Doauth('superadmin@msense.in','QUwxT0hwRExsV2g4VXpFNkdocllPQT09')  
[2023-06-26 04:41:57] LoginModel.INFO: User Data : {"username":"super admin","userGroup":"1","loginid":"1","email":"superadmin@msense.in","mobileno":"9677889090","designation":"Manage_rCate","hotelId":"4","brandId":"7"}  
[2023-06-26 04:41:57] LoginAction.INFO: ======= END Login Action ================  
[2023-06-26 05:16:42] LoginAction.INFO: ======= Start Login Action ================  
[2023-06-26 05:16:42] LoginAction.INFO: Input Data : {"email":"superadmin@msense.in","password":"1234567"}  
[2023-06-26 05:16:42] LoginModel.INFO: Query : call SP_Doauth('superadmin@msense.in','QUwxT0hwRExsV2g4VXpFNkdocllPQT09')  
[2023-06-26 05:16:42] LoginModel.INFO: User Data : {"username":"super admin","userGroup":"1","loginid":"1","email":"superadmin@msense.in","mobileno":"9677889090","designation":"Manage_rCate","hotelId":"4","brandId":"7"}  
[2023-06-26 05:16:42] LoginAction.INFO: ======= END Login Action ================  
[2023-06-26 06:54:12] LoginAction.INFO: ======= Start Login Action ================  
[2023-06-26 06:54:12] LoginAction.INFO: Input Data : {"email":"superadmin@msense.in","password":"1234567"}  
[2023-06-26 06:54:12] LoginModel.INFO: Query : call SP_Doauth('superadmin@msense.in','QUwxT0hwRExsV2g4VXpFNkdocllPQT09')  
[2023-06-26 06:54:12] LoginModel.INFO: User Data : {"username":"super admin","userGroup":"1","loginid":"1","email":"superadmin@msense.in","mobileno":"9677889090","designation":"Manage_rCate","hotelId":"4","brandId":"7"}  
[2023-06-26 06:54:12] LoginAction.INFO: ======= END Login Action ================  
[2023-06-26 09:25:21] LoginAction.INFO: ======= Start Login Action ================  
[2023-06-26 09:25:21] LoginAction.INFO: Input Data : {"email":"superadmin@msense.in","password":"1234567"}  
[2023-06-26 09:25:21] LoginModel.INFO: Query : call SP_Doauth('superadmin@msense.in','QUwxT0hwRExsV2g4VXpFNkdocllPQT09')  
[2023-06-26 09:25:21] LoginModel.INFO: User Data : {"username":"super admin","userGroup":"1","loginid":"1","email":"superadmin@msense.in","mobileno":"9677889090","designation":"Manage_rCate","hotelId":"4","brandId":"7"}  
[2023-06-26 09:25:21] LoginAction.INFO: ======= END Login Action ================  
