[2023-06-26 04:40:20] TvtempRepository.INFO: ======= Start TV Repository (Get All ChannelFeed List) ================  
[2023-06-26 04:40:20] TvtempModel.INFO: Query : CALL SP_TvtemplateDetails('CHNLTYPE')  
[2023-06-26 04:40:20] TvtempRepository.INFO: ======= Start TV Repository (Get All Template List)================  
[2023-06-26 04:40:20] TvtempModel.INFO: Query : CALL SP_TvtemplateDetails('LIST')  
[2023-06-26 04:40:20] TvtempRepository.INFO: ======= Start TV Repository (Get All Feature List)================  
[2023-06-26 04:40:20] TvtempModel.INFO: Query : CALL SP_TvtemplateDetails('FEATURE')  
[2023-06-26 04:40:20] TvtempModel.INFO: get All Template (count) : 3  
[2023-06-26 04:40:20] TvtempRepository.INFO: ======= End TV Repository (Get All ChannelFeed List) ================  
[2023-06-26 04:40:20] TvtempModel.INFO: get All Template (count) : 6  
[2023-06-26 04:40:20] TvtempRepository.INFO: ======= End TV Repository (Get All Template List)================  
[2023-06-26 04:40:20] TvtempModel.INFO: get All Template (count) : 7  
[2023-06-26 04:40:20] TvtempRepository.INFO: ======= End TV Repository (Get All Feature List)================  
[2023-06-26 04:42:27] TvtempRepository.INFO: ======= Start TV Repository (Get All Feature List)================  
[2023-06-26 04:42:27] TvtempModel.INFO: Query : CALL SP_TvtemplateDetails('FEATURE')  
[2023-06-26 04:42:27] TvtempModel.INFO: get All Template (count) : 7  
[2023-06-26 04:42:27] TvtempRepository.INFO: ======= End TV Repository (Get All Feature List)================  
[2023-06-26 04:42:27] TvtempRepository.INFO: ======= Start TV Repository (Get All Template List)================  
[2023-06-26 04:42:27] TvtempModel.INFO: Query : CALL SP_TvtemplateDetails('LIST')  
[2023-06-26 04:42:27] TvtempRepository.INFO: ======= Start TV Repository (Get All ChannelFeed List) ================  
[2023-06-26 04:42:27] TvtempModel.INFO: Query : CALL SP_TvtemplateDetails('CHNLTYPE')  
[2023-06-26 04:42:27] TvtempModel.INFO: get All Template (count) : 6  
[2023-06-26 04:42:27] TvtempRepository.INFO: ======= End TV Repository (Get All Template List)================  
[2023-06-26 04:42:27] TvtempModel.INFO: get All Template (count) : 3  
[2023-06-26 04:42:27] TvtempRepository.INFO: ======= End TV Repository (Get All ChannelFeed List) ================  
[2023-06-26 04:46:38] TvtempRepository.INFO: ======= Start TV Repository (Get All Template List)================  
[2023-06-26 04:46:38] TvtempModel.INFO: Query : CALL SP_TvtemplateDetails('LIST')  
[2023-06-26 04:46:38] TvtempModel.INFO: get All Template (count) : 6  
[2023-06-26 04:46:38] TvtempRepository.INFO: ======= End TV Repository (Get All Template List)================  
[2023-06-26 04:46:38] TvtempRepository.INFO: ======= Start TV Repository (Get All Feature List)================  
[2023-06-26 04:46:38] TvtempModel.INFO: Query : CALL SP_TvtemplateDetails('FEATURE')  
[2023-06-26 04:46:38] TvtempModel.INFO: get All Template (count) : 7  
[2023-06-26 04:46:38] TvtempRepository.INFO: ======= End TV Repository (Get All Feature List)================  
[2023-06-26 04:46:38] TvtempRepository.INFO: ======= Start TV Repository (Get All ChannelFeed List) ================  
[2023-06-26 04:46:38] TvtempModel.INFO: Query : CALL SP_TvtemplateDetails('CHNLTYPE')  
[2023-06-26 04:46:38] TvtempModel.INFO: get All Template (count) : 3  
[2023-06-26 04:46:38] TvtempRepository.INFO: ======= End TV Repository (Get All ChannelFeed List) ================  
[2023-06-26 04:47:12] TvtempRepository.INFO: ======= Start TV Repository (Get All ChannelFeed List) ================  
[2023-06-26 04:47:12] TvtempModel.INFO: Query : CALL SP_TvtemplateDetails('CHNLTYPE')  
[2023-06-26 04:47:12] TvtempModel.INFO: get All Template (count) : 3  
[2023-06-26 04:47:12] TvtempRepository.INFO: ======= End TV Repository (Get All ChannelFeed List) ================  
[2023-06-26 04:47:12] TvtempRepository.INFO: ======= Start TV Repository (Get All Template List)================  
[2023-06-26 04:47:12] TvtempModel.INFO: Query : CALL SP_TvtemplateDetails('LIST')  
[2023-06-26 04:47:12] TvtempModel.INFO: get All Template (count) : 6  
[2023-06-26 04:47:12] TvtempRepository.INFO: ======= End TV Repository (Get All Template List)================  
[2023-06-26 04:47:12] TvtempRepository.INFO: ======= Start TV Repository (Get All Feature List)================  
[2023-06-26 04:47:12] TvtempModel.INFO: Query : CALL SP_TvtemplateDetails('FEATURE')  
[2023-06-26 04:47:12] TvtempModel.INFO: get All Template (count) : 7  
[2023-06-26 04:47:12] TvtempRepository.INFO: ======= End TV Repository (Get All Feature List)================  
[2023-06-26 04:49:24] TvtempRepository.INFO: ======= Start TV Repository (Get All Feature List)================  
[2023-06-26 04:49:24] TvtempModel.INFO: Query : CALL SP_TvtemplateDetails('FEATURE')  
[2023-06-26 04:49:24] TvtempRepository.INFO: ======= Start TV Repository (Get All Template List)================  
[2023-06-26 04:49:24] TvtempModel.INFO: Query : CALL SP_TvtemplateDetails('LIST')  
[2023-06-26 04:49:24] TvtempRepository.INFO: ======= Start TV Repository (Get All ChannelFeed List) ================  
[2023-06-26 04:49:24] TvtempModel.INFO: Query : CALL SP_TvtemplateDetails('CHNLTYPE')  
[2023-06-26 04:49:24] TvtempModel.INFO: get All Template (count) : 6  
[2023-06-26 04:49:24] TvtempRepository.INFO: ======= End TV Repository (Get All Template List)================  
[2023-06-26 04:49:24] TvtempModel.INFO: get All Template (count) : 3  
[2023-06-26 04:49:24] TvtempRepository.INFO: ======= End TV Repository (Get All ChannelFeed List) ================  
[2023-06-26 04:49:24] TvtempModel.INFO: get All Template (count) : 7  
[2023-06-26 04:49:24] TvtempRepository.INFO: ======= End TV Repository (Get All Feature List)================  
[2023-06-26 04:53:26] TvtempRepository.INFO: ======= Start TV Repository (Get All ChannelFeed List) ================  
[2023-06-26 04:53:26] TvtempModel.INFO: Query : CALL SP_TvtemplateDetails('CHNLTYPE')  
[2023-06-26 04:53:26] TvtempRepository.INFO: ======= Start TV Repository (Get All Template List)================  
[2023-06-26 04:53:26] TvtempModel.INFO: Query : CALL SP_TvtemplateDetails('LIST')  
[2023-06-26 04:53:26] TvtempRepository.INFO: ======= Start TV Repository (Get All Feature List)================  
[2023-06-26 04:53:26] TvtempModel.INFO: Query : CALL SP_TvtemplateDetails('FEATURE')  
[2023-06-26 04:53:26] TvtempModel.INFO: get All Template (count) : 3  
[2023-06-26 04:53:26] TvtempRepository.INFO: ======= End TV Repository (Get All ChannelFeed List) ================  
[2023-06-26 04:53:26] TvtempModel.INFO: get All Template (count) : 6  
[2023-06-26 04:53:26] TvtempRepository.INFO: ======= End TV Repository (Get All Template List)================  
[2023-06-26 04:53:26] TvtempModel.INFO: get All Template (count) : 7  
[2023-06-26 04:53:26] TvtempRepository.INFO: ======= End TV Repository (Get All Feature List)================  
[2023-06-26 05:01:01] TvtempRepository.INFO: ======= Start TV Repository (Get All Feature List)================  
[2023-06-26 05:01:01] TvtempModel.INFO: Query : CALL SP_TvtemplateDetails('FEATURE')  
[2023-06-26 05:01:01] TvtempRepository.INFO: ======= Start TV Repository (Get All Template List)================  
[2023-06-26 05:01:01] TvtempModel.INFO: Query : CALL SP_TvtemplateDetails('LIST')  
[2023-06-26 05:01:01] TvtempRepository.INFO: ======= Start TV Repository (Get All ChannelFeed List) ================  
[2023-06-26 05:01:01] TvtempModel.INFO: Query : CALL SP_TvtemplateDetails('CHNLTYPE')  
[2023-06-26 05:01:01] TvtempModel.INFO: get All Template (count) : 7  
[2023-06-26 05:01:01] TvtempRepository.INFO: ======= End TV Repository (Get All Feature List)================  
[2023-06-26 05:01:01] TvtempModel.INFO: get All Template (count) : 6  
[2023-06-26 05:01:01] TvtempRepository.INFO: ======= End TV Repository (Get All Template List)================  
[2023-06-26 05:01:01] TvtempModel.INFO: get All Template (count) : 3  
[2023-06-26 05:01:01] TvtempRepository.INFO: ======= End TV Repository (Get All ChannelFeed List) ================  
[2023-06-26 05:07:21] TvtempRepository.INFO: ======= Start TV Repository (Get All ChannelFeed List) ================  
[2023-06-26 05:07:21] TvtempModel.INFO: Query : CALL SP_TvtemplateDetails('CHNLTYPE')  
[2023-06-26 05:07:21] TvtempModel.INFO: get All Template (count) : 3  
[2023-06-26 05:07:21] TvtempRepository.INFO: ======= End TV Repository (Get All ChannelFeed List) ================  
[2023-06-26 05:07:21] TvtempRepository.INFO: ======= Start TV Repository (Get All Template List)================  
[2023-06-26 05:07:21] TvtempModel.INFO: Query : CALL SP_TvtemplateDetails('LIST')  
[2023-06-26 05:07:21] TvtempRepository.INFO: ======= Start TV Repository (Get All Feature List)================  
[2023-06-26 05:07:21] TvtempModel.INFO: Query : CALL SP_TvtemplateDetails('FEATURE')  
[2023-06-26 05:07:21] TvtempModel.INFO: get All Template (count) : 6  
[2023-06-26 05:07:21] TvtempRepository.INFO: ======= End TV Repository (Get All Template List)================  
[2023-06-26 05:07:21] TvtempModel.INFO: get All Template (count) : 7  
[2023-06-26 05:07:21] TvtempRepository.INFO: ======= End TV Repository (Get All Feature List)================  
[2023-06-26 05:12:50] TvtempRepository.INFO: ======= Start TV Repository (Get All Template List)================  
[2023-06-26 05:12:50] TvtempModel.INFO: Query : CALL SP_TvtemplateDetails('LIST')  
[2023-06-26 05:12:50] TvtempModel.INFO: get All Template (count) : 6  
[2023-06-26 05:12:50] TvtempRepository.INFO: ======= End TV Repository (Get All Template List)================  
[2023-06-26 05:12:50] TvtempRepository.INFO: ======= Start TV Repository (Get All ChannelFeed List) ================  
[2023-06-26 05:12:50] TvtempModel.INFO: Query : CALL SP_TvtemplateDetails('CHNLTYPE')  
[2023-06-26 05:12:50] TvtempRepository.INFO: ======= Start TV Repository (Get All Feature List)================  
[2023-06-26 05:12:50] TvtempModel.INFO: Query : CALL SP_TvtemplateDetails('FEATURE')  
[2023-06-26 05:12:50] TvtempModel.INFO: get All Template (count) : 3  
[2023-06-26 05:12:50] TvtempRepository.INFO: ======= End TV Repository (Get All ChannelFeed List) ================  
[2023-06-26 05:12:50] TvtempModel.INFO: get All Template (count) : 7  
[2023-06-26 05:12:50] TvtempRepository.INFO: ======= End TV Repository (Get All Feature List)================  
[2023-06-26 05:30:55] TvtempRepository.INFO: ======= Start TV Repository (Get All Template List)================  
[2023-06-26 05:30:55] TvtempModel.INFO: Query : CALL SP_TvtemplateDetails('LIST')  
[2023-06-26 05:30:55] TvtempRepository.INFO: ======= Start TV Repository (Get All Feature List)================  
[2023-06-26 05:30:55] TvtempModel.INFO: Query : CALL SP_TvtemplateDetails('FEATURE')  
[2023-06-26 05:30:55] TvtempModel.INFO: get All Template (count) : 6  
[2023-06-26 05:30:55] TvtempRepository.INFO: ======= End TV Repository (Get All Template List)================  
[2023-06-26 05:30:55] TvtempRepository.INFO: ======= Start TV Repository (Get All ChannelFeed List) ================  
[2023-06-26 05:30:55] TvtempModel.INFO: Query : CALL SP_TvtemplateDetails('CHNLTYPE')  
[2023-06-26 05:30:55] TvtempModel.INFO: get All Template (count) : 7  
[2023-06-26 05:30:55] TvtempRepository.INFO: ======= End TV Repository (Get All Feature List)================  
[2023-06-26 05:30:55] TvtempModel.INFO: get All Template (count) : 3  
[2023-06-26 05:30:55] TvtempRepository.INFO: ======= End TV Repository (Get All ChannelFeed List) ================  
[2023-06-26 05:31:54] TvtempRepository.INFO: ======= Start TV Repository (Get All Template List)================  
[2023-06-26 05:31:54] TvtempModel.INFO: Query : CALL SP_TvtemplateDetails('LIST')  
[2023-06-26 05:31:54] TvtempRepository.INFO: ======= Start TV Repository (Get All ChannelFeed List) ================  
[2023-06-26 05:31:54] TvtempModel.INFO: Query : CALL SP_TvtemplateDetails('CHNLTYPE')  
[2023-06-26 05:31:54] TvtempRepository.INFO: ======= Start TV Repository (Get All Feature List)================  
[2023-06-26 05:31:54] TvtempModel.INFO: Query : CALL SP_TvtemplateDetails('FEATURE')  
[2023-06-26 05:31:54] TvtempModel.INFO: get All Template (count) : 6  
[2023-06-26 05:31:54] TvtempRepository.INFO: ======= End TV Repository (Get All Template List)================  
[2023-06-26 05:31:54] TvtempModel.INFO: get All Template (count) : 7  
[2023-06-26 05:31:54] TvtempRepository.INFO: ======= End TV Repository (Get All Feature List)================  
[2023-06-26 05:31:54] TvtempModel.INFO: get All Template (count) : 3  
[2023-06-26 05:31:54] TvtempRepository.INFO: ======= End TV Repository (Get All ChannelFeed List) ================  
[2023-06-26 05:37:11] TvtempRepository.INFO: ======= Start TV Repository (Get All Template List)================  
[2023-06-26 05:37:11] TvtempModel.INFO: Query : CALL SP_TvtemplateDetails('LIST')  
[2023-06-26 05:37:11] TvtempRepository.INFO: ======= Start TV Repository (Get All ChannelFeed List) ================  
[2023-06-26 05:37:11] TvtempModel.INFO: Query : CALL SP_TvtemplateDetails('CHNLTYPE')  
[2023-06-26 05:37:11] TvtempModel.INFO: get All Template (count) : 6  
[2023-06-26 05:37:11] TvtempRepository.INFO: ======= End TV Repository (Get All Template List)================  
[2023-06-26 05:37:11] TvtempModel.INFO: get All Template (count) : 3  
[2023-06-26 05:37:11] TvtempRepository.INFO: ======= End TV Repository (Get All ChannelFeed List) ================  
[2023-06-26 05:37:11] TvtempRepository.INFO: ======= Start TV Repository (Get All Feature List)================  
[2023-06-26 05:37:11] TvtempModel.INFO: Query : CALL SP_TvtemplateDetails('FEATURE')  
[2023-06-26 05:37:11] TvtempModel.INFO: get All Template (count) : 7  
[2023-06-26 05:37:11] TvtempRepository.INFO: ======= End TV Repository (Get All Feature List)================  
[2023-06-26 05:37:20] TvtempRepository.INFO: ======= Start TV Repository (Get All Template List)================  
[2023-06-26 05:37:20] TvtempModel.INFO: Query : CALL SP_TvtemplateDetails('LIST')  
[2023-06-26 05:37:20] TvtempRepository.INFO: ======= Start TV Repository (Get All ChannelFeed List) ================  
[2023-06-26 05:37:20] TvtempModel.INFO: Query : CALL SP_TvtemplateDetails('CHNLTYPE')  
[2023-06-26 05:37:20] TvtempRepository.INFO: ======= Start TV Repository (Get All Feature List)================  
[2023-06-26 05:37:20] TvtempModel.INFO: Query : CALL SP_TvtemplateDetails('FEATURE')  
[2023-06-26 05:37:20] TvtempModel.INFO: get All Template (count) : 6  
[2023-06-26 05:37:20] TvtempRepository.INFO: ======= End TV Repository (Get All Template List)================  
[2023-06-26 05:37:20] TvtempModel.INFO: get All Template (count) : 3  
[2023-06-26 05:37:20] TvtempRepository.INFO: ======= End TV Repository (Get All ChannelFeed List) ================  
[2023-06-26 05:37:20] TvtempModel.INFO: get All Template (count) : 7  
[2023-06-26 05:37:20] TvtempRepository.INFO: ======= End TV Repository (Get All Feature List)================  
[2023-06-26 05:37:44] TvtempRepository.INFO: ======= Start TV Repository (Get All Template List)================  
[2023-06-26 05:37:44] TvtempModel.INFO: Query : CALL SP_TvtemplateDetails('LIST')  
[2023-06-26 05:37:44] TvtempModel.INFO: get All Template (count) : 6  
[2023-06-26 05:37:44] TvtempRepository.INFO: ======= End TV Repository (Get All Template List)================  
[2023-06-26 05:37:44] TvtempRepository.INFO: ======= Start TV Repository (Get All Feature List)================  
[2023-06-26 05:37:44] TvtempModel.INFO: Query : CALL SP_TvtemplateDetails('FEATURE')  
[2023-06-26 05:37:44] TvtempRepository.INFO: ======= Start TV Repository (Get All ChannelFeed List) ================  
[2023-06-26 05:37:44] TvtempModel.INFO: Query : CALL SP_TvtemplateDetails('CHNLTYPE')  
[2023-06-26 05:37:44] TvtempModel.INFO: get All Template (count) : 7  
[2023-06-26 05:37:44] TvtempRepository.INFO: ======= End TV Repository (Get All Feature List)================  
[2023-06-26 05:37:44] TvtempModel.INFO: get All Template (count) : 3  
[2023-06-26 05:37:44] TvtempRepository.INFO: ======= End TV Repository (Get All ChannelFeed List) ================  
[2023-06-26 05:37:56] TvtempRepository.INFO: ======= Start TV Repository (Get All Feature List)================  
[2023-06-26 05:37:56] TvtempModel.INFO: Query : CALL SP_TvtemplateDetails('FEATURE')  
[2023-06-26 05:37:56] TvtempRepository.INFO: ======= Start TV Repository (Get All Template List)================  
[2023-06-26 05:37:56] TvtempModel.INFO: Query : CALL SP_TvtemplateDetails('LIST')  
[2023-06-26 05:37:56] TvtempModel.INFO: get All Template (count) : 7  
[2023-06-26 05:37:56] TvtempRepository.INFO: ======= End TV Repository (Get All Feature List)================  
[2023-06-26 05:37:56] TvtempModel.INFO: get All Template (count) : 6  
[2023-06-26 05:37:56] TvtempRepository.INFO: ======= End TV Repository (Get All Template List)================  
[2023-06-26 05:37:56] TvtempRepository.INFO: ======= Start TV Repository (Get All ChannelFeed List) ================  
[2023-06-26 05:37:56] TvtempModel.INFO: Query : CALL SP_TvtemplateDetails('CHNLTYPE')  
[2023-06-26 05:37:56] TvtempModel.INFO: get All Template (count) : 3  
[2023-06-26 05:37:56] TvtempRepository.INFO: ======= End TV Repository (Get All ChannelFeed List) ================  
[2023-06-26 05:53:37] TvtempRepository.INFO: ======= Start TV Repository (Get All ChannelFeed List) ================  
[2023-06-26 05:53:37] TvtempModel.INFO: Query : CALL SP_TvtemplateDetails('CHNLTYPE')  
[2023-06-26 05:53:37] TvtempModel.INFO: get All Template (count) : 3  
[2023-06-26 05:53:37] TvtempRepository.INFO: ======= End TV Repository (Get All ChannelFeed List) ================  
[2023-06-26 05:53:37] TvtempRepository.INFO: ======= Start TV Repository (Get All Template List)================  
[2023-06-26 05:53:37] TvtempModel.INFO: Query : CALL SP_TvtemplateDetails('LIST')  
[2023-06-26 05:53:37] TvtempRepository.INFO: ======= Start TV Repository (Get All Feature List)================  
[2023-06-26 05:53:37] TvtempModel.INFO: Query : CALL SP_TvtemplateDetails('FEATURE')  
[2023-06-26 05:53:37] TvtempModel.INFO: get All Template (count) : 6  
[2023-06-26 05:53:37] TvtempRepository.INFO: ======= End TV Repository (Get All Template List)================  
[2023-06-26 05:53:37] TvtempModel.INFO: get All Template (count) : 7  
[2023-06-26 05:53:37] TvtempRepository.INFO: ======= End TV Repository (Get All Feature List)================  
[2023-06-26 05:54:58] TvtempRepository.INFO: ======= Start TV Repository (Get All ChannelFeed List) ================  
[2023-06-26 05:54:58] TvtempModel.INFO: Query : CALL SP_TvtemplateDetails('CHNLTYPE')  
[2023-06-26 05:54:58] TvtempRepository.INFO: ======= Start TV Repository (Get All Feature List)================  
[2023-06-26 05:54:58] TvtempModel.INFO: Query : CALL SP_TvtemplateDetails('FEATURE')  
[2023-06-26 05:54:58] TvtempRepository.INFO: ======= Start TV Repository (Get All Template List)================  
[2023-06-26 05:54:58] TvtempModel.INFO: Query : CALL SP_TvtemplateDetails('LIST')  
[2023-06-26 05:54:58] TvtempModel.INFO: get All Template (count) : 3  
[2023-06-26 05:54:58] TvtempRepository.INFO: ======= End TV Repository (Get All ChannelFeed List) ================  
[2023-06-26 05:54:58] TvtempModel.INFO: get All Template (count) : 7  
[2023-06-26 05:54:58] TvtempRepository.INFO: ======= End TV Repository (Get All Feature List)================  
[2023-06-26 05:54:58] TvtempModel.INFO: get All Template (count) : 6  
[2023-06-26 05:54:58] TvtempRepository.INFO: ======= End TV Repository (Get All Template List)================  
[2023-06-26 05:55:48] TvtempRepository.INFO: ======= Start TV Repository (Get All Feature List)================  
[2023-06-26 05:55:48] TvtempModel.INFO: Query : CALL SP_TvtemplateDetails('FEATURE')  
[2023-06-26 05:55:48] TvtempRepository.INFO: ======= Start TV Repository (Get All Template List)================  
[2023-06-26 05:55:48] TvtempModel.INFO: Query : CALL SP_TvtemplateDetails('LIST')  
[2023-06-26 05:55:48] TvtempModel.INFO: get All Template (count) : 7  
[2023-06-26 05:55:48] TvtempRepository.INFO: ======= End TV Repository (Get All Feature List)================  
[2023-06-26 05:55:48] TvtempRepository.INFO: ======= Start TV Repository (Get All ChannelFeed List) ================  
[2023-06-26 05:55:48] TvtempModel.INFO: Query : CALL SP_TvtemplateDetails('CHNLTYPE')  
[2023-06-26 05:55:48] TvtempModel.INFO: get All Template (count) : 6  
[2023-06-26 05:55:48] TvtempRepository.INFO: ======= End TV Repository (Get All Template List)================  
[2023-06-26 05:55:48] TvtempModel.INFO: get All Template (count) : 3  
[2023-06-26 05:55:48] TvtempRepository.INFO: ======= End TV Repository (Get All ChannelFeed List) ================  
[2023-06-26 05:56:50] TvtempRepository.INFO: ======= Start TV Repository (Get All Template List)================  
[2023-06-26 05:56:50] TvtempModel.INFO: Query : CALL SP_TvtemplateDetails('LIST')  
[2023-06-26 05:56:50] TvtempRepository.INFO: ======= Start TV Repository (Get All Feature List)================  
[2023-06-26 05:56:50] TvtempModel.INFO: Query : CALL SP_TvtemplateDetails('FEATURE')  
[2023-06-26 05:56:50] TvtempModel.INFO: get All Template (count) : 6  
[2023-06-26 05:56:50] TvtempRepository.INFO: ======= End TV Repository (Get All Template List)================  
[2023-06-26 05:56:50] TvtempModel.INFO: get All Template (count) : 7  
[2023-06-26 05:56:50] TvtempRepository.INFO: ======= End TV Repository (Get All Feature List)================  
[2023-06-26 05:56:50] TvtempRepository.INFO: ======= Start TV Repository (Get All ChannelFeed List) ================  
[2023-06-26 05:56:50] TvtempModel.INFO: Query : CALL SP_TvtemplateDetails('CHNLTYPE')  
[2023-06-26 05:56:50] TvtempModel.INFO: get All Template (count) : 3  
[2023-06-26 05:56:50] TvtempRepository.INFO: ======= End TV Repository (Get All ChannelFeed List) ================  
[2023-06-26 05:57:49] TvtempRepository.INFO: ======= Start TV Repository (Get All Template List)================  
[2023-06-26 05:57:49] TvtempModel.INFO: Query : CALL SP_TvtemplateDetails('LIST')  
[2023-06-26 05:57:49] TvtempModel.INFO: get All Template (count) : 6  
[2023-06-26 05:57:49] TvtempRepository.INFO: ======= End TV Repository (Get All Template List)================  
[2023-06-26 05:57:49] TvtempRepository.INFO: ======= Start TV Repository (Get All Feature List)================  
[2023-06-26 05:57:49] TvtempModel.INFO: Query : CALL SP_TvtemplateDetails('FEATURE')  
[2023-06-26 05:57:49] TvtempModel.INFO: get All Template (count) : 7  
[2023-06-26 05:57:49] TvtempRepository.INFO: ======= End TV Repository (Get All Feature List)================  
[2023-06-26 05:57:49] TvtempRepository.INFO: ======= Start TV Repository (Get All ChannelFeed List) ================  
[2023-06-26 05:57:49] TvtempModel.INFO: Query : CALL SP_TvtemplateDetails('CHNLTYPE')  
[2023-06-26 05:57:49] TvtempModel.INFO: get All Template (count) : 3  
[2023-06-26 05:57:49] TvtempRepository.INFO: ======= End TV Repository (Get All ChannelFeed List) ================  
[2023-06-26 05:59:51] TvtempRepository.INFO: ======= Start TV Repository (Get All Template List)================  
[2023-06-26 05:59:51] TvtempModel.INFO: Query : CALL SP_TvtemplateDetails('LIST')  
[2023-06-26 05:59:51] TvtempRepository.INFO: ======= Start TV Repository (Get All Feature List)================  
[2023-06-26 05:59:51] TvtempModel.INFO: Query : CALL SP_TvtemplateDetails('FEATURE')  
[2023-06-26 05:59:51] TvtempRepository.INFO: ======= Start TV Repository (Get All ChannelFeed List) ================  
[2023-06-26 05:59:51] TvtempModel.INFO: Query : CALL SP_TvtemplateDetails('CHNLTYPE')  
[2023-06-26 05:59:51] TvtempModel.INFO: get All Template (count) : 6  
[2023-06-26 05:59:51] TvtempRepository.INFO: ======= End TV Repository (Get All Template List)================  
[2023-06-26 05:59:51] TvtempModel.INFO: get All Template (count) : 7  
[2023-06-26 05:59:51] TvtempRepository.INFO: ======= End TV Repository (Get All Feature List)================  
[2023-06-26 05:59:51] TvtempModel.INFO: get All Template (count) : 3  
[2023-06-26 05:59:51] TvtempRepository.INFO: ======= End TV Repository (Get All ChannelFeed List) ================  
[2023-06-26 06:02:33] TvtempRepository.INFO: ======= Start TV Repository (Get All Feature List)================  
[2023-06-26 06:02:33] TvtempModel.INFO: Query : CALL SP_TvtemplateDetails('FEATURE')  
[2023-06-26 06:02:33] TvtempModel.INFO: get All Template (count) : 7  
[2023-06-26 06:02:33] TvtempRepository.INFO: ======= End TV Repository (Get All Feature List)================  
[2023-06-26 06:02:33] TvtempRepository.INFO: ======= Start TV Repository (Get All ChannelFeed List) ================  
[2023-06-26 06:02:33] TvtempModel.INFO: Query : CALL SP_TvtemplateDetails('CHNLTYPE')  
[2023-06-26 06:02:33] TvtempRepository.INFO: ======= Start TV Repository (Get All Template List)================  
[2023-06-26 06:02:33] TvtempModel.INFO: Query : CALL SP_TvtemplateDetails('LIST')  
[2023-06-26 06:02:33] TvtempModel.INFO: get All Template (count) : 3  
[2023-06-26 06:02:33] TvtempRepository.INFO: ======= End TV Repository (Get All ChannelFeed List) ================  
[2023-06-26 06:02:33] TvtempModel.INFO: get All Template (count) : 6  
[2023-06-26 06:02:33] TvtempRepository.INFO: ======= End TV Repository (Get All Template List)================  
[2023-06-26 06:02:54] TvtempRepository.INFO: ======= Start TV Repository (Get All Template List)================  
[2023-06-26 06:02:54] TvtempModel.INFO: Query : CALL SP_TvtemplateDetails('LIST')  
[2023-06-26 06:02:54] TvtempModel.INFO: get All Template (count) : 6  
[2023-06-26 06:02:54] TvtempRepository.INFO: ======= End TV Repository (Get All Template List)================  
[2023-06-26 06:02:54] TvtempRepository.INFO: ======= Start TV Repository (Get All Feature List)================  
[2023-06-26 06:02:54] TvtempModel.INFO: Query : CALL SP_TvtemplateDetails('FEATURE')  
[2023-06-26 06:02:54] TvtempRepository.INFO: ======= Start TV Repository (Get All ChannelFeed List) ================  
[2023-06-26 06:02:54] TvtempModel.INFO: Query : CALL SP_TvtemplateDetails('CHNLTYPE')  
[2023-06-26 06:02:54] TvtempModel.INFO: get All Template (count) : 7  
[2023-06-26 06:02:54] TvtempRepository.INFO: ======= End TV Repository (Get All Feature List)================  
[2023-06-26 06:02:54] TvtempModel.INFO: get All Template (count) : 3  
[2023-06-26 06:02:54] TvtempRepository.INFO: ======= End TV Repository (Get All ChannelFeed List) ================  
[2023-06-26 06:05:26] TvtempRepository.INFO: ======= Start TV Repository (Get All ChannelFeed List) ================  
[2023-06-26 06:05:26] TvtempModel.INFO: Query : CALL SP_TvtemplateDetails('CHNLTYPE')  
[2023-06-26 06:05:26] TvtempRepository.INFO: ======= Start TV Repository (Get All Feature List)================  
[2023-06-26 06:05:26] TvtempModel.INFO: Query : CALL SP_TvtemplateDetails('FEATURE')  
[2023-06-26 06:05:26] TvtempModel.INFO: get All Template (count) : 3  
[2023-06-26 06:05:26] TvtempRepository.INFO: ======= End TV Repository (Get All ChannelFeed List) ================  
[2023-06-26 06:05:26] TvtempModel.INFO: get All Template (count) : 7  
[2023-06-26 06:05:26] TvtempRepository.INFO: ======= End TV Repository (Get All Feature List)================  
[2023-06-26 06:05:26] TvtempRepository.INFO: ======= Start TV Repository (Get All Template List)================  
[2023-06-26 06:05:26] TvtempModel.INFO: Query : CALL SP_TvtemplateDetails('LIST')  
[2023-06-26 06:05:26] TvtempModel.INFO: get All Template (count) : 6  
[2023-06-26 06:05:26] TvtempRepository.INFO: ======= End TV Repository (Get All Template List)================  
[2023-06-26 06:06:30] TvtempRepository.INFO: ======= Start TV Repository (Get All ChannelFeed List) ================  
[2023-06-26 06:06:30] TvtempModel.INFO: Query : CALL SP_TvtemplateDetails('CHNLTYPE')  
[2023-06-26 06:06:30] TvtempRepository.INFO: ======= Start TV Repository (Get All Template List)================  
[2023-06-26 06:06:30] TvtempModel.INFO: Query : CALL SP_TvtemplateDetails('LIST')  
[2023-06-26 06:06:30] TvtempRepository.INFO: ======= Start TV Repository (Get All Feature List)================  
[2023-06-26 06:06:30] TvtempModel.INFO: Query : CALL SP_TvtemplateDetails('FEATURE')  
[2023-06-26 06:06:30] TvtempModel.INFO: get All Template (count) : 3  
[2023-06-26 06:06:30] TvtempRepository.INFO: ======= End TV Repository (Get All ChannelFeed List) ================  
[2023-06-26 06:06:30] TvtempModel.INFO: get All Template (count) : 6  
[2023-06-26 06:06:30] TvtempRepository.INFO: ======= End TV Repository (Get All Template List)================  
[2023-06-26 06:06:30] TvtempModel.INFO: get All Template (count) : 7  
[2023-06-26 06:06:30] TvtempRepository.INFO: ======= End TV Repository (Get All Feature List)================  
[2023-06-26 06:37:20] TvtempRepository.INFO: ======= Start TV Repository (Get All Template List)================  
[2023-06-26 06:37:20] TvtempModel.INFO: Query : CALL SP_TvtemplateDetails('LIST')  
[2023-06-26 06:37:20] TvtempModel.INFO: get All Template (count) : 6  
[2023-06-26 06:37:20] TvtempRepository.INFO: ======= End TV Repository (Get All Template List)================  
[2023-06-26 06:37:20] TvtempRepository.INFO: ======= Start TV Repository (Get All Feature List)================  
[2023-06-26 06:37:20] TvtempModel.INFO: Query : CALL SP_TvtemplateDetails('FEATURE')  
[2023-06-26 06:37:20] TvtempModel.INFO: get All Template (count) : 7  
[2023-06-26 06:37:20] TvtempRepository.INFO: ======= End TV Repository (Get All Feature List)================  
[2023-06-26 06:37:20] TvtempRepository.INFO: ======= Start TV Repository (Get All ChannelFeed List) ================  
[2023-06-26 06:37:20] TvtempModel.INFO: Query : CALL SP_TvtemplateDetails('CHNLTYPE')  
[2023-06-26 06:37:20] TvtempModel.INFO: get All Template (count) : 3  
[2023-06-26 06:37:20] TvtempRepository.INFO: ======= End TV Repository (Get All ChannelFeed List) ================  
[2023-06-26 06:38:57] TvtempRepository.INFO: ======= Start TV Repository (Get All ChannelFeed List) ================  
[2023-06-26 06:38:57] TvtempModel.INFO: Query : CALL SP_TvtemplateDetails('CHNLTYPE')  
[2023-06-26 06:38:57] TvtempRepository.INFO: ======= Start TV Repository (Get All Feature List)================  
[2023-06-26 06:38:57] TvtempModel.INFO: Query : CALL SP_TvtemplateDetails('FEATURE')  
[2023-06-26 06:38:57] TvtempModel.INFO: get All Template (count) : 3  
[2023-06-26 06:38:57] TvtempRepository.INFO: ======= End TV Repository (Get All ChannelFeed List) ================  
[2023-06-26 06:38:57] TvtempModel.INFO: get All Template (count) : 7  
[2023-06-26 06:38:57] TvtempRepository.INFO: ======= End TV Repository (Get All Feature List)================  
[2023-06-26 06:38:57] TvtempRepository.INFO: ======= Start TV Repository (Get All Template List)================  
[2023-06-26 06:38:57] TvtempModel.INFO: Query : CALL SP_TvtemplateDetails('LIST')  
[2023-06-26 06:38:57] TvtempModel.INFO: get All Template (count) : 6  
[2023-06-26 06:38:57] TvtempRepository.INFO: ======= End TV Repository (Get All Template List)================  
[2023-06-26 06:42:48] TvtempRepository.INFO: ======= Start TV Repository (Get All Feature List)================  
[2023-06-26 06:42:48] TvtempModel.INFO: Query : CALL SP_TvtemplateDetails('FEATURE')  
[2023-06-26 06:42:48] TvtempRepository.INFO: ======= Start TV Repository (Get All Template List)================  
[2023-06-26 06:42:48] TvtempModel.INFO: Query : CALL SP_TvtemplateDetails('LIST')  
[2023-06-26 06:42:48] TvtempModel.INFO: get All Template (count) : 7  
[2023-06-26 06:42:48] TvtempRepository.INFO: ======= End TV Repository (Get All Feature List)================  
[2023-06-26 06:42:48] TvtempModel.INFO: get All Template (count) : 6  
[2023-06-26 06:42:48] TvtempRepository.INFO: ======= End TV Repository (Get All Template List)================  
[2023-06-26 06:42:48] TvtempRepository.INFO: ======= Start TV Repository (Get All ChannelFeed List) ================  
[2023-06-26 06:42:48] TvtempModel.INFO: Query : CALL SP_TvtemplateDetails('CHNLTYPE')  
[2023-06-26 06:42:48] TvtempModel.INFO: get All Template (count) : 3  
[2023-06-26 06:42:48] TvtempRepository.INFO: ======= End TV Repository (Get All ChannelFeed List) ================  
[2023-06-26 06:48:47] TvtempRepository.INFO: ======= Start TV Repository (Get All Feature List)================  
[2023-06-26 06:48:47] TvtempModel.INFO: Query : CALL SP_TvtemplateDetails('FEATURE')  
[2023-06-26 06:48:47] TvtempRepository.INFO: ======= Start TV Repository (Get All Template List)================  
[2023-06-26 06:48:47] TvtempModel.INFO: Query : CALL SP_TvtemplateDetails('LIST')  
[2023-06-26 06:48:47] TvtempModel.INFO: get All Template (count) : 7  
[2023-06-26 06:48:47] TvtempRepository.INFO: ======= End TV Repository (Get All Feature List)================  
[2023-06-26 06:48:47] TvtempRepository.INFO: ======= Start TV Repository (Get All ChannelFeed List) ================  
[2023-06-26 06:48:47] TvtempModel.INFO: Query : CALL SP_TvtemplateDetails('CHNLTYPE')  
[2023-06-26 06:48:47] TvtempModel.INFO: get All Template (count) : 6  
[2023-06-26 06:48:47] TvtempRepository.INFO: ======= End TV Repository (Get All Template List)================  
[2023-06-26 06:48:47] TvtempModel.INFO: get All Template (count) : 3  
[2023-06-26 06:48:47] TvtempRepository.INFO: ======= End TV Repository (Get All ChannelFeed List) ================  
[2023-06-26 06:54:58] TvtempRepository.INFO: ======= Start TV Repository (Get All ChannelFeed List) ================  
[2023-06-26 06:54:58] TvtempModel.INFO: Query : CALL SP_TvtemplateDetails('CHNLTYPE')  
[2023-06-26 06:54:58] TvtempRepository.INFO: ======= Start TV Repository (Get All Template List)================  
[2023-06-26 06:54:58] TvtempModel.INFO: Query : CALL SP_TvtemplateDetails('LIST')  
[2023-06-26 06:54:58] TvtempModel.INFO: get All Template (count) : 3  
[2023-06-26 06:54:58] TvtempRepository.INFO: ======= End TV Repository (Get All ChannelFeed List) ================  
[2023-06-26 06:54:58] TvtempRepository.INFO: ======= Start TV Repository (Get All Feature List)================  
[2023-06-26 06:54:58] TvtempModel.INFO: Query : CALL SP_TvtemplateDetails('FEATURE')  
[2023-06-26 06:54:58] TvtempModel.INFO: get All Template (count) : 7  
[2023-06-26 06:54:58] TvtempRepository.INFO: ======= End TV Repository (Get All Feature List)================  
[2023-06-26 06:54:58] TvtempModel.INFO: get All Template (count) : 6  
[2023-06-26 06:54:58] TvtempRepository.INFO: ======= End TV Repository (Get All Template List)================  
[2023-06-26 06:55:17] TvtempRepository.INFO: ======= Start TV Repository (Get All ChannelFeed List) ================  
[2023-06-26 06:55:17] TvtempModel.INFO: Query : CALL SP_TvtemplateDetails('CHNLTYPE')  
[2023-06-26 06:55:17] TvtempRepository.INFO: ======= Start TV Repository (Get All Feature List)================  
[2023-06-26 06:55:17] TvtempModel.INFO: Query : CALL SP_TvtemplateDetails('FEATURE')  
[2023-06-26 06:55:17] TvtempModel.INFO: get All Template (count) : 3  
[2023-06-26 06:55:17] TvtempRepository.INFO: ======= End TV Repository (Get All ChannelFeed List) ================  
[2023-06-26 06:55:17] TvtempModel.INFO: get All Template (count) : 7  
[2023-06-26 06:55:17] TvtempRepository.INFO: ======= End TV Repository (Get All Feature List)================  
[2023-06-26 06:55:17] TvtempRepository.INFO: ======= Start TV Repository (Get All Template List)================  
[2023-06-26 06:55:17] TvtempModel.INFO: Query : CALL SP_TvtemplateDetails('LIST')  
[2023-06-26 06:55:17] TvtempModel.INFO: get All Template (count) : 6  
[2023-06-26 06:55:17] TvtempRepository.INFO: ======= End TV Repository (Get All Template List)================  
[2023-06-26 06:55:49] TvtempRepository.INFO: ======= Start TV Repository (Get All Template List)================  
[2023-06-26 06:55:49] TvtempModel.INFO: Query : CALL SP_TvtemplateDetails('LIST')  
[2023-06-26 06:55:49] TvtempRepository.INFO: ======= Start TV Repository (Get All Feature List)================  
[2023-06-26 06:55:49] TvtempModel.INFO: Query : CALL SP_TvtemplateDetails('FEATURE')  
[2023-06-26 06:55:49] TvtempRepository.INFO: ======= Start TV Repository (Get All ChannelFeed List) ================  
[2023-06-26 06:55:49] TvtempModel.INFO: Query : CALL SP_TvtemplateDetails('CHNLTYPE')  
[2023-06-26 06:55:49] TvtempModel.INFO: get All Template (count) : 6  
[2023-06-26 06:55:49] TvtempRepository.INFO: ======= End TV Repository (Get All Template List)================  
[2023-06-26 06:55:49] TvtempModel.INFO: get All Template (count) : 7  
[2023-06-26 06:55:49] TvtempRepository.INFO: ======= End TV Repository (Get All Feature List)================  
[2023-06-26 06:55:49] TvtempModel.INFO: get All Template (count) : 3  
[2023-06-26 06:55:49] TvtempRepository.INFO: ======= End TV Repository (Get All ChannelFeed List) ================  
[2023-06-26 06:56:17] TvtempRepository.INFO: ======= Start TV Repository (Get All ChannelFeed List) ================  
[2023-06-26 06:56:17] TvtempModel.INFO: Query : CALL SP_TvtemplateDetails('CHNLTYPE')  
[2023-06-26 06:56:17] TvtempRepository.INFO: ======= Start TV Repository (Get All Template List)================  
[2023-06-26 06:56:17] TvtempModel.INFO: get All Template (count) : 3  
[2023-06-26 06:56:17] TvtempRepository.INFO: ======= End TV Repository (Get All ChannelFeed List) ================  
[2023-06-26 06:56:17] TvtempModel.INFO: Query : CALL SP_TvtemplateDetails('LIST')  
[2023-06-26 06:56:17] TvtempRepository.INFO: ======= Start TV Repository (Get All Feature List)================  
[2023-06-26 06:56:17] TvtempModel.INFO: Query : CALL SP_TvtemplateDetails('FEATURE')  
[2023-06-26 06:56:17] TvtempModel.INFO: get All Template (count) : 6  
[2023-06-26 06:56:17] TvtempRepository.INFO: ======= End TV Repository (Get All Template List)================  
[2023-06-26 06:56:17] TvtempModel.INFO: get All Template (count) : 7  
[2023-06-26 06:56:17] TvtempRepository.INFO: ======= End TV Repository (Get All Feature List)================  
[2023-06-26 06:57:02] TvtempRepository.INFO: ======= Start TV Repository (Get All ChannelFeed List) ================  
[2023-06-26 06:57:02] TvtempModel.INFO: Query : CALL SP_TvtemplateDetails('CHNLTYPE')  
[2023-06-26 06:57:02] TvtempRepository.INFO: ======= Start TV Repository (Get All Template List)================  
[2023-06-26 06:57:02] TvtempModel.INFO: Query : CALL SP_TvtemplateDetails('LIST')  
[2023-06-26 06:57:02] TvtempModel.INFO: get All Template (count) : 3  
[2023-06-26 06:57:02] TvtempRepository.INFO: ======= End TV Repository (Get All ChannelFeed List) ================  
[2023-06-26 06:57:02] TvtempRepository.INFO: ======= Start TV Repository (Get All Feature List)================  
[2023-06-26 06:57:02] TvtempModel.INFO: Query : CALL SP_TvtemplateDetails('FEATURE')  
[2023-06-26 06:57:02] TvtempModel.INFO: get All Template (count) : 6  
[2023-06-26 06:57:02] TvtempRepository.INFO: ======= End TV Repository (Get All Template List)================  
[2023-06-26 06:57:02] TvtempModel.INFO: get All Template (count) : 7  
[2023-06-26 06:57:02] TvtempRepository.INFO: ======= End TV Repository (Get All Feature List)================  
[2023-06-26 06:57:44] TvtempRepository.INFO: ======= Start TV Repository (Get All Feature List)================  
[2023-06-26 06:57:44] TvtempModel.INFO: Query : CALL SP_TvtemplateDetails('FEATURE')  
[2023-06-26 06:57:44] TvtempRepository.INFO: ======= Start TV Repository (Get All ChannelFeed List) ================  
[2023-06-26 06:57:44] TvtempModel.INFO: Query : CALL SP_TvtemplateDetails('CHNLTYPE')  
[2023-06-26 06:57:44] TvtempRepository.INFO: ======= Start TV Repository (Get All Template List)================  
[2023-06-26 06:57:44] TvtempModel.INFO: Query : CALL SP_TvtemplateDetails('LIST')  
[2023-06-26 06:57:44] TvtempModel.INFO: get All Template (count) : 3  
[2023-06-26 06:57:44] TvtempRepository.INFO: ======= End TV Repository (Get All ChannelFeed List) ================  
[2023-06-26 06:57:44] TvtempModel.INFO: get All Template (count) : 7  
[2023-06-26 06:57:44] TvtempRepository.INFO: ======= End TV Repository (Get All Feature List)================  
[2023-06-26 06:57:44] TvtempModel.INFO: get All Template (count) : 6  
[2023-06-26 06:57:44] TvtempRepository.INFO: ======= End TV Repository (Get All Template List)================  
[2023-06-26 06:58:12] TvtempRepository.INFO: ======= Start TV Repository (Get All Template List)================  
[2023-06-26 06:58:12] TvtempModel.INFO: Query : CALL SP_TvtemplateDetails('LIST')  
[2023-06-26 06:58:12] TvtempModel.INFO: get All Template (count) : 6  
[2023-06-26 06:58:12] TvtempRepository.INFO: ======= End TV Repository (Get All Template List)================  
[2023-06-26 06:58:12] TvtempRepository.INFO: ======= Start TV Repository (Get All ChannelFeed List) ================  
[2023-06-26 06:58:12] TvtempModel.INFO: Query : CALL SP_TvtemplateDetails('CHNLTYPE')  
[2023-06-26 06:58:12] TvtempRepository.INFO: ======= Start TV Repository (Get All Feature List)================  
[2023-06-26 06:58:12] TvtempModel.INFO: Query : CALL SP_TvtemplateDetails('FEATURE')  
[2023-06-26 06:58:12] TvtempModel.INFO: get All Template (count) : 3  
[2023-06-26 06:58:12] TvtempRepository.INFO: ======= End TV Repository (Get All ChannelFeed List) ================  
[2023-06-26 06:58:12] TvtempModel.INFO: get All Template (count) : 7  
[2023-06-26 06:58:12] TvtempRepository.INFO: ======= End TV Repository (Get All Feature List)================  
[2023-06-26 06:58:29] TvtempRepository.INFO: ======= Start TV Repository (Get All Feature List)================  
[2023-06-26 06:58:29] TvtempModel.INFO: Query : CALL SP_TvtemplateDetails('FEATURE')  
[2023-06-26 06:58:29] TvtempRepository.INFO: ======= Start TV Repository (Get All Template List)================  
[2023-06-26 06:58:29] TvtempModel.INFO: Query : CALL SP_TvtemplateDetails('LIST')  
[2023-06-26 06:58:29] TvtempRepository.INFO: ======= Start TV Repository (Get All ChannelFeed List) ================  
[2023-06-26 06:58:29] TvtempModel.INFO: Query : CALL SP_TvtemplateDetails('CHNLTYPE')  
[2023-06-26 06:58:29] TvtempModel.INFO: get All Template (count) : 6  
[2023-06-26 06:58:29] TvtempRepository.INFO: ======= End TV Repository (Get All Template List)================  
[2023-06-26 06:58:29] TvtempModel.INFO: get All Template (count) : 7  
[2023-06-26 06:58:29] TvtempRepository.INFO: ======= End TV Repository (Get All Feature List)================  
[2023-06-26 06:58:29] TvtempModel.INFO: get All Template (count) : 3  
[2023-06-26 06:58:29] TvtempRepository.INFO: ======= End TV Repository (Get All ChannelFeed List) ================  
[2023-06-26 06:58:54] TvtempRepository.INFO: ======= Start TV Repository (Get All Template List)================  
[2023-06-26 06:58:54] TvtempModel.INFO: Query : CALL SP_TvtemplateDetails('LIST')  
[2023-06-26 06:58:54] TvtempRepository.INFO: ======= Start TV Repository (Get All Feature List)================  
[2023-06-26 06:58:54] TvtempModel.INFO: Query : CALL SP_TvtemplateDetails('FEATURE')  
[2023-06-26 06:58:54] TvtempRepository.INFO: ======= Start TV Repository (Get All ChannelFeed List) ================  
[2023-06-26 06:58:54] TvtempModel.INFO: Query : CALL SP_TvtemplateDetails('CHNLTYPE')  
[2023-06-26 06:58:54] TvtempModel.INFO: get All Template (count) : 6  
[2023-06-26 06:58:54] TvtempRepository.INFO: ======= End TV Repository (Get All Template List)================  
[2023-06-26 06:58:54] TvtempModel.INFO: get All Template (count) : 7  
[2023-06-26 06:58:54] TvtempRepository.INFO: ======= End TV Repository (Get All Feature List)================  
[2023-06-26 06:58:54] TvtempModel.INFO: get All Template (count) : 3  
[2023-06-26 06:58:54] TvtempRepository.INFO: ======= End TV Repository (Get All ChannelFeed List) ================  
[2023-06-26 06:59:23] TvtempRepository.INFO: ======= Start TV Repository (Get All Feature List)================  
[2023-06-26 06:59:23] TvtempModel.INFO: Query : CALL SP_TvtemplateDetails('FEATURE')  
[2023-06-26 06:59:23] TvtempRepository.INFO: ======= Start TV Repository (Get All ChannelFeed List) ================  
[2023-06-26 06:59:23] TvtempModel.INFO: Query : CALL SP_TvtemplateDetails('CHNLTYPE')  
[2023-06-26 06:59:23] TvtempRepository.INFO: ======= Start TV Repository (Get All Template List)================  
[2023-06-26 06:59:23] TvtempModel.INFO: Query : CALL SP_TvtemplateDetails('LIST')  
[2023-06-26 06:59:23] TvtempModel.INFO: get All Template (count) : 7  
[2023-06-26 06:59:23] TvtempRepository.INFO: ======= End TV Repository (Get All Feature List)================  
[2023-06-26 06:59:23] TvtempModel.INFO: get All Template (count) : 6  
[2023-06-26 06:59:23] TvtempRepository.INFO: ======= End TV Repository (Get All Template List)================  
[2023-06-26 06:59:23] TvtempModel.INFO: get All Template (count) : 3  
[2023-06-26 06:59:23] TvtempRepository.INFO: ======= End TV Repository (Get All ChannelFeed List) ================  
[2023-06-26 07:02:50] TvtempRepository.INFO: ======= Start TV Repository (Get All Template List)================  
[2023-06-26 07:02:50] TvtempModel.INFO: Query : CALL SP_TvtemplateDetails('LIST')  
[2023-06-26 07:02:50] TvtempRepository.INFO: ======= Start TV Repository (Get All ChannelFeed List) ================  
[2023-06-26 07:02:50] TvtempModel.INFO: Query : CALL SP_TvtemplateDetails('CHNLTYPE')  
[2023-06-26 07:02:50] TvtempRepository.INFO: ======= Start TV Repository (Get All Feature List)================  
[2023-06-26 07:02:50] TvtempModel.INFO: Query : CALL SP_TvtemplateDetails('FEATURE')  
[2023-06-26 07:02:50] TvtempModel.INFO: get All Template (count) : 3  
[2023-06-26 07:02:50] TvtempRepository.INFO: ======= End TV Repository (Get All ChannelFeed List) ================  
[2023-06-26 07:02:50] TvtempModel.INFO: get All Template (count) : 6  
[2023-06-26 07:02:50] TvtempRepository.INFO: ======= End TV Repository (Get All Template List)================  
[2023-06-26 07:02:50] TvtempModel.INFO: get All Template (count) : 7  
[2023-06-26 07:02:50] TvtempRepository.INFO: ======= End TV Repository (Get All Feature List)================  
[2023-06-26 07:03:48] TvtempRepository.INFO: ======= Start TV Repository (Get All Template List)================  
[2023-06-26 07:03:48] TvtempModel.INFO: Query : CALL SP_TvtemplateDetails('LIST')  
[2023-06-26 07:03:48] TvtempModel.INFO: get All Template (count) : 6  
[2023-06-26 07:03:48] TvtempRepository.INFO: ======= End TV Repository (Get All Template List)================  
[2023-06-26 07:03:48] TvtempRepository.INFO: ======= Start TV Repository (Get All ChannelFeed List) ================  
[2023-06-26 07:03:48] TvtempModel.INFO: Query : CALL SP_TvtemplateDetails('CHNLTYPE')  
[2023-06-26 07:03:48] TvtempModel.INFO: get All Template (count) : 3  
[2023-06-26 07:03:48] TvtempRepository.INFO: ======= End TV Repository (Get All ChannelFeed List) ================  
[2023-06-26 07:03:48] TvtempRepository.INFO: ======= Start TV Repository (Get All Feature List)================  
[2023-06-26 07:03:48] TvtempModel.INFO: Query : CALL SP_TvtemplateDetails('FEATURE')  
[2023-06-26 07:03:48] TvtempModel.INFO: get All Template (count) : 7  
[2023-06-26 07:03:48] TvtempRepository.INFO: ======= End TV Repository (Get All Feature List)================  
[2023-06-26 07:03:53] TvtempRepository.INFO: ======= Start TV Repository (Get All Template List)================  
[2023-06-26 07:03:53] TvtempModel.INFO: Query : CALL SP_TvtemplateDetails('LIST')  
[2023-06-26 07:03:53] TvtempRepository.INFO: ======= Start TV Repository (Get All ChannelFeed List) ================  
[2023-06-26 07:03:53] TvtempModel.INFO: Query : CALL SP_TvtemplateDetails('CHNLTYPE')  
[2023-06-26 07:03:53] TvtempRepository.INFO: ======= Start TV Repository (Get All Feature List)================  
[2023-06-26 07:03:53] TvtempModel.INFO: Query : CALL SP_TvtemplateDetails('FEATURE')  
[2023-06-26 07:03:53] TvtempModel.INFO: get All Template (count) : 6  
[2023-06-26 07:03:53] TvtempRepository.INFO: ======= End TV Repository (Get All Template List)================  
[2023-06-26 07:03:53] TvtempModel.INFO: get All Template (count) : 3  
[2023-06-26 07:03:53] TvtempRepository.INFO: ======= End TV Repository (Get All ChannelFeed List) ================  
[2023-06-26 07:03:53] TvtempModel.INFO: get All Template (count) : 7  
[2023-06-26 07:03:53] TvtempRepository.INFO: ======= End TV Repository (Get All Feature List)================  
[2023-06-26 07:05:00] TvtempRepository.INFO: ======= Start TV Repository (Get All Feature List)================  
[2023-06-26 07:05:00] TvtempModel.INFO: Query : CALL SP_TvtemplateDetails('FEATURE')  
[2023-06-26 07:05:00] TvtempRepository.INFO: ======= Start TV Repository (Get All ChannelFeed List) ================  
[2023-06-26 07:05:00] TvtempModel.INFO: Query : CALL SP_TvtemplateDetails('CHNLTYPE')  
[2023-06-26 07:05:00] TvtempRepository.INFO: ======= Start TV Repository (Get All Template List)================  
[2023-06-26 07:05:00] TvtempModel.INFO: Query : CALL SP_TvtemplateDetails('LIST')  
[2023-06-26 07:05:00] TvtempModel.INFO: get All Template (count) : 3  
[2023-06-26 07:05:00] TvtempRepository.INFO: ======= End TV Repository (Get All ChannelFeed List) ================  
[2023-06-26 07:05:00] TvtempModel.INFO: get All Template (count) : 7  
[2023-06-26 07:05:00] TvtempRepository.INFO: ======= End TV Repository (Get All Feature List)================  
[2023-06-26 07:05:00] TvtempModel.INFO: get All Template (count) : 6  
[2023-06-26 07:05:00] TvtempRepository.INFO: ======= End TV Repository (Get All Template List)================  
[2023-06-26 07:05:04] TvtempRepository.INFO: ======= Start TV Repository (Get All Feature List)================  
[2023-06-26 07:05:04] TvtempModel.INFO: Query : CALL SP_TvtemplateDetails('FEATURE')  
[2023-06-26 07:05:04] TvtempRepository.INFO: ======= Start TV Repository (Get All Template List)================  
[2023-06-26 07:05:04] TvtempModel.INFO: Query : CALL SP_TvtemplateDetails('LIST')  
[2023-06-26 07:05:04] TvtempModel.INFO: get All Template (count) : 7  
[2023-06-26 07:05:04] TvtempRepository.INFO: ======= End TV Repository (Get All Feature List)================  
[2023-06-26 07:05:04] TvtempRepository.INFO: ======= Start TV Repository (Get All ChannelFeed List) ================  
[2023-06-26 07:05:04] TvtempModel.INFO: Query : CALL SP_TvtemplateDetails('CHNLTYPE')  
[2023-06-26 07:05:04] TvtempModel.INFO: get All Template (count) : 6  
[2023-06-26 07:05:04] TvtempRepository.INFO: ======= End TV Repository (Get All Template List)================  
[2023-06-26 07:05:04] TvtempModel.INFO: get All Template (count) : 3  
[2023-06-26 07:05:04] TvtempRepository.INFO: ======= End TV Repository (Get All ChannelFeed List) ================  
[2023-06-26 07:05:12] TvtempRepository.INFO: ======= Start TV Repository (Get All Feature List)================  
[2023-06-26 07:05:12] TvtempModel.INFO: Query : CALL SP_TvtemplateDetails('FEATURE')  
[2023-06-26 07:05:12] TvtempRepository.INFO: ======= Start TV Repository (Get All Template List)================  
[2023-06-26 07:05:12] TvtempModel.INFO: Query : CALL SP_TvtemplateDetails('LIST')  
[2023-06-26 07:05:12] TvtempModel.INFO: get All Template (count) : 7  
[2023-06-26 07:05:12] TvtempRepository.INFO: ======= End TV Repository (Get All Feature List)================  
[2023-06-26 07:05:12] TvtempModel.INFO: get All Template (count) : 6  
[2023-06-26 07:05:12] TvtempRepository.INFO: ======= End TV Repository (Get All Template List)================  
[2023-06-26 07:05:12] TvtempRepository.INFO: ======= Start TV Repository (Get All ChannelFeed List) ================  
[2023-06-26 07:05:12] TvtempModel.INFO: Query : CALL SP_TvtemplateDetails('CHNLTYPE')  
[2023-06-26 07:05:12] TvtempModel.INFO: get All Template (count) : 3  
[2023-06-26 07:05:12] TvtempRepository.INFO: ======= End TV Repository (Get All ChannelFeed List) ================  
[2023-06-26 07:05:19] TvtempRepository.INFO: ======= Start TV Repository (Get All Feature List)================  
[2023-06-26 07:05:19] TvtempModel.INFO: Query : CALL SP_TvtemplateDetails('FEATURE')  
[2023-06-26 07:05:19] TvtempRepository.INFO: ======= Start TV Repository (Get All Template List)================  
[2023-06-26 07:05:19] TvtempModel.INFO: Query : CALL SP_TvtemplateDetails('LIST')  
[2023-06-26 07:05:19] TvtempRepository.INFO: ======= Start TV Repository (Get All ChannelFeed List) ================  
[2023-06-26 07:05:19] TvtempModel.INFO: Query : CALL SP_TvtemplateDetails('CHNLTYPE')  
[2023-06-26 07:05:19] TvtempModel.INFO: get All Template (count) : 7  
[2023-06-26 07:05:19] TvtempRepository.INFO: ======= End TV Repository (Get All Feature List)================  
[2023-06-26 07:05:19] TvtempModel.INFO: get All Template (count) : 3  
[2023-06-26 07:05:19] TvtempRepository.INFO: ======= End TV Repository (Get All ChannelFeed List) ================  
[2023-06-26 07:05:19] TvtempModel.INFO: get All Template (count) : 6  
[2023-06-26 07:05:19] TvtempRepository.INFO: ======= End TV Repository (Get All Template List)================  
[2023-06-26 07:06:22] TvtempRepository.INFO: ======= Start TV Repository (Get All Template List)================  
[2023-06-26 07:06:22] TvtempModel.INFO: Query : CALL SP_TvtemplateDetails('LIST')  
[2023-06-26 07:06:22] TvtempRepository.INFO: ======= Start TV Repository (Get All ChannelFeed List) ================  
[2023-06-26 07:06:22] TvtempModel.INFO: Query : CALL SP_TvtemplateDetails('CHNLTYPE')  
[2023-06-26 07:06:22] TvtempModel.INFO: get All Template (count) : 6  
[2023-06-26 07:06:22] TvtempRepository.INFO: ======= End TV Repository (Get All Template List)================  
[2023-06-26 07:06:22] TvtempModel.INFO: get All Template (count) : 3  
[2023-06-26 07:06:22] TvtempRepository.INFO: ======= End TV Repository (Get All ChannelFeed List) ================  
[2023-06-26 07:06:22] TvtempRepository.INFO: ======= Start TV Repository (Get All Feature List)================  
[2023-06-26 07:06:22] TvtempModel.INFO: Query : CALL SP_TvtemplateDetails('FEATURE')  
[2023-06-26 07:06:22] TvtempModel.INFO: get All Template (count) : 7  
[2023-06-26 07:06:22] TvtempRepository.INFO: ======= End TV Repository (Get All Feature List)================  
[2023-06-26 07:07:31] TvtempRepository.INFO: ======= Start TV Repository (Get All Template List)================  
[2023-06-26 07:07:31] TvtempModel.INFO: Query : CALL SP_TvtemplateDetails('LIST')  
[2023-06-26 07:07:31] TvtempRepository.INFO: ======= Start TV Repository (Get All ChannelFeed List) ================  
[2023-06-26 07:07:31] TvtempModel.INFO: Query : CALL SP_TvtemplateDetails('CHNLTYPE')  
[2023-06-26 07:07:31] TvtempRepository.INFO: ======= Start TV Repository (Get All Feature List)================  
[2023-06-26 07:07:31] TvtempModel.INFO: Query : CALL SP_TvtemplateDetails('FEATURE')  
[2023-06-26 07:07:31] TvtempModel.INFO: get All Template (count) : 6  
[2023-06-26 07:07:31] TvtempRepository.INFO: ======= End TV Repository (Get All Template List)================  
[2023-06-26 07:07:31] TvtempModel.INFO: get All Template (count) : 7  
[2023-06-26 07:07:31] TvtempRepository.INFO: ======= End TV Repository (Get All Feature List)================  
[2023-06-26 07:07:31] TvtempModel.INFO: get All Template (count) : 3  
[2023-06-26 07:07:31] TvtempRepository.INFO: ======= End TV Repository (Get All ChannelFeed List) ================  
[2023-06-26 07:07:40] TvtempRepository.INFO: ======= Start TV Repository (Get All ChannelFeed List) ================  
[2023-06-26 07:07:40] TvtempModel.INFO: Query : CALL SP_TvtemplateDetails('CHNLTYPE')  
[2023-06-26 07:07:40] TvtempRepository.INFO: ======= Start TV Repository (Get All Feature List)================  
[2023-06-26 07:07:40] TvtempModel.INFO: Query : CALL SP_TvtemplateDetails('FEATURE')  
[2023-06-26 07:07:40] TvtempRepository.INFO: ======= Start TV Repository (Get All Template List)================  
[2023-06-26 07:07:40] TvtempModel.INFO: Query : CALL SP_TvtemplateDetails('LIST')  
[2023-06-26 07:07:40] TvtempModel.INFO: get All Template (count) : 6  
[2023-06-26 07:07:40] TvtempRepository.INFO: ======= End TV Repository (Get All Template List)================  
[2023-06-26 07:07:40] TvtempModel.INFO: get All Template (count) : 7  
[2023-06-26 07:07:40] TvtempRepository.INFO: ======= End TV Repository (Get All Feature List)================  
[2023-06-26 07:07:40] TvtempModel.INFO: get All Template (count) : 3  
[2023-06-26 07:07:40] TvtempRepository.INFO: ======= End TV Repository (Get All ChannelFeed List) ================  
[2023-06-26 07:08:14] TvtempRepository.INFO: ======= Start TV Repository (Get All Template List)================  
[2023-06-26 07:08:14] TvtempModel.INFO: Query : CALL SP_TvtemplateDetails('LIST')  
[2023-06-26 07:08:14] TvtempRepository.INFO: ======= Start TV Repository (Get All ChannelFeed List) ================  
[2023-06-26 07:08:14] TvtempModel.INFO: Query : CALL SP_TvtemplateDetails('CHNLTYPE')  
[2023-06-26 07:08:14] TvtempModel.INFO: get All Template (count) : 6  
[2023-06-26 07:08:14] TvtempRepository.INFO: ======= End TV Repository (Get All Template List)================  
[2023-06-26 07:08:14] TvtempRepository.INFO: ======= Start TV Repository (Get All Feature List)================  
[2023-06-26 07:08:14] TvtempModel.INFO: get All Template (count) : 3  
[2023-06-26 07:08:14] TvtempRepository.INFO: ======= End TV Repository (Get All ChannelFeed List) ================  
[2023-06-26 07:08:14] TvtempModel.INFO: Query : CALL SP_TvtemplateDetails('FEATURE')  
[2023-06-26 07:08:14] TvtempModel.INFO: get All Template (count) : 7  
[2023-06-26 07:08:14] TvtempRepository.INFO: ======= End TV Repository (Get All Feature List)================  
[2023-06-26 07:08:23] TvtempRepository.INFO: ======= Start TV Repository (Get All Template List)================  
[2023-06-26 07:08:23] TvtempModel.INFO: Query : CALL SP_TvtemplateDetails('LIST')  
[2023-06-26 07:08:23] TvtempModel.INFO: get All Template (count) : 6  
[2023-06-26 07:08:23] TvtempRepository.INFO: ======= End TV Repository (Get All Template List)================  
[2023-06-26 07:08:23] TvtempRepository.INFO: ======= Start TV Repository (Get All ChannelFeed List) ================  
[2023-06-26 07:08:23] TvtempModel.INFO: Query : CALL SP_TvtemplateDetails('CHNLTYPE')  
[2023-06-26 07:08:23] TvtempModel.INFO: get All Template (count) : 3  
[2023-06-26 07:08:23] TvtempRepository.INFO: ======= End TV Repository (Get All ChannelFeed List) ================  
[2023-06-26 07:08:23] TvtempRepository.INFO: ======= Start TV Repository (Get All Feature List)================  
[2023-06-26 07:08:23] TvtempModel.INFO: Query : CALL SP_TvtemplateDetails('FEATURE')  
[2023-06-26 07:08:23] TvtempModel.INFO: get All Template (count) : 7  
[2023-06-26 07:08:23] TvtempRepository.INFO: ======= End TV Repository (Get All Feature List)================  
[2023-06-26 07:08:30] TvtempRepository.INFO: ======= Start TV Repository (Get All Feature List)================  
[2023-06-26 07:08:30] TvtempModel.INFO: Query : CALL SP_TvtemplateDetails('FEATURE')  
[2023-06-26 07:08:30] TvtempRepository.INFO: ======= Start TV Repository (Get All Template List)================  
[2023-06-26 07:08:30] TvtempModel.INFO: Query : CALL SP_TvtemplateDetails('LIST')  
[2023-06-26 07:08:30] TvtempRepository.INFO: ======= Start TV Repository (Get All ChannelFeed List) ================  
[2023-06-26 07:08:30] TvtempModel.INFO: Query : CALL SP_TvtemplateDetails('CHNLTYPE')  
[2023-06-26 07:08:30] TvtempModel.INFO: get All Template (count) : 3  
[2023-06-26 07:08:30] TvtempRepository.INFO: ======= End TV Repository (Get All ChannelFeed List) ================  
[2023-06-26 07:08:30] TvtempModel.INFO: get All Template (count) : 7  
[2023-06-26 07:08:30] TvtempRepository.INFO: ======= End TV Repository (Get All Feature List)================  
[2023-06-26 07:08:30] TvtempModel.INFO: get All Template (count) : 6  
[2023-06-26 07:08:30] TvtempRepository.INFO: ======= End TV Repository (Get All Template List)================  
[2023-06-26 07:08:39] TvtempRepository.INFO: ======= Start TV Repository (Get All ChannelFeed List) ================  
[2023-06-26 07:08:39] TvtempModel.INFO: Query : CALL SP_TvtemplateDetails('CHNLTYPE')  
[2023-06-26 07:08:39] TvtempRepository.INFO: ======= Start TV Repository (Get All Feature List)================  
[2023-06-26 07:08:39] TvtempModel.INFO: Query : CALL SP_TvtemplateDetails('FEATURE')  
[2023-06-26 07:08:39] TvtempRepository.INFO: ======= Start TV Repository (Get All Template List)================  
[2023-06-26 07:08:39] TvtempModel.INFO: Query : CALL SP_TvtemplateDetails('LIST')  
[2023-06-26 07:08:39] TvtempModel.INFO: get All Template (count) : 3  
[2023-06-26 07:08:39] TvtempRepository.INFO: ======= End TV Repository (Get All ChannelFeed List) ================  
[2023-06-26 07:08:39] TvtempModel.INFO: get All Template (count) : 7  
[2023-06-26 07:08:39] TvtempRepository.INFO: ======= End TV Repository (Get All Feature List)================  
[2023-06-26 07:08:39] TvtempModel.INFO: get All Template (count) : 6  
[2023-06-26 07:08:39] TvtempRepository.INFO: ======= End TV Repository (Get All Template List)================  
[2023-06-26 07:09:02] TvtempRepository.INFO: ======= Start TV Repository (Get All ChannelFeed List) ================  
[2023-06-26 07:09:02] TvtempModel.INFO: Query : CALL SP_TvtemplateDetails('CHNLTYPE')  
[2023-06-26 07:09:02] TvtempModel.INFO: get All Template (count) : 3  
[2023-06-26 07:09:02] TvtempRepository.INFO: ======= End TV Repository (Get All ChannelFeed List) ================  
[2023-06-26 07:09:03] TvtempRepository.INFO: ======= Start TV Repository (Get All Feature List)================  
[2023-06-26 07:09:03] TvtempModel.INFO: Query : CALL SP_TvtemplateDetails('FEATURE')  
[2023-06-26 07:09:03] TvtempRepository.INFO: ======= Start TV Repository (Get All Template List)================  
[2023-06-26 07:09:03] TvtempModel.INFO: Query : CALL SP_TvtemplateDetails('LIST')  
[2023-06-26 07:09:03] TvtempModel.INFO: get All Template (count) : 7  
[2023-06-26 07:09:03] TvtempRepository.INFO: ======= End TV Repository (Get All Feature List)================  
[2023-06-26 07:09:03] TvtempModel.INFO: get All Template (count) : 6  
[2023-06-26 07:09:03] TvtempRepository.INFO: ======= End TV Repository (Get All Template List)================  
[2023-06-26 07:09:21] TvtempRepository.INFO: ======= Start TV Repository (Get All ChannelFeed List) ================  
[2023-06-26 07:09:21] TvtempModel.INFO: Query : CALL SP_TvtemplateDetails('CHNLTYPE')  
[2023-06-26 07:09:21] TvtempRepository.INFO: ======= Start TV Repository (Get All Feature List)================  
[2023-06-26 07:09:21] TvtempModel.INFO: Query : CALL SP_TvtemplateDetails('FEATURE')  
[2023-06-26 07:09:21] TvtempRepository.INFO: ======= Start TV Repository (Get All Template List)================  
[2023-06-26 07:09:21] TvtempModel.INFO: Query : CALL SP_TvtemplateDetails('LIST')  
[2023-06-26 07:09:21] TvtempModel.INFO: get All Template (count) : 3  
[2023-06-26 07:09:21] TvtempRepository.INFO: ======= End TV Repository (Get All ChannelFeed List) ================  
[2023-06-26 07:09:21] TvtempModel.INFO: get All Template (count) : 7  
[2023-06-26 07:09:21] TvtempRepository.INFO: ======= End TV Repository (Get All Feature List)================  
[2023-06-26 07:09:21] TvtempModel.INFO: get All Template (count) : 6  
[2023-06-26 07:09:21] TvtempRepository.INFO: ======= End TV Repository (Get All Template List)================  
[2023-06-26 07:12:52] TvtempRepository.INFO: ======= Start TV Repository (Get All Template List)================  
[2023-06-26 07:12:52] TvtempModel.INFO: Query : CALL SP_TvtemplateDetails('LIST')  
[2023-06-26 07:12:52] TvtempRepository.INFO: ======= Start TV Repository (Get All ChannelFeed List) ================  
[2023-06-26 07:12:52] TvtempModel.INFO: Query : CALL SP_TvtemplateDetails('CHNLTYPE')  
[2023-06-26 07:12:52] TvtempModel.INFO: get All Template (count) : 3  
[2023-06-26 07:12:52] TvtempRepository.INFO: ======= End TV Repository (Get All ChannelFeed List) ================  
[2023-06-26 07:12:52] TvtempModel.INFO: get All Template (count) : 6  
[2023-06-26 07:12:52] TvtempRepository.INFO: ======= End TV Repository (Get All Template List)================  
[2023-06-26 07:12:52] TvtempRepository.INFO: ======= Start TV Repository (Get All Feature List)================  
[2023-06-26 07:12:52] TvtempModel.INFO: Query : CALL SP_TvtemplateDetails('FEATURE')  
[2023-06-26 07:12:52] TvtempModel.INFO: get All Template (count) : 7  
[2023-06-26 07:12:52] TvtempRepository.INFO: ======= End TV Repository (Get All Feature List)================  
[2023-06-26 07:18:50] TvtempRepository.INFO: ======= Start TV Repository (Get All Template List)================  
[2023-06-26 07:18:50] TvtempModel.INFO: Query : CALL SP_TvtemplateDetails('LIST')  
[2023-06-26 07:18:50] TvtempRepository.INFO: ======= Start TV Repository (Get All Feature List)================  
[2023-06-26 07:18:50] TvtempModel.INFO: Query : CALL SP_TvtemplateDetails('FEATURE')  
[2023-06-26 07:18:50] TvtempRepository.INFO: ======= Start TV Repository (Get All ChannelFeed List) ================  
[2023-06-26 07:18:50] TvtempModel.INFO: get All Template (count) : 6  
[2023-06-26 07:18:50] TvtempRepository.INFO: ======= End TV Repository (Get All Template List)================  
[2023-06-26 07:18:50] TvtempModel.INFO: Query : CALL SP_TvtemplateDetails('CHNLTYPE')  
[2023-06-26 07:18:50] TvtempModel.INFO: get All Template (count) : 7  
[2023-06-26 07:18:50] TvtempRepository.INFO: ======= End TV Repository (Get All Feature List)================  
[2023-06-26 07:18:50] TvtempModel.INFO: get All Template (count) : 3  
[2023-06-26 07:18:50] TvtempRepository.INFO: ======= End TV Repository (Get All ChannelFeed List) ================  
[2023-06-26 07:19:09] TvtempRepository.INFO: ======= Start TV Repository (Get All Template List)================  
[2023-06-26 07:19:09] TvtempModel.INFO: Query : CALL SP_TvtemplateDetails('LIST')  
[2023-06-26 07:19:09] TvtempModel.INFO: get All Template (count) : 6  
[2023-06-26 07:19:09] TvtempRepository.INFO: ======= End TV Repository (Get All Template List)================  
[2023-06-26 07:19:09] TvtempRepository.INFO: ======= Start TV Repository (Get All Feature List)================  
[2023-06-26 07:19:09] TvtempModel.INFO: Query : CALL SP_TvtemplateDetails('FEATURE')  
[2023-06-26 07:19:09] TvtempRepository.INFO: ======= Start TV Repository (Get All ChannelFeed List) ================  
[2023-06-26 07:19:09] TvtempModel.INFO: Query : CALL SP_TvtemplateDetails('CHNLTYPE')  
[2023-06-26 07:19:09] TvtempModel.INFO: get All Template (count) : 7  
[2023-06-26 07:19:09] TvtempRepository.INFO: ======= End TV Repository (Get All Feature List)================  
[2023-06-26 07:19:09] TvtempModel.INFO: get All Template (count) : 3  
[2023-06-26 07:19:09] TvtempRepository.INFO: ======= End TV Repository (Get All ChannelFeed List) ================  
[2023-06-26 07:20:19] TvtempRepository.INFO: ======= Start TV Repository (Get All Template List)================  
[2023-06-26 07:20:19] TvtempModel.INFO: Query : CALL SP_TvtemplateDetails('LIST')  
[2023-06-26 07:20:19] TvtempRepository.INFO: ======= Start TV Repository (Get All Feature List)================  
[2023-06-26 07:20:19] TvtempModel.INFO: Query : CALL SP_TvtemplateDetails('FEATURE')  
[2023-06-26 07:20:19] TvtempModel.INFO: get All Template (count) : 6  
[2023-06-26 07:20:19] TvtempRepository.INFO: ======= End TV Repository (Get All Template List)================  
[2023-06-26 07:20:19] TvtempModel.INFO: get All Template (count) : 7  
[2023-06-26 07:20:19] TvtempRepository.INFO: ======= End TV Repository (Get All Feature List)================  
[2023-06-26 07:20:19] TvtempRepository.INFO: ======= Start TV Repository (Get All ChannelFeed List) ================  
[2023-06-26 07:20:19] TvtempModel.INFO: Query : CALL SP_TvtemplateDetails('CHNLTYPE')  
[2023-06-26 07:20:19] TvtempModel.INFO: get All Template (count) : 3  
[2023-06-26 07:20:19] TvtempRepository.INFO: ======= End TV Repository (Get All ChannelFeed List) ================  
[2023-06-26 07:21:35] TvtempRepository.INFO: ======= Start TV Repository (Get All Feature List)================  
[2023-06-26 07:21:35] TvtempModel.INFO: Query : CALL SP_TvtemplateDetails('FEATURE')  
[2023-06-26 07:21:35] TvtempModel.INFO: get All Template (count) : 7  
[2023-06-26 07:21:35] TvtempRepository.INFO: ======= End TV Repository (Get All Feature List)================  
[2023-06-26 07:21:35] TvtempRepository.INFO: ======= Start TV Repository (Get All Template List)================  
[2023-06-26 07:21:35] TvtempModel.INFO: Query : CALL SP_TvtemplateDetails('LIST')  
[2023-06-26 07:21:35] TvtempModel.INFO: get All Template (count) : 6  
[2023-06-26 07:21:35] TvtempRepository.INFO: ======= End TV Repository (Get All Template List)================  
[2023-06-26 07:21:35] TvtempRepository.INFO: ======= Start TV Repository (Get All ChannelFeed List) ================  
[2023-06-26 07:21:35] TvtempModel.INFO: Query : CALL SP_TvtemplateDetails('CHNLTYPE')  
[2023-06-26 07:21:35] TvtempModel.INFO: get All Template (count) : 3  
[2023-06-26 07:21:35] TvtempRepository.INFO: ======= End TV Repository (Get All ChannelFeed List) ================  
[2023-06-26 07:23:06] TvtempRepository.INFO: ======= Start TV Repository (Get All ChannelFeed List) ================  
[2023-06-26 07:23:06] TvtempModel.INFO: Query : CALL SP_TvtemplateDetails('CHNLTYPE')  
[2023-06-26 07:23:06] TvtempRepository.INFO: ======= Start TV Repository (Get All Feature List)================  
[2023-06-26 07:23:06] TvtempModel.INFO: Query : CALL SP_TvtemplateDetails('FEATURE')  
[2023-06-26 07:23:06] TvtempModel.INFO: get All Template (count) : 3  
[2023-06-26 07:23:06] TvtempRepository.INFO: ======= End TV Repository (Get All ChannelFeed List) ================  
[2023-06-26 07:23:06] TvtempRepository.INFO: ======= Start TV Repository (Get All Template List)================  
[2023-06-26 07:23:06] TvtempModel.INFO: Query : CALL SP_TvtemplateDetails('LIST')  
[2023-06-26 07:23:06] TvtempModel.INFO: get All Template (count) : 7  
[2023-06-26 07:23:06] TvtempRepository.INFO: ======= End TV Repository (Get All Feature List)================  
[2023-06-26 07:23:06] TvtempModel.INFO: get All Template (count) : 6  
[2023-06-26 07:23:06] TvtempRepository.INFO: ======= End TV Repository (Get All Template List)================  
[2023-06-26 07:24:14] TvtempRepository.INFO: ======= Start TV Repository (Get All Template List)================  
[2023-06-26 07:24:14] TvtempModel.INFO: Query : CALL SP_TvtemplateDetails('LIST')  
[2023-06-26 07:24:14] TvtempRepository.INFO: ======= Start TV Repository (Get All Feature List)================  
[2023-06-26 07:24:14] TvtempModel.INFO: Query : CALL SP_TvtemplateDetails('FEATURE')  
[2023-06-26 07:24:14] TvtempRepository.INFO: ======= Start TV Repository (Get All ChannelFeed List) ================  
[2023-06-26 07:24:14] TvtempModel.INFO: Query : CALL SP_TvtemplateDetails('CHNLTYPE')  
[2023-06-26 07:24:14] TvtempModel.INFO: get All Template (count) : 6  
[2023-06-26 07:24:14] TvtempRepository.INFO: ======= End TV Repository (Get All Template List)================  
[2023-06-26 07:24:14] TvtempModel.INFO: get All Template (count) : 7  
[2023-06-26 07:24:14] TvtempRepository.INFO: ======= End TV Repository (Get All Feature List)================  
[2023-06-26 07:24:14] TvtempModel.INFO: get All Template (count) : 3  
[2023-06-26 07:24:14] TvtempRepository.INFO: ======= End TV Repository (Get All ChannelFeed List) ================  
[2023-06-26 07:27:43] TvtempRepository.INFO: ======= Start TV Repository (Get All ChannelFeed List) ================  
[2023-06-26 07:27:43] TvtempModel.INFO: Query : CALL SP_TvtemplateDetails('CHNLTYPE')  
[2023-06-26 07:27:43] TvtempRepository.INFO: ======= Start TV Repository (Get All Template List)================  
[2023-06-26 07:27:43] TvtempModel.INFO: Query : CALL SP_TvtemplateDetails('LIST')  
[2023-06-26 07:27:43] TvtempRepository.INFO: ======= Start TV Repository (Get All Feature List)================  
[2023-06-26 07:27:43] TvtempModel.INFO: Query : CALL SP_TvtemplateDetails('FEATURE')  
[2023-06-26 07:27:43] TvtempModel.INFO: get All Template (count) : 3  
[2023-06-26 07:27:43] TvtempRepository.INFO: ======= End TV Repository (Get All ChannelFeed List) ================  
[2023-06-26 07:27:43] TvtempModel.INFO: get All Template (count) : 6  
[2023-06-26 07:27:43] TvtempRepository.INFO: ======= End TV Repository (Get All Template List)================  
[2023-06-26 07:27:43] TvtempModel.INFO: get All Template (count) : 7  
[2023-06-26 07:27:43] TvtempRepository.INFO: ======= End TV Repository (Get All Feature List)================  
[2023-06-26 07:28:00] TvtempRepository.INFO: ======= Start TV Repository (Get All ChannelFeed List) ================  
[2023-06-26 07:28:00] TvtempModel.INFO: Query : CALL SP_TvtemplateDetails('CHNLTYPE')  
[2023-06-26 07:28:00] TvtempRepository.INFO: ======= Start TV Repository (Get All Feature List)================  
[2023-06-26 07:28:00] TvtempModel.INFO: Query : CALL SP_TvtemplateDetails('FEATURE')  
[2023-06-26 07:28:00] TvtempRepository.INFO: ======= Start TV Repository (Get All Template List)================  
[2023-06-26 07:28:00] TvtempModel.INFO: Query : CALL SP_TvtemplateDetails('LIST')  
[2023-06-26 07:28:00] TvtempModel.INFO: get All Template (count) : 3  
[2023-06-26 07:28:00] TvtempRepository.INFO: ======= End TV Repository (Get All ChannelFeed List) ================  
[2023-06-26 07:28:00] TvtempModel.INFO: get All Template (count) : 6  
[2023-06-26 07:28:00] TvtempRepository.INFO: ======= End TV Repository (Get All Template List)================  
[2023-06-26 07:28:00] TvtempModel.INFO: get All Template (count) : 7  
[2023-06-26 07:28:00] TvtempRepository.INFO: ======= End TV Repository (Get All Feature List)================  
[2023-06-26 07:28:18] TvtempRepository.INFO: ======= Start TV Repository (Get All ChannelFeed List) ================  
[2023-06-26 07:28:18] TvtempModel.INFO: Query : CALL SP_TvtemplateDetails('CHNLTYPE')  
[2023-06-26 07:28:18] TvtempRepository.INFO: ======= Start TV Repository (Get All Feature List)================  
[2023-06-26 07:28:18] TvtempModel.INFO: Query : CALL SP_TvtemplateDetails('FEATURE')  
[2023-06-26 07:28:18] TvtempRepository.INFO: ======= Start TV Repository (Get All Template List)================  
[2023-06-26 07:28:18] TvtempModel.INFO: Query : CALL SP_TvtemplateDetails('LIST')  
[2023-06-26 07:28:18] TvtempModel.INFO: get All Template (count) : 7  
[2023-06-26 07:28:18] TvtempRepository.INFO: ======= End TV Repository (Get All Feature List)================  
[2023-06-26 07:28:18] TvtempModel.INFO: get All Template (count) : 3  
[2023-06-26 07:28:18] TvtempRepository.INFO: ======= End TV Repository (Get All ChannelFeed List) ================  
[2023-06-26 07:28:18] TvtempModel.INFO: get All Template (count) : 6  
[2023-06-26 07:28:18] TvtempRepository.INFO: ======= End TV Repository (Get All Template List)================  
[2023-06-26 07:28:33] TvtempRepository.INFO: ======= Start TV Repository (Get All Template List)================  
[2023-06-26 07:28:33] TvtempModel.INFO: Query : CALL SP_TvtemplateDetails('LIST')  
[2023-06-26 07:28:33] TvtempRepository.INFO: ======= Start TV Repository (Get All ChannelFeed List) ================  
[2023-06-26 07:28:33] TvtempModel.INFO: Query : CALL SP_TvtemplateDetails('CHNLTYPE')  
[2023-06-26 07:28:33] TvtempModel.INFO: get All Template (count) : 6  
[2023-06-26 07:28:33] TvtempRepository.INFO: ======= End TV Repository (Get All Template List)================  
[2023-06-26 07:28:33] TvtempRepository.INFO: ======= Start TV Repository (Get All Feature List)================  
[2023-06-26 07:28:33] TvtempModel.INFO: Query : CALL SP_TvtemplateDetails('FEATURE')  
[2023-06-26 07:28:33] TvtempModel.INFO: get All Template (count) : 3  
[2023-06-26 07:28:33] TvtempRepository.INFO: ======= End TV Repository (Get All ChannelFeed List) ================  
[2023-06-26 07:28:33] TvtempModel.INFO: get All Template (count) : 7  
[2023-06-26 07:28:33] TvtempRepository.INFO: ======= End TV Repository (Get All Feature List)================  
[2023-06-26 08:34:45] TvtempRepository.INFO: ======= Start TV Repository (Get All Template List)================  
[2023-06-26 08:34:45] TvtempModel.INFO: Query : CALL SP_TvtemplateDetails('LIST')  
[2023-06-26 08:34:45] TvtempRepository.INFO: ======= Start TV Repository (Get All ChannelFeed List) ================  
[2023-06-26 08:34:45] TvtempModel.INFO: Query : CALL SP_TvtemplateDetails('CHNLTYPE')  
[2023-06-26 08:34:45] TvtempRepository.INFO: ======= Start TV Repository (Get All Feature List)================  
[2023-06-26 08:34:45] TvtempModel.INFO: Query : CALL SP_TvtemplateDetails('FEATURE')  
[2023-06-26 08:34:45] TvtempModel.INFO: get All Template (count) : 6  
[2023-06-26 08:34:45] TvtempRepository.INFO: ======= End TV Repository (Get All Template List)================  
[2023-06-26 08:34:45] TvtempModel.INFO: get All Template (count) : 3  
[2023-06-26 08:34:45] TvtempRepository.INFO: ======= End TV Repository (Get All ChannelFeed List) ================  
[2023-06-26 08:34:45] TvtempModel.INFO: get All Template (count) : 7  
[2023-06-26 08:34:45] TvtempRepository.INFO: ======= End TV Repository (Get All Feature List)================  
[2023-06-26 08:36:46] TvtempRepository.INFO: ======= Start TV Repository (Get All ChannelFeed List) ================  
[2023-06-26 08:36:46] TvtempModel.INFO: Query : CALL SP_TvtemplateDetails('CHNLTYPE')  
[2023-06-26 08:36:46] TvtempModel.INFO: get All Template (count) : 3  
[2023-06-26 08:36:46] TvtempRepository.INFO: ======= End TV Repository (Get All ChannelFeed List) ================  
[2023-06-26 08:36:46] TvtempRepository.INFO: ======= Start TV Repository (Get All Feature List)================  
[2023-06-26 08:36:46] TvtempModel.INFO: Query : CALL SP_TvtemplateDetails('FEATURE')  
[2023-06-26 08:36:46] TvtempRepository.INFO: ======= Start TV Repository (Get All Template List)================  
[2023-06-26 08:36:46] TvtempModel.INFO: Query : CALL SP_TvtemplateDetails('LIST')  
[2023-06-26 08:36:46] TvtempModel.INFO: get All Template (count) : 7  
[2023-06-26 08:36:46] TvtempRepository.INFO: ======= End TV Repository (Get All Feature List)================  
[2023-06-26 08:36:46] TvtempModel.INFO: get All Template (count) : 6  
[2023-06-26 08:36:46] TvtempRepository.INFO: ======= End TV Repository (Get All Template List)================  
[2023-06-26 08:42:16] TvtempRepository.INFO: ======= Start TV Repository (Get All Template List)================  
[2023-06-26 08:42:16] TvtempModel.INFO: Query : CALL SP_TvtemplateDetails('LIST')  
[2023-06-26 08:42:16] TvtempModel.INFO: get All Template (count) : 6  
[2023-06-26 08:42:16] TvtempRepository.INFO: ======= End TV Repository (Get All Template List)================  
[2023-06-26 08:42:16] TvtempRepository.INFO: ======= Start TV Repository (Get All ChannelFeed List) ================  
[2023-06-26 08:42:16] TvtempModel.INFO: Query : CALL SP_TvtemplateDetails('CHNLTYPE')  
[2023-06-26 08:42:16] TvtempRepository.INFO: ======= Start TV Repository (Get All Feature List)================  
[2023-06-26 08:42:16] TvtempModel.INFO: Query : CALL SP_TvtemplateDetails('FEATURE')  
[2023-06-26 08:42:16] TvtempModel.INFO: get All Template (count) : 3  
[2023-06-26 08:42:16] TvtempRepository.INFO: ======= End TV Repository (Get All ChannelFeed List) ================  
[2023-06-26 08:42:16] TvtempModel.INFO: get All Template (count) : 7  
[2023-06-26 08:42:16] TvtempRepository.INFO: ======= End TV Repository (Get All Feature List)================  
[2023-06-26 08:46:32] TvtempRepository.INFO: ======= Start TV Repository (Get All ChannelFeed List) ================  
[2023-06-26 08:46:32] TvtempModel.INFO: Query : CALL SP_TvtemplateDetails('CHNLTYPE')  
[2023-06-26 08:46:32] TvtempRepository.INFO: ======= Start TV Repository (Get All Template List)================  
[2023-06-26 08:46:32] TvtempModel.INFO: Query : CALL SP_TvtemplateDetails('LIST')  
[2023-06-26 08:46:32] TvtempRepository.INFO: ======= Start TV Repository (Get All Feature List)================  
[2023-06-26 08:46:32] TvtempModel.INFO: Query : CALL SP_TvtemplateDetails('FEATURE')  
[2023-06-26 08:46:32] TvtempModel.INFO: get All Template (count) : 3  
[2023-06-26 08:46:32] TvtempRepository.INFO: ======= End TV Repository (Get All ChannelFeed List) ================  
[2023-06-26 08:46:32] TvtempModel.INFO: get All Template (count) : 6  
[2023-06-26 08:46:32] TvtempRepository.INFO: ======= End TV Repository (Get All Template List)================  
[2023-06-26 08:46:32] TvtempModel.INFO: get All Template (count) : 7  
[2023-06-26 08:46:32] TvtempRepository.INFO: ======= End TV Repository (Get All Feature List)================  
[2023-06-26 08:50:03] TvtempRepository.INFO: ======= Start TV Repository (Get All ChannelFeed List) ================  
[2023-06-26 08:50:03] TvtempModel.INFO: Query : CALL SP_TvtemplateDetails('CHNLTYPE')  
[2023-06-26 08:50:03] TvtempRepository.INFO: ======= Start TV Repository (Get All Feature List)================  
[2023-06-26 08:50:03] TvtempModel.INFO: Query : CALL SP_TvtemplateDetails('FEATURE')  
[2023-06-26 08:50:03] TvtempRepository.INFO: ======= Start TV Repository (Get All Template List)================  
[2023-06-26 08:50:03] TvtempModel.INFO: Query : CALL SP_TvtemplateDetails('LIST')  
[2023-06-26 08:50:03] TvtempModel.INFO: get All Template (count) : 7  
[2023-06-26 08:50:03] TvtempRepository.INFO: ======= End TV Repository (Get All Feature List)================  
[2023-06-26 08:50:03] TvtempModel.INFO: get All Template (count) : 3  
[2023-06-26 08:50:03] TvtempRepository.INFO: ======= End TV Repository (Get All ChannelFeed List) ================  
[2023-06-26 08:50:03] TvtempModel.INFO: get All Template (count) : 6  
[2023-06-26 08:50:03] TvtempRepository.INFO: ======= End TV Repository (Get All Template List)================  
[2023-06-26 08:52:38] TvtempRepository.INFO: ======= Start TV Repository (Get All Template List)================  
[2023-06-26 08:52:38] TvtempModel.INFO: Query : CALL SP_TvtemplateDetails('LIST')  
[2023-06-26 08:52:38] TvtempRepository.INFO: ======= Start TV Repository (Get All ChannelFeed List) ================  
[2023-06-26 08:52:38] TvtempModel.INFO: Query : CALL SP_TvtemplateDetails('CHNLTYPE')  
[2023-06-26 08:52:38] TvtempModel.INFO: get All Template (count) : 6  
[2023-06-26 08:52:38] TvtempRepository.INFO: ======= End TV Repository (Get All Template List)================  
[2023-06-26 08:52:38] TvtempModel.INFO: get All Template (count) : 3  
[2023-06-26 08:52:38] TvtempRepository.INFO: ======= End TV Repository (Get All ChannelFeed List) ================  
[2023-06-26 08:52:38] TvtempRepository.INFO: ======= Start TV Repository (Get All Feature List)================  
[2023-06-26 08:52:38] TvtempModel.INFO: Query : CALL SP_TvtemplateDetails('FEATURE')  
[2023-06-26 08:52:38] TvtempModel.INFO: get All Template (count) : 7  
[2023-06-26 08:52:38] TvtempRepository.INFO: ======= End TV Repository (Get All Feature List)================  
[2023-06-26 08:54:20] TvtempRepository.INFO: ======= Start TV Repository (Get All ChannelFeed List) ================  
[2023-06-26 08:54:20] TvtempModel.INFO: Query : CALL SP_TvtemplateDetails('CHNLTYPE')  
[2023-06-26 08:54:20] TvtempRepository.INFO: ======= Start TV Repository (Get All Template List)================  
[2023-06-26 08:54:20] TvtempModel.INFO: Query : CALL SP_TvtemplateDetails('LIST')  
[2023-06-26 08:54:20] TvtempRepository.INFO: ======= Start TV Repository (Get All Feature List)================  
[2023-06-26 08:54:20] TvtempModel.INFO: Query : CALL SP_TvtemplateDetails('FEATURE')  
[2023-06-26 08:54:20] TvtempModel.INFO: get All Template (count) : 3  
[2023-06-26 08:54:20] TvtempRepository.INFO: ======= End TV Repository (Get All ChannelFeed List) ================  
[2023-06-26 08:54:20] TvtempModel.INFO: get All Template (count) : 7  
[2023-06-26 08:54:20] TvtempRepository.INFO: ======= End TV Repository (Get All Feature List)================  
[2023-06-26 08:54:20] TvtempModel.INFO: get All Template (count) : 6  
[2023-06-26 08:54:20] TvtempRepository.INFO: ======= End TV Repository (Get All Template List)================  
[2023-06-26 08:54:27] TvtempRepository.INFO: ======= Start TV Repository (Get All ChannelFeed List) ================  
[2023-06-26 08:54:27] TvtempModel.INFO: Query : CALL SP_TvtemplateDetails('CHNLTYPE')  
[2023-06-26 08:54:27] TvtempRepository.INFO: ======= Start TV Repository (Get All Feature List)================  
[2023-06-26 08:54:27] TvtempModel.INFO: Query : CALL SP_TvtemplateDetails('FEATURE')  
[2023-06-26 08:54:27] TvtempRepository.INFO: ======= Start TV Repository (Get All Template List)================  
[2023-06-26 08:54:27] TvtempModel.INFO: Query : CALL SP_TvtemplateDetails('LIST')  
[2023-06-26 08:54:27] TvtempModel.INFO: get All Template (count) : 3  
[2023-06-26 08:54:27] TvtempRepository.INFO: ======= End TV Repository (Get All ChannelFeed List) ================  
[2023-06-26 08:54:27] TvtempModel.INFO: get All Template (count) : 7  
[2023-06-26 08:54:27] TvtempRepository.INFO: ======= End TV Repository (Get All Feature List)================  
[2023-06-26 08:54:27] TvtempModel.INFO: get All Template (count) : 6  
[2023-06-26 08:54:27] TvtempRepository.INFO: ======= End TV Repository (Get All Template List)================  
[2023-06-26 08:57:37] TvtempRepository.INFO: ======= Start TV Repository (Get All Template List)================  
[2023-06-26 08:57:37] TvtempModel.INFO: Query : CALL SP_TvtemplateDetails('LIST')  
[2023-06-26 08:57:37] TvtempRepository.INFO: ======= Start TV Repository (Get All Feature List)================  
[2023-06-26 08:57:37] TvtempModel.INFO: Query : CALL SP_TvtemplateDetails('FEATURE')  
[2023-06-26 08:57:37] TvtempRepository.INFO: ======= Start TV Repository (Get All ChannelFeed List) ================  
[2023-06-26 08:57:37] TvtempModel.INFO: Query : CALL SP_TvtemplateDetails('CHNLTYPE')  
[2023-06-26 08:57:37] TvtempModel.INFO: get All Template (count) : 7  
[2023-06-26 08:57:37] TvtempRepository.INFO: ======= End TV Repository (Get All Feature List)================  
[2023-06-26 08:57:37] TvtempModel.INFO: get All Template (count) : 3  
[2023-06-26 08:57:37] TvtempRepository.INFO: ======= End TV Repository (Get All ChannelFeed List) ================  
[2023-06-26 08:57:37] TvtempModel.INFO: get All Template (count) : 6  
[2023-06-26 08:57:37] TvtempRepository.INFO: ======= End TV Repository (Get All Template List)================  
[2023-06-26 09:09:54] TvtempRepository.INFO: ======= Start TV Repository (Get All Feature List)================  
[2023-06-26 09:09:54] TvtempModel.INFO: Query : CALL SP_TvtemplateDetails('FEATURE')  
[2023-06-26 09:09:54] TvtempRepository.INFO: ======= Start TV Repository (Get All Template List)================  
[2023-06-26 09:09:54] TvtempModel.INFO: Query : CALL SP_TvtemplateDetails('LIST')  
[2023-06-26 09:09:54] TvtempModel.INFO: get All Template (count) : 7  
[2023-06-26 09:09:54] TvtempRepository.INFO: ======= End TV Repository (Get All Feature List)================  
[2023-06-26 09:09:54] TvtempModel.INFO: get All Template (count) : 6  
[2023-06-26 09:09:54] TvtempRepository.INFO: ======= End TV Repository (Get All Template List)================  
[2023-06-26 09:09:54] TvtempRepository.INFO: ======= Start TV Repository (Get All ChannelFeed List) ================  
[2023-06-26 09:09:54] TvtempModel.INFO: Query : CALL SP_TvtemplateDetails('CHNLTYPE')  
[2023-06-26 09:09:54] TvtempModel.INFO: get All Template (count) : 3  
[2023-06-26 09:09:54] TvtempRepository.INFO: ======= End TV Repository (Get All ChannelFeed List) ================  
[2023-06-26 09:11:04] TvtempRepository.INFO: ======= Start TV Repository (Get All Template List)================  
[2023-06-26 09:11:04] TvtempModel.INFO: Query : CALL SP_TvtemplateDetails('LIST')  
[2023-06-26 09:11:04] TvtempRepository.INFO: ======= Start TV Repository (Get All Feature List)================  
[2023-06-26 09:11:04] TvtempModel.INFO: Query : CALL SP_TvtemplateDetails('FEATURE')  
[2023-06-26 09:11:04] TvtempModel.INFO: get All Template (count) : 6  
[2023-06-26 09:11:04] TvtempRepository.INFO: ======= End TV Repository (Get All Template List)================  
[2023-06-26 09:11:04] TvtempModel.INFO: get All Template (count) : 7  
[2023-06-26 09:11:04] TvtempRepository.INFO: ======= End TV Repository (Get All Feature List)================  
[2023-06-26 09:11:05] TvtempRepository.INFO: ======= Start TV Repository (Get All ChannelFeed List) ================  
[2023-06-26 09:11:05] TvtempModel.INFO: Query : CALL SP_TvtemplateDetails('CHNLTYPE')  
[2023-06-26 09:11:05] TvtempModel.INFO: get All Template (count) : 3  
[2023-06-26 09:11:05] TvtempRepository.INFO: ======= End TV Repository (Get All ChannelFeed List) ================  
[2023-06-26 09:18:02] TvtempRepository.INFO: ======= Start TV Repository (Get All Template List)================  
[2023-06-26 09:18:02] TvtempModel.INFO: Query : CALL SP_TvtemplateDetails('LIST')  
[2023-06-26 09:18:02] TvtempRepository.INFO: ======= Start TV Repository (Get All ChannelFeed List) ================  
[2023-06-26 09:18:02] TvtempModel.INFO: Query : CALL SP_TvtemplateDetails('CHNLTYPE')  
[2023-06-26 09:18:02] TvtempRepository.INFO: ======= Start TV Repository (Get All Feature List)================  
[2023-06-26 09:18:02] TvtempModel.INFO: Query : CALL SP_TvtemplateDetails('FEATURE')  
[2023-06-26 09:18:02] TvtempModel.INFO: get All Template (count) : 3  
[2023-06-26 09:18:02] TvtempRepository.INFO: ======= End TV Repository (Get All ChannelFeed List) ================  
[2023-06-26 09:18:02] TvtempModel.INFO: get All Template (count) : 7  
[2023-06-26 09:18:02] TvtempRepository.INFO: ======= End TV Repository (Get All Feature List)================  
[2023-06-26 09:18:02] TvtempModel.INFO: get All Template (count) : 6  
[2023-06-26 09:18:02] TvtempRepository.INFO: ======= End TV Repository (Get All Template List)================  
[2023-06-26 09:23:18] TvtempRepository.INFO: ======= Start TV Repository (Get All ChannelFeed List) ================  
[2023-06-26 09:23:18] TvtempModel.INFO: Query : CALL SP_TvtemplateDetails('CHNLTYPE')  
[2023-06-26 09:23:18] TvtempRepository.INFO: ======= Start TV Repository (Get All Feature List)================  
[2023-06-26 09:23:18] TvtempModel.INFO: Query : CALL SP_TvtemplateDetails('FEATURE')  
[2023-06-26 09:23:18] TvtempRepository.INFO: ======= Start TV Repository (Get All Template List)================  
[2023-06-26 09:23:18] TvtempModel.INFO: Query : CALL SP_TvtemplateDetails('LIST')  
[2023-06-26 09:23:18] TvtempModel.INFO: get All Template (count) : 7  
[2023-06-26 09:23:18] TvtempRepository.INFO: ======= End TV Repository (Get All Feature List)================  
[2023-06-26 09:23:18] TvtempModel.INFO: get All Template (count) : 3  
[2023-06-26 09:23:18] TvtempRepository.INFO: ======= End TV Repository (Get All ChannelFeed List) ================  
[2023-06-26 09:23:18] TvtempModel.INFO: get All Template (count) : 6  
[2023-06-26 09:23:18] TvtempRepository.INFO: ======= End TV Repository (Get All Template List)================  
[2023-06-26 09:24:07] TvtempRepository.INFO: ======= Start TV Repository (Get All Feature List)================  
[2023-06-26 09:24:07] TvtempModel.INFO: Query : CALL SP_TvtemplateDetails('FEATURE')  
[2023-06-26 09:24:07] TvtempRepository.INFO: ======= Start TV Repository (Get All ChannelFeed List) ================  
[2023-06-26 09:24:07] TvtempModel.INFO: Query : CALL SP_TvtemplateDetails('CHNLTYPE')  
[2023-06-26 09:24:07] TvtempRepository.INFO: ======= Start TV Repository (Get All Template List)================  
[2023-06-26 09:24:07] TvtempModel.INFO: Query : CALL SP_TvtemplateDetails('LIST')  
[2023-06-26 09:24:07] TvtempModel.INFO: get All Template (count) : 7  
[2023-06-26 09:24:07] TvtempRepository.INFO: ======= End TV Repository (Get All Feature List)================  
[2023-06-26 09:24:07] TvtempModel.INFO: get All Template (count) : 3  
[2023-06-26 09:24:07] TvtempRepository.INFO: ======= End TV Repository (Get All ChannelFeed List) ================  
[2023-06-26 09:24:07] TvtempModel.INFO: get All Template (count) : 6  
[2023-06-26 09:24:07] TvtempRepository.INFO: ======= End TV Repository (Get All Template List)================  
[2023-06-26 09:24:22] TvtempRepository.INFO: ======= Start TV Repository (Get All ChannelFeed List) ================  
[2023-06-26 09:24:22] TvtempModel.INFO: Query : CALL SP_TvtemplateDetails('CHNLTYPE')  
[2023-06-26 09:24:22] TvtempRepository.INFO: ======= Start TV Repository (Get All Template List)================  
[2023-06-26 09:24:22] TvtempModel.INFO: Query : CALL SP_TvtemplateDetails('LIST')  
[2023-06-26 09:24:22] TvtempModel.INFO: get All Template (count) : 3  
[2023-06-26 09:24:22] TvtempRepository.INFO: ======= End TV Repository (Get All ChannelFeed List) ================  
[2023-06-26 09:24:22] TvtempModel.INFO: get All Template (count) : 6  
[2023-06-26 09:24:22] TvtempRepository.INFO: ======= End TV Repository (Get All Template List)================  
[2023-06-26 09:24:22] TvtempRepository.INFO: ======= Start TV Repository (Get All Feature List)================  
[2023-06-26 09:24:22] TvtempModel.INFO: Query : CALL SP_TvtemplateDetails('FEATURE')  
[2023-06-26 09:24:22] TvtempModel.INFO: get All Template (count) : 7  
[2023-06-26 09:24:22] TvtempRepository.INFO: ======= End TV Repository (Get All Feature List)================  
[2023-06-26 09:29:59] TvtempRepository.INFO: ======= Start TV Repository (Get All ChannelFeed List) ================  
[2023-06-26 09:29:59] TvtempModel.INFO: Query : CALL SP_TvtemplateDetails('CHNLTYPE')  
[2023-06-26 09:29:59] TvtempRepository.INFO: ======= Start TV Repository (Get All Feature List)================  
[2023-06-26 09:29:59] TvtempModel.INFO: Query : CALL SP_TvtemplateDetails('FEATURE')  
[2023-06-26 09:29:59] TvtempRepository.INFO: ======= Start TV Repository (Get All Template List)================  
[2023-06-26 09:29:59] TvtempModel.INFO: Query : CALL SP_TvtemplateDetails('LIST')  
[2023-06-26 09:29:59] TvtempModel.INFO: get All Template (count) : 3  
[2023-06-26 09:29:59] TvtempRepository.INFO: ======= End TV Repository (Get All ChannelFeed List) ================  
[2023-06-26 09:29:59] TvtempModel.INFO: get All Template (count) : 7  
[2023-06-26 09:29:59] TvtempRepository.INFO: ======= End TV Repository (Get All Feature List)================  
[2023-06-26 09:29:59] TvtempModel.INFO: get All Template (count) : 6  
[2023-06-26 09:29:59] TvtempRepository.INFO: ======= End TV Repository (Get All Template List)================  
[2023-06-26 09:30:58] TvtempRepository.INFO: ======= Start TV Repository (Get All Template List)================  
[2023-06-26 09:30:58] TvtempModel.INFO: Query : CALL SP_TvtemplateDetails('LIST')  
[2023-06-26 09:30:58] TvtempRepository.INFO: ======= Start TV Repository (Get All Feature List)================  
[2023-06-26 09:30:58] TvtempModel.INFO: Query : CALL SP_TvtemplateDetails('FEATURE')  
[2023-06-26 09:30:58] TvtempModel.INFO: get All Template (count) : 6  
[2023-06-26 09:30:58] TvtempRepository.INFO: ======= End TV Repository (Get All Template List)================  
[2023-06-26 09:30:58] TvtempModel.INFO: get All Template (count) : 7  
[2023-06-26 09:30:58] TvtempRepository.INFO: ======= End TV Repository (Get All Feature List)================  
[2023-06-26 09:30:58] TvtempRepository.INFO: ======= Start TV Repository (Get All ChannelFeed List) ================  
[2023-06-26 09:30:58] TvtempModel.INFO: Query : CALL SP_TvtemplateDetails('CHNLTYPE')  
[2023-06-26 09:30:58] TvtempModel.INFO: get All Template (count) : 3  
[2023-06-26 09:30:58] TvtempRepository.INFO: ======= End TV Repository (Get All ChannelFeed List) ================  
[2023-06-26 09:31:03] TvtempRepository.INFO: ======= Start TV Repository (Get All ChannelFeed List) ================  
[2023-06-26 09:31:03] TvtempModel.INFO: Query : CALL SP_TvtemplateDetails('CHNLTYPE')  
[2023-06-26 09:31:03] TvtempRepository.INFO: ======= Start TV Repository (Get All Template List)================  
[2023-06-26 09:31:03] TvtempModel.INFO: Query : CALL SP_TvtemplateDetails('LIST')  
[2023-06-26 09:31:03] TvtempRepository.INFO: ======= Start TV Repository (Get All Feature List)================  
[2023-06-26 09:31:03] TvtempModel.INFO: Query : CALL SP_TvtemplateDetails('FEATURE')  
[2023-06-26 09:31:03] TvtempModel.INFO: get All Template (count) : 6  
[2023-06-26 09:31:03] TvtempRepository.INFO: ======= End TV Repository (Get All Template List)================  
[2023-06-26 09:31:03] TvtempModel.INFO: get All Template (count) : 3  
[2023-06-26 09:31:03] TvtempRepository.INFO: ======= End TV Repository (Get All ChannelFeed List) ================  
[2023-06-26 09:31:03] TvtempModel.INFO: get All Template (count) : 7  
[2023-06-26 09:31:03] TvtempRepository.INFO: ======= End TV Repository (Get All Feature List)================  
[2023-06-26 09:32:11] TvtempRepository.INFO: ======= Start TV Repository (Get All Feature List)================  
[2023-06-26 09:32:11] TvtempModel.INFO: Query : CALL SP_TvtemplateDetails('FEATURE')  
[2023-06-26 09:32:11] TvtempRepository.INFO: ======= Start TV Repository (Get All ChannelFeed List) ================  
[2023-06-26 09:32:11] TvtempModel.INFO: Query : CALL SP_TvtemplateDetails('CHNLTYPE')  
[2023-06-26 09:32:11] TvtempModel.INFO: get All Template (count) : 3  
[2023-06-26 09:32:11] TvtempRepository.INFO: ======= End TV Repository (Get All ChannelFeed List) ================  
[2023-06-26 09:32:11] TvtempRepository.INFO: ======= Start TV Repository (Get All Template List)================  
[2023-06-26 09:32:11] TvtempModel.INFO: Query : CALL SP_TvtemplateDetails('LIST')  
[2023-06-26 09:32:11] TvtempModel.INFO: get All Template (count) : 7  
[2023-06-26 09:32:11] TvtempRepository.INFO: ======= End TV Repository (Get All Feature List)================  
[2023-06-26 09:32:11] TvtempModel.INFO: get All Template (count) : 6  
[2023-06-26 09:32:11] TvtempRepository.INFO: ======= End TV Repository (Get All Template List)================  
[2023-06-26 09:32:14] TvtempRepository.INFO: ======= Start TV Repository (Get All ChannelFeed List) ================  
[2023-06-26 09:32:14] TvtempModel.INFO: Query : CALL SP_TvtemplateDetails('CHNLTYPE')  
[2023-06-26 09:32:14] TvtempRepository.INFO: ======= Start TV Repository (Get All Feature List)================  
[2023-06-26 09:32:14] TvtempModel.INFO: Query : CALL SP_TvtemplateDetails('FEATURE')  
[2023-06-26 09:32:14] TvtempRepository.INFO: ======= Start TV Repository (Get All Template List)================  
[2023-06-26 09:32:14] TvtempModel.INFO: Query : CALL SP_TvtemplateDetails('LIST')  
[2023-06-26 09:32:14] TvtempModel.INFO: get All Template (count) : 7  
[2023-06-26 09:32:14] TvtempModel.INFO: get All Template (count) : 3  
[2023-06-26 09:32:14] TvtempRepository.INFO: ======= End TV Repository (Get All ChannelFeed List) ================  
[2023-06-26 09:32:14] TvtempRepository.INFO: ======= End TV Repository (Get All Feature List)================  
[2023-06-26 09:32:14] TvtempModel.INFO: get All Template (count) : 6  
[2023-06-26 09:32:14] TvtempRepository.INFO: ======= End TV Repository (Get All Template List)================  
