[2023-06-19 12:02:02] CommonAction.INFO: ======= Start Common Action (getAllSideBarMenu) ================  
[2023-06-19 12:02:02] CommonAction.INFO: method : GET  
[2023-06-19 12:02:02] CommonAction.INFO: contentType : application/json  
[2023-06-19 12:02:02] CommonAction.INFO: Input Data : {"decoded":{"sub":"1","id":"1","userName":"super admin","userGroup":"1","email":"superadmin@msense.in","hotelId":"4","brandId":"7","iat":1687175286,"exp":1687261686}}  
[2023-06-19 12:02:02] CommonAction.INFO: ======= END Common Action (getAllSideBarMenu) ================  
[2023-06-19 12:02:59] CommonAction.INFO: ======= Start Common Action (getAllSideBarMenu) ================  
[2023-06-19 12:02:59] CommonAction.INFO: method : GET  
[2023-06-19 12:02:59] CommonAction.INFO: contentType : application/json  
[2023-06-19 12:02:59] CommonAction.INFO: Input Data : {"decoded":{"sub":"1","id":"1","userName":"super admin","userGroup":"1","email":"superadmin@msense.in","hotelId":"4","brandId":"7","iat":1687175286,"exp":1687261686}}  
[2023-06-19 12:03:00] CommonAction.INFO: ======= END Common Action (getAllSideBarMenu) ================  
[2023-06-19 12:03:33] CommonAction.INFO: ======= Start Common Action (getAllSideBarMenu) ================  
[2023-06-19 12:03:33] CommonAction.INFO: method : GET  
[2023-06-19 12:03:33] CommonAction.INFO: contentType : application/json  
[2023-06-19 12:03:33] CommonAction.INFO: Input Data : {"decoded":{"sub":"1","id":"1","userName":"super admin","userGroup":"1","email":"superadmin@msense.in","hotelId":"4","brandId":"7","iat":1687175286,"exp":1687261686}}  
[2023-06-19 12:03:33] CommonAction.INFO: ======= END Common Action (getAllSideBarMenu) ================  
[2023-06-19 12:04:32] CommonAction.INFO: ======= Start Common Action (getAllSideBarMenu) ================  
[2023-06-19 12:04:32] CommonAction.INFO: method : GET  
[2023-06-19 12:04:32] CommonAction.INFO: contentType : application/json  
[2023-06-19 12:04:32] CommonAction.INFO: Input Data : {"decoded":{"sub":"1","id":"1","userName":"super admin","userGroup":"1","email":"superadmin@msense.in","hotelId":"4","brandId":"7","iat":1687174979,"exp":1687261379}}  
[2023-06-19 12:04:32] CommonAction.INFO: ======= END Common Action (getAllSideBarMenu) ================  
[2023-06-19 12:05:11] CommonAction.INFO: ======= Start Common Action (getAllSideBarMenu) ================  
[2023-06-19 12:05:11] CommonAction.INFO: method : GET  
[2023-06-19 12:05:11] CommonAction.INFO: contentType : application/json  
[2023-06-19 12:05:11] CommonAction.INFO: Input Data : {"decoded":{"sub":"1","id":"1","userName":"super admin","userGroup":"1","email":"superadmin@msense.in","hotelId":"4","brandId":"7","iat":1687174979,"exp":1687261379}}  
[2023-06-19 12:05:11] CommonAction.INFO: ======= END Common Action (getAllSideBarMenu) ================  
[2023-06-19 12:13:23] CommonAction.INFO: ======= Start Common Action (getAllSideBarMenu) ================  
[2023-06-19 12:13:23] CommonAction.INFO: method : GET  
[2023-06-19 12:13:23] CommonAction.INFO: contentType : application/json  
[2023-06-19 12:13:23] CommonAction.INFO: Input Data : {"decoded":{"sub":"1","id":"1","userName":"super admin","userGroup":"1","email":"superadmin@msense.in","hotelId":"4","brandId":"7","iat":1687150936,"exp":1687237336}}  
[2023-06-19 12:13:23] CommonAction.INFO: ======= END Common Action (getAllSideBarMenu) ================  
[2023-06-19 12:15:50] CommonAction.INFO: ======= Start Common Action (getAllSideBarMenu) ================  
[2023-06-19 12:15:50] CommonAction.INFO: method : GET  
[2023-06-19 12:15:50] CommonAction.INFO: contentType : application/json  
[2023-06-19 12:15:50] CommonAction.INFO: Input Data : {"decoded":{"sub":"1","id":"1","userName":"super admin","userGroup":"1","email":"superadmin@msense.in","hotelId":"4","brandId":"7","iat":1687175286,"exp":1687261686}}  
[2023-06-19 12:15:50] CommonAction.INFO: ======= END Common Action (getAllSideBarMenu) ================  
[2023-06-19 12:16:11] CommonAction.INFO: ======= Start Common Action (getAllSideBarMenu) ================  
[2023-06-19 12:16:11] CommonAction.INFO: method : GET  
[2023-06-19 12:16:11] CommonAction.INFO: contentType : application/json  
[2023-06-19 12:16:11] CommonAction.INFO: Input Data : {"decoded":{"sub":"1","id":"1","userName":"super admin","userGroup":"1","email":"superadmin@msense.in","hotelId":"4","brandId":"7","iat":1687175286,"exp":1687261686}}  
[2023-06-19 12:16:11] CommonAction.INFO: ======= END Common Action (getAllSideBarMenu) ================  
[2023-06-19 12:16:21] CommonAction.INFO: ======= Start Common Action (getAllSideBarMenu) ================  
[2023-06-19 12:16:21] CommonAction.INFO: method : GET  
[2023-06-19 12:16:21] CommonAction.INFO: contentType : application/json  
[2023-06-19 12:16:21] CommonAction.INFO: Input Data : {"decoded":{"sub":"1","id":"1","userName":"super admin","userGroup":"1","email":"superadmin@msense.in","hotelId":"4","brandId":"7","iat":1687175286,"exp":1687261686}}  
[2023-06-19 12:16:21] CommonAction.INFO: ======= END Common Action (getAllSideBarMenu) ================  
[2023-06-19 12:16:44] CommonAction.INFO: ======= Start Common Action (getAllSideBarMenu) ================  
[2023-06-19 12:16:44] CommonAction.INFO: method : GET  
[2023-06-19 12:16:44] CommonAction.INFO: contentType : application/json  
[2023-06-19 12:16:44] CommonAction.INFO: Input Data : {"decoded":{"sub":"1","id":"1","userName":"super admin","userGroup":"1","email":"superadmin@msense.in","hotelId":"4","brandId":"7","iat":1687150936,"exp":1687237336}}  
[2023-06-19 12:16:44] CommonAction.INFO: ======= END Common Action (getAllSideBarMenu) ================  
[2023-06-19 12:18:14] CommonAction.INFO: ======= Start Common Action (getAllSideBarMenu) ================  
[2023-06-19 12:18:14] CommonAction.INFO: method : GET  
[2023-06-19 12:18:14] CommonAction.INFO: contentType : application/json  
[2023-06-19 12:18:14] CommonAction.INFO: Input Data : {"decoded":{"sub":"1","id":"1","userName":"super admin","userGroup":"1","email":"superadmin@msense.in","hotelId":"4","brandId":"7","iat":1687150936,"exp":1687237336}}  
[2023-06-19 12:18:14] CommonAction.INFO: ======= END Common Action (getAllSideBarMenu) ================  
[2023-06-19 12:18:59] CommonAction.INFO: ======= Start Common Action (getAllSideBarMenu) ================  
[2023-06-19 12:18:59] CommonAction.INFO: method : GET  
[2023-06-19 12:18:59] CommonAction.INFO: contentType : application/json  
[2023-06-19 12:18:59] CommonAction.INFO: Input Data : {"decoded":{"sub":"1","id":"1","userName":"super admin","userGroup":"1","email":"superadmin@msense.in","hotelId":"4","brandId":"7","iat":1687150936,"exp":1687237336}}  
[2023-06-19 12:18:59] CommonAction.INFO: ======= END Common Action (getAllSideBarMenu) ================  
[2023-06-19 12:19:24] CommonAction.INFO: ======= Start Common Action (getAllSideBarMenu) ================  
[2023-06-19 12:19:24] CommonAction.INFO: method : GET  
[2023-06-19 12:19:24] CommonAction.INFO: contentType : application/json  
[2023-06-19 12:19:24] CommonAction.INFO: Input Data : {"decoded":{"sub":"1","id":"1","userName":"super admin","userGroup":"1","email":"superadmin@msense.in","hotelId":"4","brandId":"7","iat":1687175286,"exp":1687261686}}  
[2023-06-19 12:19:24] CommonAction.INFO: ======= END Common Action (getAllSideBarMenu) ================  
[2023-06-19 12:19:58] CommonAction.INFO: ======= Start Common Action (getAllSideBarMenu) ================  
[2023-06-19 12:19:58] CommonAction.INFO: method : GET  
[2023-06-19 12:19:58] CommonAction.INFO: contentType : application/json  
[2023-06-19 12:19:58] CommonAction.INFO: Input Data : {"decoded":{"sub":"1","id":"1","userName":"super admin","userGroup":"1","email":"superadmin@msense.in","hotelId":"4","brandId":"7","iat":1687150936,"exp":1687237336}}  
[2023-06-19 12:19:58] CommonAction.INFO: ======= END Common Action (getAllSideBarMenu) ================  
[2023-06-19 12:20:44] CommonAction.INFO: ======= Start Common Action (getAllSideBarMenu) ================  
[2023-06-19 12:20:44] CommonAction.INFO: method : GET  
[2023-06-19 12:20:44] CommonAction.INFO: contentType : application/json  
[2023-06-19 12:20:44] CommonAction.INFO: Input Data : {"decoded":{"sub":"1","id":"1","userName":"super admin","userGroup":"1","email":"superadmin@msense.in","hotelId":"4","brandId":"7","iat":1687150936,"exp":1687237336}}  
[2023-06-19 12:20:44] CommonAction.INFO: ======= END Common Action (getAllSideBarMenu) ================  
[2023-06-19 12:21:26] CommonAction.INFO: ======= Start Common Action (getAllSideBarMenu) ================  
[2023-06-19 12:21:26] CommonAction.INFO: method : GET  
[2023-06-19 12:21:26] CommonAction.INFO: contentType : application/json  
[2023-06-19 12:21:26] CommonAction.INFO: Input Data : {"decoded":{"sub":"1","id":"1","userName":"super admin","userGroup":"1","email":"superadmin@msense.in","hotelId":"4","brandId":"7","iat":1687150936,"exp":1687237336}}  
[2023-06-19 12:21:26] CommonAction.INFO: ======= END Common Action (getAllSideBarMenu) ================  
[2023-06-19 12:22:41] CommonAction.INFO: ======= Start Common Action (getAllSideBarMenu) ================  
[2023-06-19 12:22:41] CommonAction.INFO: method : GET  
[2023-06-19 12:22:41] CommonAction.INFO: contentType : application/json  
[2023-06-19 12:22:41] CommonAction.INFO: Input Data : {"decoded":{"sub":"1","id":"1","userName":"super admin","userGroup":"1","email":"superadmin@msense.in","hotelId":"4","brandId":"7","iat":1687150936,"exp":1687237336}}  
[2023-06-19 12:22:41] CommonAction.INFO: ======= END Common Action (getAllSideBarMenu) ================  
[2023-06-19 12:23:07] CommonAction.INFO: ======= Start Common Action (getAllSideBarMenu) ================  
[2023-06-19 12:23:07] CommonAction.INFO: method : GET  
[2023-06-19 12:23:07] CommonAction.INFO: contentType : application/json  
[2023-06-19 12:23:07] CommonAction.INFO: Input Data : {"decoded":{"sub":"1","id":"1","userName":"super admin","userGroup":"1","email":"superadmin@msense.in","hotelId":"4","brandId":"7","iat":1687150936,"exp":1687237336}}  
[2023-06-19 12:23:07] CommonAction.INFO: ======= END Common Action (getAllSideBarMenu) ================  
[2023-06-19 12:24:12] CommonAction.INFO: ======= Start Common Action (getAllSideBarMenu) ================  
[2023-06-19 12:24:12] CommonAction.INFO: method : GET  
[2023-06-19 12:24:12] CommonAction.INFO: contentType : application/json  
[2023-06-19 12:24:12] CommonAction.INFO: Input Data : {"decoded":{"sub":"1","id":"1","userName":"super admin","userGroup":"1","email":"superadmin@msense.in","hotelId":"4","brandId":"7","iat":1687150936,"exp":1687237336}}  
[2023-06-19 12:24:12] CommonAction.INFO: ======= END Common Action (getAllSideBarMenu) ================  
[2023-06-19 12:27:53] CommonAction.INFO: ======= Start Common Action (getAllSideBarMenu) ================  
[2023-06-19 12:27:53] CommonAction.INFO: method : GET  
[2023-06-19 12:27:53] CommonAction.INFO: contentType : application/json  
[2023-06-19 12:27:53] CommonAction.INFO: Input Data : {"decoded":{"sub":"1","id":"1","userName":"super admin","userGroup":"1","email":"superadmin@msense.in","hotelId":"4","brandId":"7","iat":1687150936,"exp":1687237336}}  
[2023-06-19 12:27:53] CommonAction.INFO: ======= END Common Action (getAllSideBarMenu) ================  
[2023-06-19 12:28:21] CommonAction.INFO: ======= Start Common Action (getAllSideBarMenu) ================  
[2023-06-19 12:28:21] CommonAction.INFO: method : GET  
[2023-06-19 12:28:21] CommonAction.INFO: contentType : application/json  
[2023-06-19 12:28:21] CommonAction.INFO: Input Data : {"decoded":{"sub":"1","id":"1","userName":"super admin","userGroup":"1","email":"superadmin@msense.in","hotelId":"4","brandId":"7","iat":1687150936,"exp":1687237336}}  
[2023-06-19 12:28:21] CommonAction.INFO: ======= END Common Action (getAllSideBarMenu) ================  
[2023-06-19 12:28:25] CommonAction.INFO: ======= Start Common Action (getAllSideBarMenu) ================  
[2023-06-19 12:28:25] CommonAction.INFO: method : GET  
[2023-06-19 12:28:25] CommonAction.INFO: contentType : application/json  
[2023-06-19 12:28:25] CommonAction.INFO: Input Data : {"decoded":{"sub":"1","id":"1","userName":"super admin","userGroup":"1","email":"superadmin@msense.in","hotelId":"4","brandId":"7","iat":1687150936,"exp":1687237336}}  
[2023-06-19 12:28:25] CommonAction.INFO: ======= END Common Action (getAllSideBarMenu) ================  
[2023-06-19 12:28:33] CommonAction.INFO: ======= Start Common Action (getAllSideBarMenu) ================  
[2023-06-19 12:28:33] CommonAction.INFO: method : GET  
[2023-06-19 12:28:33] CommonAction.INFO: contentType : application/json  
[2023-06-19 12:28:33] CommonAction.INFO: Input Data : {"decoded":{"sub":"1","id":"1","userName":"super admin","userGroup":"1","email":"superadmin@msense.in","hotelId":"4","brandId":"7","iat":1687150936,"exp":1687237336}}  
[2023-06-19 12:28:33] CommonAction.INFO: ======= END Common Action (getAllSideBarMenu) ================  
[2023-06-19 12:28:56] CommonAction.INFO: ======= Start Common Action (getAllSideBarMenu) ================  
[2023-06-19 12:28:56] CommonAction.INFO: method : GET  
[2023-06-19 12:28:56] CommonAction.INFO: contentType : application/json  
[2023-06-19 12:28:56] CommonAction.INFO: Input Data : {"decoded":{"sub":"1","id":"1","userName":"super admin","userGroup":"1","email":"superadmin@msense.in","hotelId":"4","brandId":"7","iat":1687150936,"exp":1687237336}}  
[2023-06-19 12:28:56] CommonAction.INFO: ======= END Common Action (getAllSideBarMenu) ================  
[2023-06-19 12:29:10] CommonAction.INFO: ======= Start Common Action (getAllSideBarMenu) ================  
[2023-06-19 12:29:10] CommonAction.INFO: method : GET  
[2023-06-19 12:29:10] CommonAction.INFO: contentType : application/json  
[2023-06-19 12:29:10] CommonAction.INFO: Input Data : {"decoded":{"sub":"1","id":"1","userName":"super admin","userGroup":"1","email":"superadmin@msense.in","hotelId":"4","brandId":"7","iat":1687150936,"exp":1687237336}}  
[2023-06-19 12:29:10] CommonAction.INFO: ======= END Common Action (getAllSideBarMenu) ================  
[2023-06-19 12:29:12] CommonAction.INFO: ======= Start Common Action (getAllSideBarMenu) ================  
[2023-06-19 12:29:12] CommonAction.INFO: method : GET  
[2023-06-19 12:29:12] CommonAction.INFO: contentType : application/json  
[2023-06-19 12:29:12] CommonAction.INFO: Input Data : {"decoded":{"sub":"1","id":"1","userName":"super admin","userGroup":"1","email":"superadmin@msense.in","hotelId":"4","brandId":"7","iat":1687150936,"exp":1687237336}}  
[2023-06-19 12:29:12] CommonAction.INFO: ======= END Common Action (getAllSideBarMenu) ================  
[2023-06-19 12:30:20] CommonAction.INFO: ======= Start Common Action (getAllSideBarMenu) ================  
[2023-06-19 12:30:20] CommonAction.INFO: method : GET  
[2023-06-19 12:30:20] CommonAction.INFO: contentType : application/json  
[2023-06-19 12:30:20] CommonAction.INFO: Input Data : {"decoded":{"sub":"1","id":"1","userName":"super admin","userGroup":"1","email":"superadmin@msense.in","hotelId":"4","brandId":"7","iat":1687150936,"exp":1687237336}}  
[2023-06-19 12:30:20] CommonAction.INFO: ======= END Common Action (getAllSideBarMenu) ================  
[2023-06-19 12:31:56] CommonAction.INFO: ======= Start Common Action (getAllSideBarMenu) ================  
[2023-06-19 12:31:56] CommonAction.INFO: method : GET  
[2023-06-19 12:31:56] CommonAction.INFO: contentType : application/json  
[2023-06-19 12:31:56] CommonAction.INFO: Input Data : {"decoded":{"sub":"1","id":"1","userName":"super admin","userGroup":"1","email":"superadmin@msense.in","hotelId":"4","brandId":"7","iat":1687150936,"exp":1687237336}}  
[2023-06-19 12:31:56] CommonAction.INFO: ======= END Common Action (getAllSideBarMenu) ================  
[2023-06-19 12:33:58] CommonAction.INFO: ======= Start Common Action (getAllSideBarMenu) ================  
[2023-06-19 12:33:58] CommonAction.INFO: method : GET  
[2023-06-19 12:33:58] CommonAction.INFO: contentType : application/json  
[2023-06-19 12:33:58] CommonAction.INFO: Input Data : {"decoded":{"sub":"1","id":"1","userName":"super admin","userGroup":"1","email":"superadmin@msense.in","hotelId":"4","brandId":"7","iat":1687150936,"exp":1687237336}}  
[2023-06-19 12:33:58] CommonAction.INFO: ======= END Common Action (getAllSideBarMenu) ================  
[2023-06-19 12:34:19] CommonAction.INFO: ======= Start Common Action (getAllSideBarMenu) ================  
[2023-06-19 12:34:19] CommonAction.INFO: method : GET  
[2023-06-19 12:34:19] CommonAction.INFO: contentType : application/json  
[2023-06-19 12:34:19] CommonAction.INFO: Input Data : {"decoded":{"sub":"1","id":"1","userName":"super admin","userGroup":"1","email":"superadmin@msense.in","hotelId":"4","brandId":"7","iat":1687150936,"exp":1687237336}}  
[2023-06-19 12:34:19] CommonAction.INFO: ======= END Common Action (getAllSideBarMenu) ================  
[2023-06-19 12:35:23] CommonAction.INFO: ======= Start Common Action (getAllSideBarMenu) ================  
[2023-06-19 12:35:23] CommonAction.INFO: method : GET  
[2023-06-19 12:35:23] CommonAction.INFO: contentType : application/json  
[2023-06-19 12:35:23] CommonAction.INFO: Input Data : {"decoded":{"sub":"1","id":"1","userName":"super admin","userGroup":"1","email":"superadmin@msense.in","hotelId":"4","brandId":"7","iat":1687150936,"exp":1687237336}}  
[2023-06-19 12:35:24] CommonAction.INFO: ======= END Common Action (getAllSideBarMenu) ================  
[2023-06-19 12:35:45] CommonAction.INFO: ======= Start Common Action (getAllSideBarMenu) ================  
[2023-06-19 12:35:45] CommonAction.INFO: method : GET  
[2023-06-19 12:35:45] CommonAction.INFO: contentType : application/json  
[2023-06-19 12:35:45] CommonAction.INFO: Input Data : {"decoded":{"sub":"1","id":"1","userName":"super admin","userGroup":"1","email":"superadmin@msense.in","hotelId":"4","brandId":"7","iat":1687150936,"exp":1687237336}}  
[2023-06-19 12:35:45] CommonAction.INFO: ======= END Common Action (getAllSideBarMenu) ================  
[2023-06-19 12:37:12] CommonAction.INFO: ======= Start Common Action (getAllSideBarMenu) ================  
[2023-06-19 12:37:12] CommonAction.INFO: method : GET  
[2023-06-19 12:37:12] CommonAction.INFO: contentType : application/json  
[2023-06-19 12:37:12] CommonAction.INFO: Input Data : {"decoded":{"sub":"1","id":"1","userName":"super admin","userGroup":"1","email":"superadmin@msense.in","hotelId":"4","brandId":"7","iat":1687150936,"exp":1687237336}}  
[2023-06-19 12:37:12] CommonAction.INFO: ======= END Common Action (getAllSideBarMenu) ================  
[2023-06-19 12:37:36] CommonAction.INFO: ======= Start Common Action (getAllSideBarMenu) ================  
[2023-06-19 12:37:36] CommonAction.INFO: method : GET  
[2023-06-19 12:37:36] CommonAction.INFO: contentType : application/json  
[2023-06-19 12:37:36] CommonAction.INFO: Input Data : {"decoded":{"sub":"1","id":"1","userName":"super admin","userGroup":"1","email":"superadmin@msense.in","hotelId":"4","brandId":"7","iat":1687150936,"exp":1687237336}}  
[2023-06-19 12:37:36] CommonAction.INFO: ======= END Common Action (getAllSideBarMenu) ================  
[2023-06-19 12:39:32] CommonAction.INFO: ======= Start Common Action (getAllSideBarMenu) ================  
[2023-06-19 12:39:32] CommonAction.INFO: method : GET  
[2023-06-19 12:39:32] CommonAction.INFO: contentType : application/json  
[2023-06-19 12:39:32] CommonAction.INFO: Input Data : {"decoded":{"sub":"1","id":"1","userName":"super admin","userGroup":"1","email":"superadmin@msense.in","hotelId":"4","brandId":"7","iat":1687150936,"exp":1687237336}}  
[2023-06-19 12:39:32] CommonAction.INFO: ======= END Common Action (getAllSideBarMenu) ================  
[2023-06-19 12:41:01] CommonAction.INFO: ======= Start Common Action (getAllSideBarMenu) ================  
[2023-06-19 12:41:01] CommonAction.INFO: method : GET  
[2023-06-19 12:41:01] CommonAction.INFO: contentType : application/json  
[2023-06-19 12:41:01] CommonAction.INFO: Input Data : {"decoded":{"sub":"1","id":"1","userName":"super admin","userGroup":"1","email":"superadmin@msense.in","hotelId":"4","brandId":"7","iat":1687150936,"exp":1687237336}}  
[2023-06-19 12:41:01] CommonAction.INFO: ======= END Common Action (getAllSideBarMenu) ================  
[2023-06-19 12:42:08] CommonAction.INFO: ======= Start Common Action (getAllSideBarMenu) ================  
[2023-06-19 12:42:08] CommonAction.INFO: method : GET  
[2023-06-19 12:42:08] CommonAction.INFO: contentType : application/json  
[2023-06-19 12:42:08] CommonAction.INFO: Input Data : {"decoded":{"sub":"1","id":"1","userName":"super admin","userGroup":"1","email":"superadmin@msense.in","hotelId":"4","brandId":"7","iat":1687150936,"exp":1687237336}}  
[2023-06-19 12:42:08] CommonAction.INFO: ======= END Common Action (getAllSideBarMenu) ================  
[2023-06-19 12:43:29] CommonAction.INFO: ======= Start Common Action (getAllSideBarMenu) ================  
[2023-06-19 12:43:29] CommonAction.INFO: method : GET  
[2023-06-19 12:43:29] CommonAction.INFO: contentType : application/json  
[2023-06-19 12:43:29] CommonAction.INFO: Input Data : {"decoded":{"sub":"1","id":"1","userName":"super admin","userGroup":"1","email":"superadmin@msense.in","hotelId":"4","brandId":"7","iat":1687150936,"exp":1687237336}}  
[2023-06-19 12:43:29] CommonAction.INFO: ======= END Common Action (getAllSideBarMenu) ================  
[2023-06-19 12:48:26] CommonAction.INFO: ======= Start Common Action (getAllSideBarMenu) ================  
[2023-06-19 12:48:26] CommonAction.INFO: method : GET  
[2023-06-19 12:48:26] CommonAction.INFO: contentType : application/json  
[2023-06-19 12:48:26] CommonAction.INFO: Input Data : {"decoded":{"sub":"1","id":"1","userName":"super admin","userGroup":"1","email":"superadmin@msense.in","hotelId":"4","brandId":"7","iat":1687150936,"exp":1687237336}}  
[2023-06-19 12:48:26] CommonAction.INFO: ======= END Common Action (getAllSideBarMenu) ================  
