[2023-06-19 12:29:00] HotelAction.INFO: ======= Start Hotel Action (List) ================  
[2023-06-19 12:29:00] HotelAction.INFO: method : POST  
[2023-06-19 12:29:00] HotelAction.INFO: contentType : application/json  
[2023-06-19 12:29:00] HotelAction.INFO: Input Data : {"decoded":{"sub":"1","id":"1","userName":"super admin","userGroup":"1","email":"superadmin@msense.in","hotelId":"4","brandId":"7","iat":1687150936,"exp":1687237336}}  
[2023-06-19 12:29:00] HotelAction.INFO: ======= END Hotel Action (List) ================  
[2023-06-19 12:29:13] HotelAction.INFO: ======= Start Hotel Action (List) ================  
[2023-06-19 12:29:13] HotelAction.INFO: method : POST  
[2023-06-19 12:29:13] HotelAction.INFO: contentType : application/json  
[2023-06-19 12:29:13] HotelAction.INFO: Input Data : {"decoded":{"sub":"1","id":"1","userName":"super admin","userGroup":"1","email":"superadmin@msense.in","hotelId":"4","brandId":"7","iat":1687150936,"exp":1687237336}}  
[2023-06-19 12:29:13] HotelAction.INFO: ======= END Hotel Action (List) ================  
[2023-06-19 12:30:20] HotelAction.INFO: ======= Start Hotel Action (List) ================  
[2023-06-19 12:30:20] HotelAction.INFO: method : POST  
[2023-06-19 12:30:20] HotelAction.INFO: contentType : application/json  
[2023-06-19 12:30:20] HotelAction.INFO: Input Data : {"decoded":{"sub":"1","id":"1","userName":"super admin","userGroup":"1","email":"superadmin@msense.in","hotelId":"4","brandId":"7","iat":1687150936,"exp":1687237336}}  
[2023-06-19 12:30:20] HotelAction.INFO: ======= END Hotel Action (List) ================  
[2023-06-19 12:30:38] HotelAction.INFO: ======= Start Hotel Action (List) ================  
[2023-06-19 12:30:38] HotelAction.INFO: method : POST  
[2023-06-19 12:30:38] HotelAction.INFO: contentType : application/json  
[2023-06-19 12:30:38] HotelAction.INFO: Input Data : {"decoded":{"sub":"1","id":"1","userName":"super admin","userGroup":"1","email":"superadmin@msense.in","hotelId":"4","brandId":"7","iat":1687150936,"exp":1687237336}}  
[2023-06-19 12:30:38] HotelAction.INFO: ======= END Hotel Action (List) ================  
[2023-06-19 12:31:56] HotelAction.INFO: ======= Start Hotel Action (List) ================  
[2023-06-19 12:31:56] HotelAction.INFO: method : POST  
[2023-06-19 12:31:56] HotelAction.INFO: contentType : application/json  
[2023-06-19 12:31:56] HotelAction.INFO: Input Data : {"decoded":{"sub":"1","id":"1","userName":"super admin","userGroup":"1","email":"superadmin@msense.in","hotelId":"4","brandId":"7","iat":1687150936,"exp":1687237336}}  
[2023-06-19 12:31:56] HotelAction.INFO: ======= END Hotel Action (List) ================  
[2023-06-19 12:32:06] HotelAction.INFO: ======= Start Hotel Action (List) ================  
[2023-06-19 12:32:06] HotelAction.INFO: method : POST  
[2023-06-19 12:32:06] HotelAction.INFO: contentType : application/json  
[2023-06-19 12:32:06] HotelAction.INFO: Input Data : {"decoded":{"sub":"1","id":"1","userName":"super admin","userGroup":"1","email":"superadmin@msense.in","hotelId":"4","brandId":"7","iat":1687150936,"exp":1687237336}}  
[2023-06-19 12:32:06] HotelAction.INFO: ======= END Hotel Action (List) ================  
[2023-06-19 12:33:58] HotelAction.INFO: ======= Start Hotel Action (List) ================  
[2023-06-19 12:33:58] HotelAction.INFO: method : POST  
[2023-06-19 12:33:58] HotelAction.INFO: contentType : application/json  
[2023-06-19 12:33:58] HotelAction.INFO: Input Data : {"decoded":{"sub":"1","id":"1","userName":"super admin","userGroup":"1","email":"superadmin@msense.in","hotelId":"4","brandId":"7","iat":1687150936,"exp":1687237336}}  
[2023-06-19 12:33:58] HotelAction.INFO: ======= END Hotel Action (List) ================  
[2023-06-19 12:34:08] HotelAction.INFO: ======= Start Hotel Action (List) ================  
[2023-06-19 12:34:08] HotelAction.INFO: method : POST  
[2023-06-19 12:34:08] HotelAction.INFO: contentType : application/json  
[2023-06-19 12:34:08] HotelAction.INFO: Input Data : {"decoded":{"sub":"1","id":"1","userName":"super admin","userGroup":"1","email":"superadmin@msense.in","hotelId":"4","brandId":"7","iat":1687150936,"exp":1687237336}}  
[2023-06-19 12:34:08] HotelAction.INFO: ======= END Hotel Action (List) ================  
[2023-06-19 12:35:25] HotelAction.INFO: ======= Start Hotel Action (List) ================  
[2023-06-19 12:35:25] HotelAction.INFO: method : POST  
[2023-06-19 12:35:25] HotelAction.INFO: contentType : application/json  
[2023-06-19 12:35:25] HotelAction.INFO: Input Data : {"decoded":{"sub":"1","id":"1","userName":"super admin","userGroup":"1","email":"superadmin@msense.in","hotelId":"4","brandId":"7","iat":1687150936,"exp":1687237336}}  
[2023-06-19 12:35:25] HotelAction.INFO: ======= END Hotel Action (List) ================  
[2023-06-19 12:35:29] HotelAction.INFO: ======= Start Hotel Action (List) ================  
[2023-06-19 12:35:29] HotelAction.INFO: method : POST  
[2023-06-19 12:35:29] HotelAction.INFO: contentType : application/json  
[2023-06-19 12:35:29] HotelAction.INFO: Input Data : {"decoded":{"sub":"1","id":"1","userName":"super admin","userGroup":"1","email":"superadmin@msense.in","hotelId":"4","brandId":"7","iat":1687150936,"exp":1687237336}}  
[2023-06-19 12:35:29] HotelAction.INFO: ======= END Hotel Action (List) ================  
[2023-06-19 12:35:45] HotelAction.INFO: ======= Start Hotel Action (List) ================  
[2023-06-19 12:35:45] HotelAction.INFO: method : POST  
[2023-06-19 12:35:45] HotelAction.INFO: contentType : application/json  
[2023-06-19 12:35:45] HotelAction.INFO: Input Data : {"decoded":{"sub":"1","id":"1","userName":"super admin","userGroup":"1","email":"superadmin@msense.in","hotelId":"4","brandId":"7","iat":1687150936,"exp":1687237336}}  
[2023-06-19 12:35:45] HotelAction.INFO: ======= END Hotel Action (List) ================  
[2023-06-19 12:37:12] HotelAction.INFO: ======= Start Hotel Action (List) ================  
[2023-06-19 12:37:12] HotelAction.INFO: method : POST  
[2023-06-19 12:37:12] HotelAction.INFO: contentType : application/json  
[2023-06-19 12:37:12] HotelAction.INFO: Input Data : {"decoded":{"sub":"1","id":"1","userName":"super admin","userGroup":"1","email":"superadmin@msense.in","hotelId":"4","brandId":"7","iat":1687150936,"exp":1687237336}}  
[2023-06-19 12:37:12] HotelAction.INFO: ======= END Hotel Action (List) ================  
[2023-06-19 12:37:36] HotelAction.INFO: ======= Start Hotel Action (List) ================  
[2023-06-19 12:37:36] HotelAction.INFO: method : POST  
[2023-06-19 12:37:36] HotelAction.INFO: contentType : application/json  
[2023-06-19 12:37:36] HotelAction.INFO: Input Data : {"decoded":{"sub":"1","id":"1","userName":"super admin","userGroup":"1","email":"superadmin@msense.in","hotelId":"4","brandId":"7","iat":1687150936,"exp":1687237336}}  
[2023-06-19 12:37:36] HotelAction.INFO: ======= END Hotel Action (List) ================  
