[2023-06-19 12:05:04] LoginAction.INFO: ======= Start Login Action ================  
[2023-06-19 12:05:04] LoginAction.INFO: Input Data : {"email":"superadmin@msense.in","password":"1234567"}  
[2023-06-19 12:05:04] LoginModel.INFO: Query : call SP_Doauth('superadmin@msense.in','QUwxT0hwRExsV2g4VXpFNkdocllPQT09')  
[2023-06-19 12:05:04] LoginModel.INFO: User Data : {"username":"super admin","userGroup":"1","loginid":"1","email":"superadmin@msense.in","mobileno":"9677889090","designation":"Manage_rCate","hotelId":"4","brandId":"7"}  
[2023-06-19 12:05:04] LoginAction.INFO: ======= END Login Action ================  
[2023-06-19 12:05:06] LoginAction.INFO: ======= Start Login Action ================  
[2023-06-19 12:05:06] LoginAction.INFO: Input Data : {"email":"superadmin@msense.in","password":"1234567"}  
[2023-06-19 12:05:06] LoginModel.INFO: Query : call SP_Doauth('superadmin@msense.in','QUwxT0hwRExsV2g4VXpFNkdocllPQT09')  
[2023-06-19 12:05:06] LoginModel.INFO: User Data : {"username":"super admin","userGroup":"1","loginid":"1","email":"superadmin@msense.in","mobileno":"9677889090","designation":"Manage_rCate","hotelId":"4","brandId":"7"}  
[2023-06-19 12:05:06] LoginAction.INFO: ======= END Login Action ================  
[2023-06-19 12:05:08] LoginAction.INFO: ======= Start Login Action ================  
[2023-06-19 12:05:08] LoginAction.INFO: Input Data : {"email":"superadmin@msense.in","password":"1234567"}  
[2023-06-19 12:05:08] LoginModel.INFO: Query : call SP_Doauth('superadmin@msense.in','QUwxT0hwRExsV2g4VXpFNkdocllPQT09')  
[2023-06-19 12:05:08] LoginModel.INFO: User Data : {"username":"super admin","userGroup":"1","loginid":"1","email":"superadmin@msense.in","mobileno":"9677889090","designation":"Manage_rCate","hotelId":"4","brandId":"7"}  
[2023-06-19 12:05:08] LoginAction.INFO: ======= END Login Action ================  
[2023-06-19 12:20:03] LoginAction.INFO: ======= Start Login Action ================  
[2023-06-19 12:20:03] LoginAction.INFO: Input Data : {"email":"superadmin@msense.in","password":"1234567"}  
[2023-06-19 12:20:03] LoginModel.INFO: Query : call SP_Doauth('superadmin@msense.in','QUwxT0hwRExsV2g4VXpFNkdocllPQT09')  
[2023-06-19 12:20:03] LoginModel.INFO: User Data : {"username":"super admin","userGroup":"1","loginid":"1","email":"superadmin@msense.in","mobileno":"9677889090","designation":"Manage_rCate","hotelId":"4","brandId":"7"}  
[2023-06-19 12:20:03] LoginAction.INFO: ======= END Login Action ================  
