[2023-06-28 04:40:34] WizardSetupAction.INFO: ======= Start WizardSetup Action (Get Template Details for hotel) ================  
[2023-06-28 04:40:34] WizardSetupAction.INFO: method : POST  
[2023-06-28 04:40:34] WizardSetupAction.INFO: Input Data : {"hotelid":"4","tempid":"2","decoded":{"sub":"1","id":"1","userName":"super admin","userGroup":"1","email":"superadmin@msense.in","hotelId":"4","brandId":"7","iat":1687927216,"exp":1688013616}}  
[2023-06-28 04:40:34] WizardSetupAction.INFO: ======= END WizardSetup Action (Get Template Details for hotel) ================  
[2023-06-28 04:46:12] WizardSetupAction.INFO: ======= Start WizardSetup Action (Get Template Details for hotel) ================  
[2023-06-28 04:46:12] WizardSetupAction.INFO: method : POST  
[2023-06-28 04:46:12] WizardSetupAction.INFO: Input Data : {"hotelid":"6","tempid":"5","decoded":{"sub":"1","id":"1","userName":"super admin","userGroup":"1","email":"superadmin@msense.in","hotelId":"4","brandId":"7","iat":1687927216,"exp":1688013616}}  
[2023-06-28 04:46:19] WizardSetupAction.INFO: ======= Start WizardSetup Action (Update Template) ================  
[2023-06-28 04:46:19] WizardSetupAction.INFO: method : PUT  
[2023-06-28 04:46:19] WizardSetupAction.INFO: contentType : application/json  
[2023-06-28 04:46:19] WizardSetupAction.INFO: Input Data : {"templateid":"6","hotelid":"6","decoded":{"sub":"1","id":"1","userName":"super admin","userGroup":"1","email":"superadmin@msense.in","hotelId":"4","brandId":"7","iat":1687927216,"exp":1688013616}}  
[2023-06-28 04:46:19] WizardSetupAction.INFO: ======= END WizardSetup Action (Update Template) ================  
[2023-06-28 04:47:37] WizardSetupAction.INFO: ======= Start WizardSetup Action (Add Features to hotel) ================  
[2023-06-28 04:47:37] WizardSetupAction.INFO: method : POST  
[2023-06-28 04:47:37] WizardSetupAction.INFO: contentType : application/json  
[2023-06-28 04:47:37] WizardSetupAction.INFO: Input Data : {"featureid":[{"id":"1","name":"Channels"}],"hotelid":"6","decoded":{"sub":"1","id":"1","userName":"super admin","userGroup":"1","email":"superadmin@msense.in","hotelId":"4","brandId":"7","iat":1687927216,"exp":1688013616}}  
[2023-06-28 04:47:37] WizardSetupAction.INFO: ======= Start WizardSetup Action (Add Features to hotel) ================  
[2023-06-28 04:47:37] WizardSetupAction.INFO: method : POST  
[2023-06-28 04:47:37] WizardSetupAction.INFO: Input Data : {"hotelid":"4","tempid":"6","welcome_body":"welcome message","decoded":{"sub":"1","id":"1","userName":"super admin","userGroup":"1","email":"superadmin@msense.in","hotelId":"4","brandId":"7","iat":1687927216,"exp":1688013616}}  
[2023-06-28 04:47:37] WizardSetupAction.INFO: ======= END WizardSetup Action (Add Features to hotel) ================  
[2023-06-28 04:48:55] WizardSetupAction.INFO: ======= Start WizardSetup Action (Get Template Details for hotel) ================  
[2023-06-28 04:48:55] WizardSetupAction.INFO: method : POST  
[2023-06-28 04:48:55] WizardSetupAction.INFO: Input Data : {"hotelid":"6","tempid":"5","decoded":{"sub":"1","id":"1","userName":"super admin","userGroup":"1","email":"superadmin@msense.in","hotelId":"4","brandId":"7","iat":1687927216,"exp":1688013616}}  
[2023-06-28 04:49:01] WizardSetupAction.INFO: ======= Start WizardSetup Action (Update Template) ================  
[2023-06-28 04:49:01] WizardSetupAction.INFO: method : PUT  
[2023-06-28 04:49:01] WizardSetupAction.INFO: contentType : application/json  
[2023-06-28 04:49:01] WizardSetupAction.INFO: Input Data : {"templateid":"5","hotelid":"6","decoded":{"sub":"1","id":"1","userName":"super admin","userGroup":"1","email":"superadmin@msense.in","hotelId":"4","brandId":"7","iat":1687927216,"exp":1688013616}}  
[2023-06-28 04:49:01] WizardSetupAction.INFO: ======= END WizardSetup Action (Update Template) ================  
[2023-06-28 04:49:47] WizardSetupAction.INFO: ======= Start WizardSetup Action (Add Features to hotel) ================  
[2023-06-28 04:49:47] WizardSetupAction.INFO: method : POST  
[2023-06-28 04:49:47] WizardSetupAction.INFO: contentType : application/json  
[2023-06-28 04:49:47] WizardSetupAction.INFO: Input Data : {"featureid":["1"],"hotelid":"6","decoded":{"sub":"1","id":"1","userName":"super admin","userGroup":"1","email":"superadmin@msense.in","hotelId":"4","brandId":"7","iat":1687927216,"exp":1688013616}}  
[2023-06-28 04:49:47] WizardSetupAction.INFO: ======= END WizardSetup Action (Add Features to hotel) ================  
[2023-06-28 04:49:47] WizardSetupAction.INFO: ======= Start WizardSetup Action (Add Features to hotel) ================  
[2023-06-28 04:49:47] WizardSetupAction.INFO: method : POST  
[2023-06-28 04:49:47] WizardSetupAction.INFO: Input Data : {"hotelid":"4","tempid":"5","welcome_body":"welcome message","decoded":{"sub":"1","id":"1","userName":"super admin","userGroup":"1","email":"superadmin@msense.in","hotelId":"4","brandId":"7","iat":1687927216,"exp":1688013616}}  
[2023-06-28 04:49:47] WizardSetupAction.INFO: ======= END WizardSetup Action (Add Features to hotel) ================  
[2023-06-28 04:50:51] WizardSetupAction.INFO: ======= Start WizardSetup Action (Add Features to hotel) ================  
[2023-06-28 04:50:51] WizardSetupAction.INFO: method : POST  
[2023-06-28 04:50:51] WizardSetupAction.INFO: contentType : application/json  
[2023-06-28 04:50:51] WizardSetupAction.INFO: Input Data : {"featureid":["1"],"hotelid":"6","decoded":{"sub":"1","id":"1","userName":"super admin","userGroup":"1","email":"superadmin@msense.in","hotelId":"4","brandId":"7","iat":1687927216,"exp":1688013616}}  
[2023-06-28 04:50:51] WizardSetupAction.INFO: ======= END WizardSetup Action (Add Features to hotel) ================  
[2023-06-28 04:50:51] WizardSetupAction.INFO: ======= Start WizardSetup Action (Add Features to hotel) ================  
[2023-06-28 04:50:51] WizardSetupAction.INFO: method : POST  
[2023-06-28 04:50:51] WizardSetupAction.INFO: Input Data : {"hotelid":"4","tempid":"5","welcome_body":"welcome message","decoded":{"sub":"1","id":"1","userName":"super admin","userGroup":"1","email":"superadmin@msense.in","hotelId":"4","brandId":"7","iat":1687927216,"exp":1688013616}}  
[2023-06-28 04:50:51] WizardSetupAction.INFO: ======= END WizardSetup Action (Add Features to hotel) ================  
[2023-06-28 05:00:12] WizardSetupAction.INFO: ======= Start WizardSetup Action (Add Features to hotel) ================  
[2023-06-28 05:00:12] WizardSetupAction.INFO: method : POST  
[2023-06-28 05:00:12] WizardSetupAction.INFO: Input Data : {"menutitle":["Home","Internet"],"menulink":["menu.html","tes.html"],"hotelid":"4","tempid":"1","welcome_head":"hai this is me","welcome_body":"hello its work well","decoded":{"sub":"1","id":"1","userName":"super admin","userGroup":"1","email":"superadmin@msense.in","hotelId":"4","brandId":"7","iat":1687928402,"exp":1688014802}}  
[2023-06-28 05:00:43] WizardSetupAction.INFO: ======= Start WizardSetup Action (Add Features to hotel) ================  
[2023-06-28 05:00:43] WizardSetupAction.INFO: method : POST  
[2023-06-28 05:00:43] WizardSetupAction.INFO: Input Data : {"menutitle":["Home","Internet"],"menulink":["menu.html","tes.html"],"hotelid":"4","tempid":"1","welcome_head":"hai this is me","welcome_body":"hello its work well","decoded":{"sub":"1","id":"1","userName":"super admin","userGroup":"1","email":"superadmin@msense.in","hotelId":"4","brandId":"7","iat":1687928402,"exp":1688014802}}  
[2023-06-28 05:00:43] WizardSetupAction.INFO: ======= END WizardSetup Action (Add Features to hotel) ================  
[2023-06-28 05:01:03] WizardSetupAction.INFO: ======= Start WizardSetup Action (Add Features to hotel) ================  
[2023-06-28 05:01:03] WizardSetupAction.INFO: method : POST  
[2023-06-28 05:01:03] WizardSetupAction.INFO: Input Data : {"menutitle":["Home","Internet"],"hotelid":"4","tempid":"1","welcome_head":"hai this is me","welcome_body":"hello its work well","decoded":{"sub":"1","id":"1","userName":"super admin","userGroup":"1","email":"superadmin@msense.in","hotelId":"4","brandId":"7","iat":1687928402,"exp":1688014802}}  
[2023-06-28 05:01:03] WizardSetupAction.INFO: ======= END WizardSetup Action (Add Features to hotel) ================  
[2023-06-28 05:01:37] WizardSetupAction.INFO: ======= Start WizardSetup Action (Add Features to hotel) ================  
[2023-06-28 05:01:37] WizardSetupAction.INFO: method : POST  
[2023-06-28 05:01:37] WizardSetupAction.INFO: Input Data : {"menutitle":["Home","Internet"],"hotelid":"4","tempid":"1","welcome_head":"hai this is me","welcome_body":"hello its work well","decoded":{"sub":"1","id":"1","userName":"super admin","userGroup":"1","email":"superadmin@msense.in","hotelId":"4","brandId":"7","iat":1687928402,"exp":1688014802}}  
[2023-06-28 05:01:37] WizardSetupAction.INFO: ======= END WizardSetup Action (Add Features to hotel) ================  
[2023-06-28 05:02:06] WizardSetupAction.INFO: ======= Start WizardSetup Action (Add Features to hotel) ================  
[2023-06-28 05:02:06] WizardSetupAction.INFO: method : POST  
[2023-06-28 05:02:06] WizardSetupAction.INFO: Input Data : {"menutitle":["Home","Internet"],"menulink":["menu.html","tes.html"],"hotelid":"4","tempid":"1","welcome_head":"hai this is me","welcome_body":"hello its work well","decoded":{"sub":"1","id":"1","userName":"super admin","userGroup":"1","email":"superadmin@msense.in","hotelId":"4","brandId":"7","iat":1687928402,"exp":1688014802}}  
[2023-06-28 05:02:06] WizardSetupAction.INFO: ======= END WizardSetup Action (Add Features to hotel) ================  
[2023-06-28 05:03:27] WizardSetupAction.INFO: ======= Start WizardSetup Action (Get Template Details for hotel) ================  
[2023-06-28 05:03:27] WizardSetupAction.INFO: method : POST  
[2023-06-28 05:03:27] WizardSetupAction.INFO: Input Data : {"hotelid":"6","tempid":"5","decoded":{"sub":"1","id":"1","userName":"super admin","userGroup":"1","email":"superadmin@msense.in","hotelId":"4","brandId":"7","iat":1687927216,"exp":1688013616}}  
[2023-06-28 05:03:30] WizardSetupAction.INFO: ======= Start WizardSetup Action (Update Template) ================  
[2023-06-28 05:03:30] WizardSetupAction.INFO: method : PUT  
[2023-06-28 05:03:30] WizardSetupAction.INFO: contentType : application/json  
[2023-06-28 05:03:30] WizardSetupAction.INFO: Input Data : {"templateid":"2","hotelid":"6","decoded":{"sub":"1","id":"1","userName":"super admin","userGroup":"1","email":"superadmin@msense.in","hotelId":"4","brandId":"7","iat":1687927216,"exp":1688013616}}  
[2023-06-28 05:03:30] WizardSetupAction.INFO: ======= END WizardSetup Action (Update Template) ================  
[2023-06-28 05:03:55] WizardSetupAction.INFO: ======= Start WizardSetup Action (Add Features to hotel) ================  
[2023-06-28 05:03:55] WizardSetupAction.INFO: method : POST  
[2023-06-28 05:03:55] WizardSetupAction.INFO: contentType : application/json  
[2023-06-28 05:03:55] WizardSetupAction.INFO: Input Data : {"featureid":["1","2"],"hotelid":"6","decoded":{"sub":"1","id":"1","userName":"super admin","userGroup":"1","email":"superadmin@msense.in","hotelId":"4","brandId":"7","iat":1687927216,"exp":1688013616}}  
[2023-06-28 05:03:55] WizardSetupAction.INFO: ======= END WizardSetup Action (Add Features to hotel) ================  
[2023-06-28 05:03:55] WizardSetupAction.INFO: ======= Start WizardSetup Action (Add Features to hotel) ================  
[2023-06-28 05:03:55] WizardSetupAction.INFO: method : POST  
[2023-06-28 05:03:55] WizardSetupAction.INFO: Input Data : {"hotelid":"4","tempid":"2","welcome_body":"welcome message","decoded":{"sub":"1","id":"1","userName":"super admin","userGroup":"1","email":"superadmin@msense.in","hotelId":"4","brandId":"7","iat":1687927216,"exp":1688013616}}  
[2023-06-28 05:03:55] WizardSetupAction.INFO: ======= END WizardSetup Action (Add Features to hotel) ================  
[2023-06-28 05:04:58] WizardSetupAction.INFO: ======= Start WizardSetup Action (Get Template Details for hotel) ================  
[2023-06-28 05:04:58] WizardSetupAction.INFO: method : POST  
[2023-06-28 05:04:58] WizardSetupAction.INFO: Input Data : {"hotelid":"6","tempid":"5","decoded":{"sub":"1","id":"1","userName":"super admin","userGroup":"1","email":"superadmin@msense.in","hotelId":"4","brandId":"7","iat":1687927216,"exp":1688013616}}  
[2023-06-28 05:05:01] WizardSetupAction.INFO: ======= Start WizardSetup Action (Update Template) ================  
[2023-06-28 05:05:01] WizardSetupAction.INFO: method : PUT  
[2023-06-28 05:05:01] WizardSetupAction.INFO: contentType : application/json  
[2023-06-28 05:05:01] WizardSetupAction.INFO: Input Data : {"templateid":"1","hotelid":"6","decoded":{"sub":"1","id":"1","userName":"super admin","userGroup":"1","email":"superadmin@msense.in","hotelId":"4","brandId":"7","iat":1687927216,"exp":1688013616}}  
[2023-06-28 05:05:01] WizardSetupAction.INFO: ======= END WizardSetup Action (Update Template) ================  
[2023-06-28 05:05:27] WizardSetupAction.INFO: ======= Start WizardSetup Action (Add Features to hotel) ================  
[2023-06-28 05:05:27] WizardSetupAction.INFO: method : POST  
[2023-06-28 05:05:27] WizardSetupAction.INFO: contentType : application/json  
[2023-06-28 05:05:27] WizardSetupAction.INFO: Input Data : {"featureid":["1","2"],"hotelid":"6","decoded":{"sub":"1","id":"1","userName":"super admin","userGroup":"1","email":"superadmin@msense.in","hotelId":"4","brandId":"7","iat":1687927216,"exp":1688013616}}  
[2023-06-28 05:05:27] WizardSetupAction.INFO: ======= END WizardSetup Action (Add Features to hotel) ================  
[2023-06-28 05:05:27] WizardSetupAction.INFO: ======= Start WizardSetup Action (Add Features to hotel) ================  
[2023-06-28 05:05:27] WizardSetupAction.INFO: method : POST  
[2023-06-28 05:05:27] WizardSetupAction.INFO: Input Data : {"hotelid":"4","tempid":"1","welcome_body":"welcome message","decoded":{"sub":"1","id":"1","userName":"super admin","userGroup":"1","email":"superadmin@msense.in","hotelId":"4","brandId":"7","iat":1687927216,"exp":1688013616}}  
[2023-06-28 05:05:27] WizardSetupAction.INFO: ======= END WizardSetup Action (Add Features to hotel) ================  
[2023-06-28 05:06:21] WizardSetupAction.INFO: ======= Start WizardSetup Action (Get Template Details for hotel) ================  
[2023-06-28 05:06:21] WizardSetupAction.INFO: method : POST  
[2023-06-28 05:06:21] WizardSetupAction.INFO: Input Data : {"hotelid":"6","tempid":"5","decoded":{"sub":"1","id":"1","userName":"super admin","userGroup":"1","email":"superadmin@msense.in","hotelId":"4","brandId":"7","iat":1687927216,"exp":1688013616}}  
[2023-06-28 05:06:24] WizardSetupAction.INFO: ======= Start WizardSetup Action (Update Template) ================  
[2023-06-28 05:06:24] WizardSetupAction.INFO: method : PUT  
[2023-06-28 05:06:24] WizardSetupAction.INFO: contentType : application/json  
[2023-06-28 05:06:24] WizardSetupAction.INFO: Input Data : {"templateid":"2","hotelid":"6","decoded":{"sub":"1","id":"1","userName":"super admin","userGroup":"1","email":"superadmin@msense.in","hotelId":"4","brandId":"7","iat":1687927216,"exp":1688013616}}  
[2023-06-28 05:06:24] WizardSetupAction.INFO: ======= END WizardSetup Action (Update Template) ================  
[2023-06-28 05:06:49] WizardSetupAction.INFO: ======= Start WizardSetup Action (Add Features to hotel) ================  
[2023-06-28 05:06:49] WizardSetupAction.INFO: method : POST  
[2023-06-28 05:06:49] WizardSetupAction.INFO: contentType : application/json  
[2023-06-28 05:06:49] WizardSetupAction.INFO: Input Data : {"featureid":["3","4"],"hotelid":"6","decoded":{"sub":"1","id":"1","userName":"super admin","userGroup":"1","email":"superadmin@msense.in","hotelId":"4","brandId":"7","iat":1687927216,"exp":1688013616}}  
[2023-06-28 05:06:49] WizardSetupAction.INFO: ======= END WizardSetup Action (Add Features to hotel) ================  
[2023-06-28 05:06:50] WizardSetupAction.INFO: ======= Start WizardSetup Action (Add Features to hotel) ================  
[2023-06-28 05:06:50] WizardSetupAction.INFO: method : POST  
[2023-06-28 05:06:50] WizardSetupAction.INFO: Input Data : {"hotelid":"4","tempid":"2","welcome_body":"welcome message","decoded":{"sub":"1","id":"1","userName":"super admin","userGroup":"1","email":"superadmin@msense.in","hotelId":"4","brandId":"7","iat":1687927216,"exp":1688013616}}  
[2023-06-28 05:06:50] WizardSetupAction.INFO: ======= END WizardSetup Action (Add Features to hotel) ================  
[2023-06-28 05:09:59] WizardSetupAction.INFO: ======= Start WizardSetup Action (Add Features to hotel) ================  
[2023-06-28 05:09:59] WizardSetupAction.INFO: method : POST  
[2023-06-28 05:09:59] WizardSetupAction.INFO: contentType : application/json  
[2023-06-28 05:09:59] WizardSetupAction.INFO: Input Data : {"featureid":["3","4"],"hotelid":"6","decoded":{"sub":"1","id":"1","userName":"super admin","userGroup":"1","email":"superadmin@msense.in","hotelId":"4","brandId":"7","iat":1687927216,"exp":1688013616}}  
[2023-06-28 05:09:59] WizardSetupAction.INFO: ======= END WizardSetup Action (Add Features to hotel) ================  
[2023-06-28 05:09:59] WizardSetupAction.INFO: ======= Start WizardSetup Action (Add Features to hotel) ================  
[2023-06-28 05:09:59] WizardSetupAction.INFO: method : POST  
[2023-06-28 05:09:59] WizardSetupAction.INFO: Input Data : {"hotelid":"4","tempid":"2","welcome_body":"welcome message","decoded":{"sub":"1","id":"1","userName":"super admin","userGroup":"1","email":"superadmin@msense.in","hotelId":"4","brandId":"7","iat":1687927216,"exp":1688013616}}  
[2023-06-28 05:09:59] WizardSetupAction.INFO: ======= END WizardSetup Action (Add Features to hotel) ================  
[2023-06-28 05:10:20] WizardSetupAction.INFO: ======= Start WizardSetup Action (Get Template Details for hotel) ================  
[2023-06-28 05:10:20] WizardSetupAction.INFO: method : POST  
[2023-06-28 05:10:20] WizardSetupAction.INFO: Input Data : {"hotelid":"6","tempid":"5","decoded":{"sub":"1","id":"1","userName":"super admin","userGroup":"1","email":"superadmin@msense.in","hotelId":"4","brandId":"7","iat":1687927216,"exp":1688013616}}  
[2023-06-28 05:10:27] WizardSetupAction.INFO: ======= Start WizardSetup Action (Get Template Details for hotel) ================  
[2023-06-28 05:10:27] WizardSetupAction.INFO: method : POST  
[2023-06-28 05:10:27] WizardSetupAction.INFO: Input Data : {"hotelid":"4","tempid":"2","decoded":{"sub":"1","id":"1","userName":"super admin","userGroup":"1","email":"superadmin@msense.in","hotelId":"4","brandId":"7","iat":1687927216,"exp":1688013616}}  
[2023-06-28 05:10:27] WizardSetupAction.INFO: ======= END WizardSetup Action (Get Template Details for hotel) ================  
[2023-06-28 05:12:58] WizardSetupAction.INFO: ======= Start WizardSetup Action (Get Template Details for hotel) ================  
[2023-06-28 05:12:58] WizardSetupAction.INFO: method : POST  
[2023-06-28 05:12:58] WizardSetupAction.INFO: Input Data : {"hotelid":"4","tempid":"2","decoded":{"sub":"1","id":"1","userName":"super admin","userGroup":"1","email":"superadmin@msense.in","hotelId":"4","brandId":"7","iat":1687927216,"exp":1688013616}}  
[2023-06-28 05:12:58] WizardSetupAction.INFO: ======= END WizardSetup Action (Get Template Details for hotel) ================  
[2023-06-28 05:25:31] WizardSetupAction.INFO: ======= Start WizardSetup Action (Get Template Details for hotel) ================  
[2023-06-28 05:25:31] WizardSetupAction.INFO: method : POST  
[2023-06-28 05:25:31] WizardSetupAction.INFO: Input Data : {"hotelid":"4","tempid":"2","decoded":{"sub":"1","id":"1","userName":"super admin","userGroup":"1","email":"superadmin@msense.in","hotelId":"4","brandId":"7","iat":1687927216,"exp":1688013616}}  
[2023-06-28 05:25:31] WizardSetupAction.INFO: ======= END WizardSetup Action (Get Template Details for hotel) ================  
[2023-06-28 05:25:57] WizardSetupAction.INFO: ======= Start WizardSetup Action (Add Features to hotel) ================  
[2023-06-28 05:25:57] WizardSetupAction.INFO: method : POST  
[2023-06-28 05:25:57] WizardSetupAction.INFO: contentType : application/json  
[2023-06-28 05:25:57] WizardSetupAction.INFO: Input Data : {"featureid":["2","4"],"hotelid":"4","decoded":{"sub":"1","id":"1","userName":"super admin","userGroup":"1","email":"superadmin@msense.in","hotelId":"4","brandId":"7","iat":1687927216,"exp":1688013616}}  
[2023-06-28 05:25:57] WizardSetupAction.INFO: ======= END WizardSetup Action (Add Features to hotel) ================  
[2023-06-28 05:25:57] WizardSetupAction.INFO: ======= Start WizardSetup Action (Add Features to hotel) ================  
[2023-06-28 05:25:57] WizardSetupAction.INFO: method : POST  
[2023-06-28 05:25:57] WizardSetupAction.INFO: Input Data : {"hotelid":"4","tempid":"2","welcome_body":"welcome message","menutitle":["Bill View","Screen casting"],"decoded":{"sub":"1","id":"1","userName":"super admin","userGroup":"1","email":"superadmin@msense.in","hotelId":"4","brandId":"7","iat":1687927216,"exp":1688013616}}  
[2023-06-28 05:25:57] WizardSetupAction.INFO: ======= END WizardSetup Action (Add Features to hotel) ================  
[2023-06-28 05:26:47] WizardSetupAction.INFO: ======= Start WizardSetup Action (Get Template Details for hotel) ================  
[2023-06-28 05:26:47] WizardSetupAction.INFO: method : POST  
[2023-06-28 05:26:47] WizardSetupAction.INFO: Input Data : {"hotelid":"12","tempid":"3","decoded":{"sub":"1","id":"1","userName":"super admin","userGroup":"1","email":"superadmin@msense.in","hotelId":"4","brandId":"7","iat":1687930001,"exp":1688016401}}  
[2023-06-28 05:27:07] WizardSetupAction.INFO: ======= Start WizardSetup Action (Get Template Details for hotel) ================  
[2023-06-28 05:27:07] WizardSetupAction.INFO: method : POST  
[2023-06-28 05:27:07] WizardSetupAction.INFO: Input Data : {"hotelid":"12","tempid":"3","decoded":{"sub":"1","id":"1","userName":"super admin","userGroup":"1","email":"superadmin@msense.in","hotelId":"4","brandId":"7","iat":1687930001,"exp":1688016401}}  
[2023-06-28 05:27:55] WizardSetupAction.INFO: ======= Start WizardSetup Action (Update Template) ================  
[2023-06-28 05:27:55] WizardSetupAction.INFO: method : PUT  
[2023-06-28 05:27:55] WizardSetupAction.INFO: contentType : application/json  
[2023-06-28 05:27:55] WizardSetupAction.INFO: Input Data : {"templateid":"1","hotelid":"12","decoded":{"sub":"1","id":"1","userName":"super admin","userGroup":"1","email":"superadmin@msense.in","hotelId":"4","brandId":"7","iat":1687930001,"exp":1688016401}}  
[2023-06-28 05:27:55] WizardSetupAction.INFO: ======= END WizardSetup Action (Update Template) ================  
[2023-06-28 05:28:38] WizardSetupAction.INFO: ======= Start WizardSetup Action (Add Features to hotel) ================  
[2023-06-28 05:28:38] WizardSetupAction.INFO: method : POST  
[2023-06-28 05:28:38] WizardSetupAction.INFO: Input Data : {"hotelid":"4","tempid":"1","welcome_body":"Hello User","decoded":{"sub":"1","id":"1","userName":"super admin","userGroup":"1","email":"superadmin@msense.in","hotelId":"4","brandId":"7","iat":1687930001,"exp":1688016401}}  
[2023-06-28 05:28:38] WizardSetupAction.INFO: ======= Start WizardSetup Action (Add Features to hotel) ================  
[2023-06-28 05:28:38] WizardSetupAction.INFO: method : POST  
[2023-06-28 05:28:38] WizardSetupAction.INFO: contentType : application/json  
[2023-06-28 05:28:38] WizardSetupAction.INFO: Input Data : {"featureid":["1","2"],"hotelid":"4","decoded":{"sub":"1","id":"1","userName":"super admin","userGroup":"1","email":"superadmin@msense.in","hotelId":"4","brandId":"7","iat":1687930001,"exp":1688016401}}  
[2023-06-28 05:28:38] WizardSetupAction.INFO: ======= END WizardSetup Action (Add Features to hotel) ================  
[2023-06-28 05:28:38] WizardSetupAction.INFO: ======= END WizardSetup Action (Add Features to hotel) ================  
[2023-06-28 05:33:35] WizardSetupAction.INFO: ======= Start WizardSetup Action (Get Template Details for hotel) ================  
[2023-06-28 05:33:35] WizardSetupAction.INFO: method : POST  
[2023-06-28 05:33:35] WizardSetupAction.INFO: Input Data : {"hotelid":"12","tempid":"1","decoded":{"sub":"1","id":"1","userName":"super admin","userGroup":"1","email":"superadmin@msense.in","hotelId":"4","brandId":"7","iat":1687930001,"exp":1688016401}}  
[2023-06-28 05:33:37] WizardSetupAction.INFO: ======= Start WizardSetup Action (Update Template) ================  
[2023-06-28 05:33:37] WizardSetupAction.INFO: method : PUT  
[2023-06-28 05:33:37] WizardSetupAction.INFO: contentType : application/json  
[2023-06-28 05:33:37] WizardSetupAction.INFO: Input Data : {"templateid":"4","hotelid":"12","decoded":{"sub":"1","id":"1","userName":"super admin","userGroup":"1","email":"superadmin@msense.in","hotelId":"4","brandId":"7","iat":1687930001,"exp":1688016401}}  
[2023-06-28 05:33:37] WizardSetupAction.INFO: ======= END WizardSetup Action (Update Template) ================  
[2023-06-28 05:37:28] WizardSetupAction.INFO: ======= Start WizardSetup Action (Get Template Details for hotel) ================  
[2023-06-28 05:37:28] WizardSetupAction.INFO: method : POST  
[2023-06-28 05:37:28] WizardSetupAction.INFO: Input Data : {"hotelid":"4","tempid":"2","decoded":{"sub":"1","id":"1","userName":"super admin","userGroup":"1","email":"superadmin@msense.in","hotelId":"4","brandId":"7","iat":1687927216,"exp":1688013616}}  
[2023-06-28 05:37:28] WizardSetupAction.INFO: ======= END WizardSetup Action (Get Template Details for hotel) ================  
[2023-06-28 05:40:22] WizardSetupAction.INFO: ======= Start WizardSetup Action (Get Template Details for hotel) ================  
[2023-06-28 05:40:22] WizardSetupAction.INFO: method : POST  
[2023-06-28 05:40:22] WizardSetupAction.INFO: Input Data : {"hotelid":"4","tempid":"2","decoded":{"sub":"1","id":"1","userName":"super admin","userGroup":"1","email":"superadmin@msense.in","hotelId":"4","brandId":"7","iat":1687927216,"exp":1688013616}}  
[2023-06-28 05:40:22] WizardSetupAction.INFO: ======= END WizardSetup Action (Get Template Details for hotel) ================  
[2023-06-28 05:40:31] WizardSetupAction.INFO: ======= Start WizardSetup Action (Get Template Details for hotel) ================  
[2023-06-28 05:40:31] WizardSetupAction.INFO: method : POST  
[2023-06-28 05:40:31] WizardSetupAction.INFO: Input Data : {"hotelid":"4","tempid":"2","decoded":{"sub":"1","id":"1","userName":"super admin","userGroup":"1","email":"superadmin@msense.in","hotelId":"4","brandId":"7","iat":1687927216,"exp":1688013616}}  
[2023-06-28 05:40:31] WizardSetupAction.INFO: ======= END WizardSetup Action (Get Template Details for hotel) ================  
[2023-06-28 05:42:02] WizardSetupAction.INFO: ======= Start WizardSetup Action (Get Template Details for hotel) ================  
[2023-06-28 05:42:02] WizardSetupAction.INFO: method : POST  
[2023-06-28 05:42:02] WizardSetupAction.INFO: Input Data : {"hotelid":"4","tempid":"2","decoded":{"sub":"1","id":"1","userName":"super admin","userGroup":"1","email":"superadmin@msense.in","hotelId":"4","brandId":"7","iat":1687927216,"exp":1688013616}}  
[2023-06-28 05:42:02] WizardSetupAction.INFO: ======= END WizardSetup Action (Get Template Details for hotel) ================  
[2023-06-28 05:43:07] WizardSetupAction.INFO: ======= Start WizardSetup Action (Get Template Details for hotel) ================  
[2023-06-28 05:43:07] WizardSetupAction.INFO: method : POST  
[2023-06-28 05:43:07] WizardSetupAction.INFO: Input Data : {"hotelid":"4","tempid":"2","decoded":{"sub":"1","id":"1","userName":"super admin","userGroup":"1","email":"superadmin@msense.in","hotelId":"4","brandId":"7","iat":1687927216,"exp":1688013616}}  
[2023-06-28 05:43:07] WizardSetupAction.INFO: ======= END WizardSetup Action (Get Template Details for hotel) ================  
[2023-06-28 05:44:15] WizardSetupAction.INFO: ======= Start WizardSetup Action (Add Features to hotel) ================  
[2023-06-28 05:44:15] WizardSetupAction.INFO: method : POST  
[2023-06-28 05:44:15] WizardSetupAction.INFO: contentType : application/json  
[2023-06-28 05:44:15] WizardSetupAction.INFO: Input Data : {"featureid":["1","2"],"hotelid":"4","decoded":{"sub":"1","id":"1","userName":"super admin","userGroup":"1","email":"superadmin@msense.in","hotelId":"4","brandId":"7","iat":1687927216,"exp":1688013616}}  
[2023-06-28 05:44:15] WizardSetupAction.INFO: ======= END WizardSetup Action (Add Features to hotel) ================  
[2023-06-28 05:44:15] WizardSetupAction.INFO: ======= Start WizardSetup Action (Add Features to hotel) ================  
[2023-06-28 05:44:15] WizardSetupAction.INFO: method : POST  
[2023-06-28 05:44:15] WizardSetupAction.INFO: Input Data : {"hotelid":"4","tempid":"2","welcome_body":"teste","menutitle":["Channels","Bill View"],"decoded":{"sub":"1","id":"1","userName":"super admin","userGroup":"1","email":"superadmin@msense.in","hotelId":"4","brandId":"7","iat":1687927216,"exp":1688013616}}  
[2023-06-28 05:44:15] WizardSetupAction.INFO: ======= END WizardSetup Action (Add Features to hotel) ================  
[2023-06-28 05:45:59] WizardSetupAction.INFO: ======= Start WizardSetup Action (Get Template Details for hotel) ================  
[2023-06-28 05:45:59] WizardSetupAction.INFO: method : POST  
[2023-06-28 05:45:59] WizardSetupAction.INFO: Input Data : {"hotelid":"4","tempid":"2","decoded":{"sub":"1","id":"1","userName":"super admin","userGroup":"1","email":"superadmin@msense.in","hotelId":"4","brandId":"7","iat":1687927216,"exp":1688013616}}  
[2023-06-28 05:45:59] WizardSetupAction.INFO: ======= END WizardSetup Action (Get Template Details for hotel) ================  
[2023-06-28 05:47:06] WizardSetupAction.INFO: ======= Start WizardSetup Action (Get Template Details for hotel) ================  
[2023-06-28 05:47:06] WizardSetupAction.INFO: method : POST  
[2023-06-28 05:47:06] WizardSetupAction.INFO: Input Data : {"hotelid":"4","tempid":"2","decoded":{"sub":"1","id":"1","userName":"super admin","userGroup":"1","email":"superadmin@msense.in","hotelId":"4","brandId":"7","iat":1687927216,"exp":1688013616}}  
[2023-06-28 05:47:06] WizardSetupAction.INFO: ======= END WizardSetup Action (Get Template Details for hotel) ================  
[2023-06-28 05:47:12] WizardSetupAction.INFO: ======= Start WizardSetup Action (Get Template Details for hotel) ================  
[2023-06-28 05:47:12] WizardSetupAction.INFO: method : POST  
[2023-06-28 05:47:12] WizardSetupAction.INFO: Input Data : {"hotelid":"4","tempid":"2","decoded":{"sub":"1","id":"1","userName":"super admin","userGroup":"1","email":"superadmin@msense.in","hotelId":"4","brandId":"7","iat":1687927216,"exp":1688013616}}  
[2023-06-28 05:47:12] WizardSetupAction.INFO: ======= END WizardSetup Action (Get Template Details for hotel) ================  
[2023-06-28 05:49:49] WizardSetupAction.INFO: ======= Start WizardSetup Action (Get Template Details for hotel) ================  
[2023-06-28 05:49:49] WizardSetupAction.INFO: method : POST  
[2023-06-28 05:49:49] WizardSetupAction.INFO: Input Data : {"hotelid":"4","tempid":"2","decoded":{"sub":"1","id":"1","userName":"super admin","userGroup":"1","email":"superadmin@msense.in","hotelId":"4","brandId":"7","iat":1687927216,"exp":1688013616}}  
[2023-06-28 05:49:49] WizardSetupAction.INFO: ======= END WizardSetup Action (Get Template Details for hotel) ================  
[2023-06-28 06:22:54] WizardSetupAction.INFO: ======= Start WizardSetup Action (Get Template Details for hotel) ================  
[2023-06-28 06:22:54] WizardSetupAction.INFO: method : POST  
[2023-06-28 06:22:54] WizardSetupAction.INFO: Input Data : {"hotelid":"4","tempid":"2","decoded":{"sub":"1","id":"1","userName":"super admin","userGroup":"1","email":"superadmin@msense.in","hotelId":"4","brandId":"7","iat":1687933043,"exp":1688019443}}  
[2023-06-28 06:22:54] WizardSetupAction.INFO: ======= END WizardSetup Action (Get Template Details for hotel) ================  
[2023-06-28 06:24:10] WizardSetupAction.INFO: ======= Start WizardSetup Action (Get Template Details for hotel) ================  
[2023-06-28 06:24:10] WizardSetupAction.INFO: method : POST  
[2023-06-28 06:24:10] WizardSetupAction.INFO: Input Data : {"hotelid":"4","tempid":"2","decoded":{"sub":"1","id":"1","userName":"super admin","userGroup":"1","email":"superadmin@msense.in","hotelId":"4","brandId":"7","iat":1687933043,"exp":1688019443}}  
[2023-06-28 06:24:10] WizardSetupAction.INFO: ======= END WizardSetup Action (Get Template Details for hotel) ================  
[2023-06-28 06:24:24] WizardSetupAction.INFO: ======= Start WizardSetup Action (Add Features to hotel) ================  
[2023-06-28 06:24:24] WizardSetupAction.INFO: method : POST  
[2023-06-28 06:24:24] WizardSetupAction.INFO: contentType : application/json  
[2023-06-28 06:24:24] WizardSetupAction.INFO: Input Data : {"featureid":["3","5"],"hotelid":"4","decoded":{"sub":"1","id":"1","userName":"super admin","userGroup":"1","email":"superadmin@msense.in","hotelId":"4","brandId":"7","iat":1687933043,"exp":1688019443}}  
[2023-06-28 06:24:24] WizardSetupAction.INFO: ======= END WizardSetup Action (Add Features to hotel) ================  
[2023-06-28 06:24:24] WizardSetupAction.INFO: ======= Start WizardSetup Action (Add Features to hotel) ================  
[2023-06-28 06:24:24] WizardSetupAction.INFO: method : POST  
[2023-06-28 06:24:24] WizardSetupAction.INFO: Input Data : {"hotelid":"4","tempid":"2","welcome_body":"test","menutitle":["Guest Messaging","Guest Services"],"decoded":{"sub":"1","id":"1","userName":"super admin","userGroup":"1","email":"superadmin@msense.in","hotelId":"4","brandId":"7","iat":1687933043,"exp":1688019443}}  
[2023-06-28 06:24:24] WizardSetupAction.INFO: ======= END WizardSetup Action (Add Features to hotel) ================  
[2023-06-28 06:26:48] WizardSetupAction.INFO: ======= Start WizardSetup Action (Get Template Details for hotel) ================  
[2023-06-28 06:26:48] WizardSetupAction.INFO: method : POST  
[2023-06-28 06:26:48] WizardSetupAction.INFO: Input Data : {"hotelid":"4","tempid":"2","decoded":{"sub":"1","id":"1","userName":"super admin","userGroup":"1","email":"superadmin@msense.in","hotelId":"4","brandId":"7","iat":1687933043,"exp":1688019443}}  
[2023-06-28 06:26:48] WizardSetupAction.INFO: ======= END WizardSetup Action (Get Template Details for hotel) ================  
[2023-06-28 06:29:15] WizardSetupAction.INFO: ======= Start WizardSetup Action (Get Template Details for hotel) ================  
[2023-06-28 06:29:15] WizardSetupAction.INFO: method : POST  
[2023-06-28 06:29:15] WizardSetupAction.INFO: Input Data : {"hotelid":"4","tempid":"2","decoded":{"sub":"1","id":"1","userName":"super admin","userGroup":"1","email":"superadmin@msense.in","hotelId":"4","brandId":"7","iat":1687933043,"exp":1688019443}}  
[2023-06-28 06:29:15] WizardSetupAction.INFO: ======= END WizardSetup Action (Get Template Details for hotel) ================  
[2023-06-28 06:29:58] WizardSetupAction.INFO: ======= Start WizardSetup Action (Get Template Details for hotel) ================  
[2023-06-28 06:29:58] WizardSetupAction.INFO: method : POST  
[2023-06-28 06:29:58] WizardSetupAction.INFO: Input Data : {"hotelid":"4","tempid":"2","decoded":{"sub":"1","id":"1","userName":"super admin","userGroup":"1","email":"superadmin@msense.in","hotelId":"4","brandId":"7","iat":1687933043,"exp":1688019443}}  
[2023-06-28 06:29:58] WizardSetupAction.INFO: ======= END WizardSetup Action (Get Template Details for hotel) ================  
[2023-06-28 06:30:23] WizardSetupAction.INFO: ======= Start WizardSetup Action (Get Template Details for hotel) ================  
[2023-06-28 06:30:23] WizardSetupAction.INFO: method : POST  
[2023-06-28 06:30:23] WizardSetupAction.INFO: Input Data : {"hotelid":"4","tempid":"2","decoded":{"sub":"1","id":"1","userName":"super admin","userGroup":"1","email":"superadmin@msense.in","hotelId":"4","brandId":"7","iat":1687933043,"exp":1688019443}}  
[2023-06-28 06:30:23] WizardSetupAction.INFO: ======= END WizardSetup Action (Get Template Details for hotel) ================  
[2023-06-28 06:33:32] WizardSetupAction.INFO: ======= Start WizardSetup Action (Get Template Details for hotel) ================  
[2023-06-28 06:33:32] WizardSetupAction.INFO: method : POST  
[2023-06-28 06:33:32] WizardSetupAction.INFO: Input Data : {"hotelid":"4","tempid":"2","decoded":{"sub":"1","id":"1","userName":"super admin","userGroup":"1","email":"superadmin@msense.in","hotelId":"4","brandId":"7","iat":1687933043,"exp":1688019443}}  
[2023-06-28 06:33:32] WizardSetupAction.INFO: ======= END WizardSetup Action (Get Template Details for hotel) ================  
[2023-06-28 06:35:00] WizardSetupAction.INFO: ======= Start WizardSetup Action (Get Template Details for hotel) ================  
[2023-06-28 06:35:00] WizardSetupAction.INFO: method : POST  
[2023-06-28 06:35:00] WizardSetupAction.INFO: Input Data : {"hotelid":"4","tempid":"2","decoded":{"sub":"1","id":"1","userName":"super admin","userGroup":"1","email":"superadmin@msense.in","hotelId":"4","brandId":"7","iat":1687933043,"exp":1688019443}}  
[2023-06-28 06:35:00] WizardSetupAction.INFO: ======= END WizardSetup Action (Get Template Details for hotel) ================  
[2023-06-28 06:42:15] WizardSetupAction.INFO: ======= Start WizardSetup Action (Get Template Details for hotel) ================  
[2023-06-28 06:42:15] WizardSetupAction.INFO: method : POST  
[2023-06-28 06:42:15] WizardSetupAction.INFO: Input Data : {"hotelid":"4","tempid":"2","decoded":{"sub":"1","id":"1","userName":"super admin","userGroup":"1","email":"superadmin@msense.in","hotelId":"4","brandId":"7","iat":1687933043,"exp":1688019443}}  
[2023-06-28 06:42:15] WizardSetupAction.INFO: ======= END WizardSetup Action (Get Template Details for hotel) ================  
[2023-06-28 06:43:45] WizardSetupAction.INFO: ======= Start WizardSetup Action (Get Template Details for hotel) ================  
[2023-06-28 06:43:45] WizardSetupAction.INFO: method : POST  
[2023-06-28 06:43:45] WizardSetupAction.INFO: Input Data : {"hotelid":"4","tempid":"2","decoded":{"sub":"1","id":"1","userName":"super admin","userGroup":"1","email":"superadmin@msense.in","hotelId":"4","brandId":"7","iat":1687933043,"exp":1688019443}}  
[2023-06-28 06:43:45] WizardSetupAction.INFO: ======= END WizardSetup Action (Get Template Details for hotel) ================  
[2023-06-28 06:44:07] WizardSetupAction.INFO: ======= Start WizardSetup Action (Add Features to hotel) ================  
[2023-06-28 06:44:07] WizardSetupAction.INFO: method : POST  
[2023-06-28 06:44:07] WizardSetupAction.INFO: contentType : application/json  
[2023-06-28 06:44:07] WizardSetupAction.INFO: Input Data : {"featureid":["2"],"hotelid":"4","decoded":{"sub":"1","id":"1","userName":"super admin","userGroup":"1","email":"superadmin@msense.in","hotelId":"4","brandId":"7","iat":1687933043,"exp":1688019443}}  
[2023-06-28 06:44:07] WizardSetupAction.INFO: ======= END WizardSetup Action (Add Features to hotel) ================  
[2023-06-28 06:44:07] WizardSetupAction.INFO: ======= Start WizardSetup Action (Add Features to hotel) ================  
[2023-06-28 06:44:07] WizardSetupAction.INFO: method : POST  
[2023-06-28 06:44:07] WizardSetupAction.INFO: Input Data : {"hotelid":"4","tempid":"2","welcome_body":"rfdsads","menutitle":["Bill View"],"decoded":{"sub":"1","id":"1","userName":"super admin","userGroup":"1","email":"superadmin@msense.in","hotelId":"4","brandId":"7","iat":1687933043,"exp":1688019443}}  
[2023-06-28 06:44:07] WizardSetupAction.INFO: ======= END WizardSetup Action (Add Features to hotel) ================  
[2023-06-28 06:48:36] WizardSetupAction.INFO: ======= Start WizardSetup Action (Get Template Details for hotel) ================  
[2023-06-28 06:48:36] WizardSetupAction.INFO: method : POST  
[2023-06-28 06:48:36] WizardSetupAction.INFO: Input Data : {"hotelid":"4","tempid":"2","decoded":{"sub":"1","id":"1","userName":"super admin","userGroup":"1","email":"superadmin@msense.in","hotelId":"4","brandId":"7","iat":1687933043,"exp":1688019443}}  
[2023-06-28 06:48:36] WizardSetupAction.INFO: ======= END WizardSetup Action (Get Template Details for hotel) ================  
[2023-06-28 06:48:48] WizardSetupAction.INFO: ======= Start WizardSetup Action (Add Features to hotel) ================  
[2023-06-28 06:48:48] WizardSetupAction.INFO: method : POST  
[2023-06-28 06:48:48] WizardSetupAction.INFO: contentType : application/json  
[2023-06-28 06:48:48] WizardSetupAction.INFO: Input Data : {"featureid":["1"],"hotelid":"4","decoded":{"sub":"1","id":"1","userName":"super admin","userGroup":"1","email":"superadmin@msense.in","hotelId":"4","brandId":"7","iat":1687933043,"exp":1688019443}}  
[2023-06-28 06:48:48] WizardSetupAction.INFO: ======= END WizardSetup Action (Add Features to hotel) ================  
[2023-06-28 06:48:48] WizardSetupAction.INFO: ======= Start WizardSetup Action (Add Features to hotel) ================  
[2023-06-28 06:48:48] WizardSetupAction.INFO: method : POST  
[2023-06-28 06:48:48] WizardSetupAction.INFO: Input Data : {"hotelid":"4","tempid":"2","welcome_body":"afdsfs","menutitle":["Channels"],"decoded":{"sub":"1","id":"1","userName":"super admin","userGroup":"1","email":"superadmin@msense.in","hotelId":"4","brandId":"7","iat":1687933043,"exp":1688019443}}  
[2023-06-28 06:48:48] WizardSetupAction.INFO: ======= END WizardSetup Action (Add Features to hotel) ================  
[2023-06-28 06:50:30] WizardSetupAction.INFO: ======= Start WizardSetup Action (Get Template Details for hotel) ================  
[2023-06-28 06:50:30] WizardSetupAction.INFO: method : POST  
[2023-06-28 06:50:30] WizardSetupAction.INFO: Input Data : {"hotelid":"4","tempid":"2","decoded":{"sub":"1","id":"1","userName":"super admin","userGroup":"1","email":"superadmin@msense.in","hotelId":"4","brandId":"7","iat":1687933043,"exp":1688019443}}  
[2023-06-28 06:50:30] WizardSetupAction.INFO: ======= END WizardSetup Action (Get Template Details for hotel) ================  
[2023-06-28 06:50:46] WizardSetupAction.INFO: ======= Start WizardSetup Action (Add Features to hotel) ================  
[2023-06-28 06:50:46] WizardSetupAction.INFO: method : POST  
[2023-06-28 06:50:46] WizardSetupAction.INFO: contentType : application/json  
[2023-06-28 06:50:46] WizardSetupAction.INFO: Input Data : {"featureid":["3"],"hotelid":"4","decoded":{"sub":"1","id":"1","userName":"super admin","userGroup":"1","email":"superadmin@msense.in","hotelId":"4","brandId":"7","iat":1687933043,"exp":1688019443}}  
[2023-06-28 06:50:46] WizardSetupAction.INFO: ======= END WizardSetup Action (Add Features to hotel) ================  
[2023-06-28 06:50:46] WizardSetupAction.INFO: ======= Start WizardSetup Action (Add Features to hotel) ================  
[2023-06-28 06:50:46] WizardSetupAction.INFO: method : POST  
[2023-06-28 06:50:46] WizardSetupAction.INFO: Input Data : {"hotelid":"4","tempid":"2","welcome_body":"afdsfs","menutitle":["Guest Messaging"],"decoded":{"sub":"1","id":"1","userName":"super admin","userGroup":"1","email":"superadmin@msense.in","hotelId":"4","brandId":"7","iat":1687933043,"exp":1688019443}}  
[2023-06-28 06:50:46] WizardSetupAction.INFO: ======= END WizardSetup Action (Add Features to hotel) ================  
[2023-06-28 06:52:42] WizardSetupAction.INFO: ======= Start WizardSetup Action (Get Template Details for hotel) ================  
[2023-06-28 06:52:42] WizardSetupAction.INFO: method : POST  
[2023-06-28 06:52:42] WizardSetupAction.INFO: Input Data : {"hotelid":"4","tempid":"2","decoded":{"sub":"1","id":"1","userName":"super admin","userGroup":"1","email":"superadmin@msense.in","hotelId":"4","brandId":"7","iat":1687933043,"exp":1688019443}}  
[2023-06-28 06:52:42] WizardSetupAction.INFO: ======= END WizardSetup Action (Get Template Details for hotel) ================  
[2023-06-28 06:52:57] WizardSetupAction.INFO: ======= Start WizardSetup Action (Add Features to hotel) ================  
[2023-06-28 06:52:57] WizardSetupAction.INFO: method : POST  
[2023-06-28 06:52:57] WizardSetupAction.INFO: contentType : application/json  
[2023-06-28 06:52:57] WizardSetupAction.INFO: Input Data : {"featureid":["3"],"hotelid":"4","decoded":{"sub":"1","id":"1","userName":"super admin","userGroup":"1","email":"superadmin@msense.in","hotelId":"4","brandId":"7","iat":1687933043,"exp":1688019443}}  
[2023-06-28 06:52:57] WizardSetupAction.INFO: ======= END WizardSetup Action (Add Features to hotel) ================  
[2023-06-28 06:52:57] WizardSetupAction.INFO: ======= Start WizardSetup Action (Add Features to hotel) ================  
[2023-06-28 06:52:57] WizardSetupAction.INFO: method : POST  
[2023-06-28 06:52:57] WizardSetupAction.INFO: Input Data : {"hotelid":"4","tempid":"2","welcome_body":"fdsafds","menutitle":["Guest Messaging"],"decoded":{"sub":"1","id":"1","userName":"super admin","userGroup":"1","email":"superadmin@msense.in","hotelId":"4","brandId":"7","iat":1687933043,"exp":1688019443}}  
[2023-06-28 06:52:57] WizardSetupAction.INFO: ======= END WizardSetup Action (Add Features to hotel) ================  
[2023-06-28 06:53:25] WizardSetupAction.INFO: ======= Start WizardSetup Action (Get Template Details for hotel) ================  
[2023-06-28 06:53:25] WizardSetupAction.INFO: method : POST  
[2023-06-28 06:53:25] WizardSetupAction.INFO: Input Data : {"hotelid":"12","tempid":"4","decoded":{"sub":"1","id":"1","userName":"super admin","userGroup":"1","email":"superadmin@msense.in","hotelId":"4","brandId":"7","iat":1687934949,"exp":1688021349}}  
[2023-06-28 06:53:32] WizardSetupAction.INFO: ======= Start WizardSetup Action (Update Template) ================  
[2023-06-28 06:53:32] WizardSetupAction.INFO: method : PUT  
[2023-06-28 06:53:32] WizardSetupAction.INFO: contentType : application/json  
[2023-06-28 06:53:32] WizardSetupAction.INFO: Input Data : {"templateid":"1","hotelid":"12","decoded":{"sub":"1","id":"1","userName":"super admin","userGroup":"1","email":"superadmin@msense.in","hotelId":"4","brandId":"7","iat":1687934949,"exp":1688021349}}  
[2023-06-28 06:53:32] WizardSetupAction.INFO: ======= END WizardSetup Action (Update Template) ================  
[2023-06-28 06:53:41] WizardSetupAction.INFO: ======= Start WizardSetup Action (Get Template Details for hotel) ================  
[2023-06-28 06:53:41] WizardSetupAction.INFO: method : POST  
[2023-06-28 06:53:41] WizardSetupAction.INFO: Input Data : {"hotelid":"12","tempid":"1","decoded":{"sub":"1","id":"1","userName":"super admin","userGroup":"1","email":"superadmin@msense.in","hotelId":"4","brandId":"7","iat":1687934949,"exp":1688021349}}  
[2023-06-28 06:53:50] WizardSetupAction.INFO: ======= Start WizardSetup Action (Update Template) ================  
[2023-06-28 06:53:50] WizardSetupAction.INFO: method : PUT  
[2023-06-28 06:53:50] WizardSetupAction.INFO: contentType : application/json  
[2023-06-28 06:53:50] WizardSetupAction.INFO: Input Data : {"templateid":"3","hotelid":"12","decoded":{"sub":"1","id":"1","userName":"super admin","userGroup":"1","email":"superadmin@msense.in","hotelId":"4","brandId":"7","iat":1687934949,"exp":1688021349}}  
[2023-06-28 06:53:50] WizardSetupAction.INFO: ======= END WizardSetup Action (Update Template) ================  
[2023-06-28 06:54:32] WizardSetupAction.INFO: ======= Start WizardSetup Action (Get Template Details for hotel) ================  
[2023-06-28 06:54:32] WizardSetupAction.INFO: method : POST  
[2023-06-28 06:54:32] WizardSetupAction.INFO: Input Data : {"hotelid":"4","tempid":"2","decoded":{"sub":"1","id":"1","userName":"super admin","userGroup":"1","email":"superadmin@msense.in","hotelId":"4","brandId":"7","iat":1687933043,"exp":1688019443}}  
[2023-06-28 06:54:32] WizardSetupAction.INFO: ======= END WizardSetup Action (Get Template Details for hotel) ================  
[2023-06-28 06:54:45] WizardSetupAction.INFO: ======= Start WizardSetup Action (Add Features to hotel) ================  
[2023-06-28 06:54:45] WizardSetupAction.INFO: method : POST  
[2023-06-28 06:54:45] WizardSetupAction.INFO: contentType : application/json  
[2023-06-28 06:54:45] WizardSetupAction.INFO: Input Data : {"featureid":["2"],"hotelid":"4","decoded":{"sub":"1","id":"1","userName":"super admin","userGroup":"1","email":"superadmin@msense.in","hotelId":"4","brandId":"7","iat":1687933043,"exp":1688019443}}  
[2023-06-28 06:54:45] WizardSetupAction.INFO: ======= END WizardSetup Action (Add Features to hotel) ================  
[2023-06-28 06:54:46] WizardSetupAction.INFO: ======= Start WizardSetup Action (Add Features to hotel) ================  
[2023-06-28 06:54:46] WizardSetupAction.INFO: method : POST  
[2023-06-28 06:54:46] WizardSetupAction.INFO: Input Data : {"hotelid":"4","tempid":"2","welcome_body":"fadsfds","menutitle":["Bill View"],"decoded":{"sub":"1","id":"1","userName":"super admin","userGroup":"1","email":"superadmin@msense.in","hotelId":"4","brandId":"7","iat":1687933043,"exp":1688019443}}  
[2023-06-28 06:54:46] WizardSetupAction.INFO: ======= END WizardSetup Action (Add Features to hotel) ================  
[2023-06-28 06:58:41] WizardSetupAction.INFO: ======= Start WizardSetup Action (Get Template Details for hotel) ================  
[2023-06-28 06:58:41] WizardSetupAction.INFO: method : POST  
[2023-06-28 06:58:41] WizardSetupAction.INFO: Input Data : {"hotelid":"4","tempid":"2","decoded":{"sub":"1","id":"1","userName":"super admin","userGroup":"1","email":"superadmin@msense.in","hotelId":"4","brandId":"7","iat":1687933043,"exp":1688019443}}  
[2023-06-28 06:58:41] WizardSetupAction.INFO: ======= END WizardSetup Action (Get Template Details for hotel) ================  
[2023-06-28 07:00:09] WizardSetupAction.INFO: ======= Start WizardSetup Action (Get Template Details for hotel) ================  
[2023-06-28 07:00:09] WizardSetupAction.INFO: method : POST  
[2023-06-28 07:00:09] WizardSetupAction.INFO: Input Data : {"hotelid":"4","tempid":"2","decoded":{"sub":"1","id":"1","userName":"super admin","userGroup":"1","email":"superadmin@msense.in","hotelId":"4","brandId":"7","iat":1687933043,"exp":1688019443}}  
[2023-06-28 07:00:09] WizardSetupAction.INFO: ======= END WizardSetup Action (Get Template Details for hotel) ================  
[2023-06-28 07:03:29] WizardSetupAction.INFO: ======= Start WizardSetup Action (Get Template Details for hotel) ================  
[2023-06-28 07:03:29] WizardSetupAction.INFO: method : POST  
[2023-06-28 07:03:29] WizardSetupAction.INFO: Input Data : {"hotelid":"4","tempid":"2","decoded":{"sub":"1","id":"1","userName":"super admin","userGroup":"1","email":"superadmin@msense.in","hotelId":"4","brandId":"7","iat":1687933043,"exp":1688019443}}  
[2023-06-28 07:03:29] WizardSetupAction.INFO: ======= END WizardSetup Action (Get Template Details for hotel) ================  
[2023-06-28 07:03:45] WizardSetupAction.INFO: ======= Start WizardSetup Action (Add Features to hotel) ================  
[2023-06-28 07:03:45] WizardSetupAction.INFO: method : POST  
[2023-06-28 07:03:45] WizardSetupAction.INFO: contentType : application/json  
[2023-06-28 07:03:45] WizardSetupAction.INFO: Input Data : {"featureid":["2","4"],"hotelid":"4","decoded":{"sub":"1","id":"1","userName":"super admin","userGroup":"1","email":"superadmin@msense.in","hotelId":"4","brandId":"7","iat":1687933043,"exp":1688019443}}  
[2023-06-28 07:03:45] WizardSetupAction.INFO: ======= END WizardSetup Action (Add Features to hotel) ================  
[2023-06-28 07:03:45] WizardSetupAction.INFO: ======= Start WizardSetup Action (Add Features to hotel) ================  
[2023-06-28 07:03:45] WizardSetupAction.INFO: method : POST  
[2023-06-28 07:03:45] WizardSetupAction.INFO: Input Data : {"hotelid":"4","tempid":"2","welcome_body":"fadsfdsf","menutitle":["Bill View","Screen casting"],"decoded":{"sub":"1","id":"1","userName":"super admin","userGroup":"1","email":"superadmin@msense.in","hotelId":"4","brandId":"7","iat":1687933043,"exp":1688019443}}  
[2023-06-28 07:03:45] WizardSetupAction.INFO: ======= END WizardSetup Action (Add Features to hotel) ================  
[2023-06-28 07:08:02] WizardSetupAction.INFO: ======= Start WizardSetup Action (Get Template Details for hotel) ================  
[2023-06-28 07:08:02] WizardSetupAction.INFO: method : POST  
[2023-06-28 07:08:02] WizardSetupAction.INFO: Input Data : {"hotelid":"4","tempid":"2","decoded":{"sub":"1","id":"1","userName":"super admin","userGroup":"1","email":"superadmin@msense.in","hotelId":"4","brandId":"7","iat":1687933043,"exp":1688019443}}  
[2023-06-28 07:08:02] WizardSetupAction.INFO: ======= END WizardSetup Action (Get Template Details for hotel) ================  
[2023-06-28 07:08:52] WizardSetupAction.INFO: ======= Start WizardSetup Action (Add Features to hotel) ================  
[2023-06-28 07:08:52] WizardSetupAction.INFO: method : POST  
[2023-06-28 07:08:52] WizardSetupAction.INFO: contentType : application/json  
[2023-06-28 07:08:52] WizardSetupAction.INFO: Input Data : {"featureid":["3","6"],"hotelid":"4","decoded":{"sub":"1","id":"1","userName":"super admin","userGroup":"1","email":"superadmin@msense.in","hotelId":"4","brandId":"7","iat":1687933043,"exp":1688019443}}  
[2023-06-28 07:08:52] WizardSetupAction.INFO: ======= END WizardSetup Action (Add Features to hotel) ================  
[2023-06-28 07:08:53] WizardSetupAction.INFO: ======= Start WizardSetup Action (Add Features to hotel) ================  
[2023-06-28 07:08:53] WizardSetupAction.INFO: method : POST  
[2023-06-28 07:08:53] WizardSetupAction.INFO: Input Data : {"hotelid":"4","tempid":"2","welcome_body":"welcome","menutitle":["Guest Messaging","Hotel Information"],"decoded":{"sub":"1","id":"1","userName":"super admin","userGroup":"1","email":"superadmin@msense.in","hotelId":"4","brandId":"7","iat":1687933043,"exp":1688019443}}  
[2023-06-28 07:08:53] WizardSetupAction.INFO: ======= END WizardSetup Action (Add Features to hotel) ================  
[2023-06-28 07:12:26] WizardSetupAction.INFO: ======= Start WizardSetup Action (Add Features to hotel) ================  
[2023-06-28 07:12:26] WizardSetupAction.INFO: method : POST  
[2023-06-28 07:12:26] WizardSetupAction.INFO: contentType : application/json  
[2023-06-28 07:12:26] WizardSetupAction.INFO: Input Data : {"featureid":["3","6"],"hotelid":"4","decoded":{"sub":"1","id":"1","userName":"super admin","userGroup":"1","email":"superadmin@msense.in","hotelId":"4","brandId":"7","iat":1687933043,"exp":1688019443}}  
[2023-06-28 07:12:26] WizardSetupAction.INFO: ======= END WizardSetup Action (Add Features to hotel) ================  
[2023-06-28 07:12:26] WizardSetupAction.INFO: ======= Start WizardSetup Action (Add Features to hotel) ================  
[2023-06-28 07:12:26] WizardSetupAction.INFO: method : POST  
[2023-06-28 07:12:26] WizardSetupAction.INFO: Input Data : {"hotelid":"4","tempid":"2","welcome_body":"welcome","menutitle":["Guest Messaging","Hotel Information"],"decoded":{"sub":"1","id":"1","userName":"super admin","userGroup":"1","email":"superadmin@msense.in","hotelId":"4","brandId":"7","iat":1687933043,"exp":1688019443}}  
[2023-06-28 07:12:26] WizardSetupAction.INFO: ======= END WizardSetup Action (Add Features to hotel) ================  
[2023-06-28 07:12:27] WizardSetupAction.INFO: ======= Start WizardSetup Action (Get Template Details for hotel) ================  
[2023-06-28 07:12:27] WizardSetupAction.INFO: method : POST  
[2023-06-28 07:12:27] WizardSetupAction.INFO: Input Data : {"hotelid":"4","tempid":"2","decoded":{"sub":"1","id":"1","userName":"super admin","userGroup":"1","email":"superadmin@msense.in","hotelId":"4","brandId":"7","iat":1687933043,"exp":1688019443}}  
[2023-06-28 07:12:27] WizardSetupAction.INFO: ======= END WizardSetup Action (Get Template Details for hotel) ================  
[2023-06-28 07:13:29] WizardSetupAction.INFO: ======= Start WizardSetup Action (Get Template Details for hotel) ================  
[2023-06-28 07:13:29] WizardSetupAction.INFO: method : POST  
[2023-06-28 07:13:29] WizardSetupAction.INFO: Input Data : {"hotelid":"4","tempid":"2","decoded":{"sub":"1","id":"1","userName":"super admin","userGroup":"1","email":"superadmin@msense.in","hotelId":"4","brandId":"7","iat":1687933043,"exp":1688019443}}  
[2023-06-28 07:13:29] WizardSetupAction.INFO: ======= END WizardSetup Action (Get Template Details for hotel) ================  
[2023-06-28 07:16:16] WizardSetupAction.INFO: ======= Start WizardSetup Action (Get Template Details for hotel) ================  
[2023-06-28 07:16:16] WizardSetupAction.INFO: method : POST  
[2023-06-28 07:16:16] WizardSetupAction.INFO: Input Data : {"hotelid":"4","tempid":"2","decoded":{"sub":"1","id":"1","userName":"super admin","userGroup":"1","email":"superadmin@msense.in","hotelId":"4","brandId":"7","iat":1687933043,"exp":1688019443}}  
[2023-06-28 07:16:16] WizardSetupAction.INFO: ======= END WizardSetup Action (Get Template Details for hotel) ================  
[2023-06-28 07:23:40] WizardSetupAction.INFO: ======= Start WizardSetup Action (Get Template Details for hotel) ================  
[2023-06-28 07:23:40] WizardSetupAction.INFO: method : POST  
[2023-06-28 07:23:40] WizardSetupAction.INFO: Input Data : {"hotelid":"4","tempid":"2","decoded":{"sub":"1","id":"1","userName":"super admin","userGroup":"1","email":"superadmin@msense.in","hotelId":"4","brandId":"7","iat":1687933043,"exp":1688019443}}  
[2023-06-28 07:23:40] WizardSetupAction.INFO: ======= END WizardSetup Action (Get Template Details for hotel) ================  
[2023-06-28 07:26:16] WizardSetupAction.INFO: ======= Start WizardSetup Action (Get Template Details for hotel) ================  
[2023-06-28 07:26:16] WizardSetupAction.INFO: method : POST  
[2023-06-28 07:26:16] WizardSetupAction.INFO: Input Data : {"hotelid":"4","tempid":"2","decoded":{"sub":"1","id":"1","userName":"super admin","userGroup":"1","email":"superadmin@msense.in","hotelId":"4","brandId":"7","iat":1687933043,"exp":1688019443}}  
[2023-06-28 07:26:16] WizardSetupAction.INFO: ======= END WizardSetup Action (Get Template Details for hotel) ================  
[2023-06-28 07:26:34] WizardSetupAction.INFO: ======= Start WizardSetup Action (Update Template) ================  
[2023-06-28 07:26:34] WizardSetupAction.INFO: method : PUT  
[2023-06-28 07:26:34] WizardSetupAction.INFO: contentType : application/json  
[2023-06-28 07:26:34] WizardSetupAction.INFO: Input Data : {"templateid":"2","hotelid":"4","decoded":{"sub":"1","id":"1","userName":"super admin","userGroup":"1","email":"superadmin@msense.in","hotelId":"4","brandId":"7","iat":1687933043,"exp":1688019443}}  
[2023-06-28 07:26:34] WizardSetupAction.INFO: ======= END WizardSetup Action (Update Template) ================  
[2023-06-28 07:29:34] WizardSetupAction.INFO: ======= Start WizardSetup Action (Get Template Details for hotel) ================  
[2023-06-28 07:29:34] WizardSetupAction.INFO: method : POST  
[2023-06-28 07:29:34] WizardSetupAction.INFO: Input Data : {"hotelid":"4","tempid":"2","decoded":{"sub":"1","id":"1","userName":"super admin","userGroup":"1","email":"superadmin@msense.in","hotelId":"4","brandId":"7","iat":1687933043,"exp":1688019443}}  
[2023-06-28 07:29:34] WizardSetupAction.INFO: ======= END WizardSetup Action (Get Template Details for hotel) ================  
[2023-06-28 07:30:28] WizardSetupAction.INFO: ======= Start WizardSetup Action (Update Template) ================  
[2023-06-28 07:30:28] WizardSetupAction.INFO: method : PUT  
[2023-06-28 07:30:28] WizardSetupAction.INFO: contentType : application/json  
[2023-06-28 07:30:28] WizardSetupAction.INFO: Input Data : {"templateid":"2","hotelid":"4","decoded":{"sub":"1","id":"1","userName":"super admin","userGroup":"1","email":"superadmin@msense.in","hotelId":"4","brandId":"7","iat":1687933043,"exp":1688019443}}  
[2023-06-28 07:30:28] WizardSetupAction.INFO: ======= END WizardSetup Action (Update Template) ================  
[2023-06-28 07:32:56] WizardSetupAction.INFO: ======= Start WizardSetup Action (Get Template Details for hotel) ================  
[2023-06-28 07:32:56] WizardSetupAction.INFO: method : POST  
[2023-06-28 07:32:56] WizardSetupAction.INFO: Input Data : {"hotelid":"4","tempid":"2","decoded":{"sub":"1","id":"1","userName":"super admin","userGroup":"1","email":"superadmin@msense.in","hotelId":"4","brandId":"7","iat":1687933043,"exp":1688019443}}  
[2023-06-28 07:32:56] WizardSetupAction.INFO: ======= END WizardSetup Action (Get Template Details for hotel) ================  
[2023-06-28 08:37:58] WizardSetupAction.INFO: ======= Start WizardSetup Action (Get Template Details for hotel) ================  
[2023-06-28 08:37:58] WizardSetupAction.INFO: method : POST  
[2023-06-28 08:37:58] WizardSetupAction.INFO: Input Data : {"hotelid":"4","tempid":"2","decoded":{"sub":"1","id":"1","userName":"super admin","userGroup":"1","email":"superadmin@msense.in","hotelId":"4","brandId":"7","iat":1687941471,"exp":1688027871}}  
[2023-06-28 08:37:58] WizardSetupAction.INFO: ======= END WizardSetup Action (Get Template Details for hotel) ================  
[2023-06-28 08:39:17] WizardSetupAction.INFO: ======= Start WizardSetup Action (Add Features to hotel) ================  
[2023-06-28 08:39:17] WizardSetupAction.INFO: method : POST  
[2023-06-28 08:39:17] WizardSetupAction.INFO: contentType : application/json  
[2023-06-28 08:39:17] WizardSetupAction.INFO: Input Data : {"featureid":["1","2","4"],"hotelid":"4","decoded":{"sub":"1","id":"1","userName":"super admin","userGroup":"1","email":"superadmin@msense.in","hotelId":"4","brandId":"7","iat":1687941471,"exp":1688027871}}  
[2023-06-28 08:39:17] WizardSetupAction.INFO: ======= Start WizardSetup Action (Add Features to hotel) ================  
[2023-06-28 08:39:17] WizardSetupAction.INFO: method : POST  
[2023-06-28 08:39:17] WizardSetupAction.INFO: Input Data : {"hotelid":"4","tempid":"2","welcome_body":"Welcome message","menutitle":["Channels","Bill View","Screen casting"],"decoded":{"sub":"1","id":"1","userName":"super admin","userGroup":"1","email":"superadmin@msense.in","hotelId":"4","brandId":"7","iat":1687941471,"exp":1688027871}}  
[2023-06-28 08:39:17] WizardSetupAction.INFO: ======= END WizardSetup Action (Add Features to hotel) ================  
[2023-06-28 08:39:17] WizardSetupAction.INFO: ======= END WizardSetup Action (Add Features to hotel) ================  
[2023-06-28 08:43:00] WizardSetupAction.INFO: ======= Start WizardSetup Action (Get Template Details for hotel) ================  
[2023-06-28 08:43:00] WizardSetupAction.INFO: method : POST  
[2023-06-28 08:43:00] WizardSetupAction.INFO: Input Data : {"hotelid":"4","tempid":"2","decoded":{"sub":"1","id":"1","userName":"super admin","userGroup":"1","email":"superadmin@msense.in","hotelId":"4","brandId":"7","iat":1687941471,"exp":1688027871}}  
[2023-06-28 08:43:00] WizardSetupAction.INFO: ======= END WizardSetup Action (Get Template Details for hotel) ================  
[2023-06-28 08:44:09] WizardSetupAction.INFO: ======= Start WizardSetup Action (Get Template Details for hotel) ================  
[2023-06-28 08:44:09] WizardSetupAction.INFO: method : POST  
[2023-06-28 08:44:09] WizardSetupAction.INFO: Input Data : {"hotelid":"4","tempid":"2","decoded":{"sub":"1","id":"1","userName":"super admin","userGroup":"1","email":"superadmin@msense.in","hotelId":"4","brandId":"7","iat":1687941471,"exp":1688027871}}  
[2023-06-28 08:44:09] WizardSetupAction.INFO: ======= END WizardSetup Action (Get Template Details for hotel) ================  
[2023-06-28 08:46:30] WizardSetupAction.INFO: ======= Start WizardSetup Action (Get Template Details for hotel) ================  
[2023-06-28 08:46:30] WizardSetupAction.INFO: method : POST  
[2023-06-28 08:46:30] WizardSetupAction.INFO: Input Data : {"hotelid":"4","tempid":"2","decoded":{"sub":"1","id":"1","userName":"super admin","userGroup":"1","email":"superadmin@msense.in","hotelId":"4","brandId":"7","iat":1687941471,"exp":1688027871}}  
[2023-06-28 08:46:30] WizardSetupAction.INFO: ======= END WizardSetup Action (Get Template Details for hotel) ================  
[2023-06-28 08:46:35] WizardSetupAction.INFO: ======= Start WizardSetup Action (Get Template Details for hotel) ================  
[2023-06-28 08:46:35] WizardSetupAction.INFO: method : POST  
[2023-06-28 08:46:35] WizardSetupAction.INFO: Input Data : {"hotelid":"4","tempid":"2","decoded":{"sub":"1","id":"1","userName":"super admin","userGroup":"1","email":"superadmin@msense.in","hotelId":"4","brandId":"7","iat":1687941471,"exp":1688027871}}  
[2023-06-28 08:46:35] WizardSetupAction.INFO: ======= END WizardSetup Action (Get Template Details for hotel) ================  
[2023-06-28 08:52:39] WizardSetupAction.INFO: ======= Start WizardSetup Action (Add Features to hotel) ================  
[2023-06-28 08:52:39] WizardSetupAction.INFO: method : POST  
[2023-06-28 08:52:39] WizardSetupAction.INFO: Input Data : {"menutitle":["Home","Internet"],"menulink":["menu.html","tes.html"],"hotelid":"4","tempid":"1","welcome_head":"hai this is me","welcome_body":"hello its work well","decoded":{"sub":"1","id":"1","userName":"super admin","userGroup":"1","email":"superadmin@msense.in","hotelId":"4","brandId":"7","iat":1687928402,"exp":1688014802}}  
[2023-06-28 08:52:39] WizardSetupAction.INFO: ======= END WizardSetup Action (Add Features to hotel) ================  
[2023-06-28 08:52:47] WizardSetupAction.INFO: ======= Start WizardSetup Action (Add Features to hotel) ================  
[2023-06-28 08:52:47] WizardSetupAction.INFO: method : POST  
[2023-06-28 08:52:47] WizardSetupAction.INFO: Input Data : {"menutitle":["Home","Internet"],"menulink":["menu.html","tes.html"],"hotelid":"4","tempid":"1","welcome_head":"hai this is me","welcome_body":"hello its work well","decoded":{"sub":"1","id":"1","userName":"super admin","userGroup":"1","email":"superadmin@msense.in","hotelId":"4","brandId":"7","iat":1687928402,"exp":1688014802}}  
[2023-06-28 08:52:47] WizardSetupAction.INFO: ======= END WizardSetup Action (Add Features to hotel) ================  
[2023-06-28 08:54:48] WizardSetupAction.INFO: ======= Start WizardSetup Action (Get Template Details for hotel) ================  
[2023-06-28 08:54:48] WizardSetupAction.INFO: method : POST  
[2023-06-28 08:54:48] WizardSetupAction.INFO: Input Data : {"hotelid":"4","tempid":"2","decoded":{"sub":"1","id":"1","userName":"super admin","userGroup":"1","email":"superadmin@msense.in","hotelId":"4","brandId":"7","iat":1687941471,"exp":1688027871}}  
[2023-06-28 08:54:48] WizardSetupAction.INFO: ======= END WizardSetup Action (Get Template Details for hotel) ================  
[2023-06-28 08:59:46] WizardSetupAction.INFO: ======= Start WizardSetup Action (Get Template Details for hotel) ================  
[2023-06-28 08:59:46] WizardSetupAction.INFO: method : POST  
[2023-06-28 08:59:46] WizardSetupAction.INFO: Input Data : {"hotelid":"4","tempid":"2","decoded":{"sub":"1","id":"1","userName":"super admin","userGroup":"1","email":"superadmin@msense.in","hotelId":"4","brandId":"7","iat":1687941471,"exp":1688027871}}  
[2023-06-28 08:59:46] WizardSetupAction.INFO: ======= END WizardSetup Action (Get Template Details for hotel) ================  
[2023-06-28 09:02:21] WizardSetupAction.INFO: ======= Start WizardSetup Action (Get Template Details for hotel) ================  
[2023-06-28 09:02:21] WizardSetupAction.INFO: method : POST  
[2023-06-28 09:02:21] WizardSetupAction.INFO: Input Data : {"hotelid":"4","tempid":"2","decoded":{"sub":"1","id":"1","userName":"super admin","userGroup":"1","email":"superadmin@msense.in","hotelId":"4","brandId":"7","iat":1687941471,"exp":1688027871}}  
[2023-06-28 09:02:21] WizardSetupAction.INFO: ======= END WizardSetup Action (Get Template Details for hotel) ================  
[2023-06-28 09:02:29] WizardSetupAction.INFO: ======= Start WizardSetup Action (Get Template Details for hotel) ================  
[2023-06-28 09:02:29] WizardSetupAction.INFO: method : POST  
[2023-06-28 09:02:29] WizardSetupAction.INFO: Input Data : {"hotelid":"4","tempid":"2","decoded":{"sub":"1","id":"1","userName":"super admin","userGroup":"1","email":"superadmin@msense.in","hotelId":"4","brandId":"7","iat":1687941471,"exp":1688027871}}  
[2023-06-28 09:02:29] WizardSetupAction.INFO: ======= END WizardSetup Action (Get Template Details for hotel) ================  
[2023-06-28 09:02:50] WizardSetupAction.INFO: ======= Start WizardSetup Action (Add Features to hotel) ================  
[2023-06-28 09:02:50] WizardSetupAction.INFO: method : POST  
[2023-06-28 09:02:50] WizardSetupAction.INFO: contentType : application/json  
[2023-06-28 09:02:50] WizardSetupAction.INFO: Input Data : {"featureid":["1","2"],"hotelid":"4","decoded":{"sub":"1","id":"1","userName":"super admin","userGroup":"1","email":"superadmin@msense.in","hotelId":"4","brandId":"7","iat":1687941471,"exp":1688027871}}  
[2023-06-28 09:02:50] WizardSetupAction.INFO: ======= Start WizardSetup Action (Add Features to hotel) ================  
[2023-06-28 09:02:50] WizardSetupAction.INFO: method : POST  
[2023-06-28 09:02:50] WizardSetupAction.INFO: Input Data : {"hotelid":"4","tempid":"2","welcome_body":"fadsfadsf","menutitle":["Channels","Bill View"],"decoded":{"sub":"1","id":"1","userName":"super admin","userGroup":"1","email":"superadmin@msense.in","hotelId":"4","brandId":"7","iat":1687941471,"exp":1688027871}}  
[2023-06-28 09:02:50] WizardSetupAction.INFO: ======= END WizardSetup Action (Add Features to hotel) ================  
[2023-06-28 09:02:50] WizardSetupAction.INFO: ======= END WizardSetup Action (Add Features to hotel) ================  
[2023-06-28 09:04:05] WizardSetupAction.INFO: ======= Start WizardSetup Action (Add Features to hotel) ================  
[2023-06-28 09:04:05] WizardSetupAction.INFO: method : POST  
[2023-06-28 09:04:05] WizardSetupAction.INFO: contentType : application/json  
[2023-06-28 09:04:05] WizardSetupAction.INFO: Input Data : {"featureid":["1","2"],"hotelid":"4","decoded":{"sub":"1","id":"1","userName":"super admin","userGroup":"1","email":"superadmin@msense.in","hotelId":"4","brandId":"7","iat":1687941471,"exp":1688027871}}  
[2023-06-28 09:04:05] WizardSetupAction.INFO: ======= END WizardSetup Action (Add Features to hotel) ================  
[2023-06-28 09:04:05] WizardSetupAction.INFO: ======= Start WizardSetup Action (Add Features to hotel) ================  
[2023-06-28 09:04:05] WizardSetupAction.INFO: method : POST  
[2023-06-28 09:04:05] WizardSetupAction.INFO: Input Data : {"hotelid":"4","tempid":"2","welcome_body":"fadsfadsf","menutitle":["Channels","Bill View"],"decoded":{"sub":"1","id":"1","userName":"super admin","userGroup":"1","email":"superadmin@msense.in","hotelId":"4","brandId":"7","iat":1687941471,"exp":1688027871}}  
[2023-06-28 09:04:05] WizardSetupAction.INFO: ======= END WizardSetup Action (Add Features to hotel) ================  
[2023-06-28 09:07:30] WizardSetupAction.INFO: ======= Start WizardSetup Action (Bulk Upload For hotel) ================  
[2023-06-28 09:07:30] WizardSetupAction.INFO: method : POST  
[2023-06-28 09:07:30] WizardSetupAction.INFO: Input Data : {"hotelid":"4","decoded":{"sub":"1","id":"1","userName":"super admin","userGroup":"1","email":"superadmin@msense.in","hotelId":"4","brandId":"7","iat":1687871003,"exp":1687957403}}  
[2023-06-28 09:07:30] WizardSetupAction.ERROR: Error Code : 201Error Message : Please upload.  
[2023-06-28 09:07:30] WizardSetupAction.ERROR: Error File : /var/www/projects/ottproduct/api/v1/src/Application/Actions/WizardSetup/WizardSetupAction.phpError Line : 358  
[2023-06-28 09:07:30] WizardSetupAction.INFO: ======= END WizardSetup Action (Bulk Upload For hotel) ================  
[2023-06-28 09:07:57] WizardSetupAction.INFO: ======= Start WizardSetup Action (Get Template Details for hotel) ================  
[2023-06-28 09:07:57] WizardSetupAction.INFO: method : POST  
[2023-06-28 09:07:57] WizardSetupAction.INFO: Input Data : {"hotelid":"4","tempid":"2","decoded":{"sub":"1","id":"1","userName":"super admin","userGroup":"1","email":"superadmin@msense.in","hotelId":"4","brandId":"7","iat":1687941471,"exp":1688027871}}  
[2023-06-28 09:07:57] WizardSetupAction.INFO: ======= END WizardSetup Action (Get Template Details for hotel) ================  
[2023-06-28 09:07:58] WizardSetupAction.INFO: ======= Start WizardSetup Action (Bulk Upload For hotel) ================  
[2023-06-28 09:07:58] WizardSetupAction.INFO: method : POST  
[2023-06-28 09:07:58] WizardSetupAction.INFO: Input Data : {"hotelid":"4","decoded":{"sub":"1","id":"1","userName":"super admin","userGroup":"1","email":"superadmin@msense.in","hotelId":"4","brandId":"7","iat":1687871003,"exp":1687957403}}  
[2023-06-28 09:08:49] WizardSetupAction.INFO: ======= Start WizardSetup Action (Get Template Details for hotel) ================  
[2023-06-28 09:08:49] WizardSetupAction.INFO: method : POST  
[2023-06-28 09:08:49] WizardSetupAction.INFO: Input Data : {"hotelid":"4","tempid":"2","decoded":{"sub":"1","id":"1","userName":"super admin","userGroup":"1","email":"superadmin@msense.in","hotelId":"4","brandId":"7","iat":1687941471,"exp":1688027871}}  
[2023-06-28 09:08:49] WizardSetupAction.INFO: ======= END WizardSetup Action (Get Template Details for hotel) ================  
[2023-06-28 09:10:20] WizardSetupAction.INFO: ======= Start WizardSetup Action (Get Template Details for hotel) ================  
[2023-06-28 09:10:20] WizardSetupAction.INFO: method : POST  
[2023-06-28 09:10:20] WizardSetupAction.INFO: Input Data : {"hotelid":"4","tempid":"2","decoded":{"sub":"1","id":"1","userName":"super admin","userGroup":"1","email":"superadmin@msense.in","hotelId":"4","brandId":"7","iat":1687941471,"exp":1688027871}}  
[2023-06-28 09:10:20] WizardSetupAction.INFO: ======= END WizardSetup Action (Get Template Details for hotel) ================  
