[2023-06-28 04:40:16] CommonAction.INFO: ======= Start Common Action (getAllSideBarMenu) ================  
[2023-06-28 04:40:16] CommonAction.INFO: method : GET  
[2023-06-28 04:40:16] CommonAction.INFO: contentType : application/json  
[2023-06-28 04:40:16] CommonAction.INFO: Input Data : {"decoded":{"sub":"1","id":"1","userName":"super admin","userGroup":"1","email":"superadmin@msense.in","hotelId":"4","brandId":"7","iat":1687927216,"exp":1688013616}}  
[2023-06-28 04:40:17] CommonAction.INFO: ======= END Common Action (getAllSideBarMenu) ================  
[2023-06-28 04:40:32] CommonAction.INFO: ======= Start Common Action (getAllSideBarMenu) ================  
[2023-06-28 04:40:32] CommonAction.INFO: method : GET  
[2023-06-28 04:40:32] CommonAction.INFO: contentType : application/json  
[2023-06-28 04:40:32] CommonAction.INFO: Input Data : {"decoded":{"sub":"1","id":"1","userName":"super admin","userGroup":"1","email":"superadmin@msense.in","hotelId":"4","brandId":"7","iat":1687927216,"exp":1688013616}}  
[2023-06-28 04:40:32] CommonAction.INFO: ======= END Common Action (getAllSideBarMenu) ================  
[2023-06-28 04:40:34] CommonAction.INFO: ======= Start Common Action (getAllSideBarMenu) ================  
[2023-06-28 04:40:34] CommonAction.INFO: method : GET  
[2023-06-28 04:40:34] CommonAction.INFO: contentType : application/json  
[2023-06-28 04:40:34] CommonAction.INFO: Input Data : {"decoded":{"sub":"1","id":"1","userName":"super admin","userGroup":"1","email":"superadmin@msense.in","hotelId":"4","brandId":"7","iat":1687927216,"exp":1688013616}}  
[2023-06-28 04:40:34] CommonAction.INFO: ======= END Common Action (getAllSideBarMenu) ================  
[2023-06-28 04:40:42] CommonAction.INFO: ======= Start Common Action (getAllSideBarMenu) ================  
[2023-06-28 04:40:42] CommonAction.INFO: method : GET  
[2023-06-28 04:40:42] CommonAction.INFO: contentType : application/json  
[2023-06-28 04:40:42] CommonAction.INFO: Input Data : {"decoded":{"sub":"1","id":"1","userName":"super admin","userGroup":"1","email":"superadmin@msense.in","hotelId":"4","brandId":"7","iat":1687927216,"exp":1688013616}}  
[2023-06-28 04:40:42] CommonAction.INFO: ======= END Common Action (getAllSideBarMenu) ================  
[2023-06-28 04:41:42] CommonAction.INFO: ======= Start Common Action (getAllSideBarMenu) ================  
[2023-06-28 04:41:42] CommonAction.INFO: method : GET  
[2023-06-28 04:41:42] CommonAction.INFO: contentType : application/json  
[2023-06-28 04:41:42] CommonAction.INFO: Input Data : {"decoded":{"sub":"1","id":"1","userName":"super admin","userGroup":"1","email":"superadmin@msense.in","hotelId":"4","brandId":"7","iat":1687927216,"exp":1688013616}}  
[2023-06-28 04:41:42] CommonAction.INFO: ======= END Common Action (getAllSideBarMenu) ================  
[2023-06-28 04:42:38] CommonAction.INFO: ======= Start Common Action (getAllSideBarMenu) ================  
[2023-06-28 04:42:38] CommonAction.INFO: method : GET  
[2023-06-28 04:42:38] CommonAction.INFO: contentType : application/json  
[2023-06-28 04:42:38] CommonAction.INFO: Input Data : {"decoded":{"sub":"1","id":"1","userName":"super admin","userGroup":"1","email":"superadmin@msense.in","hotelId":"4","brandId":"7","iat":1687927216,"exp":1688013616}}  
[2023-06-28 04:42:38] CommonAction.INFO: ======= END Common Action (getAllSideBarMenu) ================  
[2023-06-28 04:44:15] CommonAction.INFO: ======= Start Common Action (getAllSideBarMenu) ================  
[2023-06-28 04:44:15] CommonAction.INFO: method : GET  
[2023-06-28 04:44:15] CommonAction.INFO: contentType : application/json  
[2023-06-28 04:44:15] CommonAction.INFO: Input Data : {"decoded":{"sub":"1","id":"1","userName":"super admin","userGroup":"1","email":"superadmin@msense.in","hotelId":"4","brandId":"7","iat":1687927216,"exp":1688013616}}  
[2023-06-28 04:44:15] CommonAction.INFO: ======= END Common Action (getAllSideBarMenu) ================  
[2023-06-28 04:46:10] CommonAction.INFO: ======= Start Common Action (getAllSideBarMenu) ================  
[2023-06-28 04:46:10] CommonAction.INFO: method : GET  
[2023-06-28 04:46:10] CommonAction.INFO: contentType : application/json  
[2023-06-28 04:46:10] CommonAction.INFO: Input Data : {"decoded":{"sub":"1","id":"1","userName":"super admin","userGroup":"1","email":"superadmin@msense.in","hotelId":"4","brandId":"7","iat":1687927216,"exp":1688013616}}  
[2023-06-28 04:46:10] CommonAction.INFO: ======= END Common Action (getAllSideBarMenu) ================  
[2023-06-28 04:46:12] CommonAction.INFO: ======= Start Common Action (getAllSideBarMenu) ================  
[2023-06-28 04:46:12] CommonAction.INFO: method : GET  
[2023-06-28 04:46:12] CommonAction.INFO: contentType : application/json  
[2023-06-28 04:46:12] CommonAction.INFO: Input Data : {"decoded":{"sub":"1","id":"1","userName":"super admin","userGroup":"1","email":"superadmin@msense.in","hotelId":"4","brandId":"7","iat":1687927216,"exp":1688013616}}  
[2023-06-28 04:46:12] CommonAction.INFO: ======= END Common Action (getAllSideBarMenu) ================  
[2023-06-28 04:48:55] CommonAction.INFO: ======= Start Common Action (getAllSideBarMenu) ================  
[2023-06-28 04:48:55] CommonAction.INFO: method : GET  
[2023-06-28 04:48:55] CommonAction.INFO: contentType : application/json  
[2023-06-28 04:48:55] CommonAction.INFO: Input Data : {"decoded":{"sub":"1","id":"1","userName":"super admin","userGroup":"1","email":"superadmin@msense.in","hotelId":"4","brandId":"7","iat":1687927216,"exp":1688013616}}  
[2023-06-28 04:48:55] CommonAction.INFO: ======= END Common Action (getAllSideBarMenu) ================  
[2023-06-28 05:03:27] CommonAction.INFO: ======= Start Common Action (getAllSideBarMenu) ================  
[2023-06-28 05:03:27] CommonAction.INFO: method : GET  
[2023-06-28 05:03:27] CommonAction.INFO: contentType : application/json  
[2023-06-28 05:03:27] CommonAction.INFO: Input Data : {"decoded":{"sub":"1","id":"1","userName":"super admin","userGroup":"1","email":"superadmin@msense.in","hotelId":"4","brandId":"7","iat":1687927216,"exp":1688013616}}  
[2023-06-28 05:03:27] CommonAction.INFO: ======= END Common Action (getAllSideBarMenu) ================  
[2023-06-28 05:04:58] CommonAction.INFO: ======= Start Common Action (getAllSideBarMenu) ================  
[2023-06-28 05:04:58] CommonAction.INFO: method : GET  
[2023-06-28 05:04:58] CommonAction.INFO: contentType : application/json  
[2023-06-28 05:04:58] CommonAction.INFO: Input Data : {"decoded":{"sub":"1","id":"1","userName":"super admin","userGroup":"1","email":"superadmin@msense.in","hotelId":"4","brandId":"7","iat":1687927216,"exp":1688013616}}  
[2023-06-28 05:04:58] CommonAction.INFO: ======= END Common Action (getAllSideBarMenu) ================  
[2023-06-28 05:06:21] CommonAction.INFO: ======= Start Common Action (getAllSideBarMenu) ================  
[2023-06-28 05:06:21] CommonAction.INFO: method : GET  
[2023-06-28 05:06:21] CommonAction.INFO: contentType : application/json  
[2023-06-28 05:06:21] CommonAction.INFO: Input Data : {"decoded":{"sub":"1","id":"1","userName":"super admin","userGroup":"1","email":"superadmin@msense.in","hotelId":"4","brandId":"7","iat":1687927216,"exp":1688013616}}  
[2023-06-28 05:06:21] CommonAction.INFO: ======= END Common Action (getAllSideBarMenu) ================  
[2023-06-28 05:10:20] CommonAction.INFO: ======= Start Common Action (getAllSideBarMenu) ================  
[2023-06-28 05:10:20] CommonAction.INFO: method : GET  
[2023-06-28 05:10:20] CommonAction.INFO: contentType : application/json  
[2023-06-28 05:10:20] CommonAction.INFO: Input Data : {"decoded":{"sub":"1","id":"1","userName":"super admin","userGroup":"1","email":"superadmin@msense.in","hotelId":"4","brandId":"7","iat":1687927216,"exp":1688013616}}  
[2023-06-28 05:10:20] CommonAction.INFO: ======= END Common Action (getAllSideBarMenu) ================  
[2023-06-28 05:12:58] CommonAction.INFO: ======= Start Common Action (getAllSideBarMenu) ================  
[2023-06-28 05:12:58] CommonAction.INFO: method : GET  
[2023-06-28 05:12:58] CommonAction.INFO: contentType : application/json  
[2023-06-28 05:12:58] CommonAction.INFO: Input Data : {"decoded":{"sub":"1","id":"1","userName":"super admin","userGroup":"1","email":"superadmin@msense.in","hotelId":"4","brandId":"7","iat":1687927216,"exp":1688013616}}  
[2023-06-28 05:12:58] CommonAction.INFO: ======= END Common Action (getAllSideBarMenu) ================  
[2023-06-28 05:25:31] CommonAction.INFO: ======= Start Common Action (getAllSideBarMenu) ================  
[2023-06-28 05:25:31] CommonAction.INFO: method : GET  
[2023-06-28 05:25:31] CommonAction.INFO: contentType : application/json  
[2023-06-28 05:25:31] CommonAction.INFO: Input Data : {"decoded":{"sub":"1","id":"1","userName":"super admin","userGroup":"1","email":"superadmin@msense.in","hotelId":"4","brandId":"7","iat":1687927216,"exp":1688013616}}  
[2023-06-28 05:25:31] CommonAction.INFO: ======= END Common Action (getAllSideBarMenu) ================  
[2023-06-28 05:26:41] CommonAction.INFO: ======= Start Common Action (getAllSideBarMenu) ================  
[2023-06-28 05:26:41] CommonAction.INFO: method : GET  
[2023-06-28 05:26:41] CommonAction.INFO: contentType : application/json  
[2023-06-28 05:26:41] CommonAction.INFO: Input Data : {"decoded":{"sub":"1","id":"1","userName":"super admin","userGroup":"1","email":"superadmin@msense.in","hotelId":"4","brandId":"7","iat":1687930001,"exp":1688016401}}  
[2023-06-28 05:26:41] CommonAction.INFO: ======= END Common Action (getAllSideBarMenu) ================  
[2023-06-28 05:27:07] CommonAction.INFO: ======= Start Common Action (getAllSideBarMenu) ================  
[2023-06-28 05:27:07] CommonAction.INFO: method : GET  
[2023-06-28 05:27:07] CommonAction.INFO: contentType : application/json  
[2023-06-28 05:27:07] CommonAction.INFO: Input Data : {"decoded":{"sub":"1","id":"1","userName":"super admin","userGroup":"1","email":"superadmin@msense.in","hotelId":"4","brandId":"7","iat":1687930001,"exp":1688016401}}  
[2023-06-28 05:27:07] CommonAction.INFO: ======= END Common Action (getAllSideBarMenu) ================  
[2023-06-28 05:37:28] CommonAction.INFO: ======= Start Common Action (getAllSideBarMenu) ================  
[2023-06-28 05:37:28] CommonAction.INFO: method : GET  
[2023-06-28 05:37:28] CommonAction.INFO: contentType : application/json  
[2023-06-28 05:37:28] CommonAction.INFO: Input Data : {"decoded":{"sub":"1","id":"1","userName":"super admin","userGroup":"1","email":"superadmin@msense.in","hotelId":"4","brandId":"7","iat":1687927216,"exp":1688013616}}  
[2023-06-28 05:37:28] CommonAction.INFO: ======= END Common Action (getAllSideBarMenu) ================  
[2023-06-28 05:40:22] CommonAction.INFO: ======= Start Common Action (getAllSideBarMenu) ================  
[2023-06-28 05:40:22] CommonAction.INFO: method : GET  
[2023-06-28 05:40:22] CommonAction.INFO: contentType : application/json  
[2023-06-28 05:40:22] CommonAction.INFO: Input Data : {"decoded":{"sub":"1","id":"1","userName":"super admin","userGroup":"1","email":"superadmin@msense.in","hotelId":"4","brandId":"7","iat":1687927216,"exp":1688013616}}  
[2023-06-28 05:40:22] CommonAction.INFO: ======= END Common Action (getAllSideBarMenu) ================  
[2023-06-28 05:40:31] CommonAction.INFO: ======= Start Common Action (getAllSideBarMenu) ================  
[2023-06-28 05:40:31] CommonAction.INFO: method : GET  
[2023-06-28 05:40:31] CommonAction.INFO: contentType : application/json  
[2023-06-28 05:40:31] CommonAction.INFO: Input Data : {"decoded":{"sub":"1","id":"1","userName":"super admin","userGroup":"1","email":"superadmin@msense.in","hotelId":"4","brandId":"7","iat":1687927216,"exp":1688013616}}  
[2023-06-28 05:40:31] CommonAction.INFO: ======= END Common Action (getAllSideBarMenu) ================  
[2023-06-28 05:42:02] CommonAction.INFO: ======= Start Common Action (getAllSideBarMenu) ================  
[2023-06-28 05:42:02] CommonAction.INFO: method : GET  
[2023-06-28 05:42:02] CommonAction.INFO: contentType : application/json  
[2023-06-28 05:42:02] CommonAction.INFO: Input Data : {"decoded":{"sub":"1","id":"1","userName":"super admin","userGroup":"1","email":"superadmin@msense.in","hotelId":"4","brandId":"7","iat":1687927216,"exp":1688013616}}  
[2023-06-28 05:42:02] CommonAction.INFO: ======= END Common Action (getAllSideBarMenu) ================  
[2023-06-28 05:43:07] CommonAction.INFO: ======= Start Common Action (getAllSideBarMenu) ================  
[2023-06-28 05:43:07] CommonAction.INFO: method : GET  
[2023-06-28 05:43:07] CommonAction.INFO: contentType : application/json  
[2023-06-28 05:43:07] CommonAction.INFO: Input Data : {"decoded":{"sub":"1","id":"1","userName":"super admin","userGroup":"1","email":"superadmin@msense.in","hotelId":"4","brandId":"7","iat":1687927216,"exp":1688013616}}  
[2023-06-28 05:43:07] CommonAction.INFO: ======= END Common Action (getAllSideBarMenu) ================  
[2023-06-28 05:45:59] CommonAction.INFO: ======= Start Common Action (getAllSideBarMenu) ================  
[2023-06-28 05:45:59] CommonAction.INFO: method : GET  
[2023-06-28 05:45:59] CommonAction.INFO: contentType : application/json  
[2023-06-28 05:45:59] CommonAction.INFO: Input Data : {"decoded":{"sub":"1","id":"1","userName":"super admin","userGroup":"1","email":"superadmin@msense.in","hotelId":"4","brandId":"7","iat":1687927216,"exp":1688013616}}  
[2023-06-28 05:45:59] CommonAction.INFO: ======= END Common Action (getAllSideBarMenu) ================  
[2023-06-28 05:47:06] CommonAction.INFO: ======= Start Common Action (getAllSideBarMenu) ================  
[2023-06-28 05:47:06] CommonAction.INFO: method : GET  
[2023-06-28 05:47:06] CommonAction.INFO: contentType : application/json  
[2023-06-28 05:47:06] CommonAction.INFO: Input Data : {"decoded":{"sub":"1","id":"1","userName":"super admin","userGroup":"1","email":"superadmin@msense.in","hotelId":"4","brandId":"7","iat":1687927216,"exp":1688013616}}  
[2023-06-28 05:47:06] CommonAction.INFO: ======= END Common Action (getAllSideBarMenu) ================  
[2023-06-28 05:47:12] CommonAction.INFO: ======= Start Common Action (getAllSideBarMenu) ================  
[2023-06-28 05:47:12] CommonAction.INFO: method : GET  
[2023-06-28 05:47:12] CommonAction.INFO: contentType : application/json  
[2023-06-28 05:47:12] CommonAction.INFO: Input Data : {"decoded":{"sub":"1","id":"1","userName":"super admin","userGroup":"1","email":"superadmin@msense.in","hotelId":"4","brandId":"7","iat":1687927216,"exp":1688013616}}  
[2023-06-28 05:47:12] CommonAction.INFO: ======= END Common Action (getAllSideBarMenu) ================  
[2023-06-28 05:49:49] CommonAction.INFO: ======= Start Common Action (getAllSideBarMenu) ================  
[2023-06-28 05:49:49] CommonAction.INFO: method : GET  
[2023-06-28 05:49:49] CommonAction.INFO: contentType : application/json  
[2023-06-28 05:49:49] CommonAction.INFO: Input Data : {"decoded":{"sub":"1","id":"1","userName":"super admin","userGroup":"1","email":"superadmin@msense.in","hotelId":"4","brandId":"7","iat":1687927216,"exp":1688013616}}  
[2023-06-28 05:49:49] CommonAction.INFO: ======= END Common Action (getAllSideBarMenu) ================  
[2023-06-28 06:17:23] CommonAction.INFO: ======= Start Common Action (getAllSideBarMenu) ================  
[2023-06-28 06:17:23] CommonAction.INFO: method : GET  
[2023-06-28 06:17:23] CommonAction.INFO: contentType : application/json  
[2023-06-28 06:17:23] CommonAction.INFO: Input Data : {"decoded":{"sub":"1","id":"1","userName":"super admin","userGroup":"1","email":"superadmin@msense.in","hotelId":"4","brandId":"7","iat":1687933043,"exp":1688019443}}  
[2023-06-28 06:17:23] CommonAction.INFO: ======= END Common Action (getAllSideBarMenu) ================  
[2023-06-28 06:22:43] CommonAction.INFO: ======= Start Common Action (getAllSideBarMenu) ================  
[2023-06-28 06:22:43] CommonAction.INFO: method : GET  
[2023-06-28 06:22:43] CommonAction.INFO: contentType : application/json  
[2023-06-28 06:22:43] CommonAction.INFO: Input Data : {"decoded":{"sub":"1","id":"1","userName":"super admin","userGroup":"1","email":"superadmin@msense.in","hotelId":"4","brandId":"7","iat":1687933043,"exp":1688019443}}  
[2023-06-28 06:22:43] CommonAction.INFO: ======= END Common Action (getAllSideBarMenu) ================  
[2023-06-28 06:24:10] CommonAction.INFO: ======= Start Common Action (getAllSideBarMenu) ================  
[2023-06-28 06:24:10] CommonAction.INFO: method : GET  
[2023-06-28 06:24:10] CommonAction.INFO: contentType : application/json  
[2023-06-28 06:24:10] CommonAction.INFO: Input Data : {"decoded":{"sub":"1","id":"1","userName":"super admin","userGroup":"1","email":"superadmin@msense.in","hotelId":"4","brandId":"7","iat":1687933043,"exp":1688019443}}  
[2023-06-28 06:24:10] CommonAction.INFO: ======= END Common Action (getAllSideBarMenu) ================  
[2023-06-28 06:26:48] CommonAction.INFO: ======= Start Common Action (getAllSideBarMenu) ================  
[2023-06-28 06:26:48] CommonAction.INFO: method : GET  
[2023-06-28 06:26:48] CommonAction.INFO: contentType : application/json  
[2023-06-28 06:26:48] CommonAction.INFO: Input Data : {"decoded":{"sub":"1","id":"1","userName":"super admin","userGroup":"1","email":"superadmin@msense.in","hotelId":"4","brandId":"7","iat":1687933043,"exp":1688019443}}  
[2023-06-28 06:26:48] CommonAction.INFO: ======= END Common Action (getAllSideBarMenu) ================  
[2023-06-28 06:29:15] CommonAction.INFO: ======= Start Common Action (getAllSideBarMenu) ================  
[2023-06-28 06:29:15] CommonAction.INFO: method : GET  
[2023-06-28 06:29:15] CommonAction.INFO: contentType : application/json  
[2023-06-28 06:29:15] CommonAction.INFO: Input Data : {"decoded":{"sub":"1","id":"1","userName":"super admin","userGroup":"1","email":"superadmin@msense.in","hotelId":"4","brandId":"7","iat":1687933043,"exp":1688019443}}  
[2023-06-28 06:29:15] CommonAction.INFO: ======= END Common Action (getAllSideBarMenu) ================  
[2023-06-28 06:29:58] CommonAction.INFO: ======= Start Common Action (getAllSideBarMenu) ================  
[2023-06-28 06:29:58] CommonAction.INFO: method : GET  
[2023-06-28 06:29:58] CommonAction.INFO: contentType : application/json  
[2023-06-28 06:29:58] CommonAction.INFO: Input Data : {"decoded":{"sub":"1","id":"1","userName":"super admin","userGroup":"1","email":"superadmin@msense.in","hotelId":"4","brandId":"7","iat":1687933043,"exp":1688019443}}  
[2023-06-28 06:29:58] CommonAction.INFO: ======= END Common Action (getAllSideBarMenu) ================  
[2023-06-28 06:30:23] CommonAction.INFO: ======= Start Common Action (getAllSideBarMenu) ================  
[2023-06-28 06:30:23] CommonAction.INFO: method : GET  
[2023-06-28 06:30:23] CommonAction.INFO: contentType : application/json  
[2023-06-28 06:30:23] CommonAction.INFO: Input Data : {"decoded":{"sub":"1","id":"1","userName":"super admin","userGroup":"1","email":"superadmin@msense.in","hotelId":"4","brandId":"7","iat":1687933043,"exp":1688019443}}  
[2023-06-28 06:30:23] CommonAction.INFO: ======= END Common Action (getAllSideBarMenu) ================  
[2023-06-28 06:33:32] CommonAction.INFO: ======= Start Common Action (getAllSideBarMenu) ================  
[2023-06-28 06:33:32] CommonAction.INFO: method : GET  
[2023-06-28 06:33:32] CommonAction.INFO: contentType : application/json  
[2023-06-28 06:33:32] CommonAction.INFO: Input Data : {"decoded":{"sub":"1","id":"1","userName":"super admin","userGroup":"1","email":"superadmin@msense.in","hotelId":"4","brandId":"7","iat":1687933043,"exp":1688019443}}  
[2023-06-28 06:33:32] CommonAction.INFO: ======= END Common Action (getAllSideBarMenu) ================  
[2023-06-28 06:35:00] CommonAction.INFO: ======= Start Common Action (getAllSideBarMenu) ================  
[2023-06-28 06:35:00] CommonAction.INFO: method : GET  
[2023-06-28 06:35:00] CommonAction.INFO: contentType : application/json  
[2023-06-28 06:35:00] CommonAction.INFO: Input Data : {"decoded":{"sub":"1","id":"1","userName":"super admin","userGroup":"1","email":"superadmin@msense.in","hotelId":"4","brandId":"7","iat":1687933043,"exp":1688019443}}  
[2023-06-28 06:35:00] CommonAction.INFO: ======= END Common Action (getAllSideBarMenu) ================  
[2023-06-28 06:42:15] CommonAction.INFO: ======= Start Common Action (getAllSideBarMenu) ================  
[2023-06-28 06:42:15] CommonAction.INFO: method : GET  
[2023-06-28 06:42:15] CommonAction.INFO: contentType : application/json  
[2023-06-28 06:42:15] CommonAction.INFO: Input Data : {"decoded":{"sub":"1","id":"1","userName":"super admin","userGroup":"1","email":"superadmin@msense.in","hotelId":"4","brandId":"7","iat":1687933043,"exp":1688019443}}  
[2023-06-28 06:42:15] CommonAction.INFO: ======= END Common Action (getAllSideBarMenu) ================  
[2023-06-28 06:43:45] CommonAction.INFO: ======= Start Common Action (getAllSideBarMenu) ================  
[2023-06-28 06:43:45] CommonAction.INFO: method : GET  
[2023-06-28 06:43:45] CommonAction.INFO: contentType : application/json  
[2023-06-28 06:43:45] CommonAction.INFO: Input Data : {"decoded":{"sub":"1","id":"1","userName":"super admin","userGroup":"1","email":"superadmin@msense.in","hotelId":"4","brandId":"7","iat":1687933043,"exp":1688019443}}  
[2023-06-28 06:43:45] CommonAction.INFO: ======= END Common Action (getAllSideBarMenu) ================  
[2023-06-28 06:48:36] CommonAction.INFO: ======= Start Common Action (getAllSideBarMenu) ================  
[2023-06-28 06:48:36] CommonAction.INFO: method : GET  
[2023-06-28 06:48:36] CommonAction.INFO: contentType : application/json  
[2023-06-28 06:48:36] CommonAction.INFO: Input Data : {"decoded":{"sub":"1","id":"1","userName":"super admin","userGroup":"1","email":"superadmin@msense.in","hotelId":"4","brandId":"7","iat":1687933043,"exp":1688019443}}  
[2023-06-28 06:48:36] CommonAction.INFO: ======= END Common Action (getAllSideBarMenu) ================  
[2023-06-28 06:49:09] CommonAction.INFO: ======= Start Common Action (getAllSideBarMenu) ================  
[2023-06-28 06:49:09] CommonAction.INFO: method : GET  
[2023-06-28 06:49:09] CommonAction.INFO: contentType : application/json  
[2023-06-28 06:49:09] CommonAction.INFO: Input Data : {"decoded":{"sub":"1","id":"1","userName":"super admin","userGroup":"1","email":"superadmin@msense.in","hotelId":"4","brandId":"7","iat":1687934949,"exp":1688021349}}  
[2023-06-28 06:49:09] CommonAction.INFO: ======= END Common Action (getAllSideBarMenu) ================  
[2023-06-28 06:50:30] CommonAction.INFO: ======= Start Common Action (getAllSideBarMenu) ================  
[2023-06-28 06:50:30] CommonAction.INFO: method : GET  
[2023-06-28 06:50:30] CommonAction.INFO: contentType : application/json  
[2023-06-28 06:50:30] CommonAction.INFO: Input Data : {"decoded":{"sub":"1","id":"1","userName":"super admin","userGroup":"1","email":"superadmin@msense.in","hotelId":"4","brandId":"7","iat":1687933043,"exp":1688019443}}  
[2023-06-28 06:50:30] CommonAction.INFO: ======= END Common Action (getAllSideBarMenu) ================  
[2023-06-28 06:52:42] CommonAction.INFO: ======= Start Common Action (getAllSideBarMenu) ================  
[2023-06-28 06:52:42] CommonAction.INFO: method : GET  
[2023-06-28 06:52:42] CommonAction.INFO: contentType : application/json  
[2023-06-28 06:52:42] CommonAction.INFO: Input Data : {"decoded":{"sub":"1","id":"1","userName":"super admin","userGroup":"1","email":"superadmin@msense.in","hotelId":"4","brandId":"7","iat":1687933043,"exp":1688019443}}  
[2023-06-28 06:52:42] CommonAction.INFO: ======= END Common Action (getAllSideBarMenu) ================  
[2023-06-28 06:53:23] CommonAction.INFO: ======= Start Common Action (getAllSideBarMenu) ================  
[2023-06-28 06:53:23] CommonAction.INFO: method : GET  
[2023-06-28 06:53:23] CommonAction.INFO: contentType : application/json  
[2023-06-28 06:53:23] CommonAction.INFO: Input Data : {"decoded":{"sub":"1","id":"1","userName":"super admin","userGroup":"1","email":"superadmin@msense.in","hotelId":"4","brandId":"7","iat":1687934949,"exp":1688021349}}  
[2023-06-28 06:53:23] CommonAction.INFO: ======= END Common Action (getAllSideBarMenu) ================  
[2023-06-28 06:53:25] CommonAction.INFO: ======= Start Common Action (getAllSideBarMenu) ================  
[2023-06-28 06:53:25] CommonAction.INFO: method : GET  
[2023-06-28 06:53:25] CommonAction.INFO: contentType : application/json  
[2023-06-28 06:53:25] CommonAction.INFO: Input Data : {"decoded":{"sub":"1","id":"1","userName":"super admin","userGroup":"1","email":"superadmin@msense.in","hotelId":"4","brandId":"7","iat":1687934949,"exp":1688021349}}  
[2023-06-28 06:53:25] CommonAction.INFO: ======= END Common Action (getAllSideBarMenu) ================  
[2023-06-28 06:53:37] CommonAction.INFO: ======= Start Common Action (getAllSideBarMenu) ================  
[2023-06-28 06:53:37] CommonAction.INFO: method : GET  
[2023-06-28 06:53:37] CommonAction.INFO: contentType : application/json  
[2023-06-28 06:53:37] CommonAction.INFO: Input Data : {"decoded":{"sub":"1","id":"1","userName":"super admin","userGroup":"1","email":"superadmin@msense.in","hotelId":"4","brandId":"7","iat":1687934949,"exp":1688021349}}  
[2023-06-28 06:53:37] CommonAction.INFO: ======= END Common Action (getAllSideBarMenu) ================  
[2023-06-28 06:53:41] CommonAction.INFO: ======= Start Common Action (getAllSideBarMenu) ================  
[2023-06-28 06:53:41] CommonAction.INFO: method : GET  
[2023-06-28 06:53:41] CommonAction.INFO: contentType : application/json  
[2023-06-28 06:53:41] CommonAction.INFO: Input Data : {"decoded":{"sub":"1","id":"1","userName":"super admin","userGroup":"1","email":"superadmin@msense.in","hotelId":"4","brandId":"7","iat":1687934949,"exp":1688021349}}  
[2023-06-28 06:53:41] CommonAction.INFO: ======= END Common Action (getAllSideBarMenu) ================  
[2023-06-28 06:54:32] CommonAction.INFO: ======= Start Common Action (getAllSideBarMenu) ================  
[2023-06-28 06:54:32] CommonAction.INFO: method : GET  
[2023-06-28 06:54:32] CommonAction.INFO: contentType : application/json  
[2023-06-28 06:54:32] CommonAction.INFO: Input Data : {"decoded":{"sub":"1","id":"1","userName":"super admin","userGroup":"1","email":"superadmin@msense.in","hotelId":"4","brandId":"7","iat":1687933043,"exp":1688019443}}  
[2023-06-28 06:54:32] CommonAction.INFO: ======= END Common Action (getAllSideBarMenu) ================  
[2023-06-28 06:58:41] CommonAction.INFO: ======= Start Common Action (getAllSideBarMenu) ================  
[2023-06-28 06:58:41] CommonAction.INFO: method : GET  
[2023-06-28 06:58:41] CommonAction.INFO: contentType : application/json  
[2023-06-28 06:58:41] CommonAction.INFO: Input Data : {"decoded":{"sub":"1","id":"1","userName":"super admin","userGroup":"1","email":"superadmin@msense.in","hotelId":"4","brandId":"7","iat":1687933043,"exp":1688019443}}  
[2023-06-28 06:58:41] CommonAction.INFO: ======= END Common Action (getAllSideBarMenu) ================  
[2023-06-28 07:00:09] CommonAction.INFO: ======= Start Common Action (getAllSideBarMenu) ================  
[2023-06-28 07:00:09] CommonAction.INFO: method : GET  
[2023-06-28 07:00:09] CommonAction.INFO: contentType : application/json  
[2023-06-28 07:00:09] CommonAction.INFO: Input Data : {"decoded":{"sub":"1","id":"1","userName":"super admin","userGroup":"1","email":"superadmin@msense.in","hotelId":"4","brandId":"7","iat":1687933043,"exp":1688019443}}  
[2023-06-28 07:00:09] CommonAction.INFO: ======= END Common Action (getAllSideBarMenu) ================  
[2023-06-28 07:00:36] CommonAction.INFO: ======= Start Common Action (getAllSideBarMenu) ================  
[2023-06-28 07:00:36] CommonAction.INFO: method : GET  
[2023-06-28 07:00:36] CommonAction.INFO: contentType : application/json  
[2023-06-28 07:00:36] CommonAction.INFO: Input Data : {"decoded":{"sub":"1","id":"1","userName":"super admin","userGroup":"1","email":"superadmin@msense.in","hotelId":"4","brandId":"7","iat":1687934949,"exp":1688021349}}  
[2023-06-28 07:00:36] CommonAction.INFO: ======= END Common Action (getAllSideBarMenu) ================  
[2023-06-28 07:03:28] CommonAction.INFO: ======= Start Common Action (getAllSideBarMenu) ================  
[2023-06-28 07:03:29] CommonAction.INFO: method : GET  
[2023-06-28 07:03:29] CommonAction.INFO: contentType : application/json  
[2023-06-28 07:03:29] CommonAction.INFO: Input Data : {"decoded":{"sub":"1","id":"1","userName":"super admin","userGroup":"1","email":"superadmin@msense.in","hotelId":"4","brandId":"7","iat":1687933043,"exp":1688019443}}  
[2023-06-28 07:03:29] CommonAction.INFO: ======= END Common Action (getAllSideBarMenu) ================  
[2023-06-28 07:08:02] CommonAction.INFO: ======= Start Common Action (getAllSideBarMenu) ================  
[2023-06-28 07:08:02] CommonAction.INFO: method : GET  
[2023-06-28 07:08:02] CommonAction.INFO: contentType : application/json  
[2023-06-28 07:08:02] CommonAction.INFO: Input Data : {"decoded":{"sub":"1","id":"1","userName":"super admin","userGroup":"1","email":"superadmin@msense.in","hotelId":"4","brandId":"7","iat":1687933043,"exp":1688019443}}  
[2023-06-28 07:08:02] CommonAction.INFO: ======= END Common Action (getAllSideBarMenu) ================  
[2023-06-28 07:12:27] CommonAction.INFO: ======= Start Common Action (getAllSideBarMenu) ================  
[2023-06-28 07:12:27] CommonAction.INFO: method : GET  
[2023-06-28 07:12:27] CommonAction.INFO: contentType : application/json  
[2023-06-28 07:12:27] CommonAction.INFO: Input Data : {"decoded":{"sub":"1","id":"1","userName":"super admin","userGroup":"1","email":"superadmin@msense.in","hotelId":"4","brandId":"7","iat":1687933043,"exp":1688019443}}  
[2023-06-28 07:12:27] CommonAction.INFO: ======= END Common Action (getAllSideBarMenu) ================  
[2023-06-28 07:13:29] CommonAction.INFO: ======= Start Common Action (getAllSideBarMenu) ================  
[2023-06-28 07:13:29] CommonAction.INFO: method : GET  
[2023-06-28 07:13:29] CommonAction.INFO: contentType : application/json  
[2023-06-28 07:13:29] CommonAction.INFO: Input Data : {"decoded":{"sub":"1","id":"1","userName":"super admin","userGroup":"1","email":"superadmin@msense.in","hotelId":"4","brandId":"7","iat":1687933043,"exp":1688019443}}  
[2023-06-28 07:13:29] CommonAction.INFO: ======= END Common Action (getAllSideBarMenu) ================  
[2023-06-28 07:16:16] CommonAction.INFO: ======= Start Common Action (getAllSideBarMenu) ================  
[2023-06-28 07:16:16] CommonAction.INFO: method : GET  
[2023-06-28 07:16:16] CommonAction.INFO: contentType : application/json  
[2023-06-28 07:16:16] CommonAction.INFO: Input Data : {"decoded":{"sub":"1","id":"1","userName":"super admin","userGroup":"1","email":"superadmin@msense.in","hotelId":"4","brandId":"7","iat":1687933043,"exp":1688019443}}  
[2023-06-28 07:16:16] CommonAction.INFO: ======= END Common Action (getAllSideBarMenu) ================  
[2023-06-28 07:23:39] CommonAction.INFO: ======= Start Common Action (getAllSideBarMenu) ================  
[2023-06-28 07:23:39] CommonAction.INFO: method : GET  
[2023-06-28 07:23:39] CommonAction.INFO: contentType : application/json  
[2023-06-28 07:23:39] CommonAction.INFO: Input Data : {"decoded":{"sub":"1","id":"1","userName":"super admin","userGroup":"1","email":"superadmin@msense.in","hotelId":"4","brandId":"7","iat":1687933043,"exp":1688019443}}  
[2023-06-28 07:23:40] CommonAction.INFO: ======= END Common Action (getAllSideBarMenu) ================  
[2023-06-28 07:26:16] CommonAction.INFO: ======= Start Common Action (getAllSideBarMenu) ================  
[2023-06-28 07:26:16] CommonAction.INFO: method : GET  
[2023-06-28 07:26:16] CommonAction.INFO: contentType : application/json  
[2023-06-28 07:26:16] CommonAction.INFO: Input Data : {"decoded":{"sub":"1","id":"1","userName":"super admin","userGroup":"1","email":"superadmin@msense.in","hotelId":"4","brandId":"7","iat":1687933043,"exp":1688019443}}  
[2023-06-28 07:26:16] CommonAction.INFO: ======= END Common Action (getAllSideBarMenu) ================  
[2023-06-28 07:29:34] CommonAction.INFO: ======= Start Common Action (getAllSideBarMenu) ================  
[2023-06-28 07:29:34] CommonAction.INFO: method : GET  
[2023-06-28 07:29:34] CommonAction.INFO: contentType : application/json  
[2023-06-28 07:29:34] CommonAction.INFO: Input Data : {"decoded":{"sub":"1","id":"1","userName":"super admin","userGroup":"1","email":"superadmin@msense.in","hotelId":"4","brandId":"7","iat":1687933043,"exp":1688019443}}  
[2023-06-28 07:29:34] CommonAction.INFO: ======= END Common Action (getAllSideBarMenu) ================  
[2023-06-28 07:32:56] CommonAction.INFO: ======= Start Common Action (getAllSideBarMenu) ================  
[2023-06-28 07:32:56] CommonAction.INFO: method : GET  
[2023-06-28 07:32:56] CommonAction.INFO: contentType : application/json  
[2023-06-28 07:32:56] CommonAction.INFO: Input Data : {"decoded":{"sub":"1","id":"1","userName":"super admin","userGroup":"1","email":"superadmin@msense.in","hotelId":"4","brandId":"7","iat":1687933043,"exp":1688019443}}  
[2023-06-28 07:32:56] CommonAction.INFO: ======= END Common Action (getAllSideBarMenu) ================  
[2023-06-28 08:37:51] CommonAction.INFO: ======= Start Common Action (getAllSideBarMenu) ================  
[2023-06-28 08:37:51] CommonAction.INFO: method : GET  
[2023-06-28 08:37:51] CommonAction.INFO: contentType : application/json  
[2023-06-28 08:37:51] CommonAction.INFO: Input Data : {"decoded":{"sub":"1","id":"1","userName":"super admin","userGroup":"1","email":"superadmin@msense.in","hotelId":"4","brandId":"7","iat":1687941471,"exp":1688027871}}  
[2023-06-28 08:37:51] CommonAction.INFO: ======= END Common Action (getAllSideBarMenu) ================  
[2023-06-28 08:37:56] CommonAction.INFO: ======= Start Common Action (getAllSideBarMenu) ================  
[2023-06-28 08:37:56] CommonAction.INFO: method : GET  
[2023-06-28 08:37:56] CommonAction.INFO: contentType : application/json  
[2023-06-28 08:37:56] CommonAction.INFO: Input Data : {"decoded":{"sub":"1","id":"1","userName":"super admin","userGroup":"1","email":"superadmin@msense.in","hotelId":"4","brandId":"7","iat":1687941471,"exp":1688027871}}  
[2023-06-28 08:37:56] CommonAction.INFO: ======= END Common Action (getAllSideBarMenu) ================  
[2023-06-28 08:37:58] CommonAction.INFO: ======= Start Common Action (getAllSideBarMenu) ================  
[2023-06-28 08:37:58] CommonAction.INFO: method : GET  
[2023-06-28 08:37:58] CommonAction.INFO: contentType : application/json  
[2023-06-28 08:37:58] CommonAction.INFO: Input Data : {"decoded":{"sub":"1","id":"1","userName":"super admin","userGroup":"1","email":"superadmin@msense.in","hotelId":"4","brandId":"7","iat":1687941471,"exp":1688027871}}  
[2023-06-28 08:37:58] CommonAction.INFO: ======= END Common Action (getAllSideBarMenu) ================  
[2023-06-28 08:43:00] CommonAction.INFO: ======= Start Common Action (getAllSideBarMenu) ================  
[2023-06-28 08:43:00] CommonAction.INFO: method : GET  
[2023-06-28 08:43:00] CommonAction.INFO: contentType : application/json  
[2023-06-28 08:43:00] CommonAction.INFO: Input Data : {"decoded":{"sub":"1","id":"1","userName":"super admin","userGroup":"1","email":"superadmin@msense.in","hotelId":"4","brandId":"7","iat":1687941471,"exp":1688027871}}  
[2023-06-28 08:43:00] CommonAction.INFO: ======= END Common Action (getAllSideBarMenu) ================  
[2023-06-28 08:44:09] CommonAction.INFO: ======= Start Common Action (getAllSideBarMenu) ================  
[2023-06-28 08:44:09] CommonAction.INFO: method : GET  
[2023-06-28 08:44:09] CommonAction.INFO: contentType : application/json  
[2023-06-28 08:44:09] CommonAction.INFO: Input Data : {"decoded":{"sub":"1","id":"1","userName":"super admin","userGroup":"1","email":"superadmin@msense.in","hotelId":"4","brandId":"7","iat":1687941471,"exp":1688027871}}  
[2023-06-28 08:44:09] CommonAction.INFO: ======= END Common Action (getAllSideBarMenu) ================  
[2023-06-28 08:46:30] CommonAction.INFO: ======= Start Common Action (getAllSideBarMenu) ================  
[2023-06-28 08:46:30] CommonAction.INFO: method : GET  
[2023-06-28 08:46:30] CommonAction.INFO: contentType : application/json  
[2023-06-28 08:46:30] CommonAction.INFO: Input Data : {"decoded":{"sub":"1","id":"1","userName":"super admin","userGroup":"1","email":"superadmin@msense.in","hotelId":"4","brandId":"7","iat":1687941471,"exp":1688027871}}  
[2023-06-28 08:46:30] CommonAction.INFO: ======= END Common Action (getAllSideBarMenu) ================  
[2023-06-28 08:46:35] CommonAction.INFO: ======= Start Common Action (getAllSideBarMenu) ================  
[2023-06-28 08:46:35] CommonAction.INFO: method : GET  
[2023-06-28 08:46:35] CommonAction.INFO: contentType : application/json  
[2023-06-28 08:46:35] CommonAction.INFO: Input Data : {"decoded":{"sub":"1","id":"1","userName":"super admin","userGroup":"1","email":"superadmin@msense.in","hotelId":"4","brandId":"7","iat":1687941471,"exp":1688027871}}  
[2023-06-28 08:46:35] CommonAction.INFO: ======= END Common Action (getAllSideBarMenu) ================  
[2023-06-28 08:54:48] CommonAction.INFO: ======= Start Common Action (getAllSideBarMenu) ================  
[2023-06-28 08:54:48] CommonAction.INFO: method : GET  
[2023-06-28 08:54:48] CommonAction.INFO: contentType : application/json  
[2023-06-28 08:54:48] CommonAction.INFO: Input Data : {"decoded":{"sub":"1","id":"1","userName":"super admin","userGroup":"1","email":"superadmin@msense.in","hotelId":"4","brandId":"7","iat":1687941471,"exp":1688027871}}  
[2023-06-28 08:54:48] CommonAction.INFO: ======= END Common Action (getAllSideBarMenu) ================  
[2023-06-28 08:59:46] CommonAction.INFO: ======= Start Common Action (getAllSideBarMenu) ================  
[2023-06-28 08:59:46] CommonAction.INFO: method : GET  
[2023-06-28 08:59:46] CommonAction.INFO: contentType : application/json  
[2023-06-28 08:59:46] CommonAction.INFO: Input Data : {"decoded":{"sub":"1","id":"1","userName":"super admin","userGroup":"1","email":"superadmin@msense.in","hotelId":"4","brandId":"7","iat":1687941471,"exp":1688027871}}  
[2023-06-28 08:59:46] CommonAction.INFO: ======= END Common Action (getAllSideBarMenu) ================  
[2023-06-28 09:02:21] CommonAction.INFO: ======= Start Common Action (getAllSideBarMenu) ================  
[2023-06-28 09:02:21] CommonAction.INFO: method : GET  
[2023-06-28 09:02:21] CommonAction.INFO: contentType : application/json  
[2023-06-28 09:02:21] CommonAction.INFO: Input Data : {"decoded":{"sub":"1","id":"1","userName":"super admin","userGroup":"1","email":"superadmin@msense.in","hotelId":"4","brandId":"7","iat":1687941471,"exp":1688027871}}  
[2023-06-28 09:02:21] CommonAction.INFO: ======= END Common Action (getAllSideBarMenu) ================  
[2023-06-28 09:02:29] CommonAction.INFO: ======= Start Common Action (getAllSideBarMenu) ================  
[2023-06-28 09:02:29] CommonAction.INFO: method : GET  
[2023-06-28 09:02:29] CommonAction.INFO: contentType : application/json  
[2023-06-28 09:02:29] CommonAction.INFO: Input Data : {"decoded":{"sub":"1","id":"1","userName":"super admin","userGroup":"1","email":"superadmin@msense.in","hotelId":"4","brandId":"7","iat":1687941471,"exp":1688027871}}  
[2023-06-28 09:02:29] CommonAction.INFO: ======= END Common Action (getAllSideBarMenu) ================  
[2023-06-28 09:07:57] CommonAction.INFO: ======= Start Common Action (getAllSideBarMenu) ================  
[2023-06-28 09:07:57] CommonAction.INFO: method : GET  
[2023-06-28 09:07:57] CommonAction.INFO: contentType : application/json  
[2023-06-28 09:07:57] CommonAction.INFO: Input Data : {"decoded":{"sub":"1","id":"1","userName":"super admin","userGroup":"1","email":"superadmin@msense.in","hotelId":"4","brandId":"7","iat":1687941471,"exp":1688027871}}  
[2023-06-28 09:07:57] CommonAction.INFO: ======= END Common Action (getAllSideBarMenu) ================  
[2023-06-28 09:08:49] CommonAction.INFO: ======= Start Common Action (getAllSideBarMenu) ================  
[2023-06-28 09:08:49] CommonAction.INFO: method : GET  
[2023-06-28 09:08:49] CommonAction.INFO: contentType : application/json  
[2023-06-28 09:08:49] CommonAction.INFO: Input Data : {"decoded":{"sub":"1","id":"1","userName":"super admin","userGroup":"1","email":"superadmin@msense.in","hotelId":"4","brandId":"7","iat":1687941471,"exp":1688027871}}  
[2023-06-28 09:08:49] CommonAction.INFO: ======= END Common Action (getAllSideBarMenu) ================  
[2023-06-28 09:10:20] CommonAction.INFO: ======= Start Common Action (getAllSideBarMenu) ================  
[2023-06-28 09:10:20] CommonAction.INFO: method : GET  
[2023-06-28 09:10:20] CommonAction.INFO: contentType : application/json  
[2023-06-28 09:10:20] CommonAction.INFO: Input Data : {"decoded":{"sub":"1","id":"1","userName":"super admin","userGroup":"1","email":"superadmin@msense.in","hotelId":"4","brandId":"7","iat":1687941471,"exp":1688027871}}  
[2023-06-28 09:10:20] CommonAction.INFO: ======= END Common Action (getAllSideBarMenu) ================  
[2023-06-28 09:11:27] CommonAction.INFO: ======= Start Common Action (getAllSideBarMenu) ================  
[2023-06-28 09:11:27] CommonAction.INFO: method : GET  
[2023-06-28 09:11:27] CommonAction.INFO: contentType : application/json  
[2023-06-28 09:11:27] CommonAction.INFO: Input Data : {"decoded":{"sub":"1","id":"1","userName":"super admin","userGroup":"1","email":"superadmin@msense.in","hotelId":"4","brandId":"7","iat":1687941471,"exp":1688027871}}  
[2023-06-28 09:11:27] CommonAction.INFO: ======= END Common Action (getAllSideBarMenu) ================  
[2023-06-28 09:11:54] CommonAction.INFO: ======= Start Common Action (getAllSideBarMenu) ================  
[2023-06-28 09:11:54] CommonAction.INFO: method : GET  
[2023-06-28 09:11:54] CommonAction.INFO: contentType : application/json  
[2023-06-28 09:11:54] CommonAction.INFO: Input Data : {"decoded":{"sub":"1","id":"1","userName":"super admin","userGroup":"1","email":"superadmin@msense.in","hotelId":"4","brandId":"7","iat":1687941471,"exp":1688027871}}  
[2023-06-28 09:11:54] CommonAction.INFO: ======= END Common Action (getAllSideBarMenu) ================  
[2023-06-28 09:17:22] CommonAction.INFO: ======= Start Common Action (getAllSideBarMenu) ================  
[2023-06-28 09:17:22] CommonAction.INFO: method : GET  
[2023-06-28 09:17:22] CommonAction.INFO: contentType : application/json  
[2023-06-28 09:17:22] CommonAction.INFO: Input Data : {"decoded":{"sub":"1","id":"1","userName":"super admin","userGroup":"1","email":"superadmin@msense.in","hotelId":"4","brandId":"7","iat":1687941471,"exp":1688027871}}  
[2023-06-28 09:17:22] CommonAction.INFO: ======= END Common Action (getAllSideBarMenu) ================  
[2023-06-28 09:18:28] CommonAction.INFO: ======= Start Common Action (getAllSideBarMenu) ================  
[2023-06-28 09:18:28] CommonAction.INFO: method : GET  
[2023-06-28 09:18:28] CommonAction.INFO: contentType : application/json  
[2023-06-28 09:18:28] CommonAction.INFO: Input Data : {"decoded":{"sub":"1","id":"1","userName":"super admin","userGroup":"1","email":"superadmin@msense.in","hotelId":"4","brandId":"7","iat":1687941471,"exp":1688027871}}  
[2023-06-28 09:18:28] CommonAction.INFO: ======= END Common Action (getAllSideBarMenu) ================  
[2023-06-28 09:19:16] CommonAction.INFO: ======= Start Common Action (getAllSideBarMenu) ================  
[2023-06-28 09:19:16] CommonAction.INFO: method : GET  
[2023-06-28 09:19:16] CommonAction.INFO: contentType : application/json  
[2023-06-28 09:19:16] CommonAction.INFO: Input Data : {"decoded":{"sub":"1","id":"1","userName":"super admin","userGroup":"1","email":"superadmin@msense.in","hotelId":"4","brandId":"7","iat":1687941471,"exp":1688027871}}  
[2023-06-28 09:19:16] CommonAction.INFO: ======= END Common Action (getAllSideBarMenu) ================  
[2023-06-28 09:21:04] CommonAction.INFO: ======= Start Common Action (getAllSideBarMenu) ================  
[2023-06-28 09:21:04] CommonAction.INFO: method : GET  
[2023-06-28 09:21:04] CommonAction.INFO: contentType : application/json  
[2023-06-28 09:21:04] CommonAction.INFO: Input Data : {"decoded":{"sub":"1","id":"1","userName":"super admin","userGroup":"1","email":"superadmin@msense.in","hotelId":"4","brandId":"7","iat":1687941471,"exp":1688027871}}  
[2023-06-28 09:21:04] CommonAction.INFO: ======= END Common Action (getAllSideBarMenu) ================  
[2023-06-28 09:22:07] CommonAction.INFO: ======= Start Common Action (getAllSideBarMenu) ================  
[2023-06-28 09:22:07] CommonAction.INFO: method : GET  
[2023-06-28 09:22:07] CommonAction.INFO: contentType : application/json  
[2023-06-28 09:22:07] CommonAction.INFO: Input Data : {"decoded":{"sub":"1","id":"1","userName":"super admin","userGroup":"1","email":"superadmin@msense.in","hotelId":"4","brandId":"7","iat":1687941471,"exp":1688027871}}  
[2023-06-28 09:22:07] CommonAction.INFO: ======= END Common Action (getAllSideBarMenu) ================  
[2023-06-28 09:26:52] CommonAction.INFO: ======= Start Common Action (getAllSideBarMenu) ================  
[2023-06-28 09:26:52] CommonAction.INFO: method : GET  
[2023-06-28 09:26:52] CommonAction.INFO: contentType : application/json  
[2023-06-28 09:26:52] CommonAction.INFO: Input Data : {"decoded":{"sub":"1","id":"1","userName":"super admin","userGroup":"1","email":"superadmin@msense.in","hotelId":"4","brandId":"7","iat":1687941471,"exp":1688027871}}  
[2023-06-28 09:26:52] CommonAction.INFO: ======= END Common Action (getAllSideBarMenu) ================  
[2023-06-28 09:27:09] CommonAction.INFO: ======= Start Common Action (getAllSideBarMenu) ================  
[2023-06-28 09:27:09] CommonAction.INFO: method : GET  
[2023-06-28 09:27:09] CommonAction.INFO: contentType : application/json  
[2023-06-28 09:27:09] CommonAction.INFO: Input Data : {"decoded":{"sub":"1","id":"1","userName":"super admin","userGroup":"1","email":"superadmin@msense.in","hotelId":"4","brandId":"7","iat":1687941471,"exp":1688027871}}  
[2023-06-28 09:27:09] CommonAction.INFO: ======= END Common Action (getAllSideBarMenu) ================  
[2023-06-28 09:30:10] CommonAction.INFO: ======= Start Common Action (getAllSideBarMenu) ================  
[2023-06-28 09:30:10] CommonAction.INFO: method : GET  
[2023-06-28 09:30:10] CommonAction.INFO: contentType : application/json  
[2023-06-28 09:30:10] CommonAction.INFO: Input Data : {"decoded":{"sub":"1","id":"1","userName":"super admin","userGroup":"1","email":"superadmin@msense.in","hotelId":"4","brandId":"7","iat":1687941471,"exp":1688027871}}  
[2023-06-28 09:30:10] CommonAction.INFO: ======= END Common Action (getAllSideBarMenu) ================  
[2023-06-28 09:33:52] CommonAction.INFO: ======= Start Common Action (getAllSideBarMenu) ================  
[2023-06-28 09:33:52] CommonAction.INFO: method : GET  
[2023-06-28 09:33:52] CommonAction.INFO: contentType : application/json  
[2023-06-28 09:33:52] CommonAction.INFO: Input Data : {"decoded":{"sub":"1","id":"1","userName":"super admin","userGroup":"1","email":"superadmin@msense.in","hotelId":"4","brandId":"7","iat":1687941471,"exp":1688027871}}  
[2023-06-28 09:33:52] CommonAction.INFO: ======= END Common Action (getAllSideBarMenu) ================  
[2023-06-28 09:33:57] CommonAction.INFO: ======= Start Common Action (getAllSideBarMenu) ================  
[2023-06-28 09:33:57] CommonAction.INFO: method : GET  
[2023-06-28 09:33:57] CommonAction.INFO: contentType : application/json  
[2023-06-28 09:33:57] CommonAction.INFO: Input Data : {"decoded":{"sub":"1","id":"1","userName":"super admin","userGroup":"1","email":"superadmin@msense.in","hotelId":"4","brandId":"7","iat":1687941471,"exp":1688027871}}  
[2023-06-28 09:33:57] CommonAction.INFO: ======= END Common Action (getAllSideBarMenu) ================  
[2023-06-28 09:35:59] CommonAction.INFO: ======= Start Common Action (getAllSideBarMenu) ================  
[2023-06-28 09:35:59] CommonAction.INFO: method : GET  
[2023-06-28 09:35:59] CommonAction.INFO: contentType : application/json  
[2023-06-28 09:35:59] CommonAction.INFO: Input Data : {"decoded":{"sub":"1","id":"1","userName":"super admin","userGroup":"1","email":"superadmin@msense.in","hotelId":"4","brandId":"7","iat":1687941471,"exp":1688027871}}  
[2023-06-28 09:35:59] CommonAction.INFO: ======= END Common Action (getAllSideBarMenu) ================  
[2023-06-28 09:43:42] CommonAction.INFO: ======= Start Common Action (getAllSideBarMenu) ================  
[2023-06-28 09:43:42] CommonAction.INFO: method : GET  
[2023-06-28 09:43:42] CommonAction.INFO: contentType : application/json  
[2023-06-28 09:43:42] CommonAction.INFO: Input Data : {"decoded":{"sub":"1","id":"1","userName":"super admin","userGroup":"1","email":"superadmin@msense.in","hotelId":"4","brandId":"7","iat":1687941471,"exp":1688027871}}  
[2023-06-28 09:43:42] CommonAction.INFO: ======= END Common Action (getAllSideBarMenu) ================  
[2023-06-28 09:44:19] CommonAction.INFO: ======= Start Common Action (getAllSideBarMenu) ================  
[2023-06-28 09:44:19] CommonAction.INFO: method : GET  
[2023-06-28 09:44:19] CommonAction.INFO: contentType : application/json  
[2023-06-28 09:44:19] CommonAction.INFO: Input Data : {"decoded":{"sub":"1","id":"1","userName":"super admin","userGroup":"1","email":"superadmin@msense.in","hotelId":"4","brandId":"7","iat":1687930001,"exp":1688016401}}  
[2023-06-28 09:44:19] CommonAction.INFO: ======= END Common Action (getAllSideBarMenu) ================  
[2023-06-28 09:44:36] CommonAction.INFO: ======= Start Common Action (getAllSideBarMenu) ================  
[2023-06-28 09:44:36] CommonAction.INFO: method : GET  
[2023-06-28 09:44:36] CommonAction.INFO: contentType : application/json  
[2023-06-28 09:44:36] CommonAction.INFO: Input Data : {"decoded":{"sub":"1","id":"1","userName":"super admin","userGroup":"1","email":"superadmin@msense.in","hotelId":"4","brandId":"7","iat":1687930001,"exp":1688016401}}  
[2023-06-28 09:44:36] CommonAction.INFO: ======= END Common Action (getAllSideBarMenu) ================  
[2023-06-28 09:45:21] CommonAction.INFO: ======= Start Common Action (getAllSideBarMenu) ================  
[2023-06-28 09:45:21] CommonAction.INFO: method : GET  
[2023-06-28 09:45:21] CommonAction.INFO: contentType : application/json  
[2023-06-28 09:45:21] CommonAction.INFO: Input Data : {"decoded":{"sub":"1","id":"1","userName":"super admin","userGroup":"1","email":"superadmin@msense.in","hotelId":"4","brandId":"7","iat":1687941471,"exp":1688027871}}  
[2023-06-28 09:45:21] CommonAction.INFO: ======= END Common Action (getAllSideBarMenu) ================  
[2023-06-28 09:47:36] CommonAction.INFO: ======= Start Common Action (getAllSideBarMenu) ================  
[2023-06-28 09:47:36] CommonAction.INFO: method : GET  
[2023-06-28 09:47:36] CommonAction.INFO: contentType : application/json  
[2023-06-28 09:47:36] CommonAction.INFO: Input Data : {"decoded":{"sub":"1","id":"1","userName":"super admin","userGroup":"1","email":"superadmin@msense.in","hotelId":"4","brandId":"7","iat":1687941471,"exp":1688027871}}  
[2023-06-28 09:47:36] CommonAction.INFO: ======= END Common Action (getAllSideBarMenu) ================  
[2023-06-28 09:48:00] CommonAction.INFO: ======= Start Common Action (getAllSideBarMenu) ================  
[2023-06-28 09:48:00] CommonAction.INFO: method : GET  
[2023-06-28 09:48:00] CommonAction.INFO: contentType : application/json  
[2023-06-28 09:48:00] CommonAction.INFO: Input Data : {"decoded":{"sub":"1","id":"1","userName":"super admin","userGroup":"1","email":"superadmin@msense.in","hotelId":"4","brandId":"7","iat":1687930001,"exp":1688016401}}  
[2023-06-28 09:48:00] CommonAction.INFO: ======= END Common Action (getAllSideBarMenu) ================  
[2023-06-28 09:49:14] CommonAction.INFO: ======= Start Common Action (getAllSideBarMenu) ================  
[2023-06-28 09:49:14] CommonAction.INFO: method : GET  
[2023-06-28 09:49:14] CommonAction.INFO: contentType : application/json  
[2023-06-28 09:49:14] CommonAction.INFO: Input Data : {"decoded":{"sub":"1","id":"1","userName":"super admin","userGroup":"1","email":"superadmin@msense.in","hotelId":"4","brandId":"7","iat":1687930001,"exp":1688016401}}  
[2023-06-28 09:49:14] CommonAction.INFO: ======= END Common Action (getAllSideBarMenu) ================  
[2023-06-28 09:50:20] CommonAction.INFO: ======= Start Common Action (getAllSideBarMenu) ================  
[2023-06-28 09:50:20] CommonAction.INFO: method : GET  
[2023-06-28 09:50:20] CommonAction.INFO: contentType : application/json  
[2023-06-28 09:50:20] CommonAction.INFO: Input Data : {"decoded":{"sub":"1","id":"1","userName":"super admin","userGroup":"1","email":"superadmin@msense.in","hotelId":"4","brandId":"7","iat":1687930001,"exp":1688016401}}  
[2023-06-28 09:50:20] CommonAction.INFO: ======= END Common Action (getAllSideBarMenu) ================  
[2023-06-28 09:51:36] CommonAction.INFO: ======= Start Common Action (getAllSideBarMenu) ================  
[2023-06-28 09:51:36] CommonAction.INFO: method : GET  
[2023-06-28 09:51:36] CommonAction.INFO: contentType : application/json  
[2023-06-28 09:51:36] CommonAction.INFO: Input Data : {"decoded":{"sub":"1","id":"1","userName":"super admin","userGroup":"1","email":"superadmin@msense.in","hotelId":"4","brandId":"7","iat":1687930001,"exp":1688016401}}  
[2023-06-28 09:51:36] CommonAction.INFO: ======= END Common Action (getAllSideBarMenu) ================  
[2023-06-28 09:58:25] CommonAction.INFO: ======= Start Common Action (getAllSideBarMenu) ================  
[2023-06-28 09:58:25] CommonAction.INFO: method : GET  
[2023-06-28 09:58:25] CommonAction.INFO: contentType : application/json  
[2023-06-28 09:58:25] CommonAction.INFO: Input Data : {"decoded":{"sub":"1","id":"1","userName":"super admin","userGroup":"1","email":"superadmin@msense.in","hotelId":"4","brandId":"7","iat":1687941471,"exp":1688027871}}  
[2023-06-28 09:58:25] CommonAction.INFO: ======= END Common Action (getAllSideBarMenu) ================  
[2023-06-28 09:58:47] CommonAction.INFO: ======= Start Common Action (getAllSideBarMenu) ================  
[2023-06-28 09:58:47] CommonAction.INFO: method : GET  
[2023-06-28 09:58:47] CommonAction.INFO: contentType : application/json  
[2023-06-28 09:58:47] CommonAction.INFO: Input Data : {"decoded":{"sub":"1","id":"1","userName":"super admin","userGroup":"1","email":"superadmin@msense.in","hotelId":"4","brandId":"7","iat":1687941471,"exp":1688027871}}  
[2023-06-28 09:58:47] CommonAction.INFO: ======= END Common Action (getAllSideBarMenu) ================  
[2023-06-28 09:59:00] CommonAction.INFO: ======= Start Common Action (getAllSideBarMenu) ================  
[2023-06-28 09:59:00] CommonAction.INFO: method : GET  
[2023-06-28 09:59:00] CommonAction.INFO: contentType : application/json  
[2023-06-28 09:59:00] CommonAction.INFO: Input Data : {"decoded":{"sub":"1","id":"1","userName":"super admin","userGroup":"1","email":"superadmin@msense.in","hotelId":"4","brandId":"7","iat":1687941471,"exp":1688027871}}  
[2023-06-28 09:59:00] CommonAction.INFO: ======= END Common Action (getAllSideBarMenu) ================  
[2023-06-28 09:59:39] CommonAction.INFO: ======= Start Common Action (getAllSideBarMenu) ================  
[2023-06-28 09:59:39] CommonAction.INFO: method : GET  
[2023-06-28 09:59:39] CommonAction.INFO: contentType : application/json  
[2023-06-28 09:59:39] CommonAction.INFO: Input Data : {"decoded":{"sub":"1","id":"1","userName":"super admin","userGroup":"1","email":"superadmin@msense.in","hotelId":"4","brandId":"7","iat":1687941471,"exp":1688027871}}  
[2023-06-28 09:59:39] CommonAction.INFO: ======= END Common Action (getAllSideBarMenu) ================  
[2023-06-28 10:00:16] CommonAction.INFO: ======= Start Common Action (getAllSideBarMenu) ================  
[2023-06-28 10:00:16] CommonAction.INFO: method : GET  
[2023-06-28 10:00:16] CommonAction.INFO: contentType : application/json  
[2023-06-28 10:00:16] CommonAction.INFO: Input Data : {"decoded":{"sub":"1","id":"1","userName":"super admin","userGroup":"1","email":"superadmin@msense.in","hotelId":"4","brandId":"7","iat":1687941471,"exp":1688027871}}  
[2023-06-28 10:00:16] CommonAction.INFO: ======= END Common Action (getAllSideBarMenu) ================  
[2023-06-28 10:00:19] CommonAction.INFO: ======= Start Common Action (getAllSideBarMenu) ================  
[2023-06-28 10:00:19] CommonAction.INFO: method : GET  
[2023-06-28 10:00:19] CommonAction.INFO: contentType : application/json  
[2023-06-28 10:00:19] CommonAction.INFO: Input Data : {"decoded":{"sub":"1","id":"1","userName":"super admin","userGroup":"1","email":"superadmin@msense.in","hotelId":"4","brandId":"7","iat":1687941471,"exp":1688027871}}  
[2023-06-28 10:00:19] CommonAction.INFO: ======= END Common Action (getAllSideBarMenu) ================  
[2023-06-28 10:01:18] CommonAction.INFO: ======= Start Common Action (getAllSideBarMenu) ================  
[2023-06-28 10:01:18] CommonAction.INFO: method : GET  
[2023-06-28 10:01:18] CommonAction.INFO: contentType : application/json  
[2023-06-28 10:01:18] CommonAction.INFO: Input Data : {"decoded":{"sub":"1","id":"1","userName":"super admin","userGroup":"1","email":"superadmin@msense.in","hotelId":"4","brandId":"7","iat":1687941471,"exp":1688027871}}  
[2023-06-28 10:01:18] CommonAction.INFO: ======= END Common Action (getAllSideBarMenu) ================  
[2023-06-28 10:01:38] CommonAction.INFO: ======= Start Common Action (getAllSideBarMenu) ================  
[2023-06-28 10:01:38] CommonAction.INFO: method : GET  
[2023-06-28 10:01:38] CommonAction.INFO: contentType : application/json  
[2023-06-28 10:01:38] CommonAction.INFO: Input Data : {"decoded":{"sub":"1","id":"1","userName":"super admin","userGroup":"1","email":"superadmin@msense.in","hotelId":"4","brandId":"7","iat":1687941471,"exp":1688027871}}  
[2023-06-28 10:01:38] CommonAction.INFO: ======= END Common Action (getAllSideBarMenu) ================  
[2023-06-28 10:02:49] CommonAction.INFO: ======= Start Common Action (getAllSideBarMenu) ================  
[2023-06-28 10:02:49] CommonAction.INFO: method : GET  
[2023-06-28 10:02:49] CommonAction.INFO: contentType : application/json  
[2023-06-28 10:02:49] CommonAction.INFO: Input Data : {"decoded":{"sub":"1","id":"1","userName":"super admin","userGroup":"1","email":"superadmin@msense.in","hotelId":"4","brandId":"7","iat":1687941471,"exp":1688027871}}  
[2023-06-28 10:02:49] CommonAction.INFO: ======= END Common Action (getAllSideBarMenu) ================  
[2023-06-28 10:03:11] CommonAction.INFO: ======= Start Common Action (getAllSideBarMenu) ================  
[2023-06-28 10:03:11] CommonAction.INFO: method : GET  
[2023-06-28 10:03:11] CommonAction.INFO: contentType : application/json  
[2023-06-28 10:03:11] CommonAction.INFO: Input Data : {"decoded":{"sub":"1","id":"1","userName":"super admin","userGroup":"1","email":"superadmin@msense.in","hotelId":"4","brandId":"7","iat":1687941471,"exp":1688027871}}  
[2023-06-28 10:03:11] CommonAction.INFO: ======= END Common Action (getAllSideBarMenu) ================  
[2023-06-28 10:03:49] CommonAction.INFO: ======= Start Common Action (getAllSideBarMenu) ================  
[2023-06-28 10:03:49] CommonAction.INFO: method : GET  
[2023-06-28 10:03:49] CommonAction.INFO: contentType : application/json  
[2023-06-28 10:03:49] CommonAction.INFO: Input Data : {"decoded":{"sub":"1","id":"1","userName":"super admin","userGroup":"1","email":"superadmin@msense.in","hotelId":"4","brandId":"7","iat":1687941471,"exp":1688027871}}  
[2023-06-28 10:03:49] CommonAction.INFO: ======= END Common Action (getAllSideBarMenu) ================  
[2023-06-28 10:05:55] CommonAction.INFO: ======= Start Common Action (getAllSideBarMenu) ================  
[2023-06-28 10:05:55] CommonAction.INFO: method : GET  
[2023-06-28 10:05:55] CommonAction.INFO: contentType : application/json  
[2023-06-28 10:05:55] CommonAction.INFO: Input Data : {"decoded":{"sub":"1","id":"1","userName":"super admin","userGroup":"1","email":"superadmin@msense.in","hotelId":"4","brandId":"7","iat":1687941471,"exp":1688027871}}  
[2023-06-28 10:05:55] CommonAction.INFO: ======= END Common Action (getAllSideBarMenu) ================  
[2023-06-28 10:07:10] CommonAction.INFO: ======= Start Common Action (getAllSideBarMenu) ================  
[2023-06-28 10:07:10] CommonAction.INFO: method : GET  
[2023-06-28 10:07:10] CommonAction.INFO: contentType : application/json  
[2023-06-28 10:07:10] CommonAction.INFO: Input Data : {"decoded":{"sub":"1","id":"1","userName":"super admin","userGroup":"1","email":"superadmin@msense.in","hotelId":"4","brandId":"7","iat":1687941471,"exp":1688027871}}  
[2023-06-28 10:07:10] CommonAction.INFO: ======= END Common Action (getAllSideBarMenu) ================  
[2023-06-28 10:09:13] CommonAction.INFO: ======= Start Common Action (getAllSideBarMenu) ================  
[2023-06-28 10:09:13] CommonAction.INFO: method : GET  
[2023-06-28 10:09:13] CommonAction.INFO: contentType : application/json  
[2023-06-28 10:09:13] CommonAction.INFO: Input Data : {"decoded":{"sub":"1","id":"1","userName":"super admin","userGroup":"1","email":"superadmin@msense.in","hotelId":"4","brandId":"7","iat":1687941471,"exp":1688027871}}  
[2023-06-28 10:09:13] CommonAction.INFO: ======= END Common Action (getAllSideBarMenu) ================  
[2023-06-28 10:09:17] CommonAction.INFO: ======= Start Common Action (getAllSideBarMenu) ================  
[2023-06-28 10:09:17] CommonAction.INFO: method : GET  
[2023-06-28 10:09:17] CommonAction.INFO: contentType : application/json  
[2023-06-28 10:09:17] CommonAction.INFO: Input Data : {"decoded":{"sub":"1","id":"1","userName":"super admin","userGroup":"1","email":"superadmin@msense.in","hotelId":"4","brandId":"7","iat":1687930001,"exp":1688016401}}  
[2023-06-28 10:09:17] CommonAction.INFO: ======= END Common Action (getAllSideBarMenu) ================  
[2023-06-28 10:09:48] CommonAction.INFO: ======= Start Common Action (getAllSideBarMenu) ================  
[2023-06-28 10:09:48] CommonAction.INFO: method : GET  
[2023-06-28 10:09:48] CommonAction.INFO: contentType : application/json  
[2023-06-28 10:09:48] CommonAction.INFO: Input Data : {"decoded":{"sub":"1","id":"1","userName":"super admin","userGroup":"1","email":"superadmin@msense.in","hotelId":"4","brandId":"7","iat":1687930001,"exp":1688016401}}  
[2023-06-28 10:09:48] CommonAction.INFO: ======= END Common Action (getAllSideBarMenu) ================  
[2023-06-28 10:11:48] CommonAction.INFO: ======= Start Common Action (getAllSideBarMenu) ================  
[2023-06-28 10:11:48] CommonAction.INFO: method : GET  
[2023-06-28 10:11:48] CommonAction.INFO: contentType : application/json  
[2023-06-28 10:11:48] CommonAction.INFO: Input Data : {"decoded":{"sub":"1","id":"1","userName":"super admin","userGroup":"1","email":"superadmin@msense.in","hotelId":"4","brandId":"7","iat":1687941471,"exp":1688027871}}  
[2023-06-28 10:11:48] CommonAction.INFO: ======= END Common Action (getAllSideBarMenu) ================  
[2023-06-28 10:11:58] CommonAction.INFO: ======= Start Common Action (getAllSideBarMenu) ================  
[2023-06-28 10:11:58] CommonAction.INFO: method : GET  
[2023-06-28 10:11:58] CommonAction.INFO: contentType : application/json  
[2023-06-28 10:11:58] CommonAction.INFO: Input Data : {"decoded":{"sub":"1","id":"1","userName":"super admin","userGroup":"1","email":"superadmin@msense.in","hotelId":"4","brandId":"7","iat":1687941471,"exp":1688027871}}  
[2023-06-28 10:11:58] CommonAction.INFO: ======= END Common Action (getAllSideBarMenu) ================  
[2023-06-28 10:12:32] CommonAction.INFO: ======= Start Common Action (getAllSideBarMenu) ================  
[2023-06-28 10:12:32] CommonAction.INFO: method : GET  
[2023-06-28 10:12:32] CommonAction.INFO: contentType : application/json  
[2023-06-28 10:12:32] CommonAction.INFO: Input Data : {"decoded":{"sub":"1","id":"1","userName":"super admin","userGroup":"1","email":"superadmin@msense.in","hotelId":"4","brandId":"7","iat":1687947151,"exp":1688033551}}  
[2023-06-28 10:12:32] CommonAction.INFO: ======= END Common Action (getAllSideBarMenu) ================  
[2023-06-28 10:12:50] CommonAction.INFO: ======= Start Common Action (getAllSideBarMenu) ================  
[2023-06-28 10:12:50] CommonAction.INFO: method : GET  
[2023-06-28 10:12:50] CommonAction.INFO: contentType : application/json  
[2023-06-28 10:12:50] CommonAction.INFO: Input Data : {"decoded":{"sub":"1","id":"1","userName":"super admin","userGroup":"1","email":"superadmin@msense.in","hotelId":"4","brandId":"7","iat":1687947151,"exp":1688033551}}  
[2023-06-28 10:12:50] CommonAction.INFO: ======= END Common Action (getAllSideBarMenu) ================  
[2023-06-28 10:13:00] CommonAction.INFO: ======= Start Common Action (getAllSideBarMenu) ================  
[2023-06-28 10:13:00] CommonAction.INFO: method : GET  
[2023-06-28 10:13:00] CommonAction.INFO: contentType : application/json  
[2023-06-28 10:13:00] CommonAction.INFO: Input Data : {"decoded":{"sub":"1","id":"1","userName":"super admin","userGroup":"1","email":"superadmin@msense.in","hotelId":"4","brandId":"7","iat":1687947151,"exp":1688033551}}  
[2023-06-28 10:13:00] CommonAction.INFO: ======= END Common Action (getAllSideBarMenu) ================  
[2023-06-28 10:13:55] CommonAction.INFO: ======= Start Common Action (getAllSideBarMenu) ================  
[2023-06-28 10:13:55] CommonAction.INFO: method : GET  
[2023-06-28 10:13:55] CommonAction.INFO: contentType : application/json  
[2023-06-28 10:13:55] CommonAction.INFO: Input Data : {"decoded":{"sub":"1","id":"1","userName":"super admin","userGroup":"1","email":"superadmin@msense.in","hotelId":"4","brandId":"7","iat":1687947151,"exp":1688033551}}  
[2023-06-28 10:13:55] CommonAction.INFO: ======= END Common Action (getAllSideBarMenu) ================  
[2023-06-28 10:14:01] CommonAction.INFO: ======= Start Common Action (getAllSideBarMenu) ================  
[2023-06-28 10:14:01] CommonAction.INFO: method : GET  
[2023-06-28 10:14:01] CommonAction.INFO: contentType : application/json  
[2023-06-28 10:14:01] CommonAction.INFO: Input Data : {"decoded":{"sub":"1","id":"1","userName":"super admin","userGroup":"1","email":"superadmin@msense.in","hotelId":"4","brandId":"7","iat":1687947151,"exp":1688033551}}  
[2023-06-28 10:14:01] CommonAction.INFO: ======= END Common Action (getAllSideBarMenu) ================  
[2023-06-28 10:14:28] CommonAction.INFO: ======= Start Common Action (getAllSideBarMenu) ================  
[2023-06-28 10:14:28] CommonAction.INFO: method : GET  
[2023-06-28 10:14:28] CommonAction.INFO: contentType : application/json  
[2023-06-28 10:14:28] CommonAction.INFO: Input Data : {"decoded":{"sub":"1","id":"1","userName":"super admin","userGroup":"1","email":"superadmin@msense.in","hotelId":"4","brandId":"7","iat":1687947151,"exp":1688033551}}  
[2023-06-28 10:14:29] CommonAction.INFO: ======= END Common Action (getAllSideBarMenu) ================  
[2023-06-28 10:15:51] CommonAction.INFO: ======= Start Common Action (getAllSideBarMenu) ================  
[2023-06-28 10:15:51] CommonAction.INFO: method : GET  
[2023-06-28 10:15:51] CommonAction.INFO: contentType : application/json  
[2023-06-28 10:15:51] CommonAction.INFO: Input Data : {"decoded":{"sub":"1","id":"1","userName":"super admin","userGroup":"1","email":"superadmin@msense.in","hotelId":"4","brandId":"7","iat":1687947151,"exp":1688033551}}  
[2023-06-28 10:15:51] CommonAction.INFO: ======= END Common Action (getAllSideBarMenu) ================  
[2023-06-28 10:16:09] CommonAction.INFO: ======= Start Common Action (getAllSideBarMenu) ================  
[2023-06-28 10:16:09] CommonAction.INFO: method : GET  
[2023-06-28 10:16:09] CommonAction.INFO: contentType : application/json  
[2023-06-28 10:16:09] CommonAction.INFO: Input Data : {"decoded":{"sub":"1","id":"1","userName":"super admin","userGroup":"1","email":"superadmin@msense.in","hotelId":"4","brandId":"7","iat":1687947151,"exp":1688033551}}  
[2023-06-28 10:16:09] CommonAction.INFO: ======= END Common Action (getAllSideBarMenu) ================  
[2023-06-28 10:16:19] CommonAction.INFO: ======= Start Common Action (getAllSideBarMenu) ================  
[2023-06-28 10:16:19] CommonAction.INFO: method : GET  
[2023-06-28 10:16:19] CommonAction.INFO: contentType : application/json  
[2023-06-28 10:16:19] CommonAction.INFO: Input Data : {"decoded":{"sub":"1","id":"1","userName":"super admin","userGroup":"1","email":"superadmin@msense.in","hotelId":"4","brandId":"7","iat":1687947151,"exp":1688033551}}  
[2023-06-28 10:16:19] CommonAction.INFO: ======= END Common Action (getAllSideBarMenu) ================  
[2023-06-28 10:17:11] CommonAction.INFO: ======= Start Common Action (getAllSideBarMenu) ================  
[2023-06-28 10:17:11] CommonAction.INFO: method : GET  
[2023-06-28 10:17:11] CommonAction.INFO: contentType : application/json  
[2023-06-28 10:17:11] CommonAction.INFO: Input Data : {"decoded":{"sub":"1","id":"1","userName":"super admin","userGroup":"1","email":"superadmin@msense.in","hotelId":"4","brandId":"7","iat":1687947151,"exp":1688033551}}  
[2023-06-28 10:17:11] CommonAction.INFO: ======= END Common Action (getAllSideBarMenu) ================  
[2023-06-28 10:17:29] CommonAction.INFO: ======= Start Common Action (getAllSideBarMenu) ================  
[2023-06-28 10:17:29] CommonAction.INFO: method : GET  
[2023-06-28 10:17:29] CommonAction.INFO: contentType : application/json  
[2023-06-28 10:17:29] CommonAction.INFO: Input Data : {"decoded":{"sub":"1","id":"1","userName":"super admin","userGroup":"1","email":"superadmin@msense.in","hotelId":"4","brandId":"7","iat":1687947151,"exp":1688033551}}  
[2023-06-28 10:17:29] CommonAction.INFO: ======= END Common Action (getAllSideBarMenu) ================  
[2023-06-28 10:17:54] CommonAction.INFO: ======= Start Common Action (getAllSideBarMenu) ================  
[2023-06-28 10:17:54] CommonAction.INFO: method : GET  
[2023-06-28 10:17:54] CommonAction.INFO: contentType : application/json  
[2023-06-28 10:17:54] CommonAction.INFO: Input Data : {"decoded":{"sub":"1","id":"1","userName":"super admin","userGroup":"1","email":"superadmin@msense.in","hotelId":"4","brandId":"7","iat":1687947151,"exp":1688033551}}  
[2023-06-28 10:17:54] CommonAction.INFO: ======= END Common Action (getAllSideBarMenu) ================  
[2023-06-28 10:18:09] CommonAction.INFO: ======= Start Common Action (getAllSideBarMenu) ================  
[2023-06-28 10:18:09] CommonAction.INFO: method : GET  
[2023-06-28 10:18:09] CommonAction.INFO: contentType : application/json  
[2023-06-28 10:18:09] CommonAction.INFO: Input Data : {"decoded":{"sub":"1","id":"1","userName":"super admin","userGroup":"1","email":"superadmin@msense.in","hotelId":"4","brandId":"7","iat":1687947151,"exp":1688033551}}  
[2023-06-28 10:18:09] CommonAction.INFO: ======= END Common Action (getAllSideBarMenu) ================  
[2023-06-28 10:18:21] CommonAction.INFO: ======= Start Common Action (getAllSideBarMenu) ================  
[2023-06-28 10:18:21] CommonAction.INFO: method : GET  
[2023-06-28 10:18:21] CommonAction.INFO: contentType : application/json  
[2023-06-28 10:18:21] CommonAction.INFO: Input Data : {"decoded":{"sub":"1","id":"1","userName":"super admin","userGroup":"1","email":"superadmin@msense.in","hotelId":"4","brandId":"7","iat":1687947151,"exp":1688033551}}  
[2023-06-28 10:18:21] CommonAction.INFO: ======= END Common Action (getAllSideBarMenu) ================  
[2023-06-28 10:18:27] CommonAction.INFO: ======= Start Common Action (getAllSideBarMenu) ================  
[2023-06-28 10:18:27] CommonAction.INFO: method : GET  
[2023-06-28 10:18:27] CommonAction.INFO: contentType : application/json  
[2023-06-28 10:18:27] CommonAction.INFO: Input Data : {"decoded":{"sub":"1","id":"1","userName":"super admin","userGroup":"1","email":"superadmin@msense.in","hotelId":"4","brandId":"7","iat":1687947151,"exp":1688033551}}  
[2023-06-28 10:18:27] CommonAction.INFO: ======= END Common Action (getAllSideBarMenu) ================  
[2023-06-28 10:18:43] CommonAction.INFO: ======= Start Common Action (getAllSideBarMenu) ================  
[2023-06-28 10:18:43] CommonAction.INFO: method : GET  
[2023-06-28 10:18:43] CommonAction.INFO: contentType : application/json  
[2023-06-28 10:18:43] CommonAction.INFO: Input Data : {"decoded":{"sub":"1","id":"1","userName":"super admin","userGroup":"1","email":"superadmin@msense.in","hotelId":"4","brandId":"7","iat":1687947151,"exp":1688033551}}  
[2023-06-28 10:18:43] CommonAction.INFO: ======= END Common Action (getAllSideBarMenu) ================  
[2023-06-28 10:19:00] CommonAction.INFO: ======= Start Common Action (getAllSideBarMenu) ================  
[2023-06-28 10:19:00] CommonAction.INFO: method : GET  
[2023-06-28 10:19:00] CommonAction.INFO: contentType : application/json  
[2023-06-28 10:19:00] CommonAction.INFO: Input Data : {"decoded":{"sub":"1","id":"1","userName":"super admin","userGroup":"1","email":"superadmin@msense.in","hotelId":"4","brandId":"7","iat":1687947151,"exp":1688033551}}  
[2023-06-28 10:19:00] CommonAction.INFO: ======= END Common Action (getAllSideBarMenu) ================  
[2023-06-28 10:19:18] CommonAction.INFO: ======= Start Common Action (getAllSideBarMenu) ================  
[2023-06-28 10:19:18] CommonAction.INFO: method : GET  
[2023-06-28 10:19:18] CommonAction.INFO: contentType : application/json  
[2023-06-28 10:19:18] CommonAction.INFO: Input Data : {"decoded":{"sub":"1","id":"1","userName":"super admin","userGroup":"1","email":"superadmin@msense.in","hotelId":"4","brandId":"7","iat":1687947151,"exp":1688033551}}  
[2023-06-28 10:19:18] CommonAction.INFO: ======= END Common Action (getAllSideBarMenu) ================  
[2023-06-28 10:19:48] CommonAction.INFO: ======= Start Common Action (getAllSideBarMenu) ================  
[2023-06-28 10:19:48] CommonAction.INFO: method : GET  
[2023-06-28 10:19:48] CommonAction.INFO: contentType : application/json  
[2023-06-28 10:19:48] CommonAction.INFO: Input Data : {"decoded":{"sub":"1","id":"1","userName":"super admin","userGroup":"1","email":"superadmin@msense.in","hotelId":"4","brandId":"7","iat":1687930001,"exp":1688016401}}  
[2023-06-28 10:19:49] CommonAction.INFO: ======= END Common Action (getAllSideBarMenu) ================  
[2023-06-28 10:19:54] CommonAction.INFO: ======= Start Common Action (getAllSideBarMenu) ================  
[2023-06-28 10:19:54] CommonAction.INFO: method : GET  
[2023-06-28 10:19:54] CommonAction.INFO: contentType : application/json  
[2023-06-28 10:19:54] CommonAction.INFO: Input Data : {"decoded":{"sub":"1","id":"1","userName":"super admin","userGroup":"1","email":"superadmin@msense.in","hotelId":"4","brandId":"7","iat":1687930001,"exp":1688016401}}  
[2023-06-28 10:19:54] CommonAction.INFO: ======= END Common Action (getAllSideBarMenu) ================  
[2023-06-28 10:20:01] CommonAction.INFO: ======= Start Common Action (getAllSideBarMenu) ================  
[2023-06-28 10:20:01] CommonAction.INFO: method : GET  
[2023-06-28 10:20:01] CommonAction.INFO: contentType : application/json  
[2023-06-28 10:20:01] CommonAction.INFO: Input Data : {"decoded":{"sub":"1","id":"1","userName":"super admin","userGroup":"1","email":"superadmin@msense.in","hotelId":"4","brandId":"7","iat":1687930001,"exp":1688016401}}  
[2023-06-28 10:20:01] CommonAction.INFO: ======= END Common Action (getAllSideBarMenu) ================  
[2023-06-28 10:20:33] CommonAction.INFO: ======= Start Common Action (getAllSideBarMenu) ================  
[2023-06-28 10:20:33] CommonAction.INFO: method : GET  
[2023-06-28 10:20:33] CommonAction.INFO: contentType : application/json  
[2023-06-28 10:20:33] CommonAction.INFO: Input Data : {"decoded":{"sub":"1","id":"1","userName":"super admin","userGroup":"1","email":"superadmin@msense.in","hotelId":"4","brandId":"7","iat":1687930001,"exp":1688016401}}  
[2023-06-28 10:20:33] CommonAction.INFO: ======= END Common Action (getAllSideBarMenu) ================  
[2023-06-28 10:20:42] CommonAction.INFO: ======= Start Common Action (getAllSideBarMenu) ================  
[2023-06-28 10:20:42] CommonAction.INFO: method : GET  
[2023-06-28 10:20:42] CommonAction.INFO: contentType : application/json  
[2023-06-28 10:20:42] CommonAction.INFO: Input Data : {"decoded":{"sub":"1","id":"1","userName":"super admin","userGroup":"1","email":"superadmin@msense.in","hotelId":"4","brandId":"7","iat":1687930001,"exp":1688016401}}  
[2023-06-28 10:20:42] CommonAction.INFO: ======= END Common Action (getAllSideBarMenu) ================  
[2023-06-28 10:20:54] CommonAction.INFO: ======= Start Common Action (getAllSideBarMenu) ================  
[2023-06-28 10:20:54] CommonAction.INFO: method : GET  
[2023-06-28 10:20:54] CommonAction.INFO: contentType : application/json  
[2023-06-28 10:20:54] CommonAction.INFO: Input Data : {"decoded":{"sub":"1","id":"1","userName":"super admin","userGroup":"1","email":"superadmin@msense.in","hotelId":"4","brandId":"7","iat":1687930001,"exp":1688016401}}  
[2023-06-28 10:20:54] CommonAction.INFO: ======= END Common Action (getAllSideBarMenu) ================  
[2023-06-28 10:21:16] CommonAction.INFO: ======= Start Common Action (getAllSideBarMenu) ================  
[2023-06-28 10:21:16] CommonAction.INFO: method : GET  
[2023-06-28 10:21:16] CommonAction.INFO: contentType : application/json  
[2023-06-28 10:21:16] CommonAction.INFO: Input Data : {"decoded":{"sub":"1","id":"1","userName":"super admin","userGroup":"1","email":"superadmin@msense.in","hotelId":"4","brandId":"7","iat":1687930001,"exp":1688016401}}  
[2023-06-28 10:21:16] CommonAction.INFO: ======= END Common Action (getAllSideBarMenu) ================  
[2023-06-28 10:21:21] CommonAction.INFO: ======= Start Common Action (getAllSideBarMenu) ================  
[2023-06-28 10:21:21] CommonAction.INFO: method : GET  
[2023-06-28 10:21:21] CommonAction.INFO: contentType : application/json  
[2023-06-28 10:21:21] CommonAction.INFO: Input Data : {"decoded":{"sub":"1","id":"1","userName":"super admin","userGroup":"1","email":"superadmin@msense.in","hotelId":"4","brandId":"7","iat":1687930001,"exp":1688016401}}  
[2023-06-28 10:21:21] CommonAction.INFO: ======= END Common Action (getAllSideBarMenu) ================  
[2023-06-28 10:21:40] CommonAction.INFO: ======= Start Common Action (getAllSideBarMenu) ================  
[2023-06-28 10:21:40] CommonAction.INFO: method : GET  
[2023-06-28 10:21:40] CommonAction.INFO: contentType : application/json  
[2023-06-28 10:21:40] CommonAction.INFO: Input Data : {"decoded":{"sub":"1","id":"1","userName":"super admin","userGroup":"1","email":"superadmin@msense.in","hotelId":"4","brandId":"7","iat":1687930001,"exp":1688016401}}  
[2023-06-28 10:21:40] CommonAction.INFO: ======= END Common Action (getAllSideBarMenu) ================  
[2023-06-28 10:23:04] CommonAction.INFO: ======= Start Common Action (getAllSideBarMenu) ================  
[2023-06-28 10:23:04] CommonAction.INFO: method : GET  
[2023-06-28 10:23:04] CommonAction.INFO: contentType : application/json  
[2023-06-28 10:23:04] CommonAction.INFO: Input Data : {"decoded":{"sub":"1","id":"1","userName":"super admin","userGroup":"1","email":"superadmin@msense.in","hotelId":"4","brandId":"7","iat":1687930001,"exp":1688016401}}  
[2023-06-28 10:23:04] CommonAction.INFO: ======= END Common Action (getAllSideBarMenu) ================  
[2023-06-28 10:23:10] CommonAction.INFO: ======= Start Common Action (getAllSideBarMenu) ================  
[2023-06-28 10:23:10] CommonAction.INFO: method : GET  
[2023-06-28 10:23:10] CommonAction.INFO: contentType : application/json  
[2023-06-28 10:23:10] CommonAction.INFO: Input Data : {"decoded":{"sub":"1","id":"1","userName":"super admin","userGroup":"1","email":"superadmin@msense.in","hotelId":"4","brandId":"7","iat":1687930001,"exp":1688016401}}  
[2023-06-28 10:23:10] CommonAction.INFO: ======= END Common Action (getAllSideBarMenu) ================  
[2023-06-28 10:52:29] CommonAction.INFO: ======= Start Common Action (getAllSideBarMenu) ================  
[2023-06-28 10:52:29] CommonAction.INFO: method : GET  
[2023-06-28 10:52:29] CommonAction.INFO: contentType : application/json  
[2023-06-28 10:52:29] CommonAction.INFO: Input Data : {"decoded":{"sub":"1","id":"1","userName":"super admin","userGroup":"1","email":"superadmin@msense.in","hotelId":"4","brandId":"7","iat":1687949549,"exp":1688035949}}  
[2023-06-28 10:52:29] CommonAction.INFO: ======= END Common Action (getAllSideBarMenu) ================  
[2023-06-28 10:52:35] CommonAction.INFO: ======= Start Common Action (getAllSideBarMenu) ================  
[2023-06-28 10:52:35] CommonAction.INFO: method : GET  
[2023-06-28 10:52:35] CommonAction.INFO: contentType : application/json  
[2023-06-28 10:52:35] CommonAction.INFO: Input Data : {"decoded":{"sub":"1","id":"1","userName":"super admin","userGroup":"1","email":"superadmin@msense.in","hotelId":"4","brandId":"7","iat":1687930001,"exp":1688016401}}  
[2023-06-28 10:52:35] CommonAction.INFO: ======= END Common Action (getAllSideBarMenu) ================  
[2023-06-28 10:52:37] CommonAction.INFO: ======= Start Common Action (getAllSideBarMenu) ================  
[2023-06-28 10:52:37] CommonAction.INFO: method : GET  
[2023-06-28 10:52:37] CommonAction.INFO: contentType : application/json  
[2023-06-28 10:52:37] CommonAction.INFO: Input Data : {"decoded":{"sub":"1","id":"1","userName":"super admin","userGroup":"1","email":"superadmin@msense.in","hotelId":"4","brandId":"7","iat":1687949549,"exp":1688035949}}  
[2023-06-28 10:52:37] CommonAction.INFO: ======= END Common Action (getAllSideBarMenu) ================  
[2023-06-28 10:52:50] CommonAction.INFO: ======= Start Common Action (getAllSideBarMenu) ================  
[2023-06-28 10:52:50] CommonAction.INFO: method : GET  
[2023-06-28 10:52:50] CommonAction.INFO: contentType : application/json  
[2023-06-28 10:52:50] CommonAction.INFO: Input Data : {"decoded":{"sub":"1","id":"1","userName":"super admin","userGroup":"1","email":"superadmin@msense.in","hotelId":"4","brandId":"7","iat":1687949549,"exp":1688035949}}  
[2023-06-28 10:52:50] CommonAction.INFO: ======= END Common Action (getAllSideBarMenu) ================  
[2023-06-28 10:53:01] CommonAction.INFO: ======= Start Common Action (getAllSideBarMenu) ================  
[2023-06-28 10:53:01] CommonAction.INFO: method : GET  
[2023-06-28 10:53:01] CommonAction.INFO: contentType : application/json  
[2023-06-28 10:53:01] CommonAction.INFO: Input Data : {"decoded":{"sub":"1","id":"1","userName":"super admin","userGroup":"1","email":"superadmin@msense.in","hotelId":"4","brandId":"7","iat":1687930001,"exp":1688016401}}  
[2023-06-28 10:53:01] CommonAction.INFO: ======= END Common Action (getAllSideBarMenu) ================  
[2023-06-28 10:53:12] CommonAction.INFO: ======= Start Common Action (getAllSideBarMenu) ================  
[2023-06-28 10:53:12] CommonAction.INFO: method : GET  
[2023-06-28 10:53:12] CommonAction.INFO: contentType : application/json  
[2023-06-28 10:53:12] CommonAction.INFO: Input Data : {"decoded":{"sub":"1","id":"1","userName":"super admin","userGroup":"1","email":"superadmin@msense.in","hotelId":"4","brandId":"7","iat":1687930001,"exp":1688016401}}  
[2023-06-28 10:53:12] CommonAction.INFO: ======= END Common Action (getAllSideBarMenu) ================  
[2023-06-28 10:53:23] CommonAction.INFO: ======= Start Common Action (getAllSideBarMenu) ================  
[2023-06-28 10:53:23] CommonAction.INFO: method : GET  
[2023-06-28 10:53:23] CommonAction.INFO: contentType : application/json  
[2023-06-28 10:53:23] CommonAction.INFO: Input Data : {"decoded":{"sub":"1","id":"1","userName":"super admin","userGroup":"1","email":"superadmin@msense.in","hotelId":"4","brandId":"7","iat":1687930001,"exp":1688016401}}  
[2023-06-28 10:53:23] CommonAction.INFO: ======= END Common Action (getAllSideBarMenu) ================  
[2023-06-28 10:54:11] CommonAction.INFO: ======= Start Common Action (getAllSideBarMenu) ================  
[2023-06-28 10:54:11] CommonAction.INFO: method : GET  
[2023-06-28 10:54:11] CommonAction.INFO: contentType : application/json  
[2023-06-28 10:54:11] CommonAction.INFO: Input Data : {"decoded":{"sub":"1","id":"1","userName":"super admin","userGroup":"1","email":"superadmin@msense.in","hotelId":"4","brandId":"7","iat":1687949549,"exp":1688035949}}  
[2023-06-28 10:54:11] CommonAction.INFO: ======= END Common Action (getAllSideBarMenu) ================  
[2023-06-28 10:55:20] CommonAction.INFO: ======= Start Common Action (getAllSideBarMenu) ================  
[2023-06-28 10:55:20] CommonAction.INFO: method : GET  
[2023-06-28 10:55:20] CommonAction.INFO: contentType : application/json  
[2023-06-28 10:55:20] CommonAction.INFO: Input Data : {"decoded":{"sub":"1","id":"1","userName":"super admin","userGroup":"1","email":"superadmin@msense.in","hotelId":"4","brandId":"7","iat":1687949549,"exp":1688035949}}  
[2023-06-28 10:55:20] CommonAction.INFO: ======= END Common Action (getAllSideBarMenu) ================  
[2023-06-28 10:55:32] CommonAction.INFO: ======= Start Common Action (getAllSideBarMenu) ================  
[2023-06-28 10:55:32] CommonAction.INFO: method : GET  
[2023-06-28 10:55:32] CommonAction.INFO: contentType : application/json  
[2023-06-28 10:55:32] CommonAction.INFO: Input Data : {"decoded":{"sub":"1","id":"1","userName":"super admin","userGroup":"1","email":"superadmin@msense.in","hotelId":"4","brandId":"7","iat":1687930001,"exp":1688016401}}  
[2023-06-28 10:55:32] CommonAction.INFO: ======= END Common Action (getAllSideBarMenu) ================  
[2023-06-28 10:55:42] CommonAction.INFO: ======= Start Common Action (getAllSideBarMenu) ================  
[2023-06-28 10:55:42] CommonAction.INFO: method : GET  
[2023-06-28 10:55:42] CommonAction.INFO: contentType : application/json  
[2023-06-28 10:55:42] CommonAction.INFO: Input Data : {"decoded":{"sub":"1","id":"1","userName":"super admin","userGroup":"1","email":"superadmin@msense.in","hotelId":"4","brandId":"7","iat":1687930001,"exp":1688016401}}  
[2023-06-28 10:55:42] CommonAction.INFO: ======= END Common Action (getAllSideBarMenu) ================  
