[2023-06-28 04:40:16] LoginAction.INFO: ======= Start Login Action ================  
[2023-06-28 04:40:16] LoginAction.INFO: Input Data : {"email":"superadmin@msense.in","password":"1234567"}  
[2023-06-28 04:40:16] LoginModel.INFO: Query : call SP_Doauth('superadmin@msense.in','QUwxT0hwRExsV2g4VXpFNkdocllPQT09')  
[2023-06-28 04:40:16] LoginModel.INFO: User Data : {"username":"super admin","userGroup":"1","loginid":"1","email":"superadmin@msense.in","mobileno":"9677889090","designation":"Manage_rCate","hotelId":"4","brandId":"7"}  
[2023-06-28 04:40:16] LoginAction.INFO: ======= END Login Action ================  
[2023-06-28 05:00:02] LoginAction.INFO: ======= Start Login Action ================  
[2023-06-28 05:00:02] LoginAction.INFO: Input Data : {"email":"superadmin@msense.in","password":"1234567"}  
[2023-06-28 05:00:02] LoginModel.INFO: Query : call SP_Doauth('superadmin@msense.in','QUwxT0hwRExsV2g4VXpFNkdocllPQT09')  
[2023-06-28 05:00:02] LoginModel.INFO: User Data : {"username":"super admin","userGroup":"1","loginid":"1","email":"superadmin@msense.in","mobileno":"9677889090","designation":"Manage_rCate","hotelId":"4","brandId":"7"}  
[2023-06-28 05:00:02] LoginAction.INFO: ======= END Login Action ================  
[2023-06-28 05:26:41] LoginAction.INFO: ======= Start Login Action ================  
[2023-06-28 05:26:41] LoginAction.INFO: Input Data : {"email":"superadmin@msense.in","password":"1234567"}  
[2023-06-28 05:26:41] LoginModel.INFO: Query : call SP_Doauth('superadmin@msense.in','QUwxT0hwRExsV2g4VXpFNkdocllPQT09')  
[2023-06-28 05:26:41] LoginModel.INFO: User Data : {"username":"super admin","userGroup":"1","loginid":"1","email":"superadmin@msense.in","mobileno":"9677889090","designation":"Manage_rCate","hotelId":"4","brandId":"7"}  
[2023-06-28 05:26:41] LoginAction.INFO: ======= END Login Action ================  
[2023-06-28 06:17:23] LoginAction.INFO: ======= Start Login Action ================  
[2023-06-28 06:17:23] LoginAction.INFO: Input Data : {"email":"superadmin@msense.in","password":"1234567"}  
[2023-06-28 06:17:23] LoginModel.INFO: Query : call SP_Doauth('superadmin@msense.in','QUwxT0hwRExsV2g4VXpFNkdocllPQT09')  
[2023-06-28 06:17:23] LoginModel.INFO: User Data : {"username":"super admin","userGroup":"1","loginid":"1","email":"superadmin@msense.in","mobileno":"9677889090","designation":"Manage_rCate","hotelId":"4","brandId":"7"}  
[2023-06-28 06:17:23] LoginAction.INFO: ======= END Login Action ================  
[2023-06-28 06:49:09] LoginAction.INFO: ======= Start Login Action ================  
[2023-06-28 06:49:09] LoginAction.INFO: Input Data : {"email":"superadmin@msense.in","password":"1234567"}  
[2023-06-28 06:49:09] LoginModel.INFO: Query : call SP_Doauth('superadmin@msense.in','QUwxT0hwRExsV2g4VXpFNkdocllPQT09')  
[2023-06-28 06:49:09] LoginModel.INFO: User Data : {"username":"super admin","userGroup":"1","loginid":"1","email":"superadmin@msense.in","mobileno":"9677889090","designation":"Manage_rCate","hotelId":"4","brandId":"7"}  
[2023-06-28 06:49:09] LoginAction.INFO: ======= END Login Action ================  
[2023-06-28 08:37:51] LoginAction.INFO: ======= Start Login Action ================  
[2023-06-28 08:37:51] LoginAction.INFO: Input Data : {"email":"superadmin@msense.in","password":"1234567"}  
[2023-06-28 08:37:51] LoginModel.INFO: Query : call SP_Doauth('superadmin@msense.in','QUwxT0hwRExsV2g4VXpFNkdocllPQT09')  
[2023-06-28 08:37:51] LoginModel.INFO: User Data : {"username":"super admin","userGroup":"1","loginid":"1","email":"superadmin@msense.in","mobileno":"9677889090","designation":"Manage_rCate","hotelId":"4","brandId":"7"}  
[2023-06-28 08:37:51] LoginAction.INFO: ======= END Login Action ================  
[2023-06-28 10:12:31] LoginAction.INFO: ======= Start Login Action ================  
[2023-06-28 10:12:31] LoginAction.INFO: Input Data : {"email":"superadmin@msense.in","password":"1234567"}  
[2023-06-28 10:12:31] LoginModel.INFO: Query : call SP_Doauth('superadmin@msense.in','QUwxT0hwRExsV2g4VXpFNkdocllPQT09')  
[2023-06-28 10:12:31] LoginModel.INFO: User Data : {"username":"super admin","userGroup":"1","loginid":"1","email":"superadmin@msense.in","mobileno":"9677889090","designation":"Manage_rCate","hotelId":"4","brandId":"7"}  
[2023-06-28 10:12:31] LoginAction.INFO: ======= END Login Action ================  
[2023-06-28 10:52:29] LoginAction.INFO: ======= Start Login Action ================  
[2023-06-28 10:52:29] LoginAction.INFO: Input Data : {"email":"superadmin@msense.in","password":"1234567"}  
[2023-06-28 10:52:29] LoginModel.INFO: Query : call SP_Doauth('superadmin@msense.in','QUwxT0hwRExsV2g4VXpFNkdocllPQT09')  
[2023-06-28 10:52:29] LoginModel.INFO: User Data : {"username":"super admin","userGroup":"1","loginid":"1","email":"superadmin@msense.in","mobileno":"9677889090","designation":"Manage_rCate","hotelId":"4","brandId":"7"}  
[2023-06-28 10:52:29] LoginAction.INFO: ======= END Login Action ================  
