[2023-06-28 04:40:19] ChannelAction.INFO: ======= Start Channel Action (List) ================  
[2023-06-28 04:40:19] ChannelAction.INFO: method : POST  
[2023-06-28 04:40:19] ChannelAction.INFO: contentType : application/json  
[2023-06-28 04:40:19] ChannelAction.INFO: Input Data : {"decoded":{"sub":"1","id":"1","userName":"super admin","userGroup":"1","email":"superadmin@msense.in","hotelId":"4","brandId":"7","iat":1687927216,"exp":1688013616}}  
[2023-06-28 04:40:19] ChannelAction.INFO: ======= END Channel Action (List) ================  
[2023-06-28 04:42:54] ChannelAction.INFO: ======= Start Channel Action (List) ================  
[2023-06-28 04:42:54] ChannelAction.INFO: method : POST  
[2023-06-28 04:42:54] ChannelAction.INFO: contentType : application/json  
[2023-06-28 04:42:54] ChannelAction.INFO: Input Data : {"decoded":{"sub":"1","id":"1","userName":"super admin","userGroup":"1","email":"superadmin@msense.in","hotelId":"4","brandId":"7","iat":1687927216,"exp":1688013616}}  
[2023-06-28 04:42:54] ChannelAction.INFO: ======= END Channel Action (List) ================  
[2023-06-28 04:43:54] ChannelAction.INFO: ======= Start Channel Action (CREATE) ================  
[2023-06-28 04:43:54] ChannelAction.INFO: method : POST  
[2023-06-28 04:43:54] ChannelAction.INFO: Input Data : {"channelname":["test","test2"],"decoded":{"sub":"1","id":"1","userName":"super admin","userGroup":"1","email":"superadmin@msense.in","hotelId":"4","brandId":"7","iat":1687927216,"exp":1688013616}}  
[2023-06-28 04:43:54] ChannelAction.INFO: Insert Status : {"msg":"Channel Name Already Available","status":"FAILURE"}  
[2023-06-28 04:43:54] ChannelAction.INFO: ======= END Channel Action (CREATE) ================  
[2023-06-28 04:44:14] ChannelAction.INFO: ======= Start Channel Action (CREATE) ================  
[2023-06-28 04:44:14] ChannelAction.INFO: method : POST  
[2023-06-28 04:44:14] ChannelAction.INFO: Input Data : {"channelname":["checkfirst","checksecond"],"decoded":{"sub":"1","id":"1","userName":"super admin","userGroup":"1","email":"superadmin@msense.in","hotelId":"4","brandId":"7","iat":1687927216,"exp":1688013616}}  
[2023-06-28 04:44:14] ChannelAction.INFO: Insert Status : {"msg":"Channel Added SuccessFully","status":"Success"}  
[2023-06-28 04:44:14] ChannelAction.INFO: ======= END Channel Action (CREATE) ================  
[2023-06-28 04:44:14] ChannelAction.INFO: ======= Start Channel Action (List) ================  
[2023-06-28 04:44:14] ChannelAction.INFO: method : POST  
[2023-06-28 04:44:14] ChannelAction.INFO: contentType : application/json  
[2023-06-28 04:44:14] ChannelAction.INFO: Input Data : {"decoded":{"sub":"1","id":"1","userName":"super admin","userGroup":"1","email":"superadmin@msense.in","hotelId":"4","brandId":"7","iat":1687927216,"exp":1688013616}}  
[2023-06-28 04:44:14] ChannelAction.INFO: ======= END Channel Action (List) ================  
[2023-06-28 04:44:15] ChannelAction.INFO: ======= Start Channel Action (List) ================  
[2023-06-28 04:44:15] ChannelAction.INFO: method : POST  
[2023-06-28 04:44:15] ChannelAction.INFO: contentType : application/json  
[2023-06-28 04:44:15] ChannelAction.INFO: Input Data : {"decoded":{"sub":"1","id":"1","userName":"super admin","userGroup":"1","email":"superadmin@msense.in","hotelId":"4","brandId":"7","iat":1687927216,"exp":1688013616}}  
[2023-06-28 04:44:15] ChannelAction.INFO: ======= END Channel Action (List) ================  
[2023-06-28 06:49:13] ChannelAction.INFO: ======= Start Channel Action (List) ================  
[2023-06-28 06:49:13] ChannelAction.INFO: method : POST  
[2023-06-28 06:49:13] ChannelAction.INFO: contentType : application/json  
[2023-06-28 06:49:13] ChannelAction.INFO: Input Data : {"decoded":{"sub":"1","id":"1","userName":"super admin","userGroup":"1","email":"superadmin@msense.in","hotelId":"4","brandId":"7","iat":1687934949,"exp":1688021349}}  
[2023-06-28 06:49:13] ChannelAction.INFO: ======= END Channel Action (List) ================  
[2023-06-28 07:00:36] ChannelAction.INFO: ======= Start Channel Action (List) ================  
[2023-06-28 07:00:36] ChannelAction.INFO: method : POST  
[2023-06-28 07:00:36] ChannelAction.INFO: contentType : application/json  
[2023-06-28 07:00:36] ChannelAction.INFO: Input Data : {"decoded":{"sub":"1","id":"1","userName":"super admin","userGroup":"1","email":"superadmin@msense.in","hotelId":"4","brandId":"7","iat":1687934949,"exp":1688021349}}  
[2023-06-28 07:00:36] ChannelAction.INFO: ======= END Channel Action (List) ================  
[2023-06-28 08:37:54] ChannelAction.INFO: ======= Start Channel Action (List) ================  
[2023-06-28 08:37:54] ChannelAction.INFO: method : POST  
[2023-06-28 08:37:54] ChannelAction.INFO: contentType : application/json  
[2023-06-28 08:37:54] ChannelAction.INFO: Input Data : {"decoded":{"sub":"1","id":"1","userName":"super admin","userGroup":"1","email":"superadmin@msense.in","hotelId":"4","brandId":"7","iat":1687941471,"exp":1688027871}}  
[2023-06-28 08:37:54] ChannelAction.INFO: ======= END Channel Action (List) ================  
[2023-06-28 09:10:23] ChannelAction.INFO: ======= Start Channel Action (List) ================  
[2023-06-28 09:10:23] ChannelAction.INFO: method : POST  
[2023-06-28 09:10:23] ChannelAction.INFO: contentType : application/json  
[2023-06-28 09:10:23] ChannelAction.INFO: Input Data : {"decoded":{"sub":"1","id":"1","userName":"super admin","userGroup":"1","email":"superadmin@msense.in","hotelId":"4","brandId":"7","iat":1687941471,"exp":1688027871}}  
[2023-06-28 09:10:23] ChannelAction.INFO: ======= END Channel Action (List) ================  
[2023-06-28 09:11:27] ChannelAction.INFO: ======= Start Channel Action (List) ================  
[2023-06-28 09:11:27] ChannelAction.INFO: method : POST  
[2023-06-28 09:11:27] ChannelAction.INFO: contentType : application/json  
[2023-06-28 09:11:27] ChannelAction.INFO: Input Data : {"decoded":{"sub":"1","id":"1","userName":"super admin","userGroup":"1","email":"superadmin@msense.in","hotelId":"4","brandId":"7","iat":1687941471,"exp":1688027871}}  
[2023-06-28 09:11:27] ChannelAction.INFO: ======= END Channel Action (List) ================  
[2023-06-28 09:11:54] ChannelAction.INFO: ======= Start Channel Action (List) ================  
[2023-06-28 09:11:54] ChannelAction.INFO: method : POST  
[2023-06-28 09:11:54] ChannelAction.INFO: contentType : application/json  
[2023-06-28 09:11:54] ChannelAction.INFO: Input Data : {"decoded":{"sub":"1","id":"1","userName":"super admin","userGroup":"1","email":"superadmin@msense.in","hotelId":"4","brandId":"7","iat":1687941471,"exp":1688027871}}  
[2023-06-28 09:11:54] ChannelAction.INFO: ======= END Channel Action (List) ================  
[2023-06-28 09:17:22] ChannelAction.INFO: ======= Start Channel Action (List) ================  
[2023-06-28 09:17:22] ChannelAction.INFO: method : POST  
[2023-06-28 09:17:22] ChannelAction.INFO: contentType : application/json  
[2023-06-28 09:17:22] ChannelAction.INFO: Input Data : {"decoded":{"sub":"1","id":"1","userName":"super admin","userGroup":"1","email":"superadmin@msense.in","hotelId":"4","brandId":"7","iat":1687941471,"exp":1688027871}}  
[2023-06-28 09:17:22] ChannelAction.INFO: ======= END Channel Action (List) ================  
[2023-06-28 09:18:28] ChannelAction.INFO: ======= Start Channel Action (List) ================  
[2023-06-28 09:18:28] ChannelAction.INFO: method : POST  
[2023-06-28 09:18:28] ChannelAction.INFO: contentType : application/json  
[2023-06-28 09:18:28] ChannelAction.INFO: Input Data : {"decoded":{"sub":"1","id":"1","userName":"super admin","userGroup":"1","email":"superadmin@msense.in","hotelId":"4","brandId":"7","iat":1687941471,"exp":1688027871}}  
[2023-06-28 09:18:28] ChannelAction.INFO: ======= END Channel Action (List) ================  
[2023-06-28 09:19:16] ChannelAction.INFO: ======= Start Channel Action (CREATE) ================  
[2023-06-28 09:19:16] ChannelAction.INFO: method : POST  
[2023-06-28 09:19:16] ChannelAction.INFO: Input Data : {"channelname":["Channelone","channeltwo"],"decoded":{"sub":"1","id":"1","userName":"super admin","userGroup":"1","email":"superadmin@msense.in","hotelId":"4","brandId":"7","iat":1687941471,"exp":1688027871}}  
[2023-06-28 09:19:16] ChannelAction.INFO: Insert Status : {"msg":"Channel Added SuccessFully","status":"Success"}  
[2023-06-28 09:19:16] ChannelAction.INFO: ======= END Channel Action (CREATE) ================  
[2023-06-28 09:19:16] ChannelAction.INFO: ======= Start Channel Action (List) ================  
[2023-06-28 09:19:16] ChannelAction.INFO: method : POST  
[2023-06-28 09:19:16] ChannelAction.INFO: contentType : application/json  
[2023-06-28 09:19:16] ChannelAction.INFO: Input Data : {"decoded":{"sub":"1","id":"1","userName":"super admin","userGroup":"1","email":"superadmin@msense.in","hotelId":"4","brandId":"7","iat":1687941471,"exp":1688027871}}  
[2023-06-28 09:19:16] ChannelAction.INFO: ======= END Channel Action (List) ================  
[2023-06-28 09:19:16] ChannelAction.INFO: ======= Start Channel Action (List) ================  
[2023-06-28 09:19:16] ChannelAction.INFO: method : POST  
[2023-06-28 09:19:16] ChannelAction.INFO: contentType : application/json  
[2023-06-28 09:19:16] ChannelAction.INFO: Input Data : {"decoded":{"sub":"1","id":"1","userName":"super admin","userGroup":"1","email":"superadmin@msense.in","hotelId":"4","brandId":"7","iat":1687941471,"exp":1688027871}}  
[2023-06-28 09:19:16] ChannelAction.INFO: ======= END Channel Action (List) ================  
[2023-06-28 09:21:04] ChannelAction.INFO: ======= Start Channel Action (List) ================  
[2023-06-28 09:21:04] ChannelAction.INFO: method : POST  
[2023-06-28 09:21:04] ChannelAction.INFO: contentType : application/json  
[2023-06-28 09:21:04] ChannelAction.INFO: Input Data : {"decoded":{"sub":"1","id":"1","userName":"super admin","userGroup":"1","email":"superadmin@msense.in","hotelId":"4","brandId":"7","iat":1687941471,"exp":1688027871}}  
[2023-06-28 09:21:04] ChannelAction.INFO: ======= END Channel Action (List) ================  
[2023-06-28 09:22:07] ChannelAction.INFO: ======= Start Channel Action (CREATE) ================  
[2023-06-28 09:22:07] ChannelAction.INFO: method : POST  
[2023-06-28 09:22:07] ChannelAction.INFO: Input Data : {"channelname":["tesewtfdsfd"],"decoded":{"sub":"1","id":"1","userName":"super admin","userGroup":"1","email":"superadmin@msense.in","hotelId":"4","brandId":"7","iat":1687941471,"exp":1688027871}}  
[2023-06-28 09:22:07] ChannelAction.INFO: Insert Status : {"msg":"Channel Added SuccessFully","status":"Success"}  
[2023-06-28 09:22:07] ChannelAction.INFO: ======= END Channel Action (CREATE) ================  
[2023-06-28 09:22:07] ChannelAction.INFO: ======= Start Channel Action (List) ================  
[2023-06-28 09:22:07] ChannelAction.INFO: method : POST  
[2023-06-28 09:22:07] ChannelAction.INFO: contentType : application/json  
[2023-06-28 09:22:07] ChannelAction.INFO: Input Data : {"decoded":{"sub":"1","id":"1","userName":"super admin","userGroup":"1","email":"superadmin@msense.in","hotelId":"4","brandId":"7","iat":1687941471,"exp":1688027871}}  
[2023-06-28 09:22:07] ChannelAction.INFO: ======= END Channel Action (List) ================  
[2023-06-28 09:22:07] ChannelAction.INFO: ======= Start Channel Action (List) ================  
[2023-06-28 09:22:07] ChannelAction.INFO: method : POST  
[2023-06-28 09:22:07] ChannelAction.INFO: contentType : application/json  
[2023-06-28 09:22:07] ChannelAction.INFO: Input Data : {"decoded":{"sub":"1","id":"1","userName":"super admin","userGroup":"1","email":"superadmin@msense.in","hotelId":"4","brandId":"7","iat":1687941471,"exp":1688027871}}  
[2023-06-28 09:22:07] ChannelAction.INFO: ======= END Channel Action (List) ================  
[2023-06-28 09:26:52] ChannelAction.INFO: ======= Start Channel Action (List) ================  
[2023-06-28 09:26:52] ChannelAction.INFO: method : POST  
[2023-06-28 09:26:52] ChannelAction.INFO: contentType : application/json  
[2023-06-28 09:26:52] ChannelAction.INFO: Input Data : {"decoded":{"sub":"1","id":"1","userName":"super admin","userGroup":"1","email":"superadmin@msense.in","hotelId":"4","brandId":"7","iat":1687941471,"exp":1688027871}}  
[2023-06-28 09:26:52] ChannelAction.INFO: ======= END Channel Action (List) ================  
[2023-06-28 09:27:09] ChannelAction.INFO: ======= Start Channel Action (List) ================  
[2023-06-28 09:27:09] ChannelAction.INFO: method : POST  
[2023-06-28 09:27:09] ChannelAction.INFO: contentType : application/json  
[2023-06-28 09:27:09] ChannelAction.INFO: Input Data : {"decoded":{"sub":"1","id":"1","userName":"super admin","userGroup":"1","email":"superadmin@msense.in","hotelId":"4","brandId":"7","iat":1687941471,"exp":1688027871}}  
[2023-06-28 09:27:09] ChannelAction.INFO: ======= END Channel Action (List) ================  
[2023-06-28 09:30:10] ChannelAction.INFO: ======= Start Channel Action (List) ================  
[2023-06-28 09:30:10] ChannelAction.INFO: method : POST  
[2023-06-28 09:30:10] ChannelAction.INFO: contentType : application/json  
[2023-06-28 09:30:10] ChannelAction.INFO: Input Data : {"decoded":{"sub":"1","id":"1","userName":"super admin","userGroup":"1","email":"superadmin@msense.in","hotelId":"4","brandId":"7","iat":1687941471,"exp":1688027871}}  
[2023-06-28 09:30:10] ChannelAction.INFO: ======= END Channel Action (List) ================  
[2023-06-28 09:33:52] ChannelAction.INFO: ======= Start Channel Action (List) ================  
[2023-06-28 09:33:52] ChannelAction.INFO: method : POST  
[2023-06-28 09:33:52] ChannelAction.INFO: contentType : application/json  
[2023-06-28 09:33:52] ChannelAction.INFO: Input Data : {"decoded":{"sub":"1","id":"1","userName":"super admin","userGroup":"1","email":"superadmin@msense.in","hotelId":"4","brandId":"7","iat":1687941471,"exp":1688027871}}  
[2023-06-28 09:33:52] ChannelAction.INFO: ======= END Channel Action (List) ================  
[2023-06-28 09:33:57] ChannelAction.INFO: ======= Start Channel Action (List) ================  
[2023-06-28 09:33:57] ChannelAction.INFO: method : POST  
[2023-06-28 09:33:57] ChannelAction.INFO: contentType : application/json  
[2023-06-28 09:33:57] ChannelAction.INFO: Input Data : {"decoded":{"sub":"1","id":"1","userName":"super admin","userGroup":"1","email":"superadmin@msense.in","hotelId":"4","brandId":"7","iat":1687941471,"exp":1688027871}}  
[2023-06-28 09:33:57] ChannelAction.INFO: ======= END Channel Action (List) ================  
[2023-06-28 09:35:59] ChannelAction.INFO: ======= Start Channel Action (List) ================  
[2023-06-28 09:35:59] ChannelAction.INFO: method : POST  
[2023-06-28 09:35:59] ChannelAction.INFO: contentType : application/json  
[2023-06-28 09:35:59] ChannelAction.INFO: Input Data : {"decoded":{"sub":"1","id":"1","userName":"super admin","userGroup":"1","email":"superadmin@msense.in","hotelId":"4","brandId":"7","iat":1687941471,"exp":1688027871}}  
[2023-06-28 09:35:59] ChannelAction.INFO: ======= END Channel Action (List) ================  
[2023-06-28 09:42:07] ChannelAction.INFO: ======= Start Channel Action (List) ================  
[2023-06-28 09:42:07] ChannelAction.INFO: method : POST  
[2023-06-28 09:42:07] ChannelAction.INFO: contentType : application/json  
[2023-06-28 09:42:07] ChannelAction.INFO: Input Data : {"decoded":{"sub":"1","id":"1","userName":"super admin","userGroup":"1","email":"superadmin@msense.in","hotelId":"4","brandId":"7","iat":1687930001,"exp":1688016401}}  
[2023-06-28 09:42:07] ChannelAction.INFO: ======= END Channel Action (List) ================  
[2023-06-28 09:43:42] ChannelAction.INFO: ======= Start Channel Action (List) ================  
[2023-06-28 09:43:42] ChannelAction.INFO: method : POST  
[2023-06-28 09:43:42] ChannelAction.INFO: contentType : application/json  
[2023-06-28 09:43:42] ChannelAction.INFO: Input Data : {"decoded":{"sub":"1","id":"1","userName":"super admin","userGroup":"1","email":"superadmin@msense.in","hotelId":"4","brandId":"7","iat":1687941471,"exp":1688027871}}  
[2023-06-28 09:43:42] ChannelAction.INFO: ======= END Channel Action (List) ================  
[2023-06-28 09:44:19] ChannelAction.INFO: ======= Start Channel Action (List) ================  
[2023-06-28 09:44:19] ChannelAction.INFO: method : POST  
[2023-06-28 09:44:19] ChannelAction.INFO: contentType : application/json  
[2023-06-28 09:44:19] ChannelAction.INFO: Input Data : {"decoded":{"sub":"1","id":"1","userName":"super admin","userGroup":"1","email":"superadmin@msense.in","hotelId":"4","brandId":"7","iat":1687930001,"exp":1688016401}}  
[2023-06-28 09:44:19] ChannelAction.INFO: ======= END Channel Action (List) ================  
[2023-06-28 09:44:36] ChannelAction.INFO: ======= Start Channel Action (List) ================  
[2023-06-28 09:44:36] ChannelAction.INFO: method : POST  
[2023-06-28 09:44:36] ChannelAction.INFO: contentType : application/json  
[2023-06-28 09:44:36] ChannelAction.INFO: Input Data : {"decoded":{"sub":"1","id":"1","userName":"super admin","userGroup":"1","email":"superadmin@msense.in","hotelId":"4","brandId":"7","iat":1687930001,"exp":1688016401}}  
[2023-06-28 09:44:36] ChannelAction.INFO: ======= END Channel Action (List) ================  
[2023-06-28 09:45:21] ChannelAction.INFO: ======= Start Channel Action (List) ================  
[2023-06-28 09:45:21] ChannelAction.INFO: method : POST  
[2023-06-28 09:45:21] ChannelAction.INFO: contentType : application/json  
[2023-06-28 09:45:21] ChannelAction.INFO: Input Data : {"decoded":{"sub":"1","id":"1","userName":"super admin","userGroup":"1","email":"superadmin@msense.in","hotelId":"4","brandId":"7","iat":1687941471,"exp":1688027871}}  
[2023-06-28 09:45:21] ChannelAction.INFO: ======= END Channel Action (List) ================  
[2023-06-28 09:45:24] ChannelAction.INFO: ======= Start Channel Action (Single One) ================  
[2023-06-28 09:45:24] ChannelAction.INFO: Input Type : string  
[2023-06-28 09:45:24] ChannelAction.INFO: method : GET  
[2023-06-28 09:45:24] ChannelAction.INFO: contentType : application/json  
[2023-06-28 09:45:24] ChannelAction.INFO: Input Data : {"decoded":{"sub":"1","id":"1","userName":"super admin","userGroup":"1","email":"superadmin@msense.in","hotelId":"4","brandId":"7","iat":1687941471,"exp":1688027871}}  
[2023-06-28 09:45:24] ChannelAction.INFO: group id : 178  
[2023-06-28 09:45:24] ChannelAction.INFO: ======= END Channel Action (Single One) ================  
[2023-06-28 09:45:44] ChannelAction.INFO: ======= Start Channel Action (Single One) ================  
[2023-06-28 09:45:44] ChannelAction.INFO: Input Type : string  
[2023-06-28 09:45:44] ChannelAction.INFO: method : GET  
[2023-06-28 09:45:44] ChannelAction.INFO: contentType : application/json  
[2023-06-28 09:45:44] ChannelAction.INFO: Input Data : {"decoded":{"sub":"1","id":"1","userName":"super admin","userGroup":"1","email":"superadmin@msense.in","hotelId":"4","brandId":"7","iat":1687941471,"exp":1688027871}}  
[2023-06-28 09:45:44] ChannelAction.INFO: group id : 178  
[2023-06-28 09:45:44] ChannelAction.INFO: ======= END Channel Action (Single One) ================  
[2023-06-28 09:47:36] ChannelAction.INFO: ======= Start Channel Action (List) ================  
[2023-06-28 09:47:36] ChannelAction.INFO: method : POST  
[2023-06-28 09:47:36] ChannelAction.INFO: contentType : application/json  
[2023-06-28 09:47:36] ChannelAction.INFO: Input Data : {"decoded":{"sub":"1","id":"1","userName":"super admin","userGroup":"1","email":"superadmin@msense.in","hotelId":"4","brandId":"7","iat":1687941471,"exp":1688027871}}  
[2023-06-28 09:47:36] ChannelAction.INFO: ======= END Channel Action (List) ================  
[2023-06-28 09:47:47] ChannelAction.INFO: ======= Start Edit Brand Action ================  
[2023-06-28 09:47:47] ChannelAction.INFO: method : DELETE  
[2023-06-28 09:47:47] ChannelAction.INFO: contentType : application/json  
[2023-06-28 09:47:47] ChannelAction.INFO: Input Data : {"decoded":{"sub":"1","id":"1","userName":"super admin","userGroup":"1","email":"superadmin@msense.in","hotelId":"4","brandId":"7","iat":1687941471,"exp":1688027871}}  
[2023-06-28 09:47:47] ChannelAction.INFO: ======= END Edit Brand Action ================  
[2023-06-28 09:47:47] ChannelAction.INFO: ======= Start Channel Action (List) ================  
[2023-06-28 09:47:47] ChannelAction.INFO: method : POST  
[2023-06-28 09:47:47] ChannelAction.INFO: contentType : application/json  
[2023-06-28 09:47:47] ChannelAction.INFO: Input Data : {"decoded":{"sub":"1","id":"1","userName":"super admin","userGroup":"1","email":"superadmin@msense.in","hotelId":"4","brandId":"7","iat":1687941471,"exp":1688027871}}  
[2023-06-28 09:47:47] ChannelAction.INFO: ======= END Channel Action (List) ================  
[2023-06-28 09:48:00] ChannelAction.INFO: ======= Start Channel Action (List) ================  
[2023-06-28 09:48:00] ChannelAction.INFO: method : POST  
[2023-06-28 09:48:00] ChannelAction.INFO: contentType : application/json  
[2023-06-28 09:48:00] ChannelAction.INFO: Input Data : {"decoded":{"sub":"1","id":"1","userName":"super admin","userGroup":"1","email":"superadmin@msense.in","hotelId":"4","brandId":"7","iat":1687930001,"exp":1688016401}}  
[2023-06-28 09:48:00] ChannelAction.INFO: ======= END Channel Action (List) ================  
[2023-06-28 09:49:10] ChannelAction.INFO: ======= Start Channel Action (CREATE) ================  
[2023-06-28 09:49:10] ChannelAction.INFO: method : POST  
[2023-06-28 09:49:10] ChannelAction.INFO: Input Data : {"channelname":["test"],"decoded":{"sub":"1","id":"1","userName":"super admin","userGroup":"1","email":"superadmin@msense.in","hotelId":"4","brandId":"7","iat":1687930001,"exp":1688016401}}  
[2023-06-28 09:49:10] ChannelAction.INFO: Insert Status : {"msg":"Channel Name Already Available","status":"FAILURE"}  
[2023-06-28 09:49:10] ChannelAction.INFO: ======= END Channel Action (CREATE) ================  
[2023-06-28 09:49:14] ChannelAction.INFO: ======= Start Channel Action (CREATE) ================  
[2023-06-28 09:49:14] ChannelAction.INFO: method : POST  
[2023-06-28 09:49:14] ChannelAction.INFO: Input Data : {"channelname":["123445"],"decoded":{"sub":"1","id":"1","userName":"super admin","userGroup":"1","email":"superadmin@msense.in","hotelId":"4","brandId":"7","iat":1687930001,"exp":1688016401}}  
[2023-06-28 09:49:14] ChannelAction.INFO: Insert Status : {"msg":"Channel Added SuccessFully","status":"Success"}  
[2023-06-28 09:49:14] ChannelAction.INFO: ======= END Channel Action (CREATE) ================  
[2023-06-28 09:49:14] ChannelAction.INFO: ======= Start Channel Action (List) ================  
[2023-06-28 09:49:14] ChannelAction.INFO: method : POST  
[2023-06-28 09:49:14] ChannelAction.INFO: contentType : application/json  
[2023-06-28 09:49:14] ChannelAction.INFO: Input Data : {"decoded":{"sub":"1","id":"1","userName":"super admin","userGroup":"1","email":"superadmin@msense.in","hotelId":"4","brandId":"7","iat":1687930001,"exp":1688016401}}  
[2023-06-28 09:49:14] ChannelAction.INFO: ======= END Channel Action (List) ================  
[2023-06-28 09:49:14] ChannelAction.INFO: ======= Start Channel Action (List) ================  
[2023-06-28 09:49:14] ChannelAction.INFO: method : POST  
[2023-06-28 09:49:14] ChannelAction.INFO: contentType : application/json  
[2023-06-28 09:49:14] ChannelAction.INFO: Input Data : {"decoded":{"sub":"1","id":"1","userName":"super admin","userGroup":"1","email":"superadmin@msense.in","hotelId":"4","brandId":"7","iat":1687930001,"exp":1688016401}}  
[2023-06-28 09:49:14] ChannelAction.INFO: ======= END Channel Action (List) ================  
[2023-06-28 09:50:07] ChannelAction.INFO: ======= Start Channel Action (UPDATE) ================  
[2023-06-28 09:50:07] ChannelAction.INFO: method : POST  
[2023-06-28 09:50:07] ChannelAction.INFO: Channel id : 179  
[2023-06-28 09:50:07] ChannelAction.ERROR: Error Code : 201Error Message : Channel image required  
[2023-06-28 09:50:07] ChannelAction.ERROR: Error File : /var/www/projects/ottproduct/api/v1/src/Domain/Repository/Channel/ChannelRepository.phpError Line : 181  
[2023-06-28 09:50:07] ChannelAction.INFO: ======= END Channel Action (UPDATE) ================  
[2023-06-28 09:50:20] ChannelAction.INFO: ======= Start Channel Action (UPDATE) ================  
[2023-06-28 09:50:20] ChannelAction.INFO: method : POST  
[2023-06-28 09:50:20] ChannelAction.INFO: Channel id : 179  
[2023-06-28 09:50:20] ChannelAction.INFO: Insert Status : {"msg":"Channel Updated SuccessFully","status":"Success"}  
[2023-06-28 09:50:20] ChannelAction.INFO: ======= END Channel Action (UPDATE) ================  
[2023-06-28 09:50:20] ChannelAction.INFO: ======= Start Channel Action (List) ================  
[2023-06-28 09:50:20] ChannelAction.INFO: method : POST  
[2023-06-28 09:50:20] ChannelAction.INFO: contentType : application/json  
[2023-06-28 09:50:20] ChannelAction.INFO: Input Data : {"decoded":{"sub":"1","id":"1","userName":"super admin","userGroup":"1","email":"superadmin@msense.in","hotelId":"4","brandId":"7","iat":1687930001,"exp":1688016401}}  
[2023-06-28 09:50:20] ChannelAction.INFO: ======= END Channel Action (List) ================  
[2023-06-28 09:50:20] ChannelAction.INFO: ======= Start Channel Action (List) ================  
[2023-06-28 09:50:20] ChannelAction.INFO: method : POST  
[2023-06-28 09:50:20] ChannelAction.INFO: contentType : application/json  
[2023-06-28 09:50:20] ChannelAction.INFO: Input Data : {"decoded":{"sub":"1","id":"1","userName":"super admin","userGroup":"1","email":"superadmin@msense.in","hotelId":"4","brandId":"7","iat":1687930001,"exp":1688016401}}  
[2023-06-28 09:50:20] ChannelAction.INFO: ======= END Channel Action (List) ================  
[2023-06-28 09:50:37] ChannelAction.INFO: ======= Start Channel Action (UPDATE) ================  
[2023-06-28 09:50:37] ChannelAction.INFO: method : POST  
[2023-06-28 09:50:37] ChannelAction.INFO: Channel id : 179  
[2023-06-28 09:50:37] ChannelAction.ERROR: Error Code : 201Error Message : Channel image required  
[2023-06-28 09:50:37] ChannelAction.ERROR: Error File : /var/www/projects/ottproduct/api/v1/src/Domain/Repository/Channel/ChannelRepository.phpError Line : 181  
[2023-06-28 09:50:37] ChannelAction.INFO: ======= END Channel Action (UPDATE) ================  
[2023-06-28 09:51:36] ChannelAction.INFO: ======= Start Channel Action (UPDATE) ================  
[2023-06-28 09:51:36] ChannelAction.INFO: method : POST  
[2023-06-28 09:51:36] ChannelAction.INFO: Channel id : 179  
[2023-06-28 09:51:36] ChannelAction.INFO: Insert Status : {"msg":"Channel Updated SuccessFully","status":"Success"}  
[2023-06-28 09:51:36] ChannelAction.INFO: ======= END Channel Action (UPDATE) ================  
[2023-06-28 09:51:36] ChannelAction.INFO: ======= Start Channel Action (List) ================  
[2023-06-28 09:51:36] ChannelAction.INFO: method : POST  
[2023-06-28 09:51:36] ChannelAction.INFO: contentType : application/json  
[2023-06-28 09:51:36] ChannelAction.INFO: Input Data : {"decoded":{"sub":"1","id":"1","userName":"super admin","userGroup":"1","email":"superadmin@msense.in","hotelId":"4","brandId":"7","iat":1687930001,"exp":1688016401}}  
[2023-06-28 09:51:36] ChannelAction.INFO: ======= END Channel Action (List) ================  
[2023-06-28 09:51:36] ChannelAction.INFO: ======= Start Channel Action (List) ================  
[2023-06-28 09:51:36] ChannelAction.INFO: method : POST  
[2023-06-28 09:51:36] ChannelAction.INFO: contentType : application/json  
[2023-06-28 09:51:36] ChannelAction.INFO: Input Data : {"decoded":{"sub":"1","id":"1","userName":"super admin","userGroup":"1","email":"superadmin@msense.in","hotelId":"4","brandId":"7","iat":1687930001,"exp":1688016401}}  
[2023-06-28 09:51:36] ChannelAction.INFO: ======= END Channel Action (List) ================  
[2023-06-28 09:58:25] ChannelAction.INFO: ======= Start Channel Action (List) ================  
[2023-06-28 09:58:25] ChannelAction.INFO: method : POST  
[2023-06-28 09:58:25] ChannelAction.INFO: contentType : application/json  
[2023-06-28 09:58:25] ChannelAction.INFO: Input Data : {"decoded":{"sub":"1","id":"1","userName":"super admin","userGroup":"1","email":"superadmin@msense.in","hotelId":"4","brandId":"7","iat":1687941471,"exp":1688027871}}  
[2023-06-28 09:58:25] ChannelAction.INFO: ======= END Channel Action (List) ================  
[2023-06-28 09:58:47] ChannelAction.INFO: ======= Start Channel Action (List) ================  
[2023-06-28 09:58:47] ChannelAction.INFO: method : POST  
[2023-06-28 09:58:47] ChannelAction.INFO: contentType : application/json  
[2023-06-28 09:58:47] ChannelAction.INFO: Input Data : {"decoded":{"sub":"1","id":"1","userName":"super admin","userGroup":"1","email":"superadmin@msense.in","hotelId":"4","brandId":"7","iat":1687941471,"exp":1688027871}}  
[2023-06-28 09:58:47] ChannelAction.INFO: ======= END Channel Action (List) ================  
[2023-06-28 09:59:00] ChannelAction.INFO: ======= Start Channel Action (List) ================  
[2023-06-28 09:59:00] ChannelAction.INFO: method : POST  
[2023-06-28 09:59:00] ChannelAction.INFO: contentType : application/json  
[2023-06-28 09:59:00] ChannelAction.INFO: Input Data : {"decoded":{"sub":"1","id":"1","userName":"super admin","userGroup":"1","email":"superadmin@msense.in","hotelId":"4","brandId":"7","iat":1687941471,"exp":1688027871}}  
[2023-06-28 09:59:00] ChannelAction.INFO: ======= END Channel Action (List) ================  
[2023-06-28 09:59:03] ChannelAction.INFO: ======= Start Channel Action (Single One) ================  
[2023-06-28 09:59:03] ChannelAction.INFO: Input Type : string  
[2023-06-28 09:59:03] ChannelAction.INFO: method : GET  
[2023-06-28 09:59:03] ChannelAction.INFO: contentType : application/json  
[2023-06-28 09:59:03] ChannelAction.INFO: Input Data : {"decoded":{"sub":"1","id":"1","userName":"super admin","userGroup":"1","email":"superadmin@msense.in","hotelId":"4","brandId":"7","iat":1687941471,"exp":1688027871}}  
[2023-06-28 09:59:03] ChannelAction.INFO: group id : 179  
[2023-06-28 09:59:03] ChannelAction.INFO: ======= END Channel Action (Single One) ================  
[2023-06-28 09:59:39] ChannelAction.INFO: ======= Start Channel Action (List) ================  
[2023-06-28 09:59:39] ChannelAction.INFO: method : POST  
[2023-06-28 09:59:39] ChannelAction.INFO: contentType : application/json  
[2023-06-28 09:59:39] ChannelAction.INFO: Input Data : {"decoded":{"sub":"1","id":"1","userName":"super admin","userGroup":"1","email":"superadmin@msense.in","hotelId":"4","brandId":"7","iat":1687941471,"exp":1688027871}}  
[2023-06-28 09:59:39] ChannelAction.INFO: ======= END Channel Action (List) ================  
[2023-06-28 09:59:43] ChannelAction.INFO: ======= Start Channel Action (Single One) ================  
[2023-06-28 09:59:43] ChannelAction.INFO: Input Type : string  
[2023-06-28 09:59:43] ChannelAction.INFO: method : GET  
[2023-06-28 09:59:43] ChannelAction.INFO: contentType : application/json  
[2023-06-28 09:59:43] ChannelAction.INFO: Input Data : {"decoded":{"sub":"1","id":"1","userName":"super admin","userGroup":"1","email":"superadmin@msense.in","hotelId":"4","brandId":"7","iat":1687941471,"exp":1688027871}}  
[2023-06-28 09:59:43] ChannelAction.INFO: group id : 179  
[2023-06-28 09:59:43] ChannelAction.INFO: ======= END Channel Action (Single One) ================  
[2023-06-28 09:59:54] ChannelAction.INFO: ======= Start Channel Action (Single One) ================  
[2023-06-28 09:59:54] ChannelAction.INFO: Input Type : string  
[2023-06-28 09:59:54] ChannelAction.INFO: method : GET  
[2023-06-28 09:59:54] ChannelAction.INFO: contentType : application/json  
[2023-06-28 09:59:54] ChannelAction.INFO: Input Data : {"decoded":{"sub":"1","id":"1","userName":"super admin","userGroup":"1","email":"superadmin@msense.in","hotelId":"4","brandId":"7","iat":1687941471,"exp":1688027871}}  
[2023-06-28 09:59:54] ChannelAction.INFO: group id : 177  
[2023-06-28 09:59:54] ChannelAction.INFO: ======= END Channel Action (Single One) ================  
[2023-06-28 09:59:57] ChannelAction.INFO: ======= Start Channel Action (UPDATE) ================  
[2023-06-28 09:59:57] ChannelAction.INFO: method : POST  
[2023-06-28 09:59:57] ChannelAction.INFO: Channel id : 179  
[2023-06-28 09:59:57] ChannelAction.ERROR: Error Code : 201Error Message : Channel image required  
[2023-06-28 09:59:57] ChannelAction.ERROR: Error File : /var/www/projects/ottproduct/api/v1/src/Domain/Repository/Channel/ChannelRepository.phpError Line : 181  
[2023-06-28 09:59:57] ChannelAction.INFO: ======= END Channel Action (UPDATE) ================  
[2023-06-28 10:00:00] ChannelAction.INFO: ======= Start Channel Action (Single One) ================  
[2023-06-28 10:00:00] ChannelAction.INFO: Input Type : string  
[2023-06-28 10:00:00] ChannelAction.INFO: method : GET  
[2023-06-28 10:00:00] ChannelAction.INFO: contentType : application/json  
[2023-06-28 10:00:00] ChannelAction.INFO: Input Data : {"decoded":{"sub":"1","id":"1","userName":"super admin","userGroup":"1","email":"superadmin@msense.in","hotelId":"4","brandId":"7","iat":1687941471,"exp":1688027871}}  
[2023-06-28 10:00:00] ChannelAction.INFO: group id : 176  
[2023-06-28 10:00:00] ChannelAction.INFO: ======= END Channel Action (Single One) ================  
[2023-06-28 10:00:16] ChannelAction.INFO: ======= Start Channel Action (List) ================  
[2023-06-28 10:00:16] ChannelAction.INFO: method : POST  
[2023-06-28 10:00:16] ChannelAction.INFO: contentType : application/json  
[2023-06-28 10:00:16] ChannelAction.INFO: Input Data : {"decoded":{"sub":"1","id":"1","userName":"super admin","userGroup":"1","email":"superadmin@msense.in","hotelId":"4","brandId":"7","iat":1687941471,"exp":1688027871}}  
[2023-06-28 10:00:16] ChannelAction.INFO: ======= END Channel Action (List) ================  
[2023-06-28 10:00:19] ChannelAction.INFO: ======= Start Channel Action (List) ================  
[2023-06-28 10:00:19] ChannelAction.INFO: method : POST  
[2023-06-28 10:00:19] ChannelAction.INFO: contentType : application/json  
[2023-06-28 10:00:19] ChannelAction.INFO: Input Data : {"decoded":{"sub":"1","id":"1","userName":"super admin","userGroup":"1","email":"superadmin@msense.in","hotelId":"4","brandId":"7","iat":1687941471,"exp":1688027871}}  
[2023-06-28 10:00:19] ChannelAction.INFO: ======= END Channel Action (List) ================  
[2023-06-28 10:01:18] ChannelAction.INFO: ======= Start Channel Action (List) ================  
[2023-06-28 10:01:18] ChannelAction.INFO: method : POST  
[2023-06-28 10:01:18] ChannelAction.INFO: contentType : application/json  
[2023-06-28 10:01:18] ChannelAction.INFO: Input Data : {"decoded":{"sub":"1","id":"1","userName":"super admin","userGroup":"1","email":"superadmin@msense.in","hotelId":"4","brandId":"7","iat":1687941471,"exp":1688027871}}  
[2023-06-28 10:01:18] ChannelAction.INFO: ======= END Channel Action (List) ================  
[2023-06-28 10:01:38] ChannelAction.INFO: ======= Start Channel Action (List) ================  
[2023-06-28 10:01:38] ChannelAction.INFO: method : POST  
[2023-06-28 10:01:38] ChannelAction.INFO: contentType : application/json  
[2023-06-28 10:01:38] ChannelAction.INFO: Input Data : {"decoded":{"sub":"1","id":"1","userName":"super admin","userGroup":"1","email":"superadmin@msense.in","hotelId":"4","brandId":"7","iat":1687941471,"exp":1688027871}}  
[2023-06-28 10:01:38] ChannelAction.INFO: ======= END Channel Action (List) ================  
[2023-06-28 10:02:48] ChannelAction.INFO: ======= Start Channel Action (UPDATE) ================  
[2023-06-28 10:02:48] ChannelAction.INFO: method : POST  
[2023-06-28 10:02:48] ChannelAction.INFO: Channel id : 179  
[2023-06-28 10:02:48] ChannelAction.ERROR: Error Code : 201Error Message : Channel image required  
[2023-06-28 10:02:48] ChannelAction.ERROR: Error File : /var/www/projects/ottproduct/api/v1/src/Domain/Repository/Channel/ChannelRepository.phpError Line : 181  
[2023-06-28 10:02:48] ChannelAction.INFO: ======= END Channel Action (UPDATE) ================  
[2023-06-28 10:02:49] ChannelAction.INFO: ======= Start Channel Action (List) ================  
[2023-06-28 10:02:49] ChannelAction.INFO: method : POST  
[2023-06-28 10:02:49] ChannelAction.INFO: contentType : application/json  
[2023-06-28 10:02:49] ChannelAction.INFO: Input Data : {"decoded":{"sub":"1","id":"1","userName":"super admin","userGroup":"1","email":"superadmin@msense.in","hotelId":"4","brandId":"7","iat":1687941471,"exp":1688027871}}  
[2023-06-28 10:02:49] ChannelAction.INFO: ======= END Channel Action (List) ================  
[2023-06-28 10:03:11] ChannelAction.INFO: ======= Start Channel Action (List) ================  
[2023-06-28 10:03:11] ChannelAction.INFO: method : POST  
[2023-06-28 10:03:11] ChannelAction.INFO: contentType : application/json  
[2023-06-28 10:03:11] ChannelAction.INFO: Input Data : {"decoded":{"sub":"1","id":"1","userName":"super admin","userGroup":"1","email":"superadmin@msense.in","hotelId":"4","brandId":"7","iat":1687941471,"exp":1688027871}}  
[2023-06-28 10:03:11] ChannelAction.INFO: ======= END Channel Action (List) ================  
[2023-06-28 10:03:49] ChannelAction.INFO: ======= Start Channel Action (List) ================  
[2023-06-28 10:03:49] ChannelAction.INFO: method : POST  
[2023-06-28 10:03:49] ChannelAction.INFO: contentType : application/json  
[2023-06-28 10:03:49] ChannelAction.INFO: Input Data : {"decoded":{"sub":"1","id":"1","userName":"super admin","userGroup":"1","email":"superadmin@msense.in","hotelId":"4","brandId":"7","iat":1687941471,"exp":1688027871}}  
[2023-06-28 10:03:49] ChannelAction.INFO: ======= END Channel Action (List) ================  
[2023-06-28 10:04:16] ChannelAction.INFO: ======= Start Channel Action (UPDATE) ================  
[2023-06-28 10:04:16] ChannelAction.INFO: method : POST  
[2023-06-28 10:04:16] ChannelAction.INFO: Channel id : 179  
[2023-06-28 10:04:16] ChannelAction.ERROR: Error Code : 201Error Message : Channel image required  
[2023-06-28 10:04:16] ChannelAction.ERROR: Error File : /var/www/projects/ottproduct/api/v1/src/Domain/Repository/Channel/ChannelRepository.phpError Line : 181  
[2023-06-28 10:04:16] ChannelAction.INFO: ======= END Channel Action (UPDATE) ================  
[2023-06-28 10:05:55] ChannelAction.INFO: ======= Start Channel Action (List) ================  
[2023-06-28 10:05:55] ChannelAction.INFO: method : POST  
[2023-06-28 10:05:55] ChannelAction.INFO: contentType : application/json  
[2023-06-28 10:05:55] ChannelAction.INFO: Input Data : {"decoded":{"sub":"1","id":"1","userName":"super admin","userGroup":"1","email":"superadmin@msense.in","hotelId":"4","brandId":"7","iat":1687941471,"exp":1688027871}}  
[2023-06-28 10:05:55] ChannelAction.INFO: ======= END Channel Action (List) ================  
[2023-06-28 10:06:12] ChannelAction.INFO: ======= Start Channel Action (UPDATE) ================  
[2023-06-28 10:06:12] ChannelAction.INFO: method : POST  
[2023-06-28 10:06:12] ChannelAction.INFO: Channel id : 179  
[2023-06-28 10:06:12] ChannelAction.ERROR: Error Code : 201Error Message : Channel image required  
[2023-06-28 10:06:12] ChannelAction.ERROR: Error File : /var/www/projects/ottproduct/api/v1/src/Domain/Repository/Channel/ChannelRepository.phpError Line : 181  
[2023-06-28 10:06:12] ChannelAction.INFO: ======= END Channel Action (UPDATE) ================  
[2023-06-28 10:06:31] ChannelAction.INFO: ======= Start Channel Action (UPDATE) ================  
[2023-06-28 10:06:31] ChannelAction.INFO: method : POST  
[2023-06-28 10:06:31] ChannelAction.INFO: Channel id : 179  
[2023-06-28 10:06:31] ChannelAction.ERROR: Error Code : 201Error Message : Channel image required  
[2023-06-28 10:06:31] ChannelAction.ERROR: Error File : /var/www/projects/ottproduct/api/v1/src/Domain/Repository/Channel/ChannelRepository.phpError Line : 181  
[2023-06-28 10:06:31] ChannelAction.INFO: ======= END Channel Action (UPDATE) ================  
[2023-06-28 10:07:10] ChannelAction.INFO: ======= Start Channel Action (List) ================  
[2023-06-28 10:07:10] ChannelAction.INFO: method : POST  
[2023-06-28 10:07:10] ChannelAction.INFO: contentType : application/json  
[2023-06-28 10:07:10] ChannelAction.INFO: Input Data : {"decoded":{"sub":"1","id":"1","userName":"super admin","userGroup":"1","email":"superadmin@msense.in","hotelId":"4","brandId":"7","iat":1687941471,"exp":1688027871}}  
[2023-06-28 10:07:10] ChannelAction.INFO: ======= END Channel Action (List) ================  
[2023-06-28 10:09:13] ChannelAction.INFO: ======= Start Channel Action (UPDATE) ================  
[2023-06-28 10:09:13] ChannelAction.INFO: method : POST  
[2023-06-28 10:09:13] ChannelAction.INFO: Channel id : 179  
[2023-06-28 10:09:13] ChannelAction.INFO: Insert Status : {"msg":"Channel image Required","status":"FAILURE"}  
[2023-06-28 10:09:13] ChannelAction.INFO: ======= END Channel Action (UPDATE) ================  
[2023-06-28 10:09:13] ChannelAction.INFO: ======= Start Channel Action (List) ================  
[2023-06-28 10:09:13] ChannelAction.INFO: method : POST  
[2023-06-28 10:09:13] ChannelAction.INFO: contentType : application/json  
[2023-06-28 10:09:13] ChannelAction.INFO: Input Data : {"decoded":{"sub":"1","id":"1","userName":"super admin","userGroup":"1","email":"superadmin@msense.in","hotelId":"4","brandId":"7","iat":1687941471,"exp":1688027871}}  
[2023-06-28 10:09:13] ChannelAction.INFO: ======= END Channel Action (List) ================  
[2023-06-28 10:09:13] ChannelAction.INFO: ======= Start Channel Action (List) ================  
[2023-06-28 10:09:13] ChannelAction.INFO: method : POST  
[2023-06-28 10:09:13] ChannelAction.INFO: contentType : application/json  
[2023-06-28 10:09:13] ChannelAction.INFO: Input Data : {"decoded":{"sub":"1","id":"1","userName":"super admin","userGroup":"1","email":"superadmin@msense.in","hotelId":"4","brandId":"7","iat":1687941471,"exp":1688027871}}  
[2023-06-28 10:09:13] ChannelAction.INFO: ======= END Channel Action (List) ================  
[2023-06-28 10:09:17] ChannelAction.INFO: ======= Start Channel Action (List) ================  
[2023-06-28 10:09:17] ChannelAction.INFO: method : POST  
[2023-06-28 10:09:17] ChannelAction.INFO: contentType : application/json  
[2023-06-28 10:09:17] ChannelAction.INFO: Input Data : {"decoded":{"sub":"1","id":"1","userName":"super admin","userGroup":"1","email":"superadmin@msense.in","hotelId":"4","brandId":"7","iat":1687930001,"exp":1688016401}}  
[2023-06-28 10:09:17] ChannelAction.INFO: ======= END Channel Action (List) ================  
[2023-06-28 10:09:48] ChannelAction.INFO: ======= Start Channel Action (List) ================  
[2023-06-28 10:09:48] ChannelAction.INFO: method : POST  
[2023-06-28 10:09:48] ChannelAction.INFO: contentType : application/json  
[2023-06-28 10:09:48] ChannelAction.INFO: Input Data : {"decoded":{"sub":"1","id":"1","userName":"super admin","userGroup":"1","email":"superadmin@msense.in","hotelId":"4","brandId":"7","iat":1687930001,"exp":1688016401}}  
[2023-06-28 10:09:48] ChannelAction.INFO: ======= END Channel Action (List) ================  
[2023-06-28 10:11:48] ChannelAction.INFO: ======= Start Channel Action (List) ================  
[2023-06-28 10:11:48] ChannelAction.INFO: method : POST  
[2023-06-28 10:11:48] ChannelAction.INFO: contentType : application/json  
[2023-06-28 10:11:48] ChannelAction.INFO: Input Data : {"decoded":{"sub":"1","id":"1","userName":"super admin","userGroup":"1","email":"superadmin@msense.in","hotelId":"4","brandId":"7","iat":1687941471,"exp":1688027871}}  
[2023-06-28 10:11:48] ChannelAction.INFO: ======= END Channel Action (List) ================  
[2023-06-28 10:11:58] ChannelAction.INFO: ======= Start Channel Action (UPDATE) ================  
[2023-06-28 10:11:58] ChannelAction.INFO: method : POST  
[2023-06-28 10:11:58] ChannelAction.INFO: Channel id : 179  
[2023-06-28 10:11:58] ChannelAction.INFO: Insert Status : {"msg":"Channel image Required","status":"FAILURE"}  
[2023-06-28 10:11:58] ChannelAction.INFO: ======= END Channel Action (UPDATE) ================  
[2023-06-28 10:11:58] ChannelAction.INFO: ======= Start Channel Action (List) ================  
[2023-06-28 10:11:58] ChannelAction.INFO: method : POST  
[2023-06-28 10:11:58] ChannelAction.INFO: contentType : application/json  
[2023-06-28 10:11:58] ChannelAction.INFO: Input Data : {"decoded":{"sub":"1","id":"1","userName":"super admin","userGroup":"1","email":"superadmin@msense.in","hotelId":"4","brandId":"7","iat":1687941471,"exp":1688027871}}  
[2023-06-28 10:11:58] ChannelAction.INFO: ======= END Channel Action (List) ================  
[2023-06-28 10:11:58] ChannelAction.INFO: ======= Start Channel Action (List) ================  
[2023-06-28 10:11:58] ChannelAction.INFO: method : POST  
[2023-06-28 10:11:58] ChannelAction.INFO: contentType : application/json  
[2023-06-28 10:11:58] ChannelAction.INFO: Input Data : {"decoded":{"sub":"1","id":"1","userName":"super admin","userGroup":"1","email":"superadmin@msense.in","hotelId":"4","brandId":"7","iat":1687941471,"exp":1688027871}}  
[2023-06-28 10:11:58] ChannelAction.INFO: ======= END Channel Action (List) ================  
[2023-06-28 10:12:35] ChannelAction.INFO: ======= Start Channel Action (List) ================  
[2023-06-28 10:12:35] ChannelAction.INFO: method : POST  
[2023-06-28 10:12:35] ChannelAction.INFO: contentType : application/json  
[2023-06-28 10:12:35] ChannelAction.INFO: Input Data : {"decoded":{"sub":"1","id":"1","userName":"super admin","userGroup":"1","email":"superadmin@msense.in","hotelId":"4","brandId":"7","iat":1687947151,"exp":1688033551}}  
[2023-06-28 10:12:35] ChannelAction.INFO: ======= END Channel Action (List) ================  
[2023-06-28 10:12:50] ChannelAction.INFO: ======= Start Channel Action (UPDATE) ================  
[2023-06-28 10:12:50] ChannelAction.INFO: method : POST  
[2023-06-28 10:12:50] ChannelAction.INFO: Channel id : 179  
[2023-06-28 10:12:50] ChannelAction.INFO: Insert Status : {"msg":"Channel image Required","status":"FAILURE"}  
[2023-06-28 10:12:50] ChannelAction.INFO: ======= END Channel Action (UPDATE) ================  
[2023-06-28 10:12:50] ChannelAction.INFO: ======= Start Channel Action (List) ================  
[2023-06-28 10:12:50] ChannelAction.INFO: method : POST  
[2023-06-28 10:12:50] ChannelAction.INFO: contentType : application/json  
[2023-06-28 10:12:50] ChannelAction.INFO: Input Data : {"decoded":{"sub":"1","id":"1","userName":"super admin","userGroup":"1","email":"superadmin@msense.in","hotelId":"4","brandId":"7","iat":1687947151,"exp":1688033551}}  
[2023-06-28 10:12:50] ChannelAction.INFO: ======= END Channel Action (List) ================  
[2023-06-28 10:12:50] ChannelAction.INFO: ======= Start Channel Action (List) ================  
[2023-06-28 10:12:50] ChannelAction.INFO: method : POST  
[2023-06-28 10:12:50] ChannelAction.INFO: contentType : application/json  
[2023-06-28 10:12:50] ChannelAction.INFO: Input Data : {"decoded":{"sub":"1","id":"1","userName":"super admin","userGroup":"1","email":"superadmin@msense.in","hotelId":"4","brandId":"7","iat":1687947151,"exp":1688033551}}  
[2023-06-28 10:12:50] ChannelAction.INFO: ======= END Channel Action (List) ================  
[2023-06-28 10:12:59] ChannelAction.INFO: ======= Start Channel Action (UPDATE) ================  
[2023-06-28 10:12:59] ChannelAction.INFO: method : POST  
[2023-06-28 10:12:59] ChannelAction.INFO: Channel id : 179  
[2023-06-28 10:12:59] ChannelAction.INFO: Insert Status : {"msg":"Channel image Required","status":"FAILURE"}  
[2023-06-28 10:12:59] ChannelAction.INFO: ======= END Channel Action (UPDATE) ================  
[2023-06-28 10:12:59] ChannelAction.INFO: ======= Start Channel Action (List) ================  
[2023-06-28 10:12:59] ChannelAction.INFO: method : POST  
[2023-06-28 10:12:59] ChannelAction.INFO: contentType : application/json  
[2023-06-28 10:12:59] ChannelAction.INFO: Input Data : {"decoded":{"sub":"1","id":"1","userName":"super admin","userGroup":"1","email":"superadmin@msense.in","hotelId":"4","brandId":"7","iat":1687947151,"exp":1688033551}}  
[2023-06-28 10:12:59] ChannelAction.INFO: ======= END Channel Action (List) ================  
[2023-06-28 10:13:00] ChannelAction.INFO: ======= Start Channel Action (List) ================  
[2023-06-28 10:13:00] ChannelAction.INFO: method : POST  
[2023-06-28 10:13:00] ChannelAction.INFO: contentType : application/json  
[2023-06-28 10:13:00] ChannelAction.INFO: Input Data : {"decoded":{"sub":"1","id":"1","userName":"super admin","userGroup":"1","email":"superadmin@msense.in","hotelId":"4","brandId":"7","iat":1687947151,"exp":1688033551}}  
[2023-06-28 10:13:00] ChannelAction.INFO: ======= END Channel Action (List) ================  
[2023-06-28 10:13:55] ChannelAction.INFO: ======= Start Channel Action (List) ================  
[2023-06-28 10:13:55] ChannelAction.INFO: method : POST  
[2023-06-28 10:13:55] ChannelAction.INFO: contentType : application/json  
[2023-06-28 10:13:55] ChannelAction.INFO: Input Data : {"decoded":{"sub":"1","id":"1","userName":"super admin","userGroup":"1","email":"superadmin@msense.in","hotelId":"4","brandId":"7","iat":1687947151,"exp":1688033551}}  
[2023-06-28 10:13:55] ChannelAction.INFO: ======= END Channel Action (List) ================  
[2023-06-28 10:14:01] ChannelAction.INFO: ======= Start Channel Action (UPDATE) ================  
[2023-06-28 10:14:01] ChannelAction.INFO: method : POST  
[2023-06-28 10:14:01] ChannelAction.INFO: Channel id : 179  
[2023-06-28 10:14:01] ChannelAction.INFO: Insert Status : {"msg":"Channel image Required","status":"FAILURE"}  
[2023-06-28 10:14:01] ChannelAction.INFO: ======= END Channel Action (UPDATE) ================  
[2023-06-28 10:14:01] ChannelAction.INFO: ======= Start Channel Action (List) ================  
[2023-06-28 10:14:01] ChannelAction.INFO: method : POST  
[2023-06-28 10:14:01] ChannelAction.INFO: contentType : application/json  
[2023-06-28 10:14:01] ChannelAction.INFO: Input Data : {"decoded":{"sub":"1","id":"1","userName":"super admin","userGroup":"1","email":"superadmin@msense.in","hotelId":"4","brandId":"7","iat":1687947151,"exp":1688033551}}  
[2023-06-28 10:14:01] ChannelAction.INFO: ======= END Channel Action (List) ================  
[2023-06-28 10:14:01] ChannelAction.INFO: ======= Start Channel Action (List) ================  
[2023-06-28 10:14:01] ChannelAction.INFO: method : POST  
[2023-06-28 10:14:01] ChannelAction.INFO: contentType : application/json  
[2023-06-28 10:14:01] ChannelAction.INFO: Input Data : {"decoded":{"sub":"1","id":"1","userName":"super admin","userGroup":"1","email":"superadmin@msense.in","hotelId":"4","brandId":"7","iat":1687947151,"exp":1688033551}}  
[2023-06-28 10:14:01] ChannelAction.INFO: ======= END Channel Action (List) ================  
[2023-06-28 10:14:28] ChannelAction.INFO: ======= Start Channel Action (UPDATE) ================  
[2023-06-28 10:14:28] ChannelAction.INFO: method : POST  
[2023-06-28 10:14:28] ChannelAction.INFO: Channel id : 179  
[2023-06-28 10:14:28] ChannelAction.INFO: Insert Status : {"msg":"Channel image Required","status":"FAILURE"}  
[2023-06-28 10:14:28] ChannelAction.INFO: ======= END Channel Action (UPDATE) ================  
[2023-06-28 10:14:28] ChannelAction.INFO: ======= Start Channel Action (List) ================  
[2023-06-28 10:14:28] ChannelAction.INFO: method : POST  
[2023-06-28 10:14:28] ChannelAction.INFO: contentType : application/json  
[2023-06-28 10:14:28] ChannelAction.INFO: Input Data : {"decoded":{"sub":"1","id":"1","userName":"super admin","userGroup":"1","email":"superadmin@msense.in","hotelId":"4","brandId":"7","iat":1687947151,"exp":1688033551}}  
[2023-06-28 10:14:28] ChannelAction.INFO: ======= END Channel Action (List) ================  
[2023-06-28 10:14:28] ChannelAction.INFO: ======= Start Channel Action (List) ================  
[2023-06-28 10:14:28] ChannelAction.INFO: method : POST  
[2023-06-28 10:14:28] ChannelAction.INFO: contentType : application/json  
[2023-06-28 10:14:28] ChannelAction.INFO: Input Data : {"decoded":{"sub":"1","id":"1","userName":"super admin","userGroup":"1","email":"superadmin@msense.in","hotelId":"4","brandId":"7","iat":1687947151,"exp":1688033551}}  
[2023-06-28 10:14:28] ChannelAction.INFO: ======= END Channel Action (List) ================  
[2023-06-28 10:15:51] ChannelAction.INFO: ======= Start Channel Action (List) ================  
[2023-06-28 10:15:51] ChannelAction.INFO: method : POST  
[2023-06-28 10:15:51] ChannelAction.INFO: contentType : application/json  
[2023-06-28 10:15:51] ChannelAction.INFO: Input Data : {"decoded":{"sub":"1","id":"1","userName":"super admin","userGroup":"1","email":"superadmin@msense.in","hotelId":"4","brandId":"7","iat":1687947151,"exp":1688033551}}  
[2023-06-28 10:15:51] ChannelAction.INFO: ======= END Channel Action (List) ================  
[2023-06-28 10:16:09] ChannelAction.INFO: ======= Start Channel Action (List) ================  
[2023-06-28 10:16:09] ChannelAction.INFO: method : POST  
[2023-06-28 10:16:09] ChannelAction.INFO: contentType : application/json  
[2023-06-28 10:16:09] ChannelAction.INFO: Input Data : {"decoded":{"sub":"1","id":"1","userName":"super admin","userGroup":"1","email":"superadmin@msense.in","hotelId":"4","brandId":"7","iat":1687947151,"exp":1688033551}}  
[2023-06-28 10:16:09] ChannelAction.INFO: ======= END Channel Action (List) ================  
[2023-06-28 10:16:19] ChannelAction.INFO: ======= Start Channel Action (UPDATE) ================  
[2023-06-28 10:16:19] ChannelAction.INFO: method : POST  
[2023-06-28 10:16:19] ChannelAction.INFO: Channel id : 179  
[2023-06-28 10:16:19] ChannelAction.INFO: Insert Status : {"msg":"Channel Updated SuccessFully","status":"Success"}  
[2023-06-28 10:16:19] ChannelAction.INFO: ======= END Channel Action (UPDATE) ================  
[2023-06-28 10:16:19] ChannelAction.INFO: ======= Start Channel Action (List) ================  
[2023-06-28 10:16:19] ChannelAction.INFO: method : POST  
[2023-06-28 10:16:19] ChannelAction.INFO: contentType : application/json  
[2023-06-28 10:16:19] ChannelAction.INFO: Input Data : {"decoded":{"sub":"1","id":"1","userName":"super admin","userGroup":"1","email":"superadmin@msense.in","hotelId":"4","brandId":"7","iat":1687947151,"exp":1688033551}}  
[2023-06-28 10:16:19] ChannelAction.INFO: ======= END Channel Action (List) ================  
[2023-06-28 10:16:19] ChannelAction.INFO: ======= Start Channel Action (List) ================  
[2023-06-28 10:16:19] ChannelAction.INFO: method : POST  
[2023-06-28 10:16:19] ChannelAction.INFO: contentType : application/json  
[2023-06-28 10:16:19] ChannelAction.INFO: Input Data : {"decoded":{"sub":"1","id":"1","userName":"super admin","userGroup":"1","email":"superadmin@msense.in","hotelId":"4","brandId":"7","iat":1687947151,"exp":1688033551}}  
[2023-06-28 10:16:19] ChannelAction.INFO: ======= END Channel Action (List) ================  
[2023-06-28 10:17:11] ChannelAction.INFO: ======= Start Channel Action (List) ================  
[2023-06-28 10:17:11] ChannelAction.INFO: method : POST  
[2023-06-28 10:17:11] ChannelAction.INFO: contentType : application/json  
[2023-06-28 10:17:11] ChannelAction.INFO: Input Data : {"decoded":{"sub":"1","id":"1","userName":"super admin","userGroup":"1","email":"superadmin@msense.in","hotelId":"4","brandId":"7","iat":1687947151,"exp":1688033551}}  
[2023-06-28 10:17:11] ChannelAction.INFO: ======= END Channel Action (List) ================  
[2023-06-28 10:17:15] ChannelAction.INFO: ======= Start Edit Brand Action ================  
[2023-06-28 10:17:15] ChannelAction.INFO: method : DELETE  
[2023-06-28 10:17:15] ChannelAction.INFO: contentType : application/json  
[2023-06-28 10:17:15] ChannelAction.INFO: Input Data : {"decoded":{"sub":"1","id":"1","userName":"super admin","userGroup":"1","email":"superadmin@msense.in","hotelId":"4","brandId":"7","iat":1687947151,"exp":1688033551}}  
[2023-06-28 10:17:15] ChannelAction.INFO: ======= END Edit Brand Action ================  
[2023-06-28 10:17:15] ChannelAction.INFO: ======= Start Channel Action (List) ================  
[2023-06-28 10:17:15] ChannelAction.INFO: method : POST  
[2023-06-28 10:17:15] ChannelAction.INFO: contentType : application/json  
[2023-06-28 10:17:15] ChannelAction.INFO: Input Data : {"decoded":{"sub":"1","id":"1","userName":"super admin","userGroup":"1","email":"superadmin@msense.in","hotelId":"4","brandId":"7","iat":1687947151,"exp":1688033551}}  
[2023-06-28 10:17:15] ChannelAction.INFO: ======= END Channel Action (List) ================  
[2023-06-28 10:17:29] ChannelAction.INFO: ======= Start Channel Action (UPDATE) ================  
[2023-06-28 10:17:29] ChannelAction.INFO: method : POST  
[2023-06-28 10:17:29] ChannelAction.INFO: Channel id : 177  
[2023-06-28 10:17:29] ChannelAction.INFO: Insert Status : {"msg":"Channel Updated SuccessFully","status":"Success"}  
[2023-06-28 10:17:29] ChannelAction.INFO: ======= END Channel Action (UPDATE) ================  
[2023-06-28 10:17:29] ChannelAction.INFO: ======= Start Channel Action (List) ================  
[2023-06-28 10:17:29] ChannelAction.INFO: method : POST  
[2023-06-28 10:17:29] ChannelAction.INFO: contentType : application/json  
[2023-06-28 10:17:29] ChannelAction.INFO: Input Data : {"decoded":{"sub":"1","id":"1","userName":"super admin","userGroup":"1","email":"superadmin@msense.in","hotelId":"4","brandId":"7","iat":1687947151,"exp":1688033551}}  
[2023-06-28 10:17:29] ChannelAction.INFO: ======= END Channel Action (List) ================  
[2023-06-28 10:17:29] ChannelAction.INFO: ======= Start Channel Action (List) ================  
[2023-06-28 10:17:29] ChannelAction.INFO: method : POST  
[2023-06-28 10:17:29] ChannelAction.INFO: contentType : application/json  
[2023-06-28 10:17:29] ChannelAction.INFO: Input Data : {"decoded":{"sub":"1","id":"1","userName":"super admin","userGroup":"1","email":"superadmin@msense.in","hotelId":"4","brandId":"7","iat":1687947151,"exp":1688033551}}  
[2023-06-28 10:17:29] ChannelAction.INFO: ======= END Channel Action (List) ================  
[2023-06-28 10:17:54] ChannelAction.INFO: ======= Start Channel Action (List) ================  
[2023-06-28 10:17:54] ChannelAction.INFO: method : POST  
[2023-06-28 10:17:54] ChannelAction.INFO: contentType : application/json  
[2023-06-28 10:17:54] ChannelAction.INFO: Input Data : {"decoded":{"sub":"1","id":"1","userName":"super admin","userGroup":"1","email":"superadmin@msense.in","hotelId":"4","brandId":"7","iat":1687947151,"exp":1688033551}}  
[2023-06-28 10:17:54] ChannelAction.INFO: ======= END Channel Action (List) ================  
[2023-06-28 10:18:09] ChannelAction.INFO: ======= Start Channel Action (List) ================  
[2023-06-28 10:18:09] ChannelAction.INFO: method : POST  
[2023-06-28 10:18:09] ChannelAction.INFO: contentType : application/json  
[2023-06-28 10:18:09] ChannelAction.INFO: Input Data : {"decoded":{"sub":"1","id":"1","userName":"super admin","userGroup":"1","email":"superadmin@msense.in","hotelId":"4","brandId":"7","iat":1687947151,"exp":1688033551}}  
[2023-06-28 10:18:09] ChannelAction.INFO: ======= END Channel Action (List) ================  
[2023-06-28 10:18:21] ChannelAction.INFO: ======= Start Channel Action (List) ================  
[2023-06-28 10:18:21] ChannelAction.INFO: method : POST  
[2023-06-28 10:18:21] ChannelAction.INFO: contentType : application/json  
[2023-06-28 10:18:21] ChannelAction.INFO: Input Data : {"decoded":{"sub":"1","id":"1","userName":"super admin","userGroup":"1","email":"superadmin@msense.in","hotelId":"4","brandId":"7","iat":1687947151,"exp":1688033551}}  
[2023-06-28 10:18:21] ChannelAction.INFO: ======= END Channel Action (List) ================  
[2023-06-28 10:18:27] ChannelAction.INFO: ======= Start Channel Action (List) ================  
[2023-06-28 10:18:27] ChannelAction.INFO: method : POST  
[2023-06-28 10:18:27] ChannelAction.INFO: contentType : application/json  
[2023-06-28 10:18:27] ChannelAction.INFO: Input Data : {"decoded":{"sub":"1","id":"1","userName":"super admin","userGroup":"1","email":"superadmin@msense.in","hotelId":"4","brandId":"7","iat":1687947151,"exp":1688033551}}  
[2023-06-28 10:18:27] ChannelAction.INFO: ======= END Channel Action (List) ================  
[2023-06-28 10:18:32] ChannelAction.INFO: ======= Start Edit Brand Action ================  
[2023-06-28 10:18:32] ChannelAction.INFO: method : DELETE  
[2023-06-28 10:18:32] ChannelAction.INFO: contentType : application/json  
[2023-06-28 10:18:32] ChannelAction.INFO: Input Data : {"decoded":{"sub":"1","id":"1","userName":"super admin","userGroup":"1","email":"superadmin@msense.in","hotelId":"4","brandId":"7","iat":1687947151,"exp":1688033551}}  
[2023-06-28 10:18:32] ChannelAction.INFO: ======= END Edit Brand Action ================  
[2023-06-28 10:18:32] ChannelAction.INFO: ======= Start Channel Action (List) ================  
[2023-06-28 10:18:32] ChannelAction.INFO: method : POST  
[2023-06-28 10:18:32] ChannelAction.INFO: contentType : application/json  
[2023-06-28 10:18:32] ChannelAction.INFO: Input Data : {"decoded":{"sub":"1","id":"1","userName":"super admin","userGroup":"1","email":"superadmin@msense.in","hotelId":"4","brandId":"7","iat":1687947151,"exp":1688033551}}  
[2023-06-28 10:18:32] ChannelAction.INFO: ======= END Channel Action (List) ================  
[2023-06-28 10:18:43] ChannelAction.INFO: ======= Start Channel Action (UPDATE) ================  
[2023-06-28 10:18:43] ChannelAction.INFO: method : POST  
[2023-06-28 10:18:43] ChannelAction.INFO: Channel id : 176  
[2023-06-28 10:18:43] ChannelAction.INFO: Insert Status : {"msg":"Channel Updated SuccessFully","status":"Success"}  
[2023-06-28 10:18:43] ChannelAction.INFO: ======= END Channel Action (UPDATE) ================  
[2023-06-28 10:18:43] ChannelAction.INFO: ======= Start Channel Action (List) ================  
[2023-06-28 10:18:43] ChannelAction.INFO: method : POST  
[2023-06-28 10:18:43] ChannelAction.INFO: contentType : application/json  
[2023-06-28 10:18:43] ChannelAction.INFO: Input Data : {"decoded":{"sub":"1","id":"1","userName":"super admin","userGroup":"1","email":"superadmin@msense.in","hotelId":"4","brandId":"7","iat":1687947151,"exp":1688033551}}  
[2023-06-28 10:18:43] ChannelAction.INFO: ======= END Channel Action (List) ================  
[2023-06-28 10:18:43] ChannelAction.INFO: ======= Start Channel Action (List) ================  
[2023-06-28 10:18:43] ChannelAction.INFO: method : POST  
[2023-06-28 10:18:43] ChannelAction.INFO: contentType : application/json  
[2023-06-28 10:18:43] ChannelAction.INFO: Input Data : {"decoded":{"sub":"1","id":"1","userName":"super admin","userGroup":"1","email":"superadmin@msense.in","hotelId":"4","brandId":"7","iat":1687947151,"exp":1688033551}}  
[2023-06-28 10:18:43] ChannelAction.INFO: ======= END Channel Action (List) ================  
[2023-06-28 10:19:00] ChannelAction.INFO: ======= Start Channel Action (List) ================  
[2023-06-28 10:19:00] ChannelAction.INFO: method : POST  
[2023-06-28 10:19:00] ChannelAction.INFO: contentType : application/json  
[2023-06-28 10:19:00] ChannelAction.INFO: Input Data : {"decoded":{"sub":"1","id":"1","userName":"super admin","userGroup":"1","email":"superadmin@msense.in","hotelId":"4","brandId":"7","iat":1687947151,"exp":1688033551}}  
[2023-06-28 10:19:00] ChannelAction.INFO: ======= END Channel Action (List) ================  
[2023-06-28 10:19:06] ChannelAction.INFO: ======= Start Edit Brand Action ================  
[2023-06-28 10:19:06] ChannelAction.INFO: method : DELETE  
[2023-06-28 10:19:06] ChannelAction.INFO: contentType : application/json  
[2023-06-28 10:19:06] ChannelAction.INFO: Input Data : {"decoded":{"sub":"1","id":"1","userName":"super admin","userGroup":"1","email":"superadmin@msense.in","hotelId":"4","brandId":"7","iat":1687947151,"exp":1688033551}}  
[2023-06-28 10:19:06] ChannelAction.INFO: ======= END Edit Brand Action ================  
[2023-06-28 10:19:06] ChannelAction.INFO: ======= Start Channel Action (List) ================  
[2023-06-28 10:19:06] ChannelAction.INFO: method : POST  
[2023-06-28 10:19:06] ChannelAction.INFO: contentType : application/json  
[2023-06-28 10:19:06] ChannelAction.INFO: Input Data : {"decoded":{"sub":"1","id":"1","userName":"super admin","userGroup":"1","email":"superadmin@msense.in","hotelId":"4","brandId":"7","iat":1687947151,"exp":1688033551}}  
[2023-06-28 10:19:06] ChannelAction.INFO: ======= END Channel Action (List) ================  
[2023-06-28 10:19:18] ChannelAction.INFO: ======= Start Channel Action (UPDATE) ================  
[2023-06-28 10:19:18] ChannelAction.INFO: method : POST  
[2023-06-28 10:19:18] ChannelAction.INFO: Channel id : 175  
[2023-06-28 10:19:18] ChannelAction.INFO: Insert Status : {"msg":"Channel Updated SuccessFully","status":"Success"}  
[2023-06-28 10:19:18] ChannelAction.INFO: ======= END Channel Action (UPDATE) ================  
[2023-06-28 10:19:18] ChannelAction.INFO: ======= Start Channel Action (List) ================  
[2023-06-28 10:19:18] ChannelAction.INFO: method : POST  
[2023-06-28 10:19:18] ChannelAction.INFO: contentType : application/json  
[2023-06-28 10:19:18] ChannelAction.INFO: Input Data : {"decoded":{"sub":"1","id":"1","userName":"super admin","userGroup":"1","email":"superadmin@msense.in","hotelId":"4","brandId":"7","iat":1687947151,"exp":1688033551}}  
[2023-06-28 10:19:18] ChannelAction.INFO: ======= END Channel Action (List) ================  
[2023-06-28 10:19:18] ChannelAction.INFO: ======= Start Channel Action (List) ================  
[2023-06-28 10:19:18] ChannelAction.INFO: method : POST  
[2023-06-28 10:19:18] ChannelAction.INFO: contentType : application/json  
[2023-06-28 10:19:18] ChannelAction.INFO: Input Data : {"decoded":{"sub":"1","id":"1","userName":"super admin","userGroup":"1","email":"superadmin@msense.in","hotelId":"4","brandId":"7","iat":1687947151,"exp":1688033551}}  
[2023-06-28 10:19:18] ChannelAction.INFO: ======= END Channel Action (List) ================  
[2023-06-28 10:19:39] ChannelAction.INFO: ======= Start Edit Brand Action ================  
[2023-06-28 10:19:39] ChannelAction.INFO: method : DELETE  
[2023-06-28 10:19:39] ChannelAction.INFO: contentType : application/json  
[2023-06-28 10:19:39] ChannelAction.INFO: Input Data : {"decoded":{"sub":"1","id":"1","userName":"super admin","userGroup":"1","email":"superadmin@msense.in","hotelId":"4","brandId":"7","iat":1687947151,"exp":1688033551}}  
[2023-06-28 10:19:39] ChannelAction.INFO: ======= END Edit Brand Action ================  
[2023-06-28 10:19:39] ChannelAction.INFO: ======= Start Channel Action (List) ================  
[2023-06-28 10:19:39] ChannelAction.INFO: method : POST  
[2023-06-28 10:19:39] ChannelAction.INFO: contentType : application/json  
[2023-06-28 10:19:39] ChannelAction.INFO: Input Data : {"decoded":{"sub":"1","id":"1","userName":"super admin","userGroup":"1","email":"superadmin@msense.in","hotelId":"4","brandId":"7","iat":1687947151,"exp":1688033551}}  
[2023-06-28 10:19:39] ChannelAction.INFO: ======= END Channel Action (List) ================  
[2023-06-28 10:19:48] ChannelAction.INFO: ======= Start Channel Action (UPDATE) ================  
[2023-06-28 10:19:48] ChannelAction.INFO: method : POST  
[2023-06-28 10:19:48] ChannelAction.INFO: Channel id : 179  
[2023-06-28 10:19:48] ChannelAction.INFO: Insert Status : {"msg":"Invalid Channel Id","status":"FAILURE"}  
[2023-06-28 10:19:48] ChannelAction.INFO: ======= END Channel Action (UPDATE) ================  
[2023-06-28 10:19:48] ChannelAction.INFO: ======= Start Channel Action (List) ================  
[2023-06-28 10:19:48] ChannelAction.INFO: method : POST  
[2023-06-28 10:19:48] ChannelAction.INFO: contentType : application/json  
[2023-06-28 10:19:48] ChannelAction.INFO: Input Data : {"decoded":{"sub":"1","id":"1","userName":"super admin","userGroup":"1","email":"superadmin@msense.in","hotelId":"4","brandId":"7","iat":1687930001,"exp":1688016401}}  
[2023-06-28 10:19:48] ChannelAction.INFO: ======= END Channel Action (List) ================  
[2023-06-28 10:19:48] ChannelAction.INFO: ======= Start Channel Action (List) ================  
[2023-06-28 10:19:48] ChannelAction.INFO: method : POST  
[2023-06-28 10:19:48] ChannelAction.INFO: contentType : application/json  
[2023-06-28 10:19:48] ChannelAction.INFO: Input Data : {"decoded":{"sub":"1","id":"1","userName":"super admin","userGroup":"1","email":"superadmin@msense.in","hotelId":"4","brandId":"7","iat":1687930001,"exp":1688016401}}  
[2023-06-28 10:19:48] ChannelAction.INFO: ======= END Channel Action (List) ================  
[2023-06-28 10:19:54] ChannelAction.INFO: ======= Start Channel Action (List) ================  
[2023-06-28 10:19:54] ChannelAction.INFO: method : POST  
[2023-06-28 10:19:54] ChannelAction.INFO: contentType : application/json  
[2023-06-28 10:19:54] ChannelAction.INFO: Input Data : {"decoded":{"sub":"1","id":"1","userName":"super admin","userGroup":"1","email":"superadmin@msense.in","hotelId":"4","brandId":"7","iat":1687930001,"exp":1688016401}}  
[2023-06-28 10:19:54] ChannelAction.INFO: ======= END Channel Action (List) ================  
[2023-06-28 10:20:01] ChannelAction.INFO: ======= Start Channel Action (UPDATE) ================  
[2023-06-28 10:20:01] ChannelAction.INFO: method : POST  
[2023-06-28 10:20:01] ChannelAction.INFO: Channel id : 174  
[2023-06-28 10:20:01] ChannelAction.INFO: Insert Status : {"msg":"Channel Updated SuccessFully","status":"Success"}  
[2023-06-28 10:20:01] ChannelAction.INFO: ======= END Channel Action (UPDATE) ================  
[2023-06-28 10:20:01] ChannelAction.INFO: ======= Start Channel Action (List) ================  
[2023-06-28 10:20:01] ChannelAction.INFO: method : POST  
[2023-06-28 10:20:01] ChannelAction.INFO: contentType : application/json  
[2023-06-28 10:20:01] ChannelAction.INFO: Input Data : {"decoded":{"sub":"1","id":"1","userName":"super admin","userGroup":"1","email":"superadmin@msense.in","hotelId":"4","brandId":"7","iat":1687930001,"exp":1688016401}}  
[2023-06-28 10:20:01] ChannelAction.INFO: ======= END Channel Action (List) ================  
[2023-06-28 10:20:01] ChannelAction.INFO: ======= Start Channel Action (List) ================  
[2023-06-28 10:20:01] ChannelAction.INFO: method : POST  
[2023-06-28 10:20:01] ChannelAction.INFO: contentType : application/json  
[2023-06-28 10:20:01] ChannelAction.INFO: Input Data : {"decoded":{"sub":"1","id":"1","userName":"super admin","userGroup":"1","email":"superadmin@msense.in","hotelId":"4","brandId":"7","iat":1687930001,"exp":1688016401}}  
[2023-06-28 10:20:01] ChannelAction.INFO: ======= END Channel Action (List) ================  
[2023-06-28 10:20:33] ChannelAction.INFO: ======= Start Channel Action (List) ================  
[2023-06-28 10:20:33] ChannelAction.INFO: method : POST  
[2023-06-28 10:20:33] ChannelAction.INFO: contentType : application/json  
[2023-06-28 10:20:33] ChannelAction.INFO: Input Data : {"decoded":{"sub":"1","id":"1","userName":"super admin","userGroup":"1","email":"superadmin@msense.in","hotelId":"4","brandId":"7","iat":1687930001,"exp":1688016401}}  
[2023-06-28 10:20:33] ChannelAction.INFO: ======= END Channel Action (List) ================  
[2023-06-28 10:20:37] ChannelAction.INFO: ======= Start Edit Brand Action ================  
[2023-06-28 10:20:37] ChannelAction.INFO: method : DELETE  
[2023-06-28 10:20:37] ChannelAction.INFO: contentType : application/json  
[2023-06-28 10:20:37] ChannelAction.INFO: Input Data : {"decoded":{"sub":"1","id":"1","userName":"super admin","userGroup":"1","email":"superadmin@msense.in","hotelId":"4","brandId":"7","iat":1687930001,"exp":1688016401}}  
[2023-06-28 10:20:37] ChannelAction.INFO: ======= END Edit Brand Action ================  
[2023-06-28 10:20:37] ChannelAction.INFO: ======= Start Channel Action (List) ================  
[2023-06-28 10:20:37] ChannelAction.INFO: method : POST  
[2023-06-28 10:20:37] ChannelAction.INFO: contentType : application/json  
[2023-06-28 10:20:37] ChannelAction.INFO: Input Data : {"decoded":{"sub":"1","id":"1","userName":"super admin","userGroup":"1","email":"superadmin@msense.in","hotelId":"4","brandId":"7","iat":1687930001,"exp":1688016401}}  
[2023-06-28 10:20:37] ChannelAction.INFO: ======= END Channel Action (List) ================  
[2023-06-28 10:20:42] ChannelAction.INFO: ======= Start Channel Action (UPDATE) ================  
[2023-06-28 10:20:42] ChannelAction.INFO: method : POST  
[2023-06-28 10:20:42] ChannelAction.INFO: Channel id : 173  
[2023-06-28 10:20:42] ChannelAction.INFO: Insert Status : {"msg":"Channel image Required","status":"FAILURE"}  
[2023-06-28 10:20:42] ChannelAction.INFO: ======= END Channel Action (UPDATE) ================  
[2023-06-28 10:20:42] ChannelAction.INFO: ======= Start Channel Action (List) ================  
[2023-06-28 10:20:42] ChannelAction.INFO: method : POST  
[2023-06-28 10:20:42] ChannelAction.INFO: contentType : application/json  
[2023-06-28 10:20:42] ChannelAction.INFO: Input Data : {"decoded":{"sub":"1","id":"1","userName":"super admin","userGroup":"1","email":"superadmin@msense.in","hotelId":"4","brandId":"7","iat":1687930001,"exp":1688016401}}  
[2023-06-28 10:20:42] ChannelAction.INFO: ======= END Channel Action (List) ================  
[2023-06-28 10:20:42] ChannelAction.INFO: ======= Start Channel Action (List) ================  
[2023-06-28 10:20:42] ChannelAction.INFO: method : POST  
[2023-06-28 10:20:42] ChannelAction.INFO: contentType : application/json  
[2023-06-28 10:20:42] ChannelAction.INFO: Input Data : {"decoded":{"sub":"1","id":"1","userName":"super admin","userGroup":"1","email":"superadmin@msense.in","hotelId":"4","brandId":"7","iat":1687930001,"exp":1688016401}}  
[2023-06-28 10:20:42] ChannelAction.INFO: ======= END Channel Action (List) ================  
[2023-06-28 10:20:54] ChannelAction.INFO: ======= Start Channel Action (UPDATE) ================  
[2023-06-28 10:20:54] ChannelAction.INFO: method : POST  
[2023-06-28 10:20:54] ChannelAction.INFO: Channel id : 173  
[2023-06-28 10:20:54] ChannelAction.INFO: Insert Status : {"msg":"Channel image Required","status":"FAILURE"}  
[2023-06-28 10:20:54] ChannelAction.INFO: ======= END Channel Action (UPDATE) ================  
[2023-06-28 10:20:54] ChannelAction.INFO: ======= Start Channel Action (List) ================  
[2023-06-28 10:20:54] ChannelAction.INFO: method : POST  
[2023-06-28 10:20:54] ChannelAction.INFO: contentType : application/json  
[2023-06-28 10:20:54] ChannelAction.INFO: Input Data : {"decoded":{"sub":"1","id":"1","userName":"super admin","userGroup":"1","email":"superadmin@msense.in","hotelId":"4","brandId":"7","iat":1687930001,"exp":1688016401}}  
[2023-06-28 10:20:54] ChannelAction.INFO: ======= END Channel Action (List) ================  
[2023-06-28 10:20:54] ChannelAction.INFO: ======= Start Channel Action (List) ================  
[2023-06-28 10:20:54] ChannelAction.INFO: method : POST  
[2023-06-28 10:20:54] ChannelAction.INFO: contentType : application/json  
[2023-06-28 10:20:54] ChannelAction.INFO: Input Data : {"decoded":{"sub":"1","id":"1","userName":"super admin","userGroup":"1","email":"superadmin@msense.in","hotelId":"4","brandId":"7","iat":1687930001,"exp":1688016401}}  
[2023-06-28 10:20:54] ChannelAction.INFO: ======= END Channel Action (List) ================  
[2023-06-28 10:21:16] ChannelAction.INFO: ======= Start Channel Action (List) ================  
[2023-06-28 10:21:16] ChannelAction.INFO: method : POST  
[2023-06-28 10:21:16] ChannelAction.INFO: contentType : application/json  
[2023-06-28 10:21:16] ChannelAction.INFO: Input Data : {"decoded":{"sub":"1","id":"1","userName":"super admin","userGroup":"1","email":"superadmin@msense.in","hotelId":"4","brandId":"7","iat":1687930001,"exp":1688016401}}  
[2023-06-28 10:21:16] ChannelAction.INFO: ======= END Channel Action (List) ================  
[2023-06-28 10:21:20] ChannelAction.INFO: ======= Start Channel Action (UPDATE) ================  
[2023-06-28 10:21:20] ChannelAction.INFO: method : POST  
[2023-06-28 10:21:20] ChannelAction.INFO: Channel id : 173  
[2023-06-28 10:21:20] ChannelAction.INFO: Insert Status : {"msg":"Channel Updated SuccessFully","status":"Success"}  
[2023-06-28 10:21:20] ChannelAction.INFO: ======= END Channel Action (UPDATE) ================  
[2023-06-28 10:21:20] ChannelAction.INFO: ======= Start Channel Action (List) ================  
[2023-06-28 10:21:20] ChannelAction.INFO: method : POST  
[2023-06-28 10:21:20] ChannelAction.INFO: contentType : application/json  
[2023-06-28 10:21:20] ChannelAction.INFO: Input Data : {"decoded":{"sub":"1","id":"1","userName":"super admin","userGroup":"1","email":"superadmin@msense.in","hotelId":"4","brandId":"7","iat":1687930001,"exp":1688016401}}  
[2023-06-28 10:21:20] ChannelAction.INFO: ======= END Channel Action (List) ================  
[2023-06-28 10:21:21] ChannelAction.INFO: ======= Start Channel Action (List) ================  
[2023-06-28 10:21:21] ChannelAction.INFO: method : POST  
[2023-06-28 10:21:21] ChannelAction.INFO: contentType : application/json  
[2023-06-28 10:21:21] ChannelAction.INFO: Input Data : {"decoded":{"sub":"1","id":"1","userName":"super admin","userGroup":"1","email":"superadmin@msense.in","hotelId":"4","brandId":"7","iat":1687930001,"exp":1688016401}}  
[2023-06-28 10:21:21] ChannelAction.INFO: ======= END Channel Action (List) ================  
[2023-06-28 10:21:34] ChannelAction.INFO: ======= Start Edit Brand Action ================  
[2023-06-28 10:21:34] ChannelAction.INFO: method : DELETE  
[2023-06-28 10:21:34] ChannelAction.INFO: contentType : application/json  
[2023-06-28 10:21:34] ChannelAction.INFO: Input Data : {"decoded":{"sub":"1","id":"1","userName":"super admin","userGroup":"1","email":"superadmin@msense.in","hotelId":"4","brandId":"7","iat":1687930001,"exp":1688016401}}  
[2023-06-28 10:21:34] ChannelAction.INFO: ======= END Edit Brand Action ================  
[2023-06-28 10:21:34] ChannelAction.INFO: ======= Start Channel Action (List) ================  
[2023-06-28 10:21:34] ChannelAction.INFO: method : POST  
[2023-06-28 10:21:34] ChannelAction.INFO: contentType : application/json  
[2023-06-28 10:21:34] ChannelAction.INFO: Input Data : {"decoded":{"sub":"1","id":"1","userName":"super admin","userGroup":"1","email":"superadmin@msense.in","hotelId":"4","brandId":"7","iat":1687930001,"exp":1688016401}}  
[2023-06-28 10:21:34] ChannelAction.INFO: ======= END Channel Action (List) ================  
[2023-06-28 10:21:40] ChannelAction.INFO: ======= Start Channel Action (UPDATE) ================  
[2023-06-28 10:21:40] ChannelAction.INFO: method : POST  
[2023-06-28 10:21:40] ChannelAction.INFO: Channel id : 172  
[2023-06-28 10:21:40] ChannelAction.INFO: Insert Status : {"msg":"Channel Updated SuccessFully","status":"Success"}  
[2023-06-28 10:21:40] ChannelAction.INFO: ======= END Channel Action (UPDATE) ================  
[2023-06-28 10:21:40] ChannelAction.INFO: ======= Start Channel Action (List) ================  
[2023-06-28 10:21:40] ChannelAction.INFO: method : POST  
[2023-06-28 10:21:40] ChannelAction.INFO: contentType : application/json  
[2023-06-28 10:21:40] ChannelAction.INFO: Input Data : {"decoded":{"sub":"1","id":"1","userName":"super admin","userGroup":"1","email":"superadmin@msense.in","hotelId":"4","brandId":"7","iat":1687930001,"exp":1688016401}}  
[2023-06-28 10:21:40] ChannelAction.INFO: ======= END Channel Action (List) ================  
[2023-06-28 10:21:40] ChannelAction.INFO: ======= Start Channel Action (List) ================  
[2023-06-28 10:21:40] ChannelAction.INFO: method : POST  
[2023-06-28 10:21:40] ChannelAction.INFO: contentType : application/json  
[2023-06-28 10:21:40] ChannelAction.INFO: Input Data : {"decoded":{"sub":"1","id":"1","userName":"super admin","userGroup":"1","email":"superadmin@msense.in","hotelId":"4","brandId":"7","iat":1687930001,"exp":1688016401}}  
[2023-06-28 10:21:40] ChannelAction.INFO: ======= END Channel Action (List) ================  
[2023-06-28 10:22:59] ChannelAction.INFO: ======= Start Edit Brand Action ================  
[2023-06-28 10:22:59] ChannelAction.INFO: method : DELETE  
[2023-06-28 10:22:59] ChannelAction.INFO: contentType : application/json  
[2023-06-28 10:22:59] ChannelAction.INFO: Input Data : {"decoded":{"sub":"1","id":"1","userName":"super admin","userGroup":"1","email":"superadmin@msense.in","hotelId":"4","brandId":"7","iat":1687930001,"exp":1688016401}}  
[2023-06-28 10:22:59] ChannelAction.INFO: ======= END Edit Brand Action ================  
[2023-06-28 10:22:59] ChannelAction.INFO: ======= Start Channel Action (List) ================  
[2023-06-28 10:22:59] ChannelAction.INFO: method : POST  
[2023-06-28 10:22:59] ChannelAction.INFO: contentType : application/json  
[2023-06-28 10:22:59] ChannelAction.INFO: Input Data : {"decoded":{"sub":"1","id":"1","userName":"super admin","userGroup":"1","email":"superadmin@msense.in","hotelId":"4","brandId":"7","iat":1687930001,"exp":1688016401}}  
[2023-06-28 10:22:59] ChannelAction.INFO: ======= END Channel Action (List) ================  
[2023-06-28 10:23:04] ChannelAction.INFO: ======= Start Channel Action (List) ================  
[2023-06-28 10:23:04] ChannelAction.INFO: method : POST  
[2023-06-28 10:23:04] ChannelAction.INFO: contentType : application/json  
[2023-06-28 10:23:04] ChannelAction.INFO: Input Data : {"decoded":{"sub":"1","id":"1","userName":"super admin","userGroup":"1","email":"superadmin@msense.in","hotelId":"4","brandId":"7","iat":1687930001,"exp":1688016401}}  
[2023-06-28 10:23:04] ChannelAction.INFO: ======= END Channel Action (List) ================  
[2023-06-28 10:23:09] ChannelAction.INFO: ======= Start Channel Action (UPDATE) ================  
[2023-06-28 10:23:10] ChannelAction.INFO: method : POST  
[2023-06-28 10:23:10] ChannelAction.INFO: Channel id : 167  
[2023-06-28 10:23:10] ChannelAction.INFO: Insert Status : {"msg":"Channel Updated SuccessFully","status":"Success"}  
[2023-06-28 10:23:10] ChannelAction.INFO: ======= END Channel Action (UPDATE) ================  
[2023-06-28 10:23:10] ChannelAction.INFO: ======= Start Channel Action (List) ================  
[2023-06-28 10:23:10] ChannelAction.INFO: method : POST  
[2023-06-28 10:23:10] ChannelAction.INFO: contentType : application/json  
[2023-06-28 10:23:10] ChannelAction.INFO: Input Data : {"decoded":{"sub":"1","id":"1","userName":"super admin","userGroup":"1","email":"superadmin@msense.in","hotelId":"4","brandId":"7","iat":1687930001,"exp":1688016401}}  
[2023-06-28 10:23:10] ChannelAction.INFO: ======= END Channel Action (List) ================  
[2023-06-28 10:23:10] ChannelAction.INFO: ======= Start Channel Action (List) ================  
[2023-06-28 10:23:10] ChannelAction.INFO: method : POST  
[2023-06-28 10:23:10] ChannelAction.INFO: contentType : application/json  
[2023-06-28 10:23:10] ChannelAction.INFO: Input Data : {"decoded":{"sub":"1","id":"1","userName":"super admin","userGroup":"1","email":"superadmin@msense.in","hotelId":"4","brandId":"7","iat":1687930001,"exp":1688016401}}  
[2023-06-28 10:23:10] ChannelAction.INFO: ======= END Channel Action (List) ================  
[2023-06-28 10:52:30] ChannelAction.INFO: ======= Start Edit Brand Action ================  
[2023-06-28 10:52:30] ChannelAction.INFO: method : DELETE  
[2023-06-28 10:52:30] ChannelAction.INFO: contentType : application/json  
[2023-06-28 10:52:30] ChannelAction.INFO: Input Data : {"decoded":{"sub":"1","id":"1","userName":"super admin","userGroup":"1","email":"superadmin@msense.in","hotelId":"4","brandId":"7","iat":1687930001,"exp":1688016401}}  
[2023-06-28 10:52:30] ChannelAction.INFO: ======= END Edit Brand Action ================  
[2023-06-28 10:52:30] ChannelAction.INFO: ======= Start Channel Action (List) ================  
[2023-06-28 10:52:30] ChannelAction.INFO: method : POST  
[2023-06-28 10:52:30] ChannelAction.INFO: contentType : application/json  
[2023-06-28 10:52:30] ChannelAction.INFO: Input Data : {"decoded":{"sub":"1","id":"1","userName":"super admin","userGroup":"1","email":"superadmin@msense.in","hotelId":"4","brandId":"7","iat":1687930001,"exp":1688016401}}  
[2023-06-28 10:52:30] ChannelAction.INFO: ======= END Channel Action (List) ================  
[2023-06-28 10:52:35] ChannelAction.INFO: ======= Start Channel Action (UPDATE) ================  
[2023-06-28 10:52:35] ChannelAction.INFO: method : POST  
[2023-06-28 10:52:35] ChannelAction.INFO: Channel id : 165  
[2023-06-28 10:52:35] ChannelAction.INFO: Insert Status : {"msg":"Channel Updated SuccessFully","status":"Success"}  
[2023-06-28 10:52:35] ChannelAction.INFO: ======= END Channel Action (UPDATE) ================  
[2023-06-28 10:52:35] ChannelAction.INFO: ======= Start Channel Action (List) ================  
[2023-06-28 10:52:35] ChannelAction.INFO: method : POST  
[2023-06-28 10:52:35] ChannelAction.INFO: contentType : application/json  
[2023-06-28 10:52:35] ChannelAction.INFO: Input Data : {"decoded":{"sub":"1","id":"1","userName":"super admin","userGroup":"1","email":"superadmin@msense.in","hotelId":"4","brandId":"7","iat":1687930001,"exp":1688016401}}  
[2023-06-28 10:52:35] ChannelAction.INFO: ======= END Channel Action (List) ================  
[2023-06-28 10:52:35] ChannelAction.INFO: ======= Start Channel Action (List) ================  
[2023-06-28 10:52:35] ChannelAction.INFO: method : POST  
[2023-06-28 10:52:35] ChannelAction.INFO: contentType : application/json  
[2023-06-28 10:52:35] ChannelAction.INFO: Input Data : {"decoded":{"sub":"1","id":"1","userName":"super admin","userGroup":"1","email":"superadmin@msense.in","hotelId":"4","brandId":"7","iat":1687930001,"exp":1688016401}}  
[2023-06-28 10:52:35] ChannelAction.INFO: ======= END Channel Action (List) ================  
[2023-06-28 10:52:37] ChannelAction.INFO: ======= Start Channel Action (List) ================  
[2023-06-28 10:52:37] ChannelAction.INFO: method : POST  
[2023-06-28 10:52:37] ChannelAction.INFO: contentType : application/json  
[2023-06-28 10:52:37] ChannelAction.INFO: Input Data : {"decoded":{"sub":"1","id":"1","userName":"super admin","userGroup":"1","email":"superadmin@msense.in","hotelId":"4","brandId":"7","iat":1687949549,"exp":1688035949}}  
[2023-06-28 10:52:37] ChannelAction.INFO: ======= END Channel Action (List) ================  
[2023-06-28 10:52:41] ChannelAction.INFO: ======= Start Edit Brand Action ================  
[2023-06-28 10:52:41] ChannelAction.INFO: method : DELETE  
[2023-06-28 10:52:41] ChannelAction.INFO: contentType : application/json  
[2023-06-28 10:52:41] ChannelAction.INFO: Input Data : {"decoded":{"sub":"1","id":"1","userName":"super admin","userGroup":"1","email":"superadmin@msense.in","hotelId":"4","brandId":"7","iat":1687949549,"exp":1688035949}}  
[2023-06-28 10:52:41] ChannelAction.INFO: ======= END Edit Brand Action ================  
[2023-06-28 10:52:41] ChannelAction.INFO: ======= Start Channel Action (List) ================  
[2023-06-28 10:52:41] ChannelAction.INFO: method : POST  
[2023-06-28 10:52:41] ChannelAction.INFO: contentType : application/json  
[2023-06-28 10:52:41] ChannelAction.INFO: Input Data : {"decoded":{"sub":"1","id":"1","userName":"super admin","userGroup":"1","email":"superadmin@msense.in","hotelId":"4","brandId":"7","iat":1687949549,"exp":1688035949}}  
[2023-06-28 10:52:41] ChannelAction.INFO: ======= END Channel Action (List) ================  
[2023-06-28 10:52:50] ChannelAction.INFO: ======= Start Channel Action (UPDATE) ================  
[2023-06-28 10:52:50] ChannelAction.INFO: method : POST  
[2023-06-28 10:52:50] ChannelAction.INFO: Channel id : 164  
[2023-06-28 10:52:50] ChannelAction.INFO: Insert Status : {"msg":"Channel Updated SuccessFully","status":"Success"}  
[2023-06-28 10:52:50] ChannelAction.INFO: ======= END Channel Action (UPDATE) ================  
[2023-06-28 10:52:50] ChannelAction.INFO: ======= Start Channel Action (List) ================  
[2023-06-28 10:52:50] ChannelAction.INFO: method : POST  
[2023-06-28 10:52:50] ChannelAction.INFO: contentType : application/json  
[2023-06-28 10:52:50] ChannelAction.INFO: Input Data : {"decoded":{"sub":"1","id":"1","userName":"super admin","userGroup":"1","email":"superadmin@msense.in","hotelId":"4","brandId":"7","iat":1687949549,"exp":1688035949}}  
[2023-06-28 10:52:50] ChannelAction.INFO: ======= END Channel Action (List) ================  
[2023-06-28 10:52:50] ChannelAction.INFO: ======= Start Channel Action (List) ================  
[2023-06-28 10:52:50] ChannelAction.INFO: method : POST  
[2023-06-28 10:52:50] ChannelAction.INFO: contentType : application/json  
[2023-06-28 10:52:50] ChannelAction.INFO: Input Data : {"decoded":{"sub":"1","id":"1","userName":"super admin","userGroup":"1","email":"superadmin@msense.in","hotelId":"4","brandId":"7","iat":1687949549,"exp":1688035949}}  
[2023-06-28 10:52:50] ChannelAction.INFO: ======= END Channel Action (List) ================  
[2023-06-28 10:53:01] ChannelAction.INFO: ======= Start Channel Action (List) ================  
[2023-06-28 10:53:01] ChannelAction.INFO: method : POST  
[2023-06-28 10:53:01] ChannelAction.INFO: contentType : application/json  
[2023-06-28 10:53:01] ChannelAction.INFO: Input Data : {"decoded":{"sub":"1","id":"1","userName":"super admin","userGroup":"1","email":"superadmin@msense.in","hotelId":"4","brandId":"7","iat":1687930001,"exp":1688016401}}  
[2023-06-28 10:53:01] ChannelAction.INFO: ======= END Channel Action (List) ================  
[2023-06-28 10:53:09] ChannelAction.INFO: ======= Start Edit Brand Action ================  
[2023-06-28 10:53:09] ChannelAction.INFO: method : DELETE  
[2023-06-28 10:53:09] ChannelAction.INFO: contentType : application/json  
[2023-06-28 10:53:09] ChannelAction.INFO: Input Data : {"decoded":{"sub":"1","id":"1","userName":"super admin","userGroup":"1","email":"superadmin@msense.in","hotelId":"4","brandId":"7","iat":1687930001,"exp":1688016401}}  
[2023-06-28 10:53:09] ChannelAction.INFO: ======= END Edit Brand Action ================  
[2023-06-28 10:53:09] ChannelAction.INFO: ======= Start Channel Action (List) ================  
[2023-06-28 10:53:09] ChannelAction.INFO: method : POST  
[2023-06-28 10:53:09] ChannelAction.INFO: contentType : application/json  
[2023-06-28 10:53:09] ChannelAction.INFO: Input Data : {"decoded":{"sub":"1","id":"1","userName":"super admin","userGroup":"1","email":"superadmin@msense.in","hotelId":"4","brandId":"7","iat":1687930001,"exp":1688016401}}  
[2023-06-28 10:53:09] ChannelAction.INFO: ======= END Channel Action (List) ================  
[2023-06-28 10:53:09] ChannelAction.INFO: ======= Start Edit Brand Action ================  
[2023-06-28 10:53:09] ChannelAction.INFO: method : DELETE  
[2023-06-28 10:53:09] ChannelAction.INFO: contentType : application/json  
[2023-06-28 10:53:09] ChannelAction.INFO: Input Data : {"decoded":{"sub":"1","id":"1","userName":"super admin","userGroup":"1","email":"superadmin@msense.in","hotelId":"4","brandId":"7","iat":1687949549,"exp":1688035949}}  
[2023-06-28 10:53:09] ChannelAction.INFO: ======= END Edit Brand Action ================  
[2023-06-28 10:53:09] ChannelAction.INFO: ======= Start Channel Action (List) ================  
[2023-06-28 10:53:09] ChannelAction.INFO: method : POST  
[2023-06-28 10:53:09] ChannelAction.INFO: contentType : application/json  
[2023-06-28 10:53:09] ChannelAction.INFO: Input Data : {"decoded":{"sub":"1","id":"1","userName":"super admin","userGroup":"1","email":"superadmin@msense.in","hotelId":"4","brandId":"7","iat":1687949549,"exp":1688035949}}  
[2023-06-28 10:53:09] ChannelAction.INFO: ======= END Channel Action (List) ================  
[2023-06-28 10:53:12] ChannelAction.INFO: ======= Start Channel Action (List) ================  
[2023-06-28 10:53:12] ChannelAction.INFO: method : POST  
[2023-06-28 10:53:12] ChannelAction.INFO: contentType : application/json  
[2023-06-28 10:53:12] ChannelAction.INFO: Input Data : {"decoded":{"sub":"1","id":"1","userName":"super admin","userGroup":"1","email":"superadmin@msense.in","hotelId":"4","brandId":"7","iat":1687930001,"exp":1688016401}}  
[2023-06-28 10:53:12] ChannelAction.INFO: ======= END Channel Action (List) ================  
[2023-06-28 10:53:23] ChannelAction.INFO: ======= Start Channel Action (UPDATE) ================  
[2023-06-28 10:53:23] ChannelAction.INFO: method : POST  
[2023-06-28 10:53:23] ChannelAction.INFO: Channel id : 163  
[2023-06-28 10:53:23] ChannelAction.INFO: Insert Status : {"msg":"Channel Updated SuccessFully","status":"Success"}  
[2023-06-28 10:53:23] ChannelAction.INFO: ======= END Channel Action (UPDATE) ================  
[2023-06-28 10:53:23] ChannelAction.INFO: ======= Start Channel Action (List) ================  
[2023-06-28 10:53:23] ChannelAction.INFO: method : POST  
[2023-06-28 10:53:23] ChannelAction.INFO: contentType : application/json  
[2023-06-28 10:53:23] ChannelAction.INFO: Input Data : {"decoded":{"sub":"1","id":"1","userName":"super admin","userGroup":"1","email":"superadmin@msense.in","hotelId":"4","brandId":"7","iat":1687930001,"exp":1688016401}}  
[2023-06-28 10:53:23] ChannelAction.INFO: ======= END Channel Action (List) ================  
[2023-06-28 10:53:23] ChannelAction.INFO: ======= Start Channel Action (List) ================  
[2023-06-28 10:53:23] ChannelAction.INFO: method : POST  
[2023-06-28 10:53:23] ChannelAction.INFO: contentType : application/json  
[2023-06-28 10:53:23] ChannelAction.INFO: Input Data : {"decoded":{"sub":"1","id":"1","userName":"super admin","userGroup":"1","email":"superadmin@msense.in","hotelId":"4","brandId":"7","iat":1687930001,"exp":1688016401}}  
[2023-06-28 10:53:23] ChannelAction.INFO: ======= END Channel Action (List) ================  
[2023-06-28 10:54:11] ChannelAction.INFO: ======= Start Channel Action (List) ================  
[2023-06-28 10:54:11] ChannelAction.INFO: method : POST  
[2023-06-28 10:54:11] ChannelAction.INFO: contentType : application/json  
[2023-06-28 10:54:11] ChannelAction.INFO: Input Data : {"decoded":{"sub":"1","id":"1","userName":"super admin","userGroup":"1","email":"superadmin@msense.in","hotelId":"4","brandId":"7","iat":1687949549,"exp":1688035949}}  
[2023-06-28 10:54:11] ChannelAction.INFO: ======= END Channel Action (List) ================  
[2023-06-28 10:55:20] ChannelAction.INFO: ======= Start Channel Action (List) ================  
[2023-06-28 10:55:20] ChannelAction.INFO: method : POST  
[2023-06-28 10:55:20] ChannelAction.INFO: contentType : application/json  
[2023-06-28 10:55:20] ChannelAction.INFO: Input Data : {"decoded":{"sub":"1","id":"1","userName":"super admin","userGroup":"1","email":"superadmin@msense.in","hotelId":"4","brandId":"7","iat":1687949549,"exp":1688035949}}  
[2023-06-28 10:55:20] ChannelAction.INFO: ======= END Channel Action (List) ================  
[2023-06-28 10:55:32] ChannelAction.INFO: ======= Start Channel Action (List) ================  
[2023-06-28 10:55:32] ChannelAction.INFO: method : POST  
[2023-06-28 10:55:32] ChannelAction.INFO: contentType : application/json  
[2023-06-28 10:55:32] ChannelAction.INFO: Input Data : {"decoded":{"sub":"1","id":"1","userName":"super admin","userGroup":"1","email":"superadmin@msense.in","hotelId":"4","brandId":"7","iat":1687930001,"exp":1688016401}}  
[2023-06-28 10:55:32] ChannelAction.INFO: ======= END Channel Action (List) ================  
[2023-06-28 10:55:35] ChannelAction.INFO: ======= Start Edit Brand Action ================  
[2023-06-28 10:55:35] ChannelAction.INFO: method : DELETE  
[2023-06-28 10:55:35] ChannelAction.INFO: contentType : application/json  
[2023-06-28 10:55:35] ChannelAction.INFO: Input Data : {"decoded":{"sub":"1","id":"1","userName":"super admin","userGroup":"1","email":"superadmin@msense.in","hotelId":"4","brandId":"7","iat":1687930001,"exp":1688016401}}  
[2023-06-28 10:55:35] ChannelAction.INFO: ======= END Edit Brand Action ================  
[2023-06-28 10:55:35] ChannelAction.INFO: ======= Start Channel Action (List) ================  
[2023-06-28 10:55:35] ChannelAction.INFO: method : POST  
[2023-06-28 10:55:35] ChannelAction.INFO: contentType : application/json  
[2023-06-28 10:55:35] ChannelAction.INFO: Input Data : {"decoded":{"sub":"1","id":"1","userName":"super admin","userGroup":"1","email":"superadmin@msense.in","hotelId":"4","brandId":"7","iat":1687930001,"exp":1688016401}}  
[2023-06-28 10:55:35] ChannelAction.INFO: ======= END Channel Action (List) ================  
[2023-06-28 10:55:42] ChannelAction.INFO: ======= Start Channel Action (UPDATE) ================  
[2023-06-28 10:55:42] ChannelAction.INFO: method : POST  
[2023-06-28 10:55:42] ChannelAction.INFO: Channel id : 162  
[2023-06-28 10:55:42] ChannelAction.INFO: Insert Status : {"msg":"Channel Updated SuccessFully","status":"Success"}  
[2023-06-28 10:55:42] ChannelAction.INFO: ======= END Channel Action (UPDATE) ================  
[2023-06-28 10:55:42] ChannelAction.INFO: ======= Start Channel Action (List) ================  
[2023-06-28 10:55:42] ChannelAction.INFO: method : POST  
[2023-06-28 10:55:42] ChannelAction.INFO: contentType : application/json  
[2023-06-28 10:55:42] ChannelAction.INFO: Input Data : {"decoded":{"sub":"1","id":"1","userName":"super admin","userGroup":"1","email":"superadmin@msense.in","hotelId":"4","brandId":"7","iat":1687930001,"exp":1688016401}}  
[2023-06-28 10:55:42] ChannelAction.INFO: ======= END Channel Action (List) ================  
[2023-06-28 10:55:42] ChannelAction.INFO: ======= Start Channel Action (List) ================  
[2023-06-28 10:55:42] ChannelAction.INFO: method : POST  
[2023-06-28 10:55:42] ChannelAction.INFO: contentType : application/json  
[2023-06-28 10:55:42] ChannelAction.INFO: Input Data : {"decoded":{"sub":"1","id":"1","userName":"super admin","userGroup":"1","email":"superadmin@msense.in","hotelId":"4","brandId":"7","iat":1687930001,"exp":1688016401}}  
[2023-06-28 10:55:42] ChannelAction.INFO: ======= END Channel Action (List) ================  
