[2023-06-28 04:43:54] ChannelModel.INFO: Query : call SP_AddandEditChannelInfo('ADD','test','public/uploads/Channels/test.png' ,0 ,1)  
[2023-06-28 04:43:54] ChannelModel.INFO: Query : call SP_AddandEditChannelInfo('ADD','test2','public/uploads/Channels/test2.png' ,0 ,1)  
[2023-06-28 04:44:14] ChannelModel.INFO: Query : call SP_AddandEditChannelInfo('ADD','checkfirst','public/uploads/Channels/checkfirst.png' ,0 ,1)  
[2023-06-28 04:44:14] ChannelModel.INFO: Query : call SP_AddandEditChannelInfo('ADD','checksecond','public/uploads/Channels/checksecond.png' ,0 ,1)  
[2023-06-28 09:19:16] ChannelModel.INFO: Query : call SP_AddandEditChannelInfo('ADD','Channelone','public/uploads/Channels/Channelone.png' ,0 ,1)  
[2023-06-28 09:19:16] ChannelModel.INFO: Query : call SP_AddandEditChannelInfo('ADD','channeltwo','public/uploads/Channels/channeltwo.png' ,0 ,1)  
[2023-06-28 09:22:07] ChannelModel.INFO: Query : call SP_AddandEditChannelInfo('ADD','tesewtfdsfd','public/uploads/Channels/tesewtfdsfd.png' ,0 ,1)  
[2023-06-28 09:45:24] ChannelModel.INFO: Query : call SP_AddandEditChannelInfo('GETONE','', '', 178,1)  
[2023-06-28 09:45:44] ChannelModel.INFO: Query : call SP_AddandEditChannelInfo('GETONE','', '', 178,1)  
[2023-06-28 09:47:47] ChannelModel.INFO: Query : call SP_AddandEditChannelInfo('DELETE','', '', 178,1)  
[2023-06-28 09:49:10] ChannelModel.INFO: Query : call SP_AddandEditChannelInfo('ADD','test','public/uploads/Channels/test.png' ,0 ,1)  
[2023-06-28 09:49:14] ChannelModel.INFO: Query : call SP_AddandEditChannelInfo('ADD','123445','public/uploads/Channels/123445.png' ,0 ,1)  
[2023-06-28 09:50:20] ChannelModel.INFO: Query : call SP_AddandEditChannelInfo('UPDATE','123445', 'public/uploads/Channels/123445.png', 179,1)  
[2023-06-28 09:51:36] ChannelModel.INFO: Query : call SP_AddandEditChannelInfo('UPDATE','12344512', 'public/uploads/Channels/12344512.png', 179,1)  
[2023-06-28 09:59:03] ChannelModel.INFO: Query : call SP_AddandEditChannelInfo('GETONE','', '', 179,1)  
[2023-06-28 09:59:43] ChannelModel.INFO: Query : call SP_AddandEditChannelInfo('GETONE','', '', 179,1)  
[2023-06-28 09:59:54] ChannelModel.INFO: Query : call SP_AddandEditChannelInfo('GETONE','', '', 177,1)  
[2023-06-28 10:00:00] ChannelModel.INFO: Query : call SP_AddandEditChannelInfo('GETONE','', '', 176,1)  
[2023-06-28 10:09:13] ChannelModel.INFO: Query : call SP_AddandEditChannelInfo('UPDATE','gesgad', '', 179,1)  
[2023-06-28 10:11:58] ChannelModel.INFO: Query : call SP_AddandEditChannelInfo('UPDATE','wewewew', '', 179,1)  
[2023-06-28 10:12:50] ChannelModel.INFO: Query : call SP_AddandEditChannelInfo('UPDATE','www', '', 179,1)  
[2023-06-28 10:12:59] ChannelModel.INFO: Query : call SP_AddandEditChannelInfo('UPDATE','www', '', 179,1)  
[2023-06-28 10:14:01] ChannelModel.INFO: Query : call SP_AddandEditChannelInfo('UPDATE','www', '', 179,1)  
[2023-06-28 10:14:28] ChannelModel.INFO: Query : call SP_AddandEditChannelInfo('UPDATE','www', '', 179,1)  
[2023-06-28 10:16:19] ChannelModel.INFO: Query : call SP_AddandEditChannelInfo('UPDATE','www', '', 179,1)  
[2023-06-28 10:17:15] ChannelModel.INFO: Query : call SP_AddandEditChannelInfo('DELETE','', '', 179,1)  
[2023-06-28 10:17:29] ChannelModel.INFO: Query : call SP_AddandEditChannelInfo('UPDATE','channelchange', '', 177,1)  
[2023-06-28 10:18:32] ChannelModel.INFO: Query : call SP_AddandEditChannelInfo('DELETE','', '', 177,1)  
[2023-06-28 10:18:43] ChannelModel.INFO: Query : call SP_AddandEditChannelInfo('UPDATE','channelchk', '', 176,1)  
[2023-06-28 10:19:06] ChannelModel.INFO: Query : call SP_AddandEditChannelInfo('DELETE','', '', 176,1)  
[2023-06-28 10:19:18] ChannelModel.INFO: Query : call SP_AddandEditChannelInfo('UPDATE','checl', '', 175,1)  
[2023-06-28 10:19:39] ChannelModel.INFO: Query : call SP_AddandEditChannelInfo('DELETE','', '', 175,1)  
[2023-06-28 10:19:48] ChannelModel.INFO: Query : call SP_AddandEditChannelInfo('UPDATE','1234451212', '', 179,1)  
[2023-06-28 10:20:01] ChannelModel.INFO: Query : call SP_AddandEditChannelInfo('UPDATE','checkfirst1223', '', 174,1)  
[2023-06-28 10:20:37] ChannelModel.INFO: Query : call SP_AddandEditChannelInfo('DELETE','', '', 174,1)  
[2023-06-28 10:20:42] ChannelModel.INFO: Query : call SP_AddandEditChannelInfo('UPDATE','afsdfds123', '', 173,1)  
[2023-06-28 10:20:54] ChannelModel.INFO: Query : call SP_AddandEditChannelInfo('UPDATE','afsdfds1212', '', 173,1)  
[2023-06-28 10:21:20] ChannelModel.INFO: Query : call SP_AddandEditChannelInfo('UPDATE','afsdfds123', '', 173,1)  
[2023-06-28 10:21:34] ChannelModel.INFO: Query : call SP_AddandEditChannelInfo('DELETE','', '', 173,1)  
[2023-06-28 10:21:40] ChannelModel.INFO: Query : call SP_AddandEditChannelInfo('UPDATE','esete232', '', 172,1)  
[2023-06-28 10:22:59] ChannelModel.INFO: Query : call SP_AddandEditChannelInfo('DELETE','', '', 172,1)  
[2023-06-28 10:23:10] ChannelModel.INFO: Query : call SP_AddandEditChannelInfo('UPDATE','sdfsd123', '', 167,1)  
[2023-06-28 10:52:30] ChannelModel.INFO: Query : call SP_AddandEditChannelInfo('DELETE','', '', 167,1)  
[2023-06-28 10:52:35] ChannelModel.INFO: Query : call SP_AddandEditChannelInfo('UPDATE','test323', '', 165,1)  
[2023-06-28 10:52:41] ChannelModel.INFO: Query : call SP_AddandEditChannelInfo('DELETE','', '', 165,1)  
[2023-06-28 10:52:50] ChannelModel.INFO: Query : call SP_AddandEditChannelInfo('UPDATE','dsafdfdas', '', 164,1)  
[2023-06-28 10:53:09] ChannelModel.INFO: Query : call SP_AddandEditChannelInfo('DELETE','', '', 164,1)  
[2023-06-28 10:53:09] ChannelModel.INFO: Query : call SP_AddandEditChannelInfo('DELETE','', '', 164,1)  
[2023-06-28 10:53:23] ChannelModel.INFO: Query : call SP_AddandEditChannelInfo('UPDATE','test123', '', 163,1)  
[2023-06-28 10:55:35] ChannelModel.INFO: Query : call SP_AddandEditChannelInfo('DELETE','', '', 163,1)  
[2023-06-28 10:55:42] ChannelModel.INFO: Query : call SP_AddandEditChannelInfo('UPDATE','test1023', '', 162,1)  
