[2023-06-28 04:40:34] TvtempRepository.INFO: ======= Start TV Repository (Get All Template List)================  
[2023-06-28 04:40:34] TvtempModel.INFO: Query : CALL SP_TvtemplateDetails('LIST')  
[2023-06-28 04:40:34] TvtempRepository.INFO: ======= Start TV Repository (Get All ChannelFeed List) ================  
[2023-06-28 04:40:34] TvtempModel.INFO: Query : CALL SP_TvtemplateDetails('CHNLTYPE')  
[2023-06-28 04:40:34] TvtempModel.INFO: get All Template (count) : 6  
[2023-06-28 04:40:34] TvtempRepository.INFO: ======= End TV Repository (Get All Template List)================  
[2023-06-28 04:40:34] TvtempModel.INFO: get All Template (count) : 3  
[2023-06-28 04:40:34] TvtempRepository.INFO: ======= End TV Repository (Get All ChannelFeed List) ================  
[2023-06-28 04:40:34] TvtempRepository.INFO: ======= Start TV Repository (Get All Feature List)================  
[2023-06-28 04:40:34] TvtempModel.INFO: Query : CALL SP_TvtemplateDetails('FEATURE')  
[2023-06-28 04:40:34] TvtempModel.INFO: get All Template (count) : 7  
[2023-06-28 04:40:34] TvtempRepository.INFO: ======= End TV Repository (Get All Feature List)================  
[2023-06-28 04:46:12] TvtempRepository.INFO: ======= Start TV Repository (Get All Feature List)================  
[2023-06-28 04:46:12] TvtempModel.INFO: Query : CALL SP_TvtemplateDetails('FEATURE')  
[2023-06-28 04:46:12] TvtempRepository.INFO: ======= Start TV Repository (Get All Template List)================  
[2023-06-28 04:46:12] TvtempModel.INFO: Query : CALL SP_TvtemplateDetails('LIST')  
[2023-06-28 04:46:12] TvtempModel.INFO: get All Template (count) : 7  
[2023-06-28 04:46:12] TvtempRepository.INFO: ======= End TV Repository (Get All Feature List)================  
[2023-06-28 04:46:12] TvtempRepository.INFO: ======= Start TV Repository (Get All ChannelFeed List) ================  
[2023-06-28 04:46:12] TvtempModel.INFO: Query : CALL SP_TvtemplateDetails('CHNLTYPE')  
[2023-06-28 04:46:12] TvtempModel.INFO: get All Template (count) : 6  
[2023-06-28 04:46:12] TvtempRepository.INFO: ======= End TV Repository (Get All Template List)================  
[2023-06-28 04:46:12] TvtempModel.INFO: get All Template (count) : 3  
[2023-06-28 04:46:12] TvtempRepository.INFO: ======= End TV Repository (Get All ChannelFeed List) ================  
[2023-06-28 04:48:55] TvtempRepository.INFO: ======= Start TV Repository (Get All Feature List)================  
[2023-06-28 04:48:55] TvtempModel.INFO: Query : CALL SP_TvtemplateDetails('FEATURE')  
[2023-06-28 04:48:55] TvtempRepository.INFO: ======= Start TV Repository (Get All Template List)================  
[2023-06-28 04:48:55] TvtempModel.INFO: Query : CALL SP_TvtemplateDetails('LIST')  
[2023-06-28 04:48:55] TvtempModel.INFO: get All Template (count) : 7  
[2023-06-28 04:48:55] TvtempRepository.INFO: ======= End TV Repository (Get All Feature List)================  
[2023-06-28 04:48:55] TvtempModel.INFO: get All Template (count) : 6  
[2023-06-28 04:48:55] TvtempRepository.INFO: ======= End TV Repository (Get All Template List)================  
[2023-06-28 04:48:55] TvtempRepository.INFO: ======= Start TV Repository (Get All ChannelFeed List) ================  
[2023-06-28 04:48:55] TvtempModel.INFO: Query : CALL SP_TvtemplateDetails('CHNLTYPE')  
[2023-06-28 04:48:55] TvtempModel.INFO: get All Template (count) : 3  
[2023-06-28 04:48:55] TvtempRepository.INFO: ======= End TV Repository (Get All ChannelFeed List) ================  
[2023-06-28 05:03:27] TvtempRepository.INFO: ======= Start TV Repository (Get All Feature List)================  
[2023-06-28 05:03:27] TvtempModel.INFO: Query : CALL SP_TvtemplateDetails('FEATURE')  
[2023-06-28 05:03:27] TvtempRepository.INFO: ======= Start TV Repository (Get All Template List)================  
[2023-06-28 05:03:27] TvtempModel.INFO: Query : CALL SP_TvtemplateDetails('LIST')  
[2023-06-28 05:03:27] TvtempRepository.INFO: ======= Start TV Repository (Get All ChannelFeed List) ================  
[2023-06-28 05:03:27] TvtempModel.INFO: Query : CALL SP_TvtemplateDetails('CHNLTYPE')  
[2023-06-28 05:03:27] TvtempModel.INFO: get All Template (count) : 6  
[2023-06-28 05:03:27] TvtempRepository.INFO: ======= End TV Repository (Get All Template List)================  
[2023-06-28 05:03:27] TvtempModel.INFO: get All Template (count) : 7  
[2023-06-28 05:03:27] TvtempRepository.INFO: ======= End TV Repository (Get All Feature List)================  
[2023-06-28 05:03:27] TvtempModel.INFO: get All Template (count) : 3  
[2023-06-28 05:03:27] TvtempRepository.INFO: ======= End TV Repository (Get All ChannelFeed List) ================  
[2023-06-28 05:04:58] TvtempRepository.INFO: ======= Start TV Repository (Get All ChannelFeed List) ================  
[2023-06-28 05:04:58] TvtempModel.INFO: Query : CALL SP_TvtemplateDetails('CHNLTYPE')  
[2023-06-28 05:04:58] TvtempRepository.INFO: ======= Start TV Repository (Get All Feature List)================  
[2023-06-28 05:04:58] TvtempModel.INFO: Query : CALL SP_TvtemplateDetails('FEATURE')  
[2023-06-28 05:04:58] TvtempRepository.INFO: ======= Start TV Repository (Get All Template List)================  
[2023-06-28 05:04:58] TvtempModel.INFO: Query : CALL SP_TvtemplateDetails('LIST')  
[2023-06-28 05:04:58] TvtempModel.INFO: get All Template (count) : 3  
[2023-06-28 05:04:58] TvtempRepository.INFO: ======= End TV Repository (Get All ChannelFeed List) ================  
[2023-06-28 05:04:58] TvtempModel.INFO: get All Template (count) : 7  
[2023-06-28 05:04:58] TvtempRepository.INFO: ======= End TV Repository (Get All Feature List)================  
[2023-06-28 05:04:58] TvtempModel.INFO: get All Template (count) : 6  
[2023-06-28 05:04:58] TvtempRepository.INFO: ======= End TV Repository (Get All Template List)================  
[2023-06-28 05:06:21] TvtempRepository.INFO: ======= Start TV Repository (Get All ChannelFeed List) ================  
[2023-06-28 05:06:21] TvtempModel.INFO: Query : CALL SP_TvtemplateDetails('CHNLTYPE')  
[2023-06-28 05:06:21] TvtempModel.INFO: get All Template (count) : 3  
[2023-06-28 05:06:21] TvtempRepository.INFO: ======= End TV Repository (Get All ChannelFeed List) ================  
[2023-06-28 05:06:21] TvtempRepository.INFO: ======= Start TV Repository (Get All Feature List)================  
[2023-06-28 05:06:21] TvtempModel.INFO: Query : CALL SP_TvtemplateDetails('FEATURE')  
[2023-06-28 05:06:21] TvtempModel.INFO: get All Template (count) : 7  
[2023-06-28 05:06:21] TvtempRepository.INFO: ======= End TV Repository (Get All Feature List)================  
[2023-06-28 05:06:21] TvtempRepository.INFO: ======= Start TV Repository (Get All Template List)================  
[2023-06-28 05:06:21] TvtempModel.INFO: Query : CALL SP_TvtemplateDetails('LIST')  
[2023-06-28 05:06:21] TvtempModel.INFO: get All Template (count) : 6  
[2023-06-28 05:06:21] TvtempRepository.INFO: ======= End TV Repository (Get All Template List)================  
[2023-06-28 05:10:20] TvtempRepository.INFO: ======= Start TV Repository (Get All ChannelFeed List) ================  
[2023-06-28 05:10:20] TvtempModel.INFO: Query : CALL SP_TvtemplateDetails('CHNLTYPE')  
[2023-06-28 05:10:20] TvtempRepository.INFO: ======= Start TV Repository (Get All Template List)================  
[2023-06-28 05:10:20] TvtempModel.INFO: Query : CALL SP_TvtemplateDetails('LIST')  
[2023-06-28 05:10:20] TvtempModel.INFO: get All Template (count) : 3  
[2023-06-28 05:10:20] TvtempRepository.INFO: ======= End TV Repository (Get All ChannelFeed List) ================  
[2023-06-28 05:10:20] TvtempRepository.INFO: ======= Start TV Repository (Get All Feature List)================  
[2023-06-28 05:10:20] TvtempModel.INFO: Query : CALL SP_TvtemplateDetails('FEATURE')  
[2023-06-28 05:10:20] TvtempModel.INFO: get All Template (count) : 7  
[2023-06-28 05:10:20] TvtempRepository.INFO: ======= End TV Repository (Get All Feature List)================  
[2023-06-28 05:10:20] TvtempModel.INFO: get All Template (count) : 6  
[2023-06-28 05:10:20] TvtempRepository.INFO: ======= End TV Repository (Get All Template List)================  
[2023-06-28 05:10:27] TvtempRepository.INFO: ======= Start TV Repository (Get All Template List)================  
[2023-06-28 05:10:27] TvtempModel.INFO: Query : CALL SP_TvtemplateDetails('LIST')  
[2023-06-28 05:10:27] TvtempRepository.INFO: ======= Start TV Repository (Get All Feature List)================  
[2023-06-28 05:10:27] TvtempModel.INFO: Query : CALL SP_TvtemplateDetails('FEATURE')  
[2023-06-28 05:10:27] TvtempModel.INFO: get All Template (count) : 6  
[2023-06-28 05:10:27] TvtempRepository.INFO: ======= End TV Repository (Get All Template List)================  
[2023-06-28 05:10:27] TvtempModel.INFO: get All Template (count) : 7  
[2023-06-28 05:10:27] TvtempRepository.INFO: ======= End TV Repository (Get All Feature List)================  
[2023-06-28 05:10:27] TvtempRepository.INFO: ======= Start TV Repository (Get All ChannelFeed List) ================  
[2023-06-28 05:10:27] TvtempModel.INFO: Query : CALL SP_TvtemplateDetails('CHNLTYPE')  
[2023-06-28 05:10:27] TvtempModel.INFO: get All Template (count) : 3  
[2023-06-28 05:10:27] TvtempRepository.INFO: ======= End TV Repository (Get All ChannelFeed List) ================  
[2023-06-28 05:12:58] TvtempRepository.INFO: ======= Start TV Repository (Get All Template List)================  
[2023-06-28 05:12:58] TvtempModel.INFO: Query : CALL SP_TvtemplateDetails('LIST')  
[2023-06-28 05:12:58] TvtempRepository.INFO: ======= Start TV Repository (Get All Feature List)================  
[2023-06-28 05:12:58] TvtempModel.INFO: Query : CALL SP_TvtemplateDetails('FEATURE')  
[2023-06-28 05:12:58] TvtempRepository.INFO: ======= Start TV Repository (Get All ChannelFeed List) ================  
[2023-06-28 05:12:58] TvtempModel.INFO: Query : CALL SP_TvtemplateDetails('CHNLTYPE')  
[2023-06-28 05:12:58] TvtempModel.INFO: get All Template (count) : 7  
[2023-06-28 05:12:58] TvtempRepository.INFO: ======= End TV Repository (Get All Feature List)================  
[2023-06-28 05:12:58] TvtempModel.INFO: get All Template (count) : 6  
[2023-06-28 05:12:58] TvtempRepository.INFO: ======= End TV Repository (Get All Template List)================  
[2023-06-28 05:12:58] TvtempModel.INFO: get All Template (count) : 3  
[2023-06-28 05:12:58] TvtempRepository.INFO: ======= End TV Repository (Get All ChannelFeed List) ================  
[2023-06-28 05:25:31] TvtempRepository.INFO: ======= Start TV Repository (Get All Template List)================  
[2023-06-28 05:25:31] TvtempModel.INFO: Query : CALL SP_TvtemplateDetails('LIST')  
[2023-06-28 05:25:31] TvtempRepository.INFO: ======= Start TV Repository (Get All ChannelFeed List) ================  
[2023-06-28 05:25:31] TvtempModel.INFO: Query : CALL SP_TvtemplateDetails('CHNLTYPE')  
[2023-06-28 05:25:31] TvtempRepository.INFO: ======= Start TV Repository (Get All Feature List)================  
[2023-06-28 05:25:31] TvtempModel.INFO: Query : CALL SP_TvtemplateDetails('FEATURE')  
[2023-06-28 05:25:31] TvtempModel.INFO: get All Template (count) : 3  
[2023-06-28 05:25:31] TvtempRepository.INFO: ======= End TV Repository (Get All ChannelFeed List) ================  
[2023-06-28 05:25:31] TvtempModel.INFO: get All Template (count) : 6  
[2023-06-28 05:25:31] TvtempRepository.INFO: ======= End TV Repository (Get All Template List)================  
[2023-06-28 05:25:31] TvtempModel.INFO: get All Template (count) : 7  
[2023-06-28 05:25:31] TvtempRepository.INFO: ======= End TV Repository (Get All Feature List)================  
[2023-06-28 05:26:47] TvtempRepository.INFO: ======= Start TV Repository (Get All Template List)================  
[2023-06-28 05:26:47] TvtempModel.INFO: Query : CALL SP_TvtemplateDetails('LIST')  
[2023-06-28 05:26:47] TvtempRepository.INFO: ======= Start TV Repository (Get All ChannelFeed List) ================  
[2023-06-28 05:26:47] TvtempModel.INFO: Query : CALL SP_TvtemplateDetails('CHNLTYPE')  
[2023-06-28 05:26:47] TvtempModel.INFO: get All Template (count) : 6  
[2023-06-28 05:26:47] TvtempRepository.INFO: ======= End TV Repository (Get All Template List)================  
[2023-06-28 05:26:47] TvtempModel.INFO: get All Template (count) : 3  
[2023-06-28 05:26:47] TvtempRepository.INFO: ======= End TV Repository (Get All ChannelFeed List) ================  
[2023-06-28 05:26:48] TvtempRepository.INFO: ======= Start TV Repository (Get All Feature List)================  
[2023-06-28 05:26:48] TvtempModel.INFO: Query : CALL SP_TvtemplateDetails('FEATURE')  
[2023-06-28 05:26:48] TvtempModel.INFO: get All Template (count) : 7  
[2023-06-28 05:26:48] TvtempRepository.INFO: ======= End TV Repository (Get All Feature List)================  
[2023-06-28 05:27:07] TvtempRepository.INFO: ======= Start TV Repository (Get All Feature List)================  
[2023-06-28 05:27:07] TvtempModel.INFO: Query : CALL SP_TvtemplateDetails('FEATURE')  
[2023-06-28 05:27:07] TvtempRepository.INFO: ======= Start TV Repository (Get All Template List)================  
[2023-06-28 05:27:07] TvtempModel.INFO: Query : CALL SP_TvtemplateDetails('LIST')  
[2023-06-28 05:27:07] TvtempRepository.INFO: ======= Start TV Repository (Get All ChannelFeed List) ================  
[2023-06-28 05:27:07] TvtempModel.INFO: Query : CALL SP_TvtemplateDetails('CHNLTYPE')  
[2023-06-28 05:27:07] TvtempModel.INFO: get All Template (count) : 7  
[2023-06-28 05:27:07] TvtempRepository.INFO: ======= End TV Repository (Get All Feature List)================  
[2023-06-28 05:27:07] TvtempModel.INFO: get All Template (count) : 6  
[2023-06-28 05:27:07] TvtempRepository.INFO: ======= End TV Repository (Get All Template List)================  
[2023-06-28 05:27:07] TvtempModel.INFO: get All Template (count) : 3  
[2023-06-28 05:27:07] TvtempRepository.INFO: ======= End TV Repository (Get All ChannelFeed List) ================  
[2023-06-28 05:33:35] TvtempRepository.INFO: ======= Start TV Repository (Get All Template List)================  
[2023-06-28 05:33:35] TvtempModel.INFO: Query : CALL SP_TvtemplateDetails('LIST')  
[2023-06-28 05:33:35] TvtempRepository.INFO: ======= Start TV Repository (Get All ChannelFeed List) ================  
[2023-06-28 05:33:35] TvtempModel.INFO: Query : CALL SP_TvtemplateDetails('CHNLTYPE')  
[2023-06-28 05:33:35] TvtempRepository.INFO: ======= Start TV Repository (Get All Feature List)================  
[2023-06-28 05:33:35] TvtempModel.INFO: Query : CALL SP_TvtemplateDetails('FEATURE')  
[2023-06-28 05:33:35] TvtempModel.INFO: get All Template (count) : 6  
[2023-06-28 05:33:35] TvtempRepository.INFO: ======= End TV Repository (Get All Template List)================  
[2023-06-28 05:33:35] TvtempModel.INFO: get All Template (count) : 3  
[2023-06-28 05:33:35] TvtempRepository.INFO: ======= End TV Repository (Get All ChannelFeed List) ================  
[2023-06-28 05:33:35] TvtempModel.INFO: get All Template (count) : 7  
[2023-06-28 05:33:35] TvtempRepository.INFO: ======= End TV Repository (Get All Feature List)================  
[2023-06-28 05:37:28] TvtempRepository.INFO: ======= Start TV Repository (Get All Feature List)================  
[2023-06-28 05:37:28] TvtempModel.INFO: Query : CALL SP_TvtemplateDetails('FEATURE')  
[2023-06-28 05:37:28] TvtempRepository.INFO: ======= Start TV Repository (Get All ChannelFeed List) ================  
[2023-06-28 05:37:28] TvtempModel.INFO: Query : CALL SP_TvtemplateDetails('CHNLTYPE')  
[2023-06-28 05:37:28] TvtempRepository.INFO: ======= Start TV Repository (Get All Template List)================  
[2023-06-28 05:37:28] TvtempModel.INFO: Query : CALL SP_TvtemplateDetails('LIST')  
[2023-06-28 05:37:28] TvtempModel.INFO: get All Template (count) : 7  
[2023-06-28 05:37:28] TvtempRepository.INFO: ======= End TV Repository (Get All Feature List)================  
[2023-06-28 05:37:28] TvtempModel.INFO: get All Template (count) : 6  
[2023-06-28 05:37:28] TvtempRepository.INFO: ======= End TV Repository (Get All Template List)================  
[2023-06-28 05:37:28] TvtempModel.INFO: get All Template (count) : 3  
[2023-06-28 05:37:28] TvtempRepository.INFO: ======= End TV Repository (Get All ChannelFeed List) ================  
[2023-06-28 05:40:22] TvtempRepository.INFO: ======= Start TV Repository (Get All ChannelFeed List) ================  
[2023-06-28 05:40:22] TvtempModel.INFO: Query : CALL SP_TvtemplateDetails('CHNLTYPE')  
[2023-06-28 05:40:22] TvtempRepository.INFO: ======= Start TV Repository (Get All Template List)================  
[2023-06-28 05:40:22] TvtempModel.INFO: Query : CALL SP_TvtemplateDetails('LIST')  
[2023-06-28 05:40:22] TvtempRepository.INFO: ======= Start TV Repository (Get All Feature List)================  
[2023-06-28 05:40:22] TvtempModel.INFO: Query : CALL SP_TvtemplateDetails('FEATURE')  
[2023-06-28 05:40:22] TvtempModel.INFO: get All Template (count) : 3  
[2023-06-28 05:40:22] TvtempRepository.INFO: ======= End TV Repository (Get All ChannelFeed List) ================  
[2023-06-28 05:40:22] TvtempModel.INFO: get All Template (count) : 7  
[2023-06-28 05:40:22] TvtempRepository.INFO: ======= End TV Repository (Get All Feature List)================  
[2023-06-28 05:40:22] TvtempModel.INFO: get All Template (count) : 6  
[2023-06-28 05:40:22] TvtempRepository.INFO: ======= End TV Repository (Get All Template List)================  
[2023-06-28 05:40:31] TvtempRepository.INFO: ======= Start TV Repository (Get All Feature List)================  
[2023-06-28 05:40:31] TvtempModel.INFO: Query : CALL SP_TvtemplateDetails('FEATURE')  
[2023-06-28 05:40:31] TvtempRepository.INFO: ======= Start TV Repository (Get All ChannelFeed List) ================  
[2023-06-28 05:40:31] TvtempModel.INFO: Query : CALL SP_TvtemplateDetails('CHNLTYPE')  
[2023-06-28 05:40:31] TvtempModel.INFO: get All Template (count) : 3  
[2023-06-28 05:40:31] TvtempRepository.INFO: ======= End TV Repository (Get All ChannelFeed List) ================  
[2023-06-28 05:40:31] TvtempModel.INFO: get All Template (count) : 7  
[2023-06-28 05:40:31] TvtempRepository.INFO: ======= End TV Repository (Get All Feature List)================  
[2023-06-28 05:40:31] TvtempRepository.INFO: ======= Start TV Repository (Get All Template List)================  
[2023-06-28 05:40:31] TvtempModel.INFO: Query : CALL SP_TvtemplateDetails('LIST')  
[2023-06-28 05:40:31] TvtempModel.INFO: get All Template (count) : 6  
[2023-06-28 05:40:31] TvtempRepository.INFO: ======= End TV Repository (Get All Template List)================  
[2023-06-28 05:42:02] TvtempRepository.INFO: ======= Start TV Repository (Get All Template List)================  
[2023-06-28 05:42:02] TvtempModel.INFO: Query : CALL SP_TvtemplateDetails('LIST')  
[2023-06-28 05:42:02] TvtempModel.INFO: get All Template (count) : 6  
[2023-06-28 05:42:02] TvtempRepository.INFO: ======= End TV Repository (Get All Template List)================  
[2023-06-28 05:42:02] TvtempRepository.INFO: ======= Start TV Repository (Get All Feature List)================  
[2023-06-28 05:42:02] TvtempModel.INFO: Query : CALL SP_TvtemplateDetails('FEATURE')  
[2023-06-28 05:42:02] TvtempRepository.INFO: ======= Start TV Repository (Get All ChannelFeed List) ================  
[2023-06-28 05:42:02] TvtempModel.INFO: Query : CALL SP_TvtemplateDetails('CHNLTYPE')  
[2023-06-28 05:42:02] TvtempModel.INFO: get All Template (count) : 7  
[2023-06-28 05:42:02] TvtempRepository.INFO: ======= End TV Repository (Get All Feature List)================  
[2023-06-28 05:42:02] TvtempModel.INFO: get All Template (count) : 3  
[2023-06-28 05:42:02] TvtempRepository.INFO: ======= End TV Repository (Get All ChannelFeed List) ================  
[2023-06-28 05:43:07] TvtempRepository.INFO: ======= Start TV Repository (Get All ChannelFeed List) ================  
[2023-06-28 05:43:07] TvtempModel.INFO: Query : CALL SP_TvtemplateDetails('CHNLTYPE')  
[2023-06-28 05:43:07] TvtempModel.INFO: get All Template (count) : 3  
[2023-06-28 05:43:07] TvtempRepository.INFO: ======= End TV Repository (Get All ChannelFeed List) ================  
[2023-06-28 05:43:07] TvtempRepository.INFO: ======= Start TV Repository (Get All Feature List)================  
[2023-06-28 05:43:07] TvtempModel.INFO: Query : CALL SP_TvtemplateDetails('FEATURE')  
[2023-06-28 05:43:07] TvtempRepository.INFO: ======= Start TV Repository (Get All Template List)================  
[2023-06-28 05:43:07] TvtempModel.INFO: Query : CALL SP_TvtemplateDetails('LIST')  
[2023-06-28 05:43:07] TvtempModel.INFO: get All Template (count) : 6  
[2023-06-28 05:43:07] TvtempRepository.INFO: ======= End TV Repository (Get All Template List)================  
[2023-06-28 05:43:07] TvtempModel.INFO: get All Template (count) : 7  
[2023-06-28 05:43:07] TvtempRepository.INFO: ======= End TV Repository (Get All Feature List)================  
[2023-06-28 05:45:59] TvtempRepository.INFO: ======= Start TV Repository (Get All ChannelFeed List) ================  
[2023-06-28 05:45:59] TvtempModel.INFO: Query : CALL SP_TvtemplateDetails('CHNLTYPE')  
[2023-06-28 05:45:59] TvtempModel.INFO: get All Template (count) : 3  
[2023-06-28 05:45:59] TvtempRepository.INFO: ======= End TV Repository (Get All ChannelFeed List) ================  
[2023-06-28 05:45:59] TvtempRepository.INFO: ======= Start TV Repository (Get All Feature List)================  
[2023-06-28 05:45:59] TvtempModel.INFO: Query : CALL SP_TvtemplateDetails('FEATURE')  
[2023-06-28 05:45:59] TvtempRepository.INFO: ======= Start TV Repository (Get All Template List)================  
[2023-06-28 05:45:59] TvtempModel.INFO: Query : CALL SP_TvtemplateDetails('LIST')  
[2023-06-28 05:45:59] TvtempModel.INFO: get All Template (count) : 7  
[2023-06-28 05:45:59] TvtempRepository.INFO: ======= End TV Repository (Get All Feature List)================  
[2023-06-28 05:45:59] TvtempModel.INFO: get All Template (count) : 6  
[2023-06-28 05:45:59] TvtempRepository.INFO: ======= End TV Repository (Get All Template List)================  
[2023-06-28 05:47:06] TvtempRepository.INFO: ======= Start TV Repository (Get All Template List)================  
[2023-06-28 05:47:06] TvtempModel.INFO: Query : CALL SP_TvtemplateDetails('LIST')  
[2023-06-28 05:47:06] TvtempModel.INFO: get All Template (count) : 6  
[2023-06-28 05:47:06] TvtempRepository.INFO: ======= End TV Repository (Get All Template List)================  
[2023-06-28 05:47:06] TvtempRepository.INFO: ======= Start TV Repository (Get All Feature List)================  
[2023-06-28 05:47:06] TvtempModel.INFO: Query : CALL SP_TvtemplateDetails('FEATURE')  
[2023-06-28 05:47:06] TvtempRepository.INFO: ======= Start TV Repository (Get All ChannelFeed List) ================  
[2023-06-28 05:47:06] TvtempModel.INFO: Query : CALL SP_TvtemplateDetails('CHNLTYPE')  
[2023-06-28 05:47:06] TvtempModel.INFO: get All Template (count) : 3  
[2023-06-28 05:47:06] TvtempRepository.INFO: ======= End TV Repository (Get All ChannelFeed List) ================  
[2023-06-28 05:47:06] TvtempModel.INFO: get All Template (count) : 7  
[2023-06-28 05:47:06] TvtempRepository.INFO: ======= End TV Repository (Get All Feature List)================  
[2023-06-28 05:47:12] TvtempRepository.INFO: ======= Start TV Repository (Get All ChannelFeed List) ================  
[2023-06-28 05:47:12] TvtempModel.INFO: Query : CALL SP_TvtemplateDetails('CHNLTYPE')  
[2023-06-28 05:47:12] TvtempRepository.INFO: ======= Start TV Repository (Get All Template List)================  
[2023-06-28 05:47:12] TvtempRepository.INFO: ======= Start TV Repository (Get All Feature List)================  
[2023-06-28 05:47:12] TvtempModel.INFO: Query : CALL SP_TvtemplateDetails('LIST')  
[2023-06-28 05:47:12] TvtempModel.INFO: Query : CALL SP_TvtemplateDetails('FEATURE')  
[2023-06-28 05:47:12] TvtempModel.INFO: get All Template (count) : 3  
[2023-06-28 05:47:12] TvtempRepository.INFO: ======= End TV Repository (Get All ChannelFeed List) ================  
[2023-06-28 05:47:12] TvtempModel.INFO: get All Template (count) : 6  
[2023-06-28 05:47:12] TvtempRepository.INFO: ======= End TV Repository (Get All Template List)================  
[2023-06-28 05:47:12] TvtempModel.INFO: get All Template (count) : 7  
[2023-06-28 05:47:12] TvtempRepository.INFO: ======= End TV Repository (Get All Feature List)================  
[2023-06-28 05:49:49] TvtempRepository.INFO: ======= Start TV Repository (Get All ChannelFeed List) ================  
[2023-06-28 05:49:49] TvtempModel.INFO: Query : CALL SP_TvtemplateDetails('CHNLTYPE')  
[2023-06-28 05:49:49] TvtempRepository.INFO: ======= Start TV Repository (Get All Template List)================  
[2023-06-28 05:49:49] TvtempModel.INFO: Query : CALL SP_TvtemplateDetails('LIST')  
[2023-06-28 05:49:49] TvtempModel.INFO: get All Template (count) : 3  
[2023-06-28 05:49:49] TvtempRepository.INFO: ======= End TV Repository (Get All ChannelFeed List) ================  
[2023-06-28 05:49:49] TvtempModel.INFO: get All Template (count) : 6  
[2023-06-28 05:49:49] TvtempRepository.INFO: ======= End TV Repository (Get All Template List)================  
[2023-06-28 05:49:49] TvtempRepository.INFO: ======= Start TV Repository (Get All Feature List)================  
[2023-06-28 05:49:49] TvtempModel.INFO: Query : CALL SP_TvtemplateDetails('FEATURE')  
[2023-06-28 05:49:49] TvtempModel.INFO: get All Template (count) : 7  
[2023-06-28 05:49:49] TvtempRepository.INFO: ======= End TV Repository (Get All Feature List)================  
[2023-06-28 06:22:54] TvtempRepository.INFO: ======= Start TV Repository (Get All Feature List)================  
[2023-06-28 06:22:54] TvtempModel.INFO: Query : CALL SP_TvtemplateDetails('FEATURE')  
[2023-06-28 06:22:54] TvtempRepository.INFO: ======= Start TV Repository (Get All Template List)================  
[2023-06-28 06:22:54] TvtempModel.INFO: Query : CALL SP_TvtemplateDetails('LIST')  
[2023-06-28 06:22:54] TvtempModel.INFO: get All Template (count) : 7  
[2023-06-28 06:22:54] TvtempRepository.INFO: ======= End TV Repository (Get All Feature List)================  
[2023-06-28 06:22:54] TvtempModel.INFO: get All Template (count) : 6  
[2023-06-28 06:22:54] TvtempRepository.INFO: ======= End TV Repository (Get All Template List)================  
[2023-06-28 06:22:54] TvtempRepository.INFO: ======= Start TV Repository (Get All ChannelFeed List) ================  
[2023-06-28 06:22:54] TvtempModel.INFO: Query : CALL SP_TvtemplateDetails('CHNLTYPE')  
[2023-06-28 06:22:54] TvtempModel.INFO: get All Template (count) : 3  
[2023-06-28 06:22:54] TvtempRepository.INFO: ======= End TV Repository (Get All ChannelFeed List) ================  
[2023-06-28 06:24:10] TvtempRepository.INFO: ======= Start TV Repository (Get All Template List)================  
[2023-06-28 06:24:10] TvtempModel.INFO: Query : CALL SP_TvtemplateDetails('LIST')  
[2023-06-28 06:24:10] TvtempRepository.INFO: ======= Start TV Repository (Get All Feature List)================  
[2023-06-28 06:24:10] TvtempModel.INFO: Query : CALL SP_TvtemplateDetails('FEATURE')  
[2023-06-28 06:24:10] TvtempRepository.INFO: ======= Start TV Repository (Get All ChannelFeed List) ================  
[2023-06-28 06:24:10] TvtempModel.INFO: Query : CALL SP_TvtemplateDetails('CHNLTYPE')  
[2023-06-28 06:24:10] TvtempModel.INFO: get All Template (count) : 6  
[2023-06-28 06:24:10] TvtempRepository.INFO: ======= End TV Repository (Get All Template List)================  
[2023-06-28 06:24:10] TvtempModel.INFO: get All Template (count) : 7  
[2023-06-28 06:24:10] TvtempRepository.INFO: ======= End TV Repository (Get All Feature List)================  
[2023-06-28 06:24:10] TvtempModel.INFO: get All Template (count) : 3  
[2023-06-28 06:24:10] TvtempRepository.INFO: ======= End TV Repository (Get All ChannelFeed List) ================  
[2023-06-28 06:26:48] TvtempRepository.INFO: ======= Start TV Repository (Get All Template List)================  
[2023-06-28 06:26:48] TvtempModel.INFO: Query : CALL SP_TvtemplateDetails('LIST')  
[2023-06-28 06:26:48] TvtempRepository.INFO: ======= Start TV Repository (Get All ChannelFeed List) ================  
[2023-06-28 06:26:48] TvtempModel.INFO: Query : CALL SP_TvtemplateDetails('CHNLTYPE')  
[2023-06-28 06:26:48] TvtempModel.INFO: get All Template (count) : 6  
[2023-06-28 06:26:48] TvtempRepository.INFO: ======= End TV Repository (Get All Template List)================  
[2023-06-28 06:26:48] TvtempRepository.INFO: ======= Start TV Repository (Get All Feature List)================  
[2023-06-28 06:26:48] TvtempModel.INFO: Query : CALL SP_TvtemplateDetails('FEATURE')  
[2023-06-28 06:26:48] TvtempModel.INFO: get All Template (count) : 7  
[2023-06-28 06:26:48] TvtempRepository.INFO: ======= End TV Repository (Get All Feature List)================  
[2023-06-28 06:26:48] TvtempModel.INFO: get All Template (count) : 3  
[2023-06-28 06:26:48] TvtempRepository.INFO: ======= End TV Repository (Get All ChannelFeed List) ================  
[2023-06-28 06:29:15] TvtempRepository.INFO: ======= Start TV Repository (Get All Feature List)================  
[2023-06-28 06:29:15] TvtempModel.INFO: Query : CALL SP_TvtemplateDetails('FEATURE')  
[2023-06-28 06:29:15] TvtempRepository.INFO: ======= Start TV Repository (Get All Template List)================  
[2023-06-28 06:29:15] TvtempModel.INFO: Query : CALL SP_TvtemplateDetails('LIST')  
[2023-06-28 06:29:15] TvtempModel.INFO: get All Template (count) : 7  
[2023-06-28 06:29:15] TvtempRepository.INFO: ======= End TV Repository (Get All Feature List)================  
[2023-06-28 06:29:15] TvtempModel.INFO: get All Template (count) : 6  
[2023-06-28 06:29:15] TvtempRepository.INFO: ======= End TV Repository (Get All Template List)================  
[2023-06-28 06:29:15] TvtempRepository.INFO: ======= Start TV Repository (Get All ChannelFeed List) ================  
[2023-06-28 06:29:15] TvtempModel.INFO: Query : CALL SP_TvtemplateDetails('CHNLTYPE')  
[2023-06-28 06:29:15] TvtempModel.INFO: get All Template (count) : 3  
[2023-06-28 06:29:15] TvtempRepository.INFO: ======= End TV Repository (Get All ChannelFeed List) ================  
[2023-06-28 06:29:58] TvtempRepository.INFO: ======= Start TV Repository (Get All Template List)================  
[2023-06-28 06:29:58] TvtempModel.INFO: Query : CALL SP_TvtemplateDetails('LIST')  
[2023-06-28 06:29:58] TvtempModel.INFO: get All Template (count) : 6  
[2023-06-28 06:29:58] TvtempRepository.INFO: ======= End TV Repository (Get All Template List)================  
[2023-06-28 06:29:58] TvtempRepository.INFO: ======= Start TV Repository (Get All ChannelFeed List) ================  
[2023-06-28 06:29:58] TvtempModel.INFO: Query : CALL SP_TvtemplateDetails('CHNLTYPE')  
[2023-06-28 06:29:58] TvtempRepository.INFO: ======= Start TV Repository (Get All Feature List)================  
[2023-06-28 06:29:58] TvtempModel.INFO: Query : CALL SP_TvtemplateDetails('FEATURE')  
[2023-06-28 06:29:58] TvtempModel.INFO: get All Template (count) : 3  
[2023-06-28 06:29:58] TvtempRepository.INFO: ======= End TV Repository (Get All ChannelFeed List) ================  
[2023-06-28 06:29:58] TvtempModel.INFO: get All Template (count) : 7  
[2023-06-28 06:29:58] TvtempRepository.INFO: ======= End TV Repository (Get All Feature List)================  
[2023-06-28 06:30:23] TvtempRepository.INFO: ======= Start TV Repository (Get All ChannelFeed List) ================  
[2023-06-28 06:30:23] TvtempModel.INFO: Query : CALL SP_TvtemplateDetails('CHNLTYPE')  
[2023-06-28 06:30:23] TvtempRepository.INFO: ======= Start TV Repository (Get All Feature List)================  
[2023-06-28 06:30:23] TvtempModel.INFO: Query : CALL SP_TvtemplateDetails('FEATURE')  
[2023-06-28 06:30:23] TvtempModel.INFO: get All Template (count) : 3  
[2023-06-28 06:30:23] TvtempRepository.INFO: ======= End TV Repository (Get All ChannelFeed List) ================  
[2023-06-28 06:30:23] TvtempModel.INFO: get All Template (count) : 7  
[2023-06-28 06:30:23] TvtempRepository.INFO: ======= End TV Repository (Get All Feature List)================  
[2023-06-28 06:30:23] TvtempRepository.INFO: ======= Start TV Repository (Get All Template List)================  
[2023-06-28 06:30:23] TvtempModel.INFO: Query : CALL SP_TvtemplateDetails('LIST')  
[2023-06-28 06:30:23] TvtempModel.INFO: get All Template (count) : 6  
[2023-06-28 06:30:23] TvtempRepository.INFO: ======= End TV Repository (Get All Template List)================  
[2023-06-28 06:33:32] TvtempRepository.INFO: ======= Start TV Repository (Get All ChannelFeed List) ================  
[2023-06-28 06:33:32] TvtempModel.INFO: Query : CALL SP_TvtemplateDetails('CHNLTYPE')  
[2023-06-28 06:33:32] TvtempRepository.INFO: ======= Start TV Repository (Get All Template List)================  
[2023-06-28 06:33:32] TvtempModel.INFO: Query : CALL SP_TvtemplateDetails('LIST')  
[2023-06-28 06:33:32] TvtempModel.INFO: get All Template (count) : 3  
[2023-06-28 06:33:32] TvtempRepository.INFO: ======= End TV Repository (Get All ChannelFeed List) ================  
[2023-06-28 06:33:32] TvtempRepository.INFO: ======= Start TV Repository (Get All Feature List)================  
[2023-06-28 06:33:32] TvtempModel.INFO: Query : CALL SP_TvtemplateDetails('FEATURE')  
[2023-06-28 06:33:32] TvtempModel.INFO: get All Template (count) : 6  
[2023-06-28 06:33:32] TvtempRepository.INFO: ======= End TV Repository (Get All Template List)================  
[2023-06-28 06:33:32] TvtempModel.INFO: get All Template (count) : 7  
[2023-06-28 06:33:32] TvtempRepository.INFO: ======= End TV Repository (Get All Feature List)================  
[2023-06-28 06:35:00] TvtempRepository.INFO: ======= Start TV Repository (Get All Feature List)================  
[2023-06-28 06:35:00] TvtempModel.INFO: Query : CALL SP_TvtemplateDetails('FEATURE')  
[2023-06-28 06:35:00] TvtempRepository.INFO: ======= Start TV Repository (Get All Template List)================  
[2023-06-28 06:35:00] TvtempModel.INFO: Query : CALL SP_TvtemplateDetails('LIST')  
[2023-06-28 06:35:00] TvtempModel.INFO: get All Template (count) : 6  
[2023-06-28 06:35:00] TvtempRepository.INFO: ======= End TV Repository (Get All Template List)================  
[2023-06-28 06:35:00] TvtempModel.INFO: get All Template (count) : 7  
[2023-06-28 06:35:00] TvtempRepository.INFO: ======= End TV Repository (Get All Feature List)================  
[2023-06-28 06:35:00] TvtempRepository.INFO: ======= Start TV Repository (Get All ChannelFeed List) ================  
[2023-06-28 06:35:00] TvtempModel.INFO: Query : CALL SP_TvtemplateDetails('CHNLTYPE')  
[2023-06-28 06:35:00] TvtempModel.INFO: get All Template (count) : 3  
[2023-06-28 06:35:00] TvtempRepository.INFO: ======= End TV Repository (Get All ChannelFeed List) ================  
[2023-06-28 06:42:15] TvtempRepository.INFO: ======= Start TV Repository (Get All Template List)================  
[2023-06-28 06:42:15] TvtempModel.INFO: Query : CALL SP_TvtemplateDetails('LIST')  
[2023-06-28 06:42:15] TvtempRepository.INFO: ======= Start TV Repository (Get All Feature List)================  
[2023-06-28 06:42:15] TvtempModel.INFO: Query : CALL SP_TvtemplateDetails('FEATURE')  
[2023-06-28 06:42:15] TvtempModel.INFO: get All Template (count) : 7  
[2023-06-28 06:42:15] TvtempRepository.INFO: ======= End TV Repository (Get All Feature List)================  
[2023-06-28 06:42:15] TvtempModel.INFO: get All Template (count) : 6  
[2023-06-28 06:42:15] TvtempRepository.INFO: ======= End TV Repository (Get All Template List)================  
[2023-06-28 06:42:15] TvtempRepository.INFO: ======= Start TV Repository (Get All ChannelFeed List) ================  
[2023-06-28 06:42:15] TvtempModel.INFO: Query : CALL SP_TvtemplateDetails('CHNLTYPE')  
[2023-06-28 06:42:15] TvtempModel.INFO: get All Template (count) : 3  
[2023-06-28 06:42:15] TvtempRepository.INFO: ======= End TV Repository (Get All ChannelFeed List) ================  
[2023-06-28 06:43:45] TvtempRepository.INFO: ======= Start TV Repository (Get All ChannelFeed List) ================  
[2023-06-28 06:43:45] TvtempModel.INFO: Query : CALL SP_TvtemplateDetails('CHNLTYPE')  
[2023-06-28 06:43:45] TvtempRepository.INFO: ======= Start TV Repository (Get All Feature List)================  
[2023-06-28 06:43:45] TvtempModel.INFO: Query : CALL SP_TvtemplateDetails('FEATURE')  
[2023-06-28 06:43:45] TvtempRepository.INFO: ======= Start TV Repository (Get All Template List)================  
[2023-06-28 06:43:45] TvtempModel.INFO: Query : CALL SP_TvtemplateDetails('LIST')  
[2023-06-28 06:43:45] TvtempModel.INFO: get All Template (count) : 3  
[2023-06-28 06:43:45] TvtempRepository.INFO: ======= End TV Repository (Get All ChannelFeed List) ================  
[2023-06-28 06:43:45] TvtempModel.INFO: get All Template (count) : 7  
[2023-06-28 06:43:45] TvtempRepository.INFO: ======= End TV Repository (Get All Feature List)================  
[2023-06-28 06:43:45] TvtempModel.INFO: get All Template (count) : 6  
[2023-06-28 06:43:45] TvtempRepository.INFO: ======= End TV Repository (Get All Template List)================  
[2023-06-28 06:48:36] TvtempRepository.INFO: ======= Start TV Repository (Get All Template List)================  
[2023-06-28 06:48:36] TvtempModel.INFO: Query : CALL SP_TvtemplateDetails('LIST')  
[2023-06-28 06:48:36] TvtempRepository.INFO: ======= Start TV Repository (Get All Feature List)================  
[2023-06-28 06:48:36] TvtempModel.INFO: Query : CALL SP_TvtemplateDetails('FEATURE')  
[2023-06-28 06:48:36] TvtempRepository.INFO: ======= Start TV Repository (Get All ChannelFeed List) ================  
[2023-06-28 06:48:36] TvtempModel.INFO: Query : CALL SP_TvtemplateDetails('CHNLTYPE')  
[2023-06-28 06:48:36] TvtempModel.INFO: get All Template (count) : 6  
[2023-06-28 06:48:36] TvtempRepository.INFO: ======= End TV Repository (Get All Template List)================  
[2023-06-28 06:48:36] TvtempModel.INFO: get All Template (count) : 7  
[2023-06-28 06:48:36] TvtempRepository.INFO: ======= End TV Repository (Get All Feature List)================  
[2023-06-28 06:48:36] TvtempModel.INFO: get All Template (count) : 3  
[2023-06-28 06:48:36] TvtempRepository.INFO: ======= End TV Repository (Get All ChannelFeed List) ================  
[2023-06-28 06:50:30] TvtempRepository.INFO: ======= Start TV Repository (Get All Feature List)================  
[2023-06-28 06:50:30] TvtempModel.INFO: Query : CALL SP_TvtemplateDetails('FEATURE')  
[2023-06-28 06:50:30] TvtempRepository.INFO: ======= Start TV Repository (Get All Template List)================  
[2023-06-28 06:50:30] TvtempModel.INFO: Query : CALL SP_TvtemplateDetails('LIST')  
[2023-06-28 06:50:30] TvtempRepository.INFO: ======= Start TV Repository (Get All ChannelFeed List) ================  
[2023-06-28 06:50:30] TvtempModel.INFO: Query : CALL SP_TvtemplateDetails('CHNLTYPE')  
[2023-06-28 06:50:30] TvtempModel.INFO: get All Template (count) : 7  
[2023-06-28 06:50:30] TvtempRepository.INFO: ======= End TV Repository (Get All Feature List)================  
[2023-06-28 06:50:30] TvtempModel.INFO: get All Template (count) : 6  
[2023-06-28 06:50:30] TvtempRepository.INFO: ======= End TV Repository (Get All Template List)================  
[2023-06-28 06:50:30] TvtempModel.INFO: get All Template (count) : 3  
[2023-06-28 06:50:30] TvtempRepository.INFO: ======= End TV Repository (Get All ChannelFeed List) ================  
[2023-06-28 06:52:42] TvtempRepository.INFO: ======= Start TV Repository (Get All ChannelFeed List) ================  
[2023-06-28 06:52:42] TvtempModel.INFO: Query : CALL SP_TvtemplateDetails('CHNLTYPE')  
[2023-06-28 06:52:42] TvtempRepository.INFO: ======= Start TV Repository (Get All Template List)================  
[2023-06-28 06:52:42] TvtempModel.INFO: Query : CALL SP_TvtemplateDetails('LIST')  
[2023-06-28 06:52:42] TvtempRepository.INFO: ======= Start TV Repository (Get All Feature List)================  
[2023-06-28 06:52:42] TvtempModel.INFO: Query : CALL SP_TvtemplateDetails('FEATURE')  
[2023-06-28 06:52:42] TvtempModel.INFO: get All Template (count) : 3  
[2023-06-28 06:52:42] TvtempRepository.INFO: ======= End TV Repository (Get All ChannelFeed List) ================  
[2023-06-28 06:52:42] TvtempModel.INFO: get All Template (count) : 7  
[2023-06-28 06:52:42] TvtempRepository.INFO: ======= End TV Repository (Get All Feature List)================  
[2023-06-28 06:52:42] TvtempModel.INFO: get All Template (count) : 6  
[2023-06-28 06:52:42] TvtempRepository.INFO: ======= End TV Repository (Get All Template List)================  
[2023-06-28 06:53:25] TvtempRepository.INFO: ======= Start TV Repository (Get All ChannelFeed List) ================  
[2023-06-28 06:53:25] TvtempModel.INFO: Query : CALL SP_TvtemplateDetails('CHNLTYPE')  
[2023-06-28 06:53:25] TvtempRepository.INFO: ======= Start TV Repository (Get All Feature List)================  
[2023-06-28 06:53:25] TvtempModel.INFO: Query : CALL SP_TvtemplateDetails('FEATURE')  
[2023-06-28 06:53:25] TvtempModel.INFO: get All Template (count) : 7  
[2023-06-28 06:53:25] TvtempRepository.INFO: ======= End TV Repository (Get All Feature List)================  
[2023-06-28 06:53:25] TvtempModel.INFO: get All Template (count) : 3  
[2023-06-28 06:53:25] TvtempRepository.INFO: ======= End TV Repository (Get All ChannelFeed List) ================  
[2023-06-28 06:53:25] TvtempRepository.INFO: ======= Start TV Repository (Get All Template List)================  
[2023-06-28 06:53:25] TvtempModel.INFO: Query : CALL SP_TvtemplateDetails('LIST')  
[2023-06-28 06:53:25] TvtempModel.INFO: get All Template (count) : 6  
[2023-06-28 06:53:25] TvtempRepository.INFO: ======= End TV Repository (Get All Template List)================  
[2023-06-28 06:53:41] TvtempRepository.INFO: ======= Start TV Repository (Get All ChannelFeed List) ================  
[2023-06-28 06:53:41] TvtempModel.INFO: Query : CALL SP_TvtemplateDetails('CHNLTYPE')  
[2023-06-28 06:53:41] TvtempRepository.INFO: ======= Start TV Repository (Get All Feature List)================  
[2023-06-28 06:53:41] TvtempModel.INFO: Query : CALL SP_TvtemplateDetails('FEATURE')  
[2023-06-28 06:53:41] TvtempRepository.INFO: ======= Start TV Repository (Get All Template List)================  
[2023-06-28 06:53:41] TvtempModel.INFO: Query : CALL SP_TvtemplateDetails('LIST')  
[2023-06-28 06:53:41] TvtempModel.INFO: get All Template (count) : 3  
[2023-06-28 06:53:41] TvtempRepository.INFO: ======= End TV Repository (Get All ChannelFeed List) ================  
[2023-06-28 06:53:41] TvtempModel.INFO: get All Template (count) : 6  
[2023-06-28 06:53:41] TvtempRepository.INFO: ======= End TV Repository (Get All Template List)================  
[2023-06-28 06:53:41] TvtempModel.INFO: get All Template (count) : 7  
[2023-06-28 06:53:41] TvtempRepository.INFO: ======= End TV Repository (Get All Feature List)================  
[2023-06-28 06:54:32] TvtempRepository.INFO: ======= Start TV Repository (Get All Template List)================  
[2023-06-28 06:54:32] TvtempModel.INFO: Query : CALL SP_TvtemplateDetails('LIST')  
[2023-06-28 06:54:32] TvtempModel.INFO: get All Template (count) : 6  
[2023-06-28 06:54:32] TvtempRepository.INFO: ======= End TV Repository (Get All Template List)================  
[2023-06-28 06:54:32] TvtempRepository.INFO: ======= Start TV Repository (Get All ChannelFeed List) ================  
[2023-06-28 06:54:32] TvtempModel.INFO: Query : CALL SP_TvtemplateDetails('CHNLTYPE')  
[2023-06-28 06:54:32] TvtempModel.INFO: get All Template (count) : 3  
[2023-06-28 06:54:32] TvtempRepository.INFO: ======= End TV Repository (Get All ChannelFeed List) ================  
[2023-06-28 06:54:32] TvtempRepository.INFO: ======= Start TV Repository (Get All Feature List)================  
[2023-06-28 06:54:32] TvtempModel.INFO: Query : CALL SP_TvtemplateDetails('FEATURE')  
[2023-06-28 06:54:32] TvtempModel.INFO: get All Template (count) : 7  
[2023-06-28 06:54:32] TvtempRepository.INFO: ======= End TV Repository (Get All Feature List)================  
[2023-06-28 06:58:41] TvtempRepository.INFO: ======= Start TV Repository (Get All Template List)================  
[2023-06-28 06:58:41] TvtempModel.INFO: Query : CALL SP_TvtemplateDetails('LIST')  
[2023-06-28 06:58:41] TvtempRepository.INFO: ======= Start TV Repository (Get All ChannelFeed List) ================  
[2023-06-28 06:58:41] TvtempModel.INFO: Query : CALL SP_TvtemplateDetails('CHNLTYPE')  
[2023-06-28 06:58:41] TvtempRepository.INFO: ======= Start TV Repository (Get All Feature List)================  
[2023-06-28 06:58:41] TvtempModel.INFO: get All Template (count) : 6  
[2023-06-28 06:58:41] TvtempRepository.INFO: ======= End TV Repository (Get All Template List)================  
[2023-06-28 06:58:41] TvtempModel.INFO: Query : CALL SP_TvtemplateDetails('FEATURE')  
[2023-06-28 06:58:41] TvtempModel.INFO: get All Template (count) : 3  
[2023-06-28 06:58:41] TvtempRepository.INFO: ======= End TV Repository (Get All ChannelFeed List) ================  
[2023-06-28 06:58:41] TvtempModel.INFO: get All Template (count) : 7  
[2023-06-28 06:58:41] TvtempRepository.INFO: ======= End TV Repository (Get All Feature List)================  
[2023-06-28 07:00:09] TvtempRepository.INFO: ======= Start TV Repository (Get All ChannelFeed List) ================  
[2023-06-28 07:00:09] TvtempRepository.INFO: ======= Start TV Repository (Get All Feature List)================  
[2023-06-28 07:00:09] TvtempModel.INFO: Query : CALL SP_TvtemplateDetails('FEATURE')  
[2023-06-28 07:00:09] TvtempRepository.INFO: ======= Start TV Repository (Get All Template List)================  
[2023-06-28 07:00:09] TvtempModel.INFO: Query : CALL SP_TvtemplateDetails('LIST')  
[2023-06-28 07:00:09] TvtempModel.INFO: Query : CALL SP_TvtemplateDetails('CHNLTYPE')  
[2023-06-28 07:00:09] TvtempModel.INFO: get All Template (count) : 7  
[2023-06-28 07:00:09] TvtempRepository.INFO: ======= End TV Repository (Get All Feature List)================  
[2023-06-28 07:00:09] TvtempModel.INFO: get All Template (count) : 6  
[2023-06-28 07:00:09] TvtempRepository.INFO: ======= End TV Repository (Get All Template List)================  
[2023-06-28 07:00:09] TvtempModel.INFO: get All Template (count) : 3  
[2023-06-28 07:00:09] TvtempRepository.INFO: ======= End TV Repository (Get All ChannelFeed List) ================  
[2023-06-28 07:03:28] TvtempRepository.INFO: ======= Start TV Repository (Get All ChannelFeed List) ================  
[2023-06-28 07:03:28] TvtempModel.INFO: Query : CALL SP_TvtemplateDetails('CHNLTYPE')  
[2023-06-28 07:03:29] TvtempRepository.INFO: ======= Start TV Repository (Get All Feature List)================  
[2023-06-28 07:03:29] TvtempModel.INFO: Query : CALL SP_TvtemplateDetails('FEATURE')  
[2023-06-28 07:03:29] TvtempModel.INFO: get All Template (count) : 3  
[2023-06-28 07:03:29] TvtempRepository.INFO: ======= End TV Repository (Get All ChannelFeed List) ================  
[2023-06-28 07:03:29] TvtempRepository.INFO: ======= Start TV Repository (Get All Template List)================  
[2023-06-28 07:03:29] TvtempModel.INFO: Query : CALL SP_TvtemplateDetails('LIST')  
[2023-06-28 07:03:29] TvtempModel.INFO: get All Template (count) : 6  
[2023-06-28 07:03:29] TvtempRepository.INFO: ======= End TV Repository (Get All Template List)================  
[2023-06-28 07:03:29] TvtempModel.INFO: get All Template (count) : 7  
[2023-06-28 07:03:29] TvtempRepository.INFO: ======= End TV Repository (Get All Feature List)================  
[2023-06-28 07:08:02] TvtempRepository.INFO: ======= Start TV Repository (Get All Feature List)================  
[2023-06-28 07:08:02] TvtempModel.INFO: Query : CALL SP_TvtemplateDetails('FEATURE')  
[2023-06-28 07:08:02] TvtempRepository.INFO: ======= Start TV Repository (Get All Template List)================  
[2023-06-28 07:08:02] TvtempModel.INFO: Query : CALL SP_TvtemplateDetails('LIST')  
[2023-06-28 07:08:02] TvtempRepository.INFO: ======= Start TV Repository (Get All ChannelFeed List) ================  
[2023-06-28 07:08:02] TvtempModel.INFO: Query : CALL SP_TvtemplateDetails('CHNLTYPE')  
[2023-06-28 07:08:02] TvtempModel.INFO: get All Template (count) : 3  
[2023-06-28 07:08:02] TvtempRepository.INFO: ======= End TV Repository (Get All ChannelFeed List) ================  
[2023-06-28 07:08:02] TvtempModel.INFO: get All Template (count) : 7  
[2023-06-28 07:08:02] TvtempRepository.INFO: ======= End TV Repository (Get All Feature List)================  
[2023-06-28 07:08:02] TvtempModel.INFO: get All Template (count) : 6  
[2023-06-28 07:08:02] TvtempRepository.INFO: ======= End TV Repository (Get All Template List)================  
[2023-06-28 07:12:27] TvtempRepository.INFO: ======= Start TV Repository (Get All Template List)================  
[2023-06-28 07:12:27] TvtempModel.INFO: Query : CALL SP_TvtemplateDetails('LIST')  
[2023-06-28 07:12:27] TvtempModel.INFO: get All Template (count) : 6  
[2023-06-28 07:12:27] TvtempRepository.INFO: ======= End TV Repository (Get All Template List)================  
[2023-06-28 07:12:27] TvtempRepository.INFO: ======= Start TV Repository (Get All Feature List)================  
[2023-06-28 07:12:27] TvtempModel.INFO: Query : CALL SP_TvtemplateDetails('FEATURE')  
[2023-06-28 07:12:27] TvtempRepository.INFO: ======= Start TV Repository (Get All ChannelFeed List) ================  
[2023-06-28 07:12:27] TvtempModel.INFO: Query : CALL SP_TvtemplateDetails('CHNLTYPE')  
[2023-06-28 07:12:27] TvtempModel.INFO: get All Template (count) : 7  
[2023-06-28 07:12:27] TvtempRepository.INFO: ======= End TV Repository (Get All Feature List)================  
[2023-06-28 07:12:27] TvtempModel.INFO: get All Template (count) : 3  
[2023-06-28 07:12:27] TvtempRepository.INFO: ======= End TV Repository (Get All ChannelFeed List) ================  
[2023-06-28 07:13:29] TvtempRepository.INFO: ======= Start TV Repository (Get All ChannelFeed List) ================  
[2023-06-28 07:13:29] TvtempModel.INFO: Query : CALL SP_TvtemplateDetails('CHNLTYPE')  
[2023-06-28 07:13:29] TvtempRepository.INFO: ======= Start TV Repository (Get All Template List)================  
[2023-06-28 07:13:29] TvtempModel.INFO: Query : CALL SP_TvtemplateDetails('LIST')  
[2023-06-28 07:13:29] TvtempRepository.INFO: ======= Start TV Repository (Get All Feature List)================  
[2023-06-28 07:13:29] TvtempModel.INFO: Query : CALL SP_TvtemplateDetails('FEATURE')  
[2023-06-28 07:13:29] TvtempModel.INFO: get All Template (count) : 6  
[2023-06-28 07:13:29] TvtempRepository.INFO: ======= End TV Repository (Get All Template List)================  
[2023-06-28 07:13:29] TvtempModel.INFO: get All Template (count) : 3  
[2023-06-28 07:13:29] TvtempRepository.INFO: ======= End TV Repository (Get All ChannelFeed List) ================  
[2023-06-28 07:13:29] TvtempModel.INFO: get All Template (count) : 7  
[2023-06-28 07:13:29] TvtempRepository.INFO: ======= End TV Repository (Get All Feature List)================  
[2023-06-28 07:16:16] TvtempRepository.INFO: ======= Start TV Repository (Get All Template List)================  
[2023-06-28 07:16:16] TvtempModel.INFO: Query : CALL SP_TvtemplateDetails('LIST')  
[2023-06-28 07:16:16] TvtempRepository.INFO: ======= Start TV Repository (Get All Feature List)================  
[2023-06-28 07:16:16] TvtempModel.INFO: Query : CALL SP_TvtemplateDetails('FEATURE')  
[2023-06-28 07:16:16] TvtempModel.INFO: get All Template (count) : 7  
[2023-06-28 07:16:16] TvtempRepository.INFO: ======= End TV Repository (Get All Feature List)================  
[2023-06-28 07:16:16] TvtempModel.INFO: get All Template (count) : 6  
[2023-06-28 07:16:16] TvtempRepository.INFO: ======= End TV Repository (Get All Template List)================  
[2023-06-28 07:16:16] TvtempRepository.INFO: ======= Start TV Repository (Get All ChannelFeed List) ================  
[2023-06-28 07:16:16] TvtempModel.INFO: Query : CALL SP_TvtemplateDetails('CHNLTYPE')  
[2023-06-28 07:16:16] TvtempModel.INFO: get All Template (count) : 3  
[2023-06-28 07:16:16] TvtempRepository.INFO: ======= End TV Repository (Get All ChannelFeed List) ================  
[2023-06-28 07:23:39] TvtempRepository.INFO: ======= Start TV Repository (Get All Template List)================  
[2023-06-28 07:23:39] TvtempModel.INFO: Query : CALL SP_TvtemplateDetails('LIST')  
[2023-06-28 07:23:39] TvtempModel.INFO: get All Template (count) : 6  
[2023-06-28 07:23:39] TvtempRepository.INFO: ======= End TV Repository (Get All Template List)================  
[2023-06-28 07:23:39] TvtempRepository.INFO: ======= Start TV Repository (Get All Feature List)================  
[2023-06-28 07:23:39] TvtempModel.INFO: Query : CALL SP_TvtemplateDetails('FEATURE')  
[2023-06-28 07:23:40] TvtempRepository.INFO: ======= Start TV Repository (Get All ChannelFeed List) ================  
[2023-06-28 07:23:40] TvtempModel.INFO: Query : CALL SP_TvtemplateDetails('CHNLTYPE')  
[2023-06-28 07:23:40] TvtempModel.INFO: get All Template (count) : 7  
[2023-06-28 07:23:40] TvtempRepository.INFO: ======= End TV Repository (Get All Feature List)================  
[2023-06-28 07:23:40] TvtempModel.INFO: get All Template (count) : 3  
[2023-06-28 07:23:40] TvtempRepository.INFO: ======= End TV Repository (Get All ChannelFeed List) ================  
[2023-06-28 07:26:16] TvtempRepository.INFO: ======= Start TV Repository (Get All Template List)================  
[2023-06-28 07:26:16] TvtempModel.INFO: Query : CALL SP_TvtemplateDetails('LIST')  
[2023-06-28 07:26:16] TvtempRepository.INFO: ======= Start TV Repository (Get All ChannelFeed List) ================  
[2023-06-28 07:26:16] TvtempModel.INFO: Query : CALL SP_TvtemplateDetails('CHNLTYPE')  
[2023-06-28 07:26:16] TvtempRepository.INFO: ======= Start TV Repository (Get All Feature List)================  
[2023-06-28 07:26:16] TvtempModel.INFO: Query : CALL SP_TvtemplateDetails('FEATURE')  
[2023-06-28 07:26:16] TvtempModel.INFO: get All Template (count) : 7  
[2023-06-28 07:26:16] TvtempRepository.INFO: ======= End TV Repository (Get All Feature List)================  
[2023-06-28 07:26:16] TvtempModel.INFO: get All Template (count) : 3  
[2023-06-28 07:26:16] TvtempRepository.INFO: ======= End TV Repository (Get All ChannelFeed List) ================  
[2023-06-28 07:26:16] TvtempModel.INFO: get All Template (count) : 6  
[2023-06-28 07:26:16] TvtempRepository.INFO: ======= End TV Repository (Get All Template List)================  
[2023-06-28 07:29:34] TvtempRepository.INFO: ======= Start TV Repository (Get All ChannelFeed List) ================  
[2023-06-28 07:29:34] TvtempModel.INFO: Query : CALL SP_TvtemplateDetails('CHNLTYPE')  
[2023-06-28 07:29:34] TvtempRepository.INFO: ======= Start TV Repository (Get All Template List)================  
[2023-06-28 07:29:34] TvtempModel.INFO: Query : CALL SP_TvtemplateDetails('LIST')  
[2023-06-28 07:29:34] TvtempModel.INFO: get All Template (count) : 6  
[2023-06-28 07:29:34] TvtempRepository.INFO: ======= End TV Repository (Get All Template List)================  
[2023-06-28 07:29:34] TvtempModel.INFO: get All Template (count) : 3  
[2023-06-28 07:29:34] TvtempRepository.INFO: ======= End TV Repository (Get All ChannelFeed List) ================  
[2023-06-28 07:29:34] TvtempRepository.INFO: ======= Start TV Repository (Get All Feature List)================  
[2023-06-28 07:29:34] TvtempModel.INFO: Query : CALL SP_TvtemplateDetails('FEATURE')  
[2023-06-28 07:29:34] TvtempModel.INFO: get All Template (count) : 7  
[2023-06-28 07:29:34] TvtempRepository.INFO: ======= End TV Repository (Get All Feature List)================  
[2023-06-28 07:32:56] TvtempRepository.INFO: ======= Start TV Repository (Get All Template List)================  
[2023-06-28 07:32:56] TvtempModel.INFO: Query : CALL SP_TvtemplateDetails('LIST')  
[2023-06-28 07:32:56] TvtempModel.INFO: get All Template (count) : 6  
[2023-06-28 07:32:56] TvtempRepository.INFO: ======= End TV Repository (Get All Template List)================  
[2023-06-28 07:32:56] TvtempRepository.INFO: ======= Start TV Repository (Get All Feature List)================  
[2023-06-28 07:32:56] TvtempModel.INFO: Query : CALL SP_TvtemplateDetails('FEATURE')  
[2023-06-28 07:32:56] TvtempModel.INFO: get All Template (count) : 7  
[2023-06-28 07:32:56] TvtempRepository.INFO: ======= End TV Repository (Get All Feature List)================  
[2023-06-28 07:32:56] TvtempRepository.INFO: ======= Start TV Repository (Get All ChannelFeed List) ================  
[2023-06-28 07:32:56] TvtempModel.INFO: Query : CALL SP_TvtemplateDetails('CHNLTYPE')  
[2023-06-28 07:32:56] TvtempModel.INFO: get All Template (count) : 3  
[2023-06-28 07:32:56] TvtempRepository.INFO: ======= End TV Repository (Get All ChannelFeed List) ================  
[2023-06-28 08:37:58] TvtempRepository.INFO: ======= Start TV Repository (Get All Template List)================  
[2023-06-28 08:37:58] TvtempModel.INFO: Query : CALL SP_TvtemplateDetails('LIST')  
[2023-06-28 08:37:58] TvtempRepository.INFO: ======= Start TV Repository (Get All ChannelFeed List) ================  
[2023-06-28 08:37:58] TvtempModel.INFO: Query : CALL SP_TvtemplateDetails('CHNLTYPE')  
[2023-06-28 08:37:58] TvtempModel.INFO: get All Template (count) : 6  
[2023-06-28 08:37:58] TvtempRepository.INFO: ======= End TV Repository (Get All Template List)================  
[2023-06-28 08:37:58] TvtempRepository.INFO: ======= Start TV Repository (Get All Feature List)================  
[2023-06-28 08:37:58] TvtempModel.INFO: Query : CALL SP_TvtemplateDetails('FEATURE')  
[2023-06-28 08:37:58] TvtempModel.INFO: get All Template (count) : 3  
[2023-06-28 08:37:58] TvtempRepository.INFO: ======= End TV Repository (Get All ChannelFeed List) ================  
[2023-06-28 08:37:58] TvtempModel.INFO: get All Template (count) : 7  
[2023-06-28 08:37:58] TvtempRepository.INFO: ======= End TV Repository (Get All Feature List)================  
[2023-06-28 08:43:00] TvtempRepository.INFO: ======= Start TV Repository (Get All Template List)================  
[2023-06-28 08:43:00] TvtempModel.INFO: Query : CALL SP_TvtemplateDetails('LIST')  
[2023-06-28 08:43:00] TvtempRepository.INFO: ======= Start TV Repository (Get All Feature List)================  
[2023-06-28 08:43:00] TvtempModel.INFO: Query : CALL SP_TvtemplateDetails('FEATURE')  
[2023-06-28 08:43:00] TvtempModel.INFO: get All Template (count) : 6  
[2023-06-28 08:43:00] TvtempRepository.INFO: ======= End TV Repository (Get All Template List)================  
[2023-06-28 08:43:00] TvtempModel.INFO: get All Template (count) : 7  
[2023-06-28 08:43:00] TvtempRepository.INFO: ======= End TV Repository (Get All Feature List)================  
[2023-06-28 08:43:00] TvtempRepository.INFO: ======= Start TV Repository (Get All ChannelFeed List) ================  
[2023-06-28 08:43:00] TvtempModel.INFO: Query : CALL SP_TvtemplateDetails('CHNLTYPE')  
[2023-06-28 08:43:00] TvtempModel.INFO: get All Template (count) : 3  
[2023-06-28 08:43:00] TvtempRepository.INFO: ======= End TV Repository (Get All ChannelFeed List) ================  
[2023-06-28 08:44:09] TvtempRepository.INFO: ======= Start TV Repository (Get All Template List)================  
[2023-06-28 08:44:09] TvtempModel.INFO: Query : CALL SP_TvtemplateDetails('LIST')  
[2023-06-28 08:44:09] TvtempModel.INFO: get All Template (count) : 6  
[2023-06-28 08:44:09] TvtempRepository.INFO: ======= End TV Repository (Get All Template List)================  
[2023-06-28 08:44:09] TvtempRepository.INFO: ======= Start TV Repository (Get All Feature List)================  
[2023-06-28 08:44:09] TvtempModel.INFO: Query : CALL SP_TvtemplateDetails('FEATURE')  
[2023-06-28 08:44:09] TvtempRepository.INFO: ======= Start TV Repository (Get All ChannelFeed List) ================  
[2023-06-28 08:44:09] TvtempModel.INFO: Query : CALL SP_TvtemplateDetails('CHNLTYPE')  
[2023-06-28 08:44:09] TvtempModel.INFO: get All Template (count) : 3  
[2023-06-28 08:44:09] TvtempRepository.INFO: ======= End TV Repository (Get All ChannelFeed List) ================  
[2023-06-28 08:44:09] TvtempModel.INFO: get All Template (count) : 7  
[2023-06-28 08:44:09] TvtempRepository.INFO: ======= End TV Repository (Get All Feature List)================  
[2023-06-28 08:46:30] TvtempRepository.INFO: ======= Start TV Repository (Get All Template List)================  
[2023-06-28 08:46:30] TvtempModel.INFO: Query : CALL SP_TvtemplateDetails('LIST')  
[2023-06-28 08:46:30] TvtempModel.INFO: get All Template (count) : 6  
[2023-06-28 08:46:30] TvtempRepository.INFO: ======= End TV Repository (Get All Template List)================  
[2023-06-28 08:46:30] TvtempRepository.INFO: ======= Start TV Repository (Get All Feature List)================  
[2023-06-28 08:46:30] TvtempModel.INFO: Query : CALL SP_TvtemplateDetails('FEATURE')  
[2023-06-28 08:46:30] TvtempModel.INFO: get All Template (count) : 7  
[2023-06-28 08:46:30] TvtempRepository.INFO: ======= End TV Repository (Get All Feature List)================  
[2023-06-28 08:46:30] TvtempRepository.INFO: ======= Start TV Repository (Get All ChannelFeed List) ================  
[2023-06-28 08:46:30] TvtempModel.INFO: Query : CALL SP_TvtemplateDetails('CHNLTYPE')  
[2023-06-28 08:46:30] TvtempModel.INFO: get All Template (count) : 3  
[2023-06-28 08:46:30] TvtempRepository.INFO: ======= End TV Repository (Get All ChannelFeed List) ================  
[2023-06-28 08:46:35] TvtempRepository.INFO: ======= Start TV Repository (Get All Template List)================  
[2023-06-28 08:46:35] TvtempModel.INFO: Query : CALL SP_TvtemplateDetails('LIST')  
[2023-06-28 08:46:35] TvtempModel.INFO: get All Template (count) : 6  
[2023-06-28 08:46:35] TvtempRepository.INFO: ======= End TV Repository (Get All Template List)================  
[2023-06-28 08:46:35] TvtempRepository.INFO: ======= Start TV Repository (Get All ChannelFeed List) ================  
[2023-06-28 08:46:35] TvtempModel.INFO: Query : CALL SP_TvtemplateDetails('CHNLTYPE')  
[2023-06-28 08:46:35] TvtempRepository.INFO: ======= Start TV Repository (Get All Feature List)================  
[2023-06-28 08:46:35] TvtempModel.INFO: Query : CALL SP_TvtemplateDetails('FEATURE')  
[2023-06-28 08:46:35] TvtempModel.INFO: get All Template (count) : 3  
[2023-06-28 08:46:35] TvtempRepository.INFO: ======= End TV Repository (Get All ChannelFeed List) ================  
[2023-06-28 08:46:35] TvtempModel.INFO: get All Template (count) : 7  
[2023-06-28 08:46:35] TvtempRepository.INFO: ======= End TV Repository (Get All Feature List)================  
[2023-06-28 08:54:48] TvtempRepository.INFO: ======= Start TV Repository (Get All Feature List)================  
[2023-06-28 08:54:48] TvtempModel.INFO: Query : CALL SP_TvtemplateDetails('FEATURE')  
[2023-06-28 08:54:48] TvtempRepository.INFO: ======= Start TV Repository (Get All ChannelFeed List) ================  
[2023-06-28 08:54:48] TvtempModel.INFO: Query : CALL SP_TvtemplateDetails('CHNLTYPE')  
[2023-06-28 08:54:48] TvtempRepository.INFO: ======= Start TV Repository (Get All Template List)================  
[2023-06-28 08:54:48] TvtempModel.INFO: Query : CALL SP_TvtemplateDetails('LIST')  
[2023-06-28 08:54:48] TvtempModel.INFO: get All Template (count) : 3  
[2023-06-28 08:54:48] TvtempRepository.INFO: ======= End TV Repository (Get All ChannelFeed List) ================  
[2023-06-28 08:54:48] TvtempModel.INFO: get All Template (count) : 7  
[2023-06-28 08:54:48] TvtempRepository.INFO: ======= End TV Repository (Get All Feature List)================  
[2023-06-28 08:54:48] TvtempModel.INFO: get All Template (count) : 6  
[2023-06-28 08:54:48] TvtempRepository.INFO: ======= End TV Repository (Get All Template List)================  
[2023-06-28 08:59:46] TvtempRepository.INFO: ======= Start TV Repository (Get All Template List)================  
[2023-06-28 08:59:46] TvtempModel.INFO: Query : CALL SP_TvtemplateDetails('LIST')  
[2023-06-28 08:59:46] TvtempModel.INFO: get All Template (count) : 6  
[2023-06-28 08:59:46] TvtempRepository.INFO: ======= End TV Repository (Get All Template List)================  
[2023-06-28 08:59:46] TvtempRepository.INFO: ======= Start TV Repository (Get All Feature List)================  
[2023-06-28 08:59:46] TvtempModel.INFO: Query : CALL SP_TvtemplateDetails('FEATURE')  
[2023-06-28 08:59:46] TvtempModel.INFO: get All Template (count) : 7  
[2023-06-28 08:59:46] TvtempRepository.INFO: ======= End TV Repository (Get All Feature List)================  
[2023-06-28 08:59:46] TvtempRepository.INFO: ======= Start TV Repository (Get All ChannelFeed List) ================  
[2023-06-28 08:59:46] TvtempModel.INFO: Query : CALL SP_TvtemplateDetails('CHNLTYPE')  
[2023-06-28 08:59:46] TvtempModel.INFO: get All Template (count) : 3  
[2023-06-28 08:59:46] TvtempRepository.INFO: ======= End TV Repository (Get All ChannelFeed List) ================  
[2023-06-28 09:02:21] TvtempRepository.INFO: ======= Start TV Repository (Get All Feature List)================  
[2023-06-28 09:02:21] TvtempModel.INFO: Query : CALL SP_TvtemplateDetails('FEATURE')  
[2023-06-28 09:02:21] TvtempRepository.INFO: ======= Start TV Repository (Get All Template List)================  
[2023-06-28 09:02:21] TvtempModel.INFO: Query : CALL SP_TvtemplateDetails('LIST')  
[2023-06-28 09:02:21] TvtempModel.INFO: get All Template (count) : 7  
[2023-06-28 09:02:21] TvtempRepository.INFO: ======= End TV Repository (Get All Feature List)================  
[2023-06-28 09:02:21] TvtempModel.INFO: get All Template (count) : 6  
[2023-06-28 09:02:21] TvtempRepository.INFO: ======= End TV Repository (Get All Template List)================  
[2023-06-28 09:02:21] TvtempRepository.INFO: ======= Start TV Repository (Get All ChannelFeed List) ================  
[2023-06-28 09:02:21] TvtempModel.INFO: Query : CALL SP_TvtemplateDetails('CHNLTYPE')  
[2023-06-28 09:02:21] TvtempModel.INFO: get All Template (count) : 3  
[2023-06-28 09:02:21] TvtempRepository.INFO: ======= End TV Repository (Get All ChannelFeed List) ================  
[2023-06-28 09:02:29] TvtempRepository.INFO: ======= Start TV Repository (Get All Feature List)================  
[2023-06-28 09:02:29] TvtempModel.INFO: Query : CALL SP_TvtemplateDetails('FEATURE')  
[2023-06-28 09:02:29] TvtempModel.INFO: get All Template (count) : 7  
[2023-06-28 09:02:29] TvtempRepository.INFO: ======= End TV Repository (Get All Feature List)================  
[2023-06-28 09:02:29] TvtempRepository.INFO: ======= Start TV Repository (Get All ChannelFeed List) ================  
[2023-06-28 09:02:29] TvtempModel.INFO: Query : CALL SP_TvtemplateDetails('CHNLTYPE')  
[2023-06-28 09:02:29] TvtempRepository.INFO: ======= Start TV Repository (Get All Template List)================  
[2023-06-28 09:02:29] TvtempModel.INFO: Query : CALL SP_TvtemplateDetails('LIST')  
[2023-06-28 09:02:29] TvtempModel.INFO: get All Template (count) : 3  
[2023-06-28 09:02:29] TvtempRepository.INFO: ======= End TV Repository (Get All ChannelFeed List) ================  
[2023-06-28 09:02:29] TvtempModel.INFO: get All Template (count) : 6  
[2023-06-28 09:02:29] TvtempRepository.INFO: ======= End TV Repository (Get All Template List)================  
[2023-06-28 09:07:57] TvtempRepository.INFO: ======= Start TV Repository (Get All Template List)================  
[2023-06-28 09:07:57] TvtempModel.INFO: Query : CALL SP_TvtemplateDetails('LIST')  
[2023-06-28 09:07:57] TvtempRepository.INFO: ======= Start TV Repository (Get All Feature List)================  
[2023-06-28 09:07:57] TvtempModel.INFO: Query : CALL SP_TvtemplateDetails('FEATURE')  
[2023-06-28 09:07:57] TvtempModel.INFO: get All Template (count) : 6  
[2023-06-28 09:07:57] TvtempRepository.INFO: ======= End TV Repository (Get All Template List)================  
[2023-06-28 09:07:57] TvtempModel.INFO: get All Template (count) : 7  
[2023-06-28 09:07:57] TvtempRepository.INFO: ======= End TV Repository (Get All Feature List)================  
[2023-06-28 09:07:57] TvtempRepository.INFO: ======= Start TV Repository (Get All ChannelFeed List) ================  
[2023-06-28 09:07:57] TvtempModel.INFO: Query : CALL SP_TvtemplateDetails('CHNLTYPE')  
[2023-06-28 09:07:57] TvtempModel.INFO: get All Template (count) : 3  
[2023-06-28 09:07:57] TvtempRepository.INFO: ======= End TV Repository (Get All ChannelFeed List) ================  
[2023-06-28 09:08:49] TvtempRepository.INFO: ======= Start TV Repository (Get All ChannelFeed List) ================  
[2023-06-28 09:08:49] TvtempModel.INFO: Query : CALL SP_TvtemplateDetails('CHNLTYPE')  
[2023-06-28 09:08:49] TvtempRepository.INFO: ======= Start TV Repository (Get All Template List)================  
[2023-06-28 09:08:49] TvtempModel.INFO: Query : CALL SP_TvtemplateDetails('LIST')  
[2023-06-28 09:08:49] TvtempRepository.INFO: ======= Start TV Repository (Get All Feature List)================  
[2023-06-28 09:08:49] TvtempModel.INFO: Query : CALL SP_TvtemplateDetails('FEATURE')  
[2023-06-28 09:08:49] TvtempModel.INFO: get All Template (count) : 3  
[2023-06-28 09:08:49] TvtempRepository.INFO: ======= End TV Repository (Get All ChannelFeed List) ================  
[2023-06-28 09:08:49] TvtempModel.INFO: get All Template (count) : 6  
[2023-06-28 09:08:49] TvtempRepository.INFO: ======= End TV Repository (Get All Template List)================  
[2023-06-28 09:08:49] TvtempModel.INFO: get All Template (count) : 7  
[2023-06-28 09:08:49] TvtempRepository.INFO: ======= End TV Repository (Get All Feature List)================  
[2023-06-28 09:10:20] TvtempRepository.INFO: ======= Start TV Repository (Get All Template List)================  
[2023-06-28 09:10:20] TvtempModel.INFO: Query : CALL SP_TvtemplateDetails('LIST')  
[2023-06-28 09:10:20] TvtempModel.INFO: get All Template (count) : 6  
[2023-06-28 09:10:20] TvtempRepository.INFO: ======= End TV Repository (Get All Template List)================  
[2023-06-28 09:10:20] TvtempRepository.INFO: ======= Start TV Repository (Get All Feature List)================  
[2023-06-28 09:10:20] TvtempModel.INFO: Query : CALL SP_TvtemplateDetails('FEATURE')  
[2023-06-28 09:10:20] TvtempModel.INFO: get All Template (count) : 7  
[2023-06-28 09:10:20] TvtempRepository.INFO: ======= End TV Repository (Get All Feature List)================  
[2023-06-28 09:10:20] TvtempRepository.INFO: ======= Start TV Repository (Get All ChannelFeed List) ================  
[2023-06-28 09:10:20] TvtempModel.INFO: Query : CALL SP_TvtemplateDetails('CHNLTYPE')  
[2023-06-28 09:10:20] TvtempModel.INFO: get All Template (count) : 3  
[2023-06-28 09:10:20] TvtempRepository.INFO: ======= End TV Repository (Get All ChannelFeed List) ================  
