[2023-06-28 04:40:17] DBModel.INFO:  Result : No Records Found  
[2023-06-28 04:40:17] DBModel.INFO:  Result : No Records Found  
[2023-06-28 04:40:32] DBModel.INFO:  Result : No Records Found  
[2023-06-28 04:40:32] DBModel.INFO:  Result : No Records Found  
[2023-06-28 04:40:34] DBModel.INFO:  Result : No Records Found  
[2023-06-28 04:40:34] DBModel.INFO:  Result : No Records Found  
[2023-06-28 04:40:42] DBModel.INFO:  Result : No Records Found  
[2023-06-28 04:40:42] DBModel.INFO:  Result : No Records Found  
[2023-06-28 04:41:42] DBModel.INFO:  Result : No Records Found  
[2023-06-28 04:41:42] DBModel.INFO:  Result : No Records Found  
[2023-06-28 04:42:38] DBModel.INFO:  Result : No Records Found  
[2023-06-28 04:42:38] DBModel.INFO:  Result : No Records Found  
[2023-06-28 04:44:15] DBModel.INFO:  Result : No Records Found  
[2023-06-28 04:44:15] DBModel.INFO:  Result : No Records Found  
[2023-06-28 04:46:10] DBModel.INFO:  Result : No Records Found  
[2023-06-28 04:46:10] DBModel.INFO:  Result : No Records Found  
[2023-06-28 04:46:12] DBModel.INFO: ======= START DBError ================  
[2023-06-28 04:46:12] DBModel.ERROR: Error Code : 201Error Message : No Records Found  
[2023-06-28 04:46:12] DBModel.ERROR: Error File : /var/www/projects/ottproduct/api/v1/src/Model/DB.phpError Line : 108  
[2023-06-28 04:46:12] DBModel.ERROR: Error Trace String : #0 /var/www/projects/ottproduct/api/v1/src/Model/WizardSetupModel.php(203): App\Model\DB->getMultiDatasByObjects()
#1 /var/www/projects/ottproduct/api/v1/src/Domain/Repository/WizardSetup/WizardSetupRepository.php(143): App\Model\WizardSetupModel->gettemplateDetailsModel()
#2 /var/www/projects/ottproduct/api/v1/src/Application/Actions/WizardSetup/WizardSetupAction.php(259): App\Domain\Repository\WizardSetup\WizardSetupRepository->gettemplateDetails()
#3 /var/www/projects/ottproduct/api/v1/vendor/slim/slim/Slim/Handlers/Strategies/RequestResponse.php(38): App\Application\Actions\WizardSetup\WizardSetupAction->GetTemplateDetails()
#4 /var/www/projects/ottproduct/api/v1/vendor/slim/slim/Slim/Routing/Route.php(358): Slim\Handlers\Strategies\RequestResponse->__invoke()
#5 /var/www/projects/ottproduct/api/v1/src/Application/Middleware/AuthMiddleware.php(60): Slim\Routing\Route->handle()
#6 /var/www/projects/ottproduct/api/v1/vendor/slim/slim/Slim/MiddlewareDispatcher.php(121): App\Application\Middleware\AuthMiddleware->process()
#7 /var/www/projects/ottproduct/api/v1/vendor/slim/slim/Slim/MiddlewareDispatcher.php(65): Psr\Http\Server\RequestHandlerInterface@anonymous->handle()
#8 /var/www/projects/ottproduct/api/v1/vendor/slim/slim/Slim/MiddlewareDispatcher.php(65): Slim\MiddlewareDispatcher->handle()
#9 /var/www/projects/ottproduct/api/v1/vendor/slim/slim/Slim/Routing/Route.php(315): Slim\MiddlewareDispatcher->handle()
#10 /var/www/projects/ottproduct/api/v1/vendor/slim/slim/Slim/Routing/RouteRunner.php(68): Slim\Routing\Route->run()
#11 /var/www/projects/ottproduct/api/v1/src/Application/Middleware/SessionMiddleware.php(26): Slim\Routing\RouteRunner->handle()
#12 /var/www/projects/ottproduct/api/v1/vendor/slim/slim/Slim/MiddlewareDispatcher.php(168): App\Application\Middleware\SessionMiddleware->process()
#13 /var/www/projects/ottproduct/api/v1/vendor/slim/slim/Slim/Middleware/RoutingMiddleware.php(45): Psr\Http\Server\RequestHandlerInterface@anonymous->handle()
#14 /var/www/projects/ottproduct/api/v1/vendor/slim/slim/Slim/MiddlewareDispatcher.php(121): Slim\Middleware\RoutingMiddleware->process()
#15 /var/www/projects/ottproduct/api/v1/vendor/selective/basepath/src/BasePathMiddleware.php(52): Psr\Http\Server\RequestHandlerInterface@anonymous->handle()
#16 /var/www/projects/ottproduct/api/v1/vendor/slim/slim/Slim/MiddlewareDispatcher.php(121): Selective\BasePath\BasePathMiddleware->process()
#17 /var/www/projects/ottproduct/api/v1/vendor/slim/slim/Slim/Middleware/BodyParsingMiddleware.php(64): Psr\Http\Server\RequestHandlerInterface@anonymous->handle()
#18 /var/www/projects/ottproduct/api/v1/vendor/slim/slim/Slim/MiddlewareDispatcher.php(121): Slim\Middleware\BodyParsingMiddleware->process()
#19 /var/www/projects/ottproduct/api/v1/vendor/slim/slim/Slim/Middleware/ErrorMiddleware.php(76): Psr\Http\Server\RequestHandlerInterface@anonymous->handle()
#20 /var/www/projects/ottproduct/api/v1/vendor/slim/slim/Slim/MiddlewareDispatcher.php(121): Slim\Middleware\ErrorMiddleware->process()
#21 /var/www/projects/ottproduct/api/v1/vendor/tuupola/cors-middleware/src/CorsMiddleware.php(158): Psr\Http\Server\RequestHandlerInterface@anonymous->handle()
#22 /var/www/projects/ottproduct/api/v1/vendor/slim/slim/Slim/MiddlewareDispatcher.php(121): Tuupola\Middleware\CorsMiddleware->process()
#23 /var/www/projects/ottproduct/api/v1/vendor/slim/slim/Slim/MiddlewareDispatcher.php(65): Psr\Http\Server\RequestHandlerInterface@anonymous->handle()
#24 /var/www/projects/ottproduct/api/v1/vendor/slim/slim/Slim/App.php(199): Slim\MiddlewareDispatcher->handle()
#25 /var/www/projects/ottproduct/api/v1/public/index.php(94): Slim\App->handle()
#26 {main}  
[2023-06-28 04:46:12] DBModel.INFO: ======= END DBError ================  
[2023-06-28 04:46:12] DBModel.INFO:  Result : No Records Found  
[2023-06-28 04:46:12] DBModel.INFO:  Result : No Records Found  
[2023-06-28 04:48:55] DBModel.INFO:  Result : No Records Found  
[2023-06-28 04:48:55] DBModel.INFO:  Result : No Records Found  
[2023-06-28 04:48:55] DBModel.INFO: ======= START DBError ================  
[2023-06-28 04:48:55] DBModel.ERROR: Error Code : 201Error Message : No Records Found  
[2023-06-28 04:48:55] DBModel.ERROR: Error File : /var/www/projects/ottproduct/api/v1/src/Model/DB.phpError Line : 108  
[2023-06-28 04:48:55] DBModel.ERROR: Error Trace String : #0 /var/www/projects/ottproduct/api/v1/src/Model/WizardSetupModel.php(203): App\Model\DB->getMultiDatasByObjects()
#1 /var/www/projects/ottproduct/api/v1/src/Domain/Repository/WizardSetup/WizardSetupRepository.php(143): App\Model\WizardSetupModel->gettemplateDetailsModel()
#2 /var/www/projects/ottproduct/api/v1/src/Application/Actions/WizardSetup/WizardSetupAction.php(259): App\Domain\Repository\WizardSetup\WizardSetupRepository->gettemplateDetails()
#3 /var/www/projects/ottproduct/api/v1/vendor/slim/slim/Slim/Handlers/Strategies/RequestResponse.php(38): App\Application\Actions\WizardSetup\WizardSetupAction->GetTemplateDetails()
#4 /var/www/projects/ottproduct/api/v1/vendor/slim/slim/Slim/Routing/Route.php(358): Slim\Handlers\Strategies\RequestResponse->__invoke()
#5 /var/www/projects/ottproduct/api/v1/src/Application/Middleware/AuthMiddleware.php(60): Slim\Routing\Route->handle()
#6 /var/www/projects/ottproduct/api/v1/vendor/slim/slim/Slim/MiddlewareDispatcher.php(121): App\Application\Middleware\AuthMiddleware->process()
#7 /var/www/projects/ottproduct/api/v1/vendor/slim/slim/Slim/MiddlewareDispatcher.php(65): Psr\Http\Server\RequestHandlerInterface@anonymous->handle()
#8 /var/www/projects/ottproduct/api/v1/vendor/slim/slim/Slim/MiddlewareDispatcher.php(65): Slim\MiddlewareDispatcher->handle()
#9 /var/www/projects/ottproduct/api/v1/vendor/slim/slim/Slim/Routing/Route.php(315): Slim\MiddlewareDispatcher->handle()
#10 /var/www/projects/ottproduct/api/v1/vendor/slim/slim/Slim/Routing/RouteRunner.php(68): Slim\Routing\Route->run()
#11 /var/www/projects/ottproduct/api/v1/src/Application/Middleware/SessionMiddleware.php(26): Slim\Routing\RouteRunner->handle()
#12 /var/www/projects/ottproduct/api/v1/vendor/slim/slim/Slim/MiddlewareDispatcher.php(168): App\Application\Middleware\SessionMiddleware->process()
#13 /var/www/projects/ottproduct/api/v1/vendor/slim/slim/Slim/Middleware/RoutingMiddleware.php(45): Psr\Http\Server\RequestHandlerInterface@anonymous->handle()
#14 /var/www/projects/ottproduct/api/v1/vendor/slim/slim/Slim/MiddlewareDispatcher.php(121): Slim\Middleware\RoutingMiddleware->process()
#15 /var/www/projects/ottproduct/api/v1/vendor/selective/basepath/src/BasePathMiddleware.php(52): Psr\Http\Server\RequestHandlerInterface@anonymous->handle()
#16 /var/www/projects/ottproduct/api/v1/vendor/slim/slim/Slim/MiddlewareDispatcher.php(121): Selective\BasePath\BasePathMiddleware->process()
#17 /var/www/projects/ottproduct/api/v1/vendor/slim/slim/Slim/Middleware/BodyParsingMiddleware.php(64): Psr\Http\Server\RequestHandlerInterface@anonymous->handle()
#18 /var/www/projects/ottproduct/api/v1/vendor/slim/slim/Slim/MiddlewareDispatcher.php(121): Slim\Middleware\BodyParsingMiddleware->process()
#19 /var/www/projects/ottproduct/api/v1/vendor/slim/slim/Slim/Middleware/ErrorMiddleware.php(76): Psr\Http\Server\RequestHandlerInterface@anonymous->handle()
#20 /var/www/projects/ottproduct/api/v1/vendor/slim/slim/Slim/MiddlewareDispatcher.php(121): Slim\Middleware\ErrorMiddleware->process()
#21 /var/www/projects/ottproduct/api/v1/vendor/tuupola/cors-middleware/src/CorsMiddleware.php(158): Psr\Http\Server\RequestHandlerInterface@anonymous->handle()
#22 /var/www/projects/ottproduct/api/v1/vendor/slim/slim/Slim/MiddlewareDispatcher.php(121): Tuupola\Middleware\CorsMiddleware->process()
#23 /var/www/projects/ottproduct/api/v1/vendor/slim/slim/Slim/MiddlewareDispatcher.php(65): Psr\Http\Server\RequestHandlerInterface@anonymous->handle()
#24 /var/www/projects/ottproduct/api/v1/vendor/slim/slim/Slim/App.php(199): Slim\MiddlewareDispatcher->handle()
#25 /var/www/projects/ottproduct/api/v1/public/index.php(94): Slim\App->handle()
#26 {main}  
[2023-06-28 04:48:55] DBModel.INFO: ======= END DBError ================  
[2023-06-28 04:49:47] DBModel.INFO: Mysql Error Message :   
[2023-06-28 04:50:51] DBModel.INFO: Mysql Error Message :   
[2023-06-28 05:03:27] DBModel.INFO:  Result : No Records Found  
[2023-06-28 05:03:27] DBModel.INFO:  Result : No Records Found  
[2023-06-28 05:03:27] DBModel.INFO: ======= START DBError ================  
[2023-06-28 05:03:27] DBModel.ERROR: Error Code : 201Error Message : No Records Found  
[2023-06-28 05:03:27] DBModel.ERROR: Error File : /var/www/projects/ottproduct/api/v1/src/Model/DB.phpError Line : 108  
[2023-06-28 05:03:27] DBModel.ERROR: Error Trace String : #0 /var/www/projects/ottproduct/api/v1/src/Model/WizardSetupModel.php(204): App\Model\DB->getMultiDatasByObjects()
#1 /var/www/projects/ottproduct/api/v1/src/Domain/Repository/WizardSetup/WizardSetupRepository.php(143): App\Model\WizardSetupModel->gettemplateDetailsModel()
#2 /var/www/projects/ottproduct/api/v1/src/Application/Actions/WizardSetup/WizardSetupAction.php(259): App\Domain\Repository\WizardSetup\WizardSetupRepository->gettemplateDetails()
#3 /var/www/projects/ottproduct/api/v1/vendor/slim/slim/Slim/Handlers/Strategies/RequestResponse.php(38): App\Application\Actions\WizardSetup\WizardSetupAction->GetTemplateDetails()
#4 /var/www/projects/ottproduct/api/v1/vendor/slim/slim/Slim/Routing/Route.php(358): Slim\Handlers\Strategies\RequestResponse->__invoke()
#5 /var/www/projects/ottproduct/api/v1/src/Application/Middleware/AuthMiddleware.php(60): Slim\Routing\Route->handle()
#6 /var/www/projects/ottproduct/api/v1/vendor/slim/slim/Slim/MiddlewareDispatcher.php(121): App\Application\Middleware\AuthMiddleware->process()
#7 /var/www/projects/ottproduct/api/v1/vendor/slim/slim/Slim/MiddlewareDispatcher.php(65): Psr\Http\Server\RequestHandlerInterface@anonymous->handle()
#8 /var/www/projects/ottproduct/api/v1/vendor/slim/slim/Slim/MiddlewareDispatcher.php(65): Slim\MiddlewareDispatcher->handle()
#9 /var/www/projects/ottproduct/api/v1/vendor/slim/slim/Slim/Routing/Route.php(315): Slim\MiddlewareDispatcher->handle()
#10 /var/www/projects/ottproduct/api/v1/vendor/slim/slim/Slim/Routing/RouteRunner.php(68): Slim\Routing\Route->run()
#11 /var/www/projects/ottproduct/api/v1/src/Application/Middleware/SessionMiddleware.php(26): Slim\Routing\RouteRunner->handle()
#12 /var/www/projects/ottproduct/api/v1/vendor/slim/slim/Slim/MiddlewareDispatcher.php(168): App\Application\Middleware\SessionMiddleware->process()
#13 /var/www/projects/ottproduct/api/v1/vendor/slim/slim/Slim/Middleware/RoutingMiddleware.php(45): Psr\Http\Server\RequestHandlerInterface@anonymous->handle()
#14 /var/www/projects/ottproduct/api/v1/vendor/slim/slim/Slim/MiddlewareDispatcher.php(121): Slim\Middleware\RoutingMiddleware->process()
#15 /var/www/projects/ottproduct/api/v1/vendor/selective/basepath/src/BasePathMiddleware.php(52): Psr\Http\Server\RequestHandlerInterface@anonymous->handle()
#16 /var/www/projects/ottproduct/api/v1/vendor/slim/slim/Slim/MiddlewareDispatcher.php(121): Selective\BasePath\BasePathMiddleware->process()
#17 /var/www/projects/ottproduct/api/v1/vendor/slim/slim/Slim/Middleware/BodyParsingMiddleware.php(64): Psr\Http\Server\RequestHandlerInterface@anonymous->handle()
#18 /var/www/projects/ottproduct/api/v1/vendor/slim/slim/Slim/MiddlewareDispatcher.php(121): Slim\Middleware\BodyParsingMiddleware->process()
#19 /var/www/projects/ottproduct/api/v1/vendor/slim/slim/Slim/Middleware/ErrorMiddleware.php(76): Psr\Http\Server\RequestHandlerInterface@anonymous->handle()
#20 /var/www/projects/ottproduct/api/v1/vendor/slim/slim/Slim/MiddlewareDispatcher.php(121): Slim\Middleware\ErrorMiddleware->process()
#21 /var/www/projects/ottproduct/api/v1/vendor/tuupola/cors-middleware/src/CorsMiddleware.php(158): Psr\Http\Server\RequestHandlerInterface@anonymous->handle()
#22 /var/www/projects/ottproduct/api/v1/vendor/slim/slim/Slim/MiddlewareDispatcher.php(121): Tuupola\Middleware\CorsMiddleware->process()
#23 /var/www/projects/ottproduct/api/v1/vendor/slim/slim/Slim/MiddlewareDispatcher.php(65): Psr\Http\Server\RequestHandlerInterface@anonymous->handle()
#24 /var/www/projects/ottproduct/api/v1/vendor/slim/slim/Slim/App.php(199): Slim\MiddlewareDispatcher->handle()
#25 /var/www/projects/ottproduct/api/v1/public/index.php(94): Slim\App->handle()
#26 {main}  
[2023-06-28 05:03:27] DBModel.INFO: ======= END DBError ================  
[2023-06-28 05:03:55] DBModel.INFO: Mysql Error Message :   
[2023-06-28 05:03:55] DBModel.INFO: Mysql Error Message :   
[2023-06-28 05:04:58] DBModel.INFO:  Result : No Records Found  
[2023-06-28 05:04:58] DBModel.INFO: ======= START DBError ================  
[2023-06-28 05:04:58] DBModel.ERROR: Error Code : 201Error Message : No Records Found  
[2023-06-28 05:04:58] DBModel.ERROR: Error File : /var/www/projects/ottproduct/api/v1/src/Model/DB.phpError Line : 108  
[2023-06-28 05:04:58] DBModel.ERROR: Error Trace String : #0 /var/www/projects/ottproduct/api/v1/src/Model/WizardSetupModel.php(204): App\Model\DB->getMultiDatasByObjects()
#1 /var/www/projects/ottproduct/api/v1/src/Domain/Repository/WizardSetup/WizardSetupRepository.php(143): App\Model\WizardSetupModel->gettemplateDetailsModel()
#2 /var/www/projects/ottproduct/api/v1/src/Application/Actions/WizardSetup/WizardSetupAction.php(259): App\Domain\Repository\WizardSetup\WizardSetupRepository->gettemplateDetails()
#3 /var/www/projects/ottproduct/api/v1/vendor/slim/slim/Slim/Handlers/Strategies/RequestResponse.php(38): App\Application\Actions\WizardSetup\WizardSetupAction->GetTemplateDetails()
#4 /var/www/projects/ottproduct/api/v1/vendor/slim/slim/Slim/Routing/Route.php(358): Slim\Handlers\Strategies\RequestResponse->__invoke()
#5 /var/www/projects/ottproduct/api/v1/src/Application/Middleware/AuthMiddleware.php(60): Slim\Routing\Route->handle()
#6 /var/www/projects/ottproduct/api/v1/vendor/slim/slim/Slim/MiddlewareDispatcher.php(121): App\Application\Middleware\AuthMiddleware->process()
#7 /var/www/projects/ottproduct/api/v1/vendor/slim/slim/Slim/MiddlewareDispatcher.php(65): Psr\Http\Server\RequestHandlerInterface@anonymous->handle()
#8 /var/www/projects/ottproduct/api/v1/vendor/slim/slim/Slim/MiddlewareDispatcher.php(65): Slim\MiddlewareDispatcher->handle()
#9 /var/www/projects/ottproduct/api/v1/vendor/slim/slim/Slim/Routing/Route.php(315): Slim\MiddlewareDispatcher->handle()
#10 /var/www/projects/ottproduct/api/v1/vendor/slim/slim/Slim/Routing/RouteRunner.php(68): Slim\Routing\Route->run()
#11 /var/www/projects/ottproduct/api/v1/src/Application/Middleware/SessionMiddleware.php(26): Slim\Routing\RouteRunner->handle()
#12 /var/www/projects/ottproduct/api/v1/vendor/slim/slim/Slim/MiddlewareDispatcher.php(168): App\Application\Middleware\SessionMiddleware->process()
#13 /var/www/projects/ottproduct/api/v1/vendor/slim/slim/Slim/Middleware/RoutingMiddleware.php(45): Psr\Http\Server\RequestHandlerInterface@anonymous->handle()
#14 /var/www/projects/ottproduct/api/v1/vendor/slim/slim/Slim/MiddlewareDispatcher.php(121): Slim\Middleware\RoutingMiddleware->process()
#15 /var/www/projects/ottproduct/api/v1/vendor/selective/basepath/src/BasePathMiddleware.php(52): Psr\Http\Server\RequestHandlerInterface@anonymous->handle()
#16 /var/www/projects/ottproduct/api/v1/vendor/slim/slim/Slim/MiddlewareDispatcher.php(121): Selective\BasePath\BasePathMiddleware->process()
#17 /var/www/projects/ottproduct/api/v1/vendor/slim/slim/Slim/Middleware/BodyParsingMiddleware.php(64): Psr\Http\Server\RequestHandlerInterface@anonymous->handle()
#18 /var/www/projects/ottproduct/api/v1/vendor/slim/slim/Slim/MiddlewareDispatcher.php(121): Slim\Middleware\BodyParsingMiddleware->process()
#19 /var/www/projects/ottproduct/api/v1/vendor/slim/slim/Slim/Middleware/ErrorMiddleware.php(76): Psr\Http\Server\RequestHandlerInterface@anonymous->handle()
#20 /var/www/projects/ottproduct/api/v1/vendor/slim/slim/Slim/MiddlewareDispatcher.php(121): Slim\Middleware\ErrorMiddleware->process()
#21 /var/www/projects/ottproduct/api/v1/vendor/tuupola/cors-middleware/src/CorsMiddleware.php(158): Psr\Http\Server\RequestHandlerInterface@anonymous->handle()
#22 /var/www/projects/ottproduct/api/v1/vendor/slim/slim/Slim/MiddlewareDispatcher.php(121): Tuupola\Middleware\CorsMiddleware->process()
#23 /var/www/projects/ottproduct/api/v1/vendor/slim/slim/Slim/MiddlewareDispatcher.php(65): Psr\Http\Server\RequestHandlerInterface@anonymous->handle()
#24 /var/www/projects/ottproduct/api/v1/vendor/slim/slim/Slim/App.php(199): Slim\MiddlewareDispatcher->handle()
#25 /var/www/projects/ottproduct/api/v1/public/index.php(94): Slim\App->handle()
#26 {main}  
[2023-06-28 05:04:58] DBModel.INFO: ======= END DBError ================  
[2023-06-28 05:04:58] DBModel.INFO:  Result : No Records Found  
[2023-06-28 05:05:27] DBModel.INFO: Mysql Error Message :   
[2023-06-28 05:05:27] DBModel.INFO: Mysql Error Message :   
[2023-06-28 05:06:21] DBModel.INFO: ======= START DBError ================  
[2023-06-28 05:06:21] DBModel.ERROR: Error Code : 201Error Message : No Records Found  
[2023-06-28 05:06:21] DBModel.ERROR: Error File : /var/www/projects/ottproduct/api/v1/src/Model/DB.phpError Line : 108  
[2023-06-28 05:06:21] DBModel.ERROR: Error Trace String : #0 /var/www/projects/ottproduct/api/v1/src/Model/WizardSetupModel.php(204): App\Model\DB->getMultiDatasByObjects()
#1 /var/www/projects/ottproduct/api/v1/src/Domain/Repository/WizardSetup/WizardSetupRepository.php(143): App\Model\WizardSetupModel->gettemplateDetailsModel()
#2 /var/www/projects/ottproduct/api/v1/src/Application/Actions/WizardSetup/WizardSetupAction.php(259): App\Domain\Repository\WizardSetup\WizardSetupRepository->gettemplateDetails()
#3 /var/www/projects/ottproduct/api/v1/vendor/slim/slim/Slim/Handlers/Strategies/RequestResponse.php(38): App\Application\Actions\WizardSetup\WizardSetupAction->GetTemplateDetails()
#4 /var/www/projects/ottproduct/api/v1/vendor/slim/slim/Slim/Routing/Route.php(358): Slim\Handlers\Strategies\RequestResponse->__invoke()
#5 /var/www/projects/ottproduct/api/v1/src/Application/Middleware/AuthMiddleware.php(60): Slim\Routing\Route->handle()
#6 /var/www/projects/ottproduct/api/v1/vendor/slim/slim/Slim/MiddlewareDispatcher.php(121): App\Application\Middleware\AuthMiddleware->process()
#7 /var/www/projects/ottproduct/api/v1/vendor/slim/slim/Slim/MiddlewareDispatcher.php(65): Psr\Http\Server\RequestHandlerInterface@anonymous->handle()
#8 /var/www/projects/ottproduct/api/v1/vendor/slim/slim/Slim/MiddlewareDispatcher.php(65): Slim\MiddlewareDispatcher->handle()
#9 /var/www/projects/ottproduct/api/v1/vendor/slim/slim/Slim/Routing/Route.php(315): Slim\MiddlewareDispatcher->handle()
#10 /var/www/projects/ottproduct/api/v1/vendor/slim/slim/Slim/Routing/RouteRunner.php(68): Slim\Routing\Route->run()
#11 /var/www/projects/ottproduct/api/v1/src/Application/Middleware/SessionMiddleware.php(26): Slim\Routing\RouteRunner->handle()
#12 /var/www/projects/ottproduct/api/v1/vendor/slim/slim/Slim/MiddlewareDispatcher.php(168): App\Application\Middleware\SessionMiddleware->process()
#13 /var/www/projects/ottproduct/api/v1/vendor/slim/slim/Slim/Middleware/RoutingMiddleware.php(45): Psr\Http\Server\RequestHandlerInterface@anonymous->handle()
#14 /var/www/projects/ottproduct/api/v1/vendor/slim/slim/Slim/MiddlewareDispatcher.php(121): Slim\Middleware\RoutingMiddleware->process()
#15 /var/www/projects/ottproduct/api/v1/vendor/selective/basepath/src/BasePathMiddleware.php(52): Psr\Http\Server\RequestHandlerInterface@anonymous->handle()
#16 /var/www/projects/ottproduct/api/v1/vendor/slim/slim/Slim/MiddlewareDispatcher.php(121): Selective\BasePath\BasePathMiddleware->process()
#17 /var/www/projects/ottproduct/api/v1/vendor/slim/slim/Slim/Middleware/BodyParsingMiddleware.php(64): Psr\Http\Server\RequestHandlerInterface@anonymous->handle()
#18 /var/www/projects/ottproduct/api/v1/vendor/slim/slim/Slim/MiddlewareDispatcher.php(121): Slim\Middleware\BodyParsingMiddleware->process()
#19 /var/www/projects/ottproduct/api/v1/vendor/slim/slim/Slim/Middleware/ErrorMiddleware.php(76): Psr\Http\Server\RequestHandlerInterface@anonymous->handle()
#20 /var/www/projects/ottproduct/api/v1/vendor/slim/slim/Slim/MiddlewareDispatcher.php(121): Slim\Middleware\ErrorMiddleware->process()
#21 /var/www/projects/ottproduct/api/v1/vendor/tuupola/cors-middleware/src/CorsMiddleware.php(158): Psr\Http\Server\RequestHandlerInterface@anonymous->handle()
#22 /var/www/projects/ottproduct/api/v1/vendor/slim/slim/Slim/MiddlewareDispatcher.php(121): Tuupola\Middleware\CorsMiddleware->process()
#23 /var/www/projects/ottproduct/api/v1/vendor/slim/slim/Slim/MiddlewareDispatcher.php(65): Psr\Http\Server\RequestHandlerInterface@anonymous->handle()
#24 /var/www/projects/ottproduct/api/v1/vendor/slim/slim/Slim/App.php(199): Slim\MiddlewareDispatcher->handle()
#25 /var/www/projects/ottproduct/api/v1/public/index.php(94): Slim\App->handle()
#26 {main}  
[2023-06-28 05:06:21] DBModel.INFO: ======= END DBError ================  
[2023-06-28 05:06:21] DBModel.INFO:  Result : No Records Found  
[2023-06-28 05:06:21] DBModel.INFO:  Result : No Records Found  
[2023-06-28 05:06:49] DBModel.INFO: Mysql Error Message :   
[2023-06-28 05:06:49] DBModel.INFO: Mysql Error Message :   
[2023-06-28 05:09:59] DBModel.INFO: Mysql Error Message :   
[2023-06-28 05:09:59] DBModel.INFO: Mysql Error Message :   
[2023-06-28 05:10:20] DBModel.INFO: ======= START DBError ================  
[2023-06-28 05:10:20] DBModel.ERROR: Error Code : 201Error Message : No Records Found  
[2023-06-28 05:10:20] DBModel.ERROR: Error File : /var/www/projects/ottproduct/api/v1/src/Model/DB.phpError Line : 108  
[2023-06-28 05:10:20] DBModel.ERROR: Error Trace String : #0 /var/www/projects/ottproduct/api/v1/src/Model/WizardSetupModel.php(204): App\Model\DB->getMultiDatasByObjects()
#1 /var/www/projects/ottproduct/api/v1/src/Domain/Repository/WizardSetup/WizardSetupRepository.php(143): App\Model\WizardSetupModel->gettemplateDetailsModel()
#2 /var/www/projects/ottproduct/api/v1/src/Application/Actions/WizardSetup/WizardSetupAction.php(259): App\Domain\Repository\WizardSetup\WizardSetupRepository->gettemplateDetails()
#3 /var/www/projects/ottproduct/api/v1/vendor/slim/slim/Slim/Handlers/Strategies/RequestResponse.php(38): App\Application\Actions\WizardSetup\WizardSetupAction->GetTemplateDetails()
#4 /var/www/projects/ottproduct/api/v1/vendor/slim/slim/Slim/Routing/Route.php(358): Slim\Handlers\Strategies\RequestResponse->__invoke()
#5 /var/www/projects/ottproduct/api/v1/src/Application/Middleware/AuthMiddleware.php(60): Slim\Routing\Route->handle()
#6 /var/www/projects/ottproduct/api/v1/vendor/slim/slim/Slim/MiddlewareDispatcher.php(121): App\Application\Middleware\AuthMiddleware->process()
#7 /var/www/projects/ottproduct/api/v1/vendor/slim/slim/Slim/MiddlewareDispatcher.php(65): Psr\Http\Server\RequestHandlerInterface@anonymous->handle()
#8 /var/www/projects/ottproduct/api/v1/vendor/slim/slim/Slim/MiddlewareDispatcher.php(65): Slim\MiddlewareDispatcher->handle()
#9 /var/www/projects/ottproduct/api/v1/vendor/slim/slim/Slim/Routing/Route.php(315): Slim\MiddlewareDispatcher->handle()
#10 /var/www/projects/ottproduct/api/v1/vendor/slim/slim/Slim/Routing/RouteRunner.php(68): Slim\Routing\Route->run()
#11 /var/www/projects/ottproduct/api/v1/src/Application/Middleware/SessionMiddleware.php(26): Slim\Routing\RouteRunner->handle()
#12 /var/www/projects/ottproduct/api/v1/vendor/slim/slim/Slim/MiddlewareDispatcher.php(168): App\Application\Middleware\SessionMiddleware->process()
#13 /var/www/projects/ottproduct/api/v1/vendor/slim/slim/Slim/Middleware/RoutingMiddleware.php(45): Psr\Http\Server\RequestHandlerInterface@anonymous->handle()
#14 /var/www/projects/ottproduct/api/v1/vendor/slim/slim/Slim/MiddlewareDispatcher.php(121): Slim\Middleware\RoutingMiddleware->process()
#15 /var/www/projects/ottproduct/api/v1/vendor/selective/basepath/src/BasePathMiddleware.php(52): Psr\Http\Server\RequestHandlerInterface@anonymous->handle()
#16 /var/www/projects/ottproduct/api/v1/vendor/slim/slim/Slim/MiddlewareDispatcher.php(121): Selective\BasePath\BasePathMiddleware->process()
#17 /var/www/projects/ottproduct/api/v1/vendor/slim/slim/Slim/Middleware/BodyParsingMiddleware.php(64): Psr\Http\Server\RequestHandlerInterface@anonymous->handle()
#18 /var/www/projects/ottproduct/api/v1/vendor/slim/slim/Slim/MiddlewareDispatcher.php(121): Slim\Middleware\BodyParsingMiddleware->process()
#19 /var/www/projects/ottproduct/api/v1/vendor/slim/slim/Slim/Middleware/ErrorMiddleware.php(76): Psr\Http\Server\RequestHandlerInterface@anonymous->handle()
#20 /var/www/projects/ottproduct/api/v1/vendor/slim/slim/Slim/MiddlewareDispatcher.php(121): Slim\Middleware\ErrorMiddleware->process()
#21 /var/www/projects/ottproduct/api/v1/vendor/tuupola/cors-middleware/src/CorsMiddleware.php(158): Psr\Http\Server\RequestHandlerInterface@anonymous->handle()
#22 /var/www/projects/ottproduct/api/v1/vendor/slim/slim/Slim/MiddlewareDispatcher.php(121): Tuupola\Middleware\CorsMiddleware->process()
#23 /var/www/projects/ottproduct/api/v1/vendor/slim/slim/Slim/MiddlewareDispatcher.php(65): Psr\Http\Server\RequestHandlerInterface@anonymous->handle()
#24 /var/www/projects/ottproduct/api/v1/vendor/slim/slim/Slim/App.php(199): Slim\MiddlewareDispatcher->handle()
#25 /var/www/projects/ottproduct/api/v1/public/index.php(94): Slim\App->handle()
#26 {main}  
[2023-06-28 05:10:20] DBModel.INFO: ======= END DBError ================  
[2023-06-28 05:10:20] DBModel.INFO:  Result : No Records Found  
[2023-06-28 05:10:20] DBModel.INFO:  Result : No Records Found  
[2023-06-28 05:12:58] DBModel.INFO:  Result : No Records Found  
[2023-06-28 05:12:58] DBModel.INFO:  Result : No Records Found  
[2023-06-28 05:25:31] DBModel.INFO:  Result : No Records Found  
[2023-06-28 05:25:31] DBModel.INFO:  Result : No Records Found  
[2023-06-28 05:25:57] DBModel.INFO: Mysql Error Message :   
[2023-06-28 05:25:57] DBModel.INFO: Mysql Error Message :   
[2023-06-28 05:26:41] DBModel.INFO:  Result : No Records Found  
[2023-06-28 05:26:41] DBModel.INFO:  Result : No Records Found  
[2023-06-28 05:26:47] DBModel.INFO: ======= START DBError ================  
[2023-06-28 05:26:47] DBModel.ERROR: Error Code : 201Error Message : No Records Found  
[2023-06-28 05:26:47] DBModel.ERROR: Error File : /var/www/projects/ottproduct/api/v1/src/Model/DB.phpError Line : 108  
[2023-06-28 05:26:47] DBModel.ERROR: Error Trace String : #0 /var/www/projects/ottproduct/api/v1/src/Model/WizardSetupModel.php(203): App\Model\DB->getMultiDatasByObjects()
#1 /var/www/projects/ottproduct/api/v1/src/Domain/Repository/WizardSetup/WizardSetupRepository.php(143): App\Model\WizardSetupModel->gettemplateDetailsModel()
#2 /var/www/projects/ottproduct/api/v1/src/Application/Actions/WizardSetup/WizardSetupAction.php(259): App\Domain\Repository\WizardSetup\WizardSetupRepository->gettemplateDetails()
#3 /var/www/projects/ottproduct/api/v1/vendor/slim/slim/Slim/Handlers/Strategies/RequestResponse.php(38): App\Application\Actions\WizardSetup\WizardSetupAction->GetTemplateDetails()
#4 /var/www/projects/ottproduct/api/v1/vendor/slim/slim/Slim/Routing/Route.php(358): Slim\Handlers\Strategies\RequestResponse->__invoke()
#5 /var/www/projects/ottproduct/api/v1/src/Application/Middleware/AuthMiddleware.php(60): Slim\Routing\Route->handle()
#6 /var/www/projects/ottproduct/api/v1/vendor/slim/slim/Slim/MiddlewareDispatcher.php(121): App\Application\Middleware\AuthMiddleware->process()
#7 /var/www/projects/ottproduct/api/v1/vendor/slim/slim/Slim/MiddlewareDispatcher.php(65): Psr\Http\Server\RequestHandlerInterface@anonymous->handle()
#8 /var/www/projects/ottproduct/api/v1/vendor/slim/slim/Slim/MiddlewareDispatcher.php(65): Slim\MiddlewareDispatcher->handle()
#9 /var/www/projects/ottproduct/api/v1/vendor/slim/slim/Slim/Routing/Route.php(315): Slim\MiddlewareDispatcher->handle()
#10 /var/www/projects/ottproduct/api/v1/vendor/slim/slim/Slim/Routing/RouteRunner.php(68): Slim\Routing\Route->run()
#11 /var/www/projects/ottproduct/api/v1/src/Application/Middleware/SessionMiddleware.php(26): Slim\Routing\RouteRunner->handle()
#12 /var/www/projects/ottproduct/api/v1/vendor/slim/slim/Slim/MiddlewareDispatcher.php(168): App\Application\Middleware\SessionMiddleware->process()
#13 /var/www/projects/ottproduct/api/v1/vendor/slim/slim/Slim/Middleware/RoutingMiddleware.php(45): Psr\Http\Server\RequestHandlerInterface@anonymous->handle()
#14 /var/www/projects/ottproduct/api/v1/vendor/slim/slim/Slim/MiddlewareDispatcher.php(121): Slim\Middleware\RoutingMiddleware->process()
#15 /var/www/projects/ottproduct/api/v1/vendor/selective/basepath/src/BasePathMiddleware.php(52): Psr\Http\Server\RequestHandlerInterface@anonymous->handle()
#16 /var/www/projects/ottproduct/api/v1/vendor/slim/slim/Slim/MiddlewareDispatcher.php(121): Selective\BasePath\BasePathMiddleware->process()
#17 /var/www/projects/ottproduct/api/v1/vendor/slim/slim/Slim/Middleware/BodyParsingMiddleware.php(64): Psr\Http\Server\RequestHandlerInterface@anonymous->handle()
#18 /var/www/projects/ottproduct/api/v1/vendor/slim/slim/Slim/MiddlewareDispatcher.php(121): Slim\Middleware\BodyParsingMiddleware->process()
#19 /var/www/projects/ottproduct/api/v1/vendor/slim/slim/Slim/Middleware/ErrorMiddleware.php(76): Psr\Http\Server\RequestHandlerInterface@anonymous->handle()
#20 /var/www/projects/ottproduct/api/v1/vendor/slim/slim/Slim/MiddlewareDispatcher.php(121): Slim\Middleware\ErrorMiddleware->process()
#21 /var/www/projects/ottproduct/api/v1/vendor/tuupola/cors-middleware/src/CorsMiddleware.php(158): Psr\Http\Server\RequestHandlerInterface@anonymous->handle()
#22 /var/www/projects/ottproduct/api/v1/vendor/slim/slim/Slim/MiddlewareDispatcher.php(121): Tuupola\Middleware\CorsMiddleware->process()
#23 /var/www/projects/ottproduct/api/v1/vendor/slim/slim/Slim/MiddlewareDispatcher.php(65): Psr\Http\Server\RequestHandlerInterface@anonymous->handle()
#24 /var/www/projects/ottproduct/api/v1/vendor/slim/slim/Slim/App.php(199): Slim\MiddlewareDispatcher->handle()
#25 /var/www/projects/ottproduct/api/v1/public/index.php(94): Slim\App->handle()
#26 {main}  
[2023-06-28 05:26:47] DBModel.INFO: ======= END DBError ================  
[2023-06-28 05:27:07] DBModel.INFO: ======= START DBError ================  
[2023-06-28 05:27:07] DBModel.ERROR: Error Code : 201Error Message : No Records Found  
[2023-06-28 05:27:07] DBModel.ERROR: Error File : /var/www/projects/ottproduct/api/v1/src/Model/DB.phpError Line : 108  
[2023-06-28 05:27:07] DBModel.ERROR: Error Trace String : #0 /var/www/projects/ottproduct/api/v1/src/Model/WizardSetupModel.php(203): App\Model\DB->getMultiDatasByObjects()
#1 /var/www/projects/ottproduct/api/v1/src/Domain/Repository/WizardSetup/WizardSetupRepository.php(143): App\Model\WizardSetupModel->gettemplateDetailsModel()
#2 /var/www/projects/ottproduct/api/v1/src/Application/Actions/WizardSetup/WizardSetupAction.php(259): App\Domain\Repository\WizardSetup\WizardSetupRepository->gettemplateDetails()
#3 /var/www/projects/ottproduct/api/v1/vendor/slim/slim/Slim/Handlers/Strategies/RequestResponse.php(38): App\Application\Actions\WizardSetup\WizardSetupAction->GetTemplateDetails()
#4 /var/www/projects/ottproduct/api/v1/vendor/slim/slim/Slim/Routing/Route.php(358): Slim\Handlers\Strategies\RequestResponse->__invoke()
#5 /var/www/projects/ottproduct/api/v1/src/Application/Middleware/AuthMiddleware.php(60): Slim\Routing\Route->handle()
#6 /var/www/projects/ottproduct/api/v1/vendor/slim/slim/Slim/MiddlewareDispatcher.php(121): App\Application\Middleware\AuthMiddleware->process()
#7 /var/www/projects/ottproduct/api/v1/vendor/slim/slim/Slim/MiddlewareDispatcher.php(65): Psr\Http\Server\RequestHandlerInterface@anonymous->handle()
#8 /var/www/projects/ottproduct/api/v1/vendor/slim/slim/Slim/MiddlewareDispatcher.php(65): Slim\MiddlewareDispatcher->handle()
#9 /var/www/projects/ottproduct/api/v1/vendor/slim/slim/Slim/Routing/Route.php(315): Slim\MiddlewareDispatcher->handle()
#10 /var/www/projects/ottproduct/api/v1/vendor/slim/slim/Slim/Routing/RouteRunner.php(68): Slim\Routing\Route->run()
#11 /var/www/projects/ottproduct/api/v1/src/Application/Middleware/SessionMiddleware.php(26): Slim\Routing\RouteRunner->handle()
#12 /var/www/projects/ottproduct/api/v1/vendor/slim/slim/Slim/MiddlewareDispatcher.php(168): App\Application\Middleware\SessionMiddleware->process()
#13 /var/www/projects/ottproduct/api/v1/vendor/slim/slim/Slim/Middleware/RoutingMiddleware.php(45): Psr\Http\Server\RequestHandlerInterface@anonymous->handle()
#14 /var/www/projects/ottproduct/api/v1/vendor/slim/slim/Slim/MiddlewareDispatcher.php(121): Slim\Middleware\RoutingMiddleware->process()
#15 /var/www/projects/ottproduct/api/v1/vendor/selective/basepath/src/BasePathMiddleware.php(52): Psr\Http\Server\RequestHandlerInterface@anonymous->handle()
#16 /var/www/projects/ottproduct/api/v1/vendor/slim/slim/Slim/MiddlewareDispatcher.php(121): Selective\BasePath\BasePathMiddleware->process()
#17 /var/www/projects/ottproduct/api/v1/vendor/slim/slim/Slim/Middleware/BodyParsingMiddleware.php(64): Psr\Http\Server\RequestHandlerInterface@anonymous->handle()
#18 /var/www/projects/ottproduct/api/v1/vendor/slim/slim/Slim/MiddlewareDispatcher.php(121): Slim\Middleware\BodyParsingMiddleware->process()
#19 /var/www/projects/ottproduct/api/v1/vendor/slim/slim/Slim/Middleware/ErrorMiddleware.php(76): Psr\Http\Server\RequestHandlerInterface@anonymous->handle()
#20 /var/www/projects/ottproduct/api/v1/vendor/slim/slim/Slim/MiddlewareDispatcher.php(121): Slim\Middleware\ErrorMiddleware->process()
#21 /var/www/projects/ottproduct/api/v1/vendor/tuupola/cors-middleware/src/CorsMiddleware.php(158): Psr\Http\Server\RequestHandlerInterface@anonymous->handle()
#22 /var/www/projects/ottproduct/api/v1/vendor/slim/slim/Slim/MiddlewareDispatcher.php(121): Tuupola\Middleware\CorsMiddleware->process()
#23 /var/www/projects/ottproduct/api/v1/vendor/slim/slim/Slim/MiddlewareDispatcher.php(65): Psr\Http\Server\RequestHandlerInterface@anonymous->handle()
#24 /var/www/projects/ottproduct/api/v1/vendor/slim/slim/Slim/App.php(199): Slim\MiddlewareDispatcher->handle()
#25 /var/www/projects/ottproduct/api/v1/public/index.php(94): Slim\App->handle()
#26 {main}  
[2023-06-28 05:27:07] DBModel.INFO: ======= END DBError ================  
[2023-06-28 05:27:07] DBModel.INFO:  Result : No Records Found  
[2023-06-28 05:27:07] DBModel.INFO:  Result : No Records Found  
[2023-06-28 05:28:38] DBModel.INFO: Mysql Error Message :   
[2023-06-28 05:28:38] DBModel.INFO: Mysql Error Message :   
[2023-06-28 05:33:35] DBModel.INFO: ======= START DBError ================  
[2023-06-28 05:33:35] DBModel.ERROR: Error Code : 201Error Message : No Records Found  
[2023-06-28 05:33:35] DBModel.ERROR: Error File : /var/www/projects/ottproduct/api/v1/src/Model/DB.phpError Line : 108  
[2023-06-28 05:33:35] DBModel.ERROR: Error Trace String : #0 /var/www/projects/ottproduct/api/v1/src/Model/WizardSetupModel.php(203): App\Model\DB->getMultiDatasByObjects()
#1 /var/www/projects/ottproduct/api/v1/src/Domain/Repository/WizardSetup/WizardSetupRepository.php(143): App\Model\WizardSetupModel->gettemplateDetailsModel()
#2 /var/www/projects/ottproduct/api/v1/src/Application/Actions/WizardSetup/WizardSetupAction.php(259): App\Domain\Repository\WizardSetup\WizardSetupRepository->gettemplateDetails()
#3 /var/www/projects/ottproduct/api/v1/vendor/slim/slim/Slim/Handlers/Strategies/RequestResponse.php(38): App\Application\Actions\WizardSetup\WizardSetupAction->GetTemplateDetails()
#4 /var/www/projects/ottproduct/api/v1/vendor/slim/slim/Slim/Routing/Route.php(358): Slim\Handlers\Strategies\RequestResponse->__invoke()
#5 /var/www/projects/ottproduct/api/v1/src/Application/Middleware/AuthMiddleware.php(60): Slim\Routing\Route->handle()
#6 /var/www/projects/ottproduct/api/v1/vendor/slim/slim/Slim/MiddlewareDispatcher.php(121): App\Application\Middleware\AuthMiddleware->process()
#7 /var/www/projects/ottproduct/api/v1/vendor/slim/slim/Slim/MiddlewareDispatcher.php(65): Psr\Http\Server\RequestHandlerInterface@anonymous->handle()
#8 /var/www/projects/ottproduct/api/v1/vendor/slim/slim/Slim/MiddlewareDispatcher.php(65): Slim\MiddlewareDispatcher->handle()
#9 /var/www/projects/ottproduct/api/v1/vendor/slim/slim/Slim/Routing/Route.php(315): Slim\MiddlewareDispatcher->handle()
#10 /var/www/projects/ottproduct/api/v1/vendor/slim/slim/Slim/Routing/RouteRunner.php(68): Slim\Routing\Route->run()
#11 /var/www/projects/ottproduct/api/v1/src/Application/Middleware/SessionMiddleware.php(26): Slim\Routing\RouteRunner->handle()
#12 /var/www/projects/ottproduct/api/v1/vendor/slim/slim/Slim/MiddlewareDispatcher.php(168): App\Application\Middleware\SessionMiddleware->process()
#13 /var/www/projects/ottproduct/api/v1/vendor/slim/slim/Slim/Middleware/RoutingMiddleware.php(45): Psr\Http\Server\RequestHandlerInterface@anonymous->handle()
#14 /var/www/projects/ottproduct/api/v1/vendor/slim/slim/Slim/MiddlewareDispatcher.php(121): Slim\Middleware\RoutingMiddleware->process()
#15 /var/www/projects/ottproduct/api/v1/vendor/selective/basepath/src/BasePathMiddleware.php(52): Psr\Http\Server\RequestHandlerInterface@anonymous->handle()
#16 /var/www/projects/ottproduct/api/v1/vendor/slim/slim/Slim/MiddlewareDispatcher.php(121): Selective\BasePath\BasePathMiddleware->process()
#17 /var/www/projects/ottproduct/api/v1/vendor/slim/slim/Slim/Middleware/BodyParsingMiddleware.php(64): Psr\Http\Server\RequestHandlerInterface@anonymous->handle()
#18 /var/www/projects/ottproduct/api/v1/vendor/slim/slim/Slim/MiddlewareDispatcher.php(121): Slim\Middleware\BodyParsingMiddleware->process()
#19 /var/www/projects/ottproduct/api/v1/vendor/slim/slim/Slim/Middleware/ErrorMiddleware.php(76): Psr\Http\Server\RequestHandlerInterface@anonymous->handle()
#20 /var/www/projects/ottproduct/api/v1/vendor/slim/slim/Slim/MiddlewareDispatcher.php(121): Slim\Middleware\ErrorMiddleware->process()
#21 /var/www/projects/ottproduct/api/v1/vendor/tuupola/cors-middleware/src/CorsMiddleware.php(158): Psr\Http\Server\RequestHandlerInterface@anonymous->handle()
#22 /var/www/projects/ottproduct/api/v1/vendor/slim/slim/Slim/MiddlewareDispatcher.php(121): Tuupola\Middleware\CorsMiddleware->process()
#23 /var/www/projects/ottproduct/api/v1/vendor/slim/slim/Slim/MiddlewareDispatcher.php(65): Psr\Http\Server\RequestHandlerInterface@anonymous->handle()
#24 /var/www/projects/ottproduct/api/v1/vendor/slim/slim/Slim/App.php(199): Slim\MiddlewareDispatcher->handle()
#25 /var/www/projects/ottproduct/api/v1/public/index.php(94): Slim\App->handle()
#26 {main}  
[2023-06-28 05:33:35] DBModel.INFO: ======= END DBError ================  
[2023-06-28 05:37:28] DBModel.INFO:  Result : No Records Found  
[2023-06-28 05:37:28] DBModel.INFO:  Result : No Records Found  
[2023-06-28 05:40:22] DBModel.INFO:  Result : No Records Found  
[2023-06-28 05:40:22] DBModel.INFO:  Result : No Records Found  
[2023-06-28 05:40:31] DBModel.INFO:  Result : No Records Found  
[2023-06-28 05:40:31] DBModel.INFO:  Result : No Records Found  
[2023-06-28 05:42:02] DBModel.INFO:  Result : No Records Found  
[2023-06-28 05:42:02] DBModel.INFO:  Result : No Records Found  
[2023-06-28 05:43:07] DBModel.INFO:  Result : No Records Found  
[2023-06-28 05:43:07] DBModel.INFO:  Result : No Records Found  
[2023-06-28 05:44:15] DBModel.INFO: Mysql Error Message :   
[2023-06-28 05:44:15] DBModel.INFO: Mysql Error Message :   
[2023-06-28 05:45:59] DBModel.INFO:  Result : No Records Found  
[2023-06-28 05:45:59] DBModel.INFO:  Result : No Records Found  
[2023-06-28 05:47:06] DBModel.INFO:  Result : No Records Found  
[2023-06-28 05:47:06] DBModel.INFO:  Result : No Records Found  
[2023-06-28 05:47:12] DBModel.INFO:  Result : No Records Found  
[2023-06-28 05:47:12] DBModel.INFO:  Result : No Records Found  
[2023-06-28 05:49:49] DBModel.INFO:  Result : No Records Found  
[2023-06-28 05:49:49] DBModel.INFO:  Result : No Records Found  
[2023-06-28 06:17:23] DBModel.INFO:  Result : No Records Found  
[2023-06-28 06:17:23] DBModel.INFO:  Result : No Records Found  
[2023-06-28 06:22:43] DBModel.INFO:  Result : No Records Found  
[2023-06-28 06:22:43] DBModel.INFO:  Result : No Records Found  
[2023-06-28 06:24:10] DBModel.INFO:  Result : No Records Found  
[2023-06-28 06:24:10] DBModel.INFO:  Result : No Records Found  
[2023-06-28 06:24:24] DBModel.INFO: Mysql Error Message :   
[2023-06-28 06:24:24] DBModel.INFO: Mysql Error Message :   
[2023-06-28 06:26:48] DBModel.INFO:  Result : No Records Found  
[2023-06-28 06:26:48] DBModel.INFO:  Result : No Records Found  
[2023-06-28 06:29:15] DBModel.INFO:  Result : No Records Found  
[2023-06-28 06:29:15] DBModel.INFO:  Result : No Records Found  
[2023-06-28 06:29:58] DBModel.INFO:  Result : No Records Found  
[2023-06-28 06:29:58] DBModel.INFO:  Result : No Records Found  
[2023-06-28 06:30:23] DBModel.INFO:  Result : No Records Found  
[2023-06-28 06:30:23] DBModel.INFO:  Result : No Records Found  
[2023-06-28 06:33:32] DBModel.INFO:  Result : No Records Found  
[2023-06-28 06:33:32] DBModel.INFO:  Result : No Records Found  
[2023-06-28 06:35:00] DBModel.INFO:  Result : No Records Found  
[2023-06-28 06:35:00] DBModel.INFO:  Result : No Records Found  
[2023-06-28 06:42:15] DBModel.INFO:  Result : No Records Found  
[2023-06-28 06:42:15] DBModel.INFO:  Result : No Records Found  
[2023-06-28 06:43:45] DBModel.INFO:  Result : No Records Found  
[2023-06-28 06:43:45] DBModel.INFO:  Result : No Records Found  
[2023-06-28 06:44:07] DBModel.INFO: Mysql Error Message :   
[2023-06-28 06:48:36] DBModel.INFO:  Result : No Records Found  
[2023-06-28 06:48:36] DBModel.INFO:  Result : No Records Found  
[2023-06-28 06:48:48] DBModel.INFO: Mysql Error Message :   
[2023-06-28 06:49:09] DBModel.INFO:  Result : No Records Found  
[2023-06-28 06:49:09] DBModel.INFO:  Result : No Records Found  
[2023-06-28 06:50:30] DBModel.INFO:  Result : No Records Found  
[2023-06-28 06:50:30] DBModel.INFO:  Result : No Records Found  
[2023-06-28 06:50:46] DBModel.INFO: Mysql Error Message :   
[2023-06-28 06:52:42] DBModel.INFO:  Result : No Records Found  
[2023-06-28 06:52:42] DBModel.INFO:  Result : No Records Found  
[2023-06-28 06:52:57] DBModel.INFO: Mysql Error Message :   
[2023-06-28 06:53:23] DBModel.INFO:  Result : No Records Found  
[2023-06-28 06:53:23] DBModel.INFO:  Result : No Records Found  
[2023-06-28 06:53:25] DBModel.INFO: ======= START DBError ================  
[2023-06-28 06:53:25] DBModel.ERROR: Error Code : 201Error Message : No Records Found  
[2023-06-28 06:53:25] DBModel.ERROR: Error File : /var/www/projects/ottproduct/api/v1/src/Model/DB.phpError Line : 108  
[2023-06-28 06:53:25] DBModel.ERROR: Error Trace String : #0 /var/www/projects/ottproduct/api/v1/src/Model/WizardSetupModel.php(211): App\Model\DB->getMultiDatasByObjects()
#1 /var/www/projects/ottproduct/api/v1/src/Domain/Repository/WizardSetup/WizardSetupRepository.php(143): App\Model\WizardSetupModel->gettemplateDetailsModel()
#2 /var/www/projects/ottproduct/api/v1/src/Application/Actions/WizardSetup/WizardSetupAction.php(259): App\Domain\Repository\WizardSetup\WizardSetupRepository->gettemplateDetails()
#3 /var/www/projects/ottproduct/api/v1/vendor/slim/slim/Slim/Handlers/Strategies/RequestResponse.php(38): App\Application\Actions\WizardSetup\WizardSetupAction->GetTemplateDetails()
#4 /var/www/projects/ottproduct/api/v1/vendor/slim/slim/Slim/Routing/Route.php(358): Slim\Handlers\Strategies\RequestResponse->__invoke()
#5 /var/www/projects/ottproduct/api/v1/src/Application/Middleware/AuthMiddleware.php(60): Slim\Routing\Route->handle()
#6 /var/www/projects/ottproduct/api/v1/vendor/slim/slim/Slim/MiddlewareDispatcher.php(121): App\Application\Middleware\AuthMiddleware->process()
#7 /var/www/projects/ottproduct/api/v1/vendor/slim/slim/Slim/MiddlewareDispatcher.php(65): Psr\Http\Server\RequestHandlerInterface@anonymous->handle()
#8 /var/www/projects/ottproduct/api/v1/vendor/slim/slim/Slim/MiddlewareDispatcher.php(65): Slim\MiddlewareDispatcher->handle()
#9 /var/www/projects/ottproduct/api/v1/vendor/slim/slim/Slim/Routing/Route.php(315): Slim\MiddlewareDispatcher->handle()
#10 /var/www/projects/ottproduct/api/v1/vendor/slim/slim/Slim/Routing/RouteRunner.php(68): Slim\Routing\Route->run()
#11 /var/www/projects/ottproduct/api/v1/src/Application/Middleware/SessionMiddleware.php(26): Slim\Routing\RouteRunner->handle()
#12 /var/www/projects/ottproduct/api/v1/vendor/slim/slim/Slim/MiddlewareDispatcher.php(168): App\Application\Middleware\SessionMiddleware->process()
#13 /var/www/projects/ottproduct/api/v1/vendor/slim/slim/Slim/Middleware/RoutingMiddleware.php(45): Psr\Http\Server\RequestHandlerInterface@anonymous->handle()
#14 /var/www/projects/ottproduct/api/v1/vendor/slim/slim/Slim/MiddlewareDispatcher.php(121): Slim\Middleware\RoutingMiddleware->process()
#15 /var/www/projects/ottproduct/api/v1/vendor/selective/basepath/src/BasePathMiddleware.php(52): Psr\Http\Server\RequestHandlerInterface@anonymous->handle()
#16 /var/www/projects/ottproduct/api/v1/vendor/slim/slim/Slim/MiddlewareDispatcher.php(121): Selective\BasePath\BasePathMiddleware->process()
#17 /var/www/projects/ottproduct/api/v1/vendor/slim/slim/Slim/Middleware/BodyParsingMiddleware.php(64): Psr\Http\Server\RequestHandlerInterface@anonymous->handle()
#18 /var/www/projects/ottproduct/api/v1/vendor/slim/slim/Slim/MiddlewareDispatcher.php(121): Slim\Middleware\BodyParsingMiddleware->process()
#19 /var/www/projects/ottproduct/api/v1/vendor/slim/slim/Slim/Middleware/ErrorMiddleware.php(76): Psr\Http\Server\RequestHandlerInterface@anonymous->handle()
#20 /var/www/projects/ottproduct/api/v1/vendor/slim/slim/Slim/MiddlewareDispatcher.php(121): Slim\Middleware\ErrorMiddleware->process()
#21 /var/www/projects/ottproduct/api/v1/vendor/tuupola/cors-middleware/src/CorsMiddleware.php(155): Psr\Http\Server\RequestHandlerInterface@anonymous->handle()
#22 /var/www/projects/ottproduct/api/v1/vendor/slim/slim/Slim/MiddlewareDispatcher.php(121): Tuupola\Middleware\CorsMiddleware->process()
#23 /var/www/projects/ottproduct/api/v1/vendor/slim/slim/Slim/MiddlewareDispatcher.php(65): Psr\Http\Server\RequestHandlerInterface@anonymous->handle()
#24 /var/www/projects/ottproduct/api/v1/vendor/slim/slim/Slim/App.php(199): Slim\MiddlewareDispatcher->handle()
#25 /var/www/projects/ottproduct/api/v1/public/index.php(94): Slim\App->handle()
#26 {main}  
[2023-06-28 06:53:25] DBModel.INFO: ======= END DBError ================  
[2023-06-28 06:53:25] DBModel.INFO:  Result : No Records Found  
[2023-06-28 06:53:25] DBModel.INFO:  Result : No Records Found  
[2023-06-28 06:53:37] DBModel.INFO:  Result : No Records Found  
[2023-06-28 06:53:37] DBModel.INFO:  Result : No Records Found  
[2023-06-28 06:53:41] DBModel.INFO: ======= START DBError ================  
[2023-06-28 06:53:41] DBModel.ERROR: Error Code : 201Error Message : No Records Found  
[2023-06-28 06:53:41] DBModel.ERROR: Error File : /var/www/projects/ottproduct/api/v1/src/Model/DB.phpError Line : 108  
[2023-06-28 06:53:41] DBModel.ERROR: Error Trace String : #0 /var/www/projects/ottproduct/api/v1/src/Model/WizardSetupModel.php(211): App\Model\DB->getMultiDatasByObjects()
#1 /var/www/projects/ottproduct/api/v1/src/Domain/Repository/WizardSetup/WizardSetupRepository.php(143): App\Model\WizardSetupModel->gettemplateDetailsModel()
#2 /var/www/projects/ottproduct/api/v1/src/Application/Actions/WizardSetup/WizardSetupAction.php(259): App\Domain\Repository\WizardSetup\WizardSetupRepository->gettemplateDetails()
#3 /var/www/projects/ottproduct/api/v1/vendor/slim/slim/Slim/Handlers/Strategies/RequestResponse.php(38): App\Application\Actions\WizardSetup\WizardSetupAction->GetTemplateDetails()
#4 /var/www/projects/ottproduct/api/v1/vendor/slim/slim/Slim/Routing/Route.php(358): Slim\Handlers\Strategies\RequestResponse->__invoke()
#5 /var/www/projects/ottproduct/api/v1/src/Application/Middleware/AuthMiddleware.php(60): Slim\Routing\Route->handle()
#6 /var/www/projects/ottproduct/api/v1/vendor/slim/slim/Slim/MiddlewareDispatcher.php(121): App\Application\Middleware\AuthMiddleware->process()
#7 /var/www/projects/ottproduct/api/v1/vendor/slim/slim/Slim/MiddlewareDispatcher.php(65): Psr\Http\Server\RequestHandlerInterface@anonymous->handle()
#8 /var/www/projects/ottproduct/api/v1/vendor/slim/slim/Slim/MiddlewareDispatcher.php(65): Slim\MiddlewareDispatcher->handle()
#9 /var/www/projects/ottproduct/api/v1/vendor/slim/slim/Slim/Routing/Route.php(315): Slim\MiddlewareDispatcher->handle()
#10 /var/www/projects/ottproduct/api/v1/vendor/slim/slim/Slim/Routing/RouteRunner.php(68): Slim\Routing\Route->run()
#11 /var/www/projects/ottproduct/api/v1/src/Application/Middleware/SessionMiddleware.php(26): Slim\Routing\RouteRunner->handle()
#12 /var/www/projects/ottproduct/api/v1/vendor/slim/slim/Slim/MiddlewareDispatcher.php(168): App\Application\Middleware\SessionMiddleware->process()
#13 /var/www/projects/ottproduct/api/v1/vendor/slim/slim/Slim/Middleware/RoutingMiddleware.php(45): Psr\Http\Server\RequestHandlerInterface@anonymous->handle()
#14 /var/www/projects/ottproduct/api/v1/vendor/slim/slim/Slim/MiddlewareDispatcher.php(121): Slim\Middleware\RoutingMiddleware->process()
#15 /var/www/projects/ottproduct/api/v1/vendor/selective/basepath/src/BasePathMiddleware.php(52): Psr\Http\Server\RequestHandlerInterface@anonymous->handle()
#16 /var/www/projects/ottproduct/api/v1/vendor/slim/slim/Slim/MiddlewareDispatcher.php(121): Selective\BasePath\BasePathMiddleware->process()
#17 /var/www/projects/ottproduct/api/v1/vendor/slim/slim/Slim/Middleware/BodyParsingMiddleware.php(64): Psr\Http\Server\RequestHandlerInterface@anonymous->handle()
#18 /var/www/projects/ottproduct/api/v1/vendor/slim/slim/Slim/MiddlewareDispatcher.php(121): Slim\Middleware\BodyParsingMiddleware->process()
#19 /var/www/projects/ottproduct/api/v1/vendor/slim/slim/Slim/Middleware/ErrorMiddleware.php(76): Psr\Http\Server\RequestHandlerInterface@anonymous->handle()
#20 /var/www/projects/ottproduct/api/v1/vendor/slim/slim/Slim/MiddlewareDispatcher.php(121): Slim\Middleware\ErrorMiddleware->process()
#21 /var/www/projects/ottproduct/api/v1/vendor/tuupola/cors-middleware/src/CorsMiddleware.php(155): Psr\Http\Server\RequestHandlerInterface@anonymous->handle()
#22 /var/www/projects/ottproduct/api/v1/vendor/slim/slim/Slim/MiddlewareDispatcher.php(121): Tuupola\Middleware\CorsMiddleware->process()
#23 /var/www/projects/ottproduct/api/v1/vendor/slim/slim/Slim/MiddlewareDispatcher.php(65): Psr\Http\Server\RequestHandlerInterface@anonymous->handle()
#24 /var/www/projects/ottproduct/api/v1/vendor/slim/slim/Slim/App.php(199): Slim\MiddlewareDispatcher->handle()
#25 /var/www/projects/ottproduct/api/v1/public/index.php(94): Slim\App->handle()
#26 {main}  
[2023-06-28 06:53:41] DBModel.INFO: ======= END DBError ================  
[2023-06-28 06:53:41] DBModel.INFO:  Result : No Records Found  
[2023-06-28 06:53:41] DBModel.INFO:  Result : No Records Found  
[2023-06-28 06:54:32] DBModel.INFO:  Result : No Records Found  
[2023-06-28 06:54:32] DBModel.INFO:  Result : No Records Found  
[2023-06-28 06:54:45] DBModel.INFO: Mysql Error Message :   
[2023-06-28 06:58:41] DBModel.INFO:  Result : No Records Found  
[2023-06-28 06:58:41] DBModel.INFO:  Result : No Records Found  
[2023-06-28 07:00:09] DBModel.INFO:  Result : No Records Found  
[2023-06-28 07:00:09] DBModel.INFO:  Result : No Records Found  
[2023-06-28 07:00:36] DBModel.INFO:  Result : No Records Found  
[2023-06-28 07:00:36] DBModel.INFO:  Result : No Records Found  
[2023-06-28 07:03:29] DBModel.INFO:  Result : No Records Found  
[2023-06-28 07:03:29] DBModel.INFO:  Result : No Records Found  
[2023-06-28 07:03:45] DBModel.INFO: Mysql Error Message :   
[2023-06-28 07:03:45] DBModel.INFO: Mysql Error Message :   
[2023-06-28 07:08:02] DBModel.INFO:  Result : No Records Found  
[2023-06-28 07:08:02] DBModel.INFO:  Result : No Records Found  
[2023-06-28 07:08:52] DBModel.INFO: Mysql Error Message :   
[2023-06-28 07:08:52] DBModel.INFO: Mysql Error Message :   
[2023-06-28 07:12:26] DBModel.INFO: Mysql Error Message :   
[2023-06-28 07:12:26] DBModel.INFO: Mysql Error Message :   
[2023-06-28 07:12:27] DBModel.INFO:  Result : No Records Found  
[2023-06-28 07:12:27] DBModel.INFO:  Result : No Records Found  
[2023-06-28 07:13:29] DBModel.INFO:  Result : No Records Found  
[2023-06-28 07:13:29] DBModel.INFO:  Result : No Records Found  
[2023-06-28 07:16:16] DBModel.INFO:  Result : No Records Found  
[2023-06-28 07:16:16] DBModel.INFO:  Result : No Records Found  
[2023-06-28 07:23:40] DBModel.INFO:  Result : No Records Found  
[2023-06-28 07:23:40] DBModel.INFO:  Result : No Records Found  
[2023-06-28 07:26:16] DBModel.INFO:  Result : No Records Found  
[2023-06-28 07:26:16] DBModel.INFO:  Result : No Records Found  
[2023-06-28 07:29:34] DBModel.INFO:  Result : No Records Found  
[2023-06-28 07:29:34] DBModel.INFO:  Result : No Records Found  
[2023-06-28 07:32:56] DBModel.INFO:  Result : No Records Found  
[2023-06-28 07:32:56] DBModel.INFO:  Result : No Records Found  
[2023-06-28 08:37:51] DBModel.INFO:  Result : No Records Found  
[2023-06-28 08:37:51] DBModel.INFO:  Result : No Records Found  
[2023-06-28 08:37:56] DBModel.INFO:  Result : No Records Found  
[2023-06-28 08:37:56] DBModel.INFO:  Result : No Records Found  
[2023-06-28 08:37:58] DBModel.INFO:  Result : No Records Found  
[2023-06-28 08:37:58] DBModel.INFO:  Result : No Records Found  
[2023-06-28 08:39:17] DBModel.INFO: Mysql Error Message :   
[2023-06-28 08:39:17] DBModel.INFO: Mysql Error Message :   
[2023-06-28 08:39:17] DBModel.INFO: Mysql Error Message :   
[2023-06-28 08:43:00] DBModel.INFO:  Result : No Records Found  
[2023-06-28 08:43:00] DBModel.INFO:  Result : No Records Found  
[2023-06-28 08:44:09] DBModel.INFO:  Result : No Records Found  
[2023-06-28 08:44:09] DBModel.INFO:  Result : No Records Found  
[2023-06-28 08:46:30] DBModel.INFO:  Result : No Records Found  
[2023-06-28 08:46:30] DBModel.INFO:  Result : No Records Found  
[2023-06-28 08:46:35] DBModel.INFO:  Result : No Records Found  
[2023-06-28 08:46:35] DBModel.INFO:  Result : No Records Found  
[2023-06-28 08:54:48] DBModel.INFO:  Result : No Records Found  
[2023-06-28 08:54:48] DBModel.INFO:  Result : No Records Found  
[2023-06-28 08:59:46] DBModel.INFO:  Result : No Records Found  
[2023-06-28 08:59:46] DBModel.INFO:  Result : No Records Found  
[2023-06-28 09:02:21] DBModel.INFO:  Result : No Records Found  
[2023-06-28 09:02:21] DBModel.INFO:  Result : No Records Found  
[2023-06-28 09:02:29] DBModel.INFO:  Result : No Records Found  
[2023-06-28 09:02:29] DBModel.INFO:  Result : No Records Found  
[2023-06-28 09:02:50] DBModel.INFO: Mysql Error Message :   
[2023-06-28 09:02:50] DBModel.INFO: Mysql Error Message :   
[2023-06-28 09:04:05] DBModel.INFO: Mysql Error Message :   
[2023-06-28 09:04:05] DBModel.INFO: Mysql Error Message :   
[2023-06-28 09:07:57] DBModel.INFO:  Result : No Records Found  
[2023-06-28 09:07:57] DBModel.INFO:  Result : No Records Found  
[2023-06-28 09:07:58] DBModel.INFO: Mysql Error Message :   
[2023-06-28 09:08:49] DBModel.INFO:  Result : No Records Found  
[2023-06-28 09:08:49] DBModel.INFO:  Result : No Records Found  
[2023-06-28 09:10:20] DBModel.INFO:  Result : No Records Found  
[2023-06-28 09:10:20] DBModel.INFO:  Result : No Records Found  
[2023-06-28 09:11:27] DBModel.INFO:  Result : No Records Found  
[2023-06-28 09:11:27] DBModel.INFO:  Result : No Records Found  
[2023-06-28 09:11:54] DBModel.INFO:  Result : No Records Found  
[2023-06-28 09:11:54] DBModel.INFO:  Result : No Records Found  
[2023-06-28 09:17:22] DBModel.INFO:  Result : No Records Found  
[2023-06-28 09:17:22] DBModel.INFO:  Result : No Records Found  
[2023-06-28 09:18:28] DBModel.INFO:  Result : No Records Found  
[2023-06-28 09:18:28] DBModel.INFO:  Result : No Records Found  
[2023-06-28 09:19:16] DBModel.INFO:  Result : No Records Found  
[2023-06-28 09:19:16] DBModel.INFO:  Result : No Records Found  
[2023-06-28 09:21:04] DBModel.INFO:  Result : No Records Found  
[2023-06-28 09:21:04] DBModel.INFO:  Result : No Records Found  
[2023-06-28 09:22:07] DBModel.INFO:  Result : No Records Found  
[2023-06-28 09:22:07] DBModel.INFO:  Result : No Records Found  
[2023-06-28 09:26:52] DBModel.INFO:  Result : No Records Found  
[2023-06-28 09:26:52] DBModel.INFO:  Result : No Records Found  
[2023-06-28 09:27:09] DBModel.INFO:  Result : No Records Found  
[2023-06-28 09:27:09] DBModel.INFO:  Result : No Records Found  
[2023-06-28 09:30:10] DBModel.INFO:  Result : No Records Found  
[2023-06-28 09:30:10] DBModel.INFO:  Result : No Records Found  
[2023-06-28 09:33:52] DBModel.INFO:  Result : No Records Found  
[2023-06-28 09:33:52] DBModel.INFO:  Result : No Records Found  
[2023-06-28 09:33:57] DBModel.INFO:  Result : No Records Found  
[2023-06-28 09:33:57] DBModel.INFO:  Result : No Records Found  
[2023-06-28 09:35:59] DBModel.INFO:  Result : No Records Found  
[2023-06-28 09:35:59] DBModel.INFO:  Result : No Records Found  
[2023-06-28 09:43:42] DBModel.INFO:  Result : No Records Found  
[2023-06-28 09:43:42] DBModel.INFO:  Result : No Records Found  
[2023-06-28 09:44:19] DBModel.INFO:  Result : No Records Found  
[2023-06-28 09:44:19] DBModel.INFO:  Result : No Records Found  
[2023-06-28 09:44:36] DBModel.INFO:  Result : No Records Found  
[2023-06-28 09:44:36] DBModel.INFO:  Result : No Records Found  
[2023-06-28 09:45:21] DBModel.INFO:  Result : No Records Found  
[2023-06-28 09:45:21] DBModel.INFO:  Result : No Records Found  
[2023-06-28 09:47:36] DBModel.INFO:  Result : No Records Found  
[2023-06-28 09:47:36] DBModel.INFO:  Result : No Records Found  
[2023-06-28 09:48:00] DBModel.INFO:  Result : No Records Found  
[2023-06-28 09:48:00] DBModel.INFO:  Result : No Records Found  
[2023-06-28 09:49:14] DBModel.INFO:  Result : No Records Found  
[2023-06-28 09:49:14] DBModel.INFO:  Result : No Records Found  
[2023-06-28 09:50:20] DBModel.INFO:  Result : No Records Found  
[2023-06-28 09:50:20] DBModel.INFO:  Result : No Records Found  
[2023-06-28 09:51:36] DBModel.INFO:  Result : No Records Found  
[2023-06-28 09:51:36] DBModel.INFO:  Result : No Records Found  
[2023-06-28 09:58:25] DBModel.INFO:  Result : No Records Found  
[2023-06-28 09:58:25] DBModel.INFO:  Result : No Records Found  
[2023-06-28 09:58:47] DBModel.INFO:  Result : No Records Found  
[2023-06-28 09:58:47] DBModel.INFO:  Result : No Records Found  
[2023-06-28 09:59:00] DBModel.INFO:  Result : No Records Found  
[2023-06-28 09:59:00] DBModel.INFO:  Result : No Records Found  
[2023-06-28 09:59:39] DBModel.INFO:  Result : No Records Found  
[2023-06-28 09:59:39] DBModel.INFO:  Result : No Records Found  
[2023-06-28 10:00:16] DBModel.INFO:  Result : No Records Found  
[2023-06-28 10:00:16] DBModel.INFO:  Result : No Records Found  
[2023-06-28 10:00:19] DBModel.INFO:  Result : No Records Found  
[2023-06-28 10:00:19] DBModel.INFO:  Result : No Records Found  
[2023-06-28 10:01:18] DBModel.INFO:  Result : No Records Found  
[2023-06-28 10:01:18] DBModel.INFO:  Result : No Records Found  
[2023-06-28 10:01:38] DBModel.INFO:  Result : No Records Found  
[2023-06-28 10:01:38] DBModel.INFO:  Result : No Records Found  
[2023-06-28 10:02:49] DBModel.INFO:  Result : No Records Found  
[2023-06-28 10:02:49] DBModel.INFO:  Result : No Records Found  
[2023-06-28 10:03:11] DBModel.INFO:  Result : No Records Found  
[2023-06-28 10:03:11] DBModel.INFO:  Result : No Records Found  
[2023-06-28 10:03:49] DBModel.INFO:  Result : No Records Found  
[2023-06-28 10:03:49] DBModel.INFO:  Result : No Records Found  
[2023-06-28 10:05:55] DBModel.INFO:  Result : No Records Found  
[2023-06-28 10:05:55] DBModel.INFO:  Result : No Records Found  
[2023-06-28 10:07:10] DBModel.INFO:  Result : No Records Found  
[2023-06-28 10:07:10] DBModel.INFO:  Result : No Records Found  
[2023-06-28 10:09:13] DBModel.INFO:  Result : No Records Found  
[2023-06-28 10:09:13] DBModel.INFO:  Result : No Records Found  
[2023-06-28 10:09:17] DBModel.INFO:  Result : No Records Found  
[2023-06-28 10:09:17] DBModel.INFO:  Result : No Records Found  
[2023-06-28 10:09:48] DBModel.INFO:  Result : No Records Found  
[2023-06-28 10:09:48] DBModel.INFO:  Result : No Records Found  
[2023-06-28 10:11:48] DBModel.INFO:  Result : No Records Found  
[2023-06-28 10:11:48] DBModel.INFO:  Result : No Records Found  
[2023-06-28 10:11:58] DBModel.INFO:  Result : No Records Found  
[2023-06-28 10:11:58] DBModel.INFO:  Result : No Records Found  
[2023-06-28 10:12:32] DBModel.INFO:  Result : No Records Found  
[2023-06-28 10:12:32] DBModel.INFO:  Result : No Records Found  
[2023-06-28 10:12:50] DBModel.INFO:  Result : No Records Found  
[2023-06-28 10:12:50] DBModel.INFO:  Result : No Records Found  
[2023-06-28 10:13:00] DBModel.INFO:  Result : No Records Found  
[2023-06-28 10:13:00] DBModel.INFO:  Result : No Records Found  
[2023-06-28 10:13:55] DBModel.INFO:  Result : No Records Found  
[2023-06-28 10:13:55] DBModel.INFO:  Result : No Records Found  
[2023-06-28 10:14:01] DBModel.INFO:  Result : No Records Found  
[2023-06-28 10:14:01] DBModel.INFO:  Result : No Records Found  
[2023-06-28 10:14:28] DBModel.INFO:  Result : No Records Found  
[2023-06-28 10:14:28] DBModel.INFO:  Result : No Records Found  
[2023-06-28 10:15:51] DBModel.INFO:  Result : No Records Found  
[2023-06-28 10:15:51] DBModel.INFO:  Result : No Records Found  
[2023-06-28 10:16:09] DBModel.INFO:  Result : No Records Found  
[2023-06-28 10:16:09] DBModel.INFO:  Result : No Records Found  
[2023-06-28 10:16:19] DBModel.INFO:  Result : No Records Found  
[2023-06-28 10:16:19] DBModel.INFO:  Result : No Records Found  
[2023-06-28 10:17:11] DBModel.INFO:  Result : No Records Found  
[2023-06-28 10:17:11] DBModel.INFO:  Result : No Records Found  
[2023-06-28 10:17:29] DBModel.INFO:  Result : No Records Found  
[2023-06-28 10:17:29] DBModel.INFO:  Result : No Records Found  
[2023-06-28 10:17:54] DBModel.INFO:  Result : No Records Found  
[2023-06-28 10:17:54] DBModel.INFO:  Result : No Records Found  
[2023-06-28 10:18:09] DBModel.INFO:  Result : No Records Found  
[2023-06-28 10:18:09] DBModel.INFO:  Result : No Records Found  
[2023-06-28 10:18:21] DBModel.INFO:  Result : No Records Found  
[2023-06-28 10:18:21] DBModel.INFO:  Result : No Records Found  
[2023-06-28 10:18:27] DBModel.INFO:  Result : No Records Found  
[2023-06-28 10:18:27] DBModel.INFO:  Result : No Records Found  
[2023-06-28 10:18:43] DBModel.INFO:  Result : No Records Found  
[2023-06-28 10:18:43] DBModel.INFO:  Result : No Records Found  
[2023-06-28 10:19:00] DBModel.INFO:  Result : No Records Found  
[2023-06-28 10:19:00] DBModel.INFO:  Result : No Records Found  
[2023-06-28 10:19:18] DBModel.INFO:  Result : No Records Found  
[2023-06-28 10:19:18] DBModel.INFO:  Result : No Records Found  
[2023-06-28 10:19:48] DBModel.INFO:  Result : No Records Found  
[2023-06-28 10:19:48] DBModel.INFO:  Result : No Records Found  
[2023-06-28 10:19:54] DBModel.INFO:  Result : No Records Found  
[2023-06-28 10:19:54] DBModel.INFO:  Result : No Records Found  
[2023-06-28 10:20:01] DBModel.INFO:  Result : No Records Found  
[2023-06-28 10:20:01] DBModel.INFO:  Result : No Records Found  
[2023-06-28 10:20:33] DBModel.INFO:  Result : No Records Found  
[2023-06-28 10:20:33] DBModel.INFO:  Result : No Records Found  
[2023-06-28 10:20:42] DBModel.INFO:  Result : No Records Found  
[2023-06-28 10:20:42] DBModel.INFO:  Result : No Records Found  
[2023-06-28 10:20:54] DBModel.INFO:  Result : No Records Found  
[2023-06-28 10:20:54] DBModel.INFO:  Result : No Records Found  
[2023-06-28 10:21:16] DBModel.INFO:  Result : No Records Found  
[2023-06-28 10:21:16] DBModel.INFO:  Result : No Records Found  
[2023-06-28 10:21:21] DBModel.INFO:  Result : No Records Found  
[2023-06-28 10:21:21] DBModel.INFO:  Result : No Records Found  
[2023-06-28 10:21:40] DBModel.INFO:  Result : No Records Found  
[2023-06-28 10:21:40] DBModel.INFO:  Result : No Records Found  
[2023-06-28 10:23:04] DBModel.INFO:  Result : No Records Found  
[2023-06-28 10:23:04] DBModel.INFO:  Result : No Records Found  
[2023-06-28 10:23:10] DBModel.INFO:  Result : No Records Found  
[2023-06-28 10:23:10] DBModel.INFO:  Result : No Records Found  
[2023-06-28 10:52:29] DBModel.INFO:  Result : No Records Found  
[2023-06-28 10:52:29] DBModel.INFO:  Result : No Records Found  
[2023-06-28 10:52:35] DBModel.INFO:  Result : No Records Found  
[2023-06-28 10:52:35] DBModel.INFO:  Result : No Records Found  
[2023-06-28 10:52:37] DBModel.INFO:  Result : No Records Found  
[2023-06-28 10:52:37] DBModel.INFO:  Result : No Records Found  
[2023-06-28 10:52:50] DBModel.INFO:  Result : No Records Found  
[2023-06-28 10:52:50] DBModel.INFO:  Result : No Records Found  
[2023-06-28 10:53:01] DBModel.INFO:  Result : No Records Found  
[2023-06-28 10:53:01] DBModel.INFO:  Result : No Records Found  
[2023-06-28 10:53:12] DBModel.INFO:  Result : No Records Found  
[2023-06-28 10:53:12] DBModel.INFO:  Result : No Records Found  
[2023-06-28 10:53:23] DBModel.INFO:  Result : No Records Found  
[2023-06-28 10:53:23] DBModel.INFO:  Result : No Records Found  
[2023-06-28 10:54:11] DBModel.INFO:  Result : No Records Found  
[2023-06-28 10:54:11] DBModel.INFO:  Result : No Records Found  
[2023-06-28 10:55:20] DBModel.INFO:  Result : No Records Found  
[2023-06-28 10:55:20] DBModel.INFO:  Result : No Records Found  
[2023-06-28 10:55:32] DBModel.INFO:  Result : No Records Found  
[2023-06-28 10:55:32] DBModel.INFO:  Result : No Records Found  
[2023-06-28 10:55:42] DBModel.INFO:  Result : No Records Found  
[2023-06-28 10:55:42] DBModel.INFO:  Result : No Records Found  
