[2023-06-06 10:28:05] BrandRepository.ERROR: Error Code : 401Error Message : User id required  
[2023-06-06 10:28:05] BrandRepository.ERROR: Error File : /var/www/projects/ottproduct/api/v1/src/Domain/Repository/Brand/BrandRepository.phpError Line : 47  
[2023-06-06 10:28:05] BrandRepository.ERROR: Error Trace String : #0 /var/www/projects/ottproduct/api/v1/src/Application/Actions/Brand/BrandAction.php(64): App\Domain\Repository\Brand\BrandRepository->ViewbrandListRepository()
#1 /var/www/projects/ottproduct/api/v1/vendor/slim/slim/Slim/Handlers/Strategies/RequestResponse.php(38): App\Application\Actions\Brand\BrandAction->__invoke()
#2 /var/www/projects/ottproduct/api/v1/vendor/slim/slim/Slim/Routing/Route.php(358): Slim\Handlers\Strategies\RequestResponse->__invoke()
#3 /var/www/projects/ottproduct/api/v1/src/Application/Middleware/AuthMiddleware.php(33): Slim\Routing\Route->handle()
#4 /var/www/projects/ottproduct/api/v1/vendor/slim/slim/Slim/MiddlewareDispatcher.php(121): App\Application\Middleware\AuthMiddleware->process()
#5 /var/www/projects/ottproduct/api/v1/vendor/slim/slim/Slim/MiddlewareDispatcher.php(65): Psr\Http\Server\RequestHandlerInterface@anonymous->handle()
#6 /var/www/projects/ottproduct/api/v1/vendor/slim/slim/Slim/MiddlewareDispatcher.php(65): Slim\MiddlewareDispatcher->handle()
#7 /var/www/projects/ottproduct/api/v1/vendor/slim/slim/Slim/Routing/Route.php(315): Slim\MiddlewareDispatcher->handle()
#8 /var/www/projects/ottproduct/api/v1/vendor/slim/slim/Slim/Routing/RouteRunner.php(68): Slim\Routing\Route->run()
#9 /var/www/projects/ottproduct/api/v1/src/Application/Middleware/SessionMiddleware.php(26): Slim\Routing\RouteRunner->handle()
#10 /var/www/projects/ottproduct/api/v1/vendor/slim/slim/Slim/MiddlewareDispatcher.php(168): App\Application\Middleware\SessionMiddleware->process()
#11 /var/www/projects/ottproduct/api/v1/vendor/slim/slim/Slim/Middleware/RoutingMiddleware.php(45): Psr\Http\Server\RequestHandlerInterface@anonymous->handle()
#12 /var/www/projects/ottproduct/api/v1/vendor/slim/slim/Slim/MiddlewareDispatcher.php(121): Slim\Middleware\RoutingMiddleware->process()
#13 /var/www/projects/ottproduct/api/v1/vendor/selective/basepath/src/BasePathMiddleware.php(52): Psr\Http\Server\RequestHandlerInterface@anonymous->handle()
#14 /var/www/projects/ottproduct/api/v1/vendor/slim/slim/Slim/MiddlewareDispatcher.php(121): Selective\BasePath\BasePathMiddleware->process()
#15 /var/www/projects/ottproduct/api/v1/vendor/slim/slim/Slim/Middleware/BodyParsingMiddleware.php(64): Psr\Http\Server\RequestHandlerInterface@anonymous->handle()
#16 /var/www/projects/ottproduct/api/v1/vendor/slim/slim/Slim/MiddlewareDispatcher.php(121): Slim\Middleware\BodyParsingMiddleware->process()
#17 /var/www/projects/ottproduct/api/v1/vendor/slim/slim/Slim/Middleware/ErrorMiddleware.php(76): Psr\Http\Server\RequestHandlerInterface@anonymous->handle()
#18 /var/www/projects/ottproduct/api/v1/vendor/slim/slim/Slim/MiddlewareDispatcher.php(121): Slim\Middleware\ErrorMiddleware->process()
#19 /var/www/projects/ottproduct/api/v1/vendor/tuupola/cors-middleware/src/CorsMiddleware.php(155): Psr\Http\Server\RequestHandlerInterface@anonymous->handle()
#20 /var/www/projects/ottproduct/api/v1/vendor/slim/slim/Slim/MiddlewareDispatcher.php(121): Tuupola\Middleware\CorsMiddleware->process()
#21 /var/www/projects/ottproduct/api/v1/vendor/slim/slim/Slim/MiddlewareDispatcher.php(65): Psr\Http\Server\RequestHandlerInterface@anonymous->handle()
#22 /var/www/projects/ottproduct/api/v1/vendor/slim/slim/Slim/App.php(199): Slim\MiddlewareDispatcher->handle()
#23 /var/www/projects/ottproduct/api/v1/public/index.php(93): Slim\App->handle()
#24 {main}  
[2023-06-06 12:02:38] BrandAction.INFO: ======= Start Brand Action (EXCEL) ================  
[2023-06-06 12:02:38] BrandAction.INFO: method : POST  
[2023-06-06 12:02:38] BrandAction.INFO: contentType : application/json  
[2023-06-06 12:02:38] BrandAction.INFO: Input Data : {"brandname":"Test","shortname":"ts","decoded":{"sub":"1","id":"1","email":"superadmin@example.com","designation":"Hotel Manager","mobileno":"9655957812","iat":1686030982,"exp":1686117382}}  
[2023-06-06 12:02:38] BrandAction.ERROR: Error Code : 401Error Message : Hotel Id is Invalid or Missing.  
[2023-06-06 12:02:38] BrandAction.ERROR: Error File : /var/www/projects/ottproduct/api/v1/src/Application/Actions/Brand/BrandAction.phpError Line : 301  
[2023-06-06 12:02:38] BrandAction.INFO: ======= END Brand Action (EXCEL) ================  
