[2023-06-06 10:24:44] AdmnUsrsRepository.INFO: ======= Start AdmnUsrs Repository ================  
[2023-06-06 10:24:44] AdmnUsrsRepository.INFO: Input Data : {"decoded":{"sub":"1","id":"1","userName":"super admin","userGroup":"1","email":"superadmin@example.com","iat":1686026828,"exp":1686113228}}  
[2023-06-06 10:24:44] AdmnUsrModel.INFO: Query : CALL SP_AdmnUsrConfig('0', '0', 0, '', '', '', 0, 0, '','','', '', 
            1, '', 10, '0', 
            0, '', 'DESC', 'GETALL')  
[2023-06-06 10:24:44] AdmnUsrModel.INFO: Admin User List Avaliable User list count : 10  
[2023-06-06 10:24:44] AdmnUsrsRepository.INFO: ======= End AdmnUsrs Repository ================  
[2023-06-06 10:29:59] AdmnUsrsRepository.INFO: ======= Start AdmnUsrs Repository ================  
[2023-06-06 10:29:59] AdmnUsrsRepository.INFO: Input Data : {"decoded":{"sub":"1","id":"1","userName":"super admin","userGroup":"1","email":"superadmin@example.com","iat":1686026828,"exp":1686113228}}  
[2023-06-06 10:29:59] AdmnUsrModel.INFO: Query : CALL SP_AdmnUsrConfig('0', '0', 0, '', '', '', 0, 0, '','','', '', 
            1, '', 10, '0', 
            0, '', 'DESC', 'GETALL')  
[2023-06-06 10:29:59] AdmnUsrModel.INFO: Admin User List Avaliable User list count : 10  
[2023-06-06 10:29:59] AdmnUsrsRepository.INFO: ======= End AdmnUsrs Repository ================  
[2023-06-06 10:31:03] AdmnUsrsRepository.INFO: ======= Start AdmnUsrs Repository ================  
[2023-06-06 10:31:03] AdmnUsrsRepository.INFO: Input Data : {"decoded":{"sub":"1","id":"1","userName":"super admin","userGroup":"1","email":"superadmin@example.com","iat":1686026828,"exp":1686113228}}  
[2023-06-06 10:31:03] AdmnUsrModel.INFO: Query : CALL SP_AdmnUsrConfig('0', '0', 0, '', '', '', 0, 0, '','','', '', 
            1, '', 10, '0', 
            0, '', 'DESC', 'GETALL')  
[2023-06-06 10:31:03] AdmnUsrModel.INFO: Admin User List Avaliable User list count : 10  
[2023-06-06 10:31:03] AdmnUsrsRepository.INFO: ======= End AdmnUsrs Repository ================  
[2023-06-06 10:31:15] AdmnUsrsRepository.INFO: ======= Start AdmnUsrs Repository ================  
[2023-06-06 10:31:15] AdmnUsrsRepository.INFO: Input Data : {"decoded":{"sub":"1","id":"1","userName":"super admin","userGroup":"1","email":"superadmin@example.com","iat":1686026828,"exp":1686113228}}  
[2023-06-06 10:31:15] AdmnUsrModel.INFO: Query : CALL SP_AdmnUsrConfig('0', '0', 0, '', '', '', 0, 0, '','','', '', 
            1, '', 10, '0', 
            0, '', 'DESC', 'GETALL')  
[2023-06-06 10:31:15] AdmnUsrModel.INFO: Admin User List Avaliable User list count : 10  
[2023-06-06 10:31:15] AdmnUsrsRepository.INFO: ======= End AdmnUsrs Repository ================  
[2023-06-06 10:31:34] AdmnUsrsRepository.INFO: ======= Start AdmnUsrs Repository ================  
[2023-06-06 10:31:34] AdmnUsrsRepository.INFO: Input Data : {"decoded":{"sub":"1","id":"1","userName":"super admin","userGroup":"1","email":"superadmin@example.com","iat":1686026828,"exp":1686113228}}  
[2023-06-06 10:31:34] AdmnUsrModel.INFO: Query : CALL SP_AdmnUsrConfig('0', '0', 0, '', '', '', 0, 0, '','','', '', 
            1, '', 10, '0', 
            0, '', 'DESC', 'GETALL')  
[2023-06-06 10:31:34] AdmnUsrModel.INFO: Admin User List Avaliable User list count : 10  
[2023-06-06 10:31:34] AdmnUsrsRepository.INFO: ======= End AdmnUsrs Repository ================  
[2023-06-06 10:31:41] AdmnUsrsRepository.INFO: ======= Start AdmnUsrs Repository ================  
[2023-06-06 10:31:41] AdmnUsrsRepository.INFO: Input Data : {"decoded":{"sub":"1","id":"1","userName":"super admin","userGroup":"1","email":"superadmin@example.com","iat":1686026828,"exp":1686113228}}  
[2023-06-06 10:31:41] AdmnUsrModel.INFO: Query : CALL SP_AdmnUsrConfig('0', '0', 0, '', '', '', 0, 0, '','','', '', 
            1, '', 10, '0', 
            0, '', 'DESC', 'GETALL')  
[2023-06-06 10:31:41] AdmnUsrModel.INFO: Admin User List Avaliable User list count : 10  
[2023-06-06 10:31:41] AdmnUsrsRepository.INFO: ======= End AdmnUsrs Repository ================  
[2023-06-06 10:32:06] AdmnUsrsRepository.INFO: ======= Start AdmnUsrs Repository ================  
[2023-06-06 10:32:06] AdmnUsrsRepository.INFO: Input Data : {"decoded":{"sub":"1","id":"1","userName":"super admin","userGroup":"1","email":"superadmin@example.com","iat":1686026828,"exp":1686113228}}  
[2023-06-06 10:32:06] AdmnUsrModel.INFO: Query : CALL SP_AdmnUsrConfig('0', '0', 0, '', '', '', 0, 0, '','','', '', 
            1, '', 10, '0', 
            0, '', 'DESC', 'GETALL')  
[2023-06-06 10:32:06] AdmnUsrModel.INFO: Admin User List Avaliable User list count : 10  
[2023-06-06 10:32:06] AdmnUsrsRepository.INFO: ======= End AdmnUsrs Repository ================  
[2023-06-06 10:34:03] AdmnUsrsRepository.INFO: ======= Start AdmnUsrs Repository ================  
[2023-06-06 10:34:03] AdmnUsrsRepository.INFO: Input Data : {"decoded":{"sub":"1","id":"1","userName":"super admin","userGroup":"1","email":"superadmin@example.com","iat":1686026828,"exp":1686113228}}  
[2023-06-06 10:34:03] AdmnUsrModel.INFO: Query : CALL SP_AdmnUsrConfig('0', '0', 0, '', '', '', 0, 0, '','','', '', 
            1, '', 10, '0', 
            0, '', 'DESC', 'GETALL')  
[2023-06-06 10:34:03] AdmnUsrModel.INFO: Admin User List Avaliable User list count : 10  
[2023-06-06 10:34:03] AdmnUsrsRepository.INFO: ======= End AdmnUsrs Repository ================  
[2023-06-06 10:34:22] AdmnUsrsRepository.INFO: ======= Start AdmnUsrs Repository ================  
[2023-06-06 10:34:22] AdmnUsrsRepository.INFO: Input Data : {"decoded":{"sub":"1","id":"1","userName":"super admin","userGroup":"1","email":"superadmin@example.com","iat":1686026828,"exp":1686113228}}  
[2023-06-06 10:34:22] AdmnUsrModel.INFO: Query : CALL SP_AdmnUsrConfig('0', '0', 0, '', '', '', 0, 0, '','','', '', 
            1, '', 10, '0', 
            0, '', 'DESC', 'GETALL')  
[2023-06-06 10:34:22] AdmnUsrModel.INFO: Admin User List Avaliable User list count : 10  
[2023-06-06 10:34:22] AdmnUsrsRepository.INFO: ======= End AdmnUsrs Repository ================  
[2023-06-06 10:34:41] AdmnUsrsRepository.INFO: ======= Start AdmnUsrs Repository ================  
[2023-06-06 10:34:41] AdmnUsrsRepository.INFO: Input Data : {"decoded":{"sub":"1","id":"1","userName":"super admin","userGroup":"1","email":"superadmin@example.com","iat":1686026828,"exp":1686113228}}  
[2023-06-06 10:34:41] AdmnUsrModel.INFO: Query : CALL SP_AdmnUsrConfig('0', '0', 0, '', '', '', 0, 0, '','','', '', 
            1, '', 10, '0', 
            0, '', 'DESC', 'GETALL')  
[2023-06-06 10:34:41] AdmnUsrModel.INFO: Admin User List Avaliable User list count : 10  
[2023-06-06 10:34:41] AdmnUsrsRepository.INFO: ======= End AdmnUsrs Repository ================  
[2023-06-06 10:35:17] AdmnUsrsRepository.INFO: ======= Start AdmnUsrs Repository ================  
[2023-06-06 10:35:17] AdmnUsrsRepository.INFO: Input Data : {"decoded":{"sub":"1","id":"1","userName":"super admin","userGroup":"1","email":"superadmin@example.com","iat":1686026828,"exp":1686113228}}  
[2023-06-06 10:35:17] AdmnUsrModel.INFO: Query : CALL SP_AdmnUsrConfig('0', '0', 0, '', '', '', 0, 0, '','','', '', 
            1, '', 10, '0', 
            0, '', 'DESC', 'GETALL')  
[2023-06-06 10:35:17] AdmnUsrModel.INFO: Admin User List Avaliable User list count : 10  
[2023-06-06 10:35:17] AdmnUsrsRepository.INFO: ======= End AdmnUsrs Repository ================  
[2023-06-06 10:35:24] AdmnUsrsRepository.INFO: ======= Start AdmnUsrs Repository ================  
[2023-06-06 10:35:24] AdmnUsrsRepository.INFO: Input Data : {"decoded":{"sub":"1","id":"1","userName":"super admin","userGroup":"1","email":"superadmin@example.com","iat":1686026828,"exp":1686113228}}  
[2023-06-06 10:35:24] AdmnUsrModel.INFO: Query : CALL SP_AdmnUsrConfig('0', '0', 0, '', '', '', 0, 0, '','','', '', 
            1, '', 10, '0', 
            0, '', 'DESC', 'GETALL')  
[2023-06-06 10:35:24] AdmnUsrModel.INFO: Admin User List Avaliable User list count : 10  
[2023-06-06 10:35:24] AdmnUsrsRepository.INFO: ======= End AdmnUsrs Repository ================  
[2023-06-06 10:35:50] AdmnUsrsRepository.INFO: ======= Start AdmnUsrs Repository ================  
[2023-06-06 10:35:50] AdmnUsrsRepository.INFO: Input Data : {"decoded":{"sub":"1","id":"1","userName":"super admin","userGroup":"1","email":"superadmin@example.com","iat":1686026828,"exp":1686113228}}  
[2023-06-06 10:35:50] AdmnUsrModel.INFO: Query : CALL SP_AdmnUsrConfig('0', '0', 0, '', '', '', 0, 0, '','','', '', 
            1, '', 10, '0', 
            0, '', 'DESC', 'GETALL')  
[2023-06-06 10:35:50] AdmnUsrModel.INFO: Admin User List Avaliable User list count : 10  
[2023-06-06 10:35:50] AdmnUsrsRepository.INFO: ======= End AdmnUsrs Repository ================  
[2023-06-06 10:36:18] AdmnUsrsRepository.INFO: ======= Start AdmnUsrs Repository ================  
[2023-06-06 10:36:18] AdmnUsrsRepository.INFO: Input Data : {"decoded":{"sub":"1","id":"1","userName":"super admin","userGroup":"1","email":"superadmin@example.com","iat":1686026828,"exp":1686113228}}  
[2023-06-06 10:36:18] AdmnUsrModel.INFO: Query : CALL SP_AdmnUsrConfig('0', '0', 0, '', '', '', 0, 0, '','','', '', 
            1, '', 10, '0', 
            0, '', 'DESC', 'GETALL')  
[2023-06-06 10:36:18] AdmnUsrModel.INFO: Admin User List Avaliable User list count : 10  
[2023-06-06 10:36:18] AdmnUsrsRepository.INFO: ======= End AdmnUsrs Repository ================  
[2023-06-06 10:36:26] AdmnUsrsRepository.INFO: ======= Start AdmnUsrs Repository ================  
[2023-06-06 10:36:26] AdmnUsrsRepository.INFO: Input Data : {"decoded":{"sub":"1","id":"1","userName":"super admin","userGroup":"1","email":"superadmin@example.com","iat":1686026828,"exp":1686113228}}  
[2023-06-06 10:36:26] AdmnUsrModel.INFO: Query : CALL SP_AdmnUsrConfig('0', '0', 0, '', '', '', 0, 0, '','','', '', 
            1, '', 10, '0', 
            0, '', 'DESC', 'GETALL')  
[2023-06-06 10:36:26] AdmnUsrModel.INFO: Admin User List Avaliable User list count : 10  
[2023-06-06 10:36:26] AdmnUsrsRepository.INFO: ======= End AdmnUsrs Repository ================  
[2023-06-06 10:37:47] AdmnUsrsRepository.INFO: ======= Start AdmnUsrs Repository ================  
[2023-06-06 10:37:47] AdmnUsrsRepository.INFO: Input Data : {"decoded":{"sub":"1","id":"1","userName":"super admin","userGroup":"1","email":"superadmin@example.com","iat":1686026828,"exp":1686113228}}  
[2023-06-06 10:37:47] AdmnUsrModel.INFO: Query : CALL SP_AdmnUsrConfig('0', '0', 0, '', '', '', 0, 0, '','','', '', 
            1, '', 10, '0', 
            0, '', 'DESC', 'GETALL')  
[2023-06-06 10:37:47] AdmnUsrModel.INFO: Admin User List Avaliable User list count : 10  
[2023-06-06 10:37:47] AdmnUsrsRepository.INFO: ======= End AdmnUsrs Repository ================  
[2023-06-06 10:37:57] AdmnUsrsRepository.INFO: ======= Start AdmnUsrs Repository ================  
[2023-06-06 10:37:57] AdmnUsrsRepository.INFO: Input Data : {"decoded":{"sub":"1","id":"1","userName":"super admin","userGroup":"1","email":"superadmin@example.com","iat":1686026828,"exp":1686113228}}  
[2023-06-06 10:37:57] AdmnUsrModel.INFO: Query : CALL SP_AdmnUsrConfig('0', '0', 0, '', '', '', 0, 0, '','','', '', 
            1, '', 10, '0', 
            0, '', 'DESC', 'GETALL')  
[2023-06-06 10:37:57] AdmnUsrModel.INFO: Admin User List Avaliable User list count : 10  
[2023-06-06 10:37:57] AdmnUsrsRepository.INFO: ======= End AdmnUsrs Repository ================  
[2023-06-06 10:38:06] AdmnUsrsRepository.INFO: ======= Start AdmnUsrs Repository ================  
[2023-06-06 10:38:06] AdmnUsrsRepository.INFO: Input Data : {"decoded":{"sub":"1","id":"1","userName":"super admin","userGroup":"1","email":"superadmin@example.com","iat":1686026828,"exp":1686113228}}  
[2023-06-06 10:38:06] AdmnUsrModel.INFO: Query : CALL SP_AdmnUsrConfig('0', '0', 0, '', '', '', 0, 0, '','','', '', 
            1, '', 10, '0', 
            0, '', 'DESC', 'GETALL')  
[2023-06-06 10:38:06] AdmnUsrModel.INFO: Admin User List Avaliable User list count : 10  
[2023-06-06 10:38:06] AdmnUsrsRepository.INFO: ======= End AdmnUsrs Repository ================  
[2023-06-06 10:38:24] AdmnUsrsRepository.INFO: ======= Start AdmnUsrs Repository ================  
[2023-06-06 10:38:24] AdmnUsrsRepository.INFO: Input Data : {"decoded":{"sub":"1","id":"1","userName":"super admin","userGroup":"1","email":"superadmin@example.com","iat":1686026828,"exp":1686113228}}  
[2023-06-06 10:38:24] AdmnUsrModel.INFO: Query : CALL SP_AdmnUsrConfig('0', '0', 0, '', '', '', 0, 0, '','','', '', 
            1, '', 10, '0', 
            0, '', 'DESC', 'GETALL')  
[2023-06-06 10:38:24] AdmnUsrModel.INFO: Admin User List Avaliable User list count : 10  
[2023-06-06 10:38:24] AdmnUsrsRepository.INFO: ======= End AdmnUsrs Repository ================  
[2023-06-06 10:38:33] AdmnUsrsRepository.INFO: ======= Start AdmnUsrs Repository ================  
[2023-06-06 10:38:33] AdmnUsrsRepository.INFO: Input Data : {"decoded":{"sub":"1","id":"1","userName":"super admin","userGroup":"1","email":"superadmin@example.com","iat":1686026828,"exp":1686113228}}  
[2023-06-06 10:38:33] AdmnUsrModel.INFO: Query : CALL SP_AdmnUsrConfig('0', '0', 0, '', '', '', 0, 0, '','','', '', 
            1, '', 10, '0', 
            0, '', 'DESC', 'GETALL')  
[2023-06-06 10:38:33] AdmnUsrModel.INFO: Admin User List Avaliable User list count : 10  
[2023-06-06 10:38:33] AdmnUsrsRepository.INFO: ======= End AdmnUsrs Repository ================  
[2023-06-06 10:38:43] AdmnUsrsRepository.INFO: ======= Start AdmnUsrs Repository ================  
[2023-06-06 10:38:43] AdmnUsrsRepository.INFO: Input Data : {"decoded":{"sub":"1","id":"1","userName":"super admin","userGroup":"1","email":"superadmin@example.com","iat":1686026828,"exp":1686113228}}  
[2023-06-06 10:38:43] AdmnUsrModel.INFO: Query : CALL SP_AdmnUsrConfig('0', '0', 0, '', '', '', 0, 0, '','','', '', 
            1, '', 10, '0', 
            0, '', 'DESC', 'GETALL')  
[2023-06-06 10:38:43] AdmnUsrModel.INFO: Admin User List Avaliable User list count : 10  
[2023-06-06 10:38:43] AdmnUsrsRepository.INFO: ======= End AdmnUsrs Repository ================  
[2023-06-06 10:39:05] AdmnUsrsRepository.INFO: ======= Start AdmnUsrs Repository ================  
[2023-06-06 10:39:05] AdmnUsrsRepository.INFO: Input Data : {"decoded":{"sub":"1","id":"1","userName":"super admin","userGroup":"1","email":"superadmin@example.com","iat":1686026828,"exp":1686113228}}  
[2023-06-06 10:39:05] AdmnUsrModel.INFO: Query : CALL SP_AdmnUsrConfig('0', '0', 0, '', '', '', 0, 0, '','','', '', 
            1, '', 10, '0', 
            0, '', 'DESC', 'GETALL')  
[2023-06-06 10:39:05] AdmnUsrModel.INFO: Admin User List Avaliable User list count : 10  
[2023-06-06 10:39:05] AdmnUsrsRepository.INFO: ======= End AdmnUsrs Repository ================  
[2023-06-06 10:44:47] AdmnUsrsRepository.INFO: ======= Start AdmnUsrs Repository ================  
[2023-06-06 10:44:47] AdmnUsrsRepository.INFO: Input Data : {"decoded":{"sub":"1","id":"1","userName":"super admin","userGroup":"1","email":"superadmin@example.com","iat":1686026828,"exp":1686113228}}  
[2023-06-06 10:44:47] AdmnUsrModel.INFO: Query : CALL SP_AdmnUsrConfig('0', '0', 0, '', '', '', 0, 0, '','','', '', 
            1, '', 10, '0', 
            0, '', 'DESC', 'GETALL')  
[2023-06-06 10:44:47] AdmnUsrModel.INFO: Admin User List Avaliable User list count : 10  
[2023-06-06 10:44:47] AdmnUsrsRepository.INFO: ======= End AdmnUsrs Repository ================  
[2023-06-06 10:45:15] AdmnUsrsRepository.INFO: ======= Start AdmnUsrs Repository ================  
[2023-06-06 10:45:15] AdmnUsrsRepository.INFO: Input Data : {"decoded":{"sub":"1","id":"1","userName":"super admin","userGroup":"1","email":"superadmin@example.com","iat":1686026828,"exp":1686113228}}  
[2023-06-06 10:45:15] AdmnUsrModel.INFO: Query : CALL SP_AdmnUsrConfig('0', '0', 0, '', '', '', 0, 0, '','','', '', 
            1, '', 10, '0', 
            0, '', 'DESC', 'GETALL')  
[2023-06-06 10:45:15] AdmnUsrModel.INFO: Admin User List Avaliable User list count : 10  
[2023-06-06 10:45:15] AdmnUsrsRepository.INFO: ======= End AdmnUsrs Repository ================  
[2023-06-06 10:46:49] AdmnUsrsRepository.INFO: ======= Start AdmnUsrs Repository ================  
[2023-06-06 10:46:49] AdmnUsrsRepository.INFO: Input Data : {"decoded":{"sub":"1","id":"1","userName":"super admin","userGroup":"1","email":"superadmin@example.com","iat":1686026828,"exp":1686113228}}  
[2023-06-06 10:46:49] AdmnUsrModel.INFO: Query : CALL SP_AdmnUsrConfig('0', '0', 0, '', '', '', 0, 0, '','','', '', 
            1, '', 10, '0', 
            0, '', 'DESC', 'GETALL')  
[2023-06-06 10:46:49] AdmnUsrModel.INFO: Admin User List Avaliable User list count : 10  
[2023-06-06 10:46:49] AdmnUsrsRepository.INFO: ======= End AdmnUsrs Repository ================  
[2023-06-06 10:46:53] AdmnUsrModel.INFO: Query : CALL SP_AdmnUsrConfig('', '', 10, '', '', '', 0, 0, '','','','',
            1, '', 0, '', 0, '', '', 'ACTIVEORDEACTIVE')  
[2023-06-06 10:46:53] AdmnUsrModel.INFO: Update Return : {"ErrorCode":"00","Result":"User Activated Successfully"}  
[2023-06-06 10:46:53] AdmnUsrsRepository.INFO: ======= Start AdmnUsrs Repository ================  
[2023-06-06 10:46:53] AdmnUsrsRepository.INFO: Input Data : {"decoded":{"sub":"1","id":"1","userName":"super admin","userGroup":"1","email":"superadmin@example.com","iat":1686026828,"exp":1686113228}}  
[2023-06-06 10:46:53] AdmnUsrModel.INFO: Query : CALL SP_AdmnUsrConfig('0', '0', 0, '', '', '', 0, 0, '','','', '', 
            1, '', 10, '0', 
            0, '', 'DESC', 'GETALL')  
[2023-06-06 10:46:53] AdmnUsrModel.INFO: Admin User List Avaliable User list count : 10  
[2023-06-06 10:46:53] AdmnUsrsRepository.INFO: ======= End AdmnUsrs Repository ================  
[2023-06-06 10:47:49] AdmnUsrsRepository.INFO: ======= Start AdmnUsrs Repository ================  
[2023-06-06 10:47:49] AdmnUsrsRepository.INFO: Input Data : {"decoded":{"sub":"1","id":"1","userName":"super admin","userGroup":"1","email":"superadmin@example.com","iat":1686026828,"exp":1686113228}}  
[2023-06-06 10:47:49] AdmnUsrModel.INFO: Query : CALL SP_AdmnUsrConfig('0', '0', 0, '', '', '', 0, 0, '','','', '', 
            1, '', 10, '0', 
            0, '', 'DESC', 'GETALL')  
[2023-06-06 10:47:49] AdmnUsrModel.INFO: Admin User List Avaliable User list count : 10  
[2023-06-06 10:47:49] AdmnUsrsRepository.INFO: ======= End AdmnUsrs Repository ================  
[2023-06-06 10:50:02] AdmnUsrsRepository.INFO: ======= Start AdmnUsrs Repository ================  
[2023-06-06 10:50:02] AdmnUsrsRepository.INFO: Input Data : {"decoded":{"sub":"1","id":"1","userName":"super admin","userGroup":"1","email":"superadmin@example.com","iat":1686026828,"exp":1686113228}}  
[2023-06-06 10:50:02] AdmnUsrModel.INFO: Query : CALL SP_AdmnUsrConfig('0', '0', 0, '', '', '', 0, 0, '','','', '', 
            1, '', 10, '0', 
            0, '', 'DESC', 'GETALL')  
[2023-06-06 10:50:02] AdmnUsrModel.INFO: Admin User List Avaliable User list count : 10  
[2023-06-06 10:50:02] AdmnUsrsRepository.INFO: ======= End AdmnUsrs Repository ================  
[2023-06-06 10:50:05] AdmnUsrsRepository.INFO: ======= Start AdmnUsrs Repository ================  
[2023-06-06 10:50:05] AdmnUsrModel.INFO: Query : CALL SP_AdmnUsrConfig('0', '0', 10, '', '', '', 0, 0, '','','', '', 
            1, '', 0, '', 0, '', '', 'GETONE')  
[2023-06-06 10:50:05] AdmnUsrsRepository.INFO: ======= End AdmnUsrs Repository ================  
[2023-06-06 10:50:39] AdmnUsrsRepository.INFO: ======= Start AdmnUsrs Repository ================  
[2023-06-06 10:50:39] AdmnUsrsRepository.INFO: Input Data : {"userName":"micro","email":"krishna.g@microsensenetworks.com","groupId":"29","timeZone":"Africa\/Algiers","mobileNo":"123456789123456","designation":"software","adminStatus":"1","decoded":{"sub":"1","id":"1","userName":"super admin","userGroup":"1","email":"superadmin@example.com","iat":1686026828,"exp":1686113228}}  
[2023-06-06 10:50:39] AdmnUsrModel.INFO: Query : CALL SP_AdmnUsrConfig('0', '0', 10, 'micro', 
            '', 'krishna.g@microsensenetworks.com', 29,1,'Africa/Algiers','123456789123456', 'software', '', 1, '', 0, '', 0, '', '', 'UPDATE')  
[2023-06-06 10:50:39] AdmnUsrModel.INFO: Insert Return : {"ErrorCode":"00","Result":"SUCCESS"}  
[2023-06-06 10:50:39] AdmnUsrsRepository.INFO: Insert Status : SUCCESS  
[2023-06-06 10:50:39] AdmnUsrsRepository.INFO: ======= End AdmnUsrs Repository ================  
[2023-06-06 10:50:39] AdmnUsrsRepository.INFO: ======= Start AdmnUsrs Repository ================  
[2023-06-06 10:50:39] AdmnUsrsRepository.INFO: Input Data : {"decoded":{"sub":"1","id":"1","userName":"super admin","userGroup":"1","email":"superadmin@example.com","iat":1686026828,"exp":1686113228}}  
[2023-06-06 10:50:39] AdmnUsrModel.INFO: Query : CALL SP_AdmnUsrConfig('0', '0', 0, '', '', '', 0, 0, '','','', '', 
            1, '', 10, '0', 
            0, '', 'DESC', 'GETALL')  
[2023-06-06 10:50:39] AdmnUsrModel.INFO: Admin User List Avaliable User list count : 10  
[2023-06-06 10:50:39] AdmnUsrsRepository.INFO: ======= End AdmnUsrs Repository ================  
[2023-06-06 10:50:42] AdmnUsrsRepository.INFO: ======= Start AdmnUsrs Repository ================  
[2023-06-06 10:50:42] AdmnUsrModel.INFO: Query : CALL SP_AdmnUsrConfig('0', '0', 7, '', '', '', 0, 0, '','','', '', 
            1, '', 0, '', 0, '', '', 'GETONE')  
[2023-06-06 10:50:42] AdmnUsrsRepository.INFO: ======= End AdmnUsrs Repository ================  
[2023-06-06 10:50:54] AdmnUsrsRepository.INFO: ======= Start AdmnUsrs Repository ================  
[2023-06-06 10:50:54] AdmnUsrsRepository.INFO: Input Data : {"decoded":{"sub":"1","id":"1","userName":"super admin","userGroup":"1","email":"superadmin@example.com","iat":1686026828,"exp":1686113228}}  
[2023-06-06 10:50:54] AdmnUsrModel.INFO: Query : CALL SP_AdmnUsrConfig('0', '0', 0, '', '', '', 0, 0, '','','', '', 
            1, '', 10, '0', 
            0, '', 'DESC', 'GETALL')  
[2023-06-06 10:50:54] AdmnUsrModel.INFO: Admin User List Avaliable User list count : 10  
[2023-06-06 10:50:54] AdmnUsrsRepository.INFO: ======= End AdmnUsrs Repository ================  
[2023-06-06 10:51:58] AdmnUsrsRepository.INFO: ======= Start AdmnUsrs Repository ================  
[2023-06-06 10:51:58] AdmnUsrsRepository.INFO: Input Data : {"decoded":{"sub":"1","id":"1","userName":"super admin","userGroup":"1","email":"superadmin@example.com","iat":1686026828,"exp":1686113228}}  
[2023-06-06 10:51:58] AdmnUsrModel.INFO: Query : CALL SP_AdmnUsrConfig('0', '0', 0, '', '', '', 0, 0, '','','', '', 
            1, '', 10, '0', 
            0, '', 'DESC', 'GETALL')  
[2023-06-06 10:51:58] AdmnUsrModel.INFO: Admin User List Avaliable User list count : 10  
[2023-06-06 10:51:58] AdmnUsrsRepository.INFO: ======= End AdmnUsrs Repository ================  
[2023-06-06 10:52:01] AdmnUsrsRepository.INFO: ======= Start AdmnUsrs Repository ================  
[2023-06-06 10:52:01] AdmnUsrModel.INFO: Query : CALL SP_AdmnUsrConfig('0', '0', 10, '', '', '', 0, 0, '','','', '', 
            1, '', 0, '', 0, '', '', 'GETONE')  
[2023-06-06 10:52:01] AdmnUsrsRepository.INFO: ======= End AdmnUsrs Repository ================  
[2023-06-06 10:54:13] AdmnUsrModel.INFO: Query : CALL SP_AdmnUsrConfig('', '', 10, '', '', '', 0, 0, '','','','',
            1, '', 0, '', 0, '', '', 'ACTIVEORDEACTIVE')  
[2023-06-06 10:54:13] AdmnUsrModel.INFO: Update Return : {"ErrorCode":"00","Result":"User Deactivated Successfully"}  
[2023-06-06 10:54:14] AdmnUsrsRepository.INFO: ======= Start AdmnUsrs Repository ================  
[2023-06-06 10:54:14] AdmnUsrsRepository.INFO: Input Data : {"decoded":{"sub":"1","id":"1","userName":"super admin","userGroup":"1","email":"superadmin@example.com","iat":1686026828,"exp":1686113228}}  
[2023-06-06 10:54:14] AdmnUsrModel.INFO: Query : CALL SP_AdmnUsrConfig('0', '0', 0, '', '', '', 0, 0, '','','', '', 
            1, '', 10, '0', 
            0, '', 'DESC', 'GETALL')  
[2023-06-06 10:54:14] AdmnUsrModel.INFO: Admin User List Avaliable User list count : 10  
[2023-06-06 10:54:14] AdmnUsrsRepository.INFO: ======= End AdmnUsrs Repository ================  
[2023-06-06 10:54:16] AdmnUsrModel.INFO: Query : CALL SP_AdmnUsrConfig('', '', 10, '', '', '', 0, 0, '','','','',
            1, '', 0, '', 0, '', '', 'ACTIVEORDEACTIVE')  
[2023-06-06 10:54:16] AdmnUsrModel.INFO: Update Return : {"ErrorCode":"00","Result":"User Activated Successfully"}  
[2023-06-06 10:54:16] AdmnUsrsRepository.INFO: ======= Start AdmnUsrs Repository ================  
[2023-06-06 10:54:16] AdmnUsrsRepository.INFO: Input Data : {"decoded":{"sub":"1","id":"1","userName":"super admin","userGroup":"1","email":"superadmin@example.com","iat":1686026828,"exp":1686113228}}  
[2023-06-06 10:54:16] AdmnUsrModel.INFO: Query : CALL SP_AdmnUsrConfig('0', '0', 0, '', '', '', 0, 0, '','','', '', 
            1, '', 10, '0', 
            0, '', 'DESC', 'GETALL')  
[2023-06-06 10:54:16] AdmnUsrModel.INFO: Admin User List Avaliable User list count : 10  
[2023-06-06 10:54:16] AdmnUsrsRepository.INFO: ======= End AdmnUsrs Repository ================  
[2023-06-06 10:58:14] AdmnUsrsRepository.INFO: ======= Start AdmnUsrs Repository ================  
[2023-06-06 10:58:14] AdmnUsrsRepository.INFO: Input Data : {"decoded":{"sub":"1","id":"1","userName":"super admin","userGroup":"1","email":"superadmin@example.com","iat":1686026828,"exp":1686113228}}  
[2023-06-06 10:58:14] AdmnUsrModel.INFO: Query : CALL SP_AdmnUsrConfig('0', '0', 0, '', '', '', 0, 0, '','','', '', 
            1, '', 10, '0', 
            0, '', 'DESC', 'GETALL')  
[2023-06-06 10:58:14] AdmnUsrModel.INFO: Admin User List Avaliable User list count : 10  
[2023-06-06 10:58:14] AdmnUsrsRepository.INFO: ======= End AdmnUsrs Repository ================  
[2023-06-06 10:58:57] AdmnUsrsRepository.INFO: ======= Start AdmnUsrs Repository ================  
[2023-06-06 10:58:57] AdmnUsrsRepository.INFO: Input Data : {"decoded":{"sub":"1","id":"1","userName":"super admin","userGroup":"1","email":"superadmin@example.com","iat":1686026828,"exp":1686113228}}  
[2023-06-06 10:58:57] AdmnUsrModel.INFO: Query : CALL SP_AdmnUsrConfig('0', '0', 0, '', '', '', 0, 0, '','','', '', 
            1, '', 10, '0', 
            0, '', 'DESC', 'GETALL')  
[2023-06-06 10:58:57] AdmnUsrModel.INFO: Admin User List Avaliable User list count : 10  
[2023-06-06 10:58:57] AdmnUsrsRepository.INFO: ======= End AdmnUsrs Repository ================  
[2023-06-06 10:59:01] AdmnUsrModel.INFO: Query : CALL SP_AdmnUsrConfig('', '', 9, '', '', '', 0, 0, '','','','',
            1, '', 0, '', 0, '', '', 'ACTIVEORDEACTIVE')  
[2023-06-06 10:59:01] AdmnUsrModel.INFO: Update Return : {"ErrorCode":"00","Result":"User Activated Successfully"}  
[2023-06-06 10:59:01] AdmnUsrsRepository.INFO: ======= Start AdmnUsrs Repository ================  
[2023-06-06 10:59:01] AdmnUsrsRepository.INFO: Input Data : {"decoded":{"sub":"1","id":"1","userName":"super admin","userGroup":"1","email":"superadmin@example.com","iat":1686026828,"exp":1686113228}}  
[2023-06-06 10:59:01] AdmnUsrModel.INFO: Query : CALL SP_AdmnUsrConfig('0', '0', 0, '', '', '', 0, 0, '','','', '', 
            1, '', 10, '0', 
            0, '', 'DESC', 'GETALL')  
[2023-06-06 10:59:01] AdmnUsrModel.INFO: Admin User List Avaliable User list count : 10  
[2023-06-06 10:59:01] AdmnUsrsRepository.INFO: ======= End AdmnUsrs Repository ================  
[2023-06-06 10:59:04] AdmnUsrsRepository.INFO: ======= Start AdmnUsrs Repository ================  
[2023-06-06 10:59:04] AdmnUsrModel.INFO: Query : CALL SP_AdmnUsrConfig('0', '0', 10, '', '', '', 0, 0, '','','', '', 
            1, '', 0, '', 0, '', '', 'GETONE')  
[2023-06-06 10:59:04] AdmnUsrsRepository.INFO: ======= End AdmnUsrs Repository ================  
[2023-06-06 10:59:07] AdmnUsrsRepository.INFO: ======= Start AdmnUsrs Repository ================  
[2023-06-06 10:59:07] AdmnUsrModel.INFO: Query : CALL SP_AdmnUsrConfig('0', '0', 8, '', '', '', 0, 0, '','','', '', 
            1, '', 0, '', 0, '', '', 'GETONE')  
[2023-06-06 10:59:07] AdmnUsrsRepository.INFO: ======= End AdmnUsrs Repository ================  
[2023-06-06 10:59:09] AdmnUsrsRepository.INFO: ======= Start AdmnUsrs Repository ================  
[2023-06-06 10:59:09] AdmnUsrModel.INFO: Query : CALL SP_AdmnUsrConfig('0', '0', 9, '', '', '', 0, 0, '','','', '', 
            1, '', 0, '', 0, '', '', 'GETONE')  
[2023-06-06 10:59:09] AdmnUsrsRepository.INFO: ======= End AdmnUsrs Repository ================  
[2023-06-06 10:59:12] AdmnUsrsRepository.INFO: ======= Start AdmnUsrs Repository ================  
[2023-06-06 10:59:12] AdmnUsrsRepository.INFO: Input Data : {"userName":"frt","email":"q@e.uhj","groupId":"24","timeZone":"Africa\/Algiers","mobileNo":"342343","designation":"rtrt","adminStatus":"0","decoded":{"sub":"1","id":"1","userName":"super admin","userGroup":"1","email":"superadmin@example.com","iat":1686026828,"exp":1686113228}}  
[2023-06-06 10:59:12] AdmnUsrModel.INFO: Query : CALL SP_AdmnUsrConfig('0', '0', 9, 'frt', 
            '', 'q@e.uhj', 24,0,'Africa/Algiers','342343', 'rtrt', '', 1, '', 0, '', 0, '', '', 'UPDATE')  
[2023-06-06 10:59:12] AdmnUsrModel.INFO: Insert Return : {"ErrorCode":"00","Result":"SUCCESS"}  
[2023-06-06 10:59:12] AdmnUsrsRepository.INFO: Insert Status : SUCCESS  
[2023-06-06 10:59:12] AdmnUsrsRepository.INFO: ======= End AdmnUsrs Repository ================  
[2023-06-06 10:59:12] AdmnUsrsRepository.INFO: ======= Start AdmnUsrs Repository ================  
[2023-06-06 10:59:12] AdmnUsrsRepository.INFO: Input Data : {"decoded":{"sub":"1","id":"1","userName":"super admin","userGroup":"1","email":"superadmin@example.com","iat":1686026828,"exp":1686113228}}  
[2023-06-06 10:59:12] AdmnUsrModel.INFO: Query : CALL SP_AdmnUsrConfig('0', '0', 0, '', '', '', 0, 0, '','','', '', 
            1, '', 10, '0', 
            0, '', 'DESC', 'GETALL')  
[2023-06-06 10:59:12] AdmnUsrModel.INFO: Admin User List Avaliable User list count : 10  
[2023-06-06 10:59:12] AdmnUsrsRepository.INFO: ======= End AdmnUsrs Repository ================  
[2023-06-06 10:59:18] AdmnUsrsRepository.INFO: ======= Start AdmnUsrs Repository ================  
[2023-06-06 10:59:18] AdmnUsrModel.INFO: Query : CALL SP_AdmnUsrConfig('0', '0', 7, '', '', '', 0, 0, '','','', '', 
            1, '', 0, '', 0, '', '', 'GETONE')  
[2023-06-06 10:59:18] AdmnUsrsRepository.INFO: ======= End AdmnUsrs Repository ================  
[2023-06-06 11:08:56] AdmnUsrsRepository.INFO: ======= Start AdmnUsrs Repository ================  
[2023-06-06 11:08:56] AdmnUsrsRepository.INFO: Input Data : {"decoded":{"sub":"1","id":"1","userName":"super admin","userGroup":"1","email":"superadmin@example.com","iat":1686026828,"exp":1686113228}}  
[2023-06-06 11:08:56] AdmnUsrModel.INFO: Query : CALL SP_AdmnUsrConfig('0', '0', 0, '', '', '', 0, 0, '','','', '', 
            1, '', 10, '0', 
            0, '', 'DESC', 'GETALL')  
[2023-06-06 11:08:56] AdmnUsrModel.INFO: Admin User List Avaliable User list count : 10  
[2023-06-06 11:08:56] AdmnUsrsRepository.INFO: ======= End AdmnUsrs Repository ================  
[2023-06-06 11:09:11] AdmnUsrsRepository.INFO: ======= Start AdmnUsrs Repository ================  
[2023-06-06 11:09:11] AdmnUsrsRepository.INFO: Input Data : {"decoded":{"sub":"1","id":"1","userName":"super admin","userGroup":"1","email":"superadmin@example.com","iat":1686026828,"exp":1686113228}}  
[2023-06-06 11:09:11] AdmnUsrModel.INFO: Query : CALL SP_AdmnUsrConfig('0', '0', 0, '', '', '', 0, 0, '','','', '', 
            1, '', 10, '0', 
            0, '', 'DESC', 'GETALL')  
[2023-06-06 11:09:11] AdmnUsrModel.INFO: Admin User List Avaliable User list count : 10  
[2023-06-06 11:09:11] AdmnUsrsRepository.INFO: ======= End AdmnUsrs Repository ================  
[2023-06-06 11:10:14] AdmnUsrsRepository.INFO: ======= Start AdmnUsrs Repository ================  
[2023-06-06 11:10:14] AdmnUsrsRepository.INFO: Input Data : {"decoded":{"sub":"1","id":"1","userName":"super admin","userGroup":"1","email":"superadmin@example.com","iat":1686026828,"exp":1686113228}}  
[2023-06-06 11:10:14] AdmnUsrModel.INFO: Query : CALL SP_AdmnUsrConfig('0', '0', 0, '', '', '', 0, 0, '','','', '', 
            1, '', 10, '0', 
            0, '', 'DESC', 'GETALL')  
[2023-06-06 11:10:14] AdmnUsrModel.INFO: Admin User List Avaliable User list count : 10  
[2023-06-06 11:10:14] AdmnUsrsRepository.INFO: ======= End AdmnUsrs Repository ================  
[2023-06-06 11:10:31] AdmnUsrsRepository.INFO: ======= Start AdmnUsrs Repository ================  
[2023-06-06 11:10:31] AdmnUsrsRepository.INFO: Input Data : {"decoded":{"sub":"1","id":"1","userName":"super admin","userGroup":"1","email":"superadmin@example.com","iat":1686026828,"exp":1686113228}}  
[2023-06-06 11:10:31] AdmnUsrModel.INFO: Query : CALL SP_AdmnUsrConfig('0', '0', 0, '', '', '', 0, 0, '','','', '', 
            1, '', 10, '0', 
            0, '', 'DESC', 'GETALL')  
[2023-06-06 11:10:31] AdmnUsrModel.INFO: Admin User List Avaliable User list count : 10  
[2023-06-06 11:10:31] AdmnUsrsRepository.INFO: ======= End AdmnUsrs Repository ================  
[2023-06-06 11:11:06] AdmnUsrsRepository.INFO: ======= Start AdmnUsrs Repository ================  
[2023-06-06 11:11:06] AdmnUsrsRepository.INFO: Input Data : {"decoded":{"sub":"1","id":"1","userName":"super admin","userGroup":"1","email":"superadmin@example.com","iat":1686026828,"exp":1686113228}}  
[2023-06-06 11:11:06] AdmnUsrModel.INFO: Query : CALL SP_AdmnUsrConfig('0', '0', 0, '', '', '', 0, 0, '','','', '', 
            1, '', 10, '0', 
            0, '', 'DESC', 'GETALL')  
[2023-06-06 11:11:06] AdmnUsrModel.INFO: Admin User List Avaliable User list count : 10  
[2023-06-06 11:11:06] AdmnUsrsRepository.INFO: ======= End AdmnUsrs Repository ================  
[2023-06-06 11:11:41] AdmnUsrsRepository.INFO: ======= Start AdmnUsrs Repository ================  
[2023-06-06 11:11:41] AdmnUsrsRepository.INFO: Input Data : {"decoded":{"sub":"1","id":"1","userName":"super admin","userGroup":"1","email":"superadmin@example.com","iat":1686026828,"exp":1686113228}}  
[2023-06-06 11:11:41] AdmnUsrModel.INFO: Query : CALL SP_AdmnUsrConfig('0', '0', 0, '', '', '', 0, 0, '','','', '', 
            1, '', 10, '0', 
            0, '', 'DESC', 'GETALL')  
[2023-06-06 11:11:41] AdmnUsrModel.INFO: Admin User List Avaliable User list count : 10  
[2023-06-06 11:11:41] AdmnUsrsRepository.INFO: ======= End AdmnUsrs Repository ================  
[2023-06-06 11:11:53] AdmnUsrsRepository.INFO: ======= Start AdmnUsrs Repository ================  
[2023-06-06 11:11:53] AdmnUsrsRepository.INFO: Input Data : {"decoded":{"sub":"1","id":"1","userName":"super admin","userGroup":"1","email":"superadmin@example.com","iat":1686026828,"exp":1686113228}}  
[2023-06-06 11:11:53] AdmnUsrModel.INFO: Query : CALL SP_AdmnUsrConfig('0', '0', 0, '', '', '', 0, 0, '','','', '', 
            1, '', 10, '0', 
            0, '', 'DESC', 'GETALL')  
[2023-06-06 11:11:53] AdmnUsrModel.INFO: Admin User List Avaliable User list count : 10  
[2023-06-06 11:11:53] AdmnUsrsRepository.INFO: ======= End AdmnUsrs Repository ================  
[2023-06-06 11:12:07] AdmnUsrsRepository.INFO: ======= Start AdmnUsrs Repository ================  
[2023-06-06 11:12:07] AdmnUsrsRepository.INFO: Input Data : {"decoded":{"sub":"1","id":"1","userName":"super admin","userGroup":"1","email":"superadmin@example.com","iat":1686026828,"exp":1686113228}}  
[2023-06-06 11:12:07] AdmnUsrModel.INFO: Query : CALL SP_AdmnUsrConfig('0', '0', 0, '', '', '', 0, 0, '','','', '', 
            1, '', 10, '0', 
            0, '', 'DESC', 'GETALL')  
[2023-06-06 11:12:07] AdmnUsrModel.INFO: Admin User List Avaliable User list count : 10  
[2023-06-06 11:12:07] AdmnUsrsRepository.INFO: ======= End AdmnUsrs Repository ================  
[2023-06-06 11:12:22] AdmnUsrsRepository.INFO: ======= Start AdmnUsrs Repository ================  
[2023-06-06 11:12:22] AdmnUsrsRepository.INFO: Input Data : {"decoded":{"sub":"1","id":"1","userName":"super admin","userGroup":"1","email":"superadmin@example.com","iat":1686026828,"exp":1686113228}}  
[2023-06-06 11:12:22] AdmnUsrModel.INFO: Query : CALL SP_AdmnUsrConfig('0', '0', 0, '', '', '', 0, 0, '','','', '', 
            1, '', 10, '0', 
            0, '', 'DESC', 'GETALL')  
[2023-06-06 11:12:22] AdmnUsrModel.INFO: Admin User List Avaliable User list count : 10  
[2023-06-06 11:12:22] AdmnUsrsRepository.INFO: ======= End AdmnUsrs Repository ================  
[2023-06-06 11:12:28] AdmnUsrsRepository.INFO: ======= Start AdmnUsrs Repository ================  
[2023-06-06 11:12:28] AdmnUsrsRepository.INFO: Input Data : {"decoded":{"sub":"1","id":"1","userName":"super admin","userGroup":"1","email":"superadmin@example.com","iat":1686026828,"exp":1686113228}}  
[2023-06-06 11:12:28] AdmnUsrModel.INFO: Query : CALL SP_AdmnUsrConfig('0', '0', 0, '', '', '', 0, 0, '','','', '', 
            1, '', 10, '0', 
            0, '', 'DESC', 'GETALL')  
[2023-06-06 11:12:28] AdmnUsrModel.INFO: Admin User List Avaliable User list count : 10  
[2023-06-06 11:12:28] AdmnUsrsRepository.INFO: ======= End AdmnUsrs Repository ================  
[2023-06-06 11:12:43] AdmnUsrsRepository.INFO: ======= Start AdmnUsrs Repository ================  
[2023-06-06 11:12:43] AdmnUsrsRepository.INFO: Input Data : {"decoded":{"sub":"1","id":"1","userName":"super admin","userGroup":"1","email":"superadmin@example.com","iat":1686026828,"exp":1686113228}}  
[2023-06-06 11:12:43] AdmnUsrModel.INFO: Query : CALL SP_AdmnUsrConfig('0', '0', 0, '', '', '', 0, 0, '','','', '', 
            1, '', 10, '0', 
            0, '', 'DESC', 'GETALL')  
[2023-06-06 11:12:43] AdmnUsrModel.INFO: Admin User List Avaliable User list count : 10  
[2023-06-06 11:12:43] AdmnUsrsRepository.INFO: ======= End AdmnUsrs Repository ================  
[2023-06-06 11:12:47] AdmnUsrsRepository.INFO: ======= Start AdmnUsrs Repository ================  
[2023-06-06 11:12:47] AdmnUsrsRepository.INFO: Input Data : {"decoded":{"sub":"1","id":"1","userName":"super admin","userGroup":"1","email":"superadmin@example.com","iat":1686026828,"exp":1686113228}}  
[2023-06-06 11:12:47] AdmnUsrModel.INFO: Query : CALL SP_AdmnUsrConfig('0', '0', 0, '', '', '', 0, 0, '','','', '', 
            1, '', 10, '0', 
            0, '', 'DESC', 'GETALL')  
[2023-06-06 11:12:47] AdmnUsrModel.INFO: Admin User List Avaliable User list count : 10  
[2023-06-06 11:12:47] AdmnUsrsRepository.INFO: ======= End AdmnUsrs Repository ================  
[2023-06-06 11:13:50] AdmnUsrsRepository.INFO: ======= Start AdmnUsrs Repository ================  
[2023-06-06 11:13:50] AdmnUsrsRepository.INFO: Input Data : {"decoded":{"sub":"1","id":"1","userName":"super admin","userGroup":"1","email":"superadmin@example.com","iat":1686026828,"exp":1686113228}}  
[2023-06-06 11:13:50] AdmnUsrModel.INFO: Query : CALL SP_AdmnUsrConfig('0', '0', 0, '', '', '', 0, 0, '','','', '', 
            1, '', 10, '0', 
            0, '', 'DESC', 'GETALL')  
[2023-06-06 11:13:50] AdmnUsrModel.INFO: Admin User List Avaliable User list count : 10  
[2023-06-06 11:13:50] AdmnUsrsRepository.INFO: ======= End AdmnUsrs Repository ================  
[2023-06-06 11:14:00] AdmnUsrsRepository.INFO: ======= Start AdmnUsrs Repository ================  
[2023-06-06 11:14:00] AdmnUsrsRepository.INFO: Input Data : {"decoded":{"sub":"1","id":"1","userName":"super admin","userGroup":"1","email":"superadmin@example.com","iat":1686026828,"exp":1686113228}}  
[2023-06-06 11:14:00] AdmnUsrModel.INFO: Query : CALL SP_AdmnUsrConfig('0', '0', 0, '', '', '', 0, 0, '','','', '', 
            1, '', 10, '0', 
            0, '', 'DESC', 'GETALL')  
[2023-06-06 11:14:00] AdmnUsrModel.INFO: Admin User List Avaliable User list count : 10  
[2023-06-06 11:14:00] AdmnUsrsRepository.INFO: ======= End AdmnUsrs Repository ================  
[2023-06-06 11:14:04] AdmnUsrsRepository.INFO: ======= Start AdmnUsrs Repository ================  
[2023-06-06 11:14:04] AdmnUsrsRepository.INFO: Input Data : {"decoded":{"sub":"1","id":"1","userName":"super admin","userGroup":"1","email":"superadmin@example.com","iat":1686026828,"exp":1686113228}}  
[2023-06-06 11:14:04] AdmnUsrModel.INFO: Query : CALL SP_AdmnUsrConfig('0', '0', 0, '', '', '', 0, 0, '','','', '', 
            1, '', 10, '0', 
            0, '', 'DESC', 'GETALL')  
[2023-06-06 11:14:04] AdmnUsrModel.INFO: Admin User List Avaliable User list count : 10  
[2023-06-06 11:14:04] AdmnUsrsRepository.INFO: ======= End AdmnUsrs Repository ================  
[2023-06-06 11:15:00] AdmnUsrsRepository.INFO: ======= Start AdmnUsrs Repository ================  
[2023-06-06 11:15:00] AdmnUsrsRepository.INFO: Input Data : {"decoded":{"sub":"1","id":"1","userName":"super admin","userGroup":"1","email":"superadmin@example.com","iat":1686026828,"exp":1686113228}}  
[2023-06-06 11:15:00] AdmnUsrModel.INFO: Query : CALL SP_AdmnUsrConfig('0', '0', 0, '', '', '', 0, 0, '','','', '', 
            1, '', 10, '0', 
            0, '', 'DESC', 'GETALL')  
[2023-06-06 11:15:00] AdmnUsrModel.INFO: Admin User List Avaliable User list count : 10  
[2023-06-06 11:15:00] AdmnUsrsRepository.INFO: ======= End AdmnUsrs Repository ================  
[2023-06-06 11:15:15] AdmnUsrsRepository.INFO: ======= Start AdmnUsrs Repository ================  
[2023-06-06 11:15:15] AdmnUsrsRepository.INFO: Input Data : {"decoded":{"sub":"1","id":"1","userName":"super admin","userGroup":"1","email":"superadmin@example.com","iat":1686026828,"exp":1686113228}}  
[2023-06-06 11:15:15] AdmnUsrModel.INFO: Query : CALL SP_AdmnUsrConfig('0', '0', 0, '', '', '', 0, 0, '','','', '', 
            1, '', 10, '0', 
            0, '', 'DESC', 'GETALL')  
[2023-06-06 11:15:15] AdmnUsrModel.INFO: Admin User List Avaliable User list count : 10  
[2023-06-06 11:15:15] AdmnUsrsRepository.INFO: ======= End AdmnUsrs Repository ================  
[2023-06-06 11:52:55] AdmnUsrsRepository.INFO: ======= Start AdmnUsrs Repository ================  
[2023-06-06 11:52:55] AdmnUsrsRepository.INFO: Input Data : {"decoded":{"sub":"1","id":"1","userName":"super admin","userGroup":"1","email":"superadmin@example.com","iat":1686026828,"exp":1686113228}}  
[2023-06-06 11:52:55] AdmnUsrModel.INFO: Query : CALL SP_AdmnUsrConfig('0', '0', 0, '', '', '', 0, 0, '','','', '', 
            1, '', 10, '0', 
            0, '', 'DESC', 'GETALL')  
[2023-06-06 11:52:55] AdmnUsrModel.INFO: Admin User List Avaliable User list count : 10  
[2023-06-06 11:52:55] AdmnUsrsRepository.INFO: ======= End AdmnUsrs Repository ================  
[2023-06-06 11:53:46] AdmnUsrsRepository.INFO: ======= Start AdmnUsrs Repository ================  
[2023-06-06 11:53:46] AdmnUsrsRepository.INFO: Input Data : {"decoded":{"sub":"1","id":"1","userName":"super admin","userGroup":"1","email":"superadmin@example.com","iat":1686026828,"exp":1686113228}}  
[2023-06-06 11:53:46] AdmnUsrModel.INFO: Query : CALL SP_AdmnUsrConfig('0', '0', 0, '', '', '', 0, 0, '','','', '', 
            1, '', 10, '0', 
            0, '', 'DESC', 'GETALL')  
[2023-06-06 11:53:46] AdmnUsrModel.INFO: Admin User List Avaliable User list count : 10  
[2023-06-06 11:53:46] AdmnUsrsRepository.INFO: ======= End AdmnUsrs Repository ================  
