[2023-06-06 10:51:08] AdmnUsrModel.INFO: Query : CALL SP_AdmnUsrConfig('', '', 0, '', '', 'krishna.g@microsensenetworks.com', 0, 0, '','','','',
            0, '', 0, '', 0, '', '', 'RESETUSEDETAIL')  
[2023-06-06 10:51:08] AdmnUsrModel.INFO: Query : CALL SP_AdmnUsrConfig('', '', 0, '', '', 'krishna.g@microsensenetworks.com', 0, 0, '','','','K2k4MXNoclhKTnJlUlpJV0taUGh2Zz09',
            0, '', 0, '', 0, '', '', 'RESETPASSWORD')  
[2023-06-06 10:51:08] AdmnUsrModel.INFO: Query : CALL SP_AdmnUsrConfig('', '', 0, '', '', 'krishna.g@microsensenetworks.com', 0, 0, '','','','',
            0, '', 0, '', 0, '', '', 'RESETUSEDETAIL')  
[2023-06-06 10:52:10] AdmnUsrModel.INFO: Query : CALL SP_AdmnUsrConfig('', '', 0, '', '', 'krishna.g@microsensenetworks.com', 0, 0, '','','','',
            0, '', 0, '', 0, '', '', 'RESETUSEDETAIL')  
[2023-06-06 10:52:10] AdmnUsrModel.INFO: Query : CALL SP_AdmnUsrConfig('', '', 0, '', '', 'krishna.g@microsensenetworks.com', 0, 0, '','','','WGNXMm0zQlRoUktpV2l0SWlGRFNZUT09',
            0, '', 0, '', 0, '', '', 'RESETPASSWORD')  
[2023-06-06 10:52:10] AdmnUsrModel.INFO: Query : CALL SP_AdmnUsrConfig('', '', 0, '', '', 'krishna.g@microsensenetworks.com', 0, 0, '','','','',
            0, '', 0, '', 0, '', '', 'RESETUSEDETAIL')  
[2023-06-06 10:53:46] AdmnUsrModel.INFO: Query : CALL SP_AdmnUsrConfig('', '', 0, '', '', 'krishna.g@microsensenetworks.com', 0, 0, '','','','',
            0, '', 0, '', 0, '', '', 'RESETUSEDETAIL')  
[2023-06-06 10:53:46] AdmnUsrModel.INFO: Query : CALL SP_AdmnUsrConfig('', '', 0, '', '', 'krishna.g@microsensenetworks.com', 0, 0, '','','','OHhpaGJvTkxkTExzcm9IL2pTT0RnQT09',
            0, '', 0, '', 0, '', '', 'RESETPASSWORD')  
[2023-06-06 10:53:46] AdmnUsrModel.INFO: Query : CALL SP_AdmnUsrConfig('', '', 0, '', '', 'krishna.g@microsensenetworks.com', 0, 0, '','','','',
            0, '', 0, '', 0, '', '', 'RESETUSEDETAIL')  
[2023-06-06 10:54:21] AdmnUsrModel.INFO: Query : CALL SP_AdmnUsrConfig('', '', 0, '', '', 'krishna.g@microsensenetworks.com', 0, 0, '','','','',
            0, '', 0, '', 0, '', '', 'RESETUSEDETAIL')  
[2023-06-06 10:54:22] AdmnUsrModel.INFO: Query : CALL SP_AdmnUsrConfig('', '', 0, '', '', 'krishna.g@microsensenetworks.com', 0, 0, '','','','eFJpMEttZVZkckU2ZkdEMUlPY2Fwdz09',
            0, '', 0, '', 0, '', '', 'RESETPASSWORD')  
[2023-06-06 10:54:22] AdmnUsrModel.INFO: Query : CALL SP_AdmnUsrConfig('', '', 0, '', '', 'krishna.g@microsensenetworks.com', 0, 0, '','','','',
            0, '', 0, '', 0, '', '', 'RESETUSEDETAIL')  
[2023-06-06 10:56:14] AdmnUsrModel.INFO: Query : CALL SP_AdmnUsrConfig('', '', 0, '', '', 'krishna.g@microsensenetworks.com', 0, 0, '','','','',
            0, '', 0, '', 0, '', '', 'RESETUSEDETAIL')  
[2023-06-06 10:56:14] AdmnUsrModel.INFO: Query : CALL SP_AdmnUsrConfig('', '', 0, '', '', 'krishna.g@microsensenetworks.com', 0, 0, '','','','ZTVZRXhPTmVHV3B4ZkJNbmxiV3JpUT09',
            0, '', 0, '', 0, '', '', 'RESETPASSWORD')  
[2023-06-06 10:56:14] AdmnUsrModel.INFO: Query : CALL SP_AdmnUsrConfig('', '', 0, '', '', 'krishna.g@microsensenetworks.com', 0, 0, '','','','',
            0, '', 0, '', 0, '', '', 'RESETUSEDETAIL')  
[2023-06-06 10:58:41] AdmnUsrModel.INFO: Query : CALL SP_AdmnUsrConfig('', '', 0, '', '', 'krishna.g@microsensenetworks.com', 0, 0, '','','','',
            0, '', 0, '', 0, '', '', 'RESETUSEDETAIL')  
[2023-06-06 10:58:41] AdmnUsrModel.INFO: Query : CALL SP_AdmnUsrConfig('', '', 0, '', '', 'krishna.g@microsensenetworks.com', 0, 0, '','','','STZSMmowNW5JVTJ5VzlpQko5WWhFZz09',
            0, '', 0, '', 0, '', '', 'RESETPASSWORD')  
[2023-06-06 10:58:41] AdmnUsrModel.INFO: Query : CALL SP_AdmnUsrConfig('', '', 0, '', '', 'krishna.g@microsensenetworks.com', 0, 0, '','','','',
            0, '', 0, '', 0, '', '', 'RESETUSEDETAIL')  
[2023-06-06 11:11:19] AdmnUsrModel.INFO: Query : CALL SP_AdmnUsrConfig('', '', 0, '', '', 'krishna.g@microsensenetworks.com', 0, 0, '','','','',
            0, '', 0, '', 0, '', '', 'RESETUSEDETAIL')  
[2023-06-06 11:11:19] AdmnUsrModel.INFO: Query : CALL SP_AdmnUsrConfig('', '', 0, '', '', 'krishna.g@microsensenetworks.com', 0, 0, '','','','dTNtN1R2dGw3U0QzanV6Smk5TnkwQT09',
            0, '', 0, '', 0, '', '', 'RESETPASSWORD')  
[2023-06-06 11:11:19] AdmnUsrModel.INFO: Query : CALL SP_AdmnUsrConfig('', '', 0, '', '', 'krishna.g@microsensenetworks.com', 0, 0, '','','','',
            0, '', 0, '', 0, '', '', 'RESETUSEDETAIL')  
[2023-06-06 11:12:54] AdmnUsrModel.INFO: Query : CALL SP_AdmnUsrConfig('', '', 0, '', '', 'krishna.g@microsensenetworks.com', 0, 0, '','','','',
            0, '', 0, '', 0, '', '', 'RESETUSEDETAIL')  
[2023-06-06 11:12:54] AdmnUsrModel.INFO: Query : CALL SP_AdmnUsrConfig('', '', 0, '', '', 'krishna.g@microsensenetworks.com', 0, 0, '','','','S0x4RjVtR0hYZGhOUWszYzUrZVZBZz09',
            0, '', 0, '', 0, '', '', 'RESETPASSWORD')  
[2023-06-06 11:12:54] AdmnUsrModel.INFO: Query : CALL SP_AdmnUsrConfig('', '', 0, '', '', 'krishna.g@microsensenetworks.com', 0, 0, '','','','',
            0, '', 0, '', 0, '', '', 'RESETUSEDETAIL')  
[2023-06-06 11:13:51] AdmnUsrModel.INFO: Query : CALL SP_AdmnUsrConfig('', '', 0, '', '', 'krishna.g@microsensenetworks.com', 0, 0, '','','','',
            0, '', 0, '', 0, '', '', 'RESETUSEDETAIL')  
[2023-06-06 11:13:51] AdmnUsrModel.INFO: Query : CALL SP_AdmnUsrConfig('', '', 0, '', '', 'krishna.g@microsensenetworks.com', 0, 0, '','','','cnEzQVd6UG9GWGszcmdKY3V0ZlQyZz09',
            0, '', 0, '', 0, '', '', 'RESETPASSWORD')  
[2023-06-06 11:13:51] AdmnUsrModel.INFO: Query : CALL SP_AdmnUsrConfig('', '', 0, '', '', 'krishna.g@microsensenetworks.com', 0, 0, '','','','',
            0, '', 0, '', 0, '', '', 'RESETUSEDETAIL')  
[2023-06-06 11:16:48] AdmnUsrModel.INFO: Query : CALL SP_AdmnUsrConfig('', '', 0, '', '', 'krishna.g@microsensenetworks.com', 0, 0, '','','','',
            0, '', 0, '', 0, '', '', 'RESETUSEDETAIL')  
[2023-06-06 11:16:48] AdmnUsrModel.INFO: Query : CALL SP_AdmnUsrConfig('', '', 0, '', '', 'krishna.g@microsensenetworks.com', 0, 0, '','','','WkdMZSt1VHlTMjlVajBUVENPdnFtZz09',
            0, '', 0, '', 0, '', '', 'RESETPASSWORD')  
[2023-06-06 11:16:48] AdmnUsrModel.INFO: Query : CALL SP_AdmnUsrConfig('', '', 0, '', '', 'krishna.g@microsensenetworks.com', 0, 0, '','','','',
            0, '', 0, '', 0, '', '', 'RESETUSEDETAIL')  
[2023-06-06 11:17:24] AdmnUsrModel.INFO: Query : CALL SP_AdmnUsrConfig('', '', 0, '', '', 'krishna.g@microsensenetworks.com', 0, 0, '','','','',
            0, '', 0, '', 0, '', '', 'RESETUSEDETAIL')  
[2023-06-06 11:17:24] AdmnUsrModel.INFO: Query : CALL SP_AdmnUsrConfig('', '', 0, '', '', 'krishna.g@microsensenetworks.com', 0, 0, '','','','Z3RsRGNPMlZkblB0RWplU0NTNE1Udz09',
            0, '', 0, '', 0, '', '', 'RESETPASSWORD')  
[2023-06-06 11:17:24] AdmnUsrModel.INFO: Query : CALL SP_AdmnUsrConfig('', '', 0, '', '', 'krishna.g@microsensenetworks.com', 0, 0, '','','','',
            0, '', 0, '', 0, '', '', 'RESETUSEDETAIL')  
[2023-06-06 11:52:57] AdmnUsrModel.INFO: Query : CALL SP_AdmnUsrConfig('', '', 0, '', '', 'krishna.g@microsensenetworks.com', 0, 0, '','','','',
            0, '', 0, '', 0, '', '', 'RESETUSEDETAIL')  
[2023-06-06 11:52:57] AdmnUsrModel.INFO: Query : CALL SP_AdmnUsrConfig('', '', 0, '', '', 'krishna.g@microsensenetworks.com', 0, 0, '','','','Y1FlVm4zVXhEL0kyd2lMUjFiZVNHdz09',
            0, '', 0, '', 0, '', '', 'RESETPASSWORD')  
[2023-06-06 11:52:57] AdmnUsrModel.INFO: Query : CALL SP_AdmnUsrConfig('', '', 0, '', '', 'krishna.g@microsensenetworks.com', 0, 0, '','','','',
            0, '', 0, '', 0, '', '', 'RESETUSEDETAIL')  
[2023-06-06 11:53:09] AdmnUsrModel.INFO: Query : CALL SP_AdmnUsrConfig('', '', 0, '', '', 'krishna.g@microsensenetworks.com', 0, 0, '','','','',
            0, '', 0, '', 0, '', '', 'RESETUSEDETAIL')  
[2023-06-06 11:53:09] AdmnUsrModel.INFO: Query : CALL SP_AdmnUsrConfig('', '', 0, '', '', 'krishna.g@microsensenetworks.com', 0, 0, '','','','WHl1bG8zM3p3b1RDTkNJd1Q4aDNQdz09',
            0, '', 0, '', 0, '', '', 'RESETPASSWORD')  
[2023-06-06 11:53:09] AdmnUsrModel.INFO: Query : CALL SP_AdmnUsrConfig('', '', 0, '', '', 'krishna.g@microsensenetworks.com', 0, 0, '','','','',
            0, '', 0, '', 0, '', '', 'RESETUSEDETAIL')  
[2023-06-06 11:54:15] AdmnUsrModel.INFO: Query : CALL SP_AdmnUsrConfig('', '', 0, '', '', 'krishna.g@microsensenetworks.com', 0, 0, '','','','',
            0, '', 0, '', 0, '', '', 'RESETUSEDETAIL')  
[2023-06-06 11:54:15] AdmnUsrModel.INFO: Query : CALL SP_AdmnUsrConfig('', '', 0, '', '', 'krishna.g@microsensenetworks.com', 0, 0, '','','','TWtMNkZ6aTVvV2Y2MTJ0Lzk1MWEydz09',
            0, '', 0, '', 0, '', '', 'RESETPASSWORD')  
[2023-06-06 11:54:15] AdmnUsrModel.INFO: Query : CALL SP_AdmnUsrConfig('', '', 0, '', '', 'krishna.g@microsensenetworks.com', 0, 0, '','','','',
            0, '', 0, '', 0, '', '', 'RESETUSEDETAIL')  
[2023-06-06 11:54:36] AdmnUsrModel.INFO: Query : CALL SP_AdmnUsrConfig('', '', 0, '', '', 'krishna.g@microsensenetworks.com', 0, 0, '','','','',
            0, '', 0, '', 0, '', '', 'RESETUSEDETAIL')  
[2023-06-06 11:54:36] AdmnUsrModel.INFO: Query : CALL SP_AdmnUsrConfig('', '', 0, '', '', 'krishna.g@microsensenetworks.com', 0, 0, '','','','K00wbklUZWdPNWVCbVkveDJXVTYwQT09',
            0, '', 0, '', 0, '', '', 'RESETPASSWORD')  
[2023-06-06 11:54:36] AdmnUsrModel.INFO: Query : CALL SP_AdmnUsrConfig('', '', 0, '', '', 'krishna.g@microsensenetworks.com', 0, 0, '','','','',
            0, '', 0, '', 0, '', '', 'RESETUSEDETAIL')  
[2023-06-06 11:55:47] AdmnUsrModel.INFO: Query : CALL SP_AdmnUsrConfig('', '', 0, '', '', 'krishna.g@microsensenetworks.com', 0, 0, '','','','',
            0, '', 0, '', 0, '', '', 'RESETUSEDETAIL')  
[2023-06-06 11:55:47] AdmnUsrModel.INFO: Query : CALL SP_AdmnUsrConfig('', '', 0, '', '', 'krishna.g@microsensenetworks.com', 0, 0, '','','','VmpMdTdEUng1alBhTDR4ODgwOEZvZz09',
            0, '', 0, '', 0, '', '', 'RESETPASSWORD')  
[2023-06-06 11:55:47] AdmnUsrModel.INFO: Query : CALL SP_AdmnUsrConfig('', '', 0, '', '', 'krishna.g@microsensenetworks.com', 0, 0, '','','','',
            0, '', 0, '', 0, '', '', 'RESETUSEDETAIL')  
[2023-06-06 11:56:16] AdmnUsrModel.INFO: Query : CALL SP_AdmnUsrConfig('', '', 0, '', '', 'krishna.g@microsensenetworks.com', 0, 0, '','','','',
            0, '', 0, '', 0, '', '', 'RESETUSEDETAIL')  
[2023-06-06 11:56:16] AdmnUsrModel.INFO: Query : CALL SP_AdmnUsrConfig('', '', 0, '', '', 'krishna.g@microsensenetworks.com', 0, 0, '','','','SzhZdVNrN201b3ZRZ2hzSUovemRRUT09',
            0, '', 0, '', 0, '', '', 'RESETPASSWORD')  
[2023-06-06 11:56:16] AdmnUsrModel.INFO: Query : CALL SP_AdmnUsrConfig('', '', 0, '', '', 'krishna.g@microsensenetworks.com', 0, 0, '','','','',
            0, '', 0, '', 0, '', '', 'RESETUSEDETAIL')  
