[2023-06-06 10:57:39] HotelAction.INFO: ======= Start Hotel Action (List) ================  
[2023-06-06 10:57:39] HotelAction.INFO: method : POST  
[2023-06-06 10:57:39] HotelAction.INFO: contentType : application/json  
[2023-06-06 10:57:39] HotelAction.INFO: Input Data : {"decoded":{"sub":"1","id":"1","userName":"super admin","userGroup":"1","email":"superadmin@example.com","iat":1686026828,"exp":1686113228}}  
[2023-06-06 10:57:39] HotelAction.INFO: ======= END Hotel Action (List) ================  
[2023-06-06 10:57:50] HotelAction.INFO: ======= Start Hotel Action (List) ================  
[2023-06-06 10:57:50] HotelAction.INFO: method : POST  
[2023-06-06 10:57:50] HotelAction.INFO: contentType : application/json  
[2023-06-06 10:57:50] HotelAction.INFO: Input Data : {"decoded":{"sub":"1","id":"1","userName":"super admin","userGroup":"1","email":"superadmin@example.com","iat":1686026828,"exp":1686113228}}  
[2023-06-06 10:57:50] HotelAction.INFO: ======= END Hotel Action (List) ================  
[2023-06-06 10:58:17] HotelAction.INFO: ======= Start Hotel Action (List) ================  
[2023-06-06 10:58:17] HotelAction.INFO: method : POST  
[2023-06-06 10:58:17] HotelAction.INFO: contentType : application/json  
[2023-06-06 10:58:17] HotelAction.INFO: Input Data : {"decoded":{"sub":"1","id":"1","userName":"super admin","userGroup":"1","email":"superadmin@example.com","iat":1686026828,"exp":1686113228}}  
[2023-06-06 10:58:17] HotelAction.INFO: ======= END Hotel Action (List) ================  
[2023-06-06 10:58:27] HotelAction.INFO: ======= Start Hotel Action (List) ================  
[2023-06-06 10:58:27] HotelAction.INFO: method : POST  
[2023-06-06 10:58:27] HotelAction.INFO: contentType : application/json  
[2023-06-06 10:58:27] HotelAction.INFO: Input Data : {"decoded":{"sub":"1","id":"1","userName":"super admin","userGroup":"1","email":"superadmin@example.com","iat":1686026828,"exp":1686113228}}  
[2023-06-06 10:58:27] HotelAction.INFO: ======= END Hotel Action (List) ================  
[2023-06-06 10:58:30] HotelAction.INFO: ======= Start Hotel Action (List) ================  
[2023-06-06 10:58:30] HotelAction.INFO: method : POST  
[2023-06-06 10:58:30] HotelAction.INFO: contentType : application/json  
[2023-06-06 10:58:30] HotelAction.INFO: Input Data : {"decoded":{"sub":"1","id":"1","userName":"super admin","userGroup":"1","email":"superadmin@example.com","iat":1686026828,"exp":1686113228}}  
[2023-06-06 10:58:30] HotelAction.INFO: ======= END Hotel Action (List) ================  
