[2023-06-06 10:24:44] AdmnUsrsAction.INFO: ======= Start AdmnUsrs Action (List) ================  
[2023-06-06 10:24:44] AdmnUsrsAction.INFO: method : POST  
[2023-06-06 10:24:44] AdmnUsrsAction.INFO: contentType : application/json  
[2023-06-06 10:24:44] AdmnUsrsAction.INFO: Input Data : {"decoded":{"sub":"1","id":"1","userName":"super admin","userGroup":"1","email":"superadmin@example.com","iat":1686026828,"exp":1686113228}}  
[2023-06-06 10:24:44] AdmnUsrsAction.INFO: ======= END AdmnUsrs Action (List) ================  
[2023-06-06 10:29:59] AdmnUsrsAction.INFO: ======= Start AdmnUsrs Action (List) ================  
[2023-06-06 10:29:59] AdmnUsrsAction.INFO: method : POST  
[2023-06-06 10:29:59] AdmnUsrsAction.INFO: contentType : application/json  
[2023-06-06 10:29:59] AdmnUsrsAction.INFO: Input Data : {"decoded":{"sub":"1","id":"1","userName":"super admin","userGroup":"1","email":"superadmin@example.com","iat":1686026828,"exp":1686113228}}  
[2023-06-06 10:29:59] AdmnUsrsAction.INFO: ======= END AdmnUsrs Action (List) ================  
[2023-06-06 10:31:03] AdmnUsrsAction.INFO: ======= Start AdmnUsrs Action (List) ================  
[2023-06-06 10:31:03] AdmnUsrsAction.INFO: method : POST  
[2023-06-06 10:31:03] AdmnUsrsAction.INFO: contentType : application/json  
[2023-06-06 10:31:03] AdmnUsrsAction.INFO: Input Data : {"decoded":{"sub":"1","id":"1","userName":"super admin","userGroup":"1","email":"superadmin@example.com","iat":1686026828,"exp":1686113228}}  
[2023-06-06 10:31:03] AdmnUsrsAction.INFO: ======= END AdmnUsrs Action (List) ================  
[2023-06-06 10:31:15] AdmnUsrsAction.INFO: ======= Start AdmnUsrs Action (List) ================  
[2023-06-06 10:31:15] AdmnUsrsAction.INFO: method : POST  
[2023-06-06 10:31:15] AdmnUsrsAction.INFO: contentType : application/json  
[2023-06-06 10:31:15] AdmnUsrsAction.INFO: Input Data : {"decoded":{"sub":"1","id":"1","userName":"super admin","userGroup":"1","email":"superadmin@example.com","iat":1686026828,"exp":1686113228}}  
[2023-06-06 10:31:15] AdmnUsrsAction.INFO: ======= END AdmnUsrs Action (List) ================  
[2023-06-06 10:31:34] AdmnUsrsAction.INFO: ======= Start AdmnUsrs Action (List) ================  
[2023-06-06 10:31:34] AdmnUsrsAction.INFO: method : POST  
[2023-06-06 10:31:34] AdmnUsrsAction.INFO: contentType : application/json  
[2023-06-06 10:31:34] AdmnUsrsAction.INFO: Input Data : {"decoded":{"sub":"1","id":"1","userName":"super admin","userGroup":"1","email":"superadmin@example.com","iat":1686026828,"exp":1686113228}}  
[2023-06-06 10:31:34] AdmnUsrsAction.INFO: ======= END AdmnUsrs Action (List) ================  
[2023-06-06 10:31:41] AdmnUsrsAction.INFO: ======= Start AdmnUsrs Action (List) ================  
[2023-06-06 10:31:41] AdmnUsrsAction.INFO: method : POST  
[2023-06-06 10:31:41] AdmnUsrsAction.INFO: contentType : application/json  
[2023-06-06 10:31:41] AdmnUsrsAction.INFO: Input Data : {"decoded":{"sub":"1","id":"1","userName":"super admin","userGroup":"1","email":"superadmin@example.com","iat":1686026828,"exp":1686113228}}  
[2023-06-06 10:31:41] AdmnUsrsAction.INFO: ======= END AdmnUsrs Action (List) ================  
[2023-06-06 10:32:06] AdmnUsrsAction.INFO: ======= Start AdmnUsrs Action (List) ================  
[2023-06-06 10:32:06] AdmnUsrsAction.INFO: method : POST  
[2023-06-06 10:32:06] AdmnUsrsAction.INFO: contentType : application/json  
[2023-06-06 10:32:06] AdmnUsrsAction.INFO: Input Data : {"decoded":{"sub":"1","id":"1","userName":"super admin","userGroup":"1","email":"superadmin@example.com","iat":1686026828,"exp":1686113228}}  
[2023-06-06 10:32:06] AdmnUsrsAction.INFO: ======= END AdmnUsrs Action (List) ================  
[2023-06-06 10:34:03] AdmnUsrsAction.INFO: ======= Start AdmnUsrs Action (List) ================  
[2023-06-06 10:34:03] AdmnUsrsAction.INFO: method : POST  
[2023-06-06 10:34:03] AdmnUsrsAction.INFO: contentType : application/json  
[2023-06-06 10:34:03] AdmnUsrsAction.INFO: Input Data : {"decoded":{"sub":"1","id":"1","userName":"super admin","userGroup":"1","email":"superadmin@example.com","iat":1686026828,"exp":1686113228}}  
[2023-06-06 10:34:03] AdmnUsrsAction.INFO: ======= END AdmnUsrs Action (List) ================  
[2023-06-06 10:34:22] AdmnUsrsAction.INFO: ======= Start AdmnUsrs Action (List) ================  
[2023-06-06 10:34:22] AdmnUsrsAction.INFO: method : POST  
[2023-06-06 10:34:22] AdmnUsrsAction.INFO: contentType : application/json  
[2023-06-06 10:34:22] AdmnUsrsAction.INFO: Input Data : {"decoded":{"sub":"1","id":"1","userName":"super admin","userGroup":"1","email":"superadmin@example.com","iat":1686026828,"exp":1686113228}}  
[2023-06-06 10:34:22] AdmnUsrsAction.INFO: ======= END AdmnUsrs Action (List) ================  
[2023-06-06 10:34:41] AdmnUsrsAction.INFO: ======= Start AdmnUsrs Action (List) ================  
[2023-06-06 10:34:41] AdmnUsrsAction.INFO: method : POST  
[2023-06-06 10:34:41] AdmnUsrsAction.INFO: contentType : application/json  
[2023-06-06 10:34:41] AdmnUsrsAction.INFO: Input Data : {"decoded":{"sub":"1","id":"1","userName":"super admin","userGroup":"1","email":"superadmin@example.com","iat":1686026828,"exp":1686113228}}  
[2023-06-06 10:34:41] AdmnUsrsAction.INFO: ======= END AdmnUsrs Action (List) ================  
[2023-06-06 10:35:17] AdmnUsrsAction.INFO: ======= Start AdmnUsrs Action (List) ================  
[2023-06-06 10:35:17] AdmnUsrsAction.INFO: method : POST  
[2023-06-06 10:35:17] AdmnUsrsAction.INFO: contentType : application/json  
[2023-06-06 10:35:17] AdmnUsrsAction.INFO: Input Data : {"decoded":{"sub":"1","id":"1","userName":"super admin","userGroup":"1","email":"superadmin@example.com","iat":1686026828,"exp":1686113228}}  
[2023-06-06 10:35:17] AdmnUsrsAction.INFO: ======= END AdmnUsrs Action (List) ================  
[2023-06-06 10:35:24] AdmnUsrsAction.INFO: ======= Start AdmnUsrs Action (List) ================  
[2023-06-06 10:35:24] AdmnUsrsAction.INFO: method : POST  
[2023-06-06 10:35:24] AdmnUsrsAction.INFO: contentType : application/json  
[2023-06-06 10:35:24] AdmnUsrsAction.INFO: Input Data : {"decoded":{"sub":"1","id":"1","userName":"super admin","userGroup":"1","email":"superadmin@example.com","iat":1686026828,"exp":1686113228}}  
[2023-06-06 10:35:24] AdmnUsrsAction.INFO: ======= END AdmnUsrs Action (List) ================  
[2023-06-06 10:35:50] AdmnUsrsAction.INFO: ======= Start AdmnUsrs Action (List) ================  
[2023-06-06 10:35:50] AdmnUsrsAction.INFO: method : POST  
[2023-06-06 10:35:50] AdmnUsrsAction.INFO: contentType : application/json  
[2023-06-06 10:35:50] AdmnUsrsAction.INFO: Input Data : {"decoded":{"sub":"1","id":"1","userName":"super admin","userGroup":"1","email":"superadmin@example.com","iat":1686026828,"exp":1686113228}}  
[2023-06-06 10:35:50] AdmnUsrsAction.INFO: ======= END AdmnUsrs Action (List) ================  
[2023-06-06 10:36:18] AdmnUsrsAction.INFO: ======= Start AdmnUsrs Action (List) ================  
[2023-06-06 10:36:18] AdmnUsrsAction.INFO: method : POST  
[2023-06-06 10:36:18] AdmnUsrsAction.INFO: contentType : application/json  
[2023-06-06 10:36:18] AdmnUsrsAction.INFO: Input Data : {"decoded":{"sub":"1","id":"1","userName":"super admin","userGroup":"1","email":"superadmin@example.com","iat":1686026828,"exp":1686113228}}  
[2023-06-06 10:36:18] AdmnUsrsAction.INFO: ======= END AdmnUsrs Action (List) ================  
[2023-06-06 10:36:26] AdmnUsrsAction.INFO: ======= Start AdmnUsrs Action (List) ================  
[2023-06-06 10:36:26] AdmnUsrsAction.INFO: method : POST  
[2023-06-06 10:36:26] AdmnUsrsAction.INFO: contentType : application/json  
[2023-06-06 10:36:26] AdmnUsrsAction.INFO: Input Data : {"decoded":{"sub":"1","id":"1","userName":"super admin","userGroup":"1","email":"superadmin@example.com","iat":1686026828,"exp":1686113228}}  
[2023-06-06 10:36:26] AdmnUsrsAction.INFO: ======= END AdmnUsrs Action (List) ================  
[2023-06-06 10:37:47] AdmnUsrsAction.INFO: ======= Start AdmnUsrs Action (List) ================  
[2023-06-06 10:37:47] AdmnUsrsAction.INFO: method : POST  
[2023-06-06 10:37:47] AdmnUsrsAction.INFO: contentType : application/json  
[2023-06-06 10:37:47] AdmnUsrsAction.INFO: Input Data : {"decoded":{"sub":"1","id":"1","userName":"super admin","userGroup":"1","email":"superadmin@example.com","iat":1686026828,"exp":1686113228}}  
[2023-06-06 10:37:47] AdmnUsrsAction.INFO: ======= END AdmnUsrs Action (List) ================  
[2023-06-06 10:37:57] AdmnUsrsAction.INFO: ======= Start AdmnUsrs Action (List) ================  
[2023-06-06 10:37:57] AdmnUsrsAction.INFO: method : POST  
[2023-06-06 10:37:57] AdmnUsrsAction.INFO: contentType : application/json  
[2023-06-06 10:37:57] AdmnUsrsAction.INFO: Input Data : {"decoded":{"sub":"1","id":"1","userName":"super admin","userGroup":"1","email":"superadmin@example.com","iat":1686026828,"exp":1686113228}}  
[2023-06-06 10:37:57] AdmnUsrsAction.INFO: ======= END AdmnUsrs Action (List) ================  
[2023-06-06 10:38:06] AdmnUsrsAction.INFO: ======= Start AdmnUsrs Action (List) ================  
[2023-06-06 10:38:06] AdmnUsrsAction.INFO: method : POST  
[2023-06-06 10:38:06] AdmnUsrsAction.INFO: contentType : application/json  
[2023-06-06 10:38:06] AdmnUsrsAction.INFO: Input Data : {"decoded":{"sub":"1","id":"1","userName":"super admin","userGroup":"1","email":"superadmin@example.com","iat":1686026828,"exp":1686113228}}  
[2023-06-06 10:38:06] AdmnUsrsAction.INFO: ======= END AdmnUsrs Action (List) ================  
[2023-06-06 10:38:24] AdmnUsrsAction.INFO: ======= Start AdmnUsrs Action (List) ================  
[2023-06-06 10:38:24] AdmnUsrsAction.INFO: method : POST  
[2023-06-06 10:38:24] AdmnUsrsAction.INFO: contentType : application/json  
[2023-06-06 10:38:24] AdmnUsrsAction.INFO: Input Data : {"decoded":{"sub":"1","id":"1","userName":"super admin","userGroup":"1","email":"superadmin@example.com","iat":1686026828,"exp":1686113228}}  
[2023-06-06 10:38:24] AdmnUsrsAction.INFO: ======= END AdmnUsrs Action (List) ================  
[2023-06-06 10:38:33] AdmnUsrsAction.INFO: ======= Start AdmnUsrs Action (List) ================  
[2023-06-06 10:38:33] AdmnUsrsAction.INFO: method : POST  
[2023-06-06 10:38:33] AdmnUsrsAction.INFO: contentType : application/json  
[2023-06-06 10:38:33] AdmnUsrsAction.INFO: Input Data : {"decoded":{"sub":"1","id":"1","userName":"super admin","userGroup":"1","email":"superadmin@example.com","iat":1686026828,"exp":1686113228}}  
[2023-06-06 10:38:33] AdmnUsrsAction.INFO: ======= END AdmnUsrs Action (List) ================  
[2023-06-06 10:38:43] AdmnUsrsAction.INFO: ======= Start AdmnUsrs Action (List) ================  
[2023-06-06 10:38:43] AdmnUsrsAction.INFO: method : POST  
[2023-06-06 10:38:43] AdmnUsrsAction.INFO: contentType : application/json  
[2023-06-06 10:38:43] AdmnUsrsAction.INFO: Input Data : {"decoded":{"sub":"1","id":"1","userName":"super admin","userGroup":"1","email":"superadmin@example.com","iat":1686026828,"exp":1686113228}}  
[2023-06-06 10:38:43] AdmnUsrsAction.INFO: ======= END AdmnUsrs Action (List) ================  
[2023-06-06 10:39:05] AdmnUsrsAction.INFO: ======= Start AdmnUsrs Action (List) ================  
[2023-06-06 10:39:05] AdmnUsrsAction.INFO: method : POST  
[2023-06-06 10:39:05] AdmnUsrsAction.INFO: contentType : application/json  
[2023-06-06 10:39:05] AdmnUsrsAction.INFO: Input Data : {"decoded":{"sub":"1","id":"1","userName":"super admin","userGroup":"1","email":"superadmin@example.com","iat":1686026828,"exp":1686113228}}  
[2023-06-06 10:39:05] AdmnUsrsAction.INFO: ======= END AdmnUsrs Action (List) ================  
[2023-06-06 10:39:11] AdmnUsrsAction.INFO: ======= Start AdmnUsrs Action (resetPassword) ================  
[2023-06-06 10:39:11] AdmnUsrsAction.INFO: method : POST  
[2023-06-06 10:39:11] AdmnUsrsAction.INFO: contentType : text/plain  
[2023-06-06 10:39:11] AdmnUsrsAction.ERROR: Error Code : 500Error Message : Invalid ContentType  
[2023-06-06 10:39:11] AdmnUsrsAction.ERROR: Error File : /var/www/projects/ottproduct/api/v1/src/Application/Actions/AdmnUsrs/AdmnUsrsAction.phpError Line : 135  
[2023-06-06 10:39:11] AdmnUsrsAction.INFO: ======= END AdmnUsrs Action (resetPassword) ================  
[2023-06-06 10:39:17] AdmnUsrsAction.INFO: ======= Start AdmnUsrs Action (resetPassword) ================  
[2023-06-06 10:39:17] AdmnUsrsAction.INFO: method : POST  
[2023-06-06 10:39:17] AdmnUsrsAction.INFO: contentType : text/plain  
[2023-06-06 10:39:17] AdmnUsrsAction.ERROR: Error Code : 500Error Message : Invalid ContentType  
[2023-06-06 10:39:17] AdmnUsrsAction.ERROR: Error File : /var/www/projects/ottproduct/api/v1/src/Application/Actions/AdmnUsrs/AdmnUsrsAction.phpError Line : 135  
[2023-06-06 10:39:17] AdmnUsrsAction.INFO: ======= END AdmnUsrs Action (resetPassword) ================  
[2023-06-06 10:40:57] AdmnUsrsAction.INFO: ======= Start AdmnUsrs Action (resetPassword) ================  
[2023-06-06 10:40:57] AdmnUsrsAction.INFO: method : POST  
[2023-06-06 10:40:57] AdmnUsrsAction.INFO: contentType : text/plain  
[2023-06-06 10:40:57] AdmnUsrsAction.ERROR: Error Code : 500Error Message : Invalid ContentType  
[2023-06-06 10:40:57] AdmnUsrsAction.ERROR: Error File : /var/www/projects/ottproduct/api/v1/src/Application/Actions/AdmnUsrs/AdmnUsrsAction.phpError Line : 135  
[2023-06-06 10:40:57] AdmnUsrsAction.INFO: ======= END AdmnUsrs Action (resetPassword) ================  
[2023-06-06 10:42:12] AdmnUsrsAction.INFO: ======= Start AdmnUsrs Action (forgotPassword) ================  
[2023-06-06 10:42:12] AdmnUsrsAction.INFO: method : POST  
[2023-06-06 10:42:12] AdmnUsrsAction.INFO: contentType : application/json  
[2023-06-06 10:42:12] AdmnUsrsAction.INFO: Input Data : {"email":"ramkarthi12@gmail.com"}  
[2023-06-06 10:42:12] AdmnUsrsRepository.INFO: ======= Start AdmnUsrs Repository (forgotPassword) ================  
[2023-06-06 10:42:12] AdmnUsrsRepository.INFO: Input Data : {"email":"ramkarthi12@gmail.com"}  
[2023-06-06 10:43:03] AdmnUsrsAction.INFO: ======= Start AdmnUsrs Action (forgotPassword) ================  
[2023-06-06 10:43:03] AdmnUsrsAction.INFO: method : POST  
[2023-06-06 10:43:03] AdmnUsrsAction.INFO: contentType : application/json  
[2023-06-06 10:43:03] AdmnUsrsAction.INFO: Input Data : {"email":"micro@s.com"}  
[2023-06-06 10:43:03] AdmnUsrsRepository.INFO: ======= Start AdmnUsrs Repository (forgotPassword) ================  
[2023-06-06 10:43:03] AdmnUsrsRepository.INFO: Input Data : {"email":"micro@s.com"}  
[2023-06-06 10:44:47] AdmnUsrsAction.INFO: ======= Start AdmnUsrs Action (List) ================  
[2023-06-06 10:44:47] AdmnUsrsAction.INFO: method : POST  
[2023-06-06 10:44:47] AdmnUsrsAction.INFO: contentType : application/json  
[2023-06-06 10:44:47] AdmnUsrsAction.INFO: Input Data : {"decoded":{"sub":"1","id":"1","userName":"super admin","userGroup":"1","email":"superadmin@example.com","iat":1686026828,"exp":1686113228}}  
[2023-06-06 10:44:47] AdmnUsrsAction.INFO: ======= END AdmnUsrs Action (List) ================  
[2023-06-06 10:44:50] AdmnUsrsAction.INFO: ======= Start AdmnUsrs Action (resetPassword) ================  
[2023-06-06 10:44:50] AdmnUsrsAction.INFO: method : POST  
[2023-06-06 10:44:50] AdmnUsrsAction.INFO: contentType : text/plain  
[2023-06-06 10:44:50] AdmnUsrsAction.ERROR: Error Code : 500Error Message : Invalid ContentType  
[2023-06-06 10:44:50] AdmnUsrsAction.ERROR: Error File : /var/www/projects/ottproduct/api/v1/src/Application/Actions/AdmnUsrs/AdmnUsrsAction.phpError Line : 135  
[2023-06-06 10:44:50] AdmnUsrsAction.INFO: ======= END AdmnUsrs Action (resetPassword) ================  
[2023-06-06 10:45:15] AdmnUsrsAction.INFO: ======= Start AdmnUsrs Action (List) ================  
[2023-06-06 10:45:15] AdmnUsrsAction.INFO: method : POST  
[2023-06-06 10:45:15] AdmnUsrsAction.INFO: contentType : application/json  
[2023-06-06 10:45:15] AdmnUsrsAction.INFO: Input Data : {"decoded":{"sub":"1","id":"1","userName":"super admin","userGroup":"1","email":"superadmin@example.com","iat":1686026828,"exp":1686113228}}  
[2023-06-06 10:45:15] AdmnUsrsAction.INFO: ======= END AdmnUsrs Action (List) ================  
[2023-06-06 10:45:32] AdmnUsrsAction.INFO: ======= Start AdmnUsrs Action (forgotPassword) ================  
[2023-06-06 10:45:32] AdmnUsrsAction.INFO: method : POST  
[2023-06-06 10:45:32] AdmnUsrsAction.INFO: contentType : text/plain  
[2023-06-06 10:45:32] AdmnUsrsAction.ERROR: Error Code : 500Error Message : Invalid ContentType  
[2023-06-06 10:45:32] AdmnUsrsAction.ERROR: Error File : /var/www/projects/ottproduct/api/v1/src/Application/Actions/AdmnUsrs/AdmnUsrsAction.phpError Line : 192  
[2023-06-06 10:45:32] AdmnUsrsAction.INFO: ======= END AdmnUsrs Action (UPDATE) ================  
[2023-06-06 10:46:36] AdmnUsrsAction.INFO: ======= Start AdmnUsrs Action (forgotPassword) ================  
[2023-06-06 10:46:36] AdmnUsrsAction.INFO: method : POST  
[2023-06-06 10:46:36] AdmnUsrsAction.INFO: contentType : application/json  
[2023-06-06 10:46:36] AdmnUsrsAction.INFO: Input Data : {"email":"micro@s.com"}  
[2023-06-06 10:46:36] AdmnUsrsRepository.INFO: ======= Start AdmnUsrs Repository (forgotPassword) ================  
[2023-06-06 10:46:36] AdmnUsrsRepository.INFO: Input Data : {"email":"micro@s.com"}  
[2023-06-06 10:46:49] AdmnUsrsAction.INFO: ======= Start AdmnUsrs Action (List) ================  
[2023-06-06 10:46:49] AdmnUsrsAction.INFO: method : POST  
[2023-06-06 10:46:49] AdmnUsrsAction.INFO: contentType : application/json  
[2023-06-06 10:46:49] AdmnUsrsAction.INFO: Input Data : {"decoded":{"sub":"1","id":"1","userName":"super admin","userGroup":"1","email":"superadmin@example.com","iat":1686026828,"exp":1686113228}}  
[2023-06-06 10:46:49] AdmnUsrsAction.INFO: ======= END AdmnUsrs Action (List) ================  
[2023-06-06 10:46:53] AdmnUsrsAction.INFO: ======= Start AdmnUsrs Action (Activate De-Activate User) ================  
[2023-06-06 10:46:53] AdmnUsrsAction.INFO: method : PUT  
[2023-06-06 10:46:53] AdmnUsrsAction.INFO: contentType : application/json  
[2023-06-06 10:46:53] AdmnUsrsAction.INFO: Input Data : {"decoded":{"sub":"1","id":"1","userName":"super admin","userGroup":"1","email":"superadmin@example.com","iat":1686026828,"exp":1686113228}}  
[2023-06-06 10:46:53] AdmnUsrsAction.INFO: admin user id : 10  
[2023-06-06 10:46:53] AdmnUsrsRepository.INFO: ======= Start AdmnUsrs Repository (activeOrDeactiveUser) ================  
[2023-06-06 10:46:53] AdmnUsrsRepository.INFO: Update Status : User Activated Successfully  
[2023-06-06 10:46:53] AdmnUsrsRepository.INFO: ======= End AdmnUsrs Repository (activeOrDeactiveUser) ================  
[2023-06-06 10:46:53] AdmnUsrsAction.INFO: update Status : User Activated Successfully  
[2023-06-06 10:46:53] AdmnUsrsAction.INFO: ======= END AdmnUsrs Action (Activate De-Activate User) ================  
[2023-06-06 10:46:53] AdmnUsrsAction.INFO: ======= Start AdmnUsrs Action (List) ================  
[2023-06-06 10:46:53] AdmnUsrsAction.INFO: method : POST  
[2023-06-06 10:46:53] AdmnUsrsAction.INFO: contentType : application/json  
[2023-06-06 10:46:53] AdmnUsrsAction.INFO: Input Data : {"decoded":{"sub":"1","id":"1","userName":"super admin","userGroup":"1","email":"superadmin@example.com","iat":1686026828,"exp":1686113228}}  
[2023-06-06 10:46:53] AdmnUsrsAction.INFO: ======= END AdmnUsrs Action (List) ================  
[2023-06-06 10:47:06] AdmnUsrsAction.INFO: ======= Start AdmnUsrs Action (forgotPassword) ================  
[2023-06-06 10:47:06] AdmnUsrsAction.INFO: method : POST  
[2023-06-06 10:47:06] AdmnUsrsAction.INFO: contentType : application/json  
[2023-06-06 10:47:06] AdmnUsrsAction.INFO: Input Data : {"email":"micro@s.com"}  
[2023-06-06 10:47:06] AdmnUsrsRepository.INFO: ======= Start AdmnUsrs Repository (forgotPassword) ================  
[2023-06-06 10:47:06] AdmnUsrsRepository.INFO: Input Data : {"email":"micro@s.com"}  
[2023-06-06 10:47:06] AdmnUsrsRepository.INFO: ======= Start sendResetpasswordEmail ================  
[2023-06-06 10:47:06] AdmnUsrsRepository.INFO: -- email : micro@s.com  
[2023-06-06 10:47:06] AdmnUsrsRepository.INFO: -- emailname : micro  
[2023-06-06 10:47:06] AdmnUsrsRepository.INFO: -- resetCode : RmZnUVNvVStFbU1CU1ZHaDRrRmxOQT09  
[2023-06-06 10:47:06] AdmnUsrsRepository.INFO: -- adminUrl : http://116.212.176.158:8083/projects/ottproduct/frted/v1/  
[2023-06-06 10:47:06] AdmnUsrsRepository.INFO: ======= Start Mailler ================  
[2023-06-06 10:47:06] AdmnUsrsRepository.INFO: -- toEmailId : micro@s.com  
[2023-06-06 10:47:06] AdmnUsrsRepository.INFO: -- toEmailName : micro  
[2023-06-06 10:47:06] AdmnUsrsRepository.INFO: -- subject : Password Reset Request  
[2023-06-06 10:47:49] AdmnUsrsAction.INFO: ======= Start AdmnUsrs Action (List) ================  
[2023-06-06 10:47:49] AdmnUsrsAction.INFO: method : POST  
[2023-06-06 10:47:49] AdmnUsrsAction.INFO: contentType : application/json  
[2023-06-06 10:47:49] AdmnUsrsAction.INFO: Input Data : {"decoded":{"sub":"1","id":"1","userName":"super admin","userGroup":"1","email":"superadmin@example.com","iat":1686026828,"exp":1686113228}}  
[2023-06-06 10:47:49] AdmnUsrsAction.INFO: ======= END AdmnUsrs Action (List) ================  
[2023-06-06 10:47:52] AdmnUsrsAction.INFO: ======= Start AdmnUsrs Action (forgotPassword) ================  
[2023-06-06 10:47:52] AdmnUsrsAction.INFO: method : POST  
[2023-06-06 10:47:52] AdmnUsrsAction.INFO: contentType : text/plain  
[2023-06-06 10:47:52] AdmnUsrsAction.ERROR: Error Code : 500Error Message : Invalid ContentType  
[2023-06-06 10:47:52] AdmnUsrsAction.ERROR: Error File : /var/www/projects/ottproduct/api/v1/src/Application/Actions/AdmnUsrs/AdmnUsrsAction.phpError Line : 192  
[2023-06-06 10:47:52] AdmnUsrsAction.INFO: ======= END AdmnUsrs Action (UPDATE) ================  
[2023-06-06 10:47:56] AdmnUsrsAction.INFO: ======= Start AdmnUsrs Action (forgotPassword) ================  
[2023-06-06 10:47:56] AdmnUsrsAction.INFO: method : POST  
[2023-06-06 10:47:56] AdmnUsrsAction.INFO: contentType : text/plain  
[2023-06-06 10:47:56] AdmnUsrsAction.ERROR: Error Code : 500Error Message : Invalid ContentType  
[2023-06-06 10:47:56] AdmnUsrsAction.ERROR: Error File : /var/www/projects/ottproduct/api/v1/src/Application/Actions/AdmnUsrs/AdmnUsrsAction.phpError Line : 192  
[2023-06-06 10:47:56] AdmnUsrsAction.INFO: ======= END AdmnUsrs Action (UPDATE) ================  
[2023-06-06 10:48:00] AdmnUsrsAction.INFO: ======= Start AdmnUsrs Action (forgotPassword) ================  
[2023-06-06 10:48:00] AdmnUsrsAction.INFO: method : POST  
[2023-06-06 10:48:00] AdmnUsrsAction.INFO: contentType : text/plain  
[2023-06-06 10:48:00] AdmnUsrsAction.ERROR: Error Code : 500Error Message : Invalid ContentType  
[2023-06-06 10:48:00] AdmnUsrsAction.ERROR: Error File : /var/www/projects/ottproduct/api/v1/src/Application/Actions/AdmnUsrs/AdmnUsrsAction.phpError Line : 192  
[2023-06-06 10:48:00] AdmnUsrsAction.INFO: ======= END AdmnUsrs Action (UPDATE) ================  
[2023-06-06 10:48:21] AdmnUsrsAction.INFO: ======= Start AdmnUsrs Action (forgotPassword) ================  
[2023-06-06 10:48:21] AdmnUsrsAction.INFO: method : POST  
[2023-06-06 10:48:21] AdmnUsrsAction.INFO: contentType : application/json  
[2023-06-06 10:48:21] AdmnUsrsAction.INFO: Input Data : {"email":"micro@s.com"}  
[2023-06-06 10:48:21] AdmnUsrsRepository.INFO: ======= Start AdmnUsrs Repository (forgotPassword) ================  
[2023-06-06 10:48:21] AdmnUsrsRepository.INFO: Input Data : {"email":"micro@s.com"}  
[2023-06-06 10:48:21] AdmnUsrsRepository.INFO: ======= Start sendResetpasswordEmail ================  
[2023-06-06 10:48:21] AdmnUsrsRepository.INFO: -- email : micro@s.com  
[2023-06-06 10:48:21] AdmnUsrsRepository.INFO: -- emailname : micro  
[2023-06-06 10:48:21] AdmnUsrsRepository.INFO: -- resetCode : dmF5SWx1eGxxWGt2dno3SXVqOENDdz09  
[2023-06-06 10:48:21] AdmnUsrsRepository.INFO: -- adminUrl : http://116.212.176.158:8083/projects/ottproduct/frted/v1/  
[2023-06-06 10:48:21] AdmnUsrsRepository.INFO: ======= Start Mailler ================  
[2023-06-06 10:48:21] AdmnUsrsRepository.INFO: -- toEmailId : micro@s.com  
[2023-06-06 10:48:21] AdmnUsrsRepository.INFO: -- toEmailName : micro  
[2023-06-06 10:48:21] AdmnUsrsRepository.INFO: -- subject : Password Reset Request  
[2023-06-06 10:50:02] AdmnUsrsAction.INFO: ======= Start AdmnUsrs Action (List) ================  
[2023-06-06 10:50:02] AdmnUsrsAction.INFO: method : POST  
[2023-06-06 10:50:02] AdmnUsrsAction.INFO: contentType : application/json  
[2023-06-06 10:50:02] AdmnUsrsAction.INFO: Input Data : {"decoded":{"sub":"1","id":"1","userName":"super admin","userGroup":"1","email":"superadmin@example.com","iat":1686026828,"exp":1686113228}}  
[2023-06-06 10:50:02] AdmnUsrsAction.INFO: ======= END AdmnUsrs Action (List) ================  
[2023-06-06 10:50:05] AdmnUsrsAction.INFO: ======= Start AdmnUsrs Action (Single One) ================  
[2023-06-06 10:50:05] AdmnUsrsAction.INFO: method : GET  
[2023-06-06 10:50:05] AdmnUsrsAction.INFO: contentType : application/json  
[2023-06-06 10:50:05] AdmnUsrsAction.INFO: Input Data : {"decoded":{"sub":"1","id":"1","userName":"super admin","userGroup":"1","email":"superadmin@example.com","iat":1686026828,"exp":1686113228}}  
[2023-06-06 10:50:05] AdmnUsrsAction.INFO: User Id : 10  
[2023-06-06 10:50:05] AdmnUsrsAction.INFO: ======= END AdmnUsrs Action (Single One) ================  
[2023-06-06 10:50:39] AdmnUsrsAction.INFO: ======= Start AdmnUsrs Action (UPDATE) ================  
[2023-06-06 10:50:39] AdmnUsrsAction.INFO: method : PUT  
[2023-06-06 10:50:39] AdmnUsrsAction.INFO: contentType : application/json  
[2023-06-06 10:50:39] AdmnUsrsAction.INFO: Input Data : {"userName":"micro","email":"krishna.g@microsensenetworks.com","groupId":"29","timeZone":"Africa\/Algiers","mobileNo":"123456789123456","designation":"software","adminStatus":"1","decoded":{"sub":"1","id":"1","userName":"super admin","userGroup":"1","email":"superadmin@example.com","iat":1686026828,"exp":1686113228}}  
[2023-06-06 10:50:39] AdmnUsrsAction.INFO: admin user id : 10  
[2023-06-06 10:50:39] AdmnUsrsAction.INFO: Insert Status : SUCCESS  
[2023-06-06 10:50:39] AdmnUsrsAction.INFO: ======= END AdmnUsrs Action (UPDATE) ================  
[2023-06-06 10:50:39] AdmnUsrsAction.INFO: ======= Start AdmnUsrs Action (List) ================  
[2023-06-06 10:50:39] AdmnUsrsAction.INFO: method : POST  
[2023-06-06 10:50:39] AdmnUsrsAction.INFO: contentType : application/json  
[2023-06-06 10:50:39] AdmnUsrsAction.INFO: Input Data : {"decoded":{"sub":"1","id":"1","userName":"super admin","userGroup":"1","email":"superadmin@example.com","iat":1686026828,"exp":1686113228}}  
[2023-06-06 10:50:39] AdmnUsrsAction.INFO: ======= END AdmnUsrs Action (List) ================  
[2023-06-06 10:50:42] AdmnUsrsAction.INFO: ======= Start AdmnUsrs Action (Single One) ================  
[2023-06-06 10:50:42] AdmnUsrsAction.INFO: method : GET  
[2023-06-06 10:50:42] AdmnUsrsAction.INFO: contentType : application/json  
[2023-06-06 10:50:42] AdmnUsrsAction.INFO: Input Data : {"decoded":{"sub":"1","id":"1","userName":"super admin","userGroup":"1","email":"superadmin@example.com","iat":1686026828,"exp":1686113228}}  
[2023-06-06 10:50:42] AdmnUsrsAction.INFO: User Id : 7  
[2023-06-06 10:50:42] AdmnUsrsAction.INFO: ======= END AdmnUsrs Action (Single One) ================  
[2023-06-06 10:50:54] AdmnUsrsAction.INFO: ======= Start AdmnUsrs Action (List) ================  
[2023-06-06 10:50:54] AdmnUsrsAction.INFO: method : POST  
[2023-06-06 10:50:54] AdmnUsrsAction.INFO: contentType : application/json  
[2023-06-06 10:50:54] AdmnUsrsAction.INFO: Input Data : {"decoded":{"sub":"1","id":"1","userName":"super admin","userGroup":"1","email":"superadmin@example.com","iat":1686026828,"exp":1686113228}}  
[2023-06-06 10:50:54] AdmnUsrsAction.INFO: ======= END AdmnUsrs Action (List) ================  
[2023-06-06 10:50:57] AdmnUsrsAction.INFO: ======= Start AdmnUsrs Action (forgotPassword) ================  
[2023-06-06 10:50:57] AdmnUsrsAction.INFO: method : POST  
[2023-06-06 10:50:57] AdmnUsrsAction.INFO: contentType : text/plain  
[2023-06-06 10:50:57] AdmnUsrsAction.ERROR: Error Code : 500Error Message : Invalid ContentType  
[2023-06-06 10:50:57] AdmnUsrsAction.ERROR: Error File : /var/www/projects/ottproduct/api/v1/src/Application/Actions/AdmnUsrs/AdmnUsrsAction.phpError Line : 192  
[2023-06-06 10:50:57] AdmnUsrsAction.INFO: ======= END AdmnUsrs Action (UPDATE) ================  
[2023-06-06 10:51:08] AdmnUsrsAction.INFO: ======= Start AdmnUsrs Action (forgotPassword) ================  
[2023-06-06 10:51:08] AdmnUsrsAction.INFO: method : POST  
[2023-06-06 10:51:08] AdmnUsrsAction.INFO: contentType : application/json  
[2023-06-06 10:51:08] AdmnUsrsAction.INFO: Input Data : {"email":"krishna.g@microsensenetworks.com"}  
[2023-06-06 10:51:08] AdmnUsrsRepository.INFO: ======= Start AdmnUsrs Repository (forgotPassword) ================  
[2023-06-06 10:51:08] AdmnUsrsRepository.INFO: Input Data : {"email":"krishna.g@microsensenetworks.com"}  
[2023-06-06 10:51:08] AdmnUsrsRepository.INFO: ======= Start sendResetpasswordEmail ================  
[2023-06-06 10:51:08] AdmnUsrsRepository.INFO: -- email : krishna.g@microsensenetworks.com  
[2023-06-06 10:51:08] AdmnUsrsRepository.INFO: -- emailname : micro  
[2023-06-06 10:51:08] AdmnUsrsRepository.INFO: -- resetCode : K2k4MXNoclhKTnJlUlpJV0taUGh2Zz09  
[2023-06-06 10:51:08] AdmnUsrsRepository.INFO: -- adminUrl : http://116.212.176.158:8083/projects/ottproduct/frted/v1/  
[2023-06-06 10:51:08] AdmnUsrsRepository.INFO: ======= Start Mailler ================  
[2023-06-06 10:51:08] AdmnUsrsRepository.INFO: -- toEmailId : krishna.g@microsensenetworks.com  
[2023-06-06 10:51:08] AdmnUsrsRepository.INFO: -- toEmailName : micro  
[2023-06-06 10:51:08] AdmnUsrsRepository.INFO: -- subject : Password Reset Request  
[2023-06-06 10:51:32] AdmnUsrsAction.INFO: ======= Start AdmnUsrs Action (forgotPassword) ================  
[2023-06-06 10:51:32] AdmnUsrsAction.INFO: method : POST  
[2023-06-06 10:51:32] AdmnUsrsAction.INFO: contentType : text/plain  
[2023-06-06 10:51:32] AdmnUsrsAction.ERROR: Error Code : 500Error Message : Invalid ContentType  
[2023-06-06 10:51:32] AdmnUsrsAction.ERROR: Error File : /var/www/projects/ottproduct/api/v1/src/Application/Actions/AdmnUsrs/AdmnUsrsAction.phpError Line : 192  
[2023-06-06 10:51:32] AdmnUsrsAction.INFO: ======= END AdmnUsrs Action (UPDATE) ================  
[2023-06-06 10:51:58] AdmnUsrsAction.INFO: ======= Start AdmnUsrs Action (List) ================  
[2023-06-06 10:51:58] AdmnUsrsAction.INFO: method : POST  
[2023-06-06 10:51:58] AdmnUsrsAction.INFO: contentType : application/json  
[2023-06-06 10:51:58] AdmnUsrsAction.INFO: Input Data : {"decoded":{"sub":"1","id":"1","userName":"super admin","userGroup":"1","email":"superadmin@example.com","iat":1686026828,"exp":1686113228}}  
[2023-06-06 10:51:58] AdmnUsrsAction.INFO: ======= END AdmnUsrs Action (List) ================  
[2023-06-06 10:52:01] AdmnUsrsAction.INFO: ======= Start AdmnUsrs Action (Single One) ================  
[2023-06-06 10:52:01] AdmnUsrsAction.INFO: method : GET  
[2023-06-06 10:52:01] AdmnUsrsAction.INFO: contentType : application/json  
[2023-06-06 10:52:01] AdmnUsrsAction.INFO: Input Data : {"decoded":{"sub":"1","id":"1","userName":"super admin","userGroup":"1","email":"superadmin@example.com","iat":1686026828,"exp":1686113228}}  
[2023-06-06 10:52:01] AdmnUsrsAction.INFO: User Id : 10  
[2023-06-06 10:52:01] AdmnUsrsAction.INFO: ======= END AdmnUsrs Action (Single One) ================  
[2023-06-06 10:52:10] AdmnUsrsAction.INFO: ======= Start AdmnUsrs Action (forgotPassword) ================  
[2023-06-06 10:52:10] AdmnUsrsAction.INFO: method : POST  
[2023-06-06 10:52:10] AdmnUsrsAction.INFO: contentType : application/json  
[2023-06-06 10:52:10] AdmnUsrsAction.INFO: Input Data : {"email":"krishna.g@microsensenetworks.com"}  
[2023-06-06 10:52:10] AdmnUsrsRepository.INFO: ======= Start AdmnUsrs Repository (forgotPassword) ================  
[2023-06-06 10:52:10] AdmnUsrsRepository.INFO: Input Data : {"email":"krishna.g@microsensenetworks.com"}  
[2023-06-06 10:52:10] AdmnUsrsRepository.INFO: ======= Start sendResetpasswordEmail ================  
[2023-06-06 10:52:10] AdmnUsrsRepository.INFO: -- email : krishna.g@microsensenetworks.com  
[2023-06-06 10:52:10] AdmnUsrsRepository.INFO: -- emailname : micro  
[2023-06-06 10:52:10] AdmnUsrsRepository.INFO: -- resetCode : WGNXMm0zQlRoUktpV2l0SWlGRFNZUT09  
[2023-06-06 10:52:10] AdmnUsrsRepository.INFO: -- adminUrl : http://116.212.176.158:8083/projects/ottproduct/frted/v1/  
[2023-06-06 10:52:10] AdmnUsrsRepository.INFO: ======= Start Mailler ================  
[2023-06-06 10:52:10] AdmnUsrsRepository.INFO: -- toEmailId : krishna.g@microsensenetworks.com  
[2023-06-06 10:52:10] AdmnUsrsRepository.INFO: -- toEmailName : micro  
[2023-06-06 10:52:10] AdmnUsrsRepository.INFO: -- subject : Password Reset Request  
[2023-06-06 10:53:46] AdmnUsrsAction.INFO: ======= Start AdmnUsrs Action (forgotPassword) ================  
[2023-06-06 10:53:46] AdmnUsrsAction.INFO: method : POST  
[2023-06-06 10:53:46] AdmnUsrsAction.INFO: contentType : application/json  
[2023-06-06 10:53:46] AdmnUsrsAction.INFO: Input Data : {"email":"krishna.g@microsensenetworks.com"}  
[2023-06-06 10:53:46] AdmnUsrsRepository.INFO: ======= Start AdmnUsrs Repository (forgotPassword) ================  
[2023-06-06 10:53:46] AdmnUsrsRepository.INFO: Input Data : {"email":"krishna.g@microsensenetworks.com"}  
[2023-06-06 10:53:46] AdmnUsrsRepository.INFO: ======= Start sendResetpasswordEmail ================  
[2023-06-06 10:53:46] AdmnUsrsRepository.INFO: -- email : krishna.g@microsensenetworks.com  
[2023-06-06 10:53:46] AdmnUsrsRepository.INFO: -- emailname : micro  
[2023-06-06 10:53:46] AdmnUsrsRepository.INFO: -- resetCode : OHhpaGJvTkxkTExzcm9IL2pTT0RnQT09  
[2023-06-06 10:53:46] AdmnUsrsRepository.INFO: -- adminUrl : http://116.212.176.158:8083/projects/ottproduct/frted/v1/  
[2023-06-06 10:53:46] AdmnUsrsRepository.INFO: ======= Start Mailler ================  
[2023-06-06 10:53:46] AdmnUsrsRepository.INFO: -- toEmailId : krishna.g@microsensenetworks.com  
[2023-06-06 10:53:46] AdmnUsrsRepository.INFO: -- toEmailName : micro  
[2023-06-06 10:53:46] AdmnUsrsRepository.INFO: -- subject : Password Reset Request  
[2023-06-06 10:54:13] AdmnUsrsAction.INFO: ======= Start AdmnUsrs Action (Activate De-Activate User) ================  
[2023-06-06 10:54:13] AdmnUsrsAction.INFO: method : PUT  
[2023-06-06 10:54:13] AdmnUsrsAction.INFO: contentType : application/json  
[2023-06-06 10:54:13] AdmnUsrsAction.INFO: Input Data : {"decoded":{"sub":"1","id":"1","userName":"super admin","userGroup":"1","email":"superadmin@example.com","iat":1686026828,"exp":1686113228}}  
[2023-06-06 10:54:13] AdmnUsrsAction.INFO: admin user id : 10  
[2023-06-06 10:54:13] AdmnUsrsRepository.INFO: ======= Start AdmnUsrs Repository (activeOrDeactiveUser) ================  
[2023-06-06 10:54:13] AdmnUsrsRepository.INFO: Update Status : User Deactivated Successfully  
[2023-06-06 10:54:13] AdmnUsrsRepository.INFO: ======= End AdmnUsrs Repository (activeOrDeactiveUser) ================  
[2023-06-06 10:54:13] AdmnUsrsAction.INFO: update Status : User Deactivated Successfully  
[2023-06-06 10:54:13] AdmnUsrsAction.INFO: ======= END AdmnUsrs Action (Activate De-Activate User) ================  
[2023-06-06 10:54:14] AdmnUsrsAction.INFO: ======= Start AdmnUsrs Action (List) ================  
[2023-06-06 10:54:14] AdmnUsrsAction.INFO: method : POST  
[2023-06-06 10:54:14] AdmnUsrsAction.INFO: contentType : application/json  
[2023-06-06 10:54:14] AdmnUsrsAction.INFO: Input Data : {"decoded":{"sub":"1","id":"1","userName":"super admin","userGroup":"1","email":"superadmin@example.com","iat":1686026828,"exp":1686113228}}  
[2023-06-06 10:54:14] AdmnUsrsAction.INFO: ======= END AdmnUsrs Action (List) ================  
[2023-06-06 10:54:16] AdmnUsrsAction.INFO: ======= Start AdmnUsrs Action (Activate De-Activate User) ================  
[2023-06-06 10:54:16] AdmnUsrsAction.INFO: method : PUT  
[2023-06-06 10:54:16] AdmnUsrsAction.INFO: contentType : application/json  
[2023-06-06 10:54:16] AdmnUsrsAction.INFO: Input Data : {"decoded":{"sub":"1","id":"1","userName":"super admin","userGroup":"1","email":"superadmin@example.com","iat":1686026828,"exp":1686113228}}  
[2023-06-06 10:54:16] AdmnUsrsAction.INFO: admin user id : 10  
[2023-06-06 10:54:16] AdmnUsrsRepository.INFO: ======= Start AdmnUsrs Repository (activeOrDeactiveUser) ================  
[2023-06-06 10:54:16] AdmnUsrsRepository.INFO: Update Status : User Activated Successfully  
[2023-06-06 10:54:16] AdmnUsrsRepository.INFO: ======= End AdmnUsrs Repository (activeOrDeactiveUser) ================  
[2023-06-06 10:54:16] AdmnUsrsAction.INFO: update Status : User Activated Successfully  
[2023-06-06 10:54:16] AdmnUsrsAction.INFO: ======= END AdmnUsrs Action (Activate De-Activate User) ================  
[2023-06-06 10:54:16] AdmnUsrsAction.INFO: ======= Start AdmnUsrs Action (List) ================  
[2023-06-06 10:54:16] AdmnUsrsAction.INFO: method : POST  
[2023-06-06 10:54:16] AdmnUsrsAction.INFO: contentType : application/json  
[2023-06-06 10:54:16] AdmnUsrsAction.INFO: Input Data : {"decoded":{"sub":"1","id":"1","userName":"super admin","userGroup":"1","email":"superadmin@example.com","iat":1686026828,"exp":1686113228}}  
[2023-06-06 10:54:16] AdmnUsrsAction.INFO: ======= END AdmnUsrs Action (List) ================  
[2023-06-06 10:54:21] AdmnUsrsAction.INFO: ======= Start AdmnUsrs Action (forgotPassword) ================  
[2023-06-06 10:54:21] AdmnUsrsAction.INFO: method : POST  
[2023-06-06 10:54:21] AdmnUsrsAction.INFO: contentType : application/json  
[2023-06-06 10:54:21] AdmnUsrsAction.INFO: Input Data : {"email":"krishna.g@microsensenetworks.com"}  
[2023-06-06 10:54:21] AdmnUsrsRepository.INFO: ======= Start AdmnUsrs Repository (forgotPassword) ================  
[2023-06-06 10:54:21] AdmnUsrsRepository.INFO: Input Data : {"email":"krishna.g@microsensenetworks.com"}  
[2023-06-06 10:54:22] AdmnUsrsRepository.INFO: ======= Start sendResetpasswordEmail ================  
[2023-06-06 10:54:22] AdmnUsrsRepository.INFO: -- email : krishna.g@microsensenetworks.com  
[2023-06-06 10:54:22] AdmnUsrsRepository.INFO: -- emailname : micro  
[2023-06-06 10:54:22] AdmnUsrsRepository.INFO: -- resetCode : eFJpMEttZVZkckU2ZkdEMUlPY2Fwdz09  
[2023-06-06 10:54:22] AdmnUsrsRepository.INFO: -- adminUrl : http://116.212.176.158:8083/projects/ottproduct/frted/v1/  
[2023-06-06 10:54:22] AdmnUsrsRepository.INFO: ======= Start Mailler ================  
[2023-06-06 10:54:22] AdmnUsrsRepository.INFO: -- toEmailId : krishna.g@microsensenetworks.com  
[2023-06-06 10:54:22] AdmnUsrsRepository.INFO: -- toEmailName : micro  
[2023-06-06 10:54:22] AdmnUsrsRepository.INFO: -- subject : Password Reset Request  
[2023-06-06 10:56:14] AdmnUsrsAction.INFO: ======= Start AdmnUsrs Action (forgotPassword) ================  
[2023-06-06 10:56:14] AdmnUsrsAction.INFO: method : POST  
[2023-06-06 10:56:14] AdmnUsrsAction.INFO: contentType : application/json  
[2023-06-06 10:56:14] AdmnUsrsAction.INFO: Input Data : {"email":"krishna.g@microsensenetworks.com"}  
[2023-06-06 10:56:14] AdmnUsrsRepository.INFO: ======= Start AdmnUsrs Repository (forgotPassword) ================  
[2023-06-06 10:56:14] AdmnUsrsRepository.INFO: Input Data : {"email":"krishna.g@microsensenetworks.com"}  
[2023-06-06 10:56:14] AdmnUsrsRepository.INFO: ======= Start sendResetpasswordEmail ================  
[2023-06-06 10:56:14] AdmnUsrsRepository.INFO: -- email : krishna.g@microsensenetworks.com  
[2023-06-06 10:56:14] AdmnUsrsRepository.INFO: -- emailname : micro  
[2023-06-06 10:56:14] AdmnUsrsRepository.INFO: -- resetCode : ZTVZRXhPTmVHV3B4ZkJNbmxiV3JpUT09  
[2023-06-06 10:56:14] AdmnUsrsRepository.INFO: -- adminUrl : http://116.212.176.158:8083/projects/ottproduct/frted/v1/  
[2023-06-06 10:56:14] AdmnUsrsRepository.INFO: ======= Start Mailler ================  
[2023-06-06 10:56:14] AdmnUsrsRepository.INFO: -- toEmailId : krishna.g@microsensenetworks.com  
[2023-06-06 10:56:14] AdmnUsrsRepository.INFO: -- toEmailName : micro  
[2023-06-06 10:56:14] AdmnUsrsRepository.INFO: -- subject : Password Reset Request  
[2023-06-06 10:58:14] AdmnUsrsAction.INFO: ======= Start AdmnUsrs Action (List) ================  
[2023-06-06 10:58:14] AdmnUsrsAction.INFO: method : POST  
[2023-06-06 10:58:14] AdmnUsrsAction.INFO: contentType : application/json  
[2023-06-06 10:58:14] AdmnUsrsAction.INFO: Input Data : {"decoded":{"sub":"1","id":"1","userName":"super admin","userGroup":"1","email":"superadmin@example.com","iat":1686026828,"exp":1686113228}}  
[2023-06-06 10:58:14] AdmnUsrsAction.INFO: ======= END AdmnUsrs Action (List) ================  
[2023-06-06 10:58:41] AdmnUsrsAction.INFO: ======= Start AdmnUsrs Action (forgotPassword) ================  
[2023-06-06 10:58:41] AdmnUsrsAction.INFO: method : POST  
[2023-06-06 10:58:41] AdmnUsrsAction.INFO: contentType : application/json  
[2023-06-06 10:58:41] AdmnUsrsAction.INFO: Input Data : {"email":"krishna.g@microsensenetworks.com"}  
[2023-06-06 10:58:41] AdmnUsrsRepository.INFO: ======= Start AdmnUsrs Repository (forgotPassword) ================  
[2023-06-06 10:58:41] AdmnUsrsRepository.INFO: Input Data : {"email":"krishna.g@microsensenetworks.com"}  
[2023-06-06 10:58:41] AdmnUsrsRepository.INFO: ======= Start sendResetpasswordEmail ================  
[2023-06-06 10:58:41] AdmnUsrsRepository.INFO: -- email : krishna.g@microsensenetworks.com  
[2023-06-06 10:58:41] AdmnUsrsRepository.INFO: -- emailname : micro  
[2023-06-06 10:58:41] AdmnUsrsRepository.INFO: -- resetCode : STZSMmowNW5JVTJ5VzlpQko5WWhFZz09  
[2023-06-06 10:58:41] AdmnUsrsRepository.INFO: -- adminUrl : http://116.212.176.158:8083/projects/ottproduct/frted/v1/  
[2023-06-06 10:58:41] AdmnUsrsRepository.INFO: ======= Start Mailler ================  
[2023-06-06 10:58:41] AdmnUsrsRepository.INFO: -- toEmailId : krishna.g@microsensenetworks.com  
[2023-06-06 10:58:41] AdmnUsrsRepository.INFO: -- toEmailName : micro  
[2023-06-06 10:58:41] AdmnUsrsRepository.INFO: -- subject : Password Reset Request  
[2023-06-06 10:58:57] AdmnUsrsAction.INFO: ======= Start AdmnUsrs Action (List) ================  
[2023-06-06 10:58:57] AdmnUsrsAction.INFO: method : POST  
[2023-06-06 10:58:57] AdmnUsrsAction.INFO: contentType : application/json  
[2023-06-06 10:58:57] AdmnUsrsAction.INFO: Input Data : {"decoded":{"sub":"1","id":"1","userName":"super admin","userGroup":"1","email":"superadmin@example.com","iat":1686026828,"exp":1686113228}}  
[2023-06-06 10:58:57] AdmnUsrsAction.INFO: ======= END AdmnUsrs Action (List) ================  
[2023-06-06 10:59:01] AdmnUsrsAction.INFO: ======= Start AdmnUsrs Action (Activate De-Activate User) ================  
[2023-06-06 10:59:01] AdmnUsrsAction.INFO: method : PUT  
[2023-06-06 10:59:01] AdmnUsrsAction.INFO: contentType : application/json  
[2023-06-06 10:59:01] AdmnUsrsAction.INFO: Input Data : {"decoded":{"sub":"1","id":"1","userName":"super admin","userGroup":"1","email":"superadmin@example.com","iat":1686026828,"exp":1686113228}}  
[2023-06-06 10:59:01] AdmnUsrsAction.INFO: admin user id : 9  
[2023-06-06 10:59:01] AdmnUsrsRepository.INFO: ======= Start AdmnUsrs Repository (activeOrDeactiveUser) ================  
[2023-06-06 10:59:01] AdmnUsrsRepository.INFO: Update Status : User Activated Successfully  
[2023-06-06 10:59:01] AdmnUsrsRepository.INFO: ======= End AdmnUsrs Repository (activeOrDeactiveUser) ================  
[2023-06-06 10:59:01] AdmnUsrsAction.INFO: update Status : User Activated Successfully  
[2023-06-06 10:59:01] AdmnUsrsAction.INFO: ======= END AdmnUsrs Action (Activate De-Activate User) ================  
[2023-06-06 10:59:01] AdmnUsrsAction.INFO: ======= Start AdmnUsrs Action (List) ================  
[2023-06-06 10:59:01] AdmnUsrsAction.INFO: method : POST  
[2023-06-06 10:59:01] AdmnUsrsAction.INFO: contentType : application/json  
[2023-06-06 10:59:01] AdmnUsrsAction.INFO: Input Data : {"decoded":{"sub":"1","id":"1","userName":"super admin","userGroup":"1","email":"superadmin@example.com","iat":1686026828,"exp":1686113228}}  
[2023-06-06 10:59:01] AdmnUsrsAction.INFO: ======= END AdmnUsrs Action (List) ================  
[2023-06-06 10:59:04] AdmnUsrsAction.INFO: ======= Start AdmnUsrs Action (Single One) ================  
[2023-06-06 10:59:04] AdmnUsrsAction.INFO: method : GET  
[2023-06-06 10:59:04] AdmnUsrsAction.INFO: contentType : application/json  
[2023-06-06 10:59:04] AdmnUsrsAction.INFO: Input Data : {"decoded":{"sub":"1","id":"1","userName":"super admin","userGroup":"1","email":"superadmin@example.com","iat":1686026828,"exp":1686113228}}  
[2023-06-06 10:59:04] AdmnUsrsAction.INFO: User Id : 10  
[2023-06-06 10:59:04] AdmnUsrsAction.INFO: ======= END AdmnUsrs Action (Single One) ================  
[2023-06-06 10:59:07] AdmnUsrsAction.INFO: ======= Start AdmnUsrs Action (Single One) ================  
[2023-06-06 10:59:07] AdmnUsrsAction.INFO: method : GET  
[2023-06-06 10:59:07] AdmnUsrsAction.INFO: contentType : application/json  
[2023-06-06 10:59:07] AdmnUsrsAction.INFO: Input Data : {"decoded":{"sub":"1","id":"1","userName":"super admin","userGroup":"1","email":"superadmin@example.com","iat":1686026828,"exp":1686113228}}  
[2023-06-06 10:59:07] AdmnUsrsAction.INFO: User Id : 8  
[2023-06-06 10:59:07] AdmnUsrsAction.INFO: ======= END AdmnUsrs Action (Single One) ================  
[2023-06-06 10:59:09] AdmnUsrsAction.INFO: ======= Start AdmnUsrs Action (Single One) ================  
[2023-06-06 10:59:09] AdmnUsrsAction.INFO: method : GET  
[2023-06-06 10:59:09] AdmnUsrsAction.INFO: contentType : application/json  
[2023-06-06 10:59:09] AdmnUsrsAction.INFO: Input Data : {"decoded":{"sub":"1","id":"1","userName":"super admin","userGroup":"1","email":"superadmin@example.com","iat":1686026828,"exp":1686113228}}  
[2023-06-06 10:59:09] AdmnUsrsAction.INFO: User Id : 9  
[2023-06-06 10:59:09] AdmnUsrsAction.INFO: ======= END AdmnUsrs Action (Single One) ================  
[2023-06-06 10:59:12] AdmnUsrsAction.INFO: ======= Start AdmnUsrs Action (UPDATE) ================  
[2023-06-06 10:59:12] AdmnUsrsAction.INFO: method : PUT  
[2023-06-06 10:59:12] AdmnUsrsAction.INFO: contentType : application/json  
[2023-06-06 10:59:12] AdmnUsrsAction.INFO: Input Data : {"userName":"frt","email":"q@e.uhj","groupId":"24","timeZone":"Africa\/Algiers","mobileNo":"342343","designation":"rtrt","adminStatus":"0","decoded":{"sub":"1","id":"1","userName":"super admin","userGroup":"1","email":"superadmin@example.com","iat":1686026828,"exp":1686113228}}  
[2023-06-06 10:59:12] AdmnUsrsAction.INFO: admin user id : 9  
[2023-06-06 10:59:12] AdmnUsrsAction.INFO: Insert Status : SUCCESS  
[2023-06-06 10:59:12] AdmnUsrsAction.INFO: ======= END AdmnUsrs Action (UPDATE) ================  
[2023-06-06 10:59:12] AdmnUsrsAction.INFO: ======= Start AdmnUsrs Action (List) ================  
[2023-06-06 10:59:12] AdmnUsrsAction.INFO: method : POST  
[2023-06-06 10:59:12] AdmnUsrsAction.INFO: contentType : application/json  
[2023-06-06 10:59:12] AdmnUsrsAction.INFO: Input Data : {"decoded":{"sub":"1","id":"1","userName":"super admin","userGroup":"1","email":"superadmin@example.com","iat":1686026828,"exp":1686113228}}  
[2023-06-06 10:59:12] AdmnUsrsAction.INFO: ======= END AdmnUsrs Action (List) ================  
[2023-06-06 10:59:18] AdmnUsrsAction.INFO: ======= Start AdmnUsrs Action (Single One) ================  
[2023-06-06 10:59:18] AdmnUsrsAction.INFO: method : GET  
[2023-06-06 10:59:18] AdmnUsrsAction.INFO: contentType : application/json  
[2023-06-06 10:59:18] AdmnUsrsAction.INFO: Input Data : {"decoded":{"sub":"1","id":"1","userName":"super admin","userGroup":"1","email":"superadmin@example.com","iat":1686026828,"exp":1686113228}}  
[2023-06-06 10:59:18] AdmnUsrsAction.INFO: User Id : 7  
[2023-06-06 10:59:18] AdmnUsrsAction.INFO: ======= END AdmnUsrs Action (Single One) ================  
[2023-06-06 11:08:56] AdmnUsrsAction.INFO: ======= Start AdmnUsrs Action (List) ================  
[2023-06-06 11:08:56] AdmnUsrsAction.INFO: method : POST  
[2023-06-06 11:08:56] AdmnUsrsAction.INFO: contentType : application/json  
[2023-06-06 11:08:56] AdmnUsrsAction.INFO: Input Data : {"decoded":{"sub":"1","id":"1","userName":"super admin","userGroup":"1","email":"superadmin@example.com","iat":1686026828,"exp":1686113228}}  
[2023-06-06 11:08:56] AdmnUsrsAction.INFO: ======= END AdmnUsrs Action (List) ================  
[2023-06-06 11:09:11] AdmnUsrsAction.INFO: ======= Start AdmnUsrs Action (List) ================  
[2023-06-06 11:09:11] AdmnUsrsAction.INFO: method : POST  
[2023-06-06 11:09:11] AdmnUsrsAction.INFO: contentType : application/json  
[2023-06-06 11:09:11] AdmnUsrsAction.INFO: Input Data : {"decoded":{"sub":"1","id":"1","userName":"super admin","userGroup":"1","email":"superadmin@example.com","iat":1686026828,"exp":1686113228}}  
[2023-06-06 11:09:11] AdmnUsrsAction.INFO: ======= END AdmnUsrs Action (List) ================  
[2023-06-06 11:09:29] AdmnUsrsAction.INFO: ======= Start AdmnUsrs Action (forgotPassword) ================  
[2023-06-06 11:09:29] AdmnUsrsAction.INFO: method : POST  
[2023-06-06 11:09:29] AdmnUsrsAction.INFO: contentType : application/json  
[2023-06-06 11:09:29] AdmnUsrsAction.INFO: Input Data : {"email":"ramkarthi12@gmail.com"}  
[2023-06-06 11:09:29] AdmnUsrsRepository.INFO: ======= Start AdmnUsrs Repository (forgotPassword) ================  
[2023-06-06 11:09:29] AdmnUsrsRepository.INFO: Input Data : {"email":"ramkarthi12@gmail.com"}  
[2023-06-06 11:09:46] AdmnUsrsAction.INFO: ======= Start AdmnUsrs Action (forgotPassword) ================  
[2023-06-06 11:09:46] AdmnUsrsAction.INFO: method : POST  
[2023-06-06 11:09:46] AdmnUsrsAction.INFO: contentType : application/json  
[2023-06-06 11:09:46] AdmnUsrsAction.INFO: Input Data : {"email":"ramkarthi12@gmail.com"}  
[2023-06-06 11:09:46] AdmnUsrsRepository.INFO: ======= Start AdmnUsrs Repository (forgotPassword) ================  
[2023-06-06 11:09:46] AdmnUsrsRepository.INFO: Input Data : {"email":"ramkarthi12@gmail.com"}  
[2023-06-06 11:10:14] AdmnUsrsAction.INFO: ======= Start AdmnUsrs Action (List) ================  
[2023-06-06 11:10:14] AdmnUsrsAction.INFO: method : POST  
[2023-06-06 11:10:14] AdmnUsrsAction.INFO: contentType : application/json  
[2023-06-06 11:10:14] AdmnUsrsAction.INFO: Input Data : {"decoded":{"sub":"1","id":"1","userName":"super admin","userGroup":"1","email":"superadmin@example.com","iat":1686026828,"exp":1686113228}}  
[2023-06-06 11:10:14] AdmnUsrsAction.INFO: ======= END AdmnUsrs Action (List) ================  
[2023-06-06 11:10:26] AdmnUsrsAction.INFO: ======= Start AdmnUsrs Action (forgotPassword) ================  
[2023-06-06 11:10:26] AdmnUsrsAction.INFO: method : POST  
[2023-06-06 11:10:26] AdmnUsrsAction.INFO: contentType : application/json  
[2023-06-06 11:10:26] AdmnUsrsAction.INFO: Input Data : {"email":"ramkarthi12@gmail.com"}  
[2023-06-06 11:10:26] AdmnUsrsRepository.INFO: ======= Start AdmnUsrs Repository (forgotPassword) ================  
[2023-06-06 11:10:26] AdmnUsrsRepository.INFO: Input Data : {"email":"ramkarthi12@gmail.com"}  
[2023-06-06 11:10:31] AdmnUsrsAction.INFO: ======= Start AdmnUsrs Action (List) ================  
[2023-06-06 11:10:31] AdmnUsrsAction.INFO: method : POST  
[2023-06-06 11:10:31] AdmnUsrsAction.INFO: contentType : application/json  
[2023-06-06 11:10:31] AdmnUsrsAction.INFO: Input Data : {"decoded":{"sub":"1","id":"1","userName":"super admin","userGroup":"1","email":"superadmin@example.com","iat":1686026828,"exp":1686113228}}  
[2023-06-06 11:10:31] AdmnUsrsAction.INFO: ======= END AdmnUsrs Action (List) ================  
[2023-06-06 11:11:06] AdmnUsrsAction.INFO: ======= Start AdmnUsrs Action (List) ================  
[2023-06-06 11:11:06] AdmnUsrsAction.INFO: method : POST  
[2023-06-06 11:11:06] AdmnUsrsAction.INFO: contentType : application/json  
[2023-06-06 11:11:06] AdmnUsrsAction.INFO: Input Data : {"decoded":{"sub":"1","id":"1","userName":"super admin","userGroup":"1","email":"superadmin@example.com","iat":1686026828,"exp":1686113228}}  
[2023-06-06 11:11:06] AdmnUsrsAction.INFO: ======= END AdmnUsrs Action (List) ================  
[2023-06-06 11:11:19] AdmnUsrsAction.INFO: ======= Start AdmnUsrs Action (forgotPassword) ================  
[2023-06-06 11:11:19] AdmnUsrsAction.INFO: method : POST  
[2023-06-06 11:11:19] AdmnUsrsAction.INFO: contentType : application/json  
[2023-06-06 11:11:19] AdmnUsrsAction.INFO: Input Data : {"email":"krishna.g@microsensenetworks.com"}  
[2023-06-06 11:11:19] AdmnUsrsRepository.INFO: ======= Start AdmnUsrs Repository (forgotPassword) ================  
[2023-06-06 11:11:19] AdmnUsrsRepository.INFO: Input Data : {"email":"krishna.g@microsensenetworks.com"}  
[2023-06-06 11:11:19] AdmnUsrsRepository.INFO: ======= Start sendResetpasswordEmail ================  
[2023-06-06 11:11:19] AdmnUsrsRepository.INFO: -- email : krishna.g@microsensenetworks.com  
[2023-06-06 11:11:19] AdmnUsrsRepository.INFO: -- emailname : micro  
[2023-06-06 11:11:19] AdmnUsrsRepository.INFO: -- resetCode : dTNtN1R2dGw3U0QzanV6Smk5TnkwQT09  
[2023-06-06 11:11:19] AdmnUsrsRepository.INFO: -- adminUrl : http://116.212.176.158:8083/projects/ottproduct/frted/v1/  
[2023-06-06 11:11:19] AdmnUsrsRepository.INFO: ======= Start Mailler ================  
[2023-06-06 11:11:19] AdmnUsrsRepository.INFO: -- toEmailId : krishna.g@microsensenetworks.com  
[2023-06-06 11:11:19] AdmnUsrsRepository.INFO: -- toEmailName : micro  
[2023-06-06 11:11:19] AdmnUsrsRepository.INFO: -- subject : Password Reset Request  
[2023-06-06 11:11:41] AdmnUsrsAction.INFO: ======= Start AdmnUsrs Action (List) ================  
[2023-06-06 11:11:41] AdmnUsrsAction.INFO: method : POST  
[2023-06-06 11:11:41] AdmnUsrsAction.INFO: contentType : application/json  
[2023-06-06 11:11:41] AdmnUsrsAction.INFO: Input Data : {"decoded":{"sub":"1","id":"1","userName":"super admin","userGroup":"1","email":"superadmin@example.com","iat":1686026828,"exp":1686113228}}  
[2023-06-06 11:11:41] AdmnUsrsAction.INFO: ======= END AdmnUsrs Action (List) ================  
[2023-06-06 11:11:53] AdmnUsrsAction.INFO: ======= Start AdmnUsrs Action (List) ================  
[2023-06-06 11:11:53] AdmnUsrsAction.INFO: method : POST  
[2023-06-06 11:11:53] AdmnUsrsAction.INFO: contentType : application/json  
[2023-06-06 11:11:53] AdmnUsrsAction.INFO: Input Data : {"decoded":{"sub":"1","id":"1","userName":"super admin","userGroup":"1","email":"superadmin@example.com","iat":1686026828,"exp":1686113228}}  
[2023-06-06 11:11:53] AdmnUsrsAction.INFO: ======= END AdmnUsrs Action (List) ================  
[2023-06-06 11:12:07] AdmnUsrsAction.INFO: ======= Start AdmnUsrs Action (List) ================  
[2023-06-06 11:12:07] AdmnUsrsAction.INFO: method : POST  
[2023-06-06 11:12:07] AdmnUsrsAction.INFO: contentType : application/json  
[2023-06-06 11:12:07] AdmnUsrsAction.INFO: Input Data : {"decoded":{"sub":"1","id":"1","userName":"super admin","userGroup":"1","email":"superadmin@example.com","iat":1686026828,"exp":1686113228}}  
[2023-06-06 11:12:07] AdmnUsrsAction.INFO: ======= END AdmnUsrs Action (List) ================  
[2023-06-06 11:12:22] AdmnUsrsAction.INFO: ======= Start AdmnUsrs Action (List) ================  
[2023-06-06 11:12:22] AdmnUsrsAction.INFO: method : POST  
[2023-06-06 11:12:22] AdmnUsrsAction.INFO: contentType : application/json  
[2023-06-06 11:12:22] AdmnUsrsAction.INFO: Input Data : {"decoded":{"sub":"1","id":"1","userName":"super admin","userGroup":"1","email":"superadmin@example.com","iat":1686026828,"exp":1686113228}}  
[2023-06-06 11:12:22] AdmnUsrsAction.INFO: ======= END AdmnUsrs Action (List) ================  
[2023-06-06 11:12:28] AdmnUsrsAction.INFO: ======= Start AdmnUsrs Action (List) ================  
[2023-06-06 11:12:28] AdmnUsrsAction.INFO: method : POST  
[2023-06-06 11:12:28] AdmnUsrsAction.INFO: contentType : application/json  
[2023-06-06 11:12:28] AdmnUsrsAction.INFO: Input Data : {"decoded":{"sub":"1","id":"1","userName":"super admin","userGroup":"1","email":"superadmin@example.com","iat":1686026828,"exp":1686113228}}  
[2023-06-06 11:12:28] AdmnUsrsAction.INFO: ======= END AdmnUsrs Action (List) ================  
[2023-06-06 11:12:43] AdmnUsrsAction.INFO: ======= Start AdmnUsrs Action (List) ================  
[2023-06-06 11:12:43] AdmnUsrsAction.INFO: method : POST  
[2023-06-06 11:12:43] AdmnUsrsAction.INFO: contentType : application/json  
[2023-06-06 11:12:43] AdmnUsrsAction.INFO: Input Data : {"decoded":{"sub":"1","id":"1","userName":"super admin","userGroup":"1","email":"superadmin@example.com","iat":1686026828,"exp":1686113228}}  
[2023-06-06 11:12:43] AdmnUsrsAction.INFO: ======= END AdmnUsrs Action (List) ================  
[2023-06-06 11:12:47] AdmnUsrsAction.INFO: ======= Start AdmnUsrs Action (List) ================  
[2023-06-06 11:12:47] AdmnUsrsAction.INFO: method : POST  
[2023-06-06 11:12:47] AdmnUsrsAction.INFO: contentType : application/json  
[2023-06-06 11:12:47] AdmnUsrsAction.INFO: Input Data : {"decoded":{"sub":"1","id":"1","userName":"super admin","userGroup":"1","email":"superadmin@example.com","iat":1686026828,"exp":1686113228}}  
[2023-06-06 11:12:47] AdmnUsrsAction.INFO: ======= END AdmnUsrs Action (List) ================  
[2023-06-06 11:12:54] AdmnUsrsAction.INFO: ======= Start AdmnUsrs Action (forgotPassword) ================  
[2023-06-06 11:12:54] AdmnUsrsAction.INFO: method : POST  
[2023-06-06 11:12:54] AdmnUsrsAction.INFO: contentType : application/json  
[2023-06-06 11:12:54] AdmnUsrsAction.INFO: Input Data : {"email":"krishna.g@microsensenetworks.com"}  
[2023-06-06 11:12:54] AdmnUsrsRepository.INFO: ======= Start AdmnUsrs Repository (forgotPassword) ================  
[2023-06-06 11:12:54] AdmnUsrsRepository.INFO: Input Data : {"email":"krishna.g@microsensenetworks.com"}  
[2023-06-06 11:12:54] AdmnUsrsRepository.INFO: ======= Start sendResetpasswordEmail ================  
[2023-06-06 11:12:54] AdmnUsrsRepository.INFO: -- email : krishna.g@microsensenetworks.com  
[2023-06-06 11:12:54] AdmnUsrsRepository.INFO: -- emailname : micro  
[2023-06-06 11:12:54] AdmnUsrsRepository.INFO: -- resetCode : S0x4RjVtR0hYZGhOUWszYzUrZVZBZz09  
[2023-06-06 11:12:54] AdmnUsrsRepository.INFO: -- adminUrl : http://116.212.176.158:8083/projects/ottproduct/frted/v1/  
[2023-06-06 11:12:54] AdmnUsrsRepository.INFO: ======= Start Mailler ================  
[2023-06-06 11:12:54] AdmnUsrsRepository.INFO: -- toEmailId : krishna.g@microsensenetworks.com  
[2023-06-06 11:12:54] AdmnUsrsRepository.INFO: -- toEmailName : micro  
[2023-06-06 11:12:54] AdmnUsrsRepository.INFO: -- subject : Password Reset Request  
[2023-06-06 11:12:58] AdmnUsrsRepository.INFO: -- mailstatus : SUCCESS  
[2023-06-06 11:12:58] AdmnUsrsRepository.INFO: -- status : SUCCESS  
[2023-06-06 11:12:58] AdmnUsrsRepository.INFO: ======= END sendResetpasswordEmail ================  
[2023-06-06 11:12:58] AdmnUsrsRepository.INFO: ======= END AdmnUsrs Repository (forgotPassword) ================  
[2023-06-06 11:12:58] AdmnUsrsAction.INFO: ======= END AdmnUsrs Action (Single One) ================  
[2023-06-06 11:13:50] AdmnUsrsAction.INFO: ======= Start AdmnUsrs Action (List) ================  
[2023-06-06 11:13:50] AdmnUsrsAction.INFO: method : POST  
[2023-06-06 11:13:50] AdmnUsrsAction.INFO: contentType : application/json  
[2023-06-06 11:13:50] AdmnUsrsAction.INFO: Input Data : {"decoded":{"sub":"1","id":"1","userName":"super admin","userGroup":"1","email":"superadmin@example.com","iat":1686026828,"exp":1686113228}}  
[2023-06-06 11:13:50] AdmnUsrsAction.INFO: ======= END AdmnUsrs Action (List) ================  
[2023-06-06 11:13:51] AdmnUsrsAction.INFO: ======= Start AdmnUsrs Action (forgotPassword) ================  
[2023-06-06 11:13:51] AdmnUsrsAction.INFO: method : POST  
[2023-06-06 11:13:51] AdmnUsrsAction.INFO: contentType : application/json  
[2023-06-06 11:13:51] AdmnUsrsAction.INFO: Input Data : {"email":"krishna.g@microsensenetworks.com"}  
[2023-06-06 11:13:51] AdmnUsrsRepository.INFO: ======= Start AdmnUsrs Repository (forgotPassword) ================  
[2023-06-06 11:13:51] AdmnUsrsRepository.INFO: Input Data : {"email":"krishna.g@microsensenetworks.com"}  
[2023-06-06 11:13:51] AdmnUsrsRepository.INFO: ======= Start sendResetpasswordEmail ================  
[2023-06-06 11:13:51] AdmnUsrsRepository.INFO: -- email : krishna.g@microsensenetworks.com  
[2023-06-06 11:13:51] AdmnUsrsRepository.INFO: -- emailname : micro  
[2023-06-06 11:13:51] AdmnUsrsRepository.INFO: -- resetCode : cnEzQVd6UG9GWGszcmdKY3V0ZlQyZz09  
[2023-06-06 11:13:51] AdmnUsrsRepository.INFO: -- adminUrl : http://116.212.176.158:8083/projects/ottproduct/frted/v1/  
[2023-06-06 11:13:51] AdmnUsrsRepository.INFO: ======= Start Mailler ================  
[2023-06-06 11:13:51] AdmnUsrsRepository.INFO: -- toEmailId : krishna.g@microsensenetworks.com  
[2023-06-06 11:13:51] AdmnUsrsRepository.INFO: -- toEmailName : micro  
[2023-06-06 11:13:51] AdmnUsrsRepository.INFO: -- subject : Password Reset Request  
[2023-06-06 11:14:00] AdmnUsrsAction.INFO: ======= Start AdmnUsrs Action (List) ================  
[2023-06-06 11:14:00] AdmnUsrsAction.INFO: method : POST  
[2023-06-06 11:14:00] AdmnUsrsAction.INFO: contentType : application/json  
[2023-06-06 11:14:00] AdmnUsrsAction.INFO: Input Data : {"decoded":{"sub":"1","id":"1","userName":"super admin","userGroup":"1","email":"superadmin@example.com","iat":1686026828,"exp":1686113228}}  
[2023-06-06 11:14:00] AdmnUsrsAction.INFO: ======= END AdmnUsrs Action (List) ================  
[2023-06-06 11:14:04] AdmnUsrsAction.INFO: ======= Start AdmnUsrs Action (List) ================  
[2023-06-06 11:14:04] AdmnUsrsAction.INFO: method : POST  
[2023-06-06 11:14:04] AdmnUsrsAction.INFO: contentType : application/json  
[2023-06-06 11:14:04] AdmnUsrsAction.INFO: Input Data : {"decoded":{"sub":"1","id":"1","userName":"super admin","userGroup":"1","email":"superadmin@example.com","iat":1686026828,"exp":1686113228}}  
[2023-06-06 11:14:04] AdmnUsrsAction.INFO: ======= END AdmnUsrs Action (List) ================  
[2023-06-06 11:15:00] AdmnUsrsAction.INFO: ======= Start AdmnUsrs Action (List) ================  
[2023-06-06 11:15:00] AdmnUsrsAction.INFO: method : POST  
[2023-06-06 11:15:00] AdmnUsrsAction.INFO: contentType : application/json  
[2023-06-06 11:15:00] AdmnUsrsAction.INFO: Input Data : {"decoded":{"sub":"1","id":"1","userName":"super admin","userGroup":"1","email":"superadmin@example.com","iat":1686026828,"exp":1686113228}}  
[2023-06-06 11:15:00] AdmnUsrsAction.INFO: ======= END AdmnUsrs Action (List) ================  
[2023-06-06 11:15:15] AdmnUsrsAction.INFO: ======= Start AdmnUsrs Action (List) ================  
[2023-06-06 11:15:15] AdmnUsrsAction.INFO: method : POST  
[2023-06-06 11:15:15] AdmnUsrsAction.INFO: contentType : application/json  
[2023-06-06 11:15:15] AdmnUsrsAction.INFO: Input Data : {"decoded":{"sub":"1","id":"1","userName":"super admin","userGroup":"1","email":"superadmin@example.com","iat":1686026828,"exp":1686113228}}  
[2023-06-06 11:15:15] AdmnUsrsAction.INFO: ======= END AdmnUsrs Action (List) ================  
[2023-06-06 11:16:48] AdmnUsrsAction.INFO: ======= Start AdmnUsrs Action (forgotPassword) ================  
[2023-06-06 11:16:48] AdmnUsrsAction.INFO: method : POST  
[2023-06-06 11:16:48] AdmnUsrsAction.INFO: contentType : application/json  
[2023-06-06 11:16:48] AdmnUsrsAction.INFO: Input Data : {"email":"krishna.g@microsensenetworks.com"}  
[2023-06-06 11:16:48] AdmnUsrsRepository.INFO: ======= Start AdmnUsrs Repository (forgotPassword) ================  
[2023-06-06 11:16:48] AdmnUsrsRepository.INFO: Input Data : {"email":"krishna.g@microsensenetworks.com"}  
[2023-06-06 11:16:48] AdmnUsrsRepository.INFO: ======= Start sendResetpasswordEmail ================  
[2023-06-06 11:16:48] AdmnUsrsRepository.INFO: -- email : krishna.g@microsensenetworks.com  
[2023-06-06 11:16:48] AdmnUsrsRepository.INFO: -- emailname : micro  
[2023-06-06 11:16:48] AdmnUsrsRepository.INFO: -- resetCode : WkdMZSt1VHlTMjlVajBUVENPdnFtZz09  
[2023-06-06 11:16:48] AdmnUsrsRepository.INFO: -- adminUrl : http://116.212.176.158:8083/projects/ottproduct/frted/v1/  
[2023-06-06 11:16:48] AdmnUsrsRepository.INFO: ======= Start Mailler ================  
[2023-06-06 11:16:48] AdmnUsrsRepository.INFO: -- toEmailId : krishna.g@microsensenetworks.com  
[2023-06-06 11:16:48] AdmnUsrsRepository.INFO: -- toEmailName : micro  
[2023-06-06 11:16:48] AdmnUsrsRepository.INFO: -- subject : Password Reset Request  
[2023-06-06 11:17:24] AdmnUsrsAction.INFO: ======= Start AdmnUsrs Action (forgotPassword) ================  
[2023-06-06 11:17:24] AdmnUsrsAction.INFO: method : POST  
[2023-06-06 11:17:24] AdmnUsrsAction.INFO: contentType : application/json  
[2023-06-06 11:17:24] AdmnUsrsAction.INFO: Input Data : {"email":"krishna.g@microsensenetworks.com"}  
[2023-06-06 11:17:24] AdmnUsrsRepository.INFO: ======= Start AdmnUsrs Repository (forgotPassword) ================  
[2023-06-06 11:17:24] AdmnUsrsRepository.INFO: Input Data : {"email":"krishna.g@microsensenetworks.com"}  
[2023-06-06 11:17:24] AdmnUsrsRepository.INFO: ======= Start sendResetpasswordEmail ================  
[2023-06-06 11:17:24] AdmnUsrsRepository.INFO: -- email : krishna.g@microsensenetworks.com  
[2023-06-06 11:17:24] AdmnUsrsRepository.INFO: -- emailname : micro  
[2023-06-06 11:17:24] AdmnUsrsRepository.INFO: -- resetCode : Z3RsRGNPMlZkblB0RWplU0NTNE1Udz09  
[2023-06-06 11:17:24] AdmnUsrsRepository.INFO: -- adminUrl : http://116.212.176.158:8083/projects/ottproduct/frted/v1/  
[2023-06-06 11:17:24] AdmnUsrsRepository.INFO: ======= Start Mailler ================  
[2023-06-06 11:17:24] AdmnUsrsRepository.INFO: -- toEmailId : krishna.g@microsensenetworks.com  
[2023-06-06 11:17:24] AdmnUsrsRepository.INFO: -- toEmailName : micro  
[2023-06-06 11:17:24] AdmnUsrsRepository.INFO: -- subject : Password Reset Request  
[2023-06-06 11:17:28] AdmnUsrsRepository.INFO: -- mailstatus : SUCCESS  
[2023-06-06 11:17:28] AdmnUsrsRepository.INFO: -- status : SUCCESS  
[2023-06-06 11:17:28] AdmnUsrsRepository.INFO: ======= END sendResetpasswordEmail ================  
[2023-06-06 11:17:28] AdmnUsrsRepository.INFO: ======= END AdmnUsrs Repository (forgotPassword) ================  
[2023-06-06 11:17:28] AdmnUsrsAction.INFO: ======= END AdmnUsrs Action (Single One) ================  
[2023-06-06 11:52:55] AdmnUsrsAction.INFO: ======= Start AdmnUsrs Action (List) ================  
[2023-06-06 11:52:55] AdmnUsrsAction.INFO: method : POST  
[2023-06-06 11:52:55] AdmnUsrsAction.INFO: contentType : application/json  
[2023-06-06 11:52:55] AdmnUsrsAction.INFO: Input Data : {"decoded":{"sub":"1","id":"1","userName":"super admin","userGroup":"1","email":"superadmin@example.com","iat":1686026828,"exp":1686113228}}  
[2023-06-06 11:52:55] AdmnUsrsAction.INFO: ======= END AdmnUsrs Action (List) ================  
[2023-06-06 11:52:57] AdmnUsrsAction.INFO: ======= Start AdmnUsrs Action (forgotPassword) ================  
[2023-06-06 11:52:57] AdmnUsrsAction.INFO: method : POST  
[2023-06-06 11:52:57] AdmnUsrsAction.INFO: contentType : application/json  
[2023-06-06 11:52:57] AdmnUsrsAction.INFO: Input Data : {"email":"krishna.g@microsensenetworks.com"}  
[2023-06-06 11:52:57] AdmnUsrsRepository.INFO: ======= Start AdmnUsrs Repository (forgotPassword) ================  
[2023-06-06 11:52:57] AdmnUsrsRepository.INFO: Input Data : {"email":"krishna.g@microsensenetworks.com"}  
[2023-06-06 11:52:57] AdmnUsrsRepository.INFO: ======= Start sendResetpasswordEmail ================  
[2023-06-06 11:52:57] AdmnUsrsRepository.INFO: -- email : krishna.g@microsensenetworks.com  
[2023-06-06 11:52:57] AdmnUsrsRepository.INFO: -- emailname : micro  
[2023-06-06 11:52:57] AdmnUsrsRepository.INFO: -- resetCode : Y1FlVm4zVXhEL0kyd2lMUjFiZVNHdz09  
[2023-06-06 11:52:57] AdmnUsrsRepository.INFO: -- adminUrl : http://116.212.176.158:8083/projects/ottproduct/frted/v1/  
[2023-06-06 11:52:57] AdmnUsrsRepository.INFO: ======= Start Mailler ================  
[2023-06-06 11:52:57] AdmnUsrsRepository.INFO: -- toEmailId : krishna.g@microsensenetworks.com  
[2023-06-06 11:52:57] AdmnUsrsRepository.INFO: -- toEmailName : micro  
[2023-06-06 11:52:57] AdmnUsrsRepository.INFO: -- subject : Password Reset Request  
[2023-06-06 11:53:01] AdmnUsrsRepository.INFO: -- mailstatus : SUCCESS  
[2023-06-06 11:53:01] AdmnUsrsRepository.INFO: -- status : SUCCESS  
[2023-06-06 11:53:01] AdmnUsrsRepository.INFO: ======= END sendResetpasswordEmail ================  
[2023-06-06 11:53:01] AdmnUsrsRepository.INFO: ======= END AdmnUsrs Repository (forgotPassword) ================  
[2023-06-06 11:53:01] AdmnUsrsAction.INFO: ======= END AdmnUsrs Action (Single One) ================  
[2023-06-06 11:53:09] AdmnUsrsAction.INFO: ======= Start AdmnUsrs Action (forgotPassword) ================  
[2023-06-06 11:53:09] AdmnUsrsAction.INFO: method : POST  
[2023-06-06 11:53:09] AdmnUsrsAction.INFO: contentType : application/json  
[2023-06-06 11:53:09] AdmnUsrsAction.INFO: Input Data : {"email":"krishna.g@microsensenetworks.com"}  
[2023-06-06 11:53:09] AdmnUsrsRepository.INFO: ======= Start AdmnUsrs Repository (forgotPassword) ================  
[2023-06-06 11:53:09] AdmnUsrsRepository.INFO: Input Data : {"email":"krishna.g@microsensenetworks.com"}  
[2023-06-06 11:53:09] AdmnUsrsRepository.INFO: ======= Start sendResetpasswordEmail ================  
[2023-06-06 11:53:09] AdmnUsrsRepository.INFO: -- email : krishna.g@microsensenetworks.com  
[2023-06-06 11:53:09] AdmnUsrsRepository.INFO: -- emailname : micro  
[2023-06-06 11:53:09] AdmnUsrsRepository.INFO: -- resetCode : WHl1bG8zM3p3b1RDTkNJd1Q4aDNQdz09  
[2023-06-06 11:53:09] AdmnUsrsRepository.INFO: -- adminUrl : http://116.212.176.158:8083/projects/ottproduct/frted/v1/  
[2023-06-06 11:53:09] AdmnUsrsRepository.INFO: ======= Start Mailler ================  
[2023-06-06 11:53:09] AdmnUsrsRepository.INFO: -- toEmailId : krishna.g@microsensenetworks.com  
[2023-06-06 11:53:09] AdmnUsrsRepository.INFO: -- toEmailName : micro  
[2023-06-06 11:53:09] AdmnUsrsRepository.INFO: -- subject : Password Reset Request  
[2023-06-06 11:53:13] AdmnUsrsRepository.INFO: -- mailstatus : SUCCESS  
[2023-06-06 11:53:13] AdmnUsrsRepository.INFO: -- status : SUCCESS  
[2023-06-06 11:53:13] AdmnUsrsRepository.INFO: ======= END sendResetpasswordEmail ================  
[2023-06-06 11:53:13] AdmnUsrsRepository.INFO: ======= END AdmnUsrs Repository (forgotPassword) ================  
[2023-06-06 11:53:13] AdmnUsrsAction.INFO: ======= END AdmnUsrs Action (Single One) ================  
[2023-06-06 11:53:46] AdmnUsrsAction.INFO: ======= Start AdmnUsrs Action (List) ================  
[2023-06-06 11:53:46] AdmnUsrsAction.INFO: method : POST  
[2023-06-06 11:53:46] AdmnUsrsAction.INFO: contentType : application/json  
[2023-06-06 11:53:46] AdmnUsrsAction.INFO: Input Data : {"decoded":{"sub":"1","id":"1","userName":"super admin","userGroup":"1","email":"superadmin@example.com","iat":1686026828,"exp":1686113228}}  
[2023-06-06 11:53:46] AdmnUsrsAction.INFO: ======= END AdmnUsrs Action (List) ================  
[2023-06-06 11:54:15] AdmnUsrsAction.INFO: ======= Start AdmnUsrs Action (forgotPassword) ================  
[2023-06-06 11:54:15] AdmnUsrsAction.INFO: method : POST  
[2023-06-06 11:54:15] AdmnUsrsAction.INFO: contentType : application/json  
[2023-06-06 11:54:15] AdmnUsrsAction.INFO: Input Data : {"email":"krishna.g@microsensenetworks.com"}  
[2023-06-06 11:54:15] AdmnUsrsRepository.INFO: ======= Start AdmnUsrs Repository (forgotPassword) ================  
[2023-06-06 11:54:15] AdmnUsrsRepository.INFO: Input Data : {"email":"krishna.g@microsensenetworks.com"}  
[2023-06-06 11:54:15] AdmnUsrsRepository.INFO: ======= Start sendResetpasswordEmail ================  
[2023-06-06 11:54:15] AdmnUsrsRepository.INFO: -- email : krishna.g@microsensenetworks.com  
[2023-06-06 11:54:15] AdmnUsrsRepository.INFO: -- emailname : micro  
[2023-06-06 11:54:15] AdmnUsrsRepository.INFO: -- resetCode : TWtMNkZ6aTVvV2Y2MTJ0Lzk1MWEydz09  
[2023-06-06 11:54:15] AdmnUsrsRepository.INFO: -- adminUrl : http://116.212.176.158:8083/projects/ottproduct/frted/v1/  
[2023-06-06 11:54:15] AdmnUsrsRepository.INFO: ======= Start Mailler ================  
[2023-06-06 11:54:15] AdmnUsrsRepository.INFO: -- toEmailId : krishna.g@microsensenetworks.com  
[2023-06-06 11:54:15] AdmnUsrsRepository.INFO: -- toEmailName : micro  
[2023-06-06 11:54:15] AdmnUsrsRepository.INFO: -- subject : Password Reset Request  
[2023-06-06 11:54:19] AdmnUsrsRepository.INFO: -- mailstatus : SUCCESS  
[2023-06-06 11:54:19] AdmnUsrsRepository.INFO: -- status : SUCCESS  
[2023-06-06 11:54:19] AdmnUsrsRepository.INFO: ======= END sendResetpasswordEmail ================  
[2023-06-06 11:54:19] AdmnUsrsRepository.INFO: ======= END AdmnUsrs Repository (forgotPassword) ================  
[2023-06-06 11:54:19] AdmnUsrsAction.INFO: ======= END AdmnUsrs Action (Single One) ================  
[2023-06-06 11:54:36] AdmnUsrsAction.INFO: ======= Start AdmnUsrs Action (forgotPassword) ================  
[2023-06-06 11:54:36] AdmnUsrsAction.INFO: method : POST  
[2023-06-06 11:54:36] AdmnUsrsAction.INFO: contentType : application/json  
[2023-06-06 11:54:36] AdmnUsrsAction.INFO: Input Data : {"email":"krishna.g@microsensenetworks.com"}  
[2023-06-06 11:54:36] AdmnUsrsRepository.INFO: ======= Start AdmnUsrs Repository (forgotPassword) ================  
[2023-06-06 11:54:36] AdmnUsrsRepository.INFO: Input Data : {"email":"krishna.g@microsensenetworks.com"}  
[2023-06-06 11:54:36] AdmnUsrsRepository.INFO: ======= Start sendResetpasswordEmail ================  
[2023-06-06 11:54:36] AdmnUsrsRepository.INFO: -- email : krishna.g@microsensenetworks.com  
[2023-06-06 11:54:36] AdmnUsrsRepository.INFO: -- emailname : micro  
[2023-06-06 11:54:36] AdmnUsrsRepository.INFO: -- resetCode : K00wbklUZWdPNWVCbVkveDJXVTYwQT09  
[2023-06-06 11:54:36] AdmnUsrsRepository.INFO: -- adminUrl : http://116.212.176.158:8083/projects/ottproduct/frted/v1/  
[2023-06-06 11:54:36] AdmnUsrsRepository.INFO: ======= Start Mailler ================  
[2023-06-06 11:54:36] AdmnUsrsRepository.INFO: -- toEmailId : krishna.g@microsensenetworks.com  
[2023-06-06 11:54:36] AdmnUsrsRepository.INFO: -- toEmailName : micro  
[2023-06-06 11:54:36] AdmnUsrsRepository.INFO: -- subject : Password Reset Request  
[2023-06-06 11:54:40] AdmnUsrsRepository.INFO: -- mailstatus : SUCCESS  
[2023-06-06 11:54:40] AdmnUsrsRepository.INFO: -- status : SUCCESS  
[2023-06-06 11:54:40] AdmnUsrsRepository.INFO: ======= END sendResetpasswordEmail ================  
[2023-06-06 11:54:40] AdmnUsrsRepository.INFO: ======= END AdmnUsrs Repository (forgotPassword) ================  
[2023-06-06 11:54:40] AdmnUsrsAction.INFO: ======= END AdmnUsrs Action (Single One) ================  
[2023-06-06 11:55:47] AdmnUsrsAction.INFO: ======= Start AdmnUsrs Action (forgotPassword) ================  
[2023-06-06 11:55:47] AdmnUsrsAction.INFO: method : POST  
[2023-06-06 11:55:47] AdmnUsrsAction.INFO: contentType : application/json  
[2023-06-06 11:55:47] AdmnUsrsAction.INFO: Input Data : {"email":"krishna.g@microsensenetworks.com"}  
[2023-06-06 11:55:47] AdmnUsrsRepository.INFO: ======= Start AdmnUsrs Repository (forgotPassword) ================  
[2023-06-06 11:55:47] AdmnUsrsRepository.INFO: Input Data : {"email":"krishna.g@microsensenetworks.com"}  
[2023-06-06 11:55:47] AdmnUsrsRepository.INFO: ======= Start sendResetpasswordEmail ================  
[2023-06-06 11:55:47] AdmnUsrsRepository.INFO: -- email : krishna.g@microsensenetworks.com  
[2023-06-06 11:55:47] AdmnUsrsRepository.INFO: -- emailname : micro  
[2023-06-06 11:55:47] AdmnUsrsRepository.INFO: -- resetCode : VmpMdTdEUng1alBhTDR4ODgwOEZvZz09  
[2023-06-06 11:55:47] AdmnUsrsRepository.INFO: -- adminUrl : http://116.212.176.158:8083/projects/ottproduct/frted/v1/  
[2023-06-06 11:55:47] AdmnUsrsRepository.INFO: ======= Start Mailler ================  
[2023-06-06 11:55:47] AdmnUsrsRepository.INFO: -- toEmailId : krishna.g@microsensenetworks.com  
[2023-06-06 11:55:47] AdmnUsrsRepository.INFO: -- toEmailName : micro  
[2023-06-06 11:55:47] AdmnUsrsRepository.INFO: -- subject : Password Reset Request  
[2023-06-06 11:55:51] AdmnUsrsRepository.INFO: -- mailstatus : SUCCESS  
[2023-06-06 11:55:51] AdmnUsrsRepository.INFO: -- status : SUCCESS  
[2023-06-06 11:55:51] AdmnUsrsRepository.INFO: ======= END sendResetpasswordEmail ================  
[2023-06-06 11:55:51] AdmnUsrsRepository.INFO: ======= END AdmnUsrs Repository (forgotPassword) ================  
[2023-06-06 11:55:51] AdmnUsrsAction.INFO: ======= END AdmnUsrs Action (Single One) ================  
[2023-06-06 11:56:16] AdmnUsrsAction.INFO: ======= Start AdmnUsrs Action (forgotPassword) ================  
[2023-06-06 11:56:16] AdmnUsrsAction.INFO: method : POST  
[2023-06-06 11:56:16] AdmnUsrsAction.INFO: contentType : application/json  
[2023-06-06 11:56:16] AdmnUsrsAction.INFO: Input Data : {"email":"krishna.g@microsensenetworks.com"}  
[2023-06-06 11:56:16] AdmnUsrsRepository.INFO: ======= Start AdmnUsrs Repository (forgotPassword) ================  
[2023-06-06 11:56:16] AdmnUsrsRepository.INFO: Input Data : {"email":"krishna.g@microsensenetworks.com"}  
[2023-06-06 11:56:16] AdmnUsrsRepository.INFO: ======= Start sendResetpasswordEmail ================  
[2023-06-06 11:56:16] AdmnUsrsRepository.INFO: -- email : krishna.g@microsensenetworks.com  
[2023-06-06 11:56:16] AdmnUsrsRepository.INFO: -- emailname : micro  
[2023-06-06 11:56:16] AdmnUsrsRepository.INFO: -- resetCode : SzhZdVNrN201b3ZRZ2hzSUovemRRUT09  
[2023-06-06 11:56:16] AdmnUsrsRepository.INFO: -- adminUrl : http://116.212.176.158:8083/projects/ottproduct/frted/v1/  
[2023-06-06 11:56:16] AdmnUsrsRepository.INFO: ======= Start Mailler ================  
[2023-06-06 11:56:16] AdmnUsrsRepository.INFO: -- toEmailId : krishna.g@microsensenetworks.com  
[2023-06-06 11:56:16] AdmnUsrsRepository.INFO: -- toEmailName : micro  
[2023-06-06 11:56:16] AdmnUsrsRepository.INFO: -- subject : Password Reset Request  
[2023-06-06 11:56:19] AdmnUsrsRepository.INFO: -- mailstatus : SUCCESS  
[2023-06-06 11:56:19] AdmnUsrsRepository.INFO: -- status : SUCCESS  
[2023-06-06 11:56:19] AdmnUsrsRepository.INFO: ======= END sendResetpasswordEmail ================  
[2023-06-06 11:56:19] AdmnUsrsRepository.INFO: ======= END AdmnUsrs Repository (forgotPassword) ================  
[2023-06-06 11:56:19] AdmnUsrsAction.INFO: ======= END AdmnUsrs Action (Single One) ================  
