[2023-06-15 04:47:58] BrandAction.INFO: ======= Start Brand Action (VIEW)================  
[2023-06-15 04:47:58] BrandAction.INFO: method : POST  
[2023-06-15 04:47:58] BrandAction.INFO: contentType : application/json  
[2023-06-15 04:47:58] BrandAction.INFO: Input Data : {"decoded":{"sub":"1","id":"1","userName":"super admin","userGroup":"1","email":"superadmin@msense.in","hotelId":"1","brandId":null,"iat":1686804464,"exp":1686890864}}  
[2023-06-15 04:47:58] BrandModel.INFO: Query : call SP_AddandEditBrand('VIEW','','',0,0)  
[2023-06-15 04:47:58] BrandAction.INFO: ======= END Brand Action (VIEW)================  
[2023-06-15 04:49:41] BrandAction.INFO: ======= Start Brand Action (VIEW)================  
[2023-06-15 04:49:41] BrandAction.INFO: method : POST  
[2023-06-15 04:49:41] BrandAction.INFO: contentType : application/json  
[2023-06-15 04:49:41] BrandAction.INFO: Input Data : {"decoded":{"sub":"1","id":"1","userName":"super admin","userGroup":"1","email":"superadmin@msense.in","hotelId":"1","brandId":null,"iat":1686804464,"exp":1686890864}}  
[2023-06-15 04:49:41] BrandModel.INFO: Query : call SP_AddandEditBrand('VIEW','','',0,0)  
[2023-06-15 04:49:41] BrandAction.INFO: ======= END Brand Action (VIEW)================  
[2023-06-15 04:53:50] BrandAction.INFO: ======= Start Brand Action (VIEW)================  
[2023-06-15 04:53:50] BrandAction.INFO: method : POST  
[2023-06-15 04:53:50] BrandAction.INFO: contentType : application/json  
[2023-06-15 04:53:50] BrandAction.INFO: Input Data : {"decoded":{"sub":"1","id":"1","userName":"super admin","userGroup":"1","email":"superadmin@msense.in","hotelId":"1","brandId":null,"iat":1686803247,"exp":1686889647}}  
[2023-06-15 04:53:50] BrandModel.INFO: Query : call SP_AddandEditBrand('VIEW','','',0,0)  
[2023-06-15 04:53:50] BrandAction.INFO: ======= END Brand Action (VIEW)================  
[2023-06-15 04:59:00] BrandAction.INFO: ======= Start Brand Action (VIEW)================  
[2023-06-15 04:59:00] BrandAction.INFO: method : POST  
[2023-06-15 04:59:00] BrandAction.INFO: contentType : application/json  
[2023-06-15 04:59:00] BrandAction.INFO: Input Data : {"decoded":{"sub":"1","id":"1","userName":"super admin","userGroup":"1","email":"superadmin@msense.in","hotelId":"1","brandId":null,"iat":1686803247,"exp":1686889647}}  
[2023-06-15 04:59:00] BrandModel.INFO: Query : call SP_AddandEditBrand('VIEW','','',0,0)  
[2023-06-15 04:59:00] BrandAction.INFO: ======= END Brand Action (VIEW)================  
[2023-06-15 04:59:53] BrandAction.INFO: ======= Start Brand Action (VIEW)================  
[2023-06-15 04:59:53] BrandAction.INFO: method : POST  
[2023-06-15 04:59:53] BrandAction.INFO: contentType : application/json  
[2023-06-15 04:59:53] BrandAction.INFO: Input Data : {"decoded":{"sub":"1","id":"1","userName":"super admin","userGroup":"1","email":"superadmin@msense.in","hotelId":"1","brandId":null,"iat":1686803247,"exp":1686889647}}  
[2023-06-15 04:59:53] BrandModel.INFO: Query : call SP_AddandEditBrand('VIEW','','',0,0)  
[2023-06-15 04:59:53] BrandAction.INFO: ======= END Brand Action (VIEW)================  
[2023-06-15 05:00:01] BrandAction.INFO: ======= Start Brand Action (VIEW)================  
[2023-06-15 05:00:01] BrandAction.INFO: method : POST  
[2023-06-15 05:00:01] BrandAction.INFO: contentType : application/json  
[2023-06-15 05:00:01] BrandAction.INFO: Input Data : {"decoded":{"sub":"1","id":"1","userName":"super admin","userGroup":"1","email":"superadmin@msense.in","hotelId":"1","brandId":null,"iat":1686803247,"exp":1686889647}}  
[2023-06-15 05:00:01] BrandModel.INFO: Query : call SP_AddandEditBrand('VIEW','','',0,0)  
[2023-06-15 05:00:01] BrandAction.INFO: ======= END Brand Action (VIEW)================  
[2023-06-15 05:00:50] BrandAction.INFO: ======= Start Brand Action (VIEW)================  
[2023-06-15 05:00:50] BrandAction.INFO: method : POST  
[2023-06-15 05:00:50] BrandAction.INFO: contentType : application/json  
[2023-06-15 05:00:50] BrandAction.INFO: Input Data : {"decoded":{"sub":"1","id":"1","userName":"super admin","userGroup":"1","email":"superadmin@msense.in","hotelId":"1","brandId":null,"iat":1686803247,"exp":1686889647}}  
[2023-06-15 05:00:50] BrandModel.INFO: Query : call SP_AddandEditBrand('VIEW','','',0,0)  
[2023-06-15 05:00:50] BrandAction.INFO: ======= END Brand Action (VIEW)================  
[2023-06-15 05:02:10] BrandAction.INFO: ======= Start Brand Action (VIEW)================  
[2023-06-15 05:02:10] BrandAction.INFO: method : POST  
[2023-06-15 05:02:10] BrandAction.INFO: contentType : application/json  
[2023-06-15 05:02:10] BrandAction.INFO: Input Data : {"decoded":{"sub":"1","id":"1","userName":"super admin","userGroup":"1","email":"superadmin@msense.in","hotelId":"1","brandId":null,"iat":1686803247,"exp":1686889647}}  
[2023-06-15 05:02:10] BrandModel.INFO: Query : call SP_AddandEditBrand('VIEW','','',0,0)  
[2023-06-15 05:02:10] BrandAction.INFO: ======= END Brand Action (VIEW)================  
[2023-06-15 05:02:55] BrandAction.INFO: ======= Start Brand Action (VIEW)================  
[2023-06-15 05:02:55] BrandAction.INFO: method : POST  
[2023-06-15 05:02:55] BrandAction.INFO: contentType : application/json  
[2023-06-15 05:02:55] BrandAction.INFO: Input Data : {"decoded":{"sub":"1","id":"1","userName":"super admin","userGroup":"1","email":"superadmin@msense.in","hotelId":"1","brandId":null,"iat":1686803247,"exp":1686889647}}  
[2023-06-15 05:02:55] BrandModel.INFO: Query : call SP_AddandEditBrand('VIEW','','',0,0)  
[2023-06-15 05:02:55] BrandAction.INFO: ======= END Brand Action (VIEW)================  
[2023-06-15 05:02:56] BrandAction.INFO: ======= Start Brand Action (VIEW)================  
[2023-06-15 05:02:56] BrandAction.INFO: method : POST  
[2023-06-15 05:02:56] BrandAction.INFO: contentType : application/json  
[2023-06-15 05:02:56] BrandAction.INFO: Input Data : {"decoded":{"sub":"1","id":"1","userName":"super admin","userGroup":"1","email":"superadmin@msense.in","hotelId":"1","brandId":null,"iat":1686803247,"exp":1686889647}}  
[2023-06-15 05:02:56] BrandModel.INFO: Query : call SP_AddandEditBrand('VIEW','','',0,0)  
[2023-06-15 05:02:56] BrandAction.INFO: ======= END Brand Action (VIEW)================  
[2023-06-15 05:05:31] BrandAction.INFO: ======= Start Brand Action (VIEW)================  
[2023-06-15 05:05:31] BrandAction.INFO: method : POST  
[2023-06-15 05:05:31] BrandAction.INFO: contentType : application/json  
[2023-06-15 05:05:31] BrandAction.INFO: Input Data : {"decoded":{"sub":"1","id":"1","userName":"super admin","userGroup":"1","email":"superadmin@msense.in","hotelId":"1","brandId":null,"iat":1686803247,"exp":1686889647}}  
[2023-06-15 05:05:31] BrandModel.INFO: Query : call SP_AddandEditBrand('VIEW','','',0,0)  
[2023-06-15 05:05:31] BrandAction.INFO: ======= END Brand Action (VIEW)================  
[2023-06-15 05:05:45] BrandAction.INFO: ======= Start Brand Action (VIEW)================  
[2023-06-15 05:05:45] BrandAction.INFO: method : POST  
[2023-06-15 05:05:45] BrandAction.INFO: contentType : application/json  
[2023-06-15 05:05:45] BrandAction.INFO: Input Data : {"decoded":{"sub":"1","id":"1","userName":"super admin","userGroup":"1","email":"superadmin@msense.in","hotelId":"1","brandId":null,"iat":1686803247,"exp":1686889647}}  
[2023-06-15 05:05:45] BrandModel.INFO: Query : call SP_AddandEditBrand('VIEW','','',0,0)  
[2023-06-15 05:05:45] BrandAction.INFO: ======= END Brand Action (VIEW)================  
[2023-06-15 05:07:06] BrandAction.INFO: ======= Start Brand Action (VIEW)================  
[2023-06-15 05:07:06] BrandAction.INFO: method : POST  
[2023-06-15 05:07:06] BrandAction.INFO: contentType : application/json  
[2023-06-15 05:07:06] BrandAction.INFO: Input Data : {"decoded":{"sub":"1","id":"1","userName":"super admin","userGroup":"1","email":"superadmin@msense.in","hotelId":"1","brandId":null,"iat":1686803247,"exp":1686889647}}  
[2023-06-15 05:07:06] BrandModel.INFO: Query : call SP_AddandEditBrand('VIEW','','',0,0)  
[2023-06-15 05:07:06] BrandAction.INFO: ======= END Brand Action (VIEW)================  
[2023-06-15 05:08:19] BrandAction.INFO: ======= Start Brand Action (VIEW)================  
[2023-06-15 05:08:19] BrandAction.INFO: method : POST  
[2023-06-15 05:08:19] BrandAction.INFO: contentType : application/json  
[2023-06-15 05:08:19] BrandAction.INFO: Input Data : {"decoded":{"sub":"1","id":"1","userName":"super admin","userGroup":"1","email":"superadmin@msense.in","hotelId":"1","brandId":null,"iat":1686803247,"exp":1686889647}}  
[2023-06-15 05:08:19] BrandModel.INFO: Query : call SP_AddandEditBrand('VIEW','','',0,0)  
[2023-06-15 05:08:19] BrandAction.INFO: ======= END Brand Action (VIEW)================  
[2023-06-15 05:10:04] BrandAction.INFO: ======= Start Brand Action (VIEW)================  
[2023-06-15 05:10:04] BrandAction.INFO: method : POST  
[2023-06-15 05:10:04] BrandAction.INFO: contentType : application/json  
[2023-06-15 05:10:04] BrandAction.INFO: Input Data : {"decoded":{"sub":"1","id":"1","userName":"super admin","userGroup":"1","email":"superadmin@msense.in","hotelId":"1","brandId":null,"iat":1686803247,"exp":1686889647}}  
[2023-06-15 05:10:04] BrandModel.INFO: Query : call SP_AddandEditBrand('VIEW','','',0,0)  
[2023-06-15 05:10:05] BrandAction.INFO: ======= END Brand Action (VIEW)================  
[2023-06-15 05:10:16] BrandAction.INFO: ======= Start Brand Action (VIEW)================  
[2023-06-15 05:10:16] BrandAction.INFO: method : POST  
[2023-06-15 05:10:16] BrandAction.INFO: contentType : application/json  
[2023-06-15 05:10:16] BrandAction.INFO: Input Data : {"decoded":{"sub":"1","id":"1","userName":"super admin","userGroup":"1","email":"superadmin@msense.in","hotelId":"1","brandId":null,"iat":1686803247,"exp":1686889647}}  
[2023-06-15 05:10:16] BrandModel.INFO: Query : call SP_AddandEditBrand('VIEW','','',0,0)  
[2023-06-15 05:10:16] BrandAction.INFO: ======= END Brand Action (VIEW)================  
[2023-06-15 05:11:07] BrandAction.INFO: ======= Start Brand Action (VIEW)================  
[2023-06-15 05:11:07] BrandAction.INFO: method : POST  
[2023-06-15 05:11:07] BrandAction.INFO: contentType : application/json  
[2023-06-15 05:11:07] BrandAction.INFO: Input Data : {"decoded":{"sub":"1","id":"1","userName":"super admin","userGroup":"1","email":"superadmin@msense.in","hotelId":"1","brandId":null,"iat":1686804464,"exp":1686890864}}  
[2023-06-15 05:11:07] BrandModel.INFO: Query : call SP_AddandEditBrand('VIEW','','',0,0)  
[2023-06-15 05:11:07] BrandAction.INFO: ======= END Brand Action (VIEW)================  
[2023-06-15 11:12:05] BrandAction.INFO: ======= Start Brand Action (VIEW)================  
[2023-06-15 11:12:05] BrandAction.INFO: method : POST  
[2023-06-15 11:12:05] BrandAction.INFO: contentType : application/json  
[2023-06-15 11:12:05] BrandAction.INFO: Input Data : {"decoded":{"sub":"1","id":"1","userName":"super admin","userGroup":"1","email":"superadmin@msense.in","hotelId":"1","brandId":null,"iat":1686804464,"exp":1686890864}}  
[2023-06-15 11:12:05] BrandModel.INFO: Query : call SP_AddandEditBrand('VIEW','','',0,0)  
[2023-06-15 11:12:05] BrandAction.INFO: ======= END Brand Action (VIEW)================  
[2023-06-15 11:14:03] BrandAction.INFO: ======= Start Brand Action (VIEW)================  
[2023-06-15 11:14:03] BrandAction.INFO: method : POST  
[2023-06-15 11:14:03] BrandAction.INFO: contentType : application/json  
[2023-06-15 11:14:03] BrandAction.INFO: Input Data : {"decoded":{"sub":"1","id":"1","userName":"super admin","userGroup":"1","email":"superadmin@msense.in","hotelId":"1","brandId":null,"iat":1686804464,"exp":1686890864}}  
[2023-06-15 11:14:03] BrandModel.INFO: Query : call SP_AddandEditBrand('VIEW','','',0,0)  
[2023-06-15 11:14:03] BrandAction.INFO: ======= END Brand Action (VIEW)================  
[2023-06-15 11:14:33] BrandAction.INFO: ======= Start Brand Action (VIEW)================  
[2023-06-15 11:14:33] BrandAction.INFO: method : POST  
[2023-06-15 11:14:33] BrandAction.INFO: contentType : application/json  
[2023-06-15 11:14:33] BrandAction.INFO: Input Data : {"decoded":{"sub":"1","id":"1","userName":"super admin","userGroup":"1","email":"superadmin@msense.in","hotelId":"1","brandId":null,"iat":1686804464,"exp":1686890864}}  
[2023-06-15 11:14:33] BrandModel.INFO: Query : call SP_AddandEditBrand('VIEW','','',0,0)  
[2023-06-15 11:14:33] BrandAction.INFO: ======= END Brand Action (VIEW)================  
[2023-06-15 11:14:54] BrandAction.INFO: ======= Start Brand Action (VIEW)================  
[2023-06-15 11:14:54] BrandAction.INFO: method : POST  
[2023-06-15 11:14:54] BrandAction.INFO: contentType : application/json  
[2023-06-15 11:14:54] BrandAction.INFO: Input Data : {"decoded":{"sub":"1","id":"1","userName":"super admin","userGroup":"1","email":"superadmin@msense.in","hotelId":"1","brandId":null,"iat":1686804464,"exp":1686890864}}  
[2023-06-15 11:14:54] BrandModel.INFO: Query : call SP_AddandEditBrand('VIEW','','',0,0)  
[2023-06-15 11:14:54] BrandAction.INFO: ======= END Brand Action (VIEW)================  
[2023-06-15 11:15:32] BrandAction.INFO: ======= Start Brand Action (VIEW)================  
[2023-06-15 11:15:32] BrandAction.INFO: method : POST  
[2023-06-15 11:15:32] BrandAction.INFO: contentType : application/json  
[2023-06-15 11:15:32] BrandAction.INFO: Input Data : {"decoded":{"sub":"1","id":"1","userName":"super admin","userGroup":"1","email":"superadmin@msense.in","hotelId":"1","brandId":null,"iat":1686804464,"exp":1686890864}}  
[2023-06-15 11:15:32] BrandModel.INFO: Query : call SP_AddandEditBrand('VIEW','','',0,0)  
[2023-06-15 11:15:32] BrandAction.INFO: ======= END Brand Action (VIEW)================  
[2023-06-15 13:06:53] BrandAction.INFO: ======= Start Brand Action (VIEW)================  
[2023-06-15 13:06:53] BrandAction.INFO: method : POST  
[2023-06-15 13:06:53] BrandAction.INFO: contentType :   
[2023-06-15 13:06:58] BrandAction.INFO: ======= Start Brand Action (EDIT)================  
[2023-06-15 13:06:58] BrandAction.INFO: method : GET  
[2023-06-15 13:06:58] BrandAction.INFO: contentType :   
[2023-06-15 13:07:00] BrandAction.INFO: ======= Start Brand Action (EDIT)================  
[2023-06-15 13:07:00] BrandAction.INFO: method : GET  
[2023-06-15 13:07:00] BrandAction.INFO: contentType :   
[2023-06-15 13:07:04] BrandAction.INFO: ======= Start Brand Action (UPDATE)================  
[2023-06-15 13:07:04] BrandAction.INFO: method : PUT  
[2023-06-15 13:07:04] BrandAction.INFO: contentType :   
[2023-06-15 13:07:08] BrandAction.INFO: ======= Start Brand Action (VIEW)================  
[2023-06-15 13:07:08] BrandAction.INFO: method : POST  
[2023-06-15 13:07:08] BrandAction.INFO: contentType :   
[2023-06-15 13:45:27] BrandAction.INFO: ======= Start Brand Action (VIEW)================  
[2023-06-15 13:45:27] BrandAction.INFO: method : POST  
[2023-06-15 13:45:27] BrandAction.INFO: contentType : application/json  
[2023-06-15 13:45:27] BrandAction.INFO: Input Data : {"decoded":{"sub":"1","id":"1","userName":"super admin","userGroup":"1","email":"superadmin@msense.in","hotelId":"4","brandId":"7","iat":1686829044,"exp":1686915444}}  
[2023-06-15 13:45:27] BrandModel.INFO: Query : call SP_AddandEditBrand('VIEW','','',0,0)  
[2023-06-15 13:45:27] BrandAction.INFO: ======= END Brand Action (VIEW)================  
[2023-06-15 13:57:46] BrandAction.INFO: ======= Start Brand Action (VIEW)================  
[2023-06-15 13:57:46] BrandAction.INFO: method : POST  
[2023-06-15 13:57:46] BrandAction.INFO: contentType : application/json  
[2023-06-15 13:57:46] BrandAction.INFO: Input Data : {"decoded":{"sub":"1","id":"1","userName":"super admin","userGroup":"1","email":"superadmin@msense.in","hotelId":"4","brandId":"7","iat":1686837459,"exp":1686923859}}  
[2023-06-15 13:57:46] BrandModel.INFO: Query : call SP_AddandEditBrand('VIEW','','',0,0)  
[2023-06-15 13:57:46] BrandAction.INFO: ======= END Brand Action (VIEW)================  
[2023-06-15 13:58:12] BrandAction.INFO: ======= Start Brand Action (VIEW)================  
[2023-06-15 13:58:12] BrandAction.INFO: method : POST  
[2023-06-15 13:58:12] BrandAction.INFO: contentType : application/json  
[2023-06-15 13:58:12] BrandAction.INFO: Input Data : {"decoded":{"sub":"1","id":"1","userName":"super admin","userGroup":"1","email":"superadmin@msense.in","hotelId":"4","brandId":"7","iat":1686837459,"exp":1686923859}}  
[2023-06-15 13:58:12] BrandModel.INFO: Query : call SP_AddandEditBrand('VIEW','','',0,0)  
[2023-06-15 13:58:12] BrandAction.INFO: ======= END Brand Action (VIEW)================  
[2023-06-15 14:01:52] BrandAction.INFO: ======= Start Brand Action (VIEW)================  
[2023-06-15 14:01:52] BrandAction.INFO: method : POST  
[2023-06-15 14:01:52] BrandAction.INFO: contentType : application/json  
[2023-06-15 14:01:52] BrandAction.INFO: Input Data : {"decoded":{"sub":"1","id":"1","userName":"super admin","userGroup":"1","email":"superadmin@msense.in","hotelId":"4","brandId":"7","iat":1686837704,"exp":1686924104}}  
[2023-06-15 14:01:52] BrandModel.INFO: Query : call SP_AddandEditBrand('VIEW','','',0,0)  
[2023-06-15 14:01:52] BrandAction.INFO: ======= END Brand Action (VIEW)================  
