[2023-06-15 09:34:44] ChannelAction.INFO: ======= Start Channel Action (List) ================  
[2023-06-15 09:34:44] ChannelAction.INFO: method : POST  
[2023-06-15 09:34:44] ChannelAction.INFO: contentType : application/json  
[2023-06-15 09:34:44] ChannelAction.INFO: Input Data : {"decoded":{"sub":"1","id":"1","userName":"super admin","userGroup":"1","email":"superadmin@msense.in","hotelId":"4","brandId":"7","iat":1686821674,"exp":1686908074}}  
[2023-06-15 09:34:44] ChannelAction.INFO: ======= END Channel Action (List) ================  
[2023-06-15 13:37:34] ChannelAction.INFO: ======= Start Channel Action (List) ================  
[2023-06-15 13:37:34] ChannelAction.INFO: method : POST  
[2023-06-15 13:37:34] ChannelAction.INFO: contentType : application/json  
[2023-06-15 13:37:34] ChannelAction.INFO: Input Data : {"decoded":{"sub":"1","id":"1","userName":"super admin","userGroup":"1","email":"superadmin@msense.in","hotelId":"4","brandId":"7","iat":1686821674,"exp":1686908074}}  
[2023-06-15 13:37:34] ChannelAction.INFO: ======= END Channel Action (List) ================  
[2023-06-15 13:45:32] ChannelAction.INFO: ======= Start Channel Action (List) ================  
[2023-06-15 13:45:32] ChannelAction.INFO: method : POST  
[2023-06-15 13:45:32] ChannelAction.INFO: contentType : application/json  
[2023-06-15 13:45:32] ChannelAction.INFO: Input Data : {"decoded":{"sub":"1","id":"1","userName":"super admin","userGroup":"1","email":"superadmin@msense.in","hotelId":"4","brandId":"7","iat":1686829044,"exp":1686915444}}  
[2023-06-15 13:45:32] ChannelAction.INFO: ======= END Channel Action (List) ================  
[2023-06-15 13:47:02] ChannelAction.INFO: ======= Start Channel Action (List) ================  
[2023-06-15 13:47:02] ChannelAction.INFO: method : POST  
[2023-06-15 13:47:02] ChannelAction.INFO: contentType : application/json  
[2023-06-15 13:47:02] ChannelAction.INFO: Input Data : {"decoded":{"sub":"1","id":"1","userName":"super admin","userGroup":"1","email":"superadmin@msense.in","hotelId":"4","brandId":"7","iat":1686829044,"exp":1686915444}}  
[2023-06-15 13:47:02] ChannelAction.INFO: ======= END Channel Action (List) ================  
[2023-06-15 13:47:09] ChannelAction.INFO: ======= Start Channel Action (List) ================  
[2023-06-15 13:47:09] ChannelAction.INFO: method : POST  
[2023-06-15 13:47:09] ChannelAction.INFO: contentType : application/json  
[2023-06-15 13:47:09] ChannelAction.INFO: Input Data : {"decoded":{"sub":"1","id":"1","userName":"super admin","userGroup":"1","email":"superadmin@msense.in","hotelId":"4","brandId":"7","iat":1686829044,"exp":1686915444}}  
[2023-06-15 13:47:09] ChannelAction.INFO: ======= END Channel Action (List) ================  
