[2023-06-15 04:47:58] HotelAction.INFO: ======= Start Hotel Action (List) ================  
[2023-06-15 04:47:58] HotelAction.INFO: method : POST  
[2023-06-15 04:47:58] HotelAction.INFO: contentType : application/json  
[2023-06-15 04:47:58] HotelAction.INFO: Input Data : {"decoded":{"sub":"1","id":"1","userName":"super admin","userGroup":"1","email":"superadmin@msense.in","hotelId":"1","brandId":null,"iat":1686804464,"exp":1686890864}}  
[2023-06-15 04:47:58] HotelAction.INFO: ======= END Hotel Action (List) ================  
[2023-06-15 04:49:41] HotelAction.INFO: ======= Start Hotel Action (List) ================  
[2023-06-15 04:49:41] HotelAction.INFO: method : POST  
[2023-06-15 04:49:41] HotelAction.INFO: contentType : application/json  
[2023-06-15 04:49:41] HotelAction.INFO: Input Data : {"decoded":{"sub":"1","id":"1","userName":"super admin","userGroup":"1","email":"superadmin@msense.in","hotelId":"1","brandId":null,"iat":1686804464,"exp":1686890864}}  
[2023-06-15 04:49:41] HotelAction.INFO: ======= END Hotel Action (List) ================  
[2023-06-15 04:53:50] HotelAction.INFO: ======= Start Hotel Action (List) ================  
[2023-06-15 04:53:50] HotelAction.INFO: method : POST  
[2023-06-15 04:53:50] HotelAction.INFO: contentType : application/json  
[2023-06-15 04:53:50] HotelAction.INFO: Input Data : {"decoded":{"sub":"1","id":"1","userName":"super admin","userGroup":"1","email":"superadmin@msense.in","hotelId":"1","brandId":null,"iat":1686803247,"exp":1686889647}}  
[2023-06-15 04:53:50] HotelAction.INFO: ======= END Hotel Action (List) ================  
[2023-06-15 04:59:00] HotelAction.INFO: ======= Start Hotel Action (List) ================  
[2023-06-15 04:59:00] HotelAction.INFO: method : POST  
[2023-06-15 04:59:00] HotelAction.INFO: contentType : application/json  
[2023-06-15 04:59:00] HotelAction.INFO: Input Data : {"decoded":{"sub":"1","id":"1","userName":"super admin","userGroup":"1","email":"superadmin@msense.in","hotelId":"1","brandId":null,"iat":1686803247,"exp":1686889647}}  
[2023-06-15 04:59:00] HotelAction.INFO: ======= END Hotel Action (List) ================  
[2023-06-15 04:59:53] HotelAction.INFO: ======= Start Hotel Action (List) ================  
[2023-06-15 04:59:53] HotelAction.INFO: method : POST  
[2023-06-15 04:59:53] HotelAction.INFO: contentType : application/json  
[2023-06-15 04:59:53] HotelAction.INFO: Input Data : {"decoded":{"sub":"1","id":"1","userName":"super admin","userGroup":"1","email":"superadmin@msense.in","hotelId":"1","brandId":null,"iat":1686803247,"exp":1686889647}}  
[2023-06-15 04:59:53] HotelAction.INFO: ======= END Hotel Action (List) ================  
[2023-06-15 05:00:01] HotelAction.INFO: ======= Start Hotel Action (List) ================  
[2023-06-15 05:00:01] HotelAction.INFO: method : POST  
[2023-06-15 05:00:01] HotelAction.INFO: contentType : application/json  
[2023-06-15 05:00:01] HotelAction.INFO: Input Data : {"decoded":{"sub":"1","id":"1","userName":"super admin","userGroup":"1","email":"superadmin@msense.in","hotelId":"1","brandId":null,"iat":1686803247,"exp":1686889647}}  
[2023-06-15 05:00:01] HotelAction.INFO: ======= END Hotel Action (List) ================  
[2023-06-15 05:00:50] HotelAction.INFO: ======= Start Hotel Action (List) ================  
[2023-06-15 05:00:50] HotelAction.INFO: method : POST  
[2023-06-15 05:00:50] HotelAction.INFO: contentType : application/json  
[2023-06-15 05:00:50] HotelAction.INFO: Input Data : {"decoded":{"sub":"1","id":"1","userName":"super admin","userGroup":"1","email":"superadmin@msense.in","hotelId":"1","brandId":null,"iat":1686803247,"exp":1686889647}}  
[2023-06-15 05:00:50] HotelAction.INFO: ======= END Hotel Action (List) ================  
[2023-06-15 05:02:10] HotelAction.INFO: ======= Start Hotel Action (List) ================  
[2023-06-15 05:02:10] HotelAction.INFO: method : POST  
[2023-06-15 05:02:10] HotelAction.INFO: contentType : application/json  
[2023-06-15 05:02:10] HotelAction.INFO: Input Data : {"decoded":{"sub":"1","id":"1","userName":"super admin","userGroup":"1","email":"superadmin@msense.in","hotelId":"1","brandId":null,"iat":1686803247,"exp":1686889647}}  
[2023-06-15 05:02:10] HotelAction.INFO: ======= END Hotel Action (List) ================  
[2023-06-15 05:02:55] HotelAction.INFO: ======= Start Hotel Action (List) ================  
[2023-06-15 05:02:55] HotelAction.INFO: method : POST  
[2023-06-15 05:02:55] HotelAction.INFO: contentType : application/json  
[2023-06-15 05:02:55] HotelAction.INFO: Input Data : {"decoded":{"sub":"1","id":"1","userName":"super admin","userGroup":"1","email":"superadmin@msense.in","hotelId":"1","brandId":null,"iat":1686803247,"exp":1686889647}}  
[2023-06-15 05:02:55] HotelAction.INFO: ======= END Hotel Action (List) ================  
[2023-06-15 05:02:56] HotelAction.INFO: ======= Start Hotel Action (List) ================  
[2023-06-15 05:02:56] HotelAction.INFO: method : POST  
[2023-06-15 05:02:56] HotelAction.INFO: contentType : application/json  
[2023-06-15 05:02:56] HotelAction.INFO: Input Data : {"decoded":{"sub":"1","id":"1","userName":"super admin","userGroup":"1","email":"superadmin@msense.in","hotelId":"1","brandId":null,"iat":1686803247,"exp":1686889647}}  
[2023-06-15 05:02:56] HotelAction.INFO: ======= END Hotel Action (List) ================  
[2023-06-15 05:05:31] HotelAction.INFO: ======= Start Hotel Action (List) ================  
[2023-06-15 05:05:31] HotelAction.INFO: method : POST  
[2023-06-15 05:05:31] HotelAction.INFO: contentType : application/json  
[2023-06-15 05:05:31] HotelAction.INFO: Input Data : {"decoded":{"sub":"1","id":"1","userName":"super admin","userGroup":"1","email":"superadmin@msense.in","hotelId":"1","brandId":null,"iat":1686803247,"exp":1686889647}}  
[2023-06-15 05:05:31] HotelAction.INFO: ======= END Hotel Action (List) ================  
[2023-06-15 05:05:45] HotelAction.INFO: ======= Start Hotel Action (List) ================  
[2023-06-15 05:05:45] HotelAction.INFO: method : POST  
[2023-06-15 05:05:45] HotelAction.INFO: contentType : application/json  
[2023-06-15 05:05:45] HotelAction.INFO: Input Data : {"decoded":{"sub":"1","id":"1","userName":"super admin","userGroup":"1","email":"superadmin@msense.in","hotelId":"1","brandId":null,"iat":1686803247,"exp":1686889647}}  
[2023-06-15 05:05:45] HotelAction.INFO: ======= END Hotel Action (List) ================  
[2023-06-15 05:07:06] HotelAction.INFO: ======= Start Hotel Action (List) ================  
[2023-06-15 05:07:06] HotelAction.INFO: method : POST  
[2023-06-15 05:07:06] HotelAction.INFO: contentType : application/json  
[2023-06-15 05:07:06] HotelAction.INFO: Input Data : {"decoded":{"sub":"1","id":"1","userName":"super admin","userGroup":"1","email":"superadmin@msense.in","hotelId":"1","brandId":null,"iat":1686803247,"exp":1686889647}}  
[2023-06-15 05:07:06] HotelAction.INFO: ======= END Hotel Action (List) ================  
[2023-06-15 05:08:19] HotelAction.INFO: ======= Start Hotel Action (List) ================  
[2023-06-15 05:08:19] HotelAction.INFO: method : POST  
[2023-06-15 05:08:19] HotelAction.INFO: contentType : application/json  
[2023-06-15 05:08:19] HotelAction.INFO: Input Data : {"decoded":{"sub":"1","id":"1","userName":"super admin","userGroup":"1","email":"superadmin@msense.in","hotelId":"1","brandId":null,"iat":1686803247,"exp":1686889647}}  
[2023-06-15 05:08:19] HotelAction.INFO: ======= END Hotel Action (List) ================  
[2023-06-15 05:10:04] HotelAction.INFO: ======= Start Hotel Action (List) ================  
[2023-06-15 05:10:04] HotelAction.INFO: method : POST  
[2023-06-15 05:10:04] HotelAction.INFO: contentType : application/json  
[2023-06-15 05:10:04] HotelAction.INFO: Input Data : {"decoded":{"sub":"1","id":"1","userName":"super admin","userGroup":"1","email":"superadmin@msense.in","hotelId":"1","brandId":null,"iat":1686803247,"exp":1686889647}}  
[2023-06-15 05:10:04] HotelAction.INFO: ======= END Hotel Action (List) ================  
[2023-06-15 05:10:16] HotelAction.INFO: ======= Start Hotel Action (List) ================  
[2023-06-15 05:10:16] HotelAction.INFO: method : POST  
[2023-06-15 05:10:16] HotelAction.INFO: contentType : application/json  
[2023-06-15 05:10:16] HotelAction.INFO: Input Data : {"decoded":{"sub":"1","id":"1","userName":"super admin","userGroup":"1","email":"superadmin@msense.in","hotelId":"1","brandId":null,"iat":1686803247,"exp":1686889647}}  
[2023-06-15 05:10:16] HotelAction.INFO: ======= END Hotel Action (List) ================  
[2023-06-15 05:11:07] HotelAction.INFO: ======= Start Hotel Action (List) ================  
[2023-06-15 05:11:07] HotelAction.INFO: method : POST  
[2023-06-15 05:11:07] HotelAction.INFO: contentType : application/json  
[2023-06-15 05:11:07] HotelAction.INFO: Input Data : {"decoded":{"sub":"1","id":"1","userName":"super admin","userGroup":"1","email":"superadmin@msense.in","hotelId":"1","brandId":null,"iat":1686804464,"exp":1686890864}}  
[2023-06-15 05:11:07] HotelAction.INFO: ======= END Hotel Action (List) ================  
[2023-06-15 11:12:05] HotelAction.INFO: ======= Start Hotel Action (List) ================  
[2023-06-15 11:12:05] HotelAction.INFO: method : POST  
[2023-06-15 11:12:05] HotelAction.INFO: contentType : application/json  
[2023-06-15 11:12:05] HotelAction.INFO: Input Data : {"decoded":{"sub":"1","id":"1","userName":"super admin","userGroup":"1","email":"superadmin@msense.in","hotelId":"1","brandId":null,"iat":1686804464,"exp":1686890864}}  
[2023-06-15 11:12:05] HotelAction.INFO: ======= END Hotel Action (List) ================  
[2023-06-15 11:14:03] HotelAction.INFO: ======= Start Hotel Action (List) ================  
[2023-06-15 11:14:03] HotelAction.INFO: method : POST  
[2023-06-15 11:14:03] HotelAction.INFO: contentType : application/json  
[2023-06-15 11:14:03] HotelAction.INFO: Input Data : {"decoded":{"sub":"1","id":"1","userName":"super admin","userGroup":"1","email":"superadmin@msense.in","hotelId":"1","brandId":null,"iat":1686804464,"exp":1686890864}}  
[2023-06-15 11:14:03] HotelAction.INFO: ======= END Hotel Action (List) ================  
[2023-06-15 11:14:33] HotelAction.INFO: ======= Start Hotel Action (List) ================  
[2023-06-15 11:14:33] HotelAction.INFO: method : POST  
[2023-06-15 11:14:33] HotelAction.INFO: contentType : application/json  
[2023-06-15 11:14:33] HotelAction.INFO: Input Data : {"decoded":{"sub":"1","id":"1","userName":"super admin","userGroup":"1","email":"superadmin@msense.in","hotelId":"1","brandId":null,"iat":1686804464,"exp":1686890864}}  
[2023-06-15 11:14:33] HotelAction.INFO: ======= END Hotel Action (List) ================  
[2023-06-15 11:14:54] HotelAction.INFO: ======= Start Hotel Action (List) ================  
[2023-06-15 11:14:54] HotelAction.INFO: method : POST  
[2023-06-15 11:14:54] HotelAction.INFO: contentType : application/json  
[2023-06-15 11:14:54] HotelAction.INFO: Input Data : {"decoded":{"sub":"1","id":"1","userName":"super admin","userGroup":"1","email":"superadmin@msense.in","hotelId":"1","brandId":null,"iat":1686804464,"exp":1686890864}}  
[2023-06-15 11:14:54] HotelAction.INFO: ======= END Hotel Action (List) ================  
[2023-06-15 11:15:32] HotelAction.INFO: ======= Start Hotel Action (List) ================  
[2023-06-15 11:15:32] HotelAction.INFO: method : POST  
[2023-06-15 11:15:32] HotelAction.INFO: contentType : application/json  
[2023-06-15 11:15:32] HotelAction.INFO: Input Data : {"decoded":{"sub":"1","id":"1","userName":"super admin","userGroup":"1","email":"superadmin@msense.in","hotelId":"1","brandId":null,"iat":1686804464,"exp":1686890864}}  
[2023-06-15 11:15:32] HotelAction.INFO: ======= END Hotel Action (List) ================  
[2023-06-15 13:45:27] HotelAction.INFO: ======= Start Hotel Action (List) ================  
[2023-06-15 13:45:27] HotelAction.INFO: method : POST  
[2023-06-15 13:45:27] HotelAction.INFO: contentType : application/json  
[2023-06-15 13:45:27] HotelAction.INFO: Input Data : {"decoded":{"sub":"1","id":"1","userName":"super admin","userGroup":"1","email":"superadmin@msense.in","hotelId":"4","brandId":"7","iat":1686829044,"exp":1686915444}}  
[2023-06-15 13:45:27] HotelAction.INFO: ======= END Hotel Action (List) ================  
[2023-06-15 13:57:46] HotelAction.INFO: ======= Start Hotel Action (List) ================  
[2023-06-15 13:57:46] HotelAction.INFO: method : POST  
[2023-06-15 13:57:46] HotelAction.INFO: contentType : application/json  
[2023-06-15 13:57:46] HotelAction.INFO: Input Data : {"decoded":{"sub":"1","id":"1","userName":"super admin","userGroup":"1","email":"superadmin@msense.in","hotelId":"4","brandId":"7","iat":1686837459,"exp":1686923859}}  
[2023-06-15 13:57:46] HotelAction.INFO: ======= END Hotel Action (List) ================  
[2023-06-15 13:58:12] HotelAction.INFO: ======= Start Hotel Action (List) ================  
[2023-06-15 13:58:12] HotelAction.INFO: method : POST  
[2023-06-15 13:58:12] HotelAction.INFO: contentType : application/json  
[2023-06-15 13:58:12] HotelAction.INFO: Input Data : {"decoded":{"sub":"1","id":"1","userName":"super admin","userGroup":"1","email":"superadmin@msense.in","hotelId":"4","brandId":"7","iat":1686837459,"exp":1686923859}}  
[2023-06-15 13:58:12] HotelAction.INFO: ======= END Hotel Action (List) ================  
[2023-06-15 14:01:52] HotelAction.INFO: ======= Start Hotel Action (List) ================  
[2023-06-15 14:01:52] HotelAction.INFO: method : POST  
[2023-06-15 14:01:52] HotelAction.INFO: contentType : application/json  
[2023-06-15 14:01:52] HotelAction.INFO: Input Data : {"decoded":{"sub":"1","id":"1","userName":"super admin","userGroup":"1","email":"superadmin@msense.in","hotelId":"4","brandId":"7","iat":1686837704,"exp":1686924104}}  
[2023-06-15 14:01:52] HotelAction.INFO: ======= END Hotel Action (List) ================  
